2025-06-04 21:22:56,273 - INFO - Connected to Odoo 17.0.1.3
2025-06-04 21:22:56,497 - INFO - Starting to process 5239 records...
2025-06-04 21:22:58,526 - INFO - Cleared expense account for product 'LF0004LC03B'
2025-06-04 21:22:58,811 - INFO - Cleared expense account for product 'LF0006GR1400'
2025-06-04 21:22:59,112 - INFO - Cleared expense account for product 'LF0006RC19B'
2025-06-04 21:22:59,360 - INFO - Cleared expense account for product 'LF0009E2C1400'
2025-06-04 21:23:00,005 - INFO - Cleared expense account for product 'LF0015363'
2025-06-04 21:23:00,243 - INFO - Cleared expense account for product 'LF0015EC020'
2025-06-04 21:23:00,606 - INFO - Cleared expense account for product 'LF0018FC12'
2025-06-04 21:23:00,846 - INFO - Cleared expense account for product 'LF001N316'
2025-06-04 21:23:01,300 - INFO - Cleared expense account for product 'LF0034AC11A'
2025-06-04 21:23:01,605 - INFO - Cleared expense account for product 'LF0034G5L16'
2025-06-04 21:23:03,032 - INFO - Cleared expense account for product 'LF0034HC03'
2025-06-04 21:23:03,306 - INFO - Cleared expense account for product 'LF0035TC22B'
2025-06-04 21:23:03,605 - INFO - Cleared expense account for product 'LF0040E2C11'
2025-06-04 21:23:03,848 - INFO - Cleared expense account for product 'LF0040FC12'
2025-06-04 21:23:04,113 - INFO - Cleared expense account for product 'LF0043PL330'
2025-06-04 21:23:04,335 - INFO - Cleared expense account for product 'LF0045G5C010'
2025-06-04 21:23:05,658 - INFO - Cleared expense account for product 'LF0048UL18B'
2025-06-04 21:23:05,943 - INFO - Cleared expense account for product 'LF0048XC22A'
2025-06-04 21:23:06,494 - INFO - Cleared expense account for product 'LF0050E3C00'
2025-06-04 21:23:06,753 - INFO - Cleared expense account for product 'LF0052MC74'
2025-06-04 21:23:07,073 - INFO - Cleared expense account for product 'LF0053FC00'
2025-06-04 21:23:07,396 - INFO - Cleared expense account for product 'LF005DC021'
2025-06-04 21:23:07,660 - INFO - Cleared expense account for product 'LF005DC023'
2025-06-04 21:23:07,993 - INFO - Cleared expense account for product 'LF005DC024'
2025-06-04 21:23:08,259 - INFO - Cleared expense account for product 'LF0060FC12'
2025-06-04 21:23:08,552 - INFO - Cleared expense account for product 'LF0060FC121'
2025-06-04 21:23:08,864 - INFO - Cleared expense account for product 'LF0060FC12A'
2025-06-04 21:23:09,159 - INFO - Cleared expense account for product 'LF006FC0000'
2025-06-04 21:23:09,424 - INFO - Cleared expense account for product 'LF0100G1150'
2025-06-04 21:23:09,765 - INFO - Cleared expense account for product 'LF0100G1175'
2025-06-04 21:23:10,028 - INFO - Cleared expense account for product 'LF015IC320'
2025-06-04 21:23:10,292 - INFO - Cleared expense account for product 'LF015N253'
2025-06-04 21:23:10,539 - INFO - Cleared expense account for product 'LF015N322'
2025-06-04 21:23:10,810 - INFO - Cleared expense account for product 'LF015N323'
2025-06-04 21:23:11,107 - INFO - Cleared expense account for product 'LF015N333'
2025-06-04 21:23:11,406 - INFO - Cleared expense account for product 'LF015N352'
2025-06-04 21:23:11,731 - INFO - Cleared expense account for product 'LF034AC030'
2025-06-04 21:23:12,030 - INFO - Cleared expense account for product 'LF036B6C020'
2025-06-04 21:23:12,331 - INFO - Cleared expense account for product 'LF042C2C020'
2025-06-04 21:23:12,605 - INFO - Cleared expense account for product 'LF043E5C021'
2025-06-04 21:23:12,880 - INFO - Cleared expense account for product 'LF043E5C022'
2025-06-04 21:23:13,199 - INFO - Cleared expense account for product 'LF0500D7C18'
2025-06-04 21:23:13,451 - INFO - Cleared expense account for product 'LF0500E253A'
2025-06-04 21:23:13,738 - INFO - Cleared expense account for product 'LF0530F03002'
2025-06-04 21:23:14,014 - INFO - Cleared expense account for product 'LF060L7879'
2025-06-04 21:23:14,257 - INFO - Cleared expense account for product 'LFM006NL1870'
2025-06-04 21:23:14,552 - INFO - Cleared expense account for product 'LFM009E3C1903'
2025-06-04 21:23:14,883 - INFO - Cleared expense account for product 'LFM015HC1540'
2025-06-04 21:23:15,173 - INFO - Cleared expense account for product 'LFM015HC1550'
2025-06-04 21:23:15,445 - INFO - Cleared expense account for product 'LFM015HC1610'
2025-06-04 21:23:15,739 - INFO - Cleared expense account for product 'LFM033FC1780'
2025-06-04 21:23:16,044 - INFO - Cleared expense account for product 'LFM034D5C970'
2025-06-04 21:23:16,331 - INFO - Cleared expense account for product 'LFM035E3R980'
2025-06-04 21:23:16,657 - INFO - Cleared expense account for product 'LFM048O5L154'
2025-06-04 21:23:16,951 - INFO - Cleared expense account for product 'LFM0500D7L97A'
2025-06-04 21:23:17,240 - INFO - Cleared expense account for product 'LFM0500D7L98A'
2025-06-04 21:23:17,535 - INFO - Cleared expense account for product 'LFM0500D7L99A'
2025-06-04 21:23:17,805 - INFO - Cleared expense account for product 'LFM0500D7R97A'
2025-06-04 21:23:18,119 - INFO - Cleared expense account for product 'LFM0500D7R98A'
2025-06-04 21:23:18,464 - INFO - Cleared expense account for product 'LFM0500D7R99A'
2025-06-04 21:23:18,775 - INFO - Cleared expense account for product 'LFM052NL1870'
2025-06-04 21:23:19,069 - INFO - Cleared expense account for product 'LFM057D6L1240'
2025-06-04 21:23:19,361 - INFO - Cleared expense account for product 'LFM48TC1930'
2025-06-04 21:23:19,669 - INFO - Cleared expense account for product 'LFM48TL1930'
2025-06-04 21:23:19,940 - INFO - Cleared expense account for product 'LFM48TR1930'
2025-06-04 21:23:20,269 - INFO - Cleared expense account for product 'LFM500D7C11'
2025-06-04 21:23:20,560 - INFO - Cleared expense account for product 'LFM500D7C18'
2025-06-04 21:23:20,832 - INFO - Cleared expense account for product 'LFM520W4C2060'
2025-06-04 21:23:21,443 - INFO - Cleared expense account for product 'LFM520W8C2030'
2025-06-04 21:23:21,685 - INFO - Cleared expense account for product 'LFM520W8C2060'
2025-06-04 21:23:21,907 - INFO - Cleared expense account for product 'LFM570JC212'
2025-06-04 21:23:22,165 - INFO - Cleared expense account for product 'LFM57G2C212'
2025-06-04 21:23:22,752 - INFO - Cleared expense account for product 'LFM57G2C212L'
2025-06-04 21:23:23,020 - INFO - Cleared expense account for product 'LFM57G2C212R1'
2025-06-04 21:23:23,309 - INFO - Cleared expense account for product 'LFP0500D7L108A'
2025-06-04 21:23:23,555 - INFO - Cleared expense account for product 'LFP0500D7L97A'
2025-06-04 21:23:23,807 - INFO - Cleared expense account for product 'LFP0500D7L98A'
2025-06-04 21:23:24,097 - INFO - Cleared expense account for product 'LFP0500D7L99A'
2025-06-04 21:23:24,347 - INFO - Cleared expense account for product 'LFP0500D7R97A'
2025-06-04 21:23:24,605 - INFO - Cleared expense account for product 'LFP0500D7R98A'
2025-06-04 21:23:24,853 - INFO - Cleared expense account for product 'LFP0500D7R99A'
2025-06-04 21:23:25,138 - INFO - Cleared expense account for product 'LFP052E22530'
2025-06-04 21:23:25,506 - INFO - Cleared expense account for product 'LFU0015LC02A'
2025-06-04 21:23:25,806 - INFO - Cleared expense account for product 'LFU0035H3C01'
2025-06-04 21:23:26,151 - INFO - Cleared expense account for product 'LFU0052OC72'
2025-06-04 21:23:26,439 - INFO - Cleared expense account for product 'LFU0053HC51'
2025-06-04 21:23:26,671 - INFO - Cleared expense account for product 'LFU005FR280'
2025-06-04 21:23:27,294 - INFO - Cleared expense account for product 'LFU005WC280'
2025-06-04 21:23:27,544 - INFO - Cleared expense account for product 'LFU015HC03'
2025-06-04 21:23:27,807 - INFO - Cleared expense account for product 'LFU018FC03'
2025-06-04 21:23:28,083 - INFO - Cleared expense account for product 'LFU0331H3'
2025-06-04 21:23:28,346 - INFO - Cleared expense account for product 'LFU0331HU'
2025-06-04 21:23:28,939 - INFO - Cleared expense account for product 'LFU033FC1560'
2025-06-04 21:23:29,855 - INFO - Cleared expense account for product 'LFU034AC07'
2025-06-04 21:23:30,162 - INFO - Cleared expense account for product 'LFU034AC071'
2025-06-04 21:23:30,500 - INFO - Cleared expense account for product 'LFU034D5C500'
2025-06-04 21:23:30,819 - INFO - Cleared expense account for product 'LFU034G5L01.'
2025-06-04 21:23:31,122 - INFO - Cleared expense account for product 'LFU034G5L16.'
2025-06-04 21:23:31,353 - INFO - Cleared expense account for product 'LFU035E3L07'
2025-06-04 21:23:31,613 - INFO - Cleared expense account for product 'LFU035E3R07'
2025-06-04 21:23:31,977 - INFO - Cleared expense account for product 'LFU035E3R52'
2025-06-04 21:23:32,308 - INFO - Cleared expense account for product 'LFU035E3R53'
2025-06-04 21:23:32,568 - INFO - Cleared expense account for product 'LFU035HC75'
2025-06-04 21:23:32,832 - INFO - Cleared expense account for product 'LFU035NC349'
2025-06-04 21:23:33,117 - INFO - Cleared expense account for product 'LFU035OC01'
2025-06-04 21:23:33,735 - INFO - Cleared expense account for product 'LFU035V3C34B'
2025-06-04 21:23:34,339 - INFO - Cleared expense account for product 'LFU035V5C347'
2025-06-04 21:23:34,639 - INFO - Cleared expense account for product 'LFU036B7C54'
2025-06-04 21:23:34,945 - INFO - Cleared expense account for product 'LFU036B7C55'
2025-06-04 21:23:35,224 - INFO - Cleared expense account for product 'LFU036B9L55'
2025-06-04 21:23:36,150 - INFO - Cleared expense account for product 'LFU036B9R55'
2025-06-04 21:23:36,493 - INFO - Cleared expense account for product 'LFU040E2007'
2025-06-04 21:23:36,749 - INFO - Cleared expense account for product 'LFU040E2C07'
2025-06-04 21:23:37,044 - INFO - Cleared expense account for product 'LFU042D3C54'
2025-06-04 21:23:37,397 - INFO - Cleared expense account for product 'LFU042D3C55'
2025-06-04 21:23:37,732 - INFO - Cleared expense account for product 'LFU043E803'
2025-06-04 21:23:37,965 - INFO - Cleared expense account for product 'LFU043E8C161'
2025-06-04 21:23:38,234 - INFO - Cleared expense account for product 'LFU043E8C16A'
2025-06-04 21:23:38,543 - INFO - Cleared expense account for product 'LFU043E8C23'
2025-06-04 21:23:38,854 - INFO - Cleared expense account for product 'LFU043E8C45A'
2025-06-04 21:23:39,207 - INFO - Cleared expense account for product 'LFU043E8C52A'
2025-06-04 21:23:40,148 - INFO - Cleared expense account for product 'LFU043E8C53'
2025-06-04 21:24:46,692 - ERROR - Error updating product 'LFU043E8R161': [Errno 60] Operation timed out
2025-06-04 21:24:46,962 - INFO - Cleared expense account for product 'LFU043G6L33'
2025-06-04 21:24:47,252 - INFO - Cleared expense account for product 'LFU043G6L49'
2025-06-04 21:24:47,489 - INFO - Cleared expense account for product 'LFU043G6L53'
2025-06-04 21:24:47,737 - INFO - Cleared expense account for product 'LFU048GC45'
2025-06-04 21:24:48,006 - INFO - Cleared expense account for product 'LFU048NC070'
2025-06-04 21:24:48,229 - INFO - Cleared expense account for product 'LFU048NC22'
2025-06-04 21:24:48,530 - INFO - Cleared expense account for product 'LFU048RC180'
2025-06-04 21:24:48,836 - INFO - Cleared expense account for product 'LFU049JC71'
2025-06-04 21:24:49,103 - INFO - Cleared expense account for product 'LFU049JC711'
2025-06-04 21:24:49,362 - INFO - Cleared expense account for product 'LFU0500EC11A'
2025-06-04 21:24:49,662 - INFO - Cleared expense account for product 'LFU050C8R208'
2025-06-04 21:24:49,915 - INFO - Cleared expense account for product 'LFU050C8R55'
2025-06-04 21:24:50,467 - INFO - Cleared expense account for product 'LFU050D703'
2025-06-04 21:24:50,716 - INFO - Cleared expense account for product 'LFU050E3L1730'
2025-06-04 21:24:51,063 - INFO - Cleared expense account for product 'LFU051FC51'
2025-06-04 21:24:51,357 - INFO - Cleared expense account for product 'LFU052OC51B'
2025-06-04 21:24:51,612 - INFO - Cleared expense account for product 'LFU052OR51A'
2025-06-04 21:24:51,854 - INFO - Cleared expense account for product 'LFU053HC51'
2025-06-04 21:24:52,099 - INFO - Cleared expense account for product 'LFU053IC76'
2025-06-04 21:24:52,343 - INFO - Cleared expense account for product 'LFU057D6L180'
2025-06-04 21:24:52,922 - INFO - Cleared expense account for product 'LFU057NC349'
2025-06-04 21:24:53,190 - INFO - Cleared expense account for product 'LFU0640300'
2025-06-04 21:24:53,446 - INFO - Cleared expense account for product 'LFU0650G107'
2025-06-04 21:24:53,711 - INFO - Cleared expense account for product 'LFU065G1L180'
2025-06-04 21:24:53,957 - INFO - Cleared expense account for product 'LFU065G1R180'
2025-06-04 21:24:54,196 - INFO - Cleared expense account for product 'LFU150I003'
2025-06-04 21:24:54,453 - INFO - Cleared expense account for product 'LFU150K003'
2025-06-04 21:24:54,725 - INFO - Cleared expense account for product 'LFU150L003'
2025-06-04 21:24:54,988 - INFO - Cleared expense account for product 'LFU33APL160'
2025-06-04 21:24:55,267 - INFO - Cleared expense account for product 'LFU33BPL160'
2025-06-04 21:24:55,519 - INFO - Cleared expense account for product 'LFU43AQC160'
2025-06-04 21:24:55,806 - INFO - Cleared expense account for product 'LFU43BQL160'
2025-06-04 21:24:56,064 - INFO - Cleared expense account for product 'LFU43BQL161'
2025-06-04 21:24:56,326 - INFO - Cleared expense account for product 'LFU630HC220'
2025-06-04 21:24:56,576 - INFO - Cleared expense account for product 'LG0005FL350'
2025-06-04 21:24:56,842 - INFO - Cleared expense account for product 'LG0005FR35A'
2025-06-04 21:24:57,429 - INFO - Cleared expense account for product 'LG00232DJ'
2025-06-04 21:24:57,721 - INFO - Cleared expense account for product 'LG0023BL07A'
2025-06-04 21:24:57,957 - INFO - Cleared expense account for product 'LG0023BR07A'
2025-06-04 21:24:58,213 - INFO - Cleared expense account for product 'LG0025257'
2025-06-04 21:24:58,447 - INFO - Cleared expense account for product 'LG002525K'
2025-06-04 21:24:58,725 - INFO - Cleared expense account for product 'LG0025263'
2025-06-04 21:24:58,986 - INFO - Cleared expense account for product 'LG0025CL03C'
2025-06-04 21:24:59,267 - INFO - Cleared expense account for product 'LG0025CL18A'
2025-06-04 21:24:59,549 - INFO - Cleared expense account for product 'LG0025CL190'
2025-06-04 21:25:00,139 - INFO - Cleared expense account for product 'LG0025CR03C'
2025-06-04 21:25:00,746 - INFO - Cleared expense account for product 'LG0025DL18A'
2025-06-04 21:25:01,003 - INFO - Cleared expense account for product 'LG0025DR18A'
2025-06-04 21:25:01,247 - INFO - Cleared expense account for product 'LG0025FL19A'
2025-06-04 21:25:01,493 - INFO - Cleared expense account for product 'LG0025LL03C'
2025-06-04 21:25:01,757 - INFO - Cleared expense account for product 'LG0025LR03C'
2025-06-04 21:25:02,274 - INFO - Cleared expense account for product 'LG0025SL03B'
2025-06-04 21:25:02,567 - INFO - Cleared expense account for product 'LG0025SL18A'
2025-06-04 21:25:02,890 - INFO - Cleared expense account for product 'LG0025VR18A'
2025-06-04 21:25:03,132 - INFO - Cleared expense account for product 'LG0030YC18C'
2025-06-04 21:25:03,392 - INFO - Cleared expense account for product 'LG0037HC39'
2025-06-04 21:25:03,973 - INFO - Cleared expense account for product 'LG005426K'
2025-06-04 21:25:04,212 - INFO - Cleared expense account for product 'LG0054EC07A'
2025-06-04 21:25:04,452 - INFO - Cleared expense account for product 'LG0054GC27'
2025-06-04 21:25:04,744 - INFO - Cleared expense account for product 'LG0056LL20'
2025-06-04 21:25:05,057 - INFO - Cleared expense account for product 'LG023N213'
2025-06-04 21:25:05,328 - INFO - Cleared expense account for product 'LG023N2DJ'
2025-06-04 21:25:05,565 - INFO - Cleared expense account for product 'LG0250HL18'
2025-06-04 21:25:06,151 - INFO - Cleared expense account for product 'LG0250HR18'
2025-06-04 21:25:06,394 - INFO - Cleared expense account for product 'LG025L223'
2025-06-04 21:25:06,622 - INFO - Cleared expense account for product 'LG025L253'
2025-06-04 21:25:06,866 - INFO - Cleared expense account for product 'LG025L25K'
2025-06-04 21:25:07,464 - INFO - Cleared expense account for product 'LG025R223'
2025-06-04 21:25:07,762 - INFO - Cleared expense account for product 'LG025R22J'
2025-06-04 21:25:08,002 - INFO - Cleared expense account for product 'LG025R22K'
2025-06-04 21:25:08,218 - INFO - Cleared expense account for product 'LG054G0070'
2025-06-04 21:25:08,448 - INFO - Cleared expense account for product 'LG056R23J'
2025-06-04 21:25:08,706 - INFO - Cleared expense account for product 'LG056R23L'
2025-06-04 21:25:09,019 - INFO - Cleared expense account for product 'LG056R2BJ'
2025-06-04 21:25:09,267 - INFO - Cleared expense account for product 'LG056R2BL'
2025-06-04 21:25:09,541 - INFO - Cleared expense account for product 'LG23NL21J'
2025-06-04 21:25:09,804 - INFO - Cleared expense account for product 'LG23NL2DK'
2025-06-04 21:25:10,034 - INFO - Cleared expense account for product 'LG23NR21J'
2025-06-04 21:25:10,347 - INFO - Cleared expense account for product 'LG23NR2DK'
2025-06-04 21:25:10,937 - INFO - Cleared expense account for product 'LGM025HC1250'
2025-06-04 21:25:11,512 - INFO - Cleared expense account for product 'LGM025HL1250'
2025-06-04 21:25:11,757 - INFO - Cleared expense account for product 'LGM540HC2050'
2025-06-04 21:25:11,972 - INFO - Cleared expense account for product 'LGP0025HL03C'
2025-06-04 21:25:12,546 - INFO - Cleared expense account for product 'LGP0025HR03C'
2025-06-04 21:25:12,794 - INFO - Cleared expense account for product 'LGP0025IL03C'
2025-06-04 21:25:13,033 - INFO - Cleared expense account for product 'LGP0025IR03C'
2025-06-04 21:25:13,303 - INFO - Cleared expense account for product 'LGP054HC49A'
2025-06-04 21:25:13,564 - INFO - Cleared expense account for product 'LGU025HC19'
2025-06-04 21:25:13,806 - INFO - Cleared expense account for product 'LGU025IL180'
2025-06-04 21:25:14,066 - INFO - Cleared expense account for product 'LGU025IR180'
2025-06-04 21:25:14,334 - INFO - Cleared expense account for product 'LGU050HL52'
2025-06-04 21:25:14,574 - INFO - Cleared expense account for product 'LGU050HR49'
2025-06-04 21:25:14,817 - INFO - Cleared expense account for product 'LGU054HC190'
2025-06-04 21:25:15,097 - INFO - Cleared expense account for product 'LGU054HC45'
2025-06-04 21:25:15,388 - INFO - Cleared expense account for product 'LGU056JC180'
2025-06-04 21:25:16,059 - INFO - Cleared expense account for product 'LM0001G5C002'
2025-06-04 21:25:16,359 - INFO - Cleared expense account for product 'LM0001G5C003'
2025-06-04 21:25:16,657 - INFO - Cleared expense account for product 'LM0001G5C006'
2025-06-04 21:25:16,972 - INFO - Cleared expense account for product 'LM0001G5C007'
2025-06-04 21:25:17,281 - INFO - Cleared expense account for product 'LM0001G5C009'
2025-06-04 21:25:17,544 - INFO - Cleared expense account for product 'LM0001G5C010'
2025-06-04 21:25:17,861 - INFO - Cleared expense account for product 'LM0001G5C011'
2025-06-04 21:25:18,154 - INFO - Cleared expense account for product 'LM0001G5C013'
2025-06-04 21:25:18,442 - INFO - Cleared expense account for product 'LM0010F6C12'
2025-06-04 21:25:18,734 - INFO - Cleared expense account for product 'LM0010F7C12'
2025-06-04 21:25:19,046 - INFO - Cleared expense account for product 'LM0010F8C12'
2025-06-04 21:25:19,371 - INFO - Cleared expense account for product 'LM0010F9C12'
2025-06-04 21:25:19,658 - INFO - Cleared expense account for product 'LM0010FC12'
2025-06-04 21:25:19,949 - INFO - Cleared expense account for product 'LM001FC0000'
2025-06-04 21:25:20,232 - INFO - Cleared expense account for product 'LM001OC18110'
2025-06-04 21:25:20,482 - INFO - Cleared expense account for product 'LM001OC18111'
2025-06-04 21:25:20,756 - INFO - Cleared expense account for product 'LM001OC18112'
2025-06-04 21:25:21,004 - INFO - Cleared expense account for product 'LM001OC18113'
2025-06-04 21:25:21,232 - INFO - Cleared expense account for product 'LM001OC1812'
2025-06-04 21:25:21,542 - INFO - Cleared expense account for product 'LM001OC1813'
2025-06-04 21:25:21,864 - INFO - Cleared expense account for product 'LM001OC1814'
2025-06-04 21:25:22,106 - INFO - Cleared expense account for product 'LM001OC1816'
2025-06-04 21:25:22,366 - INFO - Cleared expense account for product 'LM001OC1817'
2025-06-04 21:25:22,631 - INFO - Cleared expense account for product 'LM001OC1818'
2025-06-04 21:25:22,947 - INFO - Cleared expense account for product 'LM001OC1819'
2025-06-04 21:25:23,208 - INFO - Cleared expense account for product 'LMF001F5C002'
2025-06-04 21:25:23,492 - INFO - Cleared expense account for product 'LMF001F5C006'
2025-06-04 21:25:23,782 - INFO - Cleared expense account for product 'LMF001F5C008'
2025-06-04 21:25:24,082 - INFO - Cleared expense account for product 'LMF001F5C009'
2025-06-04 21:25:24,321 - INFO - Cleared expense account for product 'LMF001F5C010'
2025-06-04 21:25:24,567 - INFO - Cleared expense account for product 'LMF001F5C011'
2025-06-04 21:25:24,808 - INFO - Cleared expense account for product 'LMF001F5C013'
2025-06-04 21:25:25,057 - INFO - Cleared expense account for product 'LMF001F5CL02'
2025-06-04 21:25:25,275 - INFO - Cleared expense account for product 'LMF001F5CL06'
2025-06-04 21:25:25,549 - INFO - Cleared expense account for product 'LMF001F5CL08'
2025-06-04 21:25:25,808 - INFO - Cleared expense account for product 'LMF001F5CL09'
2025-06-04 21:25:26,048 - INFO - Cleared expense account for product 'LMF001F5CL10'
2025-06-04 21:25:26,312 - INFO - Cleared expense account for product 'LMF001F5CL11'
2025-06-04 21:25:26,568 - INFO - Cleared expense account for product 'LMF001F5CL13'
2025-06-04 21:25:26,860 - INFO - Cleared expense account for product 'LMM001OC18810'
2025-06-04 21:25:27,464 - INFO - Cleared expense account for product 'LMM001OC1887'
2025-06-04 21:26:33,847 - ERROR - Error updating product 'LMM001OC1888': [Errno 60] Operation timed out
2025-06-04 21:26:34,149 - INFO - Cleared expense account for product 'LMM010E510117'
2025-06-04 21:26:34,431 - INFO - Cleared expense account for product 'LMM010E511116'
2025-06-04 21:26:34,748 - INFO - Cleared expense account for product 'LMM010E512116'
2025-06-04 21:26:35,037 - INFO - Cleared expense account for product 'LMM010E512117'
2025-06-04 21:26:35,427 - INFO - Cleared expense account for product 'LMM010E51502'
2025-06-04 21:26:35,710 - INFO - Cleared expense account for product 'LMM010E51508'
2025-06-04 21:26:36,008 - INFO - Cleared expense account for product 'LMM010E51509'
2025-06-04 21:26:36,250 - INFO - Cleared expense account for product 'LMM010E53116'
2025-06-04 21:26:36,609 - INFO - Cleared expense account for product 'LMM010E53117'
2025-06-04 21:26:36,908 - INFO - Cleared expense account for product 'LMM010E57117'
2025-06-04 21:26:37,208 - INFO - Cleared expense account for product 'LMM01PC18210'
2025-06-04 21:26:37,508 - INFO - Cleared expense account for product 'LMM01PC1822'
2025-06-04 21:26:37,770 - INFO - Cleared expense account for product 'LMP010E51012N'
2025-06-04 21:26:38,431 - INFO - Cleared expense account for product 'LMP010E51017'
2025-06-04 21:26:38,708 - INFO - Cleared expense account for product 'LMP010E51101N'
2025-06-04 21:26:38,999 - INFO - Cleared expense account for product 'LMP010E5111N'
2025-06-04 21:26:39,313 - INFO - Cleared expense account for product 'LMU010E1060'
2025-06-04 21:26:39,608 - INFO - Cleared expense account for product 'LMU010E11'
2025-06-04 21:26:39,908 - INFO - Cleared expense account for product 'LMU010E311'
2025-06-04 21:26:40,140 - INFO - Cleared expense account for product 'LMU010E360'
2025-06-04 21:26:40,429 - INFO - Cleared expense account for product 'LMU010E460'
2025-06-04 21:26:40,685 - INFO - Cleared expense account for product 'LMU010E51250'
2025-06-04 21:26:40,982 - INFO - Cleared expense account for product 'LMU010E5135111'
2025-06-04 21:26:41,291 - INFO - Cleared expense account for product 'LMU010E525111'
2025-06-04 21:26:41,571 - INFO - Cleared expense account for product 'LMU010E5350'
2025-06-04 21:26:41,846 - INFO - Cleared expense account for product 'LMU010E535111'
2025-06-04 21:26:42,137 - INFO - Cleared expense account for product 'LMU010E550'
2025-06-04 21:26:42,401 - INFO - Cleared expense account for product 'LMU010E55111'
2025-06-04 21:26:42,635 - INFO - Cleared expense account for product 'LMU010E5515111'
2025-06-04 21:26:42,917 - INFO - Cleared expense account for product 'LMU010E5750'
2025-06-04 21:26:43,157 - INFO - Cleared expense account for product 'LMU010E575111'
2025-06-04 21:26:43,426 - INFO - Cleared expense account for product 'LMU010E5850'
2025-06-04 21:26:43,701 - INFO - Cleared expense account for product 'LMU010E585111'
2025-06-04 21:26:44,005 - INFO - Cleared expense account for product 'LMU010E5950'
2025-06-04 21:26:44,253 - INFO - Cleared expense account for product 'LMU010E595111'
2025-06-04 21:26:44,531 - INFO - Cleared expense account for product 'LMU010E60'
2025-06-04 21:26:44,875 - INFO - Cleared expense account for product 'LMU010E711'
2025-06-04 21:26:45,145 - INFO - Cleared expense account for product 'LMU010E760'
2025-06-04 21:26:45,401 - INFO - Cleared expense account for product 'LMU010E960'
2025-06-04 21:26:45,669 - INFO - Cleared expense account for product 'LMU010F01112'
2025-06-04 21:26:46,257 - INFO - Cleared expense account for product 'LMU010F1011'
2025-06-04 21:26:46,519 - INFO - Cleared expense account for product 'LMU010F10C12'
2025-06-04 21:26:46,771 - INFO - Cleared expense account for product 'LMU010F1111'
2025-06-04 21:26:47,666 - INFO - Cleared expense account for product 'LMU010F11C12'
2025-06-04 21:26:48,245 - INFO - Cleared expense account for product 'LMU010F1211'
2025-06-04 21:26:48,516 - INFO - Cleared expense account for product 'LMU010F1311'
2025-06-04 21:26:48,826 - INFO - Cleared expense account for product 'LMU010F211'
2025-06-04 21:26:49,458 - INFO - Cleared expense account for product 'LMU010F311'
2025-06-04 21:26:49,730 - INFO - Cleared expense account for product 'LMU010F411'
2025-06-04 21:26:50,108 - INFO - Cleared expense account for product 'LMU010F611'
2025-06-04 21:26:50,422 - INFO - Cleared expense account for product 'LMU010F711'
2025-06-04 21:26:50,709 - INFO - Cleared expense account for product 'LMU010F811'
2025-06-04 21:26:51,055 - INFO - Cleared expense account for product 'LMU010F911'
2025-06-04 21:26:51,419 - INFO - Cleared expense account for product 'LS000519I'
2025-06-04 21:26:51,787 - INFO - Cleared expense account for product 'LS000712A'
2025-06-04 21:26:52,120 - INFO - Cleared expense account for product 'LS0016FC33B'
2025-06-04 21:26:52,507 - INFO - Cleared expense account for product 'LS0018IC760'
2025-06-04 21:26:52,807 - INFO - Cleared expense account for product 'LS0019LC770'
2025-06-04 21:26:53,140 - INFO - Cleared expense account for product 'LS001L151'
2025-06-04 21:26:53,524 - INFO - Cleared expense account for product 'LS001L1F1'
2025-06-04 21:26:53,865 - INFO - Cleared expense account for product 'LS001R1F1'
2025-06-04 21:26:54,167 - INFO - Cleared expense account for product 'LS0020G5C75'
2025-06-04 21:26:54,553 - INFO - Cleared expense account for product 'LS0021NC01'
2025-06-04 21:26:54,907 - INFO - Cleared expense account for product 'LS0025FC1720'
2025-06-04 21:26:55,356 - INFO - Cleared expense account for product 'LS0025FC1840'
2025-06-04 21:26:55,742 - INFO - Cleared expense account for product 'LS0026LC1710'
2025-06-04 21:26:56,108 - INFO - Cleared expense account for product 'LS0028LC1860'
2025-06-04 21:26:56,468 - INFO - Cleared expense account for product 'LSM096OR168'
2025-06-04 21:26:56,807 - INFO - Cleared expense account for product 'MF0002235'
2025-06-04 21:26:57,128 - INFO - Cleared expense account for product 'MF0003221'
2025-06-04 21:26:57,406 - INFO - Cleared expense account for product 'MF0006GR1400'
2025-06-04 21:26:57,681 - INFO - Cleared expense account for product 'MF0008222'
2025-06-04 21:26:58,045 - INFO - Cleared expense account for product 'MF0015223'
2025-06-04 21:26:58,363 - INFO - Cleared expense account for product 'MF0045G5C010'
2025-06-04 21:26:58,706 - INFO - Cleared expense account for product 'MFG037HC39'
2025-06-04 21:26:59,019 - INFO - Cleared expense account for product 'MFG037HC391'
2025-06-04 21:26:59,334 - INFO - Cleared expense account for product 'MFM001G5C002'
2025-06-04 21:26:59,641 - INFO - Cleared expense account for product 'MFM001G5C009'
2025-06-04 21:26:59,942 - INFO - Cleared expense account for product 'MFM001G5C011'
2025-06-04 21:27:00,253 - INFO - Cleared expense account for product 'MFMM010E510116'
2025-06-04 21:27:00,556 - INFO - Cleared expense account for product 'MFMM010E510117'
2025-06-04 21:27:00,909 - INFO - Cleared expense account for product 'MFMM010E511116'
2025-06-04 21:27:01,271 - INFO - Cleared expense account for product 'MFMM010E52117'
2025-06-04 21:27:01,670 - INFO - Cleared expense account for product 'MFMU010E860'
2025-06-04 21:27:02,121 - INFO - Cleared expense account for product 'MFMU010F1011'
2025-06-04 21:27:02,586 - INFO - Cleared expense account for product 'MFMU010F511'
2025-06-04 21:27:03,031 - INFO - Cleared expense account for product 'MFMU010F811'
2025-06-04 21:27:03,704 - INFO - Cleared expense account for product 'MFP0430HC100C'
2025-06-04 21:27:04,208 - INFO - Cleared expense account for product 'MFS018IC760'
2025-06-04 21:27:04,648 - INFO - Cleared expense account for product 'MFS019LC770'
2025-06-04 21:27:05,108 - INFO - Cleared expense account for product 'MFS020G5C75'
2025-06-04 21:27:05,704 - INFO - Cleared expense account for product 'MFS021NC01'
2025-06-04 21:27:06,212 - INFO - Cleared expense account for product 'MFU027OC16'
2025-06-04 21:27:06,643 - INFO - Cleared expense account for product 'MFU052OC51B'
2025-06-04 21:27:07,042 - INFO - Cleared expense account for product 'MFU052OR51A'
2025-06-04 21:27:07,516 - INFO - Cleared expense account for product 'MLF001111'
2025-06-04 21:27:07,976 - INFO - Cleared expense account for product 'MLF001116'
2025-06-04 21:27:08,455 - INFO - Cleared expense account for product 'MLF001121'
2025-06-04 21:27:08,911 - INFO - Cleared expense account for product 'MLF001126'
2025-06-04 21:27:09,396 - INFO - Cleared expense account for product 'MLF002115'
2025-06-04 21:27:09,908 - INFO - Cleared expense account for product 'MLF002127'
2025-06-04 21:27:10,353 - INFO - Cleared expense account for product 'MLF003142'
2025-06-04 21:27:10,940 - INFO - Cleared expense account for product 'MLF00362RD'
2025-06-04 21:27:11,367 - INFO - Cleared expense account for product 'MLF0082KK'
2025-06-04 21:27:12,028 - INFO - Cleared expense account for product 'MLF0082TX'
2025-06-04 21:27:12,311 - INFO - Cleared expense account for product 'MLF009213'
2025-06-04 21:27:12,556 - INFO - Cleared expense account for product 'MLF0092Q7'
2025-06-04 21:27:12,856 - INFO - Cleared expense account for product 'MLF015222'
2025-06-04 21:27:13,122 - INFO - Cleared expense account for product 'MLF015223'
2025-06-04 21:27:13,362 - INFO - Cleared expense account for product 'MLF01522T'
2025-06-04 21:27:13,649 - INFO - Cleared expense account for product 'MLF015253'
2025-06-04 21:27:14,247 - INFO - Cleared expense account for product 'MLF0152Q4'
2025-06-04 21:27:14,541 - INFO - Cleared expense account for product 'MLF016213'
2025-06-04 21:27:14,793 - INFO - Cleared expense account for product 'MLF016223'
2025-06-04 21:28:21,303 - ERROR - Error updating product 'MLF01L22K': [Errno 60] Operation timed out
2025-06-04 21:28:21,705 - INFO - Cleared expense account for product 'MLF01R121'
2025-06-04 21:28:21,997 - INFO - Cleared expense account for product 'MLF01R126'
2025-06-04 21:28:22,300 - INFO - Cleared expense account for product 'MLF020213'
2025-06-04 21:28:22,561 - INFO - Cleared expense account for product 'MLF0351Q7'
2025-06-04 21:28:22,816 - INFO - Cleared expense account for product 'MLF035213'
2025-06-04 21:28:23,109 - INFO - Cleared expense account for product 'MLF048213'
2025-06-04 21:28:23,368 - INFO - Cleared expense account for product 'MLF04826J'
2025-06-04 21:28:23,650 - INFO - Cleared expense account for product 'MLF04826K'
2025-06-04 21:28:24,130 - INFO - Cleared expense account for product 'MLF0572AK'
2025-06-04 21:28:24,410 - INFO - Cleared expense account for product 'MLF06R123'
2025-06-04 21:28:24,740 - INFO - Cleared expense account for product 'MLF06R33D'
2025-06-04 21:28:25,121 - INFO - Cleared expense account for product 'MLF082RTX'
2025-06-04 21:28:25,465 - INFO - Cleared expense account for product 'MLF08R22W'
2025-06-04 21:28:25,714 - INFO - Cleared expense account for product 'MLF08S22K'
2025-06-04 21:28:25,950 - INFO - Cleared expense account for product 'MLF152223'
2025-06-04 21:28:26,267 - INFO - Cleared expense account for product 'MLF153212'
2025-06-04 21:28:26,544 - INFO - Cleared expense account for product 'MLF16B212'
2025-06-04 21:28:26,863 - INFO - Cleared expense account for product 'MLF18A212'
2025-06-04 21:28:27,147 - INFO - Cleared expense account for product 'MLF18A213'
2025-06-04 21:28:27,446 - INFO - Cleared expense account for product 'MLF18A251'
2025-06-04 21:28:27,745 - INFO - Cleared expense account for product 'MLF18A252'
2025-06-04 21:28:28,065 - INFO - Cleared expense account for product 'MLF18A253'
2025-06-04 21:28:28,621 - INFO - Cleared expense account for product 'MLF18A253A'
2025-06-04 21:28:29,130 - INFO - Cleared expense account for product 'MLF21R136'
2025-06-04 21:28:29,373 - INFO - Cleared expense account for product 'MLF34N143'
2025-06-04 21:28:29,633 - INFO - Cleared expense account for product 'MLF37L2SD'
2025-06-04 21:28:29,900 - INFO - Cleared expense account for product 'MLF40L2U7'
2025-06-04 21:28:30,147 - INFO - Cleared expense account for product 'MLF40R2Q7'
2025-06-04 21:28:30,401 - INFO - Cleared expense account for product 'MLF40R2U7'
2025-06-04 21:28:30,655 - INFO - Cleared expense account for product 'MLF42L1RD'
2025-06-04 21:28:30,919 - INFO - Cleared expense account for product 'MLF42R1RD'
2025-06-04 21:28:31,165 - INFO - Cleared expense account for product 'NX4F15SP2J3'
2025-06-04 21:28:31,425 - INFO - Cleared expense account for product 'NX4F16R3212'
2025-06-04 21:28:31,713 - INFO - Cleared expense account for product 'NX4LF0004LC03B'
2025-06-04 21:28:31,960 - INFO - Cleared expense account for product 'NX4LF0006DC02'
2025-06-04 21:28:32,262 - INFO - Cleared expense account for product 'NX4LF0006GR1400'
2025-06-04 21:28:32,498 - INFO - Cleared expense account for product 'NX4LF0006TC19A'
2025-06-04 21:28:32,725 - INFO - Cleared expense account for product 'NX4LF001116'
2025-06-04 21:28:32,937 - INFO - Cleared expense account for product 'NX4LF001121'
2025-06-04 21:28:33,171 - INFO - Cleared expense account for product 'NX4LF001126'
2025-06-04 21:28:33,446 - INFO - Cleared expense account for product 'NX4LF001136'
2025-06-04 21:28:33,682 - INFO - Cleared expense account for product 'NX4LF0015363'
2025-06-04 21:28:33,911 - INFO - Cleared expense account for product 'NX4LF001536D'
2025-06-04 21:28:34,210 - INFO - Cleared expense account for product 'NX4LF0015EC020'
2025-06-04 21:28:34,464 - INFO - Cleared expense account for product 'NX4LF001L12K'
2025-06-04 21:28:34,756 - INFO - Cleared expense account for product 'NX4LF002113'
2025-06-04 21:28:35,336 - INFO - Cleared expense account for product 'NX4LF002125'
2025-06-04 21:28:35,645 - INFO - Cleared expense account for product 'NX4LF002136'
2025-06-04 21:28:35,979 - INFO - Cleared expense account for product 'NX4LF003121'
2025-06-04 21:28:36,547 - INFO - Cleared expense account for product 'NX4LF003131'
2025-06-04 21:28:36,848 - INFO - Cleared expense account for product 'NX4LF0034AC11A'
2025-06-04 21:28:37,158 - INFO - Cleared expense account for product 'NX4LF0034G5L16'
2025-06-04 21:28:37,420 - INFO - Cleared expense account for product 'NX4LF0034HC03'
2025-06-04 21:28:37,987 - INFO - Cleared expense account for product 'NX4LF0040E2C11'
2025-06-04 21:28:38,237 - INFO - Cleared expense account for product 'NX4LF0040FC12'
2025-06-04 21:28:38,491 - INFO - Cleared expense account for product 'NX4LF004134'
2025-06-04 21:28:38,731 - INFO - Cleared expense account for product 'NX4LF0043PL330'
2025-06-04 21:28:39,011 - INFO - Cleared expense account for product 'NX4LF0048XC22A'
2025-06-04 21:28:39,238 - INFO - Cleared expense account for product 'NX4LF005111'
2025-06-04 21:28:39,504 - INFO - Cleared expense account for product 'NX4LF005112'
2025-06-04 21:28:39,736 - INFO - Cleared expense account for product 'NX4LF005121'
2025-06-04 21:28:40,031 - INFO - Cleared expense account for product 'NX4LF005122'
2025-06-04 21:28:40,297 - INFO - Cleared expense account for product 'NX4LF005DC021'
2025-06-04 21:28:40,549 - INFO - Cleared expense account for product 'NX4LF005DC023'
2025-06-04 21:28:40,796 - INFO - Cleared expense account for product 'NX4LF005DC024'
2025-06-04 21:28:42,009 - INFO - Cleared expense account for product 'NX4LF0060FC12'
2025-06-04 21:28:42,261 - INFO - Cleared expense account for product 'NX4LF0060FC121'
2025-06-04 21:28:42,526 - INFO - Cleared expense account for product 'NX4LF006113'
2025-06-04 21:28:42,812 - INFO - Cleared expense account for product 'NX4LF006121'
2025-06-04 21:28:43,094 - INFO - Cleared expense account for product 'NX4LF006131'
2025-06-04 21:28:43,370 - INFO - Cleared expense account for product 'NX4LF009212'
2025-06-04 21:28:43,645 - INFO - Cleared expense account for product 'NX4LF0092Q7'
2025-06-04 21:28:44,161 - INFO - Cleared expense account for product 'NX4LF010213'
2025-06-04 21:28:44,474 - INFO - Cleared expense account for product 'NX4LF0118FC03'
2025-06-04 21:28:44,759 - INFO - Cleared expense account for product 'NX4LF013223'
2025-06-04 21:28:45,056 - INFO - Cleared expense account for product 'NX4LF015222'
2025-06-04 21:28:45,314 - INFO - Cleared expense account for product 'NX4LF015223'
2025-06-04 21:28:45,559 - INFO - Cleared expense account for product 'NX4LF015252'
2025-06-04 21:28:45,860 - INFO - Cleared expense account for product 'NX4LF015252.'
2025-06-04 21:28:46,123 - INFO - Cleared expense account for product 'NX4LF0152Q4'
2025-06-04 21:28:46,365 - INFO - Cleared expense account for product 'NX4LF015IC320'
2025-06-04 21:28:46,636 - INFO - Cleared expense account for product 'NX4LF015N322'
2025-06-04 21:28:47,200 - INFO - Cleared expense account for product 'NX4LF015N323'
2025-06-04 21:28:47,468 - INFO - Cleared expense account for product 'NX4LF015N352'
2025-06-04 21:28:47,728 - INFO - Cleared expense account for product 'NX4LF015N357'
2025-06-04 21:28:48,010 - INFO - Cleared expense account for product 'NX4LF016223'
2025-06-04 21:28:48,309 - INFO - Cleared expense account for product 'NX4LF019212'
2025-06-04 21:28:48,609 - INFO - Cleared expense account for product 'NX4LF020212'
2025-06-04 21:28:48,915 - INFO - Cleared expense account for product 'NX4LF02R127'
2025-06-04 21:28:49,214 - INFO - Cleared expense account for product 'NX4LF034AC110'
2025-06-04 21:28:49,521 - INFO - Cleared expense account for product 'NX4LF034AC210'
2025-06-04 21:28:49,809 - INFO - Cleared expense account for product 'NX4LF034FC02'
2025-06-04 21:28:50,105 - INFO - Cleared expense account for product 'NX4LF034HC02'
2025-06-04 21:28:50,427 - INFO - Cleared expense account for product 'NX4LF0351Q7'
2025-06-04 21:28:50,725 - INFO - Cleared expense account for product 'NX4LF036B6C020'
2025-06-04 21:28:51,025 - INFO - Cleared expense account for product 'NX4LF043E5C021'
2025-06-04 21:28:51,309 - INFO - Cleared expense account for product 'NX4LF043E5C022'
2025-06-04 21:28:51,909 - INFO - Cleared expense account for product 'NX4LF048213'
2025-06-04 21:28:52,214 - INFO - Cleared expense account for product 'NX4LF04826J'
2025-06-04 21:28:52,464 - INFO - Cleared expense account for product 'NX4LF04826K'
2025-06-04 21:28:52,766 - INFO - Cleared expense account for product 'NX4LF0500D7C11'
2025-06-04 21:28:53,050 - INFO - Cleared expense account for product 'NX4LF0500D7C18'
2025-06-04 21:28:53,359 - INFO - Cleared expense account for product 'NX4LF0500E253A'
2025-06-04 21:28:53,631 - INFO - Cleared expense account for product 'NX4LF0500E253B'
2025-06-04 21:28:53,975 - INFO - Cleared expense account for product 'NX4LF052J5C73'
2025-06-04 21:28:54,779 - INFO - Cleared expense account for product 'NX4LF0530F03002'
2025-06-04 21:28:55,051 - INFO - Cleared expense account for product 'NX4LF05R223'
2025-06-04 21:28:55,329 - INFO - Cleared expense account for product 'NX4LF060L7879'
2025-06-04 21:28:55,901 - INFO - Cleared expense account for product 'NX4LF06R123'
2025-06-04 21:28:56,164 - INFO - Cleared expense account for product 'NX4LF15S2B2'
2025-06-04 21:28:56,441 - INFO - Cleared expense account for product 'NX4LF18A213'
2025-06-04 21:28:56,710 - INFO - Cleared expense account for product 'NX4LF191N213'
2025-06-04 21:28:57,009 - INFO - Cleared expense account for product 'NX4LF19N213'
2025-06-04 21:28:57,267 - INFO - Cleared expense account for product 'NX4LF19N217'
2025-06-04 21:28:57,538 - INFO - Cleared expense account for product 'NX4LF2R1126'
2025-06-04 21:28:57,834 - INFO - Cleared expense account for product 'NX4LF34N143'
2025-06-04 21:28:58,077 - INFO - Cleared expense account for product 'NX4LF35L1Q7'
2025-06-04 21:28:58,369 - INFO - Cleared expense account for product 'NX4LF40L2Q7'
2025-06-04 21:28:58,640 - INFO - Cleared expense account for product 'NX4LFM034D5C970'
2025-06-04 21:28:58,885 - INFO - Cleared expense account for product 'NX4LFM035E3R980'
2025-06-04 21:28:59,415 - INFO - Cleared expense account for product 'NX4LFP043E8L07A'
2025-06-04 21:29:00,106 - INFO - Cleared expense account for product 'NX4LFP0500D7L97A'
2025-06-04 21:29:00,628 - INFO - Cleared expense account for product 'NX4LFP0500D7L98A'
2025-06-04 21:29:01,251 - INFO - Cleared expense account for product 'NX4LFP0500D7R97A'
2025-06-04 21:29:01,511 - INFO - Cleared expense account for product 'NX4LFP0500D7R98A'
2025-06-04 21:29:01,807 - INFO - Cleared expense account for product 'NX4LFP0500D7R99A'
2025-06-04 21:29:02,107 - INFO - Cleared expense account for product 'NX4LFU0015LC02A'
2025-06-04 21:29:02,346 - INFO - Cleared expense account for product 'NX4LFU0035H3C01'
2025-06-04 21:29:02,614 - INFO - Cleared expense account for product 'NX4LFU0052OC72'
2025-06-04 21:29:03,426 - INFO - Cleared expense account for product 'NX4LFU0053HC51'
2025-06-04 21:29:03,970 - INFO - Cleared expense account for product 'NX4LFU005WC280'
2025-06-04 21:29:04,469 - INFO - Cleared expense account for product 'NX4LFU015HC03'
2025-06-04 21:29:05,559 - INFO - Cleared expense account for product 'NX4LFU015LC02A'
2025-06-04 21:29:56,827 - ERROR - Error updating product 'NX4LFU018FC03': [Errno 60] Operation timed out
2025-06-04 21:29:57,323 - INFO - Cleared expense account for product 'NX4LFU0331H3'
2025-06-04 21:29:57,544 - INFO - Cleared expense account for product 'NX4LFU0331HU'
2025-06-04 21:30:42,424 - ERROR - Error updating product 'NX4LFU033FC1560': [Errno 60] Operation timed out
2025-06-04 21:30:43,205 - INFO - Cleared expense account for product 'NX4LFU034AC071'
2025-06-04 21:30:43,691 - INFO - Cleared expense account for product 'NX4LFU035E3L07'
2025-06-04 21:30:43,983 - INFO - Cleared expense account for product 'NX4LFU035E3R07'
2025-06-04 21:30:44,269 - INFO - Cleared expense account for product 'NX4LFU035E3R52'
2025-06-04 21:30:44,540 - INFO - Cleared expense account for product 'NX4LFU035E3R53'
2025-06-04 21:30:44,857 - INFO - Cleared expense account for product 'NX4LFU035NC349'
2025-06-04 21:30:45,148 - INFO - Cleared expense account for product 'NX4LFU035OC01'
2025-06-04 21:30:45,405 - INFO - Cleared expense account for product 'NX4LFU036B7C55'
2025-06-04 21:30:45,688 - INFO - Cleared expense account for product 'NX4LFU036B9L55'
2025-06-04 21:30:45,903 - INFO - Cleared expense account for product 'NX4LFU036B9R55'
2025-06-04 21:30:46,171 - INFO - Cleared expense account for product 'NX4LFU040E2C07'
2025-06-04 21:30:46,395 - INFO - Cleared expense account for product 'NX4LFU042D3C55'
2025-06-04 21:30:46,600 - INFO - Cleared expense account for product 'NX4LFU043E8C23'
2025-06-04 21:30:46,889 - INFO - Cleared expense account for product 'NX4LFU043E8C45A'
2025-06-04 21:30:47,115 - INFO - Cleared expense account for product 'NX4LFU043E8C52A'
2025-06-04 21:30:47,398 - INFO - Cleared expense account for product 'NX4LFU043E8C53'
2025-06-04 21:30:47,688 - INFO - Cleared expense account for product 'NX4LFU043E8R16'
2025-06-04 21:30:48,022 - INFO - Cleared expense account for product 'NX4LFU043G6L49'
2025-06-04 21:30:48,269 - INFO - Cleared expense account for product 'NX4LFU043G6L53'
2025-06-04 21:30:48,524 - INFO - Cleared expense account for product 'NX4LFU048NC070'
2025-06-04 21:30:48,779 - INFO - Cleared expense account for product 'NX4LFU048NC22'
2025-06-04 21:30:49,023 - INFO - Cleared expense account for product 'NX4LFU051FC51'
2025-06-04 21:30:49,288 - INFO - Cleared expense account for product 'NX4LFU052OC51B'
2025-06-04 21:30:49,569 - INFO - Cleared expense account for product 'NX4LFU052OR51A'
2025-06-04 21:30:49,794 - INFO - Cleared expense account for product 'NX4LFU053HC51'
2025-06-04 21:30:50,065 - INFO - Cleared expense account for product 'NX4LFU053IC76'
2025-06-04 21:30:50,307 - INFO - Cleared expense account for product 'NX4LFU0650G107'
2025-06-04 21:30:50,604 - INFO - Cleared expense account for product 'NX4LFU33APL160'
2025-06-04 21:30:50,885 - INFO - Cleared expense account for product 'NX4LFU33BPL160'
2025-06-04 21:30:51,185 - INFO - Cleared expense account for product 'NX4LFU43AQC160'
2025-06-04 21:30:51,448 - INFO - Cleared expense account for product 'NX4LFU43BQL160'
2025-06-04 21:30:51,700 - INFO - Cleared expense account for product 'NX4LFU43BQL161'
2025-06-04 21:30:51,958 - INFO - Cleared expense account for product 'NX4LG0005FL350'
2025-06-04 21:30:52,258 - INFO - Cleared expense account for product 'NX4LG0005FR35A'
2025-06-04 21:30:52,547 - INFO - Cleared expense account for product 'NX4LG002525K'
2025-06-04 21:30:52,828 - INFO - Cleared expense account for product 'NX4LG0025263'
2025-06-04 21:30:53,129 - INFO - Cleared expense account for product 'NX4LG0025CL03C'
2025-06-04 21:30:53,402 - INFO - Cleared expense account for product 'NX4LG0025CR22A'
2025-06-04 21:30:53,680 - INFO - Cleared expense account for product 'NX4LG0025LR03C'
2025-06-04 21:30:53,974 - INFO - Cleared expense account for product 'NX4LG0025SL18A'
2025-06-04 21:30:54,232 - INFO - Cleared expense account for product 'NX4LG0037HC39'
2025-06-04 21:30:54,497 - INFO - Cleared expense account for product 'NX4LG005426D'
2025-06-04 21:30:54,783 - INFO - Cleared expense account for product 'NX4LG005426K'
2025-06-04 21:30:55,033 - INFO - Cleared expense account for product 'NX4LG023N2DA'
2025-06-04 21:30:55,298 - INFO - Cleared expense account for product 'NX4LG023N2DJ'
2025-06-04 21:30:55,546 - INFO - Cleared expense account for product 'NX4LG056R23L'
2025-06-04 21:30:55,860 - INFO - Cleared expense account for product 'NX4LG056R2BJ'
2025-06-04 21:30:56,153 - INFO - Cleared expense account for product 'NX4LG056R2BL'
2025-06-04 21:30:56,443 - INFO - Cleared expense account for product 'NX4LGP0025HR03C'
2025-06-04 21:30:56,773 - INFO - Cleared expense account for product 'NX4LGP0025IR03C'
2025-06-04 21:30:57,078 - INFO - Cleared expense account for product 'NX4LGU025HC19'
2025-06-04 21:30:57,372 - INFO - Cleared expense account for product 'NX4LGU050HL52'
2025-06-04 21:30:57,668 - INFO - Cleared expense account for product 'NX4LGU050HR49'
2025-06-04 21:30:57,983 - INFO - Cleared expense account for product 'NX4LGU054HC190'
2025-06-04 21:30:58,249 - INFO - Cleared expense account for product 'NX4LGU056JC180'
2025-06-04 21:30:58,523 - INFO - Cleared expense account for product 'NX4LMU010E5550'
2025-06-04 21:30:58,790 - INFO - Cleared expense account for product 'NX4LMU010E555111'
2025-06-04 21:30:59,078 - INFO - Cleared expense account for product 'NX4LS0005191'
2025-06-04 21:30:59,360 - INFO - Cleared expense account for product 'NX4LS000519I'
2025-06-04 21:30:59,670 - INFO - Cleared expense account for product 'NX4LS0018IC760'
2025-06-04 21:30:59,917 - INFO - Cleared expense account for product 'NX4LS0019LC770'
2025-06-04 21:31:00,211 - INFO - Cleared expense account for product 'NX4LS0020G5C75'
2025-06-04 21:31:00,483 - INFO - Cleared expense account for product 'NX4MF0006372'
2025-06-04 21:31:00,782 - INFO - Cleared expense account for product 'NX4MFG02727J'
2025-06-04 21:31:01,092 - INFO - Cleared expense account for product 'NX4MFG02727O'
2025-06-04 21:31:01,380 - INFO - Cleared expense account for product 'NX4MFS019LC770'
2025-06-04 21:31:01,680 - INFO - Cleared expense account for product 'NX4MFU027OC16'
2025-06-04 21:31:01,936 - INFO - Cleared expense account for product 'NX4MLF001117'
2025-06-04 21:31:02,243 - INFO - Cleared expense account for product 'NX4MLF002116'
2025-06-04 21:31:02,581 - INFO - Cleared expense account for product 'NX4MLF002117'
2025-06-04 21:31:02,887 - INFO - Cleared expense account for product 'NX4MLF002126'
2025-06-04 21:31:03,182 - INFO - Cleared expense account for product 'NX4MLF002127'
2025-06-04 21:31:03,419 - INFO - Cleared expense account for product 'NX4MLF002135'
2025-06-04 21:31:03,699 - INFO - Cleared expense account for product 'NX4MLF00362RD'
2025-06-04 21:31:04,012 - INFO - Cleared expense account for product 'NX4MLF004114'
2025-06-04 21:31:04,337 - INFO - Cleared expense account for product 'NX4MLF004122'
2025-06-04 21:31:04,602 - INFO - Cleared expense account for product 'NX4MLF004124'
2025-06-04 21:31:04,897 - INFO - Cleared expense account for product 'NX4MLF005131'
2025-06-04 21:31:05,157 - INFO - Cleared expense account for product 'NX4MLF005223'
2025-06-04 21:31:05,410 - INFO - Cleared expense account for product 'NX4MLF006111'
2025-06-04 21:31:05,732 - INFO - Cleared expense account for product 'NX4MLF006123'
2025-06-04 21:31:06,046 - INFO - Cleared expense account for product 'NX4MLF006133'
2025-06-04 21:31:06,313 - INFO - Cleared expense account for product 'NX4MLF015227'
2025-06-04 21:31:06,580 - INFO - Cleared expense account for product 'NX4MLF01522T'
2025-06-04 21:31:06,842 - INFO - Cleared expense account for product 'NX4MLF015253'
2025-06-04 21:31:07,275 - INFO - Cleared expense account for product 'NX4MLF019222'
2025-06-04 21:31:07,518 - INFO - Cleared expense account for product 'NX4MLF01R121'
2025-06-04 21:31:07,860 - INFO - Cleared expense account for product 'NX4MLF01R126'
2025-06-04 21:31:08,095 - INFO - Cleared expense account for product 'NX4MLF01R136'
2025-06-04 21:31:08,364 - INFO - Cleared expense account for product 'NX4MLF020213'
2025-06-04 21:31:08,632 - INFO - Cleared expense account for product 'NX4MLF020223'
2025-06-04 21:31:08,983 - INFO - Cleared expense account for product 'NX4MLF020253'
2025-06-04 21:31:09,260 - INFO - Cleared expense account for product 'NX4MLF021136'
2025-06-04 21:31:09,507 - INFO - Cleared expense account for product 'NX4MLF0211C6'
2025-06-04 21:31:09,744 - INFO - Cleared expense account for product 'NX4MLF02R125'
2025-06-04 21:31:10,079 - INFO - Cleared expense account for product 'NX4MLF034221'
2025-06-04 21:31:10,312 - INFO - Cleared expense account for product 'NX4MLF035213'
2025-06-04 21:31:10,527 - INFO - Cleared expense account for product 'NX4MLF05R122'
2025-06-04 21:31:10,818 - INFO - Cleared expense account for product 'NX4MLF06R133'
2025-06-04 21:31:11,099 - INFO - Cleared expense account for product 'NX4MLF10L212'
2025-06-04 21:31:11,382 - INFO - Cleared expense account for product 'NX4MLF151253'
2025-06-04 21:31:11,684 - INFO - Cleared expense account for product 'NX4MLF15N222'
2025-06-04 21:31:11,897 - INFO - Cleared expense account for product 'NX4MLF15S222'
2025-06-04 21:31:12,174 - INFO - Cleared expense account for product 'NX4MLF191RN213'
2025-06-04 21:31:12,407 - INFO - Cleared expense account for product 'NX4MLF19RN217'
2025-06-04 21:31:12,618 - INFO - Cleared expense account for product 'NX4MLF19S213'
2025-06-04 21:31:12,869 - INFO - Cleared expense account for product 'NX4MLF19S223'
2025-06-04 21:31:13,110 - INFO - Cleared expense account for product 'NX4MLF20125L'
2025-06-04 21:31:13,385 - INFO - Cleared expense account for product 'NX4MLF21R136'
2025-06-04 21:31:13,642 - INFO - Cleared expense account for product 'NX4MLF343252'
2025-06-04 21:31:13,903 - INFO - Cleared expense account for product 'NX4MLF40R2Q7'
2025-06-04 21:31:14,204 - INFO - Cleared expense account for product 'NXLF026211'
2025-06-04 21:31:14,479 - INFO - Cleared expense account for product 'SEO0001110'
2025-06-04 21:31:14,750 - INFO - Cleared expense account for product 'SEO0002110'
2025-06-04 21:31:15,063 - INFO - Cleared expense account for product 'NX4LF001N316'
2025-06-04 21:31:15,315 - INFO - Cleared expense account for product 'MLF2L0253'
2025-06-04 21:31:15,613 - INFO - Cleared expense account for product 'NX4MLF37L2SD'
2025-06-04 21:31:15,907 - INFO - Cleared expense account for product 'NX4LF40DHL2600'
2025-06-04 21:31:16,209 - INFO - Cleared expense account for product 'LF052J5C73'
2025-06-04 21:31:16,507 - INFO - Cleared expense account for product 'NX4MLF06R33D'
2025-06-04 21:31:16,790 - INFO - Cleared expense account for product 'LFM048NC99'
2025-06-04 21:31:17,068 - INFO - Cleared expense account for product 'LFM048O5R154'
2025-06-04 21:31:17,328 - INFO - Cleared expense account for product 'NX4LFM0500D7R99A'
2025-06-04 21:31:17,704 - INFO - Cleared expense account for product 'LFM057HC212'
2025-06-04 21:31:18,014 - INFO - Cleared expense account for product 'LFM0057DK911912'
2025-06-04 21:31:18,275 - INFO - Cleared expense account for product 'LFM057LC212'
2025-06-04 21:31:18,526 - INFO - Cleared expense account for product 'LFM0057DL311912'
2025-06-04 21:31:18,783 - INFO - Cleared expense account for product 'LFM0057DN911912'
2025-06-04 21:31:19,012 - INFO - Cleared expense account for product 'LFU33DFC22024'
2025-06-04 21:31:19,313 - INFO - Cleared expense account for product 'LFU034G5L01'
2025-06-04 21:31:19,423 - WARNING - Product with code 'LFU034G5L16' not found
2025-06-04 21:31:19,683 - INFO - Cleared expense account for product 'NX4LFU034G5L16'
2025-06-04 21:31:19,808 - WARNING - Product with code 'LFU5000DDL21521' not found
2025-06-04 21:31:20,088 - INFO - Cleared expense account for product 'NX4LFU050E3L1730'
2025-06-04 21:31:20,318 - INFO - Cleared expense account for product 'LFU0050DDL2303'
2025-06-04 21:31:20,585 - INFO - Cleared expense account for product 'NX4LFU005FL280'
2025-06-04 21:31:20,883 - INFO - Cleared expense account for product 'LFU0053DFC21521'
2025-06-04 21:31:21,183 - INFO - Cleared expense account for product 'NX4LFU0640300'
2025-06-04 21:31:21,422 - INFO - Cleared expense account for product 'NX4LFU065G1L180'
2025-06-04 21:31:21,689 - INFO - Cleared expense account for product 'LG0025CL03B'
2025-06-04 21:31:21,945 - INFO - Cleared expense account for product 'NX4LG054P25K'
2025-06-04 21:31:22,214 - INFO - Cleared expense account for product 'LMM010E52117'
2025-06-04 21:31:22,458 - INFO - Cleared expense account for product 'LMM010E54117'
2025-06-04 21:31:22,707 - INFO - Cleared expense account for product 'LMM010E56117'
2025-06-04 21:31:22,917 - INFO - Cleared expense account for product 'LMM010E58117'
2025-06-04 21:31:23,443 - INFO - Cleared expense account for product 'LMM010E59117'
2025-06-04 21:31:23,723 - INFO - Cleared expense account for product 'LMM010E511117'
2025-06-04 21:31:24,004 - INFO - Cleared expense account for product 'LMM010E513117'
2025-06-04 21:31:24,318 - INFO - Cleared expense account for product 'LMM001OC1882'
2025-06-04 21:31:25,038 - INFO - Cleared expense account for product 'LMM001OC1889'
