2025-03-12 08:07:20,263 - INFO - เริ่มต้นการนำเข้าและอัพเดทผังบัญชี...
2025-03-12 08:07:20,370 - ERROR - การเชื่อมต่อล้มเหลว: <Fault 1: 'Traceback (most recent call last):\n  File "/opt/instance1/odoo17/odoo/modules/registry.py", line 87, in __new__\n    return cls.registries[db_name]\n           ~~~~~~~~~~~~~~^^^^^^^^^\n  File "/opt/instance1/odoo17-venv/lib/python3.12/site-packages/decorator.py", line 232, in fun\n    return caller(func, *(extras + args), **kw)\n           ^^^^^^^^^^^^^^^^^^^^^^^^^^^^^^^^^^^^\n  File "/opt/instance1/odoo17/odoo/tools/func.py", line 87, in locked\n    return func(inst, *args, **kwargs)\n           ^^^^^^^^^^^^^^^^^^^^^^^^^^^\n  File "/opt/instance1/odoo17/odoo/tools/lru.py", line 34, in __getitem__\n    a = self.d[obj]\n        ~~~~~~^^^^^\nKeyError: \'MOG_Trianing\'\n\nDuring handling of the above exception, another exception occurred:\n\nTraceback (most recent call last):\n  File "/opt/instance1/odoo17/odoo/addons/base/controllers/rpc.py", line 147, in xmlrpc_2\n    response = self._xmlrpc(service)\n               ^^^^^^^^^^^^^^^^^^^^^\n  File "/opt/instance1/odoo17/odoo/addons/base/controllers/rpc.py", line 127, in _xmlrpc\n    result = dispatch_rpc(service, method, params)\n             ^^^^^^^^^^^^^^^^^^^^^^^^^^^^^^^^^^^^^\n  File "/opt/instance1/odoo17/odoo/http.py", line 389, in dispatch_rpc\n    return dispatch(method, params)\n           ^^^^^^^^^^^^^^^^^^^^^^^^\n  File "/opt/instance1/odoo17/odoo/service/common.py", line 56, in dispatch\n    return g[exp_method_name](*params)\n           ^^^^^^^^^^^^^^^^^^^^^^^^^^^\n  File "/opt/instance1/odoo17/odoo/service/common.py", line 25, in exp_authenticate\n    res_users = odoo.registry(db)[\'res.users\']\n                ^^^^^^^^^^^^^^^^^\n  File "/opt/instance1/odoo17/odoo/__init__.py", line 106, in registry\n    return modules.registry.Registry(database_name)\n           ^^^^^^^^^^^^^^^^^^^^^^^^^^^^^^^^^^^^^^^^\n  File "/opt/instance1/odoo17/odoo/modules/registry.py", line 89, in __new__\n    return cls.new(db_name)\n           ^^^^^^^^^^^^^^^^\n  File "/opt/instance1/odoo17-venv/lib/python3.12/site-packages/decorator.py", line 232, in fun\n    return caller(func, *(extras + args), **kw)\n           ^^^^^^^^^^^^^^^^^^^^^^^^^^^^^^^^^^^^\n  File "/opt/instance1/odoo17/odoo/tools/func.py", line 87, in locked\n    return func(inst, *args, **kwargs)\n           ^^^^^^^^^^^^^^^^^^^^^^^^^^^\n  File "/opt/instance1/odoo17/odoo/modules/registry.py", line 97, in new\n    registry.init(db_name)\n  File "/opt/instance1/odoo17/odoo/modules/registry.py", line 178, in init\n    with closing(self.cursor()) as cr:\n                 ^^^^^^^^^^^^^\n  File "/opt/instance1/odoo17/odoo/modules/registry.py", line 946, in cursor\n    return self._db.cursor()\n           ^^^^^^^^^^^^^^^^^\n  File "/opt/instance1/odoo17/odoo/sql_db.py", line 753, in cursor\n    return Cursor(self.__pool, self.__dbname, self.__dsn)\n           ^^^^^^^^^^^^^^^^^^^^^^^^^^^^^^^^^^^^^^^^^^^^^^\n  File "/opt/instance1/odoo17/odoo/sql_db.py", line 267, in __init__\n    self._cnx = pool.borrow(dsn)\n                ^^^^^^^^^^^^^^^^\n  File "/opt/instance1/odoo17-venv/lib/python3.12/site-packages/decorator.py", line 232, in fun\n    return caller(func, *(extras + args), **kw)\n           ^^^^^^^^^^^^^^^^^^^^^^^^^^^^^^^^^^^^\n  File "/opt/instance1/odoo17/odoo/tools/func.py", line 87, in locked\n    return func(inst, *args, **kwargs)\n           ^^^^^^^^^^^^^^^^^^^^^^^^^^^\n  File "/opt/instance1/odoo17/odoo/sql_db.py", line 682, in borrow\n    result = psycopg2.connect(\n             ^^^^^^^^^^^^^^^^^\n  File "/opt/instance1/odoo17-venv/lib/python3.12/site-packages/psycopg2/__init__.py", line 122, in connect\n    conn = _connect(dsn, connection_factory=connection_factory, **kwasync)\n           ^^^^^^^^^^^^^^^^^^^^^^^^^^^^^^^^^^^^^^^^^^^^^^^^^^^^^^^^^^^^^^^\npsycopg2.OperationalError: connection to server on socket "/var/run/postgresql/.s.PGSQL.5432" failed: FATAL:  database "MOG_Trianing" does not exist\n\n'>
2025-03-12 08:07:20,372 - INFO - การนำเข้าและอัพเดทเสร็จสมบูรณ์
2025-03-12 08:08:17,388 - INFO - เริ่มต้นการนำเข้าและอัพเดทผังบัญชี...
2025-03-12 08:08:18,394 - INFO - กำลังอ่านไฟล์ Excel: C:\Users\Ball\Documents\Git_apcball\Project1\Data_file\Chart_Of_Account.xlsx
2025-03-12 08:08:18,967 - INFO - พบคอลัมน์ในไฟล์: currency_id, name, reconcile, code, account_type
2025-03-12 08:08:20,179 - WARNING - ไม่สามารถแปลงค่า currency_id 'THB' สำหรับบัญชี 1: could not convert string to float: 'THB'
2025-03-12 08:08:20,267 - INFO - อัพเดทบัญชี: 1 - สินทรัพย์
2025-03-12 08:08:20,269 - WARNING - ไม่สามารถแปลงค่า currency_id 'THB' สำหรับบัญชี 11: could not convert string to float: 'THB'
2025-03-12 08:08:20,340 - INFO - อัพเดทบัญชี: 11 - สินทรัพย์หมุนเวียน
2025-03-12 08:08:20,341 - WARNING - ไม่สามารถแปลงค่า currency_id 'THB' สำหรับบัญชี 111: could not convert string to float: 'THB'
2025-03-12 08:08:20,412 - INFO - อัพเดทบัญชี: 111 - เงินสดและเงินฝากสถาบันการเงิน
2025-03-12 08:08:20,413 - WARNING - ไม่สามารถแปลงค่า currency_id 'THB' สำหรับบัญชี 111000: could not convert string to float: 'THB'
2025-03-12 08:08:20,487 - INFO - อัพเดทบัญชี: 111000 - เงินสด
2025-03-12 08:08:20,488 - WARNING - ไม่สามารถแปลงค่า currency_id 'THB' สำหรับบัญชี 112000: could not convert string to float: 'THB'
2025-03-12 08:08:20,559 - INFO - อัพเดทบัญชี: 112000 - เงินฝากธนาคาร
2025-03-12 08:08:20,560 - WARNING - ไม่สามารถแปลงค่า currency_id 'THB' สำหรับบัญชี 113: could not convert string to float: 'THB'
2025-03-12 08:08:20,633 - INFO - อัพเดทบัญชี: 113 - เงินทดรองจ่าย
2025-03-12 08:08:20,634 - WARNING - ไม่สามารถแปลงค่า currency_id 'THB' สำหรับบัญชี 113001: could not convert string to float: 'THB'
2025-03-12 08:08:20,699 - INFO - อัพเดทบัญชี: 113001 - เงินทดรองจ่าย
2025-03-12 08:08:20,700 - WARNING - ไม่สามารถแปลงค่า currency_id 'THB' สำหรับบัญชี 113002: could not convert string to float: 'THB'
2025-03-12 08:08:20,772 - INFO - อัพเดทบัญชี: 113002 - เงินทดรองจ่ายที่ดิน
2025-03-12 08:08:20,773 - WARNING - ไม่สามารถแปลงค่า currency_id 'THB' สำหรับบัญชี 11400: could not convert string to float: 'THB'
2025-03-12 08:08:20,836 - INFO - อัพเดทบัญชี: 11400 - ลูกหนี้การค้าและตั๋วเงินรับ
2025-03-12 08:08:20,837 - WARNING - ไม่สามารถแปลงค่า currency_id 'THB' สำหรับบัญชี 114100: could not convert string to float: 'THB'
2025-03-12 08:08:20,902 - INFO - อัพเดทบัญชี: 114100 - ตั๋วเงินรับรอเรียกเก็บ
2025-03-12 08:08:20,903 - WARNING - ไม่สามารถแปลงค่า currency_id 'THB' สำหรับบัญชี 114200: could not convert string to float: 'THB'
2025-03-12 08:08:20,979 - INFO - อัพเดทบัญชี: 114200 - ลูกหนี้การค้าในประเทศ
2025-03-12 08:08:20,980 - WARNING - ไม่สามารถแปลงค่า currency_id 'THB' สำหรับบัญชี 114201: could not convert string to float: 'THB'
2025-03-12 08:08:21,076 - INFO - อัพเดทบัญชี: 114201 - ค่าเผื่อหนี้สงสัยจะสูญ
2025-03-12 08:08:21,078 - WARNING - ไม่สามารถแปลงค่า currency_id 'THB' สำหรับบัญชี 114300: could not convert string to float: 'THB'
2025-03-12 08:08:21,174 - INFO - อัพเดทบัญชี: 114300 - ลูกหนี้การค้าต่างประเทศ
2025-03-12 08:08:21,176 - WARNING - ไม่สามารถแปลงค่า currency_id 'THB' สำหรับบัญชี 11500: could not convert string to float: 'THB'
2025-03-12 08:08:21,240 - INFO - อัพเดทบัญชี: 11500 - สินค้าคงเหลือ
2025-03-12 08:08:21,241 - WARNING - ไม่สามารถแปลงค่า currency_id 'THB' สำหรับบัญชี 115100: could not convert string to float: 'THB'
2025-03-12 08:08:21,315 - INFO - อัพเดทบัญชี: 115100 - สินค้าคงเหลือ
2025-03-12 08:08:21,316 - WARNING - ไม่สามารถแปลงค่า currency_id 'THB' สำหรับบัญชี 115200: could not convert string to float: 'THB'
2025-03-12 08:08:21,402 - INFO - อัพเดทบัญชี: 115200 - หีบห่อคงเหลือ
2025-03-12 08:08:21,403 - WARNING - ไม่สามารถแปลงค่า currency_id 'THB' สำหรับบัญชี 115300: could not convert string to float: 'THB'
2025-03-12 08:08:21,480 - INFO - อัพเดทบัญชี: 115300 - สินค้าระหว่างทำ (WIP)
2025-03-12 08:08:21,481 - WARNING - ไม่สามารถแปลงค่า currency_id 'THB' สำหรับบัญชี 115400: could not convert string to float: 'THB'
2025-03-12 08:08:21,533 - INFO - อัพเดทบัญชี: 115400 - สินค้าตัวอย่าง
2025-03-12 08:08:21,534 - WARNING - ไม่สามารถแปลงค่า currency_id 'THB' สำหรับบัญชี 115500: could not convert string to float: 'THB'
2025-03-12 08:08:21,614 - INFO - อัพเดทบัญชี: 115500 - สำรองค่าเผื่อสินค้าแตกชำรุด
2025-03-12 08:08:21,616 - WARNING - ไม่สามารถแปลงค่า currency_id 'THB' สำหรับบัญชี 115600: could not convert string to float: 'THB'
2025-03-12 08:08:21,688 - INFO - อัพเดทบัญชี: 115600 - สินค้าระหว่างทาง
2025-03-12 08:08:21,690 - WARNING - ไม่สามารถแปลงค่า currency_id 'THB' สำหรับบัญชี 115700: could not convert string to float: 'THB'
2025-03-12 08:08:21,755 - INFO - อัพเดทบัญชี: 115700 - สำรองค่าเผื่อสินค้าล้าสมัย
2025-03-12 08:08:21,756 - WARNING - ไม่สามารถแปลงค่า currency_id 'THB' สำหรับบัญชี 116: could not convert string to float: 'THB'
2025-03-12 08:08:21,817 - INFO - อัพเดทบัญชี: 116 - สินทรัพย์หมุนเวียนอื่น
2025-03-12 08:08:21,819 - WARNING - ไม่สามารถแปลงค่า currency_id 'THB' สำหรับบัญชี 116100: could not convert string to float: 'THB'
2025-03-12 08:08:21,879 - INFO - อัพเดทบัญชี: 116100 - ค่าใช้จ่ายจ่ายล่วงหน้า
2025-03-12 08:08:21,880 - WARNING - ไม่สามารถแปลงค่า currency_id 'THB' สำหรับบัญชี 116101: could not convert string to float: 'THB'
2025-03-12 08:08:21,947 - INFO - อัพเดทบัญชี: 116101 - ภาษีถูกหัก ณที่จ่าย
2025-03-12 08:08:21,947 - WARNING - ไม่สามารถแปลงค่า currency_id 'THB' สำหรับบัญชี 116102: could not convert string to float: 'THB'
2025-03-12 08:08:22,012 - INFO - อัพเดทบัญชี: 116102 - ค่าใช้จ่ายจ่ายล่วงหน้า
2025-03-12 08:08:22,013 - WARNING - ไม่สามารถแปลงค่า currency_id 'THB' สำหรับบัญชี 116103: could not convert string to float: 'THB'
2025-03-12 08:08:22,094 - INFO - อัพเดทบัญชี: 116103 - ค่าเบี้ยประกันภัยจ่ายล่วงหน้า
2025-03-12 08:08:22,095 - WARNING - ไม่สามารถแปลงค่า currency_id 'THB' สำหรับบัญชี 116104: could not convert string to float: 'THB'
2025-03-12 08:08:22,159 - INFO - อัพเดทบัญชี: 116104 - ดอกเบี้ยจ่ายล่วงหน้า
2025-03-12 08:08:22,160 - WARNING - ไม่สามารถแปลงค่า currency_id 'THB' สำหรับบัญชี 116105: could not convert string to float: 'THB'
2025-03-12 08:08:22,223 - INFO - อัพเดทบัญชี: 116105 - ภาษีเงินได้นิติบุคคลจ่ายล่วงหน้า
2025-03-12 08:08:22,224 - WARNING - ไม่สามารถแปลงค่า currency_id 'THB' สำหรับบัญชี 116106: could not convert string to float: 'THB'
2025-03-12 08:08:22,297 - INFO - อัพเดทบัญชี: 116106 - ค่าใช้จ่ายเกี่ยวกับพาหนะจ่ายล่วงหน้า
2025-03-12 08:08:22,298 - WARNING - ไม่สามารถแปลงค่า currency_id 'THB' สำหรับบัญชี 116107: could not convert string to float: 'THB'
2025-03-12 08:08:22,372 - INFO - อัพเดทบัญชี: 116107 - ดอกเบี้ยจ่ายล่วงหน้า
2025-03-12 08:08:22,373 - WARNING - ไม่สามารถแปลงค่า currency_id 'THB' สำหรับบัญชี 116108: could not convert string to float: 'THB'
2025-03-12 08:08:22,453 - INFO - อัพเดทบัญชี: 116108 - ค่าอากรขาเข้าจ่ายล่วงหน้า
2025-03-12 08:08:22,454 - WARNING - ไม่สามารถแปลงค่า currency_id 'THB' สำหรับบัญชี 116200: could not convert string to float: 'THB'
2025-03-12 08:08:22,531 - INFO - อัพเดทบัญชี: 116200 - เงินมัดจำ
2025-03-12 08:08:22,532 - WARNING - ไม่สามารถแปลงค่า currency_id 'THB' สำหรับบัญชี 116201: could not convert string to float: 'THB'
2025-03-12 08:08:22,601 - INFO - อัพเดทบัญชี: 116201 - เงินมัดจำค่าสินค้า
2025-03-12 08:08:22,602 - WARNING - ไม่สามารถแปลงค่า currency_id 'THB' สำหรับบัญชี 116202: could not convert string to float: 'THB'
2025-03-12 08:08:22,671 - INFO - อัพเดทบัญชี: 116202 - เงินมัดจำค่าอุปกรณ์-ต่างประเทศ
2025-03-12 08:08:22,672 - WARNING - ไม่สามารถแปลงค่า currency_id 'THB' สำหรับบัญชี 116203: could not convert string to float: 'THB'
2025-03-12 08:08:22,753 - INFO - อัพเดทบัญชี: 116203 - เงินมัดจำอื่นๆ
2025-03-12 08:08:22,754 - WARNING - ไม่สามารถแปลงค่า currency_id 'THB' สำหรับบัญชี 116300: could not convert string to float: 'THB'
2025-03-12 08:08:22,840 - INFO - อัพเดทบัญชี: 116300 - ดอกเบี้ยค้างรับ
2025-03-12 08:08:22,842 - WARNING - ไม่สามารถแปลงค่า currency_id 'THB' สำหรับบัญชี 116400: could not convert string to float: 'THB'
2025-03-12 08:08:22,906 - INFO - อัพเดทบัญชี: 116400 - ภาษีซื้อ
2025-03-12 08:08:22,907 - WARNING - ไม่สามารถแปลงค่า currency_id 'THB' สำหรับบัญชี 116500: could not convert string to float: 'THB'
2025-03-12 08:08:22,975 - INFO - อัพเดทบัญชี: 116500 - ภาษีซื้อรอขอคืน
2025-03-12 08:08:22,976 - WARNING - ไม่สามารถแปลงค่า currency_id 'THB' สำหรับบัญชี 116600: could not convert string to float: 'THB'
2025-03-12 08:08:23,059 - INFO - อัพเดทบัญชี: 116600 - ภาษีซื้อไม่ถึงกำหนด
2025-03-12 08:08:23,060 - WARNING - ไม่สามารถแปลงค่า currency_id 'THB' สำหรับบัญชี 116700: could not convert string to float: 'THB'
2025-03-12 08:08:23,147 - INFO - อัพเดทบัญชี: 116700 - ลูกหนี้กรมสรรพากร
2025-03-12 08:08:23,149 - WARNING - ไม่สามารถแปลงค่า currency_id 'THB' สำหรับบัญชี 116800: could not convert string to float: 'THB'
2025-03-12 08:08:23,217 - INFO - อัพเดทบัญชี: 116800 - ลูกหนี้อื่น
2025-03-12 08:08:23,218 - WARNING - ไม่สามารถแปลงค่า currency_id 'THB' สำหรับบัญชี 117000: could not convert string to float: 'THB'
2025-03-12 08:08:23,293 - INFO - อัพเดทบัญชี: 117000 - ค่าใช้จ่ายรอตัดบัญชี
2025-03-12 08:08:23,294 - WARNING - ไม่สามารถแปลงค่า currency_id 'THB' สำหรับบัญชี 117101: could not convert string to float: 'THB'
2025-03-12 08:08:23,370 - INFO - อัพเดทบัญชี: 117101 - เครื่องหมายการค้ารอตัดบัญชี
2025-03-12 08:08:23,371 - WARNING - ไม่สามารถแปลงค่า currency_id 'THB' สำหรับบัญชี 117102: could not convert string to float: 'THB'
2025-03-12 08:08:23,451 - INFO - อัพเดทบัญชี: 117102 - ดอกผลเช่าซื้อรอตัดบัญชี
2025-03-12 08:08:23,452 - WARNING - ไม่สามารถแปลงค่า currency_id 'THB' สำหรับบัญชี 117103: could not convert string to float: 'THB'
2025-03-12 08:08:23,536 - INFO - อัพเดทบัญชี: 117103 - ลิขสิทธิ์รอตัดบัญชี
2025-03-12 08:08:23,538 - WARNING - ไม่สามารถแปลงค่า currency_id 'THB' สำหรับบัญชี 117104: could not convert string to float: 'THB'
2025-03-12 08:08:23,616 - INFO - อัพเดทบัญชี: 117104 - รายจ่ายรอตัดบัญชี
2025-03-12 08:08:23,617 - WARNING - ไม่สามารถแปลงค่า currency_id 'THB' สำหรับบัญชี 12: could not convert string to float: 'THB'
2025-03-12 08:08:23,683 - INFO - อัพเดทบัญชี: 12 - สินทรัพย์ไม่หมุนเวียน
2025-03-12 08:08:23,686 - WARNING - ไม่สามารถแปลงค่า currency_id 'THB' สำหรับบัญชี 120000: could not convert string to float: 'THB'
2025-03-12 08:08:23,772 - INFO - อัพเดทบัญชี: 120000 - ที่ดิน อาคารและอุปกรณ์
2025-03-12 08:08:23,773 - WARNING - ไม่สามารถแปลงค่า currency_id 'THB' สำหรับบัญชี 121000: could not convert string to float: 'THB'
2025-03-12 08:08:23,855 - INFO - อัพเดทบัญชี: 121000 - ที่ดิน
2025-03-12 08:08:23,856 - WARNING - ไม่สามารถแปลงค่า currency_id 'THB' สำหรับบัญชี 121100: could not convert string to float: 'THB'
2025-03-12 08:08:23,923 - INFO - อัพเดทบัญชี: 121100 - ที่ดิน
2025-03-12 08:08:23,924 - WARNING - ไม่สามารถแปลงค่า currency_id 'THB' สำหรับบัญชี 121101: could not convert string to float: 'THB'
2025-03-12 08:08:23,990 - INFO - อัพเดทบัญชี: 121101 - ส่วนเพิ่มเติมในที่ดิน
2025-03-12 08:08:23,990 - WARNING - ไม่สามารถแปลงค่า currency_id 'THB' สำหรับบัญชี 121102: could not convert string to float: 'THB'
2025-03-12 08:08:24,074 - INFO - อัพเดทบัญชี: 121102 - ดอกเบี้ยจ่ายต้นทุนที่ดิน
2025-03-12 08:08:24,075 - WARNING - ไม่สามารถแปลงค่า currency_id 'THB' สำหรับบัญชี 122000: could not convert string to float: 'THB'
2025-03-12 08:08:24,151 - INFO - อัพเดทบัญชี: 122000 - อาคารและทรัพย์สินอื่น
2025-03-12 08:08:24,152 - WARNING - ไม่สามารถแปลงค่า currency_id 'THB' สำหรับบัญชี 122101: could not convert string to float: 'THB'
2025-03-12 08:08:24,224 - INFO - อัพเดทบัญชี: 122101 - อาคารคลังสินค้า
2025-03-12 08:08:24,225 - WARNING - ไม่สามารถแปลงค่า currency_id 'THB' สำหรับบัญชี 122102: could not convert string to float: 'THB'
2025-03-12 08:08:24,289 - INFO - อัพเดทบัญชี: 122102 - อาคารสำนักงาน
2025-03-12 08:08:24,290 - WARNING - ไม่สามารถแปลงค่า currency_id 'THB' สำหรับบัญชี 122103: could not convert string to float: 'THB'
2025-03-12 08:08:24,368 - INFO - อัพเดทบัญชี: 122103 - อาคารระหว่างก่อสร้าง
2025-03-12 08:08:24,369 - WARNING - ไม่สามารถแปลงค่า currency_id 'THB' สำหรับบัญชี 122104: could not convert string to float: 'THB'
2025-03-12 08:08:24,460 - INFO - อัพเดทบัญชี: 122104 - ดอกเบี้ยจ่ายต้นทุนอาคารระหว่างก่อสร้าง
2025-03-12 08:08:24,462 - WARNING - ไม่สามารถแปลงค่า currency_id 'THB' สำหรับบัญชี 122105: could not convert string to float: 'THB'
2025-03-12 08:08:24,532 - INFO - อัพเดทบัญชี: 122105 - สิ่งปลูกสร้างอื่น
2025-03-12 08:08:24,533 - WARNING - ไม่สามารถแปลงค่า currency_id 'THB' สำหรับบัญชี 122106: could not convert string to float: 'THB'
2025-03-12 08:08:24,607 - INFO - อัพเดทบัญชี: 122106 - สิ่งปลูกสร้างอื่นระหว่างก่อสร้าง
2025-03-12 08:08:24,608 - WARNING - ไม่สามารถแปลงค่า currency_id 'THB' สำหรับบัญชี 122107: could not convert string to float: 'THB'
2025-03-12 08:08:24,666 - INFO - อัพเดทบัญชี: 122107 - ส่วนต่อเติมอาคาร
2025-03-12 08:08:24,667 - WARNING - ไม่สามารถแปลงค่า currency_id 'THB' สำหรับบัญชี 122108: could not convert string to float: 'THB'
2025-03-12 08:08:24,755 - INFO - อัพเดทบัญชี: 122108 - ส่วนต่อเติมระหว่างก่อสร้าง
2025-03-12 08:08:24,757 - WARNING - ไม่สามารถแปลงค่า currency_id 'THB' สำหรับบัญชี 122109: could not convert string to float: 'THB'
2025-03-12 08:08:24,844 - INFO - อัพเดทบัญชี: 122109 - เครื่องจักรและอุปกรณ์เครื่องมือเครื่องใช้
2025-03-12 08:08:24,847 - WARNING - ไม่สามารถแปลงค่า currency_id 'THB' สำหรับบัญชี 122110: could not convert string to float: 'THB'
2025-03-12 08:08:25,940 - INFO - อัพเดทบัญชี: 122110 - ยานพาหนะ
2025-03-12 08:08:25,943 - WARNING - ไม่สามารถแปลงค่า currency_id 'THB' สำหรับบัญชี 122111: could not convert string to float: 'THB'
2025-03-12 08:08:26,083 - INFO - อัพเดทบัญชี: 122111 - ส่วนต่อเติมยานพาหนะ
2025-03-12 08:08:26,086 - WARNING - ไม่สามารถแปลงค่า currency_id 'THB' สำหรับบัญชี 122112: could not convert string to float: 'THB'
2025-03-12 08:08:26,169 - INFO - อัพเดทบัญชี: 122112 - ค่าโปรแกรมสำเร็จรูป
2025-03-12 08:08:26,170 - WARNING - ไม่สามารถแปลงค่า currency_id 'THB' สำหรับบัญชี 122113: could not convert string to float: 'THB'
2025-03-12 08:08:26,237 - INFO - อัพเดทบัญชี: 122113 - Display
2025-03-12 08:08:26,238 - WARNING - ไม่สามารถแปลงค่า currency_id 'THB' สำหรับบัญชี 122114: could not convert string to float: 'THB'
2025-03-12 08:08:26,304 - INFO - อัพเดทบัญชี: 122114 - โมลด์แม่พิมพ์
2025-03-12 08:08:26,305 - WARNING - ไม่สามารถแปลงค่า currency_id 'THB' สำหรับบัญชี 122115: could not convert string to float: 'THB'
2025-03-12 08:08:26,380 - INFO - อัพเดทบัญชี: 122115 - โมลด์ระหว่างทำ
2025-03-12 08:08:26,381 - WARNING - ไม่สามารถแปลงค่า currency_id 'THB' สำหรับบัญชี 122116: could not convert string to float: 'THB'
2025-03-12 08:08:26,467 - INFO - อัพเดทบัญชี: 122116 - เครื่องมือเครื่องใช้
2025-03-12 08:08:26,468 - WARNING - ไม่สามารถแปลงค่า currency_id 'THB' สำหรับบัญชี 122117: could not convert string to float: 'THB'
2025-03-12 08:08:26,540 - INFO - อัพเดทบัญชี: 122117 - เครื่องตกแต่งและเครื่องใช้สำนักงาน
2025-03-12 08:08:26,541 - WARNING - ไม่สามารถแปลงค่า currency_id 'THB' สำหรับบัญชี 122118: could not convert string to float: 'THB'
2025-03-12 08:08:26,615 - INFO - อัพเดทบัญชี: 122118 - Display ระหว่างทำ
2025-03-12 08:08:26,616 - WARNING - ไม่สามารถแปลงค่า currency_id 'THB' สำหรับบัญชี 122119: could not convert string to float: 'THB'
2025-03-12 08:08:26,684 - INFO - อัพเดทบัญชี: 122119 - งานพัฒนาผลิตภัณฑ์ระหว่างทำ
2025-03-12 08:08:26,685 - WARNING - ไม่สามารถแปลงค่า currency_id 'THB' สำหรับบัญชี 12300: could not convert string to float: 'THB'
2025-03-12 08:08:26,764 - INFO - อัพเดทบัญชี: 12300 - ค่าเสื่อมราคาสะสม
2025-03-12 08:08:26,765 - WARNING - ไม่สามารถแปลงค่า currency_id 'THB' สำหรับบัญชี 123101: could not convert string to float: 'THB'
2025-03-12 08:08:26,837 - INFO - อัพเดทบัญชี: 123101 - ค่าเสื่อมราคาสะสม-อาคารคลังโรงงาน
2025-03-12 08:08:26,838 - WARNING - ไม่สามารถแปลงค่า currency_id 'THB' สำหรับบัญชี 123102: could not convert string to float: 'THB'
2025-03-12 08:08:26,903 - INFO - อัพเดทบัญชี: 123102 - ค่าเสื่อมราคาสะสม-อาคารสำนักงาน
2025-03-12 08:08:26,904 - WARNING - ไม่สามารถแปลงค่า currency_id 'THB' สำหรับบัญชี 123103: could not convert string to float: 'THB'
2025-03-12 08:08:26,984 - INFO - อัพเดทบัญชี: 123103 - ค่าเสื่อมราคาสะสมสิ่งปลูกสร้างอื่น
2025-03-12 08:08:26,985 - WARNING - ไม่สามารถแปลงค่า currency_id 'THB' สำหรับบัญชี 123104: could not convert string to float: 'THB'
2025-03-12 08:08:27,075 - INFO - อัพเดทบัญชี: 123104 - ค่าเสื่อมราคาสะสม-ส่วนต่อเติมอาคาร
2025-03-12 08:08:27,077 - WARNING - ไม่สามารถแปลงค่า currency_id 'THB' สำหรับบัญชี 123105: could not convert string to float: 'THB'
2025-03-12 08:08:27,162 - INFO - อัพเดทบัญชี: 123105 - ค่าเสื่อมราคาสะสม-เครื่องจักรและอุปกรณ์
2025-03-12 08:08:27,164 - WARNING - ไม่สามารถแปลงค่า currency_id 'THB' สำหรับบัญชี 123106: could not convert string to float: 'THB'
2025-03-12 08:08:27,234 - INFO - อัพเดทบัญชี: 123106 - ค่าเสื่อมราคาสะสม-เครื่องตกแต่งและเครื่องใช้สำนักงาน
2025-03-12 08:08:27,235 - WARNING - ไม่สามารถแปลงค่า currency_id 'THB' สำหรับบัญชี 123107: could not convert string to float: 'THB'
2025-03-12 08:08:27,317 - INFO - อัพเดทบัญชี: 123107 - ค่าเสื่อมราคาสะสม-ยานพาหนะ
2025-03-12 08:08:27,318 - WARNING - ไม่สามารถแปลงค่า currency_id 'THB' สำหรับบัญชี 123108: could not convert string to float: 'THB'
2025-03-12 08:08:27,400 - INFO - อัพเดทบัญชี: 123108 - Amortization
2025-03-12 08:08:27,401 - WARNING - ไม่สามารถแปลงค่า currency_id 'THB' สำหรับบัญชี 123109: could not convert string to float: 'THB'
2025-03-12 08:08:27,479 - INFO - อัพเดทบัญชี: 123109 - ค่าเสื่อมราคาสะสม-Display
2025-03-12 08:08:27,480 - WARNING - ไม่สามารถแปลงค่า currency_id 'THB' สำหรับบัญชี 123110: could not convert string to float: 'THB'
2025-03-12 08:08:27,559 - INFO - อัพเดทบัญชี: 123110 - ค่าเสื่อมราคาสะสม-โมลด์แม่พิมพ์
2025-03-12 08:08:27,560 - WARNING - ไม่สามารถแปลงค่า currency_id 'THB' สำหรับบัญชี 123111: could not convert string to float: 'THB'
2025-03-12 08:08:27,637 - INFO - อัพเดทบัญชี: 123111 - ค่าเสื่อมราคาสะสม - เครื่องมือเครื่องใช้
2025-03-12 08:08:27,637 - WARNING - ไม่สามารถแปลงค่า currency_id 'THB' สำหรับบัญชี 123112: could not convert string to float: 'THB'
2025-03-12 08:08:27,738 - INFO - อัพเดทบัญชี: 123112 - ค่าเสื่อมราคาสะสม-ส่วนต่อเติมยานพานะ
2025-03-12 08:08:27,740 - WARNING - ไม่สามารถแปลงค่า currency_id 'THB' สำหรับบัญชี 130000: could not convert string to float: 'THB'
2025-03-12 08:08:27,818 - INFO - อัพเดทบัญชี: 130000 - สินทรัพย์อื่น
2025-03-12 08:08:27,819 - WARNING - ไม่สามารถแปลงค่า currency_id 'THB' สำหรับบัญชี 131000: could not convert string to float: 'THB'
2025-03-12 08:08:27,886 - INFO - อัพเดทบัญชี: 131000 - เงินประกัน
2025-03-12 08:08:27,887 - WARNING - ไม่สามารถแปลงค่า currency_id 'THB' สำหรับบัญชี 131100: could not convert string to float: 'THB'
2025-03-12 08:08:27,959 - INFO - อัพเดทบัญชี: 131100 - เงินประกันไฟฟ้า
2025-03-12 08:08:27,960 - WARNING - ไม่สามารถแปลงค่า currency_id 'THB' สำหรับบัญชี 131200: could not convert string to float: 'THB'
2025-03-12 08:08:28,051 - INFO - อัพเดทบัญชี: 131200 - เงินประกันอื่น
2025-03-12 08:08:28,053 - WARNING - ไม่สามารถแปลงค่า currency_id 'THB' สำหรับบัญชี 131300: could not convert string to float: 'THB'
2025-03-12 08:08:28,133 - INFO - อัพเดทบัญชี: 131300 - เงินค้ำประกันค่าสินค้า
2025-03-12 08:08:28,134 - WARNING - ไม่สามารถแปลงค่า currency_id 'THB' สำหรับบัญชี 140000: could not convert string to float: 'THB'
2025-03-12 08:08:28,214 - INFO - อัพเดทบัญชี: 140000 - เงินกู้ยืมระยะยาวบุคคลที่เกี่ยวข้องกัน
2025-03-12 08:08:28,215 - WARNING - ไม่สามารถแปลงค่า currency_id 'THB' สำหรับบัญชี 141000: could not convert string to float: 'THB'
2025-03-12 08:08:28,296 - INFO - อัพเดทบัญชี: 141000 - เงินให้กู้ยืมระยะยาวกรรมการ
2025-03-12 08:08:28,297 - WARNING - ไม่สามารถแปลงค่า currency_id 'THB' สำหรับบัญชี 142000: could not convert string to float: 'THB'
2025-03-12 08:09:53,447 - INFO - เริ่มต้นการนำเข้าและอัพเดทผังบัญชี...
2025-03-12 08:09:54,882 - INFO - กำลังอ่านไฟล์ Excel: C:\Users\Ball\Documents\Git_apcball\Project1\Data_file\Chart_Of_Account.xlsx
2025-03-12 08:09:55,140 - INFO - พบคอลัมน์ในไฟล์: currency_id, name, reconcile, code, account_type
2025-03-12 08:09:55,252 - INFO - กำหนด currency_id 134 สำหรับบัญชี 1
2025-03-12 08:09:55,376 - INFO - อัพเดทบัญชี: 1 - สินทรัพย์
2025-03-12 08:09:55,426 - INFO - กำหนด currency_id 134 สำหรับบัญชี 11
2025-03-12 08:09:55,526 - INFO - อัพเดทบัญชี: 11 - สินทรัพย์หมุนเวียน
2025-03-12 08:09:55,567 - INFO - กำหนด currency_id 134 สำหรับบัญชี 111
2025-03-12 08:09:55,656 - INFO - อัพเดทบัญชี: 111 - เงินสดและเงินฝากสถาบันการเงิน
2025-03-12 08:09:55,707 - INFO - กำหนด currency_id 134 สำหรับบัญชี 111000
2025-03-12 08:09:55,796 - INFO - อัพเดทบัญชี: 111000 - เงินสด
2025-03-12 08:09:55,840 - INFO - กำหนด currency_id 134 สำหรับบัญชี 112000
2025-03-12 08:09:55,924 - INFO - อัพเดทบัญชี: 112000 - เงินฝากธนาคาร
2025-03-12 08:09:55,986 - INFO - กำหนด currency_id 134 สำหรับบัญชี 113
2025-03-12 08:09:56,079 - INFO - อัพเดทบัญชี: 113 - เงินทดรองจ่าย
2025-03-12 08:09:56,121 - INFO - กำหนด currency_id 134 สำหรับบัญชี 113001
2025-03-12 08:09:56,219 - INFO - อัพเดทบัญชี: 113001 - เงินทดรองจ่าย
2025-03-12 08:09:56,262 - INFO - กำหนด currency_id 134 สำหรับบัญชี 113002
2025-03-12 08:09:56,353 - INFO - อัพเดทบัญชี: 113002 - เงินทดรองจ่ายที่ดิน
2025-03-12 08:09:56,398 - INFO - กำหนด currency_id 134 สำหรับบัญชี 11400
2025-03-12 08:09:56,496 - INFO - อัพเดทบัญชี: 11400 - ลูกหนี้การค้าและตั๋วเงินรับ
2025-03-12 08:09:56,542 - INFO - กำหนด currency_id 134 สำหรับบัญชี 114100
2025-03-12 08:09:56,613 - INFO - อัพเดทบัญชี: 114100 - ตั๋วเงินรับรอเรียกเก็บ
2025-03-12 08:09:56,657 - INFO - กำหนด currency_id 134 สำหรับบัญชี 114200
2025-03-12 08:09:56,748 - INFO - อัพเดทบัญชี: 114200 - ลูกหนี้การค้าในประเทศ
2025-03-12 08:09:56,795 - INFO - กำหนด currency_id 134 สำหรับบัญชี 114201
2025-03-12 08:09:56,889 - INFO - อัพเดทบัญชี: 114201 - ค่าเผื่อหนี้สงสัยจะสูญ
2025-03-12 08:09:56,931 - INFO - กำหนด currency_id 134 สำหรับบัญชี 114300
2025-03-12 08:09:57,013 - INFO - อัพเดทบัญชี: 114300 - ลูกหนี้การค้าต่างประเทศ
2025-03-12 08:09:57,065 - INFO - กำหนด currency_id 134 สำหรับบัญชี 11500
2025-03-12 08:09:57,139 - INFO - อัพเดทบัญชี: 11500 - สินค้าคงเหลือ
2025-03-12 08:09:57,181 - INFO - กำหนด currency_id 134 สำหรับบัญชี 115100
2025-03-12 08:09:57,272 - INFO - อัพเดทบัญชี: 115100 - สินค้าคงเหลือ
2025-03-12 08:09:57,323 - INFO - กำหนด currency_id 134 สำหรับบัญชี 115200
2025-03-12 08:09:57,427 - INFO - อัพเดทบัญชี: 115200 - หีบห่อคงเหลือ
2025-03-12 08:09:57,480 - INFO - กำหนด currency_id 134 สำหรับบัญชี 115300
2025-03-12 08:09:57,586 - INFO - อัพเดทบัญชี: 115300 - สินค้าระหว่างทำ (WIP)
2025-03-12 08:09:57,637 - INFO - กำหนด currency_id 134 สำหรับบัญชี 115400
2025-03-12 08:09:57,745 - INFO - อัพเดทบัญชี: 115400 - สินค้าตัวอย่าง
2025-03-12 08:09:57,798 - INFO - กำหนด currency_id 134 สำหรับบัญชี 115500
2025-03-12 08:09:57,899 - INFO - อัพเดทบัญชี: 115500 - สำรองค่าเผื่อสินค้าแตกชำรุด
2025-03-12 08:09:57,944 - INFO - กำหนด currency_id 134 สำหรับบัญชี 115600
2025-03-12 08:09:58,049 - INFO - อัพเดทบัญชี: 115600 - สินค้าระหว่างทาง
2025-03-12 08:09:58,100 - INFO - กำหนด currency_id 134 สำหรับบัญชี 115700
2025-03-12 08:09:58,187 - INFO - อัพเดทบัญชี: 115700 - สำรองค่าเผื่อสินค้าล้าสมัย
2025-03-12 08:09:58,229 - INFO - กำหนด currency_id 134 สำหรับบัญชี 116
2025-03-12 08:09:58,326 - INFO - อัพเดทบัญชี: 116 - สินทรัพย์หมุนเวียนอื่น
2025-03-12 08:09:58,366 - INFO - กำหนด currency_id 134 สำหรับบัญชี 116100
2025-03-12 08:09:58,464 - INFO - อัพเดทบัญชี: 116100 - ค่าใช้จ่ายจ่ายล่วงหน้า
2025-03-12 08:09:58,508 - INFO - กำหนด currency_id 134 สำหรับบัญชี 116101
2025-03-12 08:09:58,587 - INFO - อัพเดทบัญชี: 116101 - ภาษีถูกหัก ณที่จ่าย
2025-03-12 08:09:58,628 - INFO - กำหนด currency_id 134 สำหรับบัญชี 116102
2025-03-12 08:09:58,745 - INFO - อัพเดทบัญชี: 116102 - ค่าใช้จ่ายจ่ายล่วงหน้า
2025-03-12 08:09:58,795 - INFO - กำหนด currency_id 134 สำหรับบัญชี 116103
2025-03-12 08:09:58,888 - INFO - อัพเดทบัญชี: 116103 - ค่าเบี้ยประกันภัยจ่ายล่วงหน้า
2025-03-12 08:09:58,936 - INFO - กำหนด currency_id 134 สำหรับบัญชี 116104
2025-03-12 08:09:59,035 - INFO - อัพเดทบัญชี: 116104 - ดอกเบี้ยจ่ายล่วงหน้า
2025-03-12 08:09:59,079 - INFO - กำหนด currency_id 134 สำหรับบัญชี 116105
2025-03-12 08:09:59,182 - INFO - อัพเดทบัญชี: 116105 - ภาษีเงินได้นิติบุคคลจ่ายล่วงหน้า
2025-03-12 08:09:59,224 - INFO - กำหนด currency_id 134 สำหรับบัญชี 116106
2025-03-12 08:09:59,316 - INFO - อัพเดทบัญชี: 116106 - ค่าใช้จ่ายเกี่ยวกับพาหนะจ่ายล่วงหน้า
2025-03-12 08:09:59,360 - INFO - กำหนด currency_id 134 สำหรับบัญชี 116107
2025-03-12 08:09:59,444 - INFO - อัพเดทบัญชี: 116107 - ดอกเบี้ยจ่ายล่วงหน้า
2025-03-12 08:09:59,483 - INFO - กำหนด currency_id 134 สำหรับบัญชี 116108
2025-03-12 08:09:59,577 - INFO - อัพเดทบัญชี: 116108 - ค่าอากรขาเข้าจ่ายล่วงหน้า
2025-03-12 08:09:59,616 - INFO - กำหนด currency_id 134 สำหรับบัญชี 116200
2025-03-12 08:09:59,717 - INFO - อัพเดทบัญชี: 116200 - เงินมัดจำ
2025-03-12 08:09:59,776 - INFO - กำหนด currency_id 134 สำหรับบัญชี 116201
2025-03-12 08:09:59,852 - INFO - อัพเดทบัญชี: 116201 - เงินมัดจำค่าสินค้า
2025-03-12 08:09:59,897 - INFO - กำหนด currency_id 134 สำหรับบัญชี 116202
2025-03-12 08:10:00,000 - INFO - อัพเดทบัญชี: 116202 - เงินมัดจำค่าอุปกรณ์-ต่างประเทศ
2025-03-12 08:10:00,053 - INFO - กำหนด currency_id 134 สำหรับบัญชี 116203
2025-03-12 08:10:00,161 - INFO - อัพเดทบัญชี: 116203 - เงินมัดจำอื่นๆ
2025-03-12 08:10:00,208 - INFO - กำหนด currency_id 134 สำหรับบัญชี 116300
2025-03-12 08:10:00,271 - INFO - อัพเดทบัญชี: 116300 - ดอกเบี้ยค้างรับ
2025-03-12 08:10:00,312 - INFO - กำหนด currency_id 134 สำหรับบัญชี 116400
2025-03-12 08:10:00,390 - INFO - อัพเดทบัญชี: 116400 - ภาษีซื้อ
2025-03-12 08:10:00,437 - INFO - กำหนด currency_id 134 สำหรับบัญชี 116500
2025-03-12 08:10:00,525 - INFO - อัพเดทบัญชี: 116500 - ภาษีซื้อรอขอคืน
2025-03-12 08:10:00,573 - INFO - กำหนด currency_id 134 สำหรับบัญชี 116600
2025-03-12 08:10:00,648 - INFO - อัพเดทบัญชี: 116600 - ภาษีซื้อไม่ถึงกำหนด
2025-03-12 08:10:00,692 - INFO - กำหนด currency_id 134 สำหรับบัญชี 116700
2025-03-12 08:10:00,785 - INFO - อัพเดทบัญชี: 116700 - ลูกหนี้กรมสรรพากร
2025-03-12 08:10:00,831 - INFO - กำหนด currency_id 134 สำหรับบัญชี 116800
2025-03-12 08:10:00,924 - INFO - อัพเดทบัญชี: 116800 - ลูกหนี้อื่น
2025-03-12 08:10:00,968 - INFO - กำหนด currency_id 134 สำหรับบัญชี 117000
2025-03-12 08:10:01,052 - INFO - อัพเดทบัญชี: 117000 - ค่าใช้จ่ายรอตัดบัญชี
2025-03-12 08:10:01,093 - INFO - กำหนด currency_id 134 สำหรับบัญชี 117101
2025-03-12 08:10:01,214 - INFO - อัพเดทบัญชี: 117101 - เครื่องหมายการค้ารอตัดบัญชี
2025-03-12 08:10:01,260 - INFO - กำหนด currency_id 134 สำหรับบัญชี 117102
2025-03-12 08:10:01,350 - INFO - อัพเดทบัญชี: 117102 - ดอกผลเช่าซื้อรอตัดบัญชี
2025-03-12 08:10:01,387 - INFO - กำหนด currency_id 134 สำหรับบัญชี 117103
2025-03-12 08:10:01,459 - INFO - อัพเดทบัญชี: 117103 - ลิขสิทธิ์รอตัดบัญชี
2025-03-12 08:10:01,503 - INFO - กำหนด currency_id 134 สำหรับบัญชี 117104
2025-03-12 08:10:01,599 - INFO - อัพเดทบัญชี: 117104 - รายจ่ายรอตัดบัญชี
2025-03-12 08:10:01,644 - INFO - กำหนด currency_id 134 สำหรับบัญชี 12
2025-03-12 08:10:01,712 - INFO - อัพเดทบัญชี: 12 - สินทรัพย์ไม่หมุนเวียน
2025-03-12 08:10:01,753 - INFO - กำหนด currency_id 134 สำหรับบัญชี 120000
2025-03-12 08:10:01,835 - INFO - อัพเดทบัญชี: 120000 - ที่ดิน อาคารและอุปกรณ์
2025-03-12 08:10:01,877 - INFO - กำหนด currency_id 134 สำหรับบัญชี 121000
2025-03-12 08:10:01,960 - INFO - อัพเดทบัญชี: 121000 - ที่ดิน
2025-03-12 08:10:02,001 - INFO - กำหนด currency_id 134 สำหรับบัญชี 121100
2025-03-12 08:10:02,071 - INFO - อัพเดทบัญชี: 121100 - ที่ดิน
2025-03-12 08:10:02,361 - INFO - กำหนด currency_id 134 สำหรับบัญชี 121101
2025-03-12 08:10:02,448 - INFO - อัพเดทบัญชี: 121101 - ส่วนเพิ่มเติมในที่ดิน
2025-03-12 08:10:02,495 - INFO - กำหนด currency_id 134 สำหรับบัญชี 121102
2025-03-12 08:10:02,599 - INFO - อัพเดทบัญชี: 121102 - ดอกเบี้ยจ่ายต้นทุนที่ดิน
2025-03-12 08:10:02,647 - INFO - กำหนด currency_id 134 สำหรับบัญชี 122000
2025-03-12 08:10:02,744 - INFO - อัพเดทบัญชี: 122000 - อาคารและทรัพย์สินอื่น
2025-03-12 08:10:02,790 - INFO - กำหนด currency_id 134 สำหรับบัญชี 122101
2025-03-12 08:10:02,864 - INFO - อัพเดทบัญชี: 122101 - อาคารคลังสินค้า
2025-03-12 08:10:02,903 - INFO - กำหนด currency_id 134 สำหรับบัญชี 122102
2025-03-12 08:10:02,991 - INFO - อัพเดทบัญชี: 122102 - อาคารสำนักงาน
2025-03-12 08:10:03,041 - INFO - กำหนด currency_id 134 สำหรับบัญชี 122103
2025-03-12 08:10:03,138 - INFO - อัพเดทบัญชี: 122103 - อาคารระหว่างก่อสร้าง
2025-03-12 08:10:03,182 - INFO - กำหนด currency_id 134 สำหรับบัญชี 122104
2025-03-12 08:10:03,251 - INFO - อัพเดทบัญชี: 122104 - ดอกเบี้ยจ่ายต้นทุนอาคารระหว่างก่อสร้าง
2025-03-12 08:10:03,292 - INFO - กำหนด currency_id 134 สำหรับบัญชี 122105
2025-03-12 08:10:03,381 - INFO - อัพเดทบัญชี: 122105 - สิ่งปลูกสร้างอื่น
2025-03-12 08:10:03,426 - INFO - กำหนด currency_id 134 สำหรับบัญชี 122106
2025-03-12 08:10:03,512 - INFO - อัพเดทบัญชี: 122106 - สิ่งปลูกสร้างอื่นระหว่างก่อสร้าง
2025-03-12 08:10:03,551 - INFO - กำหนด currency_id 134 สำหรับบัญชี 122107
2025-03-12 08:10:03,628 - INFO - อัพเดทบัญชี: 122107 - ส่วนต่อเติมอาคาร
2025-03-12 08:10:03,673 - INFO - กำหนด currency_id 134 สำหรับบัญชี 122108
2025-03-12 08:10:03,748 - INFO - อัพเดทบัญชี: 122108 - ส่วนต่อเติมระหว่างก่อสร้าง
2025-03-12 08:10:03,793 - INFO - กำหนด currency_id 134 สำหรับบัญชี 122109
2025-03-12 08:10:03,907 - INFO - อัพเดทบัญชี: 122109 - เครื่องจักรและอุปกรณ์เครื่องมือเครื่องใช้
2025-03-12 08:10:03,958 - INFO - กำหนด currency_id 134 สำหรับบัญชี 122110
2025-03-12 08:10:04,039 - INFO - อัพเดทบัญชี: 122110 - ยานพาหนะ
2025-03-12 08:10:04,077 - INFO - กำหนด currency_id 134 สำหรับบัญชี 122111
2025-03-12 08:10:04,173 - INFO - อัพเดทบัญชี: 122111 - ส่วนต่อเติมยานพาหนะ
2025-03-12 08:10:04,222 - INFO - กำหนด currency_id 134 สำหรับบัญชี 122112
2025-03-12 08:10:04,314 - INFO - อัพเดทบัญชี: 122112 - ค่าโปรแกรมสำเร็จรูป
2025-03-12 08:10:04,357 - INFO - กำหนด currency_id 134 สำหรับบัญชี 122113
2025-03-12 08:10:04,429 - INFO - อัพเดทบัญชี: 122113 - Display
2025-03-12 08:10:04,471 - INFO - กำหนด currency_id 134 สำหรับบัญชี 122114
2025-03-12 08:10:04,545 - INFO - อัพเดทบัญชี: 122114 - โมลด์แม่พิมพ์
2025-03-12 08:10:04,582 - INFO - กำหนด currency_id 134 สำหรับบัญชี 122115
2025-03-12 08:10:04,666 - INFO - อัพเดทบัญชี: 122115 - โมลด์ระหว่างทำ
2025-03-12 08:10:04,713 - INFO - กำหนด currency_id 134 สำหรับบัญชี 122116
2025-03-12 08:10:04,810 - INFO - อัพเดทบัญชี: 122116 - เครื่องมือเครื่องใช้
2025-03-12 08:10:04,851 - INFO - กำหนด currency_id 134 สำหรับบัญชี 122117
2025-03-12 08:10:04,935 - INFO - อัพเดทบัญชี: 122117 - เครื่องตกแต่งและเครื่องใช้สำนักงาน
2025-03-12 08:10:04,986 - INFO - กำหนด currency_id 134 สำหรับบัญชี 122118
2025-03-12 08:10:05,084 - INFO - อัพเดทบัญชี: 122118 - Display ระหว่างทำ
2025-03-12 08:10:05,125 - INFO - กำหนด currency_id 134 สำหรับบัญชี 122119
2025-03-12 08:10:05,216 - INFO - อัพเดทบัญชี: 122119 - งานพัฒนาผลิตภัณฑ์ระหว่างทำ
2025-03-12 08:10:05,257 - INFO - กำหนด currency_id 134 สำหรับบัญชี 12300
2025-03-12 08:10:05,347 - INFO - อัพเดทบัญชี: 12300 - ค่าเสื่อมราคาสะสม
2025-03-12 08:10:05,391 - INFO - กำหนด currency_id 134 สำหรับบัญชี 123101
2025-03-12 08:10:05,492 - INFO - อัพเดทบัญชี: 123101 - ค่าเสื่อมราคาสะสม-อาคารคลังโรงงาน
2025-03-12 08:10:05,541 - INFO - กำหนด currency_id 134 สำหรับบัญชี 123102
2025-03-12 08:10:05,620 - INFO - อัพเดทบัญชี: 123102 - ค่าเสื่อมราคาสะสม-อาคารสำนักงาน
2025-03-12 08:10:05,661 - INFO - กำหนด currency_id 134 สำหรับบัญชี 123103
2025-03-12 08:10:05,761 - INFO - อัพเดทบัญชี: 123103 - ค่าเสื่อมราคาสะสมสิ่งปลูกสร้างอื่น
2025-03-12 08:10:05,808 - INFO - กำหนด currency_id 134 สำหรับบัญชี 123104
2025-03-12 08:10:05,880 - INFO - อัพเดทบัญชี: 123104 - ค่าเสื่อมราคาสะสม-ส่วนต่อเติมอาคาร
2025-03-12 08:10:05,924 - INFO - กำหนด currency_id 134 สำหรับบัญชี 123105
2025-03-12 08:10:06,013 - INFO - อัพเดทบัญชี: 123105 - ค่าเสื่อมราคาสะสม-เครื่องจักรและอุปกรณ์
2025-03-12 08:10:06,060 - INFO - กำหนด currency_id 134 สำหรับบัญชี 123106
2025-03-12 08:10:06,157 - INFO - อัพเดทบัญชี: 123106 - ค่าเสื่อมราคาสะสม-เครื่องตกแต่งและเครื่องใช้สำนักงาน
2025-03-12 08:10:06,214 - INFO - กำหนด currency_id 134 สำหรับบัญชี 123107
2025-03-12 08:10:06,309 - INFO - อัพเดทบัญชี: 123107 - ค่าเสื่อมราคาสะสม-ยานพาหนะ
2025-03-12 08:10:06,353 - INFO - กำหนด currency_id 134 สำหรับบัญชี 123108
2025-03-12 08:10:06,459 - INFO - อัพเดทบัญชี: 123108 - Amortization
2025-03-12 08:10:06,504 - INFO - กำหนด currency_id 134 สำหรับบัญชี 123109
2025-03-12 08:10:06,591 - INFO - อัพเดทบัญชี: 123109 - ค่าเสื่อมราคาสะสม-Display
2025-03-12 08:10:06,629 - INFO - กำหนด currency_id 134 สำหรับบัญชี 123110
2025-03-12 08:10:06,721 - INFO - อัพเดทบัญชี: 123110 - ค่าเสื่อมราคาสะสม-โมลด์แม่พิมพ์
2025-03-12 08:10:06,765 - INFO - กำหนด currency_id 134 สำหรับบัญชี 123111
2025-03-12 08:10:06,856 - INFO - อัพเดทบัญชี: 123111 - ค่าเสื่อมราคาสะสม - เครื่องมือเครื่องใช้
2025-03-12 08:10:06,900 - INFO - กำหนด currency_id 134 สำหรับบัญชี 123112
2025-03-12 08:10:07,001 - INFO - อัพเดทบัญชี: 123112 - ค่าเสื่อมราคาสะสม-ส่วนต่อเติมยานพานะ
2025-03-12 08:10:07,055 - INFO - กำหนด currency_id 134 สำหรับบัญชี 130000
2025-03-12 08:10:07,151 - INFO - อัพเดทบัญชี: 130000 - สินทรัพย์อื่น
2025-03-12 08:10:07,200 - INFO - กำหนด currency_id 134 สำหรับบัญชี 131000
2025-03-12 08:10:07,290 - INFO - อัพเดทบัญชี: 131000 - เงินประกัน
2025-03-12 08:10:07,334 - INFO - กำหนด currency_id 134 สำหรับบัญชี 131100
2025-03-12 08:10:07,429 - INFO - อัพเดทบัญชี: 131100 - เงินประกันไฟฟ้า
2025-03-12 08:10:07,473 - INFO - กำหนด currency_id 134 สำหรับบัญชี 131200
2025-03-12 08:10:07,578 - INFO - อัพเดทบัญชี: 131200 - เงินประกันอื่น
2025-03-12 08:10:07,614 - INFO - กำหนด currency_id 134 สำหรับบัญชี 131300
2025-03-12 08:10:07,714 - INFO - อัพเดทบัญชี: 131300 - เงินค้ำประกันค่าสินค้า
2025-03-12 08:10:07,857 - INFO - กำหนด currency_id 134 สำหรับบัญชี 140000
2025-03-12 08:10:08,106 - INFO - อัพเดทบัญชี: 140000 - เงินกู้ยืมระยะยาวบุคคลที่เกี่ยวข้องกัน
2025-03-12 08:10:08,156 - INFO - กำหนด currency_id 134 สำหรับบัญชี 141000
2025-03-12 08:10:08,284 - INFO - อัพเดทบัญชี: 141000 - เงินให้กู้ยืมระยะยาวกรรมการ
2025-03-12 08:10:08,323 - INFO - กำหนด currency_id 134 สำหรับบัญชี 142000
2025-03-12 08:10:08,408 - INFO - อัพเดทบัญชี: 142000 - เงินให้กู้ยืมระยะยาวพนักงาน
2025-03-12 08:10:08,456 - INFO - กำหนด currency_id 134 สำหรับบัญชี 143000
2025-03-12 08:10:08,547 - INFO - อัพเดทบัญชี: 143000 - เงินให้กู้ยืมระยะยาวบริษัทในเครือ
2025-03-12 08:10:08,597 - INFO - กำหนด currency_id 134 สำหรับบัญชี 2
2025-03-12 08:10:08,674 - INFO - อัพเดทบัญชี: 2 - หนี้สิน
2025-03-12 08:10:08,717 - INFO - กำหนด currency_id 134 สำหรับบัญชี 210000
2025-03-12 08:10:08,809 - INFO - อัพเดทบัญชี: 210000 - หนี้สินหมุนเวียน
2025-03-12 08:10:08,862 - INFO - กำหนด currency_id 134 สำหรับบัญชี 211000
2025-03-12 08:10:08,960 - INFO - อัพเดทบัญชี: 211000 - เจ้าหนี้การค้าและตั๋วเงินจ่าย
2025-03-12 08:10:09,004 - INFO - กำหนด currency_id 134 สำหรับบัญชี 211100
2025-03-12 08:10:09,109 - INFO - อัพเดทบัญชี: 211100 - ตั๋วเงินจ่าย
2025-03-12 08:10:09,152 - INFO - กำหนด currency_id 134 สำหรับบัญชี 211200
2025-03-12 08:10:09,228 - INFO - อัพเดทบัญชี: 211200 - เจ้าหนี้การค้าในประเทศ
2025-03-12 08:10:09,267 - INFO - กำหนด currency_id 134 สำหรับบัญชี 211300
2025-03-12 08:10:09,337 - INFO - อัพเดทบัญชี: 211300 - เจ้าหนี้การค้าต่างประเทศ
2025-03-12 08:10:09,377 - INFO - กำหนด currency_id 134 สำหรับบัญชี 212000
2025-03-12 08:10:09,474 - INFO - อัพเดทบัญชี: 212000 - เงินกู้ยืมระยะสั้นจากธนาคาร
2025-03-12 08:10:09,517 - INFO - กำหนด currency_id 134 สำหรับบัญชี 212100
2025-03-12 08:10:09,602 - INFO - อัพเดทบัญชี: 212100 - เงินกู้ยืมระยะสั้นจากธนาคาร(PN)
2025-03-12 08:10:09,644 - INFO - กำหนด currency_id 134 สำหรับบัญชี 212200
2025-03-12 08:10:09,726 - INFO - อัพเดทบัญชี: 212200 - เงินกู้ยืมระยะสั้นจากธนาคาร(TR)
2025-03-12 08:10:09,775 - INFO - กำหนด currency_id 134 สำหรับบัญชี 213000
2025-03-12 08:10:09,865 - INFO - อัพเดทบัญชี: 213000 - หนี้สินหมุนเวียนอื่น
2025-03-12 08:10:09,909 - INFO - กำหนด currency_id 134 สำหรับบัญชี 213100
2025-03-12 08:10:09,993 - INFO - อัพเดทบัญชี: 213100 - หนี้สินด้านภาษีอากร
2025-03-12 08:10:10,042 - INFO - กำหนด currency_id 134 สำหรับบัญชี 213101
2025-03-12 08:10:10,147 - INFO - อัพเดทบัญชี: 213101 - ภาษีเงินได้นิติบุคคลค้างจ่าย
2025-03-12 08:10:10,202 - INFO - กำหนด currency_id 134 สำหรับบัญชี 213102
2025-03-12 08:10:10,327 - INFO - อัพเดทบัญชี: 213102 - ภาษีหัก ณ ที่จ่ายค้างจ่าย
2025-03-12 08:10:10,382 - INFO - กำหนด currency_id 134 สำหรับบัญชี 213103
2025-03-12 08:10:10,498 - INFO - อัพเดทบัญชี: 213103 - ภาษีมูลค่าเพิ่มค้างจ่าย
2025-03-12 08:10:10,545 - INFO - กำหนด currency_id 134 สำหรับบัญชี 213104
2025-03-12 08:10:10,648 - INFO - อัพเดทบัญชี: 213104 - ภาษีขาย
2025-03-12 08:10:10,690 - INFO - กำหนด currency_id 134 สำหรับบัญชี 213105
2025-03-12 08:10:10,767 - INFO - อัพเดทบัญชี: 213105 - ภาษีขายรอเรียกเก็บ
2025-03-12 08:10:10,808 - INFO - กำหนด currency_id 134 สำหรับบัญชี 213106
2025-03-12 08:10:10,894 - INFO - อัพเดทบัญชี: 213106 - ภาษีธุรกิจเฉพาะค้างจ่าย
2025-03-12 08:10:10,938 - INFO - กำหนด currency_id 134 สำหรับบัญชี 214100
2025-03-12 08:10:11,016 - INFO - อัพเดทบัญชี: 214100 - ค่าใช้จ่ายค้างจ่าย
2025-03-12 08:10:11,058 - INFO - กำหนด currency_id 134 สำหรับบัญชี 214101
2025-03-12 08:10:11,141 - INFO - อัพเดทบัญชี: 214101 - เงินประกันสังคมค้างจ่าย
2025-03-12 08:10:11,188 - INFO - กำหนด currency_id 134 สำหรับบัญชี 214102
2025-03-12 08:10:11,297 - INFO - อัพเดทบัญชี: 214102 - ค่าใช้จ่ายค้างจ่าย
2025-03-12 08:10:11,354 - INFO - กำหนด currency_id 134 สำหรับบัญชี 214103
2025-03-12 08:10:11,438 - INFO - อัพเดทบัญชี: 214103 - ดอกเบี้ยค้างจ่าย
2025-03-12 08:10:11,482 - INFO - กำหนด currency_id 134 สำหรับบัญชี 214104
2025-03-12 08:10:11,573 - INFO - อัพเดทบัญชี: 214104 - เงินค้ำประกันพนักงาน
2025-03-12 08:10:11,622 - INFO - กำหนด currency_id 134 สำหรับบัญชี 214105
2025-03-12 08:10:11,717 - INFO - อัพเดทบัญชี: 214105 - ค่าแรงงานรายวันค้างจ่าย
2025-03-12 08:10:11,758 - INFO - กำหนด currency_id 134 สำหรับบัญชี 214106
2025-03-12 08:10:11,828 - INFO - อัพเดทบัญชี: 214106 - เงินโบนัสและเงินรางวัลค้างจ่าย
2025-03-12 08:10:11,872 - INFO - กำหนด currency_id 134 สำหรับบัญชี 214107
2025-03-12 08:10:11,953 - INFO - อัพเดทบัญชี: 214107 - เงินปันผลค้างจ่าย
2025-03-12 08:10:12,004 - INFO - กำหนด currency_id 134 สำหรับบัญชี 215000
2025-03-12 08:10:12,098 - INFO - อัพเดทบัญชี: 215000 - หนี้สินอื่น
2025-03-12 08:10:12,144 - INFO - กำหนด currency_id 134 สำหรับบัญชี 215100
2025-03-12 08:10:12,221 - INFO - อัพเดทบัญชี: 215100 - เงินมัดจำรับค่าสินค้า
2025-03-12 08:10:12,263 - INFO - กำหนด currency_id 134 สำหรับบัญชี 215200
2025-03-12 08:10:12,362 - INFO - อัพเดทบัญชี: 215200 - ค่าความเสียหายรอตัดจ่าย
2025-03-12 08:10:12,411 - INFO - กำหนด currency_id 134 สำหรับบัญชี 215300
2025-03-12 08:10:12,507 - INFO - อัพเดทบัญชี: 215300 - เงินรับล่วงหน้าค่าสินค้า
2025-03-12 08:10:12,599 - INFO - กำหนด currency_id 134 สำหรับบัญชี 215400
2025-03-12 08:10:12,704 - INFO - อัพเดทบัญชี: 215400 - เงินประกันความเสียหาย
2025-03-12 08:10:12,752 - INFO - กำหนด currency_id 134 สำหรับบัญชี 215500
2025-03-12 08:10:12,884 - INFO - อัพเดทบัญชี: 215500 - เงินค่าหุ้นรับล่วงหน้า
2025-03-12 08:10:12,925 - INFO - กำหนด currency_id 134 สำหรับบัญชี 215600
2025-03-12 08:10:13,009 - INFO - อัพเดทบัญชี: 215600 - รายได้รอตัดบัญชี
2025-03-12 08:10:13,055 - INFO - กำหนด currency_id 134 สำหรับบัญชี 216000
2025-03-12 08:10:13,171 - INFO - อัพเดทบัญชี: 216000 - เงินกู้ยืมระยะสั้น
2025-03-12 08:10:13,216 - INFO - กำหนด currency_id 134 สำหรับบัญชี 216100
2025-03-12 08:10:13,321 - INFO - อัพเดทบัญชี: 216100 - เงินกู้ยืมระยะสั้นบริษัทในเครือ
2025-03-12 08:10:13,370 - INFO - กำหนด currency_id 134 สำหรับบัญชี 220000
2025-03-12 08:10:13,460 - INFO - อัพเดทบัญชี: 220000 - หนี้สินระยะยาว
2025-03-12 08:10:13,505 - INFO - กำหนด currency_id 134 สำหรับบัญชี 221000
2025-03-12 08:10:13,585 - INFO - อัพเดทบัญชี: 221000 - เงินกู้ยืมระยะยาวจากธนาคาร
2025-03-12 08:10:13,627 - INFO - กำหนด currency_id 134 สำหรับบัญชี 222000
2025-03-12 08:10:13,723 - INFO - อัพเดทบัญชี: 222000 - เงินกู้ยืมจากกรรมการ
2025-03-12 08:10:13,773 - INFO - กำหนด currency_id 134 สำหรับบัญชี 223000
2025-03-12 08:10:13,862 - INFO - อัพเดทบัญชี: 223000 - เจ้าหนี้ผ่อนชำระทรัพย์สิน
2025-03-12 08:10:13,908 - INFO - กำหนด currency_id 134 สำหรับบัญชี 224000
2025-03-12 08:10:13,990 - INFO - อัพเดทบัญชี: 224000 - หนี้สินระยะยาวที่ถึงกำหนดภายในหนึ่งปี
2025-03-12 08:10:14,046 - INFO - กำหนด currency_id 134 สำหรับบัญชี 225000
2025-03-12 08:10:14,160 - INFO - อัพเดทบัญชี: 225000 - ภาระผูกพันธ์ผลประโยชน์พนักงาน
2025-03-12 08:10:14,202 - INFO - กำหนด currency_id 134 สำหรับบัญชี 3
2025-03-12 08:10:14,294 - INFO - อัพเดทบัญชี: 3 - ส่วนของเจ้าของ
2025-03-12 08:10:14,336 - INFO - กำหนด currency_id 134 สำหรับบัญชี 311000
2025-03-12 08:10:14,426 - INFO - อัพเดทบัญชี: 311000 - ทุน หุ้นสามัญ
2025-03-12 08:10:14,470 - INFO - กำหนด currency_id 134 สำหรับบัญชี 311001
2025-03-12 08:10:14,565 - INFO - อัพเดทบัญชี: 311001 - ส่วนเกินทุนจากการตีราคาทรัพย์สิน
2025-03-12 08:10:14,609 - INFO - กำหนด currency_id 134 สำหรับบัญชี 312100
2025-03-12 08:10:14,685 - INFO - อัพเดทบัญชี: 312100 - กำไรสะสม
2025-03-12 08:10:14,726 - INFO - กำหนด currency_id 134 สำหรับบัญชี 312101
2025-03-12 08:10:14,815 - INFO - อัพเดทบัญชี: 312101 - กำไรสะสม
2025-03-12 08:10:14,862 - INFO - กำหนด currency_id 134 สำหรับบัญชี 312102
2025-03-12 08:10:14,944 - INFO - อัพเดทบัญชี: 312102 - สำรองตามกฏหมาย
2025-03-12 08:10:14,982 - INFO - กำหนด currency_id 134 สำหรับบัญชี 312200
2025-03-12 08:10:15,064 - INFO - อัพเดทบัญชี: 312200 - กำไร(ขาดทุน)สุทธิ
2025-03-12 08:10:15,107 - INFO - กำหนด currency_id 134 สำหรับบัญชี 4
2025-03-12 08:10:15,192 - INFO - อัพเดทบัญชี: 4 - รายได้
2025-03-12 08:10:15,234 - INFO - กำหนด currency_id 134 สำหรับบัญชี 410000
2025-03-12 08:10:15,330 - INFO - อัพเดทบัญชี: 410000 - รายได้จากการขาย
2025-03-12 08:10:15,374 - INFO - กำหนด currency_id 134 สำหรับบัญชี 411000
2025-03-12 08:10:15,463 - INFO - อัพเดทบัญชี: 411000 - รายได้จากการขายสินค้า
2025-03-12 08:10:15,505 - INFO - กำหนด currency_id 134 สำหรับบัญชี 420000
2025-03-12 08:10:15,596 - INFO - อัพเดทบัญชี: 420000 - รายได้อื่น
2025-03-12 08:10:15,638 - INFO - กำหนด currency_id 134 สำหรับบัญชี 421000
2025-03-12 08:10:15,732 - INFO - อัพเดทบัญชี: 421000 - รายได้จากการบริการ
2025-03-12 08:10:15,785 - INFO - กำหนด currency_id 134 สำหรับบัญชี 422000
2025-03-12 08:10:15,874 - INFO - อัพเดทบัญชี: 422000 - รายได้ค่าเช่า
2025-03-12 08:10:15,921 - INFO - กำหนด currency_id 134 สำหรับบัญชี 423000
2025-03-12 08:10:16,012 - INFO - อัพเดทบัญชี: 423000 - รายได้อื่น
2025-03-12 08:10:16,065 - INFO - กำหนด currency_id 134 สำหรับบัญชี 424000
2025-03-12 08:10:16,185 - INFO - อัพเดทบัญชี: 424000 - ดอกเบี้ยรับ
2025-03-12 08:10:16,225 - INFO - กำหนด currency_id 134 สำหรับบัญชี 425000
2025-03-12 08:10:16,289 - INFO - อัพเดทบัญชี: 425000 - ส่วนลดรับ
2025-03-12 08:10:16,327 - INFO - กำหนด currency_id 134 สำหรับบัญชี 426000
2025-03-12 08:10:16,427 - INFO - อัพเดทบัญชี: 426000 - รับคืนสินค้า
2025-03-12 08:10:16,472 - INFO - กำหนด currency_id 134 สำหรับบัญชี 427000
2025-03-12 08:10:16,559 - INFO - อัพเดทบัญชี: 427000 - กำไรขาดทุนจากการปริวรรตเงินตรา
2025-03-12 08:10:16,598 - INFO - กำหนด currency_id 134 สำหรับบัญชี 428000
2025-03-12 08:10:16,686 - INFO - อัพเดทบัญชี: 428000 - กำไรขาดทุนจากการจำหน่ายทรัพย์สิน
2025-03-12 08:10:16,736 - INFO - กำหนด currency_id 134 สำหรับบัญชี 5
2025-03-12 08:10:16,824 - INFO - อัพเดทบัญชี: 5 - ค่าใช้จ่าย
2025-03-12 08:10:16,869 - INFO - กำหนด currency_id 134 สำหรับบัญชี 510000
2025-03-12 08:10:16,967 - INFO - อัพเดทบัญชี: 510000 - ต้นทุนขาย
2025-03-12 08:10:17,019 - INFO - กำหนด currency_id 134 สำหรับบัญชี 511000
2025-03-12 08:10:17,141 - INFO - อัพเดทบัญชี: 511000 - ต้นทุนขาย
2025-03-12 08:10:17,189 - INFO - กำหนด currency_id 134 สำหรับบัญชี 511100
2025-03-12 08:10:17,295 - INFO - อัพเดทบัญชี: 511100 - ซื้อวัตถุดิบในการผลิต
2025-03-12 08:10:17,349 - INFO - กำหนด currency_id 134 สำหรับบัญชี 512000
2025-03-12 08:10:17,449 - INFO - อัพเดทบัญชี: 512000 - ซื้อสินค้า
2025-03-12 08:10:17,498 - INFO - กำหนด currency_id 134 สำหรับบัญชี 513000
2025-03-12 08:10:17,600 - INFO - อัพเดทบัญชี: 513000 - ซื้อหีบห่อ
2025-03-12 08:10:17,642 - INFO - กำหนด currency_id 134 สำหรับบัญชี 514000
2025-03-12 08:10:17,723 - INFO - อัพเดทบัญชี: 514000 - ซื้ออื่นๆ
2025-03-12 08:10:17,769 - INFO - กำหนด currency_id 134 สำหรับบัญชี 514001
2025-03-12 08:10:17,855 - INFO - อัพเดทบัญชี: 514001 - ค่าใช้จ่ายในการซื้อสินค้า
2025-03-12 08:10:17,902 - INFO - กำหนด currency_id 134 สำหรับบัญชี 514002
2025-03-12 08:10:17,991 - INFO - อัพเดทบัญชี: 514002 - ค่าบริการติดตั้ง
2025-03-12 08:10:18,034 - INFO - กำหนด currency_id 134 สำหรับบัญชี 515000
2025-03-12 08:10:18,140 - INFO - อัพเดทบัญชี: 515000 - ส่งคืน
2025-03-12 08:10:18,191 - INFO - กำหนด currency_id 134 สำหรับบัญชี 516000
2025-03-12 08:10:18,281 - INFO - อัพเดทบัญชี: 516000 - ค่าจ้าง/ค่าสวัสดิการฝ่ายผลิต
2025-03-12 08:10:18,325 - INFO - กำหนด currency_id 134 สำหรับบัญชี 516100
2025-03-12 08:10:18,390 - INFO - อัพเดทบัญชี: 516100 - ค่าแรง
2025-03-12 08:10:18,435 - INFO - กำหนด currency_id 134 สำหรับบัญชี 516200
2025-03-12 08:10:18,546 - INFO - อัพเดทบัญชี: 516200 - ค่าล่วงเวลา
2025-03-12 08:10:18,596 - INFO - กำหนด currency_id 134 สำหรับบัญชี 516300
2025-03-12 08:10:18,666 - INFO - อัพเดทบัญชี: 516300 - ค่าเบี้ยเลี้ยงต่างประเทศ
2025-03-12 08:10:18,704 - INFO - กำหนด currency_id 134 สำหรับบัญชี 516400
2025-03-12 08:10:18,813 - INFO - อัพเดทบัญชี: 516400 - ค่าสวัสดิการอื่น
2025-03-12 08:10:18,860 - INFO - กำหนด currency_id 134 สำหรับบัญชี 516500
2025-03-12 08:10:18,956 - INFO - อัพเดทบัญชี: 516500 - โบนัส
2025-03-12 08:10:18,998 - INFO - กำหนด currency_id 134 สำหรับบัญชี 516600
2025-03-12 08:10:19,080 - INFO - อัพเดทบัญชี: 516600 - ค่าจ้างอื่น
2025-03-12 08:10:19,127 - INFO - กำหนด currency_id 134 สำหรับบัญชี 517000
2025-03-12 08:10:19,222 - INFO - อัพเดทบัญชี: 517000 - ค่าใช้จ่ายในการนำเข้า
2025-03-12 08:10:19,270 - INFO - กำหนด currency_id 134 สำหรับบัญชี 517100
2025-03-12 08:10:19,366 - INFO - อัพเดทบัญชี: 517100 - ค่าใช้จ่ายในการนำเข้า
2025-03-12 08:10:19,408 - INFO - กำหนด currency_id 134 สำหรับบัญชี 517200
2025-03-12 08:10:19,485 - INFO - อัพเดทบัญชี: 517200 - ค่าอากรขาเข้า
2025-03-12 08:10:19,531 - INFO - กำหนด currency_id 134 สำหรับบัญชี 517300
2025-03-12 08:10:19,602 - INFO - อัพเดทบัญชี: 517300 - ค่าขนส่งสินค้าขาเข้า
2025-03-12 08:10:19,642 - INFO - กำหนด currency_id 134 สำหรับบัญชี 518000
2025-03-12 08:10:19,742 - INFO - อัพเดทบัญชี: 518000 - ค่าใช้จ่ายในการทำงานต่างประเทศ
2025-03-12 08:10:19,786 - INFO - กำหนด currency_id 134 สำหรับบัญชี 518100
2025-03-12 08:10:19,901 - INFO - อัพเดทบัญชี: 518100 - ค่าเบี้ยเลี้ยงเดินทางต่างประเทศ
2025-03-12 08:10:19,944 - INFO - กำหนด currency_id 134 สำหรับบัญชี 518200
2025-03-12 08:10:20,052 - INFO - อัพเดทบัญชี: 518200 - ค่าสวัสดิการในการทำงานต่างประเทศ
2025-03-12 08:10:20,099 - INFO - กำหนด currency_id 134 สำหรับบัญชี 518300
2025-03-12 08:10:20,195 - INFO - อัพเดทบัญชี: 518300 - ค่าดำเนินการต่างประเทศ
2025-03-12 08:10:20,235 - INFO - กำหนด currency_id 134 สำหรับบัญชี 518400
2025-03-12 08:10:20,320 - INFO - อัพเดทบัญชี: 518400 - ค่าใช้จ่ายสำนักงานต่างประเทศ
2025-03-12 08:10:20,368 - INFO - กำหนด currency_id 134 สำหรับบัญชี 518500
2025-03-12 08:10:20,453 - INFO - อัพเดทบัญชี: 518500 - ค่ารถใช้งานต่างประเทศ
2025-03-12 08:10:20,493 - INFO - กำหนด currency_id 134 สำหรับบัญชี 518600
2025-03-12 08:10:20,582 - INFO - อัพเดทบัญชี: 518600 - ค่าวัสดุสิ้นเปลืองอื่นๆ
2025-03-12 08:10:20,627 - INFO - กำหนด currency_id 134 สำหรับบัญชี 519000
2025-03-12 08:10:20,735 - INFO - อัพเดทบัญชี: 519000 - ค่าเสื่อมราคา
2025-03-12 08:10:20,782 - INFO - กำหนด currency_id 134 สำหรับบัญชี 519100
2025-03-12 08:10:20,871 - INFO - อัพเดทบัญชี: 519100 - ค่าเสื่อมราคา-อาคารคลังสินค้า
2025-03-12 08:10:20,916 - INFO - กำหนด currency_id 134 สำหรับบัญชี 519200
2025-03-12 08:10:21,022 - INFO - อัพเดทบัญชี: 519200 - ค่าเสื่อมราคา-เครื่องจักรและอุปกรณ์
2025-03-12 08:10:21,075 - INFO - กำหนด currency_id 134 สำหรับบัญชี 519300
2025-03-12 08:10:21,167 - INFO - อัพเดทบัญชี: 519300 - ค่าเสื่อมราคา-โมลด์แม่พิมพ์
2025-03-12 08:10:21,216 - INFO - กำหนด currency_id 134 สำหรับบัญชี 519400
2025-03-12 08:10:21,316 - INFO - อัพเดทบัญชี: 519400 - ค่าสินค้าตัวอย่าง
2025-03-12 08:10:21,367 - INFO - กำหนด currency_id 134 สำหรับบัญชี 520000
2025-03-12 08:10:21,465 - INFO - อัพเดทบัญชี: 520000 - ค่าใช้จ่ายในการขายและการตลาด
2025-03-12 08:10:21,507 - INFO - กำหนด currency_id 134 สำหรับบัญชี 521000
2025-03-12 08:10:21,601 - INFO - อัพเดทบัญชี: 521000 - ค่าใช้จ่ายในการขาย
2025-03-12 08:10:21,644 - INFO - กำหนด currency_id 134 สำหรับบัญชี 521100
2025-03-12 08:10:21,737 - INFO - อัพเดทบัญชี: 521100 - ค่าสนับสนุนการตลาด(Marketing fee)
2025-03-12 08:10:21,779 - INFO - กำหนด currency_id 134 สำหรับบัญชี 521200
2025-03-12 08:10:21,844 - INFO - อัพเดทบัญชี: 521200 - ค่าส่วนลดตามเป้ายอดซื้อ(Rebate)
2025-03-12 08:10:21,888 - INFO - กำหนด currency_id 134 สำหรับบัญชี 521300
2025-03-12 08:10:21,984 - INFO - อัพเดทบัญชี: 521300 - ค่าคอมมิชชั่น
2025-03-12 08:10:22,033 - INFO - กำหนด currency_id 134 สำหรับบัญชี 521400
2025-03-12 08:10:22,113 - INFO - อัพเดทบัญชี: 521400 - Incentive
2025-03-12 08:10:22,149 - INFO - กำหนด currency_id 134 สำหรับบัญชี 521500
2025-03-12 08:10:22,232 - INFO - อัพเดทบัญชี: 521500 - ส่วนลดเปิดสาขาใหม่
2025-03-12 08:10:22,274 - INFO - กำหนด currency_id 134 สำหรับบัญชี 521600
2025-03-12 08:10:22,381 - INFO - อัพเดทบัญชี: 521600 - ส่วนลดจ่าย
2025-03-12 08:10:22,425 - INFO - กำหนด currency_id 134 สำหรับบัญชี 521700
2025-03-12 08:10:22,526 - INFO - อัพเดทบัญชี: 521700 - ค่าคอมมิชชั่นอื่น
2025-03-12 08:10:22,578 - INFO - กำหนด currency_id 134 สำหรับบัญชี 521800
2025-03-12 08:10:22,678 - INFO - อัพเดทบัญชี: 521800 - ค่าปรับเนื่องจากขาด PC Model
2025-03-12 08:10:22,737 - INFO - กำหนด currency_id 134 สำหรับบัญชี 521900
2025-03-12 08:10:22,854 - INFO - อัพเดทบัญชี: 521900 - ค่ากระจายสินค้า DC
2025-03-12 08:10:22,928 - INFO - กำหนด currency_id 134 สำหรับบัญชี 522000
2025-03-12 08:10:23,042 - INFO - อัพเดทบัญชี: 522000 - ค่าใช้จ่ายการตลาด
2025-03-12 08:10:23,096 - INFO - กำหนด currency_id 134 สำหรับบัญชี 522100
2025-03-12 08:10:23,184 - INFO - อัพเดทบัญชี: 522100 - ค่าแรงและสวัสดิการอื่น
2025-03-12 08:10:23,231 - INFO - กำหนด currency_id 134 สำหรับบัญชี 522110
2025-03-12 08:10:23,342 - INFO - อัพเดทบัญชี: 522110 - เงินเดือนฝ่ายขายและการตลาด
2025-03-12 08:10:23,401 - INFO - กำหนด currency_id 134 สำหรับบัญชี 522120
2025-03-12 08:10:23,491 - INFO - อัพเดทบัญชี: 522120 - ค่าล่วงเวลา
2025-03-12 08:10:23,533 - INFO - กำหนด currency_id 134 สำหรับบัญชี 522130
2025-03-12 08:10:23,618 - INFO - อัพเดทบัญชี: 522130 - ค่าคอมมิชชั่น
2025-03-12 08:10:23,669 - INFO - กำหนด currency_id 134 สำหรับบัญชี 522140
2025-03-12 08:10:23,759 - INFO - อัพเดทบัญชี: 522140 - ค่าโทรศัพท์
2025-03-12 08:10:23,812 - INFO - กำหนด currency_id 134 สำหรับบัญชี 522150
2025-03-12 08:10:23,890 - INFO - อัพเดทบัญชี: 522150 - เงินรางวัลพิเศษ
2025-03-12 08:10:23,929 - INFO - กำหนด currency_id 134 สำหรับบัญชี 522160
2025-03-12 08:10:24,014 - INFO - อัพเดทบัญชี: 522160 - ค่าสวัสดิการอื่น
2025-03-12 08:10:24,059 - INFO - กำหนด currency_id 134 สำหรับบัญชี 522200
2025-03-12 08:10:24,169 - INFO - อัพเดทบัญชี: 522200 - ค่าโฆษณา
2025-03-12 08:10:24,214 - INFO - กำหนด currency_id 134 สำหรับบัญชี 522300
2025-03-12 08:10:24,322 - INFO - อัพเดทบัญชี: 522300 - ค่าส่งเสริมการขาย(Sale Promotion)
2025-03-12 08:10:24,376 - INFO - กำหนด currency_id 134 สำหรับบัญชี 522400
2025-03-12 08:10:24,470 - INFO - อัพเดทบัญชี: 522400 - ค่าใช้จ่ายในการออกงานแสดงสินค้า
2025-03-12 08:10:24,514 - INFO - กำหนด currency_id 134 สำหรับบัญชี 522410
2025-03-12 08:10:24,618 - INFO - อัพเดทบัญชี: 522410 - ค่าเช่าพื้นที่
2025-03-12 08:10:24,665 - INFO - กำหนด currency_id 134 สำหรับบัญชี 522420
2025-03-12 08:10:24,758 - INFO - อัพเดทบัญชี: 522420 - ค่าใช้จ่ายในการออกงานแสดงสินค้า
2025-03-12 08:10:24,800 - INFO - กำหนด currency_id 134 สำหรับบัญชี 522430
2025-03-12 08:10:24,881 - INFO - อัพเดทบัญชี: 522430 - ค่าใช้จ่ายเกี่ยวกับพนักงานในการออกงานแสดงสินค้า
2025-03-12 08:10:24,929 - INFO - กำหนด currency_id 134 สำหรับบัญชี 522440
2025-03-12 08:10:25,022 - INFO - อัพเดทบัญชี: 522440 - ค่าใช้จ่ายเกี่ยวกับโชว์รูม STWO
2025-03-12 08:10:25,072 - INFO - กำหนด currency_id 134 สำหรับบัญชี 522600
2025-03-12 08:10:25,163 - INFO - อัพเดทบัญชี: 522600 - ค่าใช้จ่ายเกี่ยวกับฝ่ายขาย
2025-03-12 08:10:25,210 - INFO - กำหนด currency_id 134 สำหรับบัญชี 522610
2025-03-12 08:10:25,306 - INFO - อัพเดทบัญชี: 522610 - ค่าใช้จ่ายในการเดินทางฝ่ายขาย
2025-03-12 08:10:25,351 - INFO - กำหนด currency_id 134 สำหรับบัญชี 522620
2025-03-12 08:10:25,479 - INFO - อัพเดทบัญชี: 522620 - ค่าเบี้ยเลี้ยงฝ่ายขาย
2025-03-12 08:10:25,521 - INFO - กำหนด currency_id 134 สำหรับบัญชี 522630
2025-03-12 08:10:25,601 - INFO - อัพเดทบัญชี: 522630 - ค่าที่พักฝ่ายขาย
2025-03-12 08:10:25,649 - INFO - กำหนด currency_id 134 สำหรับบัญชี 522640
2025-03-12 08:10:25,767 - INFO - อัพเดทบัญชี: 522640 - ค่าโทรศัพท์ฝ่ายขาย
2025-03-12 08:10:25,819 - INFO - กำหนด currency_id 134 สำหรับบัญชี 522650
2025-03-12 08:10:25,901 - INFO - อัพเดทบัญชี: 522650 - ค่าใช้จ่ายอื่นเกี่ยวกับฝ่ายขาย
2025-03-12 08:10:25,949 - INFO - กำหนด currency_id 134 สำหรับบัญชี 522660
2025-03-12 08:10:26,031 - INFO - อัพเดทบัญชี: 522660 - ค่าใช้จ่ายเกี่ยวกับพีซี
2025-03-12 08:10:26,084 - INFO - กำหนด currency_id 134 สำหรับบัญชี 522700
2025-03-12 08:10:26,169 - INFO - อัพเดทบัญชี: 522700 - ค่าใช้จ่ายเกี่ยวกับ Display
2025-03-12 08:10:26,217 - INFO - กำหนด currency_id 134 สำหรับบัญชี 522710
2025-03-12 08:10:26,297 - INFO - อัพเดทบัญชี: 522710 - ค่าตกแต่งและต่อเติมบูธ Dealer
2025-03-12 08:10:26,340 - INFO - กำหนด currency_id 134 สำหรับบัญชี 522720
2025-03-12 08:10:26,464 - INFO - อัพเดทบัญชี: 522720 - ค่าตกแต่งและต่อเติมบูธ Moderntrade
2025-03-12 08:10:26,509 - INFO - กำหนด currency_id 134 สำหรับบัญชี 522730
2025-03-12 08:10:26,594 - INFO - อัพเดทบัญชี: 522730 - ค่าใช้จ่ายเกี่ยวกับ Display
2025-03-12 08:10:26,636 - INFO - กำหนด currency_id 134 สำหรับบัญชี 522800
2025-03-12 08:10:26,736 - INFO - อัพเดทบัญชี: 522800 - ค่าใช้จ่ายในการติดตั้งและจัดส่ง
2025-03-12 08:10:26,783 - INFO - กำหนด currency_id 134 สำหรับบัญชี 522810
2025-03-12 08:10:26,868 - INFO - อัพเดทบัญชี: 522810 - ค่าจ้างรถ
2025-03-12 08:10:26,907 - INFO - กำหนด currency_id 134 สำหรับบัญชี 522820
2025-03-12 08:10:27,000 - INFO - อัพเดทบัญชี: 522820 - ค่าเช่ารถขนส่ง
2025-03-12 08:10:27,043 - INFO - กำหนด currency_id 134 สำหรับบัญชี 522830
2025-03-12 08:10:27,127 - INFO - อัพเดทบัญชี: 522830 - ค่าน้ำมันฝ่ายติดตั้ง
2025-03-12 08:10:27,181 - INFO - กำหนด currency_id 134 สำหรับบัญชี 522840
2025-03-12 08:10:27,267 - INFO - อัพเดทบัญชี: 522840 - ค่าใช้จ่ายอื่นในฝ่ายติดตั้ง
2025-03-12 08:10:27,311 - INFO - กำหนด currency_id 134 สำหรับบัญชี 522850
2025-03-12 08:10:27,400 - INFO - อัพเดทบัญชี: 522850 - ค่าขนส่งสินค้า
2025-03-12 08:10:27,443 - INFO - กำหนด currency_id 134 สำหรับบัญชี 522860
2025-03-12 08:10:27,542 - INFO - อัพเดทบัญชี: 522860 - ค่าเบี้ยเลี้ยงฝ่ายติดตั้ง
2025-03-12 08:10:27,590 - INFO - กำหนด currency_id 134 สำหรับบัญชี 522870
2025-03-12 08:10:27,685 - INFO - อัพเดทบัญชี: 522870 - ค่าซ่อมแซมยานพาหนะใช้ในการขนส่ง
2025-03-12 08:10:27,739 - INFO - กำหนด currency_id 134 สำหรับบัญชี 522880
2025-03-12 08:10:27,835 - INFO - อัพเดทบัญชี: 522880 - ค่าจ้างแรงงานติดตั้ง-รื้อถอน
2025-03-12 08:10:27,883 - INFO - กำหนด currency_id 134 สำหรับบัญชี 522900
2025-03-12 08:10:27,993 - INFO - อัพเดทบัญชี: 522900 - ค่าใช้จ่ายฝ่ายบริการเทคนิค
2025-03-12 08:10:28,050 - INFO - กำหนด currency_id 134 สำหรับบัญชี 522910
2025-03-12 08:10:28,191 - INFO - อัพเดทบัญชี: 522910 - ค่าใช้จ่ายฝ่ายบริการเทคนิค
2025-03-12 08:10:28,243 - INFO - กำหนด currency_id 134 สำหรับบัญชี 522920
2025-03-12 08:10:28,334 - INFO - อัพเดทบัญชี: 522920 - ค่าเช่าศูนย์
2025-03-12 08:10:28,380 - INFO - กำหนด currency_id 134 สำหรับบัญชี 522930
2025-03-12 08:10:28,474 - INFO - อัพเดทบัญชี: 522930 - ค่าเช่ารถประจำศูนย์
2025-03-12 08:10:28,528 - INFO - กำหนด currency_id 134 สำหรับบัญชี 523000
2025-03-12 08:10:28,661 - INFO - อัพเดทบัญชี: 523000 - ค่าใช้จ่ายฝ่ายขายต่างประเทศ
2025-03-12 08:10:28,709 - INFO - กำหนด currency_id 134 สำหรับบัญชี 523100
2025-03-12 08:10:28,813 - INFO - อัพเดทบัญชี: 523100 - เงินเดือน - ฝ่ายขายต่างประเทศ
2025-03-12 08:10:28,850 - INFO - กำหนด currency_id 134 สำหรับบัญชี 523200
2025-03-12 08:10:28,919 - INFO - อัพเดทบัญชี: 523200 - ค่าล่วงเวลา-ฝ่ายขายต่างประเทศ
2025-03-12 08:10:28,963 - INFO - กำหนด currency_id 134 สำหรับบัญชี 523300
2025-03-12 08:10:29,054 - INFO - อัพเดทบัญชี: 523300 - เงินรางวัลพิเศษ-ฝ่ายขายต่างประเทศ
2025-03-12 08:10:30,108 - INFO - กำหนด currency_id 134 สำหรับบัญชี 523400
2025-03-12 08:10:30,235 - INFO - อัพเดทบัญชี: 523400 - ค่าคอมมิชชั่น-ฝ่ายขายต่างประเทศ
2025-03-12 08:10:30,276 - INFO - กำหนด currency_id 134 สำหรับบัญชี 523500
2025-03-12 08:10:30,352 - INFO - อัพเดทบัญชี: 523500 - ค่าใช้จ่ายในการเดินทางฝ่ายขายต่างประเทศ
2025-03-12 08:10:30,392 - INFO - กำหนด currency_id 134 สำหรับบัญชี 523600
2025-03-12 08:10:30,491 - INFO - อัพเดทบัญชี: 523600 - ค่าโทรศัพท์ฝ่ายขายต่างประเทศ
2025-03-12 08:10:30,538 - INFO - กำหนด currency_id 134 สำหรับบัญชี 523700
2025-03-12 08:10:30,619 - INFO - อัพเดทบัญชี: 523700 - ค่าใช้จ่ายในการส่งออกสินค้า
2025-03-12 08:10:30,660 - INFO - กำหนด currency_id 134 สำหรับบัญชี 530000
2025-03-12 08:10:30,736 - INFO - อัพเดทบัญชี: 530000 - ค่าใช้จ่ายในการบริหาร
2025-03-12 08:10:30,781 - INFO - กำหนด currency_id 134 สำหรับบัญชี 531000
2025-03-12 08:10:30,876 - INFO - อัพเดทบัญชี: 531000 - ค่าแรงและสวัสดิการฝ่ายบริหาร
2025-03-12 08:10:30,924 - INFO - กำหนด currency_id 134 สำหรับบัญชี 531100
2025-03-12 08:10:31,003 - INFO - อัพเดทบัญชี: 531100 - ค่าแรงฝ่ายสำนักงาน
2025-03-12 08:10:31,046 - INFO - กำหนด currency_id 134 สำหรับบัญชี 531200
2025-03-12 08:10:31,162 - INFO - อัพเดทบัญชี: 531200 - ค่าล่วงเวลา
2025-03-12 08:10:31,210 - INFO - กำหนด currency_id 134 สำหรับบัญชี 531300
2025-03-12 08:10:31,320 - INFO - อัพเดทบัญชี: 531300 - เงินรางวัลพิเศษ
2025-03-12 08:10:31,360 - INFO - กำหนด currency_id 134 สำหรับบัญชี 531400
2025-03-12 08:10:31,443 - INFO - อัพเดทบัญชี: 531400 - ค่าสวัสดิการอื่น
2025-03-12 08:10:31,491 - INFO - กำหนด currency_id 134 สำหรับบัญชี 531500
2025-03-12 08:10:31,566 - INFO - อัพเดทบัญชี: 531500 - ค่าเบี้ยเลี้ยงสำนักงาน
2025-03-12 08:10:31,607 - INFO - กำหนด currency_id 134 สำหรับบัญชี 531600
2025-03-12 08:10:31,706 - INFO - อัพเดทบัญชี: 531600 - ค่าชดเชยเลิกจ้างพนักงาน
2025-03-12 08:10:31,756 - INFO - กำหนด currency_id 134 สำหรับบัญชี 532101
2025-03-12 08:10:31,845 - INFO - อัพเดทบัญชี: 532101 - ค่าเบี้ยเลี้ยงเดินทางต่างประเทศ
2025-03-12 08:10:31,886 - INFO - กำหนด currency_id 134 สำหรับบัญชี 532102
2025-03-12 08:10:31,957 - INFO - อัพเดทบัญชี: 532102 - ค่าสวัสดิการพนักงาน
2025-03-12 08:10:32,003 - INFO - กำหนด currency_id 134 สำหรับบัญชี 532103
2025-03-12 08:10:32,100 - INFO - อัพเดทบัญชี: 532103 - ค่ารักษาพยาบาลพนักงาน
2025-03-12 08:10:32,150 - INFO - กำหนด currency_id 134 สำหรับบัญชี 532104
2025-03-12 08:10:32,247 - INFO - อัพเดทบัญชี: 532104 - ค่าเบี้ยเลี้ยง
2025-03-12 08:10:32,292 - INFO - กำหนด currency_id 134 สำหรับบัญชี 532105
2025-03-12 08:10:32,379 - INFO - อัพเดทบัญชี: 532105 - เงินประกันสังคม
2025-03-12 08:10:32,437 - INFO - กำหนด currency_id 134 สำหรับบัญชี 532106
2025-03-12 08:10:32,528 - INFO - อัพเดทบัญชี: 532106 - เงินกองทุนทดแทน
2025-03-12 08:10:32,571 - INFO - กำหนด currency_id 134 สำหรับบัญชี 532107
2025-03-12 08:10:32,644 - INFO - อัพเดทบัญชี: 532107 - ค่าอบรมสัมมนา
2025-03-12 08:10:32,688 - INFO - กำหนด currency_id 134 สำหรับบัญชี 533101
2025-03-12 08:10:32,779 - INFO - อัพเดทบัญชี: 533101 - ค่าโทรศัพท์
2025-03-12 08:10:32,824 - INFO - กำหนด currency_id 134 สำหรับบัญชี 533102
2025-03-12 08:10:32,916 - INFO - อัพเดทบัญชี: 533102 - ค่าไฟฟ้า
2025-03-12 08:10:32,955 - INFO - กำหนด currency_id 134 สำหรับบัญชี 533103
2025-03-12 08:10:33,025 - INFO - อัพเดทบัญชี: 533103 - ค่าน้ำ
2025-03-12 08:10:33,062 - INFO - กำหนด currency_id 134 สำหรับบัญชี 533104
2025-03-12 08:10:33,163 - INFO - อัพเดทบัญชี: 533104 - ค่าบริการอินเตอร์เน็ต
2025-03-12 08:10:33,205 - INFO - กำหนด currency_id 134 สำหรับบัญชี 533105
2025-03-12 08:10:33,295 - INFO - อัพเดทบัญชี: 533105 - ค่ารักษาความปลอดภัย
2025-03-12 08:10:33,332 - INFO - กำหนด currency_id 134 สำหรับบัญชี 533106
2025-03-12 08:10:33,421 - INFO - อัพเดทบัญชี: 533106 - ค่าที่ปรึกษา
2025-03-12 08:10:33,467 - INFO - กำหนด currency_id 134 สำหรับบัญชี 533200
2025-03-12 08:10:33,554 - INFO - อัพเดทบัญชี: 533200 - ค่าธรรมเนียม
2025-03-12 08:10:33,595 - INFO - กำหนด currency_id 134 สำหรับบัญชี 533201
2025-03-12 08:10:33,666 - INFO - อัพเดทบัญชี: 533201 - ค่าธรรมเนียมธนาคาร
2025-03-12 08:10:33,705 - INFO - กำหนด currency_id 134 สำหรับบัญชี 533202
2025-03-12 08:10:33,777 - INFO - อัพเดทบัญชี: 533202 - ค่าธรรมเนียมราชการ
2025-03-12 08:10:33,819 - INFO - กำหนด currency_id 134 สำหรับบัญชี 533203
2025-03-12 08:10:33,917 - INFO - อัพเดทบัญชี: 533203 - ค่าสอบบัญชี
2025-03-12 08:10:33,962 - INFO - กำหนด currency_id 134 สำหรับบัญชี 533204
2025-03-12 08:10:34,034 - INFO - อัพเดทบัญชี: 533204 - ค่าธรรมเนียมอื่น
2025-03-12 08:10:34,076 - INFO - กำหนด currency_id 134 สำหรับบัญชี 533300
2025-03-12 08:10:34,149 - INFO - อัพเดทบัญชี: 533300 - ค่าประกันภัย
2025-03-12 08:10:34,202 - INFO - กำหนด currency_id 134 สำหรับบัญชี 533301
2025-03-12 08:10:34,298 - INFO - อัพเดทบัญชี: 533301 - ค่าเบี้ยประกันภัยยานพาหนะ
2025-03-12 08:10:34,344 - INFO - กำหนด currency_id 134 สำหรับบัญชี 533302
2025-03-12 08:10:34,433 - INFO - อัพเดทบัญชี: 533302 - ค่าเบี้ยประกันภัยอาคาร
2025-03-12 08:10:34,470 - INFO - กำหนด currency_id 134 สำหรับบัญชี 533303
2025-03-12 08:10:34,549 - INFO - อัพเดทบัญชี: 533303 - ค่าเบี้ยประกันภัยส่วนบุคคล
2025-03-12 08:10:34,596 - INFO - กำหนด currency_id 134 สำหรับบัญชี 533304
2025-03-12 08:10:34,684 - INFO - อัพเดทบัญชี: 533304 - ค่าเบี้ยประกันภัยอื่น
2025-03-12 08:10:34,730 - INFO - กำหนด currency_id 134 สำหรับบัญชี 533400
2025-03-12 08:10:34,809 - INFO - อัพเดทบัญชี: 533400 - ค่าเสี่อมราคา
2025-03-12 08:10:34,850 - INFO - กำหนด currency_id 134 สำหรับบัญชี 533401
2025-03-12 08:10:34,919 - INFO - อัพเดทบัญชี: 533401 - ค่าเสื่อมราคา-อาคารสำนักงาน
2025-03-12 08:10:34,963 - INFO - กำหนด currency_id 134 สำหรับบัญชี 533402
2025-03-12 08:10:35,052 - INFO - อัพเดทบัญชี: 533402 - ค่าเสื่อมราคา-ส่วนต่อเติมอาคาร
2025-03-12 08:10:35,100 - INFO - กำหนด currency_id 134 สำหรับบัญชี 533403
2025-03-12 08:10:35,179 - INFO - อัพเดทบัญชี: 533403 - ค่าเสื่อมราคา-เครื่องตกแต่งและเครื่องใช้สำนักงาน
2025-03-12 08:10:35,218 - INFO - กำหนด currency_id 134 สำหรับบัญชี 533404
2025-03-12 08:10:35,288 - INFO - อัพเดทบัญชี: 533404 - ค่าเสื่อมราคา-ยานพาหนะ
2025-03-12 08:10:35,331 - INFO - กำหนด currency_id 134 สำหรับบัญชี 533405
2025-03-12 08:10:35,411 - INFO - อัพเดทบัญชี: 533405 - ค่าเสื่อมราคา-โปรแกรม
2025-03-12 08:10:35,461 - INFO - กำหนด currency_id 134 สำหรับบัญชี 533406
2025-03-12 08:10:35,538 - INFO - อัพเดทบัญชี: 533406 - ค่าเสื่อมราคา-Display
2025-03-12 08:10:35,579 - INFO - กำหนด currency_id 134 สำหรับบัญชี 533407
2025-03-12 08:10:35,643 - INFO - อัพเดทบัญชี: 533407 - ค่าเสื่อมราคา-สิ่งปลูกสร้างอื่น
2025-03-12 08:10:35,681 - INFO - กำหนด currency_id 134 สำหรับบัญชี 533408
2025-03-12 08:10:35,762 - INFO - อัพเดทบัญชี: 533408 - ค่าเสื่อมราคา-ส่วนต่อเติมยานพาหนะ
2025-03-12 08:10:35,807 - INFO - กำหนด currency_id 134 สำหรับบัญชี 533500
2025-03-12 08:10:35,903 - INFO - อัพเดทบัญชี: 533500 - ค่าภาษีอื่น
2025-03-12 08:10:35,945 - INFO - กำหนด currency_id 134 สำหรับบัญชี 533501
2025-03-12 08:10:36,026 - INFO - อัพเดทบัญชี: 533501 - ค่าภาษีป้าย
2025-03-12 08:10:36,071 - INFO - กำหนด currency_id 134 สำหรับบัญชี 533502
2025-03-12 08:10:36,185 - INFO - อัพเดทบัญชี: 533502 - ค่าภาษีโรงเรือนและที่ดิน
2025-03-12 08:10:36,238 - INFO - กำหนด currency_id 134 สำหรับบัญชี 533503
2025-03-12 08:10:36,314 - INFO - อัพเดทบัญชี: 533503 - ค่าภาษีธุรกิจเฉพาะ
2025-03-12 08:10:36,354 - INFO - กำหนด currency_id 134 สำหรับบัญชี 533600
2025-03-12 08:10:36,442 - INFO - อัพเดทบัญชี: 533600 - ดอกเบี้ยจ่าย
2025-03-12 08:10:36,501 - INFO - กำหนด currency_id 134 สำหรับบัญชี 533601
2025-03-12 08:10:36,603 - INFO - อัพเดทบัญชี: 533601 - ดอกเบี้ยจ่ายเงินกู้ธนาคาร
2025-03-12 08:10:36,645 - INFO - กำหนด currency_id 134 สำหรับบัญชี 533602
2025-03-12 08:10:36,751 - INFO - อัพเดทบัญชี: 533602 - ดอกเบี้ยจ่ายเงินกู้กรรมการ
2025-03-12 08:10:36,805 - INFO - กำหนด currency_id 134 สำหรับบัญชี 533603
2025-03-12 08:10:36,906 - INFO - อัพเดทบัญชี: 533603 - ดอกเบี้ยจ่าย-T/R
2025-03-12 08:10:36,947 - INFO - กำหนด currency_id 134 สำหรับบัญชี 533604
2025-03-12 08:10:37,067 - INFO - อัพเดทบัญชี: 533604 - ดอกเบี้ยจ่ายบริษัทในเครือ
2025-03-12 08:10:37,122 - INFO - กำหนด currency_id 134 สำหรับบัญชี 533700
2025-03-12 08:10:37,218 - INFO - อัพเดทบัญชี: 533700 - ค่าใช้จ่ายอื่น
2025-03-12 08:10:37,259 - INFO - กำหนด currency_id 134 สำหรับบัญชี 533701
2025-03-12 08:10:37,351 - INFO - อัพเดทบัญชี: 533701 - ค่าบริการ
2025-03-12 08:10:37,398 - INFO - กำหนด currency_id 134 สำหรับบัญชี 533702
2025-03-12 08:10:37,483 - INFO - อัพเดทบัญชี: 533702 - ค่าจ้างทำของ
2025-03-12 08:10:37,524 - INFO - กำหนด currency_id 134 สำหรับบัญชี 533703
2025-03-12 08:10:37,596 - INFO - อัพเดทบัญชี: 533703 - ค่าเครื่องเขียนและแบบพิมพ์
2025-03-12 08:10:37,637 - INFO - กำหนด currency_id 134 สำหรับบัญชี 533704
2025-03-12 08:10:37,725 - INFO - อัพเดทบัญชี: 533704 - ค่าใช้จ่ายในการทำความสะอาด
2025-03-12 08:10:37,775 - INFO - กำหนด currency_id 134 สำหรับบัญชี 533705
2025-03-12 08:10:37,875 - INFO - อัพเดทบัญชี: 533705 - ค่าไปรษณีย์
2025-03-12 08:10:37,921 - INFO - กำหนด currency_id 134 สำหรับบัญชี 533706
2025-03-12 08:10:38,008 - INFO - อัพเดทบัญชี: 533706 - ค่าวัสดุสิ้นเปลือง
2025-03-12 08:10:38,055 - INFO - กำหนด currency_id 134 สำหรับบัญชี 533707
2025-03-12 08:10:38,140 - INFO - อัพเดทบัญชี: 533707 - ค่าบริการถ่ายเอกสาร
2025-03-12 08:10:38,183 - INFO - กำหนด currency_id 134 สำหรับบัญชี 533708
2025-03-12 08:10:38,274 - INFO - อัพเดทบัญชี: 533708 - ค่าเช่าโกดัง
2025-03-12 08:10:38,315 - INFO - กำหนด currency_id 134 สำหรับบัญชี 533709
2025-03-12 08:10:38,388 - INFO - อัพเดทบัญชี: 533709 - ค่าเช่าอื่น (บริหาร)
2025-03-12 08:10:38,435 - INFO - กำหนด currency_id 134 สำหรับบัญชี 533710
2025-03-12 08:10:38,518 - INFO - อัพเดทบัญชี: 533710 - ค่าซ่อมแซมและบำรุงรักษา
2025-03-12 08:10:38,560 - INFO - กำหนด currency_id 134 สำหรับบัญชี 533711
2025-03-12 08:10:38,639 - INFO - อัพเดทบัญชี: 533711 - เครื่องหมายการค้าตัดบัญชี
2025-03-12 08:10:38,682 - INFO - กำหนด currency_id 134 สำหรับบัญชี 533712
2025-03-12 08:10:38,756 - INFO - อัพเดทบัญชี: 533712 - ค่าใช้จ่ายในการเดินทางต่างประเทศ
2025-03-12 08:10:38,801 - INFO - กำหนด currency_id 134 สำหรับบัญชี 533713
2025-03-12 08:10:38,894 - INFO - อัพเดทบัญชี: 533713 - ค่าใช้จ่ายเกี่ยวกับน้ำท่วม
2025-03-12 08:10:38,939 - INFO - กำหนด currency_id 134 สำหรับบัญชี 533714
2025-03-12 08:10:39,016 - INFO - อัพเดทบัญชี: 533714 - ค่าใช้จ่ายวิจัยและพัฒนาสินค้า
2025-03-12 08:10:39,061 - INFO - กำหนด currency_id 134 สำหรับบัญชี 533715
2025-03-12 08:10:39,142 - INFO - อัพเดทบัญชี: 533715 - ค่าใช้จ่ายดูงานต่างประเทศ
2025-03-12 08:10:39,189 - INFO - กำหนด currency_id 134 สำหรับบัญชี 533716
2025-03-12 08:10:39,287 - INFO - อัพเดทบัญชี: 533716 - ค่าใช้จ่ายในการเดินทางอื่น
2025-03-12 08:10:39,344 - INFO - กำหนด currency_id 134 สำหรับบัญชี 533717
2025-03-12 08:10:39,430 - INFO - อัพเดทบัญชี: 533717 - ค่าใช้จ่ายเกี่ยวกับยานพาหนะ
2025-03-12 08:10:39,482 - INFO - กำหนด currency_id 134 สำหรับบัญชี 533718
2025-03-12 08:10:39,591 - INFO - อัพเดทบัญชี: 533718 - ภาษีเงินได้นิติบุคคล
2025-03-12 08:10:39,645 - INFO - กำหนด currency_id 134 สำหรับบัญชี 533719
2025-03-12 08:10:39,748 - INFO - อัพเดทบัญชี: 533719 - ดอกผลเช่าซื้อ
2025-03-12 08:10:39,789 - INFO - กำหนด currency_id 134 สำหรับบัญชี 533720
2025-03-12 08:10:39,872 - INFO - อัพเดทบัญชี: 533720 - ค่ารับรองลูกค้า
2025-03-12 08:10:39,921 - INFO - กำหนด currency_id 134 สำหรับบัญชี 533721
2025-03-12 08:10:40,005 - INFO - อัพเดทบัญชี: 533721 - ค่าการกุศลและเงินบริจาค
2025-03-12 08:10:40,058 - INFO - กำหนด currency_id 134 สำหรับบัญชี 533722
2025-03-12 08:10:40,135 - INFO - อัพเดทบัญชี: 533722 - ค่าวารสารสิ่งพิมพ์
2025-03-12 08:10:40,177 - INFO - กำหนด currency_id 134 สำหรับบัญชี 533723
2025-03-12 08:10:40,275 - INFO - อัพเดทบัญชี: 533723 - ค่าปรับอื่นๆ
2025-03-12 08:10:40,316 - INFO - กำหนด currency_id 134 สำหรับบัญชี 533724
2025-03-12 08:10:40,401 - INFO - อัพเดทบัญชี: 533724 - สินค้าแตกชำรุด
2025-03-12 08:10:40,443 - INFO - กำหนด currency_id 134 สำหรับบัญชี 533725
2025-03-12 08:10:40,522 - INFO - อัพเดทบัญชี: 533725 - ค่าชดเชยสินค้า
2025-03-12 08:10:40,564 - INFO - กำหนด currency_id 134 สำหรับบัญชี 533726
2025-03-12 08:10:40,653 - INFO - อัพเดทบัญชี: 533726 - ขาดทุนจากการเลิกใช้ทรัพย์สิน
2025-03-12 08:10:40,704 - INFO - กำหนด currency_id 134 สำหรับบัญชี 533727
2025-03-12 08:10:40,801 - INFO - อัพเดทบัญชี: 533727 - ค่าใช้จ่ายเบ็ดเตล็ด
2025-03-12 08:10:40,846 - INFO - กำหนด currency_id 134 สำหรับบัญชี 533728
2025-03-12 08:10:40,955 - INFO - อัพเดทบัญชี: 533728 - ค่าจ้างคนพิการ
2025-03-12 08:10:41,004 - INFO - กำหนด currency_id 134 สำหรับบัญชี 533729
2025-03-12 08:10:41,121 - INFO - อัพเดทบัญชี: 533729 - ค่าใช้จ่ายเงินชดเชยพนักงาน
2025-03-12 08:10:41,172 - INFO - กำหนด currency_id 134 สำหรับบัญชี 533730
2025-03-12 08:10:41,259 - INFO - อัพเดทบัญชี: 533730 - ภาษีถูกหัก ณ ที่จ่าย ตัดจ่าย
2025-03-12 08:10:41,300 - INFO - กำหนด currency_id 134 สำหรับบัญชี 533731
2025-03-12 08:10:41,405 - INFO - อัพเดทบัญชี: 533731 - ค่าลิขสิทธิ์ตัดบัญชี
2025-03-12 08:10:41,460 - INFO - กำหนด currency_id 134 สำหรับบัญชี 533732
2025-03-12 08:10:41,549 - INFO - อัพเดทบัญชี: 533732 - บัญชีพัก
2025-03-12 08:10:41,592 - INFO - กำหนด currency_id 134 สำหรับบัญชี 533733
2025-03-12 08:10:41,712 - INFO - อัพเดทบัญชี: 533733 - ค่าบริหารโครงการ
2025-03-12 08:10:41,762 - INFO - กำหนด currency_id 134 สำหรับบัญชี 533734
2025-03-12 08:10:41,884 - INFO - อัพเดทบัญชี: 533734 - ค่าบริการระบบคุณภาพ
2025-03-12 08:10:41,933 - INFO - กำหนด currency_id 134 สำหรับบัญชี 533735
2025-03-12 08:10:42,021 - INFO - อัพเดทบัญชี: 533735 - ค่าใช้จ่ายเกี่ยวกับการประชุม
2025-03-12 08:10:42,069 - INFO - กำหนด currency_id 134 สำหรับบัญชี 533736
2025-03-12 08:10:42,183 - INFO - อัพเดทบัญชี: 533736 - สินค้าล้าสมัย
2025-03-12 08:10:42,230 - INFO - กำหนด currency_id 134 สำหรับบัญชี 533737
2025-03-12 08:10:42,309 - INFO - อัพเดทบัญชี: 533737 - หนี้สงสัยจะสูญ
2025-03-12 08:10:42,358 - INFO - กำหนด currency_id 134 สำหรับบัญชี 610000
2025-03-12 08:10:42,447 - INFO - อัพเดทบัญชี: 610000 - ค่าใช้จ่ายต้องห้าม
2025-03-12 08:10:42,492 - INFO - กำหนด currency_id 134 สำหรับบัญชี 611001
2025-03-12 08:10:42,571 - INFO - อัพเดทบัญชี: 611001 - ค่าเบี้ยปรับเงินเพิ่ม
2025-03-12 08:10:42,615 - INFO - กำหนด currency_id 134 สำหรับบัญชี 611002
2025-03-12 08:10:42,687 - INFO - อัพเดทบัญชี: 611002 - ภาษีซื้อไม่ขอคืน
2025-03-12 08:10:42,730 - INFO - กำหนด currency_id 134 สำหรับบัญชี 611003
2025-03-12 08:10:42,816 - INFO - อัพเดทบัญชี: 611003 - ภาษีซื้อขอคืนไม่ได้
2025-03-12 08:10:42,864 - INFO - กำหนด currency_id 134 สำหรับบัญชี 611004
2025-03-12 08:10:42,939 - INFO - อัพเดทบัญชี: 611004 - ภาษีออกให้
2025-03-12 08:10:42,995 - INFO - กำหนด currency_id 134 สำหรับบัญชี 611005
2025-03-12 08:10:43,064 - INFO - อัพเดทบัญชี: 611005 - ค่าใช้จ่ายต้องห้าม
2025-03-12 08:10:43,113 - INFO - กำหนด currency_id 134 สำหรับบัญชี 611006
2025-03-12 08:10:43,205 - INFO - อัพเดทบัญชี: 611006 - หนี้สูญ
2025-03-12 08:10:43,250 - INFO - กำหนด currency_id 134 สำหรับบัญชี 611007
2025-03-12 08:10:43,324 - INFO - อัพเดทบัญชี: 611007 - สินค้าขาดบัญชี
2025-03-12 08:10:43,325 - INFO - 
=== สรุปผลการนำเข้า ===
2025-03-12 08:10:43,325 - INFO - จำนวนรายการทั้งหมด: 339
2025-03-12 08:10:43,326 - INFO - สร้างบัญชีใหม่: 0
2025-03-12 08:10:43,326 - INFO - อัพเดทบัญชี: 339
2025-03-12 08:10:43,327 - INFO - เกิดข้อผิดพลาด: 0
2025-03-12 08:10:43,327 - INFO - =====================
2025-03-12 08:10:43,328 - INFO - การนำเข้าและอัพเดทเสร็จสมบูรณ์
