2025-07-25 10:57:25,017 - INFO - Successfully connected to Odoo as user ID: 2
2025-07-25 10:57:27,353 - INFO - Odoo version: 17.0.1.3
2025-07-25 10:57:27,483 - INFO - Available date fields in stock.picking: ['activity_date_deadline', 'my_activity_date_deadline', 'scheduled_date', 'date_deadline', 'date', 'date_done', 'delay_alert_date', 'create_date', 'write_date', 'date_notice', 'date_confirmed', 'date_start', 'operation_date']
2025-07-25 10:57:27,820 - INFO - Successfully read Excel file with 2 rows
2025-07-25 10:57:27,820 - INFO - Excel columns: ['partner_id', 'scheduled_date', 'picking_type_id', 'date_done', 'origin', 'location_dest_id', 'product_id', 'product_uom_qty', 'price_unit', 'sequence']
2025-07-25 10:57:27,822 - INFO - Processed sequence column
2025-07-25 10:57:27,823 - INFO - scheduled_date dtype: datetime64[ns]
2025-07-25 10:57:27,823 - INFO - scheduled_date sample: 2025-03-05 00:00:00
2025-07-25 10:57:27,825 - INFO - Converted scheduled_date to string format. Sample: 2025-03-05 00:00:00
2025-07-25 10:57:27,826 - INFO - Fixed picking type name from 'My Company: OB FIFO' to 'OB FIFO'
2025-07-25 10:57:27,827 - INFO - Using 'origin' column to identify transfer groups
2025-07-25 10:57:27,832 - INFO - Excel file validation and data filling completed successfully
2025-07-25 10:57:27,954 - INFO - Searching for location: 'RM02/Stock'
2025-07-25 10:57:28,119 - INFO - Found location with complete_name match: 'RM02/Stock' for 'RM02/Stock'
2025-07-25 10:57:28,192 - INFO - Found partner ID 16630 for 'MOG-OB'
2025-07-25 10:57:31,075 - INFO - Created transfer for date 2025-03-05 00:00:00 sequence 91 with picking ID 11414
2025-07-25 10:57:31,077 - INFO - Processing Excel row 1: {'partner_id': 'MOG-OB', 'scheduled_date': Timestamp('2025-03-05 00:00:00'), 'picking_type_id': 'OB FIFO', 'date_done': Timestamp('2025-03-05 00:00:00'), 'origin': 'BOJ0001609', 'location_dest_id': 'RM02/Stock', 'product_id': 'NFGH4-SF-0001-248', 'product_uom_qty': 1, 'price_unit': 2500.1482, 'sequence': 91, 'scheduled_date_orig': Timestamp('2025-03-05 00:00:00')}
2025-07-25 10:57:31,078 - INFO - Searching for product with code: 'NFGH4-SF-0001-248' and old code: 'NFGH4-SF-0001-248'
2025-07-25 10:57:33,602 - INFO - Found product with exact match on default_code: 'NFGH4-SF-0001-248'
2025-07-25 10:57:36,238 - INFO - Added product NFGH4-SF-0001-248 with quantity 1.0 to picking 11414
2025-07-25 10:57:36,239 - INFO - Move locations - Source: 14, Dest: 181
2025-07-25 10:57:36,240 - INFO - Processing Excel row 2: {'partner_id': 'MOG-OB', 'scheduled_date': Timestamp('2025-03-05 00:00:00'), 'picking_type_id': 'OB FIFO', 'date_done': Timestamp('2025-03-05 00:00:00'), 'origin': 'BOJ0001612', 'location_dest_id': 'RM02/Stock', 'product_id': 'NFGH4-SF-0001-248', 'product_uom_qty': 3, 'price_unit': 833.3828, 'sequence': 92, 'scheduled_date_orig': Timestamp('2025-03-05 00:00:00')}
2025-07-25 10:57:36,241 - INFO - Searching for product with code: 'NFGH4-SF-0001-248' and old code: 'NFGH4-SF-0001-248'
2025-07-25 10:57:36,277 - INFO - Found product with exact match on default_code: 'NFGH4-SF-0001-248'
2025-07-25 10:57:37,836 - INFO - Added product NFGH4-SF-0001-248 with quantity 3.0 to picking 11414
2025-07-25 10:57:37,836 - INFO - Move locations - Source: 14, Dest: 181
2025-07-25 10:57:37,993 - INFO - Re-updated dates before confirming picking 11414: 2025-03-05 00:00:00
2025-07-25 10:57:38,256 - INFO - Confirmed transfer 11414 with forced date context
2025-07-25 10:57:38,258 - INFO - Import completed: 1 success, 0 failed.
