2025-11-26 11:35:23,364 - INFO - Successfully connected to Odoo as user ID: 2
2025-11-26 11:35:23,431 - INFO - Odoo version: 17.0.1.3
2025-11-26 11:35:23,569 - INFO - Available date fields in stock.picking: ['activity_date_deadline', 'my_activity_date_deadline', 'scheduled_date', 'date_deadline', 'date', 'date_done', 'delay_alert_date', 'create_date', 'write_date', 'date_notice', 'date_confirmed', 'date_start', 'operation_date']
2025-11-26 11:35:23,904 - INFO - Successfully read Excel file with 30 rows
2025-11-26 11:35:23,904 - INFO - Excel columns: ['partner_id', 'scheduled_date', 'picking_type_id', 'date_done', 'origin', 'location_dest_id', 'default_code', 'product_uom_qty', 'price_unit', 'sequence', 'date']
2025-11-26 11:35:23,905 - INFO - Processed sequence column
2025-11-26 11:35:23,906 - INFO - scheduled_date dtype: datetime64[ns]
2025-11-26 11:35:23,907 - INFO - scheduled_date sample: 2025-11-30 00:00:00
2025-11-26 11:35:23,908 - INFO - Converted scheduled_date to string format. Sample: 2025-11-30 00:00:00
2025-11-26 11:35:23,909 - INFO - Fixed picking type name from 'My Company: OB FIFO' and 'คลังวัตถุดิบ 2: OB FIFO' to 'OB FIFO'
2025-11-26 11:35:23,910 - INFO - Using 'default_code' column as 'product_id'
2025-11-26 11:35:23,911 - INFO - Using 'origin' column to identify transfer groups
2025-11-26 11:35:23,915 - INFO - Excel file validation and data filling completed successfully
2025-11-26 11:35:24,080 - INFO - Searching for location: 'FG11/Stock'
2025-11-26 11:35:24,282 - INFO - Found location with complete_name match: 'FG11/Stock' for 'FG11/Stock'
2025-11-26 11:35:24,368 - INFO - Found partner ID 4956 for 'MOGEN_OB'
2025-11-26 11:35:24,487 - INFO - Created transfer for date 2025-11-30 00:00:00 sequence 1 with picking ID 9
2025-11-26 11:35:24,488 - INFO - Processing Excel row 1: {'partner_id': 'MOGEN_OB', 'scheduled_date': Timestamp('2025-11-30 00:00:00'), 'picking_type_id': 'FG11-OB', 'date_done': Timestamp('2025-11-30 00:00:00'), 'origin': 'คลังSCG', 'location_dest_id': 'FG11/Stock', 'default_code': 'FU0005WC280', 'product_uom_qty': 1, 'price_unit': 1320.03, 'sequence': 1, 'date': Timestamp('2019-01-01 00:00:00'), 'scheduled_date_orig': Timestamp('2025-11-30 00:00:00'), 'product_id': 'FU0005WC280'}
2025-11-26 11:35:24,488 - INFO - Searching for product with code: 'FU0005WC280' and old code: 'FU0005WC280'
2025-11-26 11:35:24,555 - INFO - Found product with exact match on default_code: 'FU0005WC280'
2025-11-26 11:35:24,625 - INFO - Prepared product FU0005WC280 with quantity 1.0 for batch creation
2025-11-26 11:35:24,626 - INFO - Move locations - Source: 14, Dest: 36
2025-11-26 11:35:24,627 - INFO - Processing Excel row 2: {'partner_id': 'MOGEN_OB', 'scheduled_date': Timestamp('2025-11-30 00:00:00'), 'picking_type_id': 'FG11-OB', 'date_done': Timestamp('2025-11-30 00:00:00'), 'origin': 'คลังSCG', 'location_dest_id': 'FG11/Stock', 'default_code': 'MF00091Q7', 'product_uom_qty': 2, 'price_unit': 836.0515, 'sequence': 2, 'date': Timestamp('2020-03-20 00:00:00'), 'scheduled_date_orig': Timestamp('2025-11-30 00:00:00'), 'product_id': 'MF00091Q7'}
2025-11-26 11:35:24,629 - INFO - Searching for product with code: 'MF00091Q7' and old code: 'MF00091Q7'
2025-11-26 11:35:24,697 - INFO - Found product with exact match on default_code: 'MF00091Q7'
2025-11-26 11:35:24,768 - INFO - Prepared product MF00091Q7 with quantity 2.0 for batch creation
2025-11-26 11:35:24,768 - INFO - Move locations - Source: 14, Dest: 36
2025-11-26 11:35:24,768 - INFO - Processing Excel row 3: {'partner_id': 'MOGEN_OB', 'scheduled_date': Timestamp('2025-11-30 00:00:00'), 'picking_type_id': 'FG11-OB', 'date_done': Timestamp('2025-11-30 00:00:00'), 'origin': 'คลังSCG', 'location_dest_id': 'FG11/Stock', 'default_code': 'MA0443C110', 'product_uom_qty': 2, 'price_unit': 721.393153333333, 'sequence': 3, 'date': Timestamp('2021-03-02 00:00:00'), 'scheduled_date_orig': Timestamp('2025-11-30 00:00:00'), 'product_id': 'MA0443C110'}
2025-11-26 11:35:24,769 - INFO - Searching for product with code: 'MA0443C110' and old code: 'MA0443C110'
2025-11-26 11:35:24,833 - INFO - Found product with exact match on default_code: 'MA0443C110'
2025-11-26 11:35:24,944 - INFO - Prepared product MA0443C110 with quantity 2.0 for batch creation
2025-11-26 11:35:24,944 - INFO - Move locations - Source: 14, Dest: 36
2025-11-26 11:35:24,944 - INFO - Processing Excel row 4: {'partner_id': 'MOGEN_OB', 'scheduled_date': Timestamp('2025-11-30 00:00:00'), 'picking_type_id': 'FG11-OB', 'date_done': Timestamp('2025-11-30 00:00:00'), 'origin': 'คลังSCG', 'location_dest_id': 'FG11/Stock', 'default_code': 'MF00091Q7', 'product_uom_qty': 1, 'price_unit': 666.194266666667, 'sequence': 4, 'date': Timestamp('2023-11-29 00:00:00'), 'scheduled_date_orig': Timestamp('2025-11-30 00:00:00'), 'product_id': 'MF00091Q7'}
2025-11-26 11:35:24,945 - INFO - Using cached product ID for code: 'MF00091Q7'
2025-11-26 11:35:24,945 - INFO - Prepared product MF00091Q7 with quantity 1.0 for batch creation
2025-11-26 11:35:24,945 - INFO - Move locations - Source: 14, Dest: 36
2025-11-26 11:35:24,946 - INFO - Processing Excel row 5: {'partner_id': 'MOGEN_OB', 'scheduled_date': Timestamp('2025-11-30 00:00:00'), 'picking_type_id': 'FG11-OB', 'date_done': Timestamp('2025-11-30 00:00:00'), 'origin': 'คลังSCG', 'location_dest_id': 'FG11/Stock', 'default_code': 'MO028S101', 'product_uom_qty': 10, 'price_unit': 497.80544, 'sequence': 5, 'date': Timestamp('2025-01-17 00:00:00'), 'scheduled_date_orig': Timestamp('2025-11-30 00:00:00'), 'product_id': 'MO028S101'}
2025-11-26 11:35:24,946 - INFO - Searching for product with code: 'MO028S101' and old code: 'MO028S101'
2025-11-26 11:35:25,050 - INFO - Found product with exact match on default_code: 'MO028S101'
2025-11-26 11:35:25,119 - INFO - Prepared product MO028S101 with quantity 10.0 for batch creation
2025-11-26 11:35:25,120 - INFO - Move locations - Source: 14, Dest: 36
2025-11-26 11:35:25,121 - INFO - Processing Excel row 6: {'partner_id': 'MOGEN_OB', 'scheduled_date': Timestamp('2025-11-30 00:00:00'), 'picking_type_id': 'FG11-OB', 'date_done': Timestamp('2025-11-30 00:00:00'), 'origin': 'คลังSCG', 'location_dest_id': 'FG11/Stock', 'default_code': 'SP00205100', 'product_uom_qty': 1, 'price_unit': 272.158438461538, 'sequence': 6, 'date': Timestamp('2025-01-24 00:00:00'), 'scheduled_date_orig': Timestamp('2025-11-30 00:00:00'), 'product_id': 'SP00205100'}
2025-11-26 11:35:25,121 - INFO - Searching for product with code: 'SP00205100' and old code: 'SP00205100'
2025-11-26 11:35:25,192 - INFO - Found product with exact match on default_code: 'SP00205100'
2025-11-26 11:35:25,262 - INFO - Prepared product SP00205100 with quantity 1.0 for batch creation
2025-11-26 11:35:25,262 - INFO - Move locations - Source: 14, Dest: 36
2025-11-26 11:35:25,263 - INFO - Processing Excel row 7: {'partner_id': 'MOGEN_OB', 'scheduled_date': Timestamp('2025-11-30 00:00:00'), 'picking_type_id': 'FG11-OB', 'date_done': Timestamp('2025-11-30 00:00:00'), 'origin': 'คลังSCG', 'location_dest_id': 'FG11/Stock', 'default_code': 'MO25SU10', 'product_uom_qty': 2, 'price_unit': 1262.8894, 'sequence': 7, 'date': Timestamp('2025-07-04 00:00:00'), 'scheduled_date_orig': Timestamp('2025-11-30 00:00:00'), 'product_id': 'MO25SU10'}
2025-11-26 11:35:25,263 - INFO - Searching for product with code: 'MO25SU10' and old code: 'MO25SU10'
2025-11-26 11:35:25,328 - INFO - Found product with exact match on default_code: 'MO25SU10'
2025-11-26 11:35:25,397 - INFO - Prepared product MO25SU10 with quantity 2.0 for batch creation
2025-11-26 11:35:25,397 - INFO - Move locations - Source: 14, Dest: 36
2025-11-26 11:35:25,398 - INFO - Processing Excel row 8: {'partner_id': 'MOGEN_OB', 'scheduled_date': Timestamp('2025-11-30 00:00:00'), 'picking_type_id': 'FG11-OB', 'date_done': Timestamp('2025-11-30 00:00:00'), 'origin': 'คลังSCG', 'location_dest_id': 'FG11/Stock', 'default_code': 'MA0054101', 'product_uom_qty': 2, 'price_unit': 1446.64846666667, 'sequence': 8, 'date': Timestamp('2025-07-08 00:00:00'), 'scheduled_date_orig': Timestamp('2025-11-30 00:00:00'), 'product_id': 'MA0054101'}
2025-11-26 11:35:25,398 - INFO - Searching for product with code: 'MA0054101' and old code: 'MA0054101'
2025-11-26 11:35:25,479 - INFO - Found product with exact match on default_code: 'MA0054101'
2025-11-26 11:35:25,566 - INFO - Prepared product MA0054101 with quantity 2.0 for batch creation
2025-11-26 11:35:25,566 - INFO - Move locations - Source: 14, Dest: 36
2025-11-26 11:35:25,567 - INFO - Processing Excel row 9: {'partner_id': 'MOGEN_OB', 'scheduled_date': Timestamp('2025-11-30 00:00:00'), 'picking_type_id': 'FG11-OB', 'date_done': Timestamp('2025-11-30 00:00:00'), 'origin': 'คลังSCG', 'location_dest_id': 'FG11/Stock', 'default_code': 'MO0049S110', 'product_uom_qty': 1, 'price_unit': 256.91755, 'sequence': 9, 'date': Timestamp('2025-07-11 00:00:00'), 'scheduled_date_orig': Timestamp('2025-11-30 00:00:00'), 'product_id': 'MO0049S110'}
2025-11-26 11:35:25,567 - INFO - Searching for product with code: 'MO0049S110' and old code: 'MO0049S110'
2025-11-26 11:35:25,653 - INFO - Found product with exact match on default_code: 'MO0049S110'
2025-11-26 11:35:25,725 - INFO - Prepared product MO0049S110 with quantity 1.0 for batch creation
2025-11-26 11:35:25,726 - INFO - Move locations - Source: 14, Dest: 36
2025-11-26 11:35:25,727 - INFO - Processing Excel row 10: {'partner_id': 'MOGEN_OB', 'scheduled_date': Timestamp('2025-11-30 00:00:00'), 'picking_type_id': 'FG11-OB', 'date_done': Timestamp('2025-11-30 00:00:00'), 'origin': 'คลังSCG', 'location_dest_id': 'FG11/Stock', 'default_code': 'MO25SU10', 'product_uom_qty': 1, 'price_unit': 1262.3778, 'sequence': 10, 'date': Timestamp('2025-07-21 00:00:00'), 'scheduled_date_orig': Timestamp('2025-11-30 00:00:00'), 'product_id': 'MO25SU10'}
2025-11-26 11:35:25,728 - INFO - Using cached product ID for code: 'MO25SU10'
2025-11-26 11:35:25,728 - INFO - Prepared product MO25SU10 with quantity 1.0 for batch creation
2025-11-26 11:35:25,729 - INFO - Move locations - Source: 14, Dest: 36
2025-11-26 11:35:25,729 - INFO - Processing Excel row 11: {'partner_id': 'MOGEN_OB', 'scheduled_date': Timestamp('2025-11-30 00:00:00'), 'picking_type_id': 'FG11-OB', 'date_done': Timestamp('2025-11-30 00:00:00'), 'origin': 'คลังSCG', 'location_dest_id': 'FG11/Stock', 'default_code': 'FCF0003100', 'product_uom_qty': 10, 'price_unit': 111.766745348837, 'sequence': 11, 'date': Timestamp('2025-08-08 00:00:00'), 'scheduled_date_orig': Timestamp('2025-11-30 00:00:00'), 'product_id': 'FCF0003100'}
2025-11-26 11:35:25,730 - INFO - Searching for product with code: 'FCF0003100' and old code: 'FCF0003100'
2025-11-26 11:35:25,794 - INFO - Found product with exact match on default_code: 'FCF0003100'
2025-11-26 11:35:25,865 - INFO - Prepared product FCF0003100 with quantity 10.0 for batch creation
2025-11-26 11:35:25,866 - INFO - Move locations - Source: 14, Dest: 36
2025-11-26 11:35:25,866 - INFO - Processing Excel row 12: {'partner_id': 'MOGEN_OB', 'scheduled_date': Timestamp('2025-11-30 00:00:00'), 'picking_type_id': 'FG11-OB', 'date_done': Timestamp('2025-11-30 00:00:00'), 'origin': 'คลังSCG', 'location_dest_id': 'FG11/Stock', 'default_code': 'MA372L101', 'product_uom_qty': 3, 'price_unit': 340.0, 'sequence': 12, 'date': Timestamp('2025-08-25 00:00:00'), 'scheduled_date_orig': Timestamp('2025-11-30 00:00:00'), 'product_id': 'MA372L101'}
2025-11-26 11:35:25,867 - INFO - Searching for product with code: 'MA372L101' and old code: 'MA372L101'
2025-11-26 11:35:25,933 - INFO - Found product with exact match on default_code: 'MA372L101'
2025-11-26 11:35:26,016 - INFO - Prepared product MA372L101 with quantity 3.0 for batch creation
2025-11-26 11:35:26,017 - INFO - Move locations - Source: 14, Dest: 36
2025-11-26 11:35:26,019 - INFO - Processing Excel row 13: {'partner_id': 'MOGEN_OB', 'scheduled_date': Timestamp('2025-11-30 00:00:00'), 'picking_type_id': 'FG11-OB', 'date_done': Timestamp('2025-11-30 00:00:00'), 'origin': 'คลังSCG', 'location_dest_id': 'FG11/Stock', 'default_code': 'MA372L101', 'product_uom_qty': 2, 'price_unit': 340.0, 'sequence': 13, 'date': Timestamp('2025-08-29 00:00:00'), 'scheduled_date_orig': Timestamp('2025-11-30 00:00:00'), 'product_id': 'MA372L101'}
2025-11-26 11:35:26,021 - INFO - Using cached product ID for code: 'MA372L101'
2025-11-26 11:35:26,022 - INFO - Prepared product MA372L101 with quantity 2.0 for batch creation
2025-11-26 11:35:26,024 - INFO - Move locations - Source: 14, Dest: 36
2025-11-26 11:35:26,026 - INFO - Processing Excel row 14: {'partner_id': 'MOGEN_OB', 'scheduled_date': Timestamp('2025-11-30 00:00:00'), 'picking_type_id': 'FG11-OB', 'date_done': Timestamp('2025-11-30 00:00:00'), 'origin': 'คลังSCG', 'location_dest_id': 'FG11/Stock', 'default_code': 'MA332B1101', 'product_uom_qty': 1, 'price_unit': 801.00561875, 'sequence': 14, 'date': Timestamp('2025-09-03 00:00:00'), 'scheduled_date_orig': Timestamp('2025-11-30 00:00:00'), 'product_id': 'MA332B1101'}
2025-11-26 11:35:26,028 - INFO - Searching for product with code: 'MA332B1101' and old code: 'MA332B1101'
2025-11-26 11:35:26,111 - INFO - Found product with exact match on default_code: 'MA332B1101'
2025-11-26 11:35:26,180 - INFO - Prepared product MA332B1101 with quantity 1.0 for batch creation
2025-11-26 11:35:26,182 - INFO - Move locations - Source: 14, Dest: 36
2025-11-26 11:35:26,183 - INFO - Processing Excel row 15: {'partner_id': 'MOGEN_OB', 'scheduled_date': Timestamp('2025-11-30 00:00:00'), 'picking_type_id': 'FG11-OB', 'date_done': Timestamp('2025-11-30 00:00:00'), 'origin': 'คลังSCG', 'location_dest_id': 'FG11/Stock', 'default_code': 'MT631S101', 'product_uom_qty': 1, 'price_unit': 250.0, 'sequence': 15, 'date': Timestamp('2025-09-25 00:00:00'), 'scheduled_date_orig': Timestamp('2025-11-30 00:00:00'), 'product_id': 'MT631S101'}
2025-11-26 11:35:26,183 - INFO - Searching for product with code: 'MT631S101' and old code: 'MT631S101'
2025-11-26 11:35:26,249 - INFO - Found product with exact match on default_code: 'MT631S101'
2025-11-26 11:35:26,317 - INFO - Prepared product MT631S101 with quantity 1.0 for batch creation
2025-11-26 11:35:26,318 - INFO - Move locations - Source: 14, Dest: 36
2025-11-26 11:35:26,319 - INFO - Processing Excel row 16: {'partner_id': 'MOGEN_OB', 'scheduled_date': Timestamp('2025-11-30 00:00:00'), 'picking_type_id': 'FG11-OB', 'date_done': Timestamp('2025-11-30 00:00:00'), 'origin': 'คลังSCG', 'location_dest_id': 'FG11/Stock', 'default_code': 'MO25SU10', 'product_uom_qty': 7, 'price_unit': 1248.4054, 'sequence': 16, 'date': Timestamp('2025-09-26 00:00:00'), 'scheduled_date_orig': Timestamp('2025-11-30 00:00:00'), 'product_id': 'MO25SU10'}
2025-11-26 11:35:26,320 - INFO - Using cached product ID for code: 'MO25SU10'
2025-11-26 11:35:26,321 - INFO - Prepared product MO25SU10 with quantity 7.0 for batch creation
2025-11-26 11:35:26,322 - INFO - Move locations - Source: 14, Dest: 36
2025-11-26 11:35:26,323 - INFO - Processing Excel row 17: {'partner_id': 'MOGEN_OB', 'scheduled_date': Timestamp('2025-11-30 00:00:00'), 'picking_type_id': 'FG11-OB', 'date_done': Timestamp('2025-11-30 00:00:00'), 'origin': 'คลังSCG', 'location_dest_id': 'FG11/Stock', 'default_code': 'AC0061101', 'product_uom_qty': 1, 'price_unit': 133.62142, 'sequence': 17, 'date': Timestamp('2025-10-07 00:00:00'), 'scheduled_date_orig': Timestamp('2025-11-30 00:00:00'), 'product_id': 'AC0061101'}
2025-11-26 11:35:26,324 - INFO - Searching for product with code: 'AC0061101' and old code: 'AC0061101'
2025-11-26 11:35:26,392 - INFO - Found product with exact match on default_code: 'AC0061101'
2025-11-26 11:35:26,467 - INFO - Prepared product AC0061101 with quantity 1.0 for batch creation
2025-11-26 11:35:26,468 - INFO - Move locations - Source: 14, Dest: 36
2025-11-26 11:35:26,469 - INFO - Processing Excel row 18: {'partner_id': 'MOGEN_OB', 'scheduled_date': Timestamp('2025-11-30 00:00:00'), 'picking_type_id': 'FG11-OB', 'date_done': Timestamp('2025-11-30 00:00:00'), 'origin': 'คลังSCG', 'location_dest_id': 'FG11/Stock', 'default_code': 'AC0051101', 'product_uom_qty': 2, 'price_unit': 131.096703921569, 'sequence': 18, 'date': Timestamp('2025-10-08 00:00:00'), 'scheduled_date_orig': Timestamp('2025-11-30 00:00:00'), 'product_id': 'AC0051101'}
2025-11-26 11:35:26,470 - INFO - Searching for product with code: 'AC0051101' and old code: 'AC0051101'
2025-11-26 11:35:26,550 - INFO - Found product with exact match on default_code: 'AC0051101'
2025-11-26 11:35:26,634 - INFO - Prepared product AC0051101 with quantity 2.0 for batch creation
2025-11-26 11:35:26,635 - INFO - Move locations - Source: 14, Dest: 36
2025-11-26 11:35:26,637 - INFO - Processing Excel row 19: {'partner_id': 'MOGEN_OB', 'scheduled_date': Timestamp('2025-11-30 00:00:00'), 'picking_type_id': 'FG11-OB', 'date_done': Timestamp('2025-11-30 00:00:00'), 'origin': 'คลังSCG', 'location_dest_id': 'FG11/Stock', 'default_code': 'SPV0016100', 'product_uom_qty': 6, 'price_unit': 68.1758454545455, 'sequence': 19, 'date': Timestamp('2025-10-10 00:00:00'), 'scheduled_date_orig': Timestamp('2025-11-30 00:00:00'), 'product_id': 'SPV0016100'}
2025-11-26 11:35:26,639 - INFO - Searching for product with code: 'SPV0016100' and old code: 'SPV0016100'
2025-11-26 11:35:26,713 - INFO - Found product with exact match on default_code: 'SPV0016100'
2025-11-26 11:35:26,785 - INFO - Prepared product SPV0016100 with quantity 6.0 for batch creation
2025-11-26 11:35:26,786 - INFO - Move locations - Source: 14, Dest: 36
2025-11-26 11:35:26,787 - INFO - Processing Excel row 20: {'partner_id': 'MOGEN_OB', 'scheduled_date': Timestamp('2025-11-30 00:00:00'), 'picking_type_id': 'FG11-OB', 'date_done': Timestamp('2025-11-30 00:00:00'), 'origin': 'คลังSCG', 'location_dest_id': 'FG11/Stock', 'default_code': 'AC0052101', 'product_uom_qty': 2, 'price_unit': 94.8492747826087, 'sequence': 20, 'date': Timestamp('2025-10-21 00:00:00'), 'scheduled_date_orig': Timestamp('2025-11-30 00:00:00'), 'product_id': 'AC0052101'}
2025-11-26 11:35:26,787 - INFO - Searching for product with code: 'AC0052101' and old code: 'AC0052101'
2025-11-26 11:35:26,856 - INFO - Found product with exact match on default_code: 'AC0052101'
2025-11-26 11:35:26,927 - INFO - Prepared product AC0052101 with quantity 2.0 for batch creation
2025-11-26 11:35:26,928 - INFO - Move locations - Source: 14, Dest: 36
2025-11-26 11:35:26,929 - INFO - Processing Excel row 21: {'partner_id': 'MOGEN_OB', 'scheduled_date': Timestamp('2025-11-30 00:00:00'), 'picking_type_id': 'FG11-OB', 'date_done': Timestamp('2025-11-30 00:00:00'), 'origin': 'คลังSCG', 'location_dest_id': 'FG11/Stock', 'default_code': 'SP0035100', 'product_uom_qty': 2, 'price_unit': 223.897110344828, 'sequence': 21, 'date': Timestamp('2025-10-23 00:00:00'), 'scheduled_date_orig': Timestamp('2025-11-30 00:00:00'), 'product_id': 'SP0035100'}
2025-11-26 11:35:26,929 - INFO - Searching for product with code: 'SP0035100' and old code: 'SP0035100'
2025-11-26 11:35:26,997 - INFO - Found product with exact match on default_code: 'SP0035100'
2025-11-26 11:35:27,085 - INFO - Prepared product SP0035100 with quantity 2.0 for batch creation
2025-11-26 11:35:27,086 - INFO - Move locations - Source: 14, Dest: 36
2025-11-26 11:35:27,087 - INFO - Processing Excel row 22: {'partner_id': 'MOGEN_OB', 'scheduled_date': Timestamp('2025-11-30 00:00:00'), 'picking_type_id': 'FG11-OB', 'date_done': Timestamp('2025-11-30 00:00:00'), 'origin': 'คลังSCG', 'location_dest_id': 'FG11/Stock', 'default_code': 'MA0343101(W)', 'product_uom_qty': 1, 'price_unit': 1029.54926, 'sequence': 22, 'date': Timestamp('2025-10-24 00:00:00'), 'scheduled_date_orig': Timestamp('2025-11-30 00:00:00'), 'product_id': 'MA0343101(W)'}
2025-11-26 11:35:27,088 - INFO - Searching for product with code: 'MA0343101(W)' and old code: 'MA0343101(W)'
2025-11-26 11:35:27,169 - INFO - Found product with exact match on default_code: 'MA0343101(W)'
2025-11-26 11:35:27,244 - INFO - Prepared product MA0343101(W) with quantity 1.0 for batch creation
2025-11-26 11:35:27,244 - INFO - Move locations - Source: 14, Dest: 36
2025-11-26 11:35:27,245 - INFO - Processing Excel row 23: {'partner_id': 'MOGEN_OB', 'scheduled_date': Timestamp('2025-11-30 00:00:00'), 'picking_type_id': 'FG11-OB', 'date_done': Timestamp('2025-11-30 00:00:00'), 'origin': 'คลังSCG', 'location_dest_id': 'FG11/Stock', 'default_code': 'WD0001A100', 'product_uom_qty': 20, 'price_unit': 238.773935036496, 'sequence': 23, 'date': Timestamp('2025-11-08 00:00:00'), 'scheduled_date_orig': Timestamp('2025-11-30 00:00:00'), 'product_id': 'WD0001A100'}
2025-11-26 11:35:27,245 - INFO - Searching for product with code: 'WD0001A100' and old code: 'WD0001A100'
2025-11-26 11:35:27,312 - INFO - Found product with exact match on default_code: 'WD0001A100'
2025-11-26 11:35:27,386 - INFO - Prepared product WD0001A100 with quantity 20.0 for batch creation
2025-11-26 11:35:27,387 - INFO - Move locations - Source: 14, Dest: 36
2025-11-26 11:35:27,389 - INFO - Processing Excel row 24: {'partner_id': 'MOGEN_OB', 'scheduled_date': Timestamp('2025-11-30 00:00:00'), 'picking_type_id': 'FG11-OB', 'date_done': Timestamp('2025-11-30 00:00:00'), 'origin': 'คลังSCG', 'location_dest_id': 'FG11/Stock', 'default_code': 'MA0048101', 'product_uom_qty': 1, 'price_unit': 1063.24856315789, 'sequence': 24, 'date': Timestamp('2025-11-12 00:00:00'), 'scheduled_date_orig': Timestamp('2025-11-30 00:00:00'), 'product_id': 'MA0048101'}
2025-11-26 11:35:27,391 - INFO - Searching for product with code: 'MA0048101' and old code: 'MA0048101'
2025-11-26 11:35:27,460 - INFO - Found product with exact match on default_code: 'MA0048101'
2025-11-26 11:35:27,531 - INFO - Prepared product MA0048101 with quantity 1.0 for batch creation
2025-11-26 11:35:27,531 - INFO - Move locations - Source: 14, Dest: 36
2025-11-26 11:35:27,532 - INFO - Processing Excel row 25: {'partner_id': 'MOGEN_OB', 'scheduled_date': Timestamp('2025-11-30 00:00:00'), 'picking_type_id': 'FG11-OB', 'date_done': Timestamp('2025-11-30 00:00:00'), 'origin': 'คลังSCG', 'location_dest_id': 'FG11/Stock', 'default_code': 'MA0343101', 'product_uom_qty': 1, 'price_unit': 984.9791, 'sequence': 25, 'date': Timestamp('2025-11-15 00:00:00'), 'scheduled_date_orig': Timestamp('2025-11-30 00:00:00'), 'product_id': 'MA0343101'}
2025-11-26 11:35:27,532 - INFO - Searching for product with code: 'MA0343101' and old code: 'MA0343101'
2025-11-26 11:35:27,600 - INFO - Found product with exact match on default_code: 'MA0343101'
2025-11-26 11:35:27,687 - INFO - Prepared product MA0343101 with quantity 1.0 for batch creation
2025-11-26 11:35:27,688 - INFO - Move locations - Source: 14, Dest: 36
2025-11-26 11:35:27,689 - INFO - Processing Excel row 26: {'partner_id': 'MOGEN_OB', 'scheduled_date': Timestamp('2025-11-30 00:00:00'), 'picking_type_id': 'FG11-OB', 'date_done': Timestamp('2025-11-30 00:00:00'), 'origin': 'คลังSCG', 'location_dest_id': 'FG11/Stock', 'default_code': 'MT014E101', 'product_uom_qty': 1, 'price_unit': 2166.536, 'sequence': 26, 'date': Timestamp('2025-11-15 00:00:00'), 'scheduled_date_orig': Timestamp('2025-11-30 00:00:00'), 'product_id': 'MT014E101'}
2025-11-26 11:35:27,690 - INFO - Searching for product with code: 'MT014E101' and old code: 'MT014E101'
2025-11-26 11:35:27,771 - INFO - Found product with exact match on default_code: 'MT014E101'
2025-11-26 11:35:27,841 - INFO - Prepared product MT014E101 with quantity 1.0 for batch creation
2025-11-26 11:35:27,841 - INFO - Move locations - Source: 14, Dest: 36
2025-11-26 11:35:27,842 - INFO - Processing Excel row 27: {'partner_id': 'MOGEN_OB', 'scheduled_date': Timestamp('2025-11-30 00:00:00'), 'picking_type_id': 'FG11-OB', 'date_done': Timestamp('2025-11-30 00:00:00'), 'origin': 'คลังSCG', 'location_dest_id': 'FG11/Stock', 'default_code': 'MT056E1210', 'product_uom_qty': 1, 'price_unit': 2819.3109, 'sequence': 27, 'date': Timestamp('2025-11-17 00:00:00'), 'scheduled_date_orig': Timestamp('2025-11-30 00:00:00'), 'product_id': 'MT056E1210'}
2025-11-26 11:35:27,843 - INFO - Searching for product with code: 'MT056E1210' and old code: 'MT056E1210'
2025-11-26 11:35:27,916 - INFO - Found product with exact match on default_code: 'MT056E1210'
2025-11-26 11:35:27,982 - INFO - Prepared product MT056E1210 with quantity 1.0 for batch creation
2025-11-26 11:35:27,982 - INFO - Move locations - Source: 14, Dest: 36
2025-11-26 11:35:27,982 - INFO - Processing Excel row 28: {'partner_id': 'MOGEN_OB', 'scheduled_date': Timestamp('2025-11-30 00:00:00'), 'picking_type_id': 'FG11-OB', 'date_done': Timestamp('2025-11-30 00:00:00'), 'origin': 'คลังSCG', 'location_dest_id': 'FG11/Stock', 'default_code': 'MO031N1310', 'product_uom_qty': 2, 'price_unit': 4910.790405, 'sequence': 28, 'date': Timestamp('2025-11-19 00:00:00'), 'scheduled_date_orig': Timestamp('2025-11-30 00:00:00'), 'product_id': 'MO031N1310'}
2025-11-26 11:35:27,983 - INFO - Searching for product with code: 'MO031N1310' and old code: 'MO031N1310'
2025-11-26 11:35:28,050 - INFO - Found product with exact match on default_code: 'MO031N1310'
2025-11-26 11:35:28,125 - INFO - Prepared product MO031N1310 with quantity 2.0 for batch creation
2025-11-26 11:35:28,126 - INFO - Move locations - Source: 14, Dest: 36
2025-11-26 11:35:28,130 - INFO - Processing Excel row 29: {'partner_id': 'MOGEN_OB', 'scheduled_date': Timestamp('2025-11-30 00:00:00'), 'picking_type_id': 'FG11-OB', 'date_done': Timestamp('2025-11-30 00:00:00'), 'origin': 'คลังSCG', 'location_dest_id': 'FG11/Stock', 'default_code': 'MO00691110', 'product_uom_qty': 8, 'price_unit': 2164.32695, 'sequence': 29, 'date': Timestamp('2025-11-20 00:00:00'), 'scheduled_date_orig': Timestamp('2025-11-30 00:00:00'), 'product_id': 'MO00691110'}
2025-11-26 11:35:28,131 - INFO - Searching for product with code: 'MO00691110' and old code: 'MO00691110'
2025-11-26 11:35:28,202 - INFO - Found product with exact match on default_code: 'MO00691110'
2025-11-26 11:35:28,314 - INFO - Prepared product MO00691110 with quantity 8.0 for batch creation
2025-11-26 11:35:28,315 - INFO - Move locations - Source: 14, Dest: 36
2025-11-26 11:35:28,317 - INFO - Processing Excel row 30: {'partner_id': 'MOGEN_OB', 'scheduled_date': Timestamp('2025-11-30 00:00:00'), 'picking_type_id': 'FG11-OB', 'date_done': Timestamp('2025-11-30 00:00:00'), 'origin': 'คลังSCG', 'location_dest_id': 'FG11/Stock', 'default_code': 'UF00005100', 'product_uom_qty': 1, 'price_unit': 295.565624293785, 'sequence': 30, 'date': Timestamp('2025-11-20 00:00:00'), 'scheduled_date_orig': Timestamp('2025-11-30 00:00:00'), 'product_id': 'UF00005100'}
2025-11-26 11:35:28,319 - INFO - Searching for product with code: 'UF00005100' and old code: 'UF00005100'
2025-11-26 11:35:28,389 - INFO - Found product with exact match on default_code: 'UF00005100'
2025-11-26 11:35:28,460 - INFO - Prepared product UF00005100 with quantity 1.0 for batch creation
2025-11-26 11:35:28,461 - INFO - Move locations - Source: 14, Dest: 36
2025-11-26 11:35:28,597 - INFO - Created 30 moves in batch for picking 9
2025-11-26 11:35:28,690 - INFO - Re-updated dates before confirming picking 9: 2025-11-30 00:00:00
2025-11-26 11:35:29,051 - INFO - Confirmed transfer 9 with forced date context
2025-11-26 11:35:29,051 - INFO - Import completed: 1 success, 0 failed.
