2025-11-29 08:34:29,877 - INFO - Successfully connected to Odoo as user ID: 2
2025-11-29 08:34:29,982 - INFO - Odoo version: 17.0.1.3
2025-11-29 08:34:30,310 - INFO - Available date fields in stock.picking: ['activity_date_deadline', 'my_activity_date_deadline', 'scheduled_date', 'date_deadline', 'date', 'date_done', 'delay_alert_date', 'create_date', 'write_date', 'date_notice', 'date_confirmed', 'date_start', 'operation_date']
2025-11-29 08:34:30,477 - INFO - Successfully read Excel file with 104 rows
2025-11-29 08:34:30,478 - INFO - Excel columns: ['partner_id', 'scheduled_date', 'picking_type_id', 'date_done', 'origin', 'location_dest_id', 'default_code', 'product_uom_qty', 'price_unit', 'sequence', 'date']
2025-11-29 08:34:30,479 - INFO - Processed sequence column
2025-11-29 08:34:30,481 - INFO - scheduled_date dtype: datetime64[ns]
2025-11-29 08:34:30,481 - INFO - scheduled_date sample: 2025-11-30 00:00:00
2025-11-29 08:34:30,482 - INFO - Converted scheduled_date to string format. Sample: 2025-11-30 00:00:00
2025-11-29 08:34:30,482 - INFO - Fixed picking type name from 'My Company: OB FIFO' and 'คลังวัตถุดิบ 2: OB FIFO' to 'OB FIFO'
2025-11-29 08:34:30,482 - INFO - Using 'default_code' column as 'product_id'
2025-11-29 08:34:30,482 - INFO - Using 'origin' column to identify transfer groups
2025-11-29 08:34:30,484 - INFO - Excel file validation and data filling completed successfully
2025-11-29 08:34:30,643 - INFO - Searching for location: 'PJ01/Stock'
2025-11-29 08:34:30,921 - INFO - Found location with complete_name match: 'PJ01/Stock' for 'PJ01/Stock'
2025-11-29 08:34:31,027 - INFO - Found partner ID 4937 for 'MOGEN_OB'
2025-11-29 08:34:31,149 - INFO - Created transfer for date 2025-11-30 00:00:00 sequence 1 with picking ID 85
2025-11-29 08:34:31,152 - INFO - Processing Excel row 1: {'partner_id': 'MOGEN_OB', 'scheduled_date': Timestamp('2025-11-30 00:00:00'), 'picking_type_id': 'PJ01-OB', 'date_done': Timestamp('2025-11-30 00:00:00'), 'origin': 'คลังโครงการ', 'location_dest_id': 'PJ01/Stock', 'default_code': '3FG-LH0023-1930W126A', 'product_uom_qty': 4.0, 'price_unit': 15594.12, 'sequence': 1, 'date': Timestamp('2024-12-07 00:00:00'), 'scheduled_date_orig': Timestamp('2025-11-30 00:00:00'), 'product_id': '3FG-LH0023-1930W126A'}
2025-11-29 08:34:31,153 - INFO - Searching for product with code: '3FG-LH0023-1930W126A' and old code: '3FG-LH0023-1930W126A'
2025-11-29 08:34:31,245 - INFO - Found product with exact match on default_code: '3FG-LH0023-1930W126A'
2025-11-29 08:34:31,333 - INFO - Prepared product 3FG-LH0023-1930W126A with quantity 4.0 for batch creation
2025-11-29 08:34:31,334 - INFO - Move locations - Source: 4, Dest: 100
2025-11-29 08:34:31,335 - INFO - Processing Excel row 2: {'partner_id': 'MOGEN_OB', 'scheduled_date': Timestamp('2025-11-30 00:00:00'), 'picking_type_id': 'PJ01-OB', 'date_done': Timestamp('2025-11-30 00:00:00'), 'origin': 'คลังโครงการ', 'location_dest_id': 'PJ01/Stock', 'default_code': '3FG-LH0031-119', 'product_uom_qty': 5.0, 'price_unit': 659.609, 'sequence': 2, 'date': Timestamp('2024-12-07 00:00:00'), 'scheduled_date_orig': Timestamp('2025-11-30 00:00:00'), 'product_id': '3FG-LH0031-119'}
2025-11-29 08:34:31,335 - INFO - Searching for product with code: '3FG-LH0031-119' and old code: '3FG-LH0031-119'
2025-11-29 08:34:31,438 - INFO - Found product with exact match on default_code: '3FG-LH0031-119'
2025-11-29 08:34:31,553 - INFO - Prepared product 3FG-LH0031-119 with quantity 5.0 for batch creation
2025-11-29 08:34:31,554 - INFO - Move locations - Source: 4, Dest: 100
2025-11-29 08:34:31,554 - INFO - Processing Excel row 3: {'partner_id': 'MOGEN_OB', 'scheduled_date': Timestamp('2025-11-30 00:00:00'), 'picking_type_id': 'PJ01-OB', 'date_done': Timestamp('2025-11-30 00:00:00'), 'origin': 'คลังโครงการ', 'location_dest_id': 'PJ01/Stock', 'default_code': '3FG-LH0060-1930W126A', 'product_uom_qty': 1.0, 'price_unit': 24056.5663, 'sequence': 3, 'date': Timestamp('2024-12-07 00:00:00'), 'scheduled_date_orig': Timestamp('2025-11-30 00:00:00'), 'product_id': '3FG-LH0060-1930W126A'}
2025-11-29 08:34:31,554 - INFO - Searching for product with code: '3FG-LH0060-1930W126A' and old code: '3FG-LH0060-1930W126A'
2025-11-29 08:34:31,639 - INFO - Found product with exact match on default_code: '3FG-LH0060-1930W126A'
2025-11-29 08:34:31,738 - INFO - Prepared product 3FG-LH0060-1930W126A with quantity 1.0 for batch creation
2025-11-29 08:34:31,739 - INFO - Move locations - Source: 4, Dest: 100
2025-11-29 08:34:31,739 - INFO - Processing Excel row 4: {'partner_id': 'MOGEN_OB', 'scheduled_date': Timestamp('2025-11-30 00:00:00'), 'picking_type_id': 'PJ01-OB', 'date_done': Timestamp('2025-11-30 00:00:00'), 'origin': 'คลังโครงการ', 'location_dest_id': 'PJ01/Stock', 'default_code': '3FG-LH-1980WM-1', 'product_uom_qty': 1.0, 'price_unit': 6027.7003, 'sequence': 4, 'date': Timestamp('2024-12-23 00:00:00'), 'scheduled_date_orig': Timestamp('2025-11-30 00:00:00'), 'product_id': '3FG-LH-1980WM-1'}
2025-11-29 08:34:31,739 - INFO - Searching for product with code: '3FG-LH-1980WM-1' and old code: '3FG-LH-1980WM-1'
2025-11-29 08:34:31,860 - INFO - Found product with exact match on default_code: '3FG-LH-1980WM-1'
2025-11-29 08:34:31,952 - INFO - Prepared product 3FG-LH-1980WM-1 with quantity 1.0 for batch creation
2025-11-29 08:34:31,953 - INFO - Move locations - Source: 4, Dest: 100
2025-11-29 08:34:31,953 - INFO - Processing Excel row 5: {'partner_id': 'MOGEN_OB', 'scheduled_date': Timestamp('2025-11-30 00:00:00'), 'picking_type_id': 'PJ01-OB', 'date_done': Timestamp('2025-11-30 00:00:00'), 'origin': 'คลังโครงการ', 'location_dest_id': 'PJ01/Stock', 'default_code': '3FG-LH0006-150', 'product_uom_qty': 1.0, 'price_unit': 1955.5294, 'sequence': 5, 'date': Timestamp('2024-12-24 00:00:00'), 'scheduled_date_orig': Timestamp('2025-11-30 00:00:00'), 'product_id': '3FG-LH0006-150'}
2025-11-29 08:34:31,954 - INFO - Searching for product with code: '3FG-LH0006-150' and old code: '3FG-LH0006-150'
2025-11-29 08:34:32,041 - INFO - Found product with exact match on default_code: '3FG-LH0006-150'
2025-11-29 08:34:32,134 - INFO - Prepared product 3FG-LH0006-150 with quantity 1.0 for batch creation
2025-11-29 08:34:32,134 - INFO - Move locations - Source: 4, Dest: 100
2025-11-29 08:34:32,135 - INFO - Processing Excel row 6: {'partner_id': 'MOGEN_OB', 'scheduled_date': Timestamp('2025-11-30 00:00:00'), 'picking_type_id': 'PJ01-OB', 'date_done': Timestamp('2025-11-30 00:00:00'), 'origin': 'คลังโครงการ', 'location_dest_id': 'PJ01/Stock', 'default_code': '3FG-JMN0003/3-XL', 'product_uom_qty': 8.0, 'price_unit': 32579.5043125, 'sequence': 6, 'date': Timestamp('2025-03-05 00:00:00'), 'scheduled_date_orig': Timestamp('2025-11-30 00:00:00'), 'product_id': '3FG-JMN0003/3-XL'}
2025-11-29 08:34:32,136 - INFO - Searching for product with code: '3FG-JMN0003/3-XL' and old code: '3FG-JMN0003/3-XL'
2025-11-29 08:34:32,229 - INFO - Found product with exact match on default_code: '3FG-JMN0003/3-XL'
2025-11-29 08:34:32,314 - INFO - Prepared product 3FG-JMN0003/3-XL with quantity 8.0 for batch creation
2025-11-29 08:34:32,315 - INFO - Move locations - Source: 4, Dest: 100
2025-11-29 08:34:32,315 - INFO - Processing Excel row 7: {'partner_id': 'MOGEN_OB', 'scheduled_date': Timestamp('2025-11-30 00:00:00'), 'picking_type_id': 'PJ01-OB', 'date_done': Timestamp('2025-11-30 00:00:00'), 'origin': 'คลังโครงการ', 'location_dest_id': 'PJ01/Stock', 'default_code': '3FG-614CD1-1600x3350x25', 'product_uom_qty': 2.0, 'price_unit': 2066.59085, 'sequence': 7, 'date': Timestamp('2025-04-10 00:00:00'), 'scheduled_date_orig': Timestamp('2025-11-30 00:00:00'), 'product_id': '3FG-614CD1-1600x3350x25'}
2025-11-29 08:34:32,316 - INFO - Searching for product with code: '3FG-614CD1-1600x3350x25' and old code: '3FG-614CD1-1600x3350x25'
2025-11-29 08:34:32,423 - INFO - Found product with exact match on default_code: '3FG-614CD1-1600x3350x25'
2025-11-29 08:34:32,522 - INFO - Prepared product 3FG-614CD1-1600x3350x25 with quantity 2.0 for batch creation
2025-11-29 08:34:32,523 - INFO - Move locations - Source: 4, Dest: 100
2025-11-29 08:34:32,524 - INFO - Processing Excel row 8: {'partner_id': 'MOGEN_OB', 'scheduled_date': Timestamp('2025-11-30 00:00:00'), 'picking_type_id': 'PJ01-OB', 'date_done': Timestamp('2025-11-30 00:00:00'), 'origin': 'คลังโครงการ', 'location_dest_id': 'PJ01/Stock', 'default_code': '3FG-614CD1-195x1450x8', 'product_uom_qty': 54.0, 'price_unit': 254.6354962962963, 'sequence': 8, 'date': Timestamp('2025-04-10 00:00:00'), 'scheduled_date_orig': Timestamp('2025-11-30 00:00:00'), 'product_id': '3FG-614CD1-195x1450x8'}
2025-11-29 08:34:32,524 - INFO - Searching for product with code: '3FG-614CD1-195x1450x8' and old code: '3FG-614CD1-195x1450x8'
2025-11-29 08:34:32,622 - INFO - Found product with exact match on default_code: '3FG-614CD1-195x1450x8'
2025-11-29 08:34:32,711 - INFO - Prepared product 3FG-614CD1-195x1450x8 with quantity 54.0 for batch creation
2025-11-29 08:34:32,712 - INFO - Move locations - Source: 4, Dest: 100
2025-11-29 08:34:32,712 - INFO - Processing Excel row 9: {'partner_id': 'MOGEN_OB', 'scheduled_date': Timestamp('2025-11-30 00:00:00'), 'picking_type_id': 'PJ01-OB', 'date_done': Timestamp('2025-11-30 00:00:00'), 'origin': 'คลังโครงการ', 'location_dest_id': 'PJ01/Stock', 'default_code': '3FG-614CD1-200x1400x25', 'product_uom_qty': 6.0, 'price_unit': 413.7343, 'sequence': 9, 'date': Timestamp('2025-04-10 00:00:00'), 'scheduled_date_orig': Timestamp('2025-11-30 00:00:00'), 'product_id': '3FG-614CD1-200x1400x25'}
2025-11-29 08:34:32,712 - INFO - Searching for product with code: '3FG-614CD1-200x1400x25' and old code: '3FG-614CD1-200x1400x25'
2025-11-29 08:34:32,822 - INFO - Found product with exact match on default_code: '3FG-614CD1-200x1400x25'
2025-11-29 08:34:32,907 - INFO - Prepared product 3FG-614CD1-200x1400x25 with quantity 6.0 for batch creation
2025-11-29 08:34:32,908 - INFO - Move locations - Source: 4, Dest: 100
2025-11-29 08:34:32,909 - INFO - Processing Excel row 10: {'partner_id': 'MOGEN_OB', 'scheduled_date': Timestamp('2025-11-30 00:00:00'), 'picking_type_id': 'PJ01-OB', 'date_done': Timestamp('2025-11-30 00:00:00'), 'origin': 'คลังโครงการ', 'location_dest_id': 'PJ01/Stock', 'default_code': '3FG-614CD1-230x1400x8', 'product_uom_qty': 3.0, 'price_unit': 307.2241666666667, 'sequence': 10, 'date': Timestamp('2025-04-10 00:00:00'), 'scheduled_date_orig': Timestamp('2025-11-30 00:00:00'), 'product_id': '3FG-614CD1-230x1400x8'}
2025-11-29 08:34:32,909 - INFO - Searching for product with code: '3FG-614CD1-230x1400x8' and old code: '3FG-614CD1-230x1400x8'
2025-11-29 08:34:32,998 - INFO - Found product with exact match on default_code: '3FG-614CD1-230x1400x8'
2025-11-29 08:34:33,099 - INFO - Prepared product 3FG-614CD1-230x1400x8 with quantity 3.0 for batch creation
2025-11-29 08:34:33,099 - INFO - Move locations - Source: 4, Dest: 100
2025-11-29 08:34:33,100 - INFO - Processing Excel row 11: {'partner_id': 'MOGEN_OB', 'scheduled_date': Timestamp('2025-11-30 00:00:00'), 'picking_type_id': 'PJ01-OB', 'date_done': Timestamp('2025-11-30 00:00:00'), 'origin': 'คลังโครงการ', 'location_dest_id': 'PJ01/Stock', 'default_code': '3FG-614CD1-350x1400x25', 'product_uom_qty': 51.0, 'price_unit': 649.208831372549, 'sequence': 11, 'date': Timestamp('2025-04-10 00:00:00'), 'scheduled_date_orig': Timestamp('2025-11-30 00:00:00'), 'product_id': '3FG-614CD1-350x1400x25'}
2025-11-29 08:34:33,101 - INFO - Searching for product with code: '3FG-614CD1-350x1400x25' and old code: '3FG-614CD1-350x1400x25'
2025-11-29 08:34:33,191 - INFO - Found product with exact match on default_code: '3FG-614CD1-350x1400x25'
2025-11-29 08:34:33,312 - INFO - Prepared product 3FG-614CD1-350x1400x25 with quantity 51.0 for batch creation
2025-11-29 08:34:33,312 - INFO - Move locations - Source: 4, Dest: 100
2025-11-29 08:34:33,313 - INFO - Processing Excel row 12: {'partner_id': 'MOGEN_OB', 'scheduled_date': Timestamp('2025-11-30 00:00:00'), 'picking_type_id': 'PJ01-OB', 'date_done': Timestamp('2025-11-30 00:00:00'), 'origin': 'คลังโครงการ', 'location_dest_id': 'PJ01/Stock', 'default_code': '3FG-JMN0003/3-M', 'product_uom_qty': 7.0, 'price_unit': 23985.268257142856, 'sequence': 12, 'date': Timestamp('2025-04-10 00:00:00'), 'scheduled_date_orig': Timestamp('2025-11-30 00:00:00'), 'product_id': '3FG-JMN0003/3-M'}
2025-11-29 08:34:33,313 - INFO - Searching for product with code: '3FG-JMN0003/3-M' and old code: '3FG-JMN0003/3-M'
2025-11-29 08:34:33,413 - INFO - Found product with exact match on default_code: '3FG-JMN0003/3-M'
2025-11-29 08:34:33,501 - INFO - Prepared product 3FG-JMN0003/3-M with quantity 7.0 for batch creation
2025-11-29 08:34:33,502 - INFO - Move locations - Source: 4, Dest: 100
2025-11-29 08:34:33,502 - INFO - Processing Excel row 13: {'partner_id': 'MOGEN_OB', 'scheduled_date': Timestamp('2025-11-30 00:00:00'), 'picking_type_id': 'PJ01-OB', 'date_done': Timestamp('2025-11-30 00:00:00'), 'origin': 'คลังโครงการ', 'location_dest_id': 'PJ01/Stock', 'default_code': '3FG-LH-1980W2-1', 'product_uom_qty': 1.0, 'price_unit': 25340.9564, 'sequence': 13, 'date': Timestamp('2025-04-10 00:00:00'), 'scheduled_date_orig': Timestamp('2025-11-30 00:00:00'), 'product_id': '3FG-LH-1980W2-1'}
2025-11-29 08:34:33,502 - INFO - Searching for product with code: '3FG-LH-1980W2-1' and old code: '3FG-LH-1980W2-1'
2025-11-29 08:34:33,593 - INFO - Found product with exact match on default_code: '3FG-LH-1980W2-1'
2025-11-29 08:34:33,701 - INFO - Prepared product 3FG-LH-1980W2-1 with quantity 1.0 for batch creation
2025-11-29 08:34:33,702 - INFO - Move locations - Source: 4, Dest: 100
2025-11-29 08:34:33,702 - INFO - Processing Excel row 14: {'partner_id': 'MOGEN_OB', 'scheduled_date': Timestamp('2025-11-30 00:00:00'), 'picking_type_id': 'PJ01-OB', 'date_done': Timestamp('2025-11-30 00:00:00'), 'origin': 'คลังโครงการ', 'location_dest_id': 'PJ01/Stock', 'default_code': '3FG-LH0023-1600W126A', 'product_uom_qty': 2.0, 'price_unit': 3857.01235, 'sequence': 14, 'date': Timestamp('2025-04-21 00:00:00'), 'scheduled_date_orig': Timestamp('2025-11-30 00:00:00'), 'product_id': '3FG-LH0023-1600W126A'}
2025-11-29 08:34:33,702 - INFO - Searching for product with code: '3FG-LH0023-1600W126A' and old code: '3FG-LH0023-1600W126A'
2025-11-29 08:34:33,793 - INFO - Found product with exact match on default_code: '3FG-LH0023-1600W126A'
2025-11-29 08:34:33,888 - INFO - Prepared product 3FG-LH0023-1600W126A with quantity 2.0 for batch creation
2025-11-29 08:34:33,888 - INFO - Move locations - Source: 4, Dest: 100
2025-11-29 08:34:33,888 - INFO - Processing Excel row 15: {'partner_id': 'MOGEN_OB', 'scheduled_date': Timestamp('2025-11-30 00:00:00'), 'picking_type_id': 'PJ01-OB', 'date_done': Timestamp('2025-11-30 00:00:00'), 'origin': 'คลังโครงการ', 'location_dest_id': 'PJ01/Stock', 'default_code': '3FG-PSS107-PM468-05', 'product_uom_qty': 1.0, 'price_unit': 101287.8478, 'sequence': 15, 'date': Timestamp('2025-05-09 00:00:00'), 'scheduled_date_orig': Timestamp('2025-11-30 00:00:00'), 'product_id': '3FG-PSS107-PM468-05'}
2025-11-29 08:34:33,888 - INFO - Searching for product with code: '3FG-PSS107-PM468-05' and old code: '3FG-PSS107-PM468-05'
2025-11-29 08:34:33,987 - INFO - Found product with exact match on default_code: '3FG-PSS107-PM468-05'
2025-11-29 08:34:34,082 - INFO - Prepared product 3FG-PSS107-PM468-05 with quantity 1.0 for batch creation
2025-11-29 08:34:34,082 - INFO - Move locations - Source: 4, Dest: 100
2025-11-29 08:34:34,083 - INFO - Processing Excel row 16: {'partner_id': 'MOGEN_OB', 'scheduled_date': Timestamp('2025-11-30 00:00:00'), 'picking_type_id': 'PJ01-OB', 'date_done': Timestamp('2025-11-30 00:00:00'), 'origin': 'คลังโครงการ', 'location_dest_id': 'PJ01/Stock', 'default_code': '3FG-474CD1-3-ราวติดพื้น', 'product_uom_qty': 1.0, 'price_unit': 74948.1233, 'sequence': 16, 'date': Timestamp('2025-05-16 00:00:00'), 'scheduled_date_orig': Timestamp('2025-11-30 00:00:00'), 'product_id': '3FG-474CD1-3-ราวติดพื้น'}
2025-11-29 08:34:34,083 - INFO - Searching for product with code: '3FG-474CD1-3-ราวติดพื้น' and old code: '3FG-474CD1-3-ราวติดพื้น'
2025-11-29 08:34:34,171 - INFO - Found product with exact match on default_code: '3FG-474CD1-3-ราวติดพื้น'
2025-11-29 08:34:34,251 - INFO - Prepared product 3FG-474CD1-3-ราวติดพื้น with quantity 1.0 for batch creation
2025-11-29 08:34:34,251 - INFO - Move locations - Source: 4, Dest: 100
2025-11-29 08:34:34,251 - INFO - Processing Excel row 17: {'partner_id': 'MOGEN_OB', 'scheduled_date': Timestamp('2025-11-30 00:00:00'), 'picking_type_id': 'PJ01-OB', 'date_done': Timestamp('2025-11-30 00:00:00'), 'origin': 'คลังโครงการ', 'location_dest_id': 'PJ01/Stock', 'default_code': '3FG-614CD1-3-ราวตรง', 'product_uom_qty': 1.0, 'price_unit': 72884.0173, 'sequence': 17, 'date': Timestamp('2025-05-16 00:00:00'), 'scheduled_date_orig': Timestamp('2025-11-30 00:00:00'), 'product_id': '3FG-614CD1-3-ราวตรง'}
2025-11-29 08:34:34,251 - INFO - Searching for product with code: '3FG-614CD1-3-ราวตรง' and old code: '3FG-614CD1-3-ราวตรง'
2025-11-29 08:34:34,352 - INFO - Found product with exact match on default_code: '3FG-614CD1-3-ราวตรง'
2025-11-29 08:34:34,438 - INFO - Prepared product 3FG-614CD1-3-ราวตรง with quantity 1.0 for batch creation
2025-11-29 08:34:34,438 - INFO - Move locations - Source: 4, Dest: 100
2025-11-29 08:34:34,438 - INFO - Processing Excel row 18: {'partner_id': 'MOGEN_OB', 'scheduled_date': Timestamp('2025-11-30 00:00:00'), 'picking_type_id': 'PJ01-OB', 'date_done': Timestamp('2025-11-30 00:00:00'), 'origin': 'คลังโครงการ', 'location_dest_id': 'PJ01/Stock', 'default_code': '3FG-LH-251MV1', 'product_uom_qty': 1.0, 'price_unit': 11387.312, 'sequence': 18, 'date': Timestamp('2025-05-20 00:00:00'), 'scheduled_date_orig': Timestamp('2025-11-30 00:00:00'), 'product_id': '3FG-LH-251MV1'}
2025-11-29 08:34:34,438 - INFO - Searching for product with code: '3FG-LH-251MV1' and old code: '3FG-LH-251MV1'
2025-11-29 08:34:34,551 - INFO - Found product with exact match on default_code: '3FG-LH-251MV1'
2025-11-29 08:34:34,638 - INFO - Prepared product 3FG-LH-251MV1 with quantity 1.0 for batch creation
2025-11-29 08:34:34,638 - INFO - Move locations - Source: 4, Dest: 100
2025-11-29 08:34:34,639 - INFO - Processing Excel row 19: {'partner_id': 'MOGEN_OB', 'scheduled_date': Timestamp('2025-11-30 00:00:00'), 'picking_type_id': 'PJ01-OB', 'date_done': Timestamp('2025-11-30 00:00:00'), 'origin': 'คลังโครงการ', 'location_dest_id': 'PJ01/Stock', 'default_code': '3FG-614CD1-3-ราวตรง', 'product_uom_qty': 1.0, 'price_unit': 120725.5798, 'sequence': 19, 'date': Timestamp('2025-06-11 00:00:00'), 'scheduled_date_orig': Timestamp('2025-11-30 00:00:00'), 'product_id': '3FG-614CD1-3-ราวตรง'}
2025-11-29 08:34:34,639 - INFO - Using cached product ID for code: '3FG-614CD1-3-ราวตรง'
2025-11-29 08:34:34,639 - INFO - Prepared product 3FG-614CD1-3-ราวตรง with quantity 1.0 for batch creation
2025-11-29 08:34:34,639 - INFO - Move locations - Source: 4, Dest: 100
2025-11-29 08:34:34,639 - INFO - Processing Excel row 20: {'partner_id': 'MOGEN_OB', 'scheduled_date': Timestamp('2025-11-30 00:00:00'), 'picking_type_id': 'PJ01-OB', 'date_done': Timestamp('2025-11-30 00:00:00'), 'origin': 'คลังโครงการ', 'location_dest_id': 'PJ01/Stock', 'default_code': '3FG-LH-1980W2-1', 'product_uom_qty': 1.0, 'price_unit': 25340.9565, 'sequence': 20, 'date': Timestamp('2025-06-11 00:00:00'), 'scheduled_date_orig': Timestamp('2025-11-30 00:00:00'), 'product_id': '3FG-LH-1980W2-1'}
2025-11-29 08:34:34,639 - INFO - Using cached product ID for code: '3FG-LH-1980W2-1'
2025-11-29 08:34:34,640 - INFO - Prepared product 3FG-LH-1980W2-1 with quantity 1.0 for batch creation
2025-11-29 08:34:34,640 - INFO - Move locations - Source: 4, Dest: 100
2025-11-29 08:34:34,640 - INFO - Processing Excel row 21: {'partner_id': 'MOGEN_OB', 'scheduled_date': Timestamp('2025-11-30 00:00:00'), 'picking_type_id': 'PJ01-OB', 'date_done': Timestamp('2025-11-30 00:00:00'), 'origin': 'คลังโครงการ', 'location_dest_id': 'PJ01/Stock', 'default_code': '3FG-LH-251MV1-1', 'product_uom_qty': 1.0, 'price_unit': 5681.9083, 'sequence': 21, 'date': Timestamp('2025-06-12 00:00:00'), 'scheduled_date_orig': Timestamp('2025-11-30 00:00:00'), 'product_id': '3FG-LH-251MV1-1'}
2025-11-29 08:34:34,640 - INFO - Searching for product with code: '3FG-LH-251MV1-1' and old code: '3FG-LH-251MV1-1'
2025-11-29 08:34:34,738 - INFO - Found product with exact match on default_code: '3FG-LH-251MV1-1'
2025-11-29 08:34:34,813 - INFO - Prepared product 3FG-LH-251MV1-1 with quantity 1.0 for batch creation
2025-11-29 08:34:34,814 - INFO - Move locations - Source: 4, Dest: 100
2025-11-29 08:34:34,814 - INFO - Processing Excel row 22: {'partner_id': 'MOGEN_OB', 'scheduled_date': Timestamp('2025-11-30 00:00:00'), 'picking_type_id': 'PJ01-OB', 'date_done': Timestamp('2025-11-30 00:00:00'), 'origin': 'คลังโครงการ', 'location_dest_id': 'PJ01/Stock', 'default_code': '3FG-LH-178MV1-1', 'product_uom_qty': 1.0, 'price_unit': 7020.293, 'sequence': 22, 'date': Timestamp('2025-06-13 00:00:00'), 'scheduled_date_orig': Timestamp('2025-11-30 00:00:00'), 'product_id': '3FG-LH-178MV1-1'}
2025-11-29 08:34:34,814 - INFO - Searching for product with code: '3FG-LH-178MV1-1' and old code: '3FG-LH-178MV1-1'
2025-11-29 08:34:34,907 - INFO - Found product with exact match on default_code: '3FG-LH-178MV1-1'
2025-11-29 08:34:35,022 - INFO - Prepared product 3FG-LH-178MV1-1 with quantity 1.0 for batch creation
2025-11-29 08:34:35,022 - INFO - Move locations - Source: 4, Dest: 100
2025-11-29 08:34:35,023 - INFO - Processing Excel row 23: {'partner_id': 'MOGEN_OB', 'scheduled_date': Timestamp('2025-11-30 00:00:00'), 'picking_type_id': 'PJ01-OB', 'date_done': Timestamp('2025-11-30 00:00:00'), 'origin': 'คลังโครงการ', 'location_dest_id': 'PJ01/Stock', 'default_code': '3FG-LH-251MV1', 'product_uom_qty': 1.0, 'price_unit': 8270.5785, 'sequence': 23, 'date': Timestamp('2025-06-16 00:00:00'), 'scheduled_date_orig': Timestamp('2025-11-30 00:00:00'), 'product_id': '3FG-LH-251MV1'}
2025-11-29 08:34:35,023 - INFO - Using cached product ID for code: '3FG-LH-251MV1'
2025-11-29 08:34:35,023 - INFO - Prepared product 3FG-LH-251MV1 with quantity 1.0 for batch creation
2025-11-29 08:34:35,023 - INFO - Move locations - Source: 4, Dest: 100
2025-11-29 08:34:35,023 - INFO - Processing Excel row 24: {'partner_id': 'MOGEN_OB', 'scheduled_date': Timestamp('2025-11-30 00:00:00'), 'picking_type_id': 'PJ01-OB', 'date_done': Timestamp('2025-11-30 00:00:00'), 'origin': 'คลังโครงการ', 'location_dest_id': 'PJ01/Stock', 'default_code': '3FG-LH-251MV1-1', 'product_uom_qty': 1.0, 'price_unit': 6050.8825, 'sequence': 24, 'date': Timestamp('2025-06-16 00:00:00'), 'scheduled_date_orig': Timestamp('2025-11-30 00:00:00'), 'product_id': '3FG-LH-251MV1-1'}
2025-11-29 08:34:35,023 - INFO - Using cached product ID for code: '3FG-LH-251MV1-1'
2025-11-29 08:34:35,023 - INFO - Prepared product 3FG-LH-251MV1-1 with quantity 1.0 for batch creation
2025-11-29 08:34:35,023 - INFO - Move locations - Source: 4, Dest: 100
2025-11-29 08:34:35,024 - INFO - Processing Excel row 25: {'partner_id': 'MOGEN_OB', 'scheduled_date': Timestamp('2025-11-30 00:00:00'), 'picking_type_id': 'PJ01-OB', 'date_done': Timestamp('2025-11-30 00:00:00'), 'origin': 'คลังโครงการ', 'location_dest_id': 'PJ01/Stock', 'default_code': '3FG-LH-251MV1-1', 'product_uom_qty': 1.0, 'price_unit': 10152.7958, 'sequence': 25, 'date': Timestamp('2025-06-16 00:00:00'), 'scheduled_date_orig': Timestamp('2025-11-30 00:00:00'), 'product_id': '3FG-LH-251MV1-1'}
2025-11-29 08:34:35,024 - INFO - Using cached product ID for code: '3FG-LH-251MV1-1'
2025-11-29 08:34:35,024 - INFO - Prepared product 3FG-LH-251MV1-1 with quantity 1.0 for batch creation
2025-11-29 08:34:35,024 - INFO - Move locations - Source: 4, Dest: 100
2025-11-29 08:34:35,024 - INFO - Processing Excel row 26: {'partner_id': 'MOGEN_OB', 'scheduled_date': Timestamp('2025-11-30 00:00:00'), 'picking_type_id': 'PJ01-OB', 'date_done': Timestamp('2025-11-30 00:00:00'), 'origin': 'คลังโครงการ', 'location_dest_id': 'PJ01/Stock', 'default_code': '3FG-474CD1-1450x1520x25', 'product_uom_qty': 1.0, 'price_unit': 2438.5911, 'sequence': 26, 'date': Timestamp('2025-06-26 00:00:00'), 'scheduled_date_orig': Timestamp('2025-11-30 00:00:00'), 'product_id': '3FG-474CD1-1450x1520x25'}
2025-11-29 08:34:35,024 - INFO - Searching for product with code: '3FG-474CD1-1450x1520x25' and old code: '3FG-474CD1-1450x1520x25'
2025-11-29 08:34:35,113 - INFO - Found product with exact match on default_code: '3FG-474CD1-1450x1520x25'
2025-11-29 08:34:35,227 - INFO - Prepared product 3FG-474CD1-1450x1520x25 with quantity 1.0 for batch creation
2025-11-29 08:34:35,227 - INFO - Move locations - Source: 4, Dest: 100
2025-11-29 08:34:35,228 - INFO - Processing Excel row 27: {'partner_id': 'MOGEN_OB', 'scheduled_date': Timestamp('2025-11-30 00:00:00'), 'picking_type_id': 'PJ01-OB', 'date_done': Timestamp('2025-11-30 00:00:00'), 'origin': 'คลังโครงการ', 'location_dest_id': 'PJ01/Stock', 'default_code': '3FG-474CD1-1550x1400x25', 'product_uom_qty': 1.0, 'price_unit': 2585.658, 'sequence': 27, 'date': Timestamp('2025-06-26 00:00:00'), 'scheduled_date_orig': Timestamp('2025-11-30 00:00:00'), 'product_id': '3FG-474CD1-1550x1400x25'}
2025-11-29 08:34:35,228 - INFO - Searching for product with code: '3FG-474CD1-1550x1400x25' and old code: '3FG-474CD1-1550x1400x25'
2025-11-29 08:34:35,339 - INFO - Found product with exact match on default_code: '3FG-474CD1-1550x1400x25'
2025-11-29 08:34:35,417 - INFO - Prepared product 3FG-474CD1-1550x1400x25 with quantity 1.0 for batch creation
2025-11-29 08:34:35,417 - INFO - Move locations - Source: 4, Dest: 100
2025-11-29 08:34:35,418 - INFO - Processing Excel row 28: {'partner_id': 'MOGEN_OB', 'scheduled_date': Timestamp('2025-11-30 00:00:00'), 'picking_type_id': 'PJ01-OB', 'date_done': Timestamp('2025-11-30 00:00:00'), 'origin': 'คลังโครงการ', 'location_dest_id': 'PJ01/Stock', 'default_code': '3FG-474CD1-195x1450x8', 'product_uom_qty': 18.0, 'price_unit': 300.92654999999996, 'sequence': 28, 'date': Timestamp('2025-06-26 00:00:00'), 'scheduled_date_orig': Timestamp('2025-11-30 00:00:00'), 'product_id': '3FG-474CD1-195x1450x8'}
2025-11-29 08:34:35,418 - INFO - Searching for product with code: '3FG-474CD1-195x1450x8' and old code: '3FG-474CD1-195x1450x8'
2025-11-29 08:34:35,568 - INFO - Found product with exact match on default_code: '3FG-474CD1-195x1450x8'
2025-11-29 08:34:35,668 - INFO - Prepared product 3FG-474CD1-195x1450x8 with quantity 18.0 for batch creation
2025-11-29 08:34:35,669 - INFO - Move locations - Source: 4, Dest: 100
2025-11-29 08:34:35,670 - INFO - Processing Excel row 29: {'partner_id': 'MOGEN_OB', 'scheduled_date': Timestamp('2025-11-30 00:00:00'), 'picking_type_id': 'PJ01-OB', 'date_done': Timestamp('2025-11-30 00:00:00'), 'origin': 'คลังโครงการ', 'location_dest_id': 'PJ01/Stock', 'default_code': '3FG-474CD1-200x1450x25', 'product_uom_qty': 1.0, 'price_unit': 489.7318, 'sequence': 29, 'date': Timestamp('2025-06-26 00:00:00'), 'scheduled_date_orig': Timestamp('2025-11-30 00:00:00'), 'product_id': '3FG-474CD1-200x1450x25'}
2025-11-29 08:34:35,670 - INFO - Searching for product with code: '3FG-474CD1-200x1450x25' and old code: '3FG-474CD1-200x1450x25'
2025-11-29 08:34:35,753 - INFO - Found product with exact match on default_code: '3FG-474CD1-200x1450x25'
2025-11-29 08:34:35,877 - INFO - Prepared product 3FG-474CD1-200x1450x25 with quantity 1.0 for batch creation
2025-11-29 08:34:35,878 - INFO - Move locations - Source: 4, Dest: 100
2025-11-29 08:34:35,878 - INFO - Processing Excel row 30: {'partner_id': 'MOGEN_OB', 'scheduled_date': Timestamp('2025-11-30 00:00:00'), 'picking_type_id': 'PJ01-OB', 'date_done': Timestamp('2025-11-30 00:00:00'), 'origin': 'คลังโครงการ', 'location_dest_id': 'PJ01/Stock', 'default_code': '3FG-474CD1-220x1450x8', 'product_uom_qty': 1.0, 'price_unit': 362.2504, 'sequence': 30, 'date': Timestamp('2025-06-26 00:00:00'), 'scheduled_date_orig': Timestamp('2025-11-30 00:00:00'), 'product_id': '3FG-474CD1-220x1450x8'}
2025-11-29 08:34:35,878 - INFO - Searching for product with code: '3FG-474CD1-220x1450x8' and old code: '3FG-474CD1-220x1450x8'
2025-11-29 08:34:35,978 - INFO - Found product with exact match on default_code: '3FG-474CD1-220x1450x8'
2025-11-29 08:34:36,068 - INFO - Prepared product 3FG-474CD1-220x1450x8 with quantity 1.0 for batch creation
2025-11-29 08:34:36,068 - INFO - Move locations - Source: 4, Dest: 100
2025-11-29 08:34:36,069 - INFO - Processing Excel row 31: {'partner_id': 'MOGEN_OB', 'scheduled_date': Timestamp('2025-11-30 00:00:00'), 'picking_type_id': 'PJ01-OB', 'date_done': Timestamp('2025-11-30 00:00:00'), 'origin': 'คลังโครงการ', 'location_dest_id': 'PJ01/Stock', 'default_code': '3FG-474CD1-300x1450x25', 'product_uom_qty': 16.0, 'price_unit': 692.63861875, 'sequence': 31, 'date': Timestamp('2025-06-26 00:00:00'), 'scheduled_date_orig': Timestamp('2025-11-30 00:00:00'), 'product_id': '3FG-474CD1-300x1450x25'}
2025-11-29 08:34:36,069 - INFO - Searching for product with code: '3FG-474CD1-300x1450x25' and old code: '3FG-474CD1-300x1450x25'
2025-11-29 08:34:36,163 - INFO - Found product with exact match on default_code: '3FG-474CD1-300x1450x25'
2025-11-29 08:34:36,258 - INFO - Prepared product 3FG-474CD1-300x1450x25 with quantity 16.0 for batch creation
2025-11-29 08:34:36,259 - INFO - Move locations - Source: 4, Dest: 100
2025-11-29 08:34:36,260 - INFO - Processing Excel row 32: {'partner_id': 'MOGEN_OB', 'scheduled_date': Timestamp('2025-11-30 00:00:00'), 'picking_type_id': 'PJ01-OB', 'date_done': Timestamp('2025-11-30 00:00:00'), 'origin': 'คลังโครงการ', 'location_dest_id': 'PJ01/Stock', 'default_code': '3FG-614CD1-1-ราวตรง', 'product_uom_qty': 1.0, 'price_unit': 6720.2032, 'sequence': 32, 'date': Timestamp('2025-06-26 00:00:00'), 'scheduled_date_orig': Timestamp('2025-11-30 00:00:00'), 'product_id': '3FG-614CD1-1-ราวตรง'}
2025-11-29 08:34:36,260 - INFO - Searching for product with code: '3FG-614CD1-1-ราวตรง' and old code: '3FG-614CD1-1-ราวตรง'
2025-11-29 08:34:36,365 - INFO - Found product with exact match on default_code: '3FG-614CD1-1-ราวตรง'
2025-11-29 08:34:36,501 - INFO - Prepared product 3FG-614CD1-1-ราวตรง with quantity 1.0 for batch creation
2025-11-29 08:34:36,501 - INFO - Move locations - Source: 4, Dest: 100
2025-11-29 08:34:36,502 - INFO - Processing Excel row 33: {'partner_id': 'MOGEN_OB', 'scheduled_date': Timestamp('2025-11-30 00:00:00'), 'picking_type_id': 'PJ01-OB', 'date_done': Timestamp('2025-11-30 00:00:00'), 'origin': 'คลังโครงการ', 'location_dest_id': 'PJ01/Stock', 'default_code': '3FG-614CD1-2-ราวโค้ง', 'product_uom_qty': 1.0, 'price_unit': 10996.5455, 'sequence': 33, 'date': Timestamp('2025-06-26 00:00:00'), 'scheduled_date_orig': Timestamp('2025-11-30 00:00:00'), 'product_id': '3FG-614CD1-2-ราวโค้ง'}
2025-11-29 08:34:36,502 - INFO - Searching for product with code: '3FG-614CD1-2-ราวโค้ง' and old code: '3FG-614CD1-2-ราวโค้ง'
2025-11-29 08:34:36,593 - INFO - Found product with exact match on default_code: '3FG-614CD1-2-ราวโค้ง'
2025-11-29 08:34:36,683 - INFO - Prepared product 3FG-614CD1-2-ราวโค้ง with quantity 1.0 for batch creation
2025-11-29 08:34:36,683 - INFO - Move locations - Source: 4, Dest: 100
2025-11-29 08:34:36,684 - INFO - Processing Excel row 34: {'partner_id': 'MOGEN_OB', 'scheduled_date': Timestamp('2025-11-30 00:00:00'), 'picking_type_id': 'PJ01-OB', 'date_done': Timestamp('2025-11-30 00:00:00'), 'origin': 'คลังโครงการ', 'location_dest_id': 'PJ01/Stock', 'default_code': '3FG-614CD1-3-ราวตรง', 'product_uom_qty': 1.0, 'price_unit': 72884.0173, 'sequence': 34, 'date': Timestamp('2025-06-26 00:00:00'), 'scheduled_date_orig': Timestamp('2025-11-30 00:00:00'), 'product_id': '3FG-614CD1-3-ราวตรง'}
2025-11-29 08:34:36,684 - INFO - Using cached product ID for code: '3FG-614CD1-3-ราวตรง'
2025-11-29 08:34:36,684 - INFO - Prepared product 3FG-614CD1-3-ราวตรง with quantity 1.0 for batch creation
2025-11-29 08:34:36,684 - INFO - Move locations - Source: 4, Dest: 100
2025-11-29 08:34:36,685 - INFO - Processing Excel row 35: {'partner_id': 'MOGEN_OB', 'scheduled_date': Timestamp('2025-11-30 00:00:00'), 'picking_type_id': 'PJ01-OB', 'date_done': Timestamp('2025-11-30 00:00:00'), 'origin': 'คลังโครงการ', 'location_dest_id': 'PJ01/Stock', 'default_code': '3FG-LH-178MV1-1', 'product_uom_qty': 1.0, 'price_unit': 12529.2417, 'sequence': 35, 'date': Timestamp('2025-06-26 00:00:00'), 'scheduled_date_orig': Timestamp('2025-11-30 00:00:00'), 'product_id': '3FG-LH-178MV1-1'}
2025-11-29 08:34:36,685 - INFO - Using cached product ID for code: '3FG-LH-178MV1-1'
2025-11-29 08:34:36,685 - INFO - Prepared product 3FG-LH-178MV1-1 with quantity 1.0 for batch creation
2025-11-29 08:34:36,685 - INFO - Move locations - Source: 4, Dest: 100
2025-11-29 08:34:36,685 - INFO - Processing Excel row 36: {'partner_id': 'MOGEN_OB', 'scheduled_date': Timestamp('2025-11-30 00:00:00'), 'picking_type_id': 'PJ01-OB', 'date_done': Timestamp('2025-11-30 00:00:00'), 'origin': 'คลังโครงการ', 'location_dest_id': 'PJ01/Stock', 'default_code': '3FG-LH-203MV1-1', 'product_uom_qty': 1.0, 'price_unit': 10561.3989, 'sequence': 36, 'date': Timestamp('2025-06-26 00:00:00'), 'scheduled_date_orig': Timestamp('2025-11-30 00:00:00'), 'product_id': '3FG-LH-203MV1-1'}
2025-11-29 08:34:36,685 - INFO - Searching for product with code: '3FG-LH-203MV1-1' and old code: '3FG-LH-203MV1-1'
2025-11-29 08:34:36,776 - INFO - Found product with exact match on default_code: '3FG-LH-203MV1-1'
2025-11-29 08:34:36,868 - INFO - Prepared product 3FG-LH-203MV1-1 with quantity 1.0 for batch creation
2025-11-29 08:34:36,868 - INFO - Move locations - Source: 4, Dest: 100
2025-11-29 08:34:36,869 - INFO - Processing Excel row 37: {'partner_id': 'MOGEN_OB', 'scheduled_date': Timestamp('2025-11-30 00:00:00'), 'picking_type_id': 'PJ01-OB', 'date_done': Timestamp('2025-11-30 00:00:00'), 'origin': 'คลังโครงการ', 'location_dest_id': 'PJ01/Stock', 'default_code': '3FG-LH-251MV1-1', 'product_uom_qty': 1.0, 'price_unit': 8312.9641, 'sequence': 37, 'date': Timestamp('2025-06-26 00:00:00'), 'scheduled_date_orig': Timestamp('2025-11-30 00:00:00'), 'product_id': '3FG-LH-251MV1-1'}
2025-11-29 08:34:36,869 - INFO - Using cached product ID for code: '3FG-LH-251MV1-1'
2025-11-29 08:34:36,869 - INFO - Prepared product 3FG-LH-251MV1-1 with quantity 1.0 for batch creation
2025-11-29 08:34:36,869 - INFO - Move locations - Source: 4, Dest: 100
2025-11-29 08:34:36,869 - INFO - Processing Excel row 38: {'partner_id': 'MOGEN_OB', 'scheduled_date': Timestamp('2025-11-30 00:00:00'), 'picking_type_id': 'PJ01-OB', 'date_done': Timestamp('2025-11-30 00:00:00'), 'origin': 'คลังโครงการ', 'location_dest_id': 'PJ01/Stock', 'default_code': '3FG-614CD1-1600x3350x25', 'product_uom_qty': 1.0, 'price_unit': 49908.6906, 'sequence': 38, 'date': Timestamp('2025-07-02 00:00:00'), 'scheduled_date_orig': Timestamp('2025-11-30 00:00:00'), 'product_id': '3FG-614CD1-1600x3350x25'}
2025-11-29 08:34:36,870 - INFO - Using cached product ID for code: '3FG-614CD1-1600x3350x25'
2025-11-29 08:34:36,870 - INFO - Prepared product 3FG-614CD1-1600x3350x25 with quantity 1.0 for batch creation
2025-11-29 08:34:36,870 - INFO - Move locations - Source: 4, Dest: 100
2025-11-29 08:34:36,870 - INFO - Processing Excel row 39: {'partner_id': 'MOGEN_OB', 'scheduled_date': Timestamp('2025-11-30 00:00:00'), 'picking_type_id': 'PJ01-OB', 'date_done': Timestamp('2025-11-30 00:00:00'), 'origin': 'คลังโครงการ', 'location_dest_id': 'PJ01/Stock', 'default_code': '3FG-LH-1980W2-1', 'product_uom_qty': 1.0, 'price_unit': 34497.0, 'sequence': 39, 'date': Timestamp('2025-07-10 00:00:00'), 'scheduled_date_orig': Timestamp('2025-11-30 00:00:00'), 'product_id': '3FG-LH-1980W2-1'}
2025-11-29 08:34:36,870 - INFO - Using cached product ID for code: '3FG-LH-1980W2-1'
2025-11-29 08:34:36,870 - INFO - Prepared product 3FG-LH-1980W2-1 with quantity 1.0 for batch creation
2025-11-29 08:34:36,870 - INFO - Move locations - Source: 4, Dest: 100
2025-11-29 08:34:36,871 - INFO - Processing Excel row 40: {'partner_id': 'MOGEN_OB', 'scheduled_date': Timestamp('2025-11-30 00:00:00'), 'picking_type_id': 'PJ01-OB', 'date_done': Timestamp('2025-11-30 00:00:00'), 'origin': 'คลังโครงการ', 'location_dest_id': 'PJ01/Stock', 'default_code': '3FG-LH-1980W2-1', 'product_uom_qty': 1.0, 'price_unit': 34497.0, 'sequence': 40, 'date': Timestamp('2025-07-14 00:00:00'), 'scheduled_date_orig': Timestamp('2025-11-30 00:00:00'), 'product_id': '3FG-LH-1980W2-1'}
2025-11-29 08:34:36,871 - INFO - Using cached product ID for code: '3FG-LH-1980W2-1'
2025-11-29 08:34:36,871 - INFO - Prepared product 3FG-LH-1980W2-1 with quantity 1.0 for batch creation
2025-11-29 08:34:36,871 - INFO - Move locations - Source: 4, Dest: 100
2025-11-29 08:34:36,871 - INFO - Processing Excel row 41: {'partner_id': 'MOGEN_OB', 'scheduled_date': Timestamp('2025-11-30 00:00:00'), 'picking_type_id': 'PJ01-OB', 'date_done': Timestamp('2025-11-30 00:00:00'), 'origin': 'คลังโครงการ', 'location_dest_id': 'PJ01/Stock', 'default_code': 'NFG03-SPC-1851150-8019', 'product_uom_qty': 7.0, 'price_unit': 230.00022857142858, 'sequence': 41, 'date': Timestamp('2025-07-14 00:00:00'), 'scheduled_date_orig': Timestamp('2025-11-30 00:00:00'), 'product_id': 'NFG03-SPC-1851150-8019'}
2025-11-29 08:34:36,871 - INFO - Searching for product with code: 'NFG03-SPC-1851150-8019' and old code: 'NFG03-SPC-1851150-8019'
2025-11-29 08:34:37,171 - INFO - Found product with exact match on old_product_code: 'NFG03-SPC-1851150-8019'
2025-11-29 08:34:37,294 - INFO - Prepared product NFG03-SPC-1851150-8019 with quantity 7.0 for batch creation
2025-11-29 08:34:37,295 - INFO - Move locations - Source: 4, Dest: 100
2025-11-29 08:34:37,296 - INFO - Processing Excel row 42: {'partner_id': 'MOGEN_OB', 'scheduled_date': Timestamp('2025-11-30 00:00:00'), 'picking_type_id': 'PJ01-OB', 'date_done': Timestamp('2025-11-30 00:00:00'), 'origin': 'คลังโครงการ', 'location_dest_id': 'PJ01/Stock', 'default_code': 'NFG03-SPC-2751150-8019', 'product_uom_qty': 7.0, 'price_unit': 600.0006000000001, 'sequence': 42, 'date': Timestamp('2025-07-14 00:00:00'), 'scheduled_date_orig': Timestamp('2025-11-30 00:00:00'), 'product_id': 'NFG03-SPC-2751150-8019'}
2025-11-29 08:34:37,296 - INFO - Searching for product with code: 'NFG03-SPC-2751150-8019' and old code: 'NFG03-SPC-2751150-8019'
2025-11-29 08:34:37,594 - INFO - Found product with exact match on old_product_code: 'NFG03-SPC-2751150-8019'
2025-11-29 08:34:37,692 - INFO - Prepared product NFG03-SPC-2751150-8019 with quantity 7.0 for batch creation
2025-11-29 08:34:37,692 - INFO - Move locations - Source: 4, Dest: 100
2025-11-29 08:34:37,693 - INFO - Processing Excel row 43: {'partner_id': 'MOGEN_OB', 'scheduled_date': Timestamp('2025-11-30 00:00:00'), 'picking_type_id': 'PJ01-OB', 'date_done': Timestamp('2025-11-30 00:00:00'), 'origin': 'คลังโครงการ', 'location_dest_id': 'PJ01/Stock', 'default_code': 'NRFC9-920-0001-101', 'product_uom_qty': 3.0, 'price_unit': 116.0, 'sequence': 43, 'date': Timestamp('2025-07-14 00:00:00'), 'scheduled_date_orig': Timestamp('2025-11-30 00:00:00'), 'product_id': 'NRFC9-920-0001-101'}
2025-11-29 08:34:37,693 - INFO - Searching for product with code: 'NRFC9-920-0001-101' and old code: 'NRFC9-920-0001-101'
2025-11-29 08:34:37,996 - INFO - Found product with exact match on old_product_code: 'NRFC9-920-0001-101'
2025-11-29 08:34:38,096 - INFO - Prepared product NRFC9-920-0001-101 with quantity 3.0 for batch creation
2025-11-29 08:34:38,096 - INFO - Move locations - Source: 4, Dest: 100
2025-11-29 08:34:38,097 - INFO - Processing Excel row 44: {'partner_id': 'MOGEN_OB', 'scheduled_date': Timestamp('2025-11-30 00:00:00'), 'picking_type_id': 'PJ01-OB', 'date_done': Timestamp('2025-11-30 00:00:00'), 'origin': 'คลังโครงการ', 'location_dest_id': 'PJ01/Stock', 'default_code': '3FG-614CD1-1600x3350x25', 'product_uom_qty': 1.0, 'price_unit': 1306.5207, 'sequence': 44, 'date': Timestamp('2025-07-21 00:00:00'), 'scheduled_date_orig': Timestamp('2025-11-30 00:00:00'), 'product_id': '3FG-614CD1-1600x3350x25'}
2025-11-29 08:34:38,097 - INFO - Using cached product ID for code: '3FG-614CD1-1600x3350x25'
2025-11-29 08:34:38,097 - INFO - Prepared product 3FG-614CD1-1600x3350x25 with quantity 1.0 for batch creation
2025-11-29 08:34:38,097 - INFO - Move locations - Source: 4, Dest: 100
2025-11-29 08:34:38,097 - INFO - Processing Excel row 45: {'partner_id': 'MOGEN_OB', 'scheduled_date': Timestamp('2025-11-30 00:00:00'), 'picking_type_id': 'PJ01-OB', 'date_done': Timestamp('2025-11-30 00:00:00'), 'origin': 'คลังโครงการ', 'location_dest_id': 'PJ01/Stock', 'default_code': '3FG-614CD1-195x1450x8', 'product_uom_qty': 18.0, 'price_unit': 160.98332222222223, 'sequence': 45, 'date': Timestamp('2025-07-21 00:00:00'), 'scheduled_date_orig': Timestamp('2025-11-30 00:00:00'), 'product_id': '3FG-614CD1-195x1450x8'}
2025-11-29 08:34:38,107 - INFO - Using cached product ID for code: '3FG-614CD1-195x1450x8'
2025-11-29 08:34:38,107 - INFO - Prepared product 3FG-614CD1-195x1450x8 with quantity 18.0 for batch creation
2025-11-29 08:34:38,107 - INFO - Move locations - Source: 4, Dest: 100
2025-11-29 08:34:38,108 - INFO - Processing Excel row 46: {'partner_id': 'MOGEN_OB', 'scheduled_date': Timestamp('2025-11-30 00:00:00'), 'picking_type_id': 'PJ01-OB', 'date_done': Timestamp('2025-11-30 00:00:00'), 'origin': 'คลังโครงการ', 'location_dest_id': 'PJ01/Stock', 'default_code': '3FG-614CD1-200x1400x25', 'product_uom_qty': 2.0, 'price_unit': 261.5672, 'sequence': 46, 'date': Timestamp('2025-07-21 00:00:00'), 'scheduled_date_orig': Timestamp('2025-11-30 00:00:00'), 'product_id': '3FG-614CD1-200x1400x25'}
2025-11-29 08:34:38,109 - INFO - Using cached product ID for code: '3FG-614CD1-200x1400x25'
2025-11-29 08:34:38,109 - INFO - Prepared product 3FG-614CD1-200x1400x25 with quantity 2.0 for batch creation
2025-11-29 08:34:38,109 - INFO - Move locations - Source: 4, Dest: 100
2025-11-29 08:34:38,109 - INFO - Processing Excel row 47: {'partner_id': 'MOGEN_OB', 'scheduled_date': Timestamp('2025-11-30 00:00:00'), 'picking_type_id': 'PJ01-OB', 'date_done': Timestamp('2025-11-30 00:00:00'), 'origin': 'คลังโครงการ', 'location_dest_id': 'PJ01/Stock', 'default_code': '3FG-614CD1-230x1400x8', 'product_uom_qty': 1.0, 'price_unit': 194.2305, 'sequence': 47, 'date': Timestamp('2025-07-21 00:00:00'), 'scheduled_date_orig': Timestamp('2025-11-30 00:00:00'), 'product_id': '3FG-614CD1-230x1400x8'}
2025-11-29 08:34:38,109 - INFO - Using cached product ID for code: '3FG-614CD1-230x1400x8'
2025-11-29 08:34:38,109 - INFO - Prepared product 3FG-614CD1-230x1400x8 with quantity 1.0 for batch creation
2025-11-29 08:34:38,109 - INFO - Move locations - Source: 4, Dest: 100
2025-11-29 08:34:38,110 - INFO - Processing Excel row 48: {'partner_id': 'MOGEN_OB', 'scheduled_date': Timestamp('2025-11-30 00:00:00'), 'picking_type_id': 'PJ01-OB', 'date_done': Timestamp('2025-11-30 00:00:00'), 'origin': 'คลังโครงการ', 'location_dest_id': 'PJ01/Stock', 'default_code': '3FG-614CD1-350x1400x25', 'product_uom_qty': 17.0, 'price_unit': 410.4367411764706, 'sequence': 48, 'date': Timestamp('2025-07-21 00:00:00'), 'scheduled_date_orig': Timestamp('2025-11-30 00:00:00'), 'product_id': '3FG-614CD1-350x1400x25'}
2025-11-29 08:34:38,110 - INFO - Using cached product ID for code: '3FG-614CD1-350x1400x25'
2025-11-29 08:34:38,110 - INFO - Prepared product 3FG-614CD1-350x1400x25 with quantity 17.0 for batch creation
2025-11-29 08:34:38,110 - INFO - Move locations - Source: 4, Dest: 100
2025-11-29 08:34:38,110 - INFO - Processing Excel row 49: {'partner_id': 'MOGEN_OB', 'scheduled_date': Timestamp('2025-11-30 00:00:00'), 'picking_type_id': 'PJ01-OB', 'date_done': Timestamp('2025-11-30 00:00:00'), 'origin': 'คลังโครงการ', 'location_dest_id': 'PJ01/Stock', 'default_code': '3FG-JMN0003/3-S', 'product_uom_qty': 7.0, 'price_unit': 23868.777042857142, 'sequence': 49, 'date': Timestamp('2025-07-21 00:00:00'), 'scheduled_date_orig': Timestamp('2025-11-30 00:00:00'), 'product_id': '3FG-JMN0003/3-S'}
2025-11-29 08:34:38,110 - INFO - Searching for product with code: '3FG-JMN0003/3-S' and old code: '3FG-JMN0003/3-S'
2025-11-29 08:34:38,205 - INFO - Found product with exact match on default_code: '3FG-JMN0003/3-S'
2025-11-29 08:34:38,298 - INFO - Prepared product 3FG-JMN0003/3-S with quantity 7.0 for batch creation
2025-11-29 08:34:38,298 - INFO - Move locations - Source: 4, Dest: 100
2025-11-29 08:34:38,299 - INFO - Processing Excel row 50: {'partner_id': 'MOGEN_OB', 'scheduled_date': Timestamp('2025-11-30 00:00:00'), 'picking_type_id': 'PJ01-OB', 'date_done': Timestamp('2025-11-30 00:00:00'), 'origin': 'คลังโครงการ', 'location_dest_id': 'PJ01/Stock', 'default_code': '3FG-LH-251MV1-1', 'product_uom_qty': 1.0, 'price_unit': 11123.0083, 'sequence': 50, 'date': Timestamp('2025-08-19 00:00:00'), 'scheduled_date_orig': Timestamp('2025-11-30 00:00:00'), 'product_id': '3FG-LH-251MV1-1'}
2025-11-29 08:34:38,299 - INFO - Using cached product ID for code: '3FG-LH-251MV1-1'
2025-11-29 08:34:38,299 - INFO - Prepared product 3FG-LH-251MV1-1 with quantity 1.0 for batch creation
2025-11-29 08:34:38,299 - INFO - Move locations - Source: 4, Dest: 100
2025-11-29 08:34:38,299 - INFO - Processing Excel row 51: {'partner_id': 'MOGEN_OB', 'scheduled_date': Timestamp('2025-11-30 00:00:00'), 'picking_type_id': 'PJ01-OB', 'date_done': Timestamp('2025-11-30 00:00:00'), 'origin': 'คลังโครงการ', 'location_dest_id': 'PJ01/Stock', 'default_code': 'LAM0044DPC22115', 'product_uom_qty': 1.0, 'price_unit': 10312.8572, 'sequence': 51, 'date': Timestamp('2025-09-23 00:00:00'), 'scheduled_date_orig': Timestamp('2025-11-30 00:00:00'), 'product_id': 'LAM0044DPC22115'}
2025-11-29 08:34:38,299 - INFO - Searching for product with code: 'LAM0044DPC22115' and old code: 'LAM0044DPC22115'
2025-11-29 08:34:38,394 - INFO - Found product with exact match on default_code: 'LAM0044DPC22115'
2025-11-29 08:34:38,487 - INFO - Prepared product LAM0044DPC22115 with quantity 1.0 for batch creation
2025-11-29 08:34:38,487 - INFO - Move locations - Source: 4, Dest: 100
2025-11-29 08:34:38,488 - INFO - Processing Excel row 52: {'partner_id': 'MOGEN_OB', 'scheduled_date': Timestamp('2025-11-30 00:00:00'), 'picking_type_id': 'PJ01-OB', 'date_done': Timestamp('2025-11-30 00:00:00'), 'origin': 'คลังโครงการ', 'location_dest_id': 'PJ01/Stock', 'default_code': 'LAM0054DGC12115', 'product_uom_qty': 4.0, 'price_unit': 4078.1037, 'sequence': 52, 'date': Timestamp('2025-09-23 00:00:00'), 'scheduled_date_orig': Timestamp('2025-11-30 00:00:00'), 'product_id': 'LAM0054DGC12115'}
2025-11-29 08:34:38,488 - INFO - Searching for product with code: 'LAM0054DGC12115' and old code: 'LAM0054DGC12115'
2025-11-29 08:34:38,613 - INFO - Found product with exact match on default_code: 'LAM0054DGC12115'
2025-11-29 08:34:38,707 - INFO - Prepared product LAM0054DGC12115 with quantity 4.0 for batch creation
2025-11-29 08:34:38,709 - INFO - Move locations - Source: 4, Dest: 100
2025-11-29 08:34:38,710 - INFO - Processing Excel row 53: {'partner_id': 'MOGEN_OB', 'scheduled_date': Timestamp('2025-11-30 00:00:00'), 'picking_type_id': 'PJ01-OB', 'date_done': Timestamp('2025-11-30 00:00:00'), 'origin': 'คลังโครงการ', 'location_dest_id': 'PJ01/Stock', 'default_code': 'FTQ0003DJC10000', 'product_uom_qty': 1.0, 'price_unit': 3469.3606, 'sequence': 53, 'date': Timestamp('2025-09-24 00:00:00'), 'scheduled_date_orig': Timestamp('2025-11-30 00:00:00'), 'product_id': 'FTQ0003DJC10000'}
2025-11-29 08:34:38,710 - INFO - Searching for product with code: 'FTQ0003DJC10000' and old code: 'FTQ0003DJC10000'
2025-11-29 08:34:38,801 - INFO - Found product with exact match on default_code: 'FTQ0003DJC10000'
2025-11-29 08:34:38,909 - INFO - Prepared product FTQ0003DJC10000 with quantity 1.0 for batch creation
2025-11-29 08:34:38,910 - INFO - Move locations - Source: 4, Dest: 100
2025-11-29 08:34:38,910 - INFO - Processing Excel row 54: {'partner_id': 'MOGEN_OB', 'scheduled_date': Timestamp('2025-11-30 00:00:00'), 'picking_type_id': 'PJ01-OB', 'date_done': Timestamp('2025-11-30 00:00:00'), 'origin': 'คลังโครงการ', 'location_dest_id': 'PJ01/Stock', 'default_code': '3FG-AF0001-0170-L', 'product_uom_qty': 1.0, 'price_unit': 39687.9675, 'sequence': 54, 'date': Timestamp('2025-09-25 00:00:00'), 'scheduled_date_orig': Timestamp('2025-11-30 00:00:00'), 'product_id': '3FG-AF0001-0170-L'}
2025-11-29 08:34:38,911 - INFO - Searching for product with code: '3FG-AF0001-0170-L' and old code: '3FG-AF0001-0170-L'
2025-11-29 08:34:39,009 - INFO - Found product with exact match on default_code: '3FG-AF0001-0170-L'
2025-11-29 08:34:39,129 - INFO - Prepared product 3FG-AF0001-0170-L with quantity 1.0 for batch creation
2025-11-29 08:34:39,129 - INFO - Move locations - Source: 4, Dest: 100
2025-11-29 08:34:39,130 - INFO - Processing Excel row 55: {'partner_id': 'MOGEN_OB', 'scheduled_date': Timestamp('2025-11-30 00:00:00'), 'picking_type_id': 'PJ01-OB', 'date_done': Timestamp('2025-11-30 00:00:00'), 'origin': 'คลังโครงการ', 'location_dest_id': 'PJ01/Stock', 'default_code': '3FG-LH-203MV1-1', 'product_uom_qty': 1.0, 'price_unit': 9625.0224, 'sequence': 55, 'date': Timestamp('2025-10-02 00:00:00'), 'scheduled_date_orig': Timestamp('2025-11-30 00:00:00'), 'product_id': '3FG-LH-203MV1-1'}
2025-11-29 08:34:39,130 - INFO - Using cached product ID for code: '3FG-LH-203MV1-1'
2025-11-29 08:34:39,130 - INFO - Prepared product 3FG-LH-203MV1-1 with quantity 1.0 for batch creation
2025-11-29 08:34:39,130 - INFO - Move locations - Source: 4, Dest: 100
2025-11-29 08:34:39,130 - INFO - Processing Excel row 56: {'partner_id': 'MOGEN_OB', 'scheduled_date': Timestamp('2025-11-30 00:00:00'), 'picking_type_id': 'PJ01-OB', 'date_done': Timestamp('2025-11-30 00:00:00'), 'origin': 'คลังโครงการ', 'location_dest_id': 'PJ01/Stock', 'default_code': '3FG-LH-203MV1-1', 'product_uom_qty': 1.0, 'price_unit': 10561.3989, 'sequence': 56, 'date': Timestamp('2025-10-08 00:00:00'), 'scheduled_date_orig': Timestamp('2025-11-30 00:00:00'), 'product_id': '3FG-LH-203MV1-1'}
2025-11-29 08:34:39,130 - INFO - Using cached product ID for code: '3FG-LH-203MV1-1'
2025-11-29 08:34:39,130 - INFO - Prepared product 3FG-LH-203MV1-1 with quantity 1.0 for batch creation
2025-11-29 08:34:39,131 - INFO - Move locations - Source: 4, Dest: 100
2025-11-29 08:34:39,131 - INFO - Processing Excel row 57: {'partner_id': 'MOGEN_OB', 'scheduled_date': Timestamp('2025-11-30 00:00:00'), 'picking_type_id': 'PJ01-OB', 'date_done': Timestamp('2025-11-30 00:00:00'), 'origin': 'คลังโครงการ', 'location_dest_id': 'PJ01/Stock', 'default_code': '3FG-LH0045-243FE1', 'product_uom_qty': 1.0, 'price_unit': 35451.0, 'sequence': 57, 'date': Timestamp('2025-10-10 00:00:00'), 'scheduled_date_orig': Timestamp('2025-11-30 00:00:00'), 'product_id': '3FG-LH0045-243FE1'}
2025-11-29 08:34:39,131 - INFO - Searching for product with code: '3FG-LH0045-243FE1' and old code: '3FG-LH0045-243FE1'
2025-11-29 08:34:39,293 - INFO - Found product with exact match on default_code: '3FG-LH0045-243FE1'
2025-11-29 08:34:39,388 - INFO - Prepared product 3FG-LH0045-243FE1 with quantity 1.0 for batch creation
2025-11-29 08:34:39,388 - INFO - Move locations - Source: 4, Dest: 100
2025-11-29 08:34:39,389 - INFO - Processing Excel row 58: {'partner_id': 'MOGEN_OB', 'scheduled_date': Timestamp('2025-11-30 00:00:00'), 'picking_type_id': 'PJ01-OB', 'date_done': Timestamp('2025-11-30 00:00:00'), 'origin': 'คลังโครงการ', 'location_dest_id': 'PJ01/Stock', 'default_code': '3FG-341CD1-1-ราวติดผนัง', 'product_uom_qty': 0.0800000000000005, 'price_unit': 3464.4849999999783, 'sequence': 58, 'date': Timestamp('2025-10-17 00:00:00'), 'scheduled_date_orig': Timestamp('2025-11-30 00:00:00'), 'product_id': '3FG-341CD1-1-ราวติดผนัง'}
2025-11-29 08:34:39,389 - INFO - Searching for product with code: '3FG-341CD1-1-ราวติดผนัง' and old code: '3FG-341CD1-1-ราวติดผนัง'
2025-11-29 08:34:39,516 - INFO - Found product with exact match on default_code: '3FG-341CD1-1-ราวติดผนัง'
2025-11-29 08:34:39,613 - INFO - Prepared product 3FG-341CD1-1-ราวติดผนัง with quantity 0.0800000000000005 for batch creation
2025-11-29 08:34:39,613 - INFO - Move locations - Source: 4, Dest: 100
2025-11-29 08:34:39,614 - INFO - Processing Excel row 59: {'partner_id': 'MOGEN_OB', 'scheduled_date': Timestamp('2025-11-30 00:00:00'), 'picking_type_id': 'PJ01-OB', 'date_done': Timestamp('2025-11-30 00:00:00'), 'origin': 'คลังโครงการ', 'location_dest_id': 'PJ01/Stock', 'default_code': '3FG-456CD1-2-ราวตั้งพื้น', 'product_uom_qty': 2.19999999999998, 'price_unit': 3990.1207727273086, 'sequence': 59, 'date': Timestamp('2025-10-17 00:00:00'), 'scheduled_date_orig': Timestamp('2025-11-30 00:00:00'), 'product_id': '3FG-456CD1-2-ราวตั้งพื้น'}
2025-11-29 08:34:39,614 - INFO - Searching for product with code: '3FG-456CD1-2-ราวตั้งพื้น' and old code: '3FG-456CD1-2-ราวตั้งพื้น'
2025-11-29 08:34:39,703 - INFO - Found product with exact match on default_code: '3FG-456CD1-2-ราวตั้งพื้น'
2025-11-29 08:34:39,798 - INFO - Prepared product 3FG-456CD1-2-ราวตั้งพื้น with quantity 2.19999999999998 for batch creation
2025-11-29 08:34:39,798 - INFO - Move locations - Source: 4, Dest: 100
2025-11-29 08:34:39,799 - INFO - Processing Excel row 60: {'partner_id': 'MOGEN_OB', 'scheduled_date': Timestamp('2025-11-30 00:00:00'), 'picking_type_id': 'PJ01-OB', 'date_done': Timestamp('2025-11-30 00:00:00'), 'origin': 'คลังโครงการ', 'location_dest_id': 'PJ01/Stock', 'default_code': '3FG-LH0045-243FE1', 'product_uom_qty': 1.0, 'price_unit': 35451.0, 'sequence': 60, 'date': Timestamp('2025-10-29 00:00:00'), 'scheduled_date_orig': Timestamp('2025-11-30 00:00:00'), 'product_id': '3FG-LH0045-243FE1'}
2025-11-29 08:34:39,799 - INFO - Using cached product ID for code: '3FG-LH0045-243FE1'
2025-11-29 08:34:39,799 - INFO - Prepared product 3FG-LH0045-243FE1 with quantity 1.0 for batch creation
2025-11-29 08:34:39,800 - INFO - Move locations - Source: 4, Dest: 100
2025-11-29 08:34:39,800 - INFO - Processing Excel row 61: {'partner_id': 'MOGEN_OB', 'scheduled_date': Timestamp('2025-11-30 00:00:00'), 'picking_type_id': 'PJ01-OB', 'date_done': Timestamp('2025-11-30 00:00:00'), 'origin': 'คลังโครงการ', 'location_dest_id': 'PJ01/Stock', 'default_code': '3FG-LH0045-289FE1', 'product_uom_qty': 1.0, 'price_unit': 42354.0, 'sequence': 61, 'date': Timestamp('2025-10-29 00:00:00'), 'scheduled_date_orig': Timestamp('2025-11-30 00:00:00'), 'product_id': '3FG-LH0045-289FE1'}
2025-11-29 08:34:39,801 - INFO - Searching for product with code: '3FG-LH0045-289FE1' and old code: '3FG-LH0045-289FE1'
2025-11-29 08:34:39,897 - INFO - Found product with exact match on default_code: '3FG-LH0045-289FE1'
2025-11-29 08:34:40,003 - INFO - Prepared product 3FG-LH0045-289FE1 with quantity 1.0 for batch creation
2025-11-29 08:34:40,003 - INFO - Move locations - Source: 4, Dest: 100
2025-11-29 08:34:40,003 - INFO - Processing Excel row 62: {'partner_id': 'MOGEN_OB', 'scheduled_date': Timestamp('2025-11-30 00:00:00'), 'picking_type_id': 'PJ01-OB', 'date_done': Timestamp('2025-11-30 00:00:00'), 'origin': 'คลังโครงการ', 'location_dest_id': 'PJ01/Stock', 'default_code': '3FG-LH-203MV1-1', 'product_uom_qty': 1.0, 'price_unit': 10018.1245, 'sequence': 62, 'date': Timestamp('2025-10-31 00:00:00'), 'scheduled_date_orig': Timestamp('2025-11-30 00:00:00'), 'product_id': '3FG-LH-203MV1-1'}
2025-11-29 08:34:40,003 - INFO - Using cached product ID for code: '3FG-LH-203MV1-1'
2025-11-29 08:34:40,003 - INFO - Prepared product 3FG-LH-203MV1-1 with quantity 1.0 for batch creation
2025-11-29 08:34:40,003 - INFO - Move locations - Source: 4, Dest: 100
2025-11-29 08:34:40,004 - INFO - Processing Excel row 63: {'partner_id': 'MOGEN_OB', 'scheduled_date': Timestamp('2025-11-30 00:00:00'), 'picking_type_id': 'PJ01-OB', 'date_done': Timestamp('2025-11-30 00:00:00'), 'origin': 'คลังโครงการ', 'location_dest_id': 'PJ01/Stock', 'default_code': '3FG-LH-1980W2-1', 'product_uom_qty': 1.0, 'price_unit': 25340.9564, 'sequence': 63, 'date': Timestamp('2025-11-06 00:00:00'), 'scheduled_date_orig': Timestamp('2025-11-30 00:00:00'), 'product_id': '3FG-LH-1980W2-1'}
2025-11-29 08:34:40,004 - INFO - Using cached product ID for code: '3FG-LH-1980W2-1'
2025-11-29 08:34:40,004 - INFO - Prepared product 3FG-LH-1980W2-1 with quantity 1.0 for batch creation
2025-11-29 08:34:40,004 - INFO - Move locations - Source: 4, Dest: 100
2025-11-29 08:34:40,004 - INFO - Processing Excel row 64: {'partner_id': 'MOGEN_OB', 'scheduled_date': Timestamp('2025-11-30 00:00:00'), 'picking_type_id': 'PJ01-OB', 'date_done': Timestamp('2025-11-30 00:00:00'), 'origin': 'คลังโครงการ', 'location_dest_id': 'PJ01/Stock', 'default_code': '3FG-LH-203MV1-1', 'product_uom_qty': 1.0, 'price_unit': 12925.5054, 'sequence': 64, 'date': Timestamp('2025-11-07 00:00:00'), 'scheduled_date_orig': Timestamp('2025-11-30 00:00:00'), 'product_id': '3FG-LH-203MV1-1'}
2025-11-29 08:34:40,004 - INFO - Using cached product ID for code: '3FG-LH-203MV1-1'
2025-11-29 08:34:40,004 - INFO - Prepared product 3FG-LH-203MV1-1 with quantity 1.0 for batch creation
2025-11-29 08:34:40,004 - INFO - Move locations - Source: 4, Dest: 100
2025-11-29 08:34:40,004 - INFO - Processing Excel row 65: {'partner_id': 'MOGEN_OB', 'scheduled_date': Timestamp('2025-11-30 00:00:00'), 'picking_type_id': 'PJ01-OB', 'date_done': Timestamp('2025-11-30 00:00:00'), 'origin': 'คลังโครงการ', 'location_dest_id': 'PJ01/Stock', 'default_code': '3FG-LH0064-496FE1', 'product_uom_qty': 1.0, 'price_unit': 33174.3783, 'sequence': 65, 'date': Timestamp('2025-11-13 00:00:00'), 'scheduled_date_orig': Timestamp('2025-11-30 00:00:00'), 'product_id': '3FG-LH0064-496FE1'}
2025-11-29 08:34:40,004 - INFO - Searching for product with code: '3FG-LH0064-496FE1' and old code: '3FG-LH0064-496FE1'
2025-11-29 08:34:40,088 - INFO - Found product with exact match on default_code: '3FG-LH0064-496FE1'
2025-11-29 08:34:40,208 - INFO - Prepared product 3FG-LH0064-496FE1 with quantity 1.0 for batch creation
2025-11-29 08:34:40,208 - INFO - Move locations - Source: 4, Dest: 100
2025-11-29 08:34:40,209 - INFO - Processing Excel row 66: {'partner_id': 'MOGEN_OB', 'scheduled_date': Timestamp('2025-11-30 00:00:00'), 'picking_type_id': 'PJ01-OB', 'date_done': Timestamp('2025-11-30 00:00:00'), 'origin': 'คลังโครงการ', 'location_dest_id': 'PJ01/Stock', 'default_code': '3FG-LH0064-496FE1', 'product_uom_qty': 1.0, 'price_unit': 33174.3783, 'sequence': 66, 'date': Timestamp('2025-11-13 00:00:00'), 'scheduled_date_orig': Timestamp('2025-11-30 00:00:00'), 'product_id': '3FG-LH0064-496FE1'}
2025-11-29 08:34:40,209 - INFO - Using cached product ID for code: '3FG-LH0064-496FE1'
2025-11-29 08:34:40,209 - INFO - Prepared product 3FG-LH0064-496FE1 with quantity 1.0 for batch creation
2025-11-29 08:34:40,210 - INFO - Move locations - Source: 4, Dest: 100
2025-11-29 08:34:40,210 - INFO - Processing Excel row 67: {'partner_id': 'MOGEN_OB', 'scheduled_date': Timestamp('2025-11-30 00:00:00'), 'picking_type_id': 'PJ01-OB', 'date_done': Timestamp('2025-11-30 00:00:00'), 'origin': 'คลังโครงการ', 'location_dest_id': 'PJ01/Stock', 'default_code': '3FG-0001-TYPE-C-1', 'product_uom_qty': 2.0, 'price_unit': 23589.6899, 'sequence': 67, 'date': Timestamp('2025-11-17 00:00:00'), 'scheduled_date_orig': Timestamp('2025-11-30 00:00:00'), 'product_id': '3FG-0001-TYPE-C-1'}
2025-11-29 08:34:40,210 - INFO - Searching for product with code: '3FG-0001-TYPE-C-1' and old code: '3FG-0001-TYPE-C-1'
2025-11-29 08:34:40,301 - INFO - Found product with exact match on default_code: '3FG-0001-TYPE-C-1'
2025-11-29 08:34:40,412 - INFO - Prepared product 3FG-0001-TYPE-C-1 with quantity 2.0 for batch creation
2025-11-29 08:34:40,412 - INFO - Move locations - Source: 4, Dest: 100
2025-11-29 08:34:40,412 - INFO - Processing Excel row 68: {'partner_id': 'MOGEN_OB', 'scheduled_date': Timestamp('2025-11-30 00:00:00'), 'picking_type_id': 'PJ01-OB', 'date_done': Timestamp('2025-11-30 00:00:00'), 'origin': 'คลังโครงการ', 'location_dest_id': 'PJ01/Stock', 'default_code': '3FG-243FE-100x1200x25', 'product_uom_qty': 4.0, 'price_unit': 866.9808, 'sequence': 68, 'date': Timestamp('2025-11-17 00:00:00'), 'scheduled_date_orig': Timestamp('2025-11-30 00:00:00'), 'product_id': '3FG-243FE-100x1200x25'}
2025-11-29 08:34:40,413 - INFO - Searching for product with code: '3FG-243FE-100x1200x25' and old code: '3FG-243FE-100x1200x25'
2025-11-29 08:34:40,504 - INFO - Found product with exact match on default_code: '3FG-243FE-100x1200x25'
2025-11-29 08:34:40,584 - INFO - Prepared product 3FG-243FE-100x1200x25 with quantity 4.0 for batch creation
2025-11-29 08:34:40,584 - INFO - Move locations - Source: 4, Dest: 100
2025-11-29 08:34:40,585 - INFO - Processing Excel row 69: {'partner_id': 'MOGEN_OB', 'scheduled_date': Timestamp('2025-11-30 00:00:00'), 'picking_type_id': 'PJ01-OB', 'date_done': Timestamp('2025-11-30 00:00:00'), 'origin': 'คลังโครงการ', 'location_dest_id': 'PJ01/Stock', 'default_code': '3FG-243FE-1200x1200x25', 'product_uom_qty': 8.0, 'price_unit': 1260.0138625, 'sequence': 69, 'date': Timestamp('2025-11-17 00:00:00'), 'scheduled_date_orig': Timestamp('2025-11-30 00:00:00'), 'product_id': '3FG-243FE-1200x1200x25'}
2025-11-29 08:34:40,585 - INFO - Searching for product with code: '3FG-243FE-1200x1200x25' and old code: '3FG-243FE-1200x1200x25'
2025-11-29 08:34:40,703 - INFO - Found product with exact match on default_code: '3FG-243FE-1200x1200x25'
2025-11-29 08:34:40,797 - INFO - Prepared product 3FG-243FE-1200x1200x25 with quantity 8.0 for batch creation
2025-11-29 08:34:40,798 - INFO - Move locations - Source: 4, Dest: 100
2025-11-29 08:34:40,798 - INFO - Processing Excel row 70: {'partner_id': 'MOGEN_OB', 'scheduled_date': Timestamp('2025-11-30 00:00:00'), 'picking_type_id': 'PJ01-OB', 'date_done': Timestamp('2025-11-30 00:00:00'), 'origin': 'คลังโครงการ', 'location_dest_id': 'PJ01/Stock', 'default_code': '3FG-243FE-195x1050x8 mm.', 'product_uom_qty': 48.0, 'price_unit': 463.47602708333335, 'sequence': 70, 'date': Timestamp('2025-11-17 00:00:00'), 'scheduled_date_orig': Timestamp('2025-11-30 00:00:00'), 'product_id': '3FG-243FE-195x1050x8 mm.'}
2025-11-29 08:34:40,799 - INFO - Searching for product with code: '3FG-243FE-195x1050x8 mm.' and old code: '3FG-243FE-195x1050x8 mm.'
2025-11-29 08:34:40,897 - INFO - Found product with exact match on default_code: '3FG-243FE-195x1050x8 mm.'
2025-11-29 08:34:40,999 - INFO - Prepared product 3FG-243FE-195x1050x8 mm. with quantity 48.0 for batch creation
2025-11-29 08:34:40,999 - INFO - Move locations - Source: 4, Dest: 100
2025-11-29 08:34:40,999 - INFO - Processing Excel row 71: {'partner_id': 'MOGEN_OB', 'scheduled_date': Timestamp('2025-11-30 00:00:00'), 'picking_type_id': 'PJ01-OB', 'date_done': Timestamp('2025-11-30 00:00:00'), 'origin': 'คลังโครงการ', 'location_dest_id': 'PJ01/Stock', 'default_code': '3FG-243FE-195x1500x8 mm.', 'product_uom_qty': 4.0, 'price_unit': 898.4725, 'sequence': 71, 'date': Timestamp('2025-11-17 00:00:00'), 'scheduled_date_orig': Timestamp('2025-11-30 00:00:00'), 'product_id': '3FG-243FE-195x1500x8 mm.'}
2025-11-29 08:34:40,999 - INFO - Searching for product with code: '3FG-243FE-195x1500x8 mm.' and old code: '3FG-243FE-195x1500x8 mm.'
2025-11-29 08:34:41,102 - INFO - Found product with exact match on default_code: '3FG-243FE-195x1500x8 mm.'
2025-11-29 08:34:41,214 - INFO - Prepared product 3FG-243FE-195x1500x8 mm. with quantity 4.0 for batch creation
2025-11-29 08:34:41,214 - INFO - Move locations - Source: 4, Dest: 100
2025-11-29 08:34:41,215 - INFO - Processing Excel row 72: {'partner_id': 'MOGEN_OB', 'scheduled_date': Timestamp('2025-11-30 00:00:00'), 'picking_type_id': 'PJ01-OB', 'date_done': Timestamp('2025-11-30 00:00:00'), 'origin': 'คลังโครงการ', 'location_dest_id': 'PJ01/Stock', 'default_code': '3FG-243FE-195x1625x5', 'product_uom_qty': 4.0, 'price_unit': 898.4725, 'sequence': 72, 'date': Timestamp('2025-11-17 00:00:00'), 'scheduled_date_orig': Timestamp('2025-11-30 00:00:00'), 'product_id': '3FG-243FE-195x1625x5'}
2025-11-29 08:34:41,215 - INFO - Searching for product with code: '3FG-243FE-195x1625x5' and old code: '3FG-243FE-195x1625x5'
2025-11-29 08:34:41,340 - INFO - Found product with exact match on default_code: '3FG-243FE-195x1625x5'
2025-11-29 08:34:41,496 - INFO - Prepared product 3FG-243FE-195x1625x5 with quantity 4.0 for batch creation
2025-11-29 08:34:41,496 - INFO - Move locations - Source: 4, Dest: 100
2025-11-29 08:34:41,497 - INFO - Processing Excel row 73: {'partner_id': 'MOGEN_OB', 'scheduled_date': Timestamp('2025-11-30 00:00:00'), 'picking_type_id': 'PJ01-OB', 'date_done': Timestamp('2025-11-30 00:00:00'), 'origin': 'คลังโครงการ', 'location_dest_id': 'PJ01/Stock', 'default_code': '3FG-243FE-195x2730x8 mm.', 'product_uom_qty': 8.0, 'price_unit': 511.37025, 'sequence': 73, 'date': Timestamp('2025-11-17 00:00:00'), 'scheduled_date_orig': Timestamp('2025-11-30 00:00:00'), 'product_id': '3FG-243FE-195x2730x8 mm.'}
2025-11-29 08:34:41,497 - INFO - Searching for product with code: '3FG-243FE-195x2730x8 mm.' and old code: '3FG-243FE-195x2730x8 mm.'
2025-11-29 08:34:41,610 - INFO - Found product with exact match on default_code: '3FG-243FE-195x2730x8 mm.'
2025-11-29 08:34:41,704 - INFO - Prepared product 3FG-243FE-195x2730x8 mm. with quantity 8.0 for batch creation
2025-11-29 08:34:41,704 - INFO - Move locations - Source: 4, Dest: 100
2025-11-29 08:34:41,705 - INFO - Processing Excel row 74: {'partner_id': 'MOGEN_OB', 'scheduled_date': Timestamp('2025-11-30 00:00:00'), 'picking_type_id': 'PJ01-OB', 'date_done': Timestamp('2025-11-30 00:00:00'), 'origin': 'คลังโครงการ', 'location_dest_id': 'PJ01/Stock', 'default_code': '3FG-243FE-195x3050x8 mm.', 'product_uom_qty': 4.0, 'price_unit': 511.37025, 'sequence': 74, 'date': Timestamp('2025-11-17 00:00:00'), 'scheduled_date_orig': Timestamp('2025-11-30 00:00:00'), 'product_id': '3FG-243FE-195x3050x8 mm.'}
2025-11-29 08:34:41,705 - INFO - Searching for product with code: '3FG-243FE-195x3050x8 mm.' and old code: '3FG-243FE-195x3050x8 mm.'
2025-11-29 08:34:41,803 - INFO - Found product with exact match on default_code: '3FG-243FE-195x3050x8 mm.'
2025-11-29 08:34:41,913 - INFO - Prepared product 3FG-243FE-195x3050x8 mm. with quantity 4.0 for batch creation
2025-11-29 08:34:41,914 - INFO - Move locations - Source: 4, Dest: 100
2025-11-29 08:34:41,914 - INFO - Processing Excel row 75: {'partner_id': 'MOGEN_OB', 'scheduled_date': Timestamp('2025-11-30 00:00:00'), 'picking_type_id': 'PJ01-OB', 'date_done': Timestamp('2025-11-30 00:00:00'), 'origin': 'คลังโครงการ', 'location_dest_id': 'PJ01/Stock', 'default_code': '3FG-243FE-220x3050x8 mm.', 'product_uom_qty': 4.0, 'price_unit': 511.37035, 'sequence': 75, 'date': Timestamp('2025-11-17 00:00:00'), 'scheduled_date_orig': Timestamp('2025-11-30 00:00:00'), 'product_id': '3FG-243FE-220x3050x8 mm.'}
2025-11-29 08:34:41,915 - INFO - Searching for product with code: '3FG-243FE-220x3050x8 mm.' and old code: '3FG-243FE-220x3050x8 mm.'
2025-11-29 08:34:41,999 - INFO - Found product with exact match on default_code: '3FG-243FE-220x3050x8 mm.'
2025-11-29 08:34:42,088 - INFO - Prepared product 3FG-243FE-220x3050x8 mm. with quantity 4.0 for batch creation
2025-11-29 08:34:42,088 - INFO - Move locations - Source: 4, Dest: 100
2025-11-29 08:34:42,089 - INFO - Processing Excel row 76: {'partner_id': 'MOGEN_OB', 'scheduled_date': Timestamp('2025-11-30 00:00:00'), 'picking_type_id': 'PJ01-OB', 'date_done': Timestamp('2025-11-30 00:00:00'), 'origin': 'คลังโครงการ', 'location_dest_id': 'PJ01/Stock', 'default_code': '3FG-243FE-2400x1800x25', 'product_uom_qty': 4.0, 'price_unit': 2638.0071, 'sequence': 76, 'date': Timestamp('2025-11-17 00:00:00'), 'scheduled_date_orig': Timestamp('2025-11-30 00:00:00'), 'product_id': '3FG-243FE-2400x1800x25'}
2025-11-29 08:34:42,089 - INFO - Searching for product with code: '3FG-243FE-2400x1800x25' and old code: '3FG-243FE-2400x1800x25'
2025-11-29 08:34:42,209 - INFO - Found product with exact match on default_code: '3FG-243FE-2400x1800x25'
2025-11-29 08:34:42,309 - INFO - Prepared product 3FG-243FE-2400x1800x25 with quantity 4.0 for batch creation
2025-11-29 08:34:42,309 - INFO - Move locations - Source: 4, Dest: 100
2025-11-29 08:34:42,310 - INFO - Processing Excel row 77: {'partner_id': 'MOGEN_OB', 'scheduled_date': Timestamp('2025-11-30 00:00:00'), 'picking_type_id': 'PJ01-OB', 'date_done': Timestamp('2025-11-30 00:00:00'), 'origin': 'คลังโครงการ', 'location_dest_id': 'PJ01/Stock', 'default_code': '3FG-243FE-275x1050x25 mm.', 'product_uom_qty': 40.0, 'price_unit': 344.17123000000004, 'sequence': 77, 'date': Timestamp('2025-11-17 00:00:00'), 'scheduled_date_orig': Timestamp('2025-11-30 00:00:00'), 'product_id': '3FG-243FE-275x1050x25 mm.'}
2025-11-29 08:34:42,310 - INFO - Searching for product with code: '3FG-243FE-275x1050x25 mm.' and old code: '3FG-243FE-275x1050x25 mm.'
2025-11-29 08:34:42,413 - INFO - Found product with exact match on default_code: '3FG-243FE-275x1050x25 mm.'
2025-11-29 08:34:42,523 - INFO - Prepared product 3FG-243FE-275x1050x25 mm. with quantity 40.0 for batch creation
2025-11-29 08:34:42,523 - INFO - Move locations - Source: 4, Dest: 100
2025-11-29 08:34:42,524 - INFO - Processing Excel row 78: {'partner_id': 'MOGEN_OB', 'scheduled_date': Timestamp('2025-11-30 00:00:00'), 'picking_type_id': 'PJ01-OB', 'date_done': Timestamp('2025-11-30 00:00:00'), 'origin': 'คลังโครงการ', 'location_dest_id': 'PJ01/Stock', 'default_code': '3FG-243FE-275x2370x25', 'product_uom_qty': 4.0, 'price_unit': 577.3205, 'sequence': 78, 'date': Timestamp('2025-11-17 00:00:00'), 'scheduled_date_orig': Timestamp('2025-11-30 00:00:00'), 'product_id': '3FG-243FE-275x2370x25'}
2025-11-29 08:34:42,524 - INFO - Searching for product with code: '3FG-243FE-275x2370x25' and old code: '3FG-243FE-275x2370x25'
2025-11-29 08:34:42,633 - INFO - Found product with exact match on default_code: '3FG-243FE-275x2370x25'
2025-11-29 08:34:42,794 - INFO - Prepared product 3FG-243FE-275x2370x25 with quantity 4.0 for batch creation
2025-11-29 08:34:42,795 - INFO - Move locations - Source: 4, Dest: 100
2025-11-29 08:34:42,795 - INFO - Processing Excel row 79: {'partner_id': 'MOGEN_OB', 'scheduled_date': Timestamp('2025-11-30 00:00:00'), 'picking_type_id': 'PJ01-OB', 'date_done': Timestamp('2025-11-30 00:00:00'), 'origin': 'คลังโครงการ', 'location_dest_id': 'PJ01/Stock', 'default_code': '3FG-243FE-275x3050x25', 'product_uom_qty': 8.0, 'price_unit': 577.3205375, 'sequence': 79, 'date': Timestamp('2025-11-17 00:00:00'), 'scheduled_date_orig': Timestamp('2025-11-30 00:00:00'), 'product_id': '3FG-243FE-275x3050x25'}
2025-11-29 08:34:42,796 - INFO - Searching for product with code: '3FG-243FE-275x3050x25' and old code: '3FG-243FE-275x3050x25'
2025-11-29 08:34:42,905 - INFO - Found product with exact match on default_code: '3FG-243FE-275x3050x25'
2025-11-29 08:34:43,005 - INFO - Prepared product 3FG-243FE-275x3050x25 with quantity 8.0 for batch creation
2025-11-29 08:34:43,005 - INFO - Move locations - Source: 4, Dest: 100
2025-11-29 08:34:43,006 - INFO - Processing Excel row 80: {'partner_id': 'MOGEN_OB', 'scheduled_date': Timestamp('2025-11-30 00:00:00'), 'picking_type_id': 'PJ01-OB', 'date_done': Timestamp('2025-11-30 00:00:00'), 'origin': 'คลังโครงการ', 'location_dest_id': 'PJ01/Stock', 'default_code': '3FG-243FE-325x1300x25', 'product_uom_qty': 4.0, 'price_unit': 577.3205, 'sequence': 80, 'date': Timestamp('2025-11-17 00:00:00'), 'scheduled_date_orig': Timestamp('2025-11-30 00:00:00'), 'product_id': '3FG-243FE-325x1300x25'}
2025-11-29 08:34:43,006 - INFO - Searching for product with code: '3FG-243FE-325x1300x25' and old code: '3FG-243FE-325x1300x25'
2025-11-29 08:34:43,140 - INFO - Found product with exact match on default_code: '3FG-243FE-325x1300x25'
2025-11-29 08:34:43,264 - INFO - Prepared product 3FG-243FE-325x1300x25 with quantity 4.0 for batch creation
2025-11-29 08:34:43,265 - INFO - Move locations - Source: 4, Dest: 100
2025-11-29 08:34:43,265 - INFO - Processing Excel row 81: {'partner_id': 'MOGEN_OB', 'scheduled_date': Timestamp('2025-11-30 00:00:00'), 'picking_type_id': 'PJ01-OB', 'date_done': Timestamp('2025-11-30 00:00:00'), 'origin': 'คลังโครงการ', 'location_dest_id': 'PJ01/Stock', 'default_code': '3FG-243FE-370x850x8 mm.', 'product_uom_qty': 4.0, 'price_unit': 511.37025, 'sequence': 81, 'date': Timestamp('2025-11-17 00:00:00'), 'scheduled_date_orig': Timestamp('2025-11-30 00:00:00'), 'product_id': '3FG-243FE-370x850x8 mm.'}
2025-11-29 08:34:43,265 - INFO - Searching for product with code: '3FG-243FE-370x850x8 mm.' and old code: '3FG-243FE-370x850x8 mm.'
2025-11-29 08:34:43,379 - INFO - Found product with exact match on default_code: '3FG-243FE-370x850x8 mm.'
2025-11-29 08:34:43,463 - INFO - Prepared product 3FG-243FE-370x850x8 mm. with quantity 4.0 for batch creation
2025-11-29 08:34:43,463 - INFO - Move locations - Source: 4, Dest: 100
2025-11-29 08:34:43,464 - INFO - Processing Excel row 82: {'partner_id': 'MOGEN_OB', 'scheduled_date': Timestamp('2025-11-30 00:00:00'), 'picking_type_id': 'PJ01-OB', 'date_done': Timestamp('2025-11-30 00:00:00'), 'origin': 'คลังโครงการ', 'location_dest_id': 'PJ01/Stock', 'default_code': '3FG-243FE-850x750x25', 'product_uom_qty': 4.0, 'price_unit': 577.3205, 'sequence': 82, 'date': Timestamp('2025-11-17 00:00:00'), 'scheduled_date_orig': Timestamp('2025-11-30 00:00:00'), 'product_id': '3FG-243FE-850x750x25'}
2025-11-29 08:34:43,464 - INFO - Searching for product with code: '3FG-243FE-850x750x25' and old code: '3FG-243FE-850x750x25'
2025-11-29 08:34:43,559 - INFO - Found product with exact match on default_code: '3FG-243FE-850x750x25'
2025-11-29 08:34:43,712 - INFO - Prepared product 3FG-243FE-850x750x25 with quantity 4.0 for batch creation
2025-11-29 08:34:43,712 - INFO - Move locations - Source: 4, Dest: 100
2025-11-29 08:34:43,713 - INFO - Processing Excel row 83: {'partner_id': 'MOGEN_OB', 'scheduled_date': Timestamp('2025-11-30 00:00:00'), 'picking_type_id': 'PJ01-OB', 'date_done': Timestamp('2025-11-30 00:00:00'), 'origin': 'คลังโครงการ', 'location_dest_id': 'PJ01/Stock', 'default_code': '3FG-LH0064-496FE1', 'product_uom_qty': 2.0, 'price_unit': 42280.0, 'sequence': 83, 'date': Timestamp('2025-11-17 00:00:00'), 'scheduled_date_orig': Timestamp('2025-11-30 00:00:00'), 'product_id': '3FG-LH0064-496FE1'}
2025-11-29 08:34:43,713 - INFO - Using cached product ID for code: '3FG-LH0064-496FE1'
2025-11-29 08:34:43,713 - INFO - Prepared product 3FG-LH0064-496FE1 with quantity 2.0 for batch creation
2025-11-29 08:34:43,713 - INFO - Move locations - Source: 4, Dest: 100
2025-11-29 08:34:43,713 - INFO - Processing Excel row 84: {'partner_id': 'MOGEN_OB', 'scheduled_date': Timestamp('2025-11-30 00:00:00'), 'picking_type_id': 'PJ01-OB', 'date_done': Timestamp('2025-11-30 00:00:00'), 'origin': 'คลังโครงการ', 'location_dest_id': 'PJ01/Stock', 'default_code': '3FG-LH0064-496FE1.', 'product_uom_qty': 2.0, 'price_unit': 21415.2206, 'sequence': 84, 'date': Timestamp('2025-11-17 00:00:00'), 'scheduled_date_orig': Timestamp('2025-11-30 00:00:00'), 'product_id': '3FG-LH0064-496FE1.'}
2025-11-29 08:34:43,714 - INFO - Searching for product with code: '3FG-LH0064-496FE1.' and old code: '3FG-LH0064-496FE1.'
2025-11-29 08:34:43,817 - INFO - Found product with exact match on default_code: '3FG-LH0064-496FE1.'
2025-11-29 08:34:43,898 - INFO - Prepared product 3FG-LH0064-496FE1. with quantity 2.0 for batch creation
2025-11-29 08:34:43,899 - INFO - Move locations - Source: 4, Dest: 100
2025-11-29 08:34:43,899 - INFO - Processing Excel row 85: {'partner_id': 'MOGEN_OB', 'scheduled_date': Timestamp('2025-11-30 00:00:00'), 'picking_type_id': 'PJ01-OB', 'date_done': Timestamp('2025-11-30 00:00:00'), 'origin': 'คลังโครงการ', 'location_dest_id': 'PJ01/Stock', 'default_code': '3FG-LH-203MV1-1', 'product_uom_qty': 1.0, 'price_unit': 2576.1105, 'sequence': 85, 'date': Timestamp('2025-11-17 00:00:00'), 'scheduled_date_orig': Timestamp('2025-11-30 00:00:00'), 'product_id': '3FG-LH-203MV1-1'}
2025-11-29 08:34:43,900 - INFO - Using cached product ID for code: '3FG-LH-203MV1-1'
2025-11-29 08:34:43,900 - INFO - Prepared product 3FG-LH-203MV1-1 with quantity 1.0 for batch creation
2025-11-29 08:34:43,900 - INFO - Move locations - Source: 4, Dest: 100
2025-11-29 08:34:43,901 - INFO - Processing Excel row 86: {'partner_id': 'MOGEN_OB', 'scheduled_date': Timestamp('2025-11-30 00:00:00'), 'picking_type_id': 'PJ01-OB', 'date_done': Timestamp('2025-11-30 00:00:00'), 'origin': 'คลังโครงการ', 'location_dest_id': 'PJ01/Stock', 'default_code': '3FG-LH-203MV1-1', 'product_uom_qty': 1.0, 'price_unit': 8684.806, 'sequence': 86, 'date': Timestamp('2025-11-18 00:00:00'), 'scheduled_date_orig': Timestamp('2025-11-30 00:00:00'), 'product_id': '3FG-LH-203MV1-1'}
2025-11-29 08:34:43,901 - INFO - Using cached product ID for code: '3FG-LH-203MV1-1'
2025-11-29 08:34:43,901 - INFO - Prepared product 3FG-LH-203MV1-1 with quantity 1.0 for batch creation
2025-11-29 08:34:43,901 - INFO - Move locations - Source: 4, Dest: 100
2025-11-29 08:34:43,902 - INFO - Processing Excel row 87: {'partner_id': 'MOGEN_OB', 'scheduled_date': Timestamp('2025-11-30 00:00:00'), 'picking_type_id': 'PJ01-OB', 'date_done': Timestamp('2025-11-30 00:00:00'), 'origin': 'คลังโครงการ', 'location_dest_id': 'PJ01/Stock', 'default_code': 'NFG02-11-NTW-496-1', 'product_uom_qty': 2.0, 'price_unit': 18.4211, 'sequence': 87, 'date': Timestamp('2025-11-18 00:00:00'), 'scheduled_date_orig': Timestamp('2025-11-30 00:00:00'), 'product_id': 'NFG02-11-NTW-496-1'}
2025-11-29 08:34:43,902 - INFO - Searching for product with code: 'NFG02-11-NTW-496-1' and old code: 'NFG02-11-NTW-496-1'
2025-11-29 08:34:44,192 - INFO - Found product with exact match on old_product_code: 'NFG02-11-NTW-496-1'
2025-11-29 08:34:44,293 - INFO - Prepared product NFG02-11-NTW-496-1 with quantity 2.0 for batch creation
2025-11-29 08:34:44,294 - INFO - Move locations - Source: 4, Dest: 100
2025-11-29 08:34:44,294 - INFO - Processing Excel row 88: {'partner_id': 'MOGEN_OB', 'scheduled_date': Timestamp('2025-11-30 00:00:00'), 'picking_type_id': 'PJ01-OB', 'date_done': Timestamp('2025-11-30 00:00:00'), 'origin': 'คลังโครงการ', 'location_dest_id': 'PJ01/Stock', 'default_code': 'NFG02-11-NTW-496-1', 'product_uom_qty': 2.0, 'price_unit': 18.4211, 'sequence': 88, 'date': Timestamp('2025-11-18 00:00:00'), 'scheduled_date_orig': Timestamp('2025-11-30 00:00:00'), 'product_id': 'NFG02-11-NTW-496-1'}
2025-11-29 08:34:44,295 - INFO - Using cached product ID for code: 'NFG02-11-NTW-496-1'
2025-11-29 08:34:44,295 - INFO - Prepared product NFG02-11-NTW-496-1 with quantity 2.0 for batch creation
2025-11-29 08:34:44,295 - INFO - Move locations - Source: 4, Dest: 100
2025-11-29 08:34:44,295 - INFO - Processing Excel row 89: {'partner_id': 'MOGEN_OB', 'scheduled_date': Timestamp('2025-11-30 00:00:00'), 'picking_type_id': 'PJ01-OB', 'date_done': Timestamp('2025-11-30 00:00:00'), 'origin': 'คลังโครงการ', 'location_dest_id': 'PJ01/Stock', 'default_code': 'NFG02-11-NTW-496-2', 'product_uom_qty': 3.0, 'price_unit': 19.555933333333332, 'sequence': 89, 'date': Timestamp('2025-11-18 00:00:00'), 'scheduled_date_orig': Timestamp('2025-11-30 00:00:00'), 'product_id': 'NFG02-11-NTW-496-2'}
2025-11-29 08:34:44,295 - INFO - Searching for product with code: 'NFG02-11-NTW-496-2' and old code: 'NFG02-11-NTW-496-2'
2025-11-29 08:34:44,639 - INFO - Found product with exact match on old_product_code: 'NFG02-11-NTW-496-2'
2025-11-29 08:34:44,722 - INFO - Prepared product NFG02-11-NTW-496-2 with quantity 3.0 for batch creation
2025-11-29 08:34:44,723 - INFO - Move locations - Source: 4, Dest: 100
2025-11-29 08:34:44,724 - INFO - Processing Excel row 90: {'partner_id': 'MOGEN_OB', 'scheduled_date': Timestamp('2025-11-30 00:00:00'), 'picking_type_id': 'PJ01-OB', 'date_done': Timestamp('2025-11-30 00:00:00'), 'origin': 'คลังโครงการ', 'location_dest_id': 'PJ01/Stock', 'default_code': 'NFG02-11-NTW-496-2', 'product_uom_qty': 3.0, 'price_unit': 19.555933333333332, 'sequence': 90, 'date': Timestamp('2025-11-18 00:00:00'), 'scheduled_date_orig': Timestamp('2025-11-30 00:00:00'), 'product_id': 'NFG02-11-NTW-496-2'}
2025-11-29 08:34:44,724 - INFO - Using cached product ID for code: 'NFG02-11-NTW-496-2'
2025-11-29 08:34:44,724 - INFO - Prepared product NFG02-11-NTW-496-2 with quantity 3.0 for batch creation
2025-11-29 08:34:44,724 - INFO - Move locations - Source: 4, Dest: 100
2025-11-29 08:34:44,725 - INFO - Processing Excel row 91: {'partner_id': 'MOGEN_OB', 'scheduled_date': Timestamp('2025-11-30 00:00:00'), 'picking_type_id': 'PJ01-OB', 'date_done': Timestamp('2025-11-30 00:00:00'), 'origin': 'คลังโครงการ', 'location_dest_id': 'PJ01/Stock', 'default_code': 'NFG02-11-NTW-496-3', 'product_uom_qty': 1.0, 'price_unit': 20.6908, 'sequence': 91, 'date': Timestamp('2025-11-18 00:00:00'), 'scheduled_date_orig': Timestamp('2025-11-30 00:00:00'), 'product_id': 'NFG02-11-NTW-496-3'}
2025-11-29 08:34:44,725 - INFO - Searching for product with code: 'NFG02-11-NTW-496-3' and old code: 'NFG02-11-NTW-496-3'
2025-11-29 08:34:45,018 - INFO - Found product with exact match on old_product_code: 'NFG02-11-NTW-496-3'
2025-11-29 08:34:45,108 - INFO - Prepared product NFG02-11-NTW-496-3 with quantity 1.0 for batch creation
2025-11-29 08:34:45,108 - INFO - Move locations - Source: 4, Dest: 100
2025-11-29 08:34:45,109 - INFO - Processing Excel row 92: {'partner_id': 'MOGEN_OB', 'scheduled_date': Timestamp('2025-11-30 00:00:00'), 'picking_type_id': 'PJ01-OB', 'date_done': Timestamp('2025-11-30 00:00:00'), 'origin': 'คลังโครงการ', 'location_dest_id': 'PJ01/Stock', 'default_code': 'NFG02-11-NTW-496-3', 'product_uom_qty': 1.0, 'price_unit': 20.6908, 'sequence': 92, 'date': Timestamp('2025-11-18 00:00:00'), 'scheduled_date_orig': Timestamp('2025-11-30 00:00:00'), 'product_id': 'NFG02-11-NTW-496-3'}
2025-11-29 08:34:45,109 - INFO - Using cached product ID for code: 'NFG02-11-NTW-496-3'
2025-11-29 08:34:45,109 - INFO - Prepared product NFG02-11-NTW-496-3 with quantity 1.0 for batch creation
2025-11-29 08:34:45,110 - INFO - Move locations - Source: 4, Dest: 100
2025-11-29 08:34:45,110 - INFO - Processing Excel row 93: {'partner_id': 'MOGEN_OB', 'scheduled_date': Timestamp('2025-11-30 00:00:00'), 'picking_type_id': 'PJ01-OB', 'date_done': Timestamp('2025-11-30 00:00:00'), 'origin': 'คลังโครงการ', 'location_dest_id': 'PJ01/Stock', 'default_code': 'NFG02-11-NTW-496-4', 'product_uom_qty': 1.0, 'price_unit': 20.4071, 'sequence': 93, 'date': Timestamp('2025-11-18 00:00:00'), 'scheduled_date_orig': Timestamp('2025-11-30 00:00:00'), 'product_id': 'NFG02-11-NTW-496-4'}
2025-11-29 08:34:45,110 - INFO - Searching for product with code: 'NFG02-11-NTW-496-4' and old code: 'NFG02-11-NTW-496-4'
2025-11-29 08:34:45,512 - INFO - Found product with exact match on old_product_code: 'NFG02-11-NTW-496-4'
2025-11-29 08:34:45,597 - INFO - Prepared product NFG02-11-NTW-496-4 with quantity 1.0 for batch creation
2025-11-29 08:34:45,598 - INFO - Move locations - Source: 4, Dest: 100
2025-11-29 08:34:45,599 - INFO - Processing Excel row 94: {'partner_id': 'MOGEN_OB', 'scheduled_date': Timestamp('2025-11-30 00:00:00'), 'picking_type_id': 'PJ01-OB', 'date_done': Timestamp('2025-11-30 00:00:00'), 'origin': 'คลังโครงการ', 'location_dest_id': 'PJ01/Stock', 'default_code': 'NFG02-11-NTW-496-4', 'product_uom_qty': 1.0, 'price_unit': 20.4071, 'sequence': 94, 'date': Timestamp('2025-11-18 00:00:00'), 'scheduled_date_orig': Timestamp('2025-11-30 00:00:00'), 'product_id': 'NFG02-11-NTW-496-4'}
2025-11-29 08:34:45,599 - INFO - Using cached product ID for code: 'NFG02-11-NTW-496-4'
2025-11-29 08:34:45,599 - INFO - Prepared product NFG02-11-NTW-496-4 with quantity 1.0 for batch creation
2025-11-29 08:34:45,599 - INFO - Move locations - Source: 4, Dest: 100
2025-11-29 08:34:45,599 - INFO - Processing Excel row 95: {'partner_id': 'MOGEN_OB', 'scheduled_date': Timestamp('2025-11-30 00:00:00'), 'picking_type_id': 'PJ01-OB', 'date_done': Timestamp('2025-11-30 00:00:00'), 'origin': 'คลังโครงการ', 'location_dest_id': 'PJ01/Stock', 'default_code': 'NFG02-11-NTW-496-5', 'product_uom_qty': 2.0, 'price_unit': 20.97445, 'sequence': 95, 'date': Timestamp('2025-11-18 00:00:00'), 'scheduled_date_orig': Timestamp('2025-11-30 00:00:00'), 'product_id': 'NFG02-11-NTW-496-5'}
2025-11-29 08:34:45,600 - INFO - Searching for product with code: 'NFG02-11-NTW-496-5' and old code: 'NFG02-11-NTW-496-5'
2025-11-29 08:34:45,907 - INFO - Found product with exact match on old_product_code: 'NFG02-11-NTW-496-5'
2025-11-29 08:34:45,997 - INFO - Prepared product NFG02-11-NTW-496-5 with quantity 2.0 for batch creation
2025-11-29 08:34:45,998 - INFO - Move locations - Source: 4, Dest: 100
2025-11-29 08:34:45,998 - INFO - Processing Excel row 96: {'partner_id': 'MOGEN_OB', 'scheduled_date': Timestamp('2025-11-30 00:00:00'), 'picking_type_id': 'PJ01-OB', 'date_done': Timestamp('2025-11-30 00:00:00'), 'origin': 'คลังโครงการ', 'location_dest_id': 'PJ01/Stock', 'default_code': 'NFG02-11-NTW-496-5', 'product_uom_qty': 2.0, 'price_unit': 20.97445, 'sequence': 96, 'date': Timestamp('2025-11-18 00:00:00'), 'scheduled_date_orig': Timestamp('2025-11-30 00:00:00'), 'product_id': 'NFG02-11-NTW-496-5'}
2025-11-29 08:34:45,998 - INFO - Using cached product ID for code: 'NFG02-11-NTW-496-5'
2025-11-29 08:34:45,998 - INFO - Prepared product NFG02-11-NTW-496-5 with quantity 2.0 for batch creation
2025-11-29 08:34:45,998 - INFO - Move locations - Source: 4, Dest: 100
2025-11-29 08:34:45,999 - INFO - Processing Excel row 97: {'partner_id': 'MOGEN_OB', 'scheduled_date': Timestamp('2025-11-30 00:00:00'), 'picking_type_id': 'PJ01-OB', 'date_done': Timestamp('2025-11-30 00:00:00'), 'origin': 'คลังโครงการ', 'location_dest_id': 'PJ01/Stock', 'default_code': 'NFG02-11-NTW-496-6', 'product_uom_qty': 3.0, 'price_unit': 21.258133333333333, 'sequence': 97, 'date': Timestamp('2025-11-18 00:00:00'), 'scheduled_date_orig': Timestamp('2025-11-30 00:00:00'), 'product_id': 'NFG02-11-NTW-496-6'}
2025-11-29 08:34:45,999 - INFO - Searching for product with code: 'NFG02-11-NTW-496-6' and old code: 'NFG02-11-NTW-496-6'
2025-11-29 08:34:46,321 - INFO - Found product with exact match on old_product_code: 'NFG02-11-NTW-496-6'
2025-11-29 08:34:46,413 - INFO - Prepared product NFG02-11-NTW-496-6 with quantity 3.0 for batch creation
2025-11-29 08:34:46,413 - INFO - Move locations - Source: 4, Dest: 100
2025-11-29 08:34:46,414 - INFO - Processing Excel row 98: {'partner_id': 'MOGEN_OB', 'scheduled_date': Timestamp('2025-11-30 00:00:00'), 'picking_type_id': 'PJ01-OB', 'date_done': Timestamp('2025-11-30 00:00:00'), 'origin': 'คลังโครงการ', 'location_dest_id': 'PJ01/Stock', 'default_code': 'NFG02-11-NTW-496-6', 'product_uom_qty': 3.0, 'price_unit': 21.258133333333333, 'sequence': 98, 'date': Timestamp('2025-11-18 00:00:00'), 'scheduled_date_orig': Timestamp('2025-11-30 00:00:00'), 'product_id': 'NFG02-11-NTW-496-6'}
2025-11-29 08:34:46,414 - INFO - Using cached product ID for code: 'NFG02-11-NTW-496-6'
2025-11-29 08:34:46,414 - INFO - Prepared product NFG02-11-NTW-496-6 with quantity 3.0 for batch creation
2025-11-29 08:34:46,414 - INFO - Move locations - Source: 4, Dest: 100
2025-11-29 08:34:46,415 - INFO - Processing Excel row 99: {'partner_id': 'MOGEN_OB', 'scheduled_date': Timestamp('2025-11-30 00:00:00'), 'picking_type_id': 'PJ01-OB', 'date_done': Timestamp('2025-11-30 00:00:00'), 'origin': 'คลังโครงการ', 'location_dest_id': 'PJ01/Stock', 'default_code': 'NFG02-11-NTW-496-7', 'product_uom_qty': 1.0, 'price_unit': 21.5418, 'sequence': 99, 'date': Timestamp('2025-11-18 00:00:00'), 'scheduled_date_orig': Timestamp('2025-11-30 00:00:00'), 'product_id': 'NFG02-11-NTW-496-7'}
2025-11-29 08:34:46,415 - INFO - Searching for product with code: 'NFG02-11-NTW-496-7' and old code: 'NFG02-11-NTW-496-7'
2025-11-29 08:34:46,716 - INFO - Found product with exact match on old_product_code: 'NFG02-11-NTW-496-7'
2025-11-29 08:34:46,805 - INFO - Prepared product NFG02-11-NTW-496-7 with quantity 1.0 for batch creation
2025-11-29 08:34:46,805 - INFO - Move locations - Source: 4, Dest: 100
2025-11-29 08:34:46,806 - INFO - Processing Excel row 100: {'partner_id': 'MOGEN_OB', 'scheduled_date': Timestamp('2025-11-30 00:00:00'), 'picking_type_id': 'PJ01-OB', 'date_done': Timestamp('2025-11-30 00:00:00'), 'origin': 'คลังโครงการ', 'location_dest_id': 'PJ01/Stock', 'default_code': 'NFG02-11-NTW-496-7', 'product_uom_qty': 1.0, 'price_unit': 21.5418, 'sequence': 100, 'date': Timestamp('2025-11-18 00:00:00'), 'scheduled_date_orig': Timestamp('2025-11-30 00:00:00'), 'product_id': 'NFG02-11-NTW-496-7'}
2025-11-29 08:34:46,806 - INFO - Using cached product ID for code: 'NFG02-11-NTW-496-7'
2025-11-29 08:34:46,806 - INFO - Prepared product NFG02-11-NTW-496-7 with quantity 1.0 for batch creation
2025-11-29 08:34:46,806 - INFO - Move locations - Source: 4, Dest: 100
2025-11-29 08:34:46,806 - INFO - Processing Excel row 101: {'partner_id': 'MOGEN_OB', 'scheduled_date': Timestamp('2025-11-30 00:00:00'), 'picking_type_id': 'PJ01-OB', 'date_done': Timestamp('2025-11-30 00:00:00'), 'origin': 'คลังโครงการ', 'location_dest_id': 'PJ01/Stock', 'default_code': 'NFG02-11-NTW-496-8', 'product_uom_qty': 3.0, 'price_unit': 18.1374, 'sequence': 101, 'date': Timestamp('2025-11-18 00:00:00'), 'scheduled_date_orig': Timestamp('2025-11-30 00:00:00'), 'product_id': 'NFG02-11-NTW-496-8'}
2025-11-29 08:34:46,806 - INFO - Searching for product with code: 'NFG02-11-NTW-496-8' and old code: 'NFG02-11-NTW-496-8'
2025-11-29 08:34:47,102 - INFO - Found product with exact match on old_product_code: 'NFG02-11-NTW-496-8'
2025-11-29 08:34:47,187 - INFO - Prepared product NFG02-11-NTW-496-8 with quantity 3.0 for batch creation
2025-11-29 08:34:47,188 - INFO - Move locations - Source: 4, Dest: 100
2025-11-29 08:34:47,189 - INFO - Processing Excel row 102: {'partner_id': 'MOGEN_OB', 'scheduled_date': Timestamp('2025-11-30 00:00:00'), 'picking_type_id': 'PJ01-OB', 'date_done': Timestamp('2025-11-30 00:00:00'), 'origin': 'คลังโครงการ', 'location_dest_id': 'PJ01/Stock', 'default_code': 'NFG02-11-NTW-496-8', 'product_uom_qty': 3.0, 'price_unit': 18.1374, 'sequence': 102, 'date': Timestamp('2025-11-18 00:00:00'), 'scheduled_date_orig': Timestamp('2025-11-30 00:00:00'), 'product_id': 'NFG02-11-NTW-496-8'}
2025-11-29 08:34:47,189 - INFO - Using cached product ID for code: 'NFG02-11-NTW-496-8'
2025-11-29 08:34:47,189 - INFO - Prepared product NFG02-11-NTW-496-8 with quantity 3.0 for batch creation
2025-11-29 08:34:47,189 - INFO - Move locations - Source: 4, Dest: 100
2025-11-29 08:34:47,190 - INFO - Processing Excel row 103: {'partner_id': 'MOGEN_OB', 'scheduled_date': Timestamp('2025-11-30 00:00:00'), 'picking_type_id': 'PJ01-OB', 'date_done': Timestamp('2025-11-30 00:00:00'), 'origin': 'คลังโครงการ', 'location_dest_id': 'PJ01/Stock', 'default_code': 'NRSF8-801-P003-03', 'product_uom_qty': 62.0, 'price_unit': 1.4021, 'sequence': 103, 'date': Timestamp('2025-11-18 00:00:00'), 'scheduled_date_orig': Timestamp('2025-11-30 00:00:00'), 'product_id': 'NRSF8-801-P003-03'}
2025-11-29 08:34:47,190 - INFO - Searching for product with code: 'NRSF8-801-P003-03' and old code: 'NRSF8-801-P003-03'
2025-11-29 08:34:47,472 - INFO - Found product with exact match on old_product_code: 'NRSF8-801-P003-03'
2025-11-29 08:34:47,589 - INFO - Prepared product NRSF8-801-P003-03 with quantity 62.0 for batch creation
2025-11-29 08:34:47,590 - INFO - Move locations - Source: 4, Dest: 100
2025-11-29 08:34:47,590 - INFO - Processing Excel row 104: {'partner_id': 'MOGEN_OB', 'scheduled_date': Timestamp('2025-11-30 00:00:00'), 'picking_type_id': 'PJ01-OB', 'date_done': Timestamp('2025-11-30 00:00:00'), 'origin': 'คลังโครงการ', 'location_dest_id': 'PJ01/Stock', 'default_code': 'NRSF8-801-P003-03', 'product_uom_qty': 62.0, 'price_unit': 1.4021, 'sequence': 104, 'date': Timestamp('2025-11-18 00:00:00'), 'scheduled_date_orig': Timestamp('2025-11-30 00:00:00'), 'product_id': 'NRSF8-801-P003-03'}
2025-11-29 08:34:47,591 - INFO - Using cached product ID for code: 'NRSF8-801-P003-03'
2025-11-29 08:34:47,591 - INFO - Prepared product NRSF8-801-P003-03 with quantity 62.0 for batch creation
2025-11-29 08:34:47,591 - INFO - Move locations - Source: 4, Dest: 100
2025-11-29 08:34:48,702 - INFO - Created 104 moves in batch for picking 85
2025-11-29 08:34:48,862 - INFO - Re-updated dates before confirming picking 85: 2025-11-30 00:00:00
2025-11-29 08:34:49,335 - ERROR - Failed to confirm transfer 85: <Fault 2: "The unit of measure เมตร defined on the order line doesn't belong to the same category as the unit of measure Units defined on the product. Please correct the unit of measure defined on the order line or on the product, they should belong to the same category.">
2025-11-29 08:34:49,336 - INFO - Import completed: 1 success, 0 failed.
