2025-06-25 08:36:43,312 - INFO - Successfully connected to Odoo as user ID: 2
2025-06-25 08:36:44,327 - INFO - Odoo version: 17.0.1.3
2025-06-25 08:36:44,401 - INFO - Available date fields in stock.picking: ['activity_date_deadline', 'my_activity_date_deadline', 'scheduled_date', 'date_deadline', 'date', 'date_done', 'delay_alert_date', 'create_date', 'write_date', 'date_notice', 'date_confirmed', 'operation_date']
2025-06-25 08:36:44,520 - INFO - Successfully read Excel file with 1076 rows
2025-06-25 08:36:44,520 - INFO - Excel columns: ['partner_id', 'scheduled_date', 'Delivery Orders', 'date_done', 'origin', 'location_dest_id', 'product_id', 'product_uom_qty', 'price_unit', 'sequence']
2025-06-25 08:36:44,522 - INFO - Processed sequence column
2025-06-25 08:36:44,525 - INFO - scheduled_date dtype: datetime64[ns]
2025-06-25 08:36:44,525 - INFO - scheduled_date sample: NaT
2025-06-25 08:36:44,525 - WARNING - Replaced 1076 NaN scheduled_date values with current datetime
2025-06-25 08:36:44,527 - INFO - Converted scheduled_date to string format. Sample: 2025-06-25 08:36:44
2025-06-25 08:36:44,528 - INFO - Added missing 'picking_type_id' column (source location) with default value None
2025-06-25 08:36:44,528 - INFO - Using 'origin' column to identify transfer groups
2025-06-25 08:36:44,530 - INFO - Filling missing source location with 'None' for 1076 rows in group FG10 Adjuestment
2025-06-25 08:36:44,530 - INFO - Starting to group duplicate product entries...
2025-06-25 08:36:44,531 - INFO - Grouping by columns: ['product_id', 'scheduled_date', 'location_dest_id', 'partner_id', 'origin']
2025-06-25 08:36:44,531 - INFO - Grouping DataFrame with 1076 rows
2025-06-25 08:36:44,534 - INFO - After grouping: 1076 rows
2025-06-25 08:36:44,538 - INFO - Successfully calculated weighted average prices
2025-06-25 08:36:44,538 - INFO - Grouped duplicate products: 1076 rows reduced to 1076 rows (0 duplicates merged)
2025-06-25 08:36:44,539 - INFO - Excel file validation and data filling completed successfully
2025-06-25 08:36:44,546 - INFO - No valid source location found in Excel, using default picking type: Delivery Orders
2025-06-25 08:36:44,633 - INFO - Searching for location: 'Partners/Customers'
2025-06-25 08:36:44,688 - INFO - Found customer location for 'Partners/Customers'
2025-06-25 08:36:44,884 - WARNING - Partner 'MOG FG01' not found. Creating new partner.
2025-06-25 08:36:45,256 - INFO - Created new partner 'MOG FG01' with ID 13751
2025-06-25 08:36:45,322 - INFO - Retrieved shipping information for partner: MOG FG01
2025-06-25 08:36:45,323 - INFO - Using customer location as destination for delivery to MOG FG01
2025-06-25 08:36:45,482 - INFO - Created transfer for date 2025-06-25 08:36:44 sequence 0.0 with picking ID 4951
2025-06-25 08:36:45,486 - INFO - Processing Excel row 1: {'product_id': 'NX4LG0025LR03C', 'scheduled_date': Timestamp('2025-06-25 08:36:44'), 'location_dest_id': 'Partners/Customers', 'partner_id': 'MOG FG01', 'origin': 'FG10 Adjuestment', 'product_uom_qty': 2, 'sequence': 0.0, 'price_unit': 0.0}
2025-06-25 08:36:45,486 - INFO - Searching for product with code: 'NX4LG0025LR03C' and old code: 'NX4LG0025LR03C'
2025-06-25 08:36:45,551 - INFO - Found product with exact match on default_code: 'NX4LG0025LR03C'
2025-06-25 08:36:45,713 - INFO - Added product NX4LG0025LR03C with quantity 2.0 to picking 4951
2025-06-25 08:36:45,714 - INFO - Processing Excel row 2: {'product_id': 'NX4LGU025HC19', 'scheduled_date': Timestamp('2025-06-25 08:36:44'), 'location_dest_id': 'Partners/Customers', 'partner_id': 'MOG FG01', 'origin': 'FG10 Adjuestment', 'product_uom_qty': 7, 'sequence': 0.0, 'price_unit': 0.0}
2025-06-25 08:36:45,715 - INFO - Searching for product with code: 'NX4LGU025HC19' and old code: 'NX4LGU025HC19'
2025-06-25 08:36:45,761 - INFO - Found product with exact match on default_code: 'NX4LGU025HC19'
2025-06-25 08:36:45,932 - INFO - Added product NX4LGU025HC19 with quantity 7.0 to picking 4951
2025-06-25 08:36:45,933 - INFO - Processing Excel row 3: {'product_id': 'NX4LGU050HL52', 'scheduled_date': Timestamp('2025-06-25 08:36:44'), 'location_dest_id': 'Partners/Customers', 'partner_id': 'MOG FG01', 'origin': 'FG10 Adjuestment', 'product_uom_qty': 1, 'sequence': 0.0, 'price_unit': 0.0}
2025-06-25 08:36:45,934 - INFO - Searching for product with code: 'NX4LGU050HL52' and old code: 'NX4LGU050HL52'
2025-06-25 08:36:45,988 - INFO - Found product with exact match on default_code: 'NX4LGU050HL52'
2025-06-25 08:36:46,156 - INFO - Added product NX4LGU050HL52 with quantity 1.0 to picking 4951
2025-06-25 08:36:46,157 - INFO - Processing Excel row 4: {'product_id': 'NX4LS0019LC770', 'scheduled_date': Timestamp('2025-06-25 08:36:44'), 'location_dest_id': 'Partners/Customers', 'partner_id': 'MOG FG01', 'origin': 'FG10 Adjuestment', 'product_uom_qty': 4, 'sequence': 0.0, 'price_unit': 0.0}
2025-06-25 08:36:46,158 - INFO - Searching for product with code: 'NX4LS0019LC770' and old code: 'NX4LS0019LC770'
2025-06-25 08:36:46,225 - INFO - Found product with exact match on default_code: 'NX4LS0019LC770'
2025-06-25 08:36:46,431 - INFO - Added product NX4LS0019LC770 with quantity 4.0 to picking 4951
2025-06-25 08:36:46,432 - INFO - Processing Excel row 5: {'product_id': 'NX4LS0020G5C75', 'scheduled_date': Timestamp('2025-06-25 08:36:44'), 'location_dest_id': 'Partners/Customers', 'partner_id': 'MOG FG01', 'origin': 'FG10 Adjuestment', 'product_uom_qty': 6, 'sequence': 0.0, 'price_unit': 0.0}
2025-06-25 08:36:46,432 - INFO - Searching for product with code: 'NX4LS0020G5C75' and old code: 'NX4LS0020G5C75'
2025-06-25 08:36:46,484 - INFO - Found product with exact match on default_code: 'NX4LS0020G5C75'
2025-06-25 08:36:46,665 - INFO - Added product NX4LS0020G5C75 with quantity 6.0 to picking 4951
2025-06-25 08:36:46,666 - INFO - Processing Excel row 6: {'product_id': 'NX4MC013C1039', 'scheduled_date': Timestamp('2025-06-25 08:36:44'), 'location_dest_id': 'Partners/Customers', 'partner_id': 'MOG FG01', 'origin': 'FG10 Adjuestment', 'product_uom_qty': 1, 'sequence': 0.0, 'price_unit': 0.0}
2025-06-25 08:36:46,666 - INFO - Searching for product with code: 'NX4MC013C1039' and old code: 'NX4MC013C1039'
2025-06-25 08:36:46,724 - INFO - Found product with exact match on default_code: 'NX4MC013C1039'
2025-06-25 08:36:46,960 - INFO - Added product NX4MC013C1039 with quantity 1.0 to picking 4951
2025-06-25 08:36:46,961 - INFO - Processing Excel row 7: {'product_id': 'NX4MC094310D', 'scheduled_date': Timestamp('2025-06-25 08:36:44'), 'location_dest_id': 'Partners/Customers', 'partner_id': 'MOG FG01', 'origin': 'FG10 Adjuestment', 'product_uom_qty': 1, 'sequence': 0.0, 'price_unit': 0.0}
2025-06-25 08:36:46,961 - INFO - Searching for product with code: 'NX4MC094310D' and old code: 'NX4MC094310D'
2025-06-25 08:36:47,022 - INFO - Found product with exact match on default_code: 'NX4MC094310D'
2025-06-25 08:36:47,165 - INFO - Added product NX4MC094310D with quantity 1.0 to picking 4951
2025-06-25 08:36:47,166 - INFO - Processing Excel row 8: {'product_id': 'NX4MF0005122', 'scheduled_date': Timestamp('2025-06-25 08:36:44'), 'location_dest_id': 'Partners/Customers', 'partner_id': 'MOG FG01', 'origin': 'FG10 Adjuestment', 'product_uom_qty': 8, 'sequence': 0.0, 'price_unit': 0.0}
2025-06-25 08:36:47,166 - INFO - Searching for product with code: 'NX4MF0005122' and old code: 'NX4MF0005122'
2025-06-25 08:36:47,209 - INFO - Found product with exact match on default_code: 'NX4MF0005122'
2025-06-25 08:36:47,340 - INFO - Added product NX4MF0005122 with quantity 8.0 to picking 4951
2025-06-25 08:36:47,341 - INFO - Processing Excel row 9: {'product_id': 'NX4MF0019123', 'scheduled_date': Timestamp('2025-06-25 08:36:44'), 'location_dest_id': 'Partners/Customers', 'partner_id': 'MOG FG01', 'origin': 'FG10 Adjuestment', 'product_uom_qty': 2, 'sequence': 0.0, 'price_unit': 0.0}
2025-06-25 08:36:47,341 - INFO - Searching for product with code: 'NX4MF0019123' and old code: 'NX4MF0019123'
2025-06-25 08:36:47,384 - INFO - Found product with exact match on default_code: 'NX4MF0019123'
2025-06-25 08:36:47,578 - INFO - Added product NX4MF0019123 with quantity 2.0 to picking 4951
2025-06-25 08:36:47,579 - INFO - Processing Excel row 10: {'product_id': 'NX4MF004816J', 'scheduled_date': Timestamp('2025-06-25 08:36:44'), 'location_dest_id': 'Partners/Customers', 'partner_id': 'MOG FG01', 'origin': 'FG10 Adjuestment', 'product_uom_qty': 2, 'sequence': 0.0, 'price_unit': 0.0}
2025-06-25 08:36:47,580 - INFO - Searching for product with code: 'NX4MF004816J' and old code: 'NX4MF004816J'
2025-06-25 08:36:47,633 - INFO - Found product with exact match on default_code: 'NX4MF004816J'
2025-06-25 08:36:47,819 - INFO - Added product NX4MF004816J with quantity 2.0 to picking 4951
2025-06-25 08:36:47,820 - INFO - Processing Excel row 11: {'product_id': 'NX4MF004816K', 'scheduled_date': Timestamp('2025-06-25 08:36:44'), 'location_dest_id': 'Partners/Customers', 'partner_id': 'MOG FG01', 'origin': 'FG10 Adjuestment', 'product_uom_qty': 6, 'sequence': 0.0, 'price_unit': 0.0}
2025-06-25 08:36:47,820 - INFO - Searching for product with code: 'NX4MF004816K' and old code: 'NX4MF004816K'
2025-06-25 08:36:47,867 - INFO - Found product with exact match on default_code: 'NX4MF004816K'
2025-06-25 08:36:48,059 - INFO - Added product NX4MF004816K with quantity 6.0 to picking 4951
2025-06-25 08:36:48,060 - INFO - Processing Excel row 12: {'product_id': 'NX4MF0048213', 'scheduled_date': Timestamp('2025-06-25 08:36:44'), 'location_dest_id': 'Partners/Customers', 'partner_id': 'MOG FG01', 'origin': 'FG10 Adjuestment', 'product_uom_qty': 40, 'sequence': 0.0, 'price_unit': 0.0}
2025-06-25 08:36:48,061 - INFO - Searching for product with code: 'NX4MF0048213' and old code: 'NX4MF0048213'
2025-06-25 08:36:48,116 - INFO - Found product with exact match on default_code: 'NX4MF0048213'
2025-06-25 08:36:48,271 - INFO - Added product NX4MF0048213 with quantity 40.0 to picking 4951
2025-06-25 08:36:48,272 - INFO - Processing Excel row 13: {'product_id': 'NX4MF015N152', 'scheduled_date': Timestamp('2025-06-25 08:36:44'), 'location_dest_id': 'Partners/Customers', 'partner_id': 'MOG FG01', 'origin': 'FG10 Adjuestment', 'product_uom_qty': 2, 'sequence': 0.0, 'price_unit': 0.0}
2025-06-25 08:36:48,272 - INFO - Searching for product with code: 'NX4MF015N152' and old code: 'NX4MF015N152'
2025-06-25 08:36:48,317 - INFO - Found product with exact match on default_code: 'NX4MF015N152'
2025-06-25 08:36:48,485 - INFO - Added product NX4MF015N152 with quantity 2.0 to picking 4951
2025-06-25 08:36:48,486 - INFO - Processing Excel row 14: {'product_id': 'NX4MF015R1Q4', 'scheduled_date': Timestamp('2025-06-25 08:36:44'), 'location_dest_id': 'Partners/Customers', 'partner_id': 'MOG FG01', 'origin': 'FG10 Adjuestment', 'product_uom_qty': 10, 'sequence': 0.0, 'price_unit': 0.0}
2025-06-25 08:36:48,487 - INFO - Searching for product with code: 'NX4MF015R1Q4' and old code: 'NX4MF015R1Q4'
2025-06-25 08:36:48,533 - INFO - Found product with exact match on default_code: 'NX4MF015R1Q4'
2025-06-25 08:36:48,817 - INFO - Added product NX4MF015R1Q4 with quantity 10.0 to picking 4951
2025-06-25 08:36:48,819 - INFO - Processing Excel row 15: {'product_id': 'NX4MF03414N', 'scheduled_date': Timestamp('2025-06-25 08:36:44'), 'location_dest_id': 'Partners/Customers', 'partner_id': 'MOG FG01', 'origin': 'FG10 Adjuestment', 'product_uom_qty': 2, 'sequence': 0.0, 'price_unit': 0.0}
2025-06-25 08:36:48,819 - INFO - Searching for product with code: 'NX4MF03414N' and old code: 'NX4MF03414N'
2025-06-25 08:36:48,881 - INFO - Found product with exact match on default_code: 'NX4MF03414N'
2025-06-25 08:36:49,107 - INFO - Added product NX4MF03414N with quantity 2.0 to picking 4951
2025-06-25 08:36:49,108 - INFO - Processing Excel row 16: {'product_id': 'NX4MG01HL1119', 'scheduled_date': Timestamp('2025-06-25 08:36:44'), 'location_dest_id': 'Partners/Customers', 'partner_id': 'MOG FG01', 'origin': 'FG10 Adjuestment', 'product_uom_qty': 1, 'sequence': 0.0, 'price_unit': 0.0}
2025-06-25 08:36:49,108 - INFO - Searching for product with code: 'NX4MG01HL1119' and old code: 'NX4MG01HL1119'
2025-06-25 08:36:49,163 - INFO - Found product with exact match on default_code: 'NX4MG01HL1119'
2025-06-25 08:36:49,420 - INFO - Added product NX4MG01HL1119 with quantity 1.0 to picking 4951
2025-06-25 08:36:49,421 - INFO - Processing Excel row 17: {'product_id': 'NX4MLF015253', 'scheduled_date': Timestamp('2025-06-25 08:36:44'), 'location_dest_id': 'Partners/Customers', 'partner_id': 'MOG FG01', 'origin': 'FG10 Adjuestment', 'product_uom_qty': 4, 'sequence': 0.0, 'price_unit': 0.0}
2025-06-25 08:36:49,422 - INFO - Searching for product with code: 'NX4MLF015253' and old code: 'NX4MLF015253'
2025-06-25 08:36:49,498 - INFO - Found product with exact match on default_code: 'NX4MLF015253'
2025-06-25 08:36:50,069 - INFO - Added product NX4MLF015253 with quantity 4.0 to picking 4951
2025-06-25 08:36:50,071 - INFO - Processing Excel row 18: {'product_id': 'NX4MLF034221', 'scheduled_date': Timestamp('2025-06-25 08:36:44'), 'location_dest_id': 'Partners/Customers', 'partner_id': 'MOG FG01', 'origin': 'FG10 Adjuestment', 'product_uom_qty': 1, 'sequence': 0.0, 'price_unit': 0.0}
2025-06-25 08:36:50,071 - INFO - Searching for product with code: 'NX4MLF034221' and old code: 'NX4MLF034221'
2025-06-25 08:36:50,133 - INFO - Found product with exact match on default_code: 'NX4MLF034221'
2025-06-25 08:36:50,353 - INFO - Added product NX4MLF034221 with quantity 1.0 to picking 4951
2025-06-25 08:36:50,354 - INFO - Processing Excel row 19: {'product_id': 'NX4MLF035213', 'scheduled_date': Timestamp('2025-06-25 08:36:44'), 'location_dest_id': 'Partners/Customers', 'partner_id': 'MOG FG01', 'origin': 'FG10 Adjuestment', 'product_uom_qty': 2, 'sequence': 0.0, 'price_unit': 0.0}
2025-06-25 08:36:50,354 - INFO - Searching for product with code: 'NX4MLF035213' and old code: 'NX4MLF035213'
2025-06-25 08:36:50,402 - INFO - Found product with exact match on default_code: 'NX4MLF035213'
2025-06-25 08:36:50,526 - INFO - Added product NX4MLF035213 with quantity 2.0 to picking 4951
2025-06-25 08:36:50,527 - INFO - Processing Excel row 20: {'product_id': 'NX4MLF191RN213', 'scheduled_date': Timestamp('2025-06-25 08:36:44'), 'location_dest_id': 'Partners/Customers', 'partner_id': 'MOG FG01', 'origin': 'FG10 Adjuestment', 'product_uom_qty': 2, 'sequence': 0.0, 'price_unit': 0.0}
2025-06-25 08:36:50,527 - INFO - Searching for product with code: 'NX4MLF191RN213' and old code: 'NX4MLF191RN213'
2025-06-25 08:36:50,569 - INFO - Found product with exact match on default_code: 'NX4MLF191RN213'
2025-06-25 08:36:50,691 - INFO - Added product NX4MLF191RN213 with quantity 2.0 to picking 4951
2025-06-25 08:36:50,692 - INFO - Processing Excel row 21: {'product_id': 'NX4MLF19S223', 'scheduled_date': Timestamp('2025-06-25 08:36:44'), 'location_dest_id': 'Partners/Customers', 'partner_id': 'MOG FG01', 'origin': 'FG10 Adjuestment', 'product_uom_qty': 2, 'sequence': 0.0, 'price_unit': 0.0}
2025-06-25 08:36:50,692 - INFO - Searching for product with code: 'NX4MLF19S223' and old code: 'NX4MLF19S223'
2025-06-25 08:36:50,738 - INFO - Found product with exact match on default_code: 'NX4MLF19S223'
2025-06-25 08:36:50,883 - INFO - Added product NX4MLF19S223 with quantity 2.0 to picking 4951
2025-06-25 08:36:50,884 - INFO - Processing Excel row 22: {'product_id': 'NX4MLF343252', 'scheduled_date': Timestamp('2025-06-25 08:36:44'), 'location_dest_id': 'Partners/Customers', 'partner_id': 'MOG FG01', 'origin': 'FG10 Adjuestment', 'product_uom_qty': 1, 'sequence': 0.0, 'price_unit': 0.0}
2025-06-25 08:36:50,885 - INFO - Searching for product with code: 'NX4MLF343252' and old code: 'NX4MLF343252'
2025-06-25 08:36:50,942 - INFO - Found product with exact match on default_code: 'NX4MLF343252'
2025-06-25 08:36:51,096 - INFO - Added product NX4MLF343252 with quantity 1.0 to picking 4951
2025-06-25 08:36:51,097 - INFO - Processing Excel row 23: {'product_id': 'NX4MM0068C100', 'scheduled_date': Timestamp('2025-06-25 08:36:44'), 'location_dest_id': 'Partners/Customers', 'partner_id': 'MOG FG01', 'origin': 'FG10 Adjuestment', 'product_uom_qty': 1, 'sequence': 0.0, 'price_unit': 0.0}
2025-06-25 08:36:51,098 - INFO - Searching for product with code: 'NX4MM0068C100' and old code: 'NX4MM0068C100'
2025-06-25 08:36:51,142 - INFO - Found product with exact match on default_code: 'NX4MM0068C100'
2025-06-25 08:36:51,322 - INFO - Added product NX4MM0068C100 with quantity 1.0 to picking 4951
2025-06-25 08:36:51,323 - INFO - Processing Excel row 24: {'product_id': 'NX4MM070C100', 'scheduled_date': Timestamp('2025-06-25 08:36:44'), 'location_dest_id': 'Partners/Customers', 'partner_id': 'MOG FG01', 'origin': 'FG10 Adjuestment', 'product_uom_qty': 1, 'sequence': 0.0, 'price_unit': 0.0}
2025-06-25 08:36:51,324 - INFO - Searching for product with code: 'NX4MM070C100' and old code: 'NX4MM070C100'
2025-06-25 08:36:51,375 - INFO - Found product with exact match on default_code: 'NX4MM070C100'
2025-06-25 08:36:51,580 - INFO - Added product NX4MM070C100 with quantity 1.0 to picking 4951
2025-06-25 08:36:51,582 - INFO - Processing Excel row 25: {'product_id': 'NX4MM072C100', 'scheduled_date': Timestamp('2025-06-25 08:36:44'), 'location_dest_id': 'Partners/Customers', 'partner_id': 'MOG FG01', 'origin': 'FG10 Adjuestment', 'product_uom_qty': 1, 'sequence': 0.0, 'price_unit': 0.0}
2025-06-25 08:36:51,582 - INFO - Searching for product with code: 'NX4MM072C100' and old code: 'NX4MM072C100'
2025-06-25 08:36:51,629 - INFO - Found product with exact match on default_code: 'NX4MM072C100'
2025-06-25 08:36:51,810 - INFO - Added product NX4MM072C100 with quantity 1.0 to picking 4951
2025-06-25 08:36:51,811 - INFO - Processing Excel row 26: {'product_id': 'NX4MM078C1039', 'scheduled_date': Timestamp('2025-06-25 08:36:44'), 'location_dest_id': 'Partners/Customers', 'partner_id': 'MOG FG01', 'origin': 'FG10 Adjuestment', 'product_uom_qty': 2, 'sequence': 0.0, 'price_unit': 0.0}
2025-06-25 08:36:51,811 - INFO - Searching for product with code: 'NX4MM078C1039' and old code: 'NX4MM078C1039'
2025-06-25 08:36:51,860 - INFO - Found product with exact match on default_code: 'NX4MM078C1039'
2025-06-25 08:36:52,127 - INFO - Added product NX4MM078C1039 with quantity 2.0 to picking 4951
2025-06-25 08:36:52,128 - INFO - Processing Excel row 27: {'product_id': 'NX4MM097001', 'scheduled_date': Timestamp('2025-06-25 08:36:44'), 'location_dest_id': 'Partners/Customers', 'partner_id': 'MOG FG01', 'origin': 'FG10 Adjuestment', 'product_uom_qty': 2, 'sequence': 0.0, 'price_unit': 0.0}
2025-06-25 08:36:52,129 - INFO - Searching for product with code: 'NX4MM097001' and old code: 'NX4MM097001'
2025-06-25 08:36:52,181 - INFO - Found product with exact match on default_code: 'NX4MM097001'
2025-06-25 08:36:52,361 - INFO - Added product NX4MM097001 with quantity 2.0 to picking 4951
2025-06-25 08:36:52,362 - INFO - Processing Excel row 28: {'product_id': 'NX4MM099C1000', 'scheduled_date': Timestamp('2025-06-25 08:36:44'), 'location_dest_id': 'Partners/Customers', 'partner_id': 'MOG FG01', 'origin': 'FG10 Adjuestment', 'product_uom_qty': 5, 'sequence': 0.0, 'price_unit': 0.0}
2025-06-25 08:36:52,363 - INFO - Searching for product with code: 'NX4MM099C1000' and old code: 'NX4MM099C1000'
2025-06-25 08:36:52,415 - INFO - Found product with exact match on default_code: 'NX4MM099C1000'
2025-06-25 08:36:52,691 - INFO - Added product NX4MM099C1000 with quantity 5.0 to picking 4951
2025-06-25 08:36:52,692 - INFO - Processing Excel row 29: {'product_id': 'NX4MM69C100', 'scheduled_date': Timestamp('2025-06-25 08:36:44'), 'location_dest_id': 'Partners/Customers', 'partner_id': 'MOG FG01', 'origin': 'FG10 Adjuestment', 'product_uom_qty': 1, 'sequence': 0.0, 'price_unit': 0.0}
2025-06-25 08:36:52,693 - INFO - Searching for product with code: 'NX4MM69C100' and old code: 'NX4MM69C100'
2025-06-25 08:36:52,835 - INFO - Found product with exact match on default_code: 'NX4MM69C100'
2025-06-25 08:36:53,080 - INFO - Added product NX4MM69C100 with quantity 1.0 to picking 4951
2025-06-25 08:36:53,081 - INFO - Processing Excel row 30: {'product_id': 'NX4MMU027G5C16', 'scheduled_date': Timestamp('2025-06-25 08:36:44'), 'location_dest_id': 'Partners/Customers', 'partner_id': 'MOG FG01', 'origin': 'FG10 Adjuestment', 'product_uom_qty': 1, 'sequence': 0.0, 'price_unit': 0.0}
2025-06-25 08:36:53,082 - INFO - Searching for product with code: 'NX4MMU027G5C16' and old code: 'NX4MMU027G5C16'
2025-06-25 08:36:53,125 - INFO - Found product with exact match on default_code: 'NX4MMU027G5C16'
2025-06-25 08:36:53,240 - INFO - Added product NX4MMU027G5C16 with quantity 1.0 to picking 4951
2025-06-25 08:36:53,241 - INFO - Processing Excel row 31: {'product_id': 'NX4MMU060FC11', 'scheduled_date': Timestamp('2025-06-25 08:36:44'), 'location_dest_id': 'Partners/Customers', 'partner_id': 'MOG FG01', 'origin': 'FG10 Adjuestment', 'product_uom_qty': 2, 'sequence': 0.0, 'price_unit': 0.0}
2025-06-25 08:36:53,242 - INFO - Searching for product with code: 'NX4MMU060FC11' and old code: 'NX4MMU060FC11'
2025-06-25 08:36:53,279 - INFO - Found product with exact match on default_code: 'NX4MMU060FC11'
2025-06-25 08:36:53,396 - INFO - Added product NX4MMU060FC11 with quantity 2.0 to picking 4951
2025-06-25 08:36:53,398 - INFO - Processing Excel row 32: {'product_id': 'NX4MMU120LC11', 'scheduled_date': Timestamp('2025-06-25 08:36:44'), 'location_dest_id': 'Partners/Customers', 'partner_id': 'MOG FG01', 'origin': 'FG10 Adjuestment', 'product_uom_qty': 2, 'sequence': 0.0, 'price_unit': 0.0}
2025-06-25 08:36:53,398 - INFO - Searching for product with code: 'NX4MMU120LC11' and old code: 'NX4MMU120LC11'
2025-06-25 08:36:53,438 - INFO - Found product with exact match on default_code: 'NX4MMU120LC11'
2025-06-25 08:36:53,554 - INFO - Added product NX4MMU120LC11 with quantity 2.0 to picking 4951
2025-06-25 08:36:53,556 - INFO - Processing Excel row 33: {'product_id': 'NX4MMU150OC60', 'scheduled_date': Timestamp('2025-06-25 08:36:44'), 'location_dest_id': 'Partners/Customers', 'partner_id': 'MOG FG01', 'origin': 'FG10 Adjuestment', 'product_uom_qty': 4, 'sequence': 0.0, 'price_unit': 0.0}
2025-06-25 08:36:53,556 - INFO - Searching for product with code: 'NX4MMU150OC60' and old code: 'NX4MMU150OC60'
2025-06-25 08:36:53,602 - INFO - Found product with exact match on default_code: 'NX4MMU150OC60'
2025-06-25 08:36:53,759 - INFO - Added product NX4MMU150OC60 with quantity 4.0 to picking 4951
2025-06-25 08:36:53,760 - INFO - Processing Excel row 34: {'product_id': 'NX4MR0010102', 'scheduled_date': Timestamp('2025-06-25 08:36:44'), 'location_dest_id': 'Partners/Customers', 'partner_id': 'MOG FG01', 'origin': 'FG10 Adjuestment', 'product_uom_qty': 3, 'sequence': 0.0, 'price_unit': 0.0}
2025-06-25 08:36:53,761 - INFO - Searching for product with code: 'NX4MR0010102' and old code: 'NX4MR0010102'
2025-06-25 08:36:53,819 - INFO - Found product with exact match on default_code: 'NX4MR0010102'
2025-06-25 08:36:54,061 - INFO - Added product NX4MR0010102 with quantity 3.0 to picking 4951
2025-06-25 08:36:54,063 - INFO - Processing Excel row 35: {'product_id': 'NX4MR01010D', 'scheduled_date': Timestamp('2025-06-25 08:36:44'), 'location_dest_id': 'Partners/Customers', 'partner_id': 'MOG FG01', 'origin': 'FG10 Adjuestment', 'product_uom_qty': 3, 'sequence': 0.0, 'price_unit': 0.0}
2025-06-25 08:36:54,063 - INFO - Searching for product with code: 'NX4MR01010D' and old code: 'NX4MR01010D'
2025-06-25 08:36:54,117 - INFO - Found product with exact match on default_code: 'NX4MR01010D'
2025-06-25 08:36:54,311 - INFO - Added product NX4MR01010D with quantity 3.0 to picking 4951
2025-06-25 08:36:54,312 - INFO - Processing Excel row 36: {'product_id': 'NX4MS0001111', 'scheduled_date': Timestamp('2025-06-25 08:36:44'), 'location_dest_id': 'Partners/Customers', 'partner_id': 'MOG FG01', 'origin': 'FG10 Adjuestment', 'product_uom_qty': 1, 'sequence': 0.0, 'price_unit': 0.0}
2025-06-25 08:36:54,312 - INFO - Searching for product with code: 'NX4MS0001111' and old code: 'NX4MS0001111'
2025-06-25 08:36:54,359 - INFO - Found product with exact match on default_code: 'NX4MS0001111'
2025-06-25 08:36:54,540 - INFO - Added product NX4MS0001111 with quantity 1.0 to picking 4951
2025-06-25 08:36:54,541 - INFO - Processing Excel row 37: {'product_id': 'NX500005100', 'scheduled_date': Timestamp('2025-06-25 08:36:44'), 'location_dest_id': 'Partners/Customers', 'partner_id': 'MOG FG01', 'origin': 'FG10 Adjuestment', 'product_uom_qty': 1, 'sequence': 0.0, 'price_unit': 0.0}
2025-06-25 08:36:54,542 - INFO - Searching for product with code: 'NX500005100' and old code: 'NX500005100'
2025-06-25 08:36:54,601 - INFO - Found product with exact match on default_code: 'NX500005100'
2025-06-25 08:36:54,815 - INFO - Added product NX500005100 with quantity 1.0 to picking 4951
2025-06-25 08:36:54,817 - INFO - Processing Excel row 38: {'product_id': 'NX50012F0010003', 'scheduled_date': Timestamp('2025-06-25 08:36:44'), 'location_dest_id': 'Partners/Customers', 'partner_id': 'MOG FG01', 'origin': 'FG10 Adjuestment', 'product_uom_qty': 1, 'sequence': 0.0, 'price_unit': 0.0}
2025-06-25 08:36:54,817 - INFO - Searching for product with code: 'NX50012F0010003' and old code: 'NX50012F0010003'
2025-06-25 08:36:54,873 - INFO - Found product with exact match on default_code: 'NX50012F0010003'
2025-06-25 08:36:55,045 - INFO - Added product NX50012F0010003 with quantity 1.0 to picking 4951
2025-06-25 08:36:55,046 - INFO - Processing Excel row 39: {'product_id': 'NX50021E0010001', 'scheduled_date': Timestamp('2025-06-25 08:36:44'), 'location_dest_id': 'Partners/Customers', 'partner_id': 'MOG FG01', 'origin': 'FG10 Adjuestment', 'product_uom_qty': 11, 'sequence': 0.0, 'price_unit': 0.0}
2025-06-25 08:36:55,047 - INFO - Searching for product with code: 'NX50021E0010001' and old code: 'NX50021E0010001'
2025-06-25 08:36:55,087 - INFO - Found product with exact match on default_code: 'NX50021E0010001'
2025-06-25 08:36:55,264 - INFO - Added product NX50021E0010001 with quantity 11.0 to picking 4951
2025-06-25 08:36:55,265 - INFO - Processing Excel row 40: {'product_id': 'NX50025100', 'scheduled_date': Timestamp('2025-06-25 08:36:44'), 'location_dest_id': 'Partners/Customers', 'partner_id': 'MOG FG01', 'origin': 'FG10 Adjuestment', 'product_uom_qty': 2, 'sequence': 0.0, 'price_unit': 0.0}
2025-06-25 08:36:55,266 - INFO - Searching for product with code: 'NX50025100' and old code: 'NX50025100'
2025-06-25 08:36:55,319 - INFO - Found product with exact match on default_code: 'NX50025100'
2025-06-25 08:36:55,462 - INFO - Added product NX50025100 with quantity 2.0 to picking 4951
2025-06-25 08:36:55,463 - INFO - Processing Excel row 41: {'product_id': 'NX50097E0010001', 'scheduled_date': Timestamp('2025-06-25 08:36:44'), 'location_dest_id': 'Partners/Customers', 'partner_id': 'MOG FG01', 'origin': 'FG10 Adjuestment', 'product_uom_qty': 1, 'sequence': 0.0, 'price_unit': 0.0}
2025-06-25 08:36:55,464 - INFO - Searching for product with code: 'NX50097E0010001' and old code: 'NX50097E0010001'
2025-06-25 08:36:55,500 - INFO - Found product with exact match on default_code: 'NX50097E0010001'
2025-06-25 08:36:55,614 - INFO - Added product NX50097E0010001 with quantity 1.0 to picking 4951
2025-06-25 08:36:55,615 - INFO - Processing Excel row 42: {'product_id': 'NX52119MH010000', 'scheduled_date': Timestamp('2025-06-25 08:36:44'), 'location_dest_id': 'Partners/Customers', 'partner_id': 'MOG FG01', 'origin': 'FG10 Adjuestment', 'product_uom_qty': 1, 'sequence': 0.0, 'price_unit': 0.0}
2025-06-25 08:36:55,616 - INFO - Searching for product with code: 'NX52119MH010000' and old code: 'NX52119MH010000'
2025-06-25 08:36:55,655 - INFO - Found product with exact match on default_code: 'NX52119MH010000'
2025-06-25 08:36:55,774 - INFO - Added product NX52119MH010000 with quantity 1.0 to picking 4951
2025-06-25 08:36:55,775 - INFO - Processing Excel row 43: {'product_id': 'NX5AC0003100', 'scheduled_date': Timestamp('2025-06-25 08:36:44'), 'location_dest_id': 'Partners/Customers', 'partner_id': 'MOG FG01', 'origin': 'FG10 Adjuestment', 'product_uom_qty': 3, 'sequence': 0.0, 'price_unit': 0.0}
2025-06-25 08:36:55,776 - INFO - Searching for product with code: 'NX5AC0003100' and old code: 'NX5AC0003100'
2025-06-25 08:36:55,818 - INFO - Found product with exact match on default_code: 'NX5AC0003100'
2025-06-25 08:36:55,972 - INFO - Added product NX5AC0003100 with quantity 3.0 to picking 4951
2025-06-25 08:36:55,973 - INFO - Processing Excel row 44: {'product_id': 'NX5AC0011100', 'scheduled_date': Timestamp('2025-06-25 08:36:44'), 'location_dest_id': 'Partners/Customers', 'partner_id': 'MOG FG01', 'origin': 'FG10 Adjuestment', 'product_uom_qty': 1, 'sequence': 0.0, 'price_unit': 0.0}
2025-06-25 08:36:55,974 - INFO - Searching for product with code: 'NX5AC0011100' and old code: 'NX5AC0011100'
2025-06-25 08:36:56,021 - INFO - Found product with exact match on default_code: 'NX5AC0011100'
2025-06-25 08:36:56,215 - INFO - Added product NX5AC0011100 with quantity 1.0 to picking 4951
2025-06-25 08:36:56,216 - INFO - Processing Excel row 45: {'product_id': 'NX5AC0014100', 'scheduled_date': Timestamp('2025-06-25 08:36:44'), 'location_dest_id': 'Partners/Customers', 'partner_id': 'MOG FG01', 'origin': 'FG10 Adjuestment', 'product_uom_qty': 4, 'sequence': 0.0, 'price_unit': 0.0}
2025-06-25 08:36:56,217 - INFO - Searching for product with code: 'NX5AC0014100' and old code: 'NX5AC0014100'
2025-06-25 08:36:56,267 - INFO - Found product with exact match on default_code: 'NX5AC0014100'
2025-06-25 08:36:56,460 - INFO - Added product NX5AC0014100 with quantity 4.0 to picking 4951
2025-06-25 08:36:56,461 - INFO - Processing Excel row 46: {'product_id': 'NX5AC0023100', 'scheduled_date': Timestamp('2025-06-25 08:36:44'), 'location_dest_id': 'Partners/Customers', 'partner_id': 'MOG FG01', 'origin': 'FG10 Adjuestment', 'product_uom_qty': 1, 'sequence': 0.0, 'price_unit': 0.0}
2025-06-25 08:36:56,461 - INFO - Searching for product with code: 'NX5AC0023100' and old code: 'NX5AC0023100'
2025-06-25 08:36:56,512 - INFO - Found product with exact match on default_code: 'NX5AC0023100'
2025-06-25 08:36:56,712 - INFO - Added product NX5AC0023100 with quantity 1.0 to picking 4951
2025-06-25 08:36:56,714 - INFO - Processing Excel row 47: {'product_id': 'NX5AC0051101', 'scheduled_date': Timestamp('2025-06-25 08:36:44'), 'location_dest_id': 'Partners/Customers', 'partner_id': 'MOG FG01', 'origin': 'FG10 Adjuestment', 'product_uom_qty': 1, 'sequence': 0.0, 'price_unit': 0.0}
2025-06-25 08:36:56,714 - INFO - Searching for product with code: 'NX5AC0051101' and old code: 'NX5AC0051101'
2025-06-25 08:36:56,776 - INFO - Found product with exact match on default_code: 'NX5AC0051101'
2025-06-25 08:36:56,981 - INFO - Added product NX5AC0051101 with quantity 1.0 to picking 4951
2025-06-25 08:36:56,982 - INFO - Processing Excel row 48: {'product_id': 'NX5AC0053101', 'scheduled_date': Timestamp('2025-06-25 08:36:44'), 'location_dest_id': 'Partners/Customers', 'partner_id': 'MOG FG01', 'origin': 'FG10 Adjuestment', 'product_uom_qty': 2, 'sequence': 0.0, 'price_unit': 0.0}
2025-06-25 08:36:56,982 - INFO - Searching for product with code: 'NX5AC0053101' and old code: 'NX5AC0053101'
2025-06-25 08:36:57,033 - INFO - Found product with exact match on default_code: 'NX5AC0053101'
2025-06-25 08:36:57,228 - INFO - Added product NX5AC0053101 with quantity 2.0 to picking 4951
2025-06-25 08:36:57,229 - INFO - Processing Excel row 49: {'product_id': 'NX5AC0063101', 'scheduled_date': Timestamp('2025-06-25 08:36:44'), 'location_dest_id': 'Partners/Customers', 'partner_id': 'MOG FG01', 'origin': 'FG10 Adjuestment', 'product_uom_qty': 4, 'sequence': 0.0, 'price_unit': 0.0}
2025-06-25 08:36:57,230 - INFO - Searching for product with code: 'NX5AC0063101' and old code: 'NX5AC0063101'
2025-06-25 08:36:57,275 - INFO - Found product with exact match on default_code: 'NX5AC0063101'
2025-06-25 08:36:57,405 - INFO - Added product NX5AC0063101 with quantity 4.0 to picking 4951
2025-06-25 08:36:57,406 - INFO - Processing Excel row 50: {'product_id': 'NX5ACA0411100', 'scheduled_date': Timestamp('2025-06-25 08:36:44'), 'location_dest_id': 'Partners/Customers', 'partner_id': 'MOG FG01', 'origin': 'FG10 Adjuestment', 'product_uom_qty': 2, 'sequence': 0.0, 'price_unit': 0.0}
2025-06-25 08:36:57,406 - INFO - Searching for product with code: 'NX5ACA0411100' and old code: 'NX5ACA0411100'
2025-06-25 08:36:57,458 - INFO - Found product with exact match on default_code: 'NX5ACA0411100'
2025-06-25 08:36:57,649 - INFO - Added product NX5ACA0411100 with quantity 2.0 to picking 4951
2025-06-25 08:36:57,650 - INFO - Processing Excel row 51: {'product_id': 'NX5ACS0002100', 'scheduled_date': Timestamp('2025-06-25 08:36:44'), 'location_dest_id': 'Partners/Customers', 'partner_id': 'MOG FG01', 'origin': 'FG10 Adjuestment', 'product_uom_qty': 3, 'sequence': 0.0, 'price_unit': 0.0}
2025-06-25 08:36:57,650 - INFO - Searching for product with code: 'NX5ACS0002100' and old code: 'NX5ACS0002100'
2025-06-25 08:36:57,711 - INFO - Found product with exact match on default_code: 'NX5ACS0002100'
2025-06-25 08:36:57,946 - INFO - Added product NX5ACS0002100 with quantity 3.0 to picking 4951
2025-06-25 08:36:57,947 - INFO - Processing Excel row 52: {'product_id': 'NX5ACS0021100', 'scheduled_date': Timestamp('2025-06-25 08:36:44'), 'location_dest_id': 'Partners/Customers', 'partner_id': 'MOG FG01', 'origin': 'FG10 Adjuestment', 'product_uom_qty': 1, 'sequence': 0.0, 'price_unit': 0.0}
2025-06-25 08:36:57,948 - INFO - Searching for product with code: 'NX5ACS0021100' and old code: 'NX5ACS0021100'
2025-06-25 08:36:58,006 - INFO - Found product with exact match on default_code: 'NX5ACS0021100'
2025-06-25 08:36:58,207 - INFO - Added product NX5ACS0021100 with quantity 1.0 to picking 4951
2025-06-25 08:36:58,208 - INFO - Processing Excel row 53: {'product_id': 'NX5ACS003110A', 'scheduled_date': Timestamp('2025-06-25 08:36:44'), 'location_dest_id': 'Partners/Customers', 'partner_id': 'MOG FG01', 'origin': 'FG10 Adjuestment', 'product_uom_qty': 2, 'sequence': 0.0, 'price_unit': 0.0}
2025-06-25 08:36:58,208 - INFO - Searching for product with code: 'NX5ACS003110A' and old code: 'NX5ACS003110A'
2025-06-25 08:36:58,252 - INFO - Found product with exact match on default_code: 'NX5ACS003110A'
2025-06-25 08:36:58,435 - INFO - Added product NX5ACS003110A with quantity 2.0 to picking 4951
2025-06-25 08:36:58,436 - INFO - Processing Excel row 54: {'product_id': 'NX5ACS0042100', 'scheduled_date': Timestamp('2025-06-25 08:36:44'), 'location_dest_id': 'Partners/Customers', 'partner_id': 'MOG FG01', 'origin': 'FG10 Adjuestment', 'product_uom_qty': 4, 'sequence': 0.0, 'price_unit': 0.0}
2025-06-25 08:36:58,437 - INFO - Searching for product with code: 'NX5ACS0042100' and old code: 'NX5ACS0042100'
2025-06-25 08:36:58,489 - INFO - Found product with exact match on default_code: 'NX5ACS0042100'
2025-06-25 08:36:58,675 - INFO - Added product NX5ACS0042100 with quantity 4.0 to picking 4951
2025-06-25 08:36:58,676 - INFO - Processing Excel row 55: {'product_id': 'NX5ACS004410B', 'scheduled_date': Timestamp('2025-06-25 08:36:44'), 'location_dest_id': 'Partners/Customers', 'partner_id': 'MOG FG01', 'origin': 'FG10 Adjuestment', 'product_uom_qty': 3, 'sequence': 0.0, 'price_unit': 0.0}
2025-06-25 08:36:58,677 - INFO - Searching for product with code: 'NX5ACS004410B' and old code: 'NX5ACS004410B'
2025-06-25 08:36:58,723 - INFO - Found product with exact match on default_code: 'NX5ACS004410B'
2025-06-25 08:36:58,840 - INFO - Added product NX5ACS004410B with quantity 3.0 to picking 4951
2025-06-25 08:36:58,841 - INFO - Processing Excel row 56: {'product_id': 'NX5ACS004410C', 'scheduled_date': Timestamp('2025-06-25 08:36:44'), 'location_dest_id': 'Partners/Customers', 'partner_id': 'MOG FG01', 'origin': 'FG10 Adjuestment', 'product_uom_qty': 1, 'sequence': 0.0, 'price_unit': 0.0}
2025-06-25 08:36:58,842 - INFO - Searching for product with code: 'NX5ACS004410C' and old code: 'NX5ACS004410C'
2025-06-25 08:36:58,881 - INFO - Found product with exact match on default_code: 'NX5ACS004410C'
2025-06-25 08:36:59,030 - INFO - Added product NX5ACS004410C with quantity 1.0 to picking 4951
2025-06-25 08:36:59,031 - INFO - Processing Excel row 57: {'product_id': 'NX5ACS004410D', 'scheduled_date': Timestamp('2025-06-25 08:36:44'), 'location_dest_id': 'Partners/Customers', 'partner_id': 'MOG FG01', 'origin': 'FG10 Adjuestment', 'product_uom_qty': 1, 'sequence': 0.0, 'price_unit': 0.0}
2025-06-25 08:36:59,031 - INFO - Searching for product with code: 'NX5ACS004410D' and old code: 'NX5ACS004410D'
2025-06-25 08:36:59,072 - INFO - Found product with exact match on default_code: 'NX5ACS004410D'
2025-06-25 08:36:59,197 - INFO - Added product NX5ACS004410D with quantity 1.0 to picking 4951
2025-06-25 08:36:59,198 - INFO - Processing Excel row 58: {'product_id': 'NX5ACS0048120', 'scheduled_date': Timestamp('2025-06-25 08:36:44'), 'location_dest_id': 'Partners/Customers', 'partner_id': 'MOG FG01', 'origin': 'FG10 Adjuestment', 'product_uom_qty': 3, 'sequence': 0.0, 'price_unit': 0.0}
2025-06-25 08:36:59,198 - INFO - Searching for product with code: 'NX5ACS0048120' and old code: 'NX5ACS0048120'
2025-06-25 08:36:59,239 - INFO - Found product with exact match on default_code: 'NX5ACS0048120'
2025-06-25 08:36:59,362 - INFO - Added product NX5ACS0048120 with quantity 3.0 to picking 4951
2025-06-25 08:36:59,363 - INFO - Processing Excel row 59: {'product_id': 'NX5ACS0054100', 'scheduled_date': Timestamp('2025-06-25 08:36:44'), 'location_dest_id': 'Partners/Customers', 'partner_id': 'MOG FG01', 'origin': 'FG10 Adjuestment', 'product_uom_qty': 1, 'sequence': 0.0, 'price_unit': 0.0}
2025-06-25 08:36:59,363 - INFO - Searching for product with code: 'NX5ACS0054100' and old code: 'NX5ACS0054100'
2025-06-25 08:36:59,411 - INFO - Found product with exact match on default_code: 'NX5ACS0054100'
2025-06-25 08:36:59,586 - INFO - Added product NX5ACS0054100 with quantity 1.0 to picking 4951
2025-06-25 08:36:59,588 - INFO - Processing Excel row 60: {'product_id': 'NX5ACS042100', 'scheduled_date': Timestamp('2025-06-25 08:36:44'), 'location_dest_id': 'Partners/Customers', 'partner_id': 'MOG FG01', 'origin': 'FG10 Adjuestment', 'product_uom_qty': 3, 'sequence': 0.0, 'price_unit': 0.0}
2025-06-25 08:36:59,588 - INFO - Searching for product with code: 'NX5ACS042100' and old code: 'NX5ACS042100'
2025-06-25 08:36:59,652 - INFO - Found product with exact match on default_code: 'NX5ACS042100'
2025-06-25 08:36:59,879 - INFO - Added product NX5ACS042100 with quantity 3.0 to picking 4951
2025-06-25 08:36:59,880 - INFO - Processing Excel row 61: {'product_id': 'NX5ACS044100', 'scheduled_date': Timestamp('2025-06-25 08:36:44'), 'location_dest_id': 'Partners/Customers', 'partner_id': 'MOG FG01', 'origin': 'FG10 Adjuestment', 'product_uom_qty': 2, 'sequence': 0.0, 'price_unit': 0.0}
2025-06-25 08:36:59,881 - INFO - Searching for product with code: 'NX5ACS044100' and old code: 'NX5ACS044100'
2025-06-25 08:36:59,947 - INFO - Found product with exact match on default_code: 'NX5ACS044100'
2025-06-25 08:37:00,175 - INFO - Added product NX5ACS044100 with quantity 2.0 to picking 4951
2025-06-25 08:37:00,177 - INFO - Processing Excel row 62: {'product_id': 'NX5ACS047100', 'scheduled_date': Timestamp('2025-06-25 08:36:44'), 'location_dest_id': 'Partners/Customers', 'partner_id': 'MOG FG01', 'origin': 'FG10 Adjuestment', 'product_uom_qty': 1, 'sequence': 0.0, 'price_unit': 0.0}
2025-06-25 08:37:00,177 - INFO - Searching for product with code: 'NX5ACS047100' and old code: 'NX5ACS047100'
2025-06-25 08:37:00,231 - INFO - Found product with exact match on default_code: 'NX5ACS047100'
2025-06-25 08:37:00,512 - INFO - Added product NX5ACS047100 with quantity 1.0 to picking 4951
2025-06-25 08:37:00,512 - INFO - Processing Excel row 63: {'product_id': 'NX5ACS0481120', 'scheduled_date': Timestamp('2025-06-25 08:36:44'), 'location_dest_id': 'Partners/Customers', 'partner_id': 'MOG FG01', 'origin': 'FG10 Adjuestment', 'product_uom_qty': 2, 'sequence': 0.0, 'price_unit': 0.0}
2025-06-25 08:37:00,513 - INFO - Searching for product with code: 'NX5ACS0481120' and old code: 'NX5ACS0481120'
2025-06-25 08:37:00,555 - INFO - Found product with exact match on default_code: 'NX5ACS0481120'
2025-06-25 08:37:00,694 - INFO - Added product NX5ACS0481120 with quantity 2.0 to picking 4951
2025-06-25 08:37:00,695 - INFO - Processing Excel row 64: {'product_id': 'NX5ACS0541100', 'scheduled_date': Timestamp('2025-06-25 08:36:44'), 'location_dest_id': 'Partners/Customers', 'partner_id': 'MOG FG01', 'origin': 'FG10 Adjuestment', 'product_uom_qty': 1, 'sequence': 0.0, 'price_unit': 0.0}
2025-06-25 08:37:00,695 - INFO - Searching for product with code: 'NX5ACS0541100' and old code: 'NX5ACS0541100'
2025-06-25 08:37:00,738 - INFO - Found product with exact match on default_code: 'NX5ACS0541100'
2025-06-25 08:37:00,894 - INFO - Added product NX5ACS0541100 with quantity 1.0 to picking 4951
2025-06-25 08:37:00,895 - INFO - Processing Excel row 65: {'product_id': 'NX5ACS43R100', 'scheduled_date': Timestamp('2025-06-25 08:36:44'), 'location_dest_id': 'Partners/Customers', 'partner_id': 'MOG FG01', 'origin': 'FG10 Adjuestment', 'product_uom_qty': 1, 'sequence': 0.0, 'price_unit': 0.0}
2025-06-25 08:37:00,895 - INFO - Searching for product with code: 'NX5ACS43R100' and old code: 'NX5ACS43R100'
2025-06-25 08:37:00,944 - INFO - Found product with exact match on default_code: 'NX5ACS43R100'
2025-06-25 08:37:01,114 - INFO - Added product NX5ACS43R100 with quantity 1.0 to picking 4951
2025-06-25 08:37:01,115 - INFO - Processing Excel row 66: {'product_id': 'NX5ACS44L100', 'scheduled_date': Timestamp('2025-06-25 08:36:44'), 'location_dest_id': 'Partners/Customers', 'partner_id': 'MOG FG01', 'origin': 'FG10 Adjuestment', 'product_uom_qty': 2, 'sequence': 0.0, 'price_unit': 0.0}
2025-06-25 08:37:01,116 - INFO - Searching for product with code: 'NX5ACS44L100' and old code: 'NX5ACS44L100'
2025-06-25 08:37:01,165 - INFO - Found product with exact match on default_code: 'NX5ACS44L100'
2025-06-25 08:37:01,371 - INFO - Added product NX5ACS44L100 with quantity 2.0 to picking 4951
2025-06-25 08:37:01,372 - INFO - Processing Excel row 67: {'product_id': 'NX5ACS451100', 'scheduled_date': Timestamp('2025-06-25 08:36:44'), 'location_dest_id': 'Partners/Customers', 'partner_id': 'MOG FG01', 'origin': 'FG10 Adjuestment', 'product_uom_qty': 1, 'sequence': 0.0, 'price_unit': 0.0}
2025-06-25 08:37:01,372 - INFO - Searching for product with code: 'NX5ACS451100' and old code: 'NX5ACS451100'
2025-06-25 08:37:01,416 - INFO - Found product with exact match on default_code: 'NX5ACS451100'
2025-06-25 08:37:01,544 - INFO - Added product NX5ACS451100 with quantity 1.0 to picking 4951
2025-06-25 08:37:01,546 - INFO - Processing Excel row 68: {'product_id': 'NX5ACS452100', 'scheduled_date': Timestamp('2025-06-25 08:36:44'), 'location_dest_id': 'Partners/Customers', 'partner_id': 'MOG FG01', 'origin': 'FG10 Adjuestment', 'product_uom_qty': 1, 'sequence': 0.0, 'price_unit': 0.0}
2025-06-25 08:37:01,546 - INFO - Searching for product with code: 'NX5ACS452100' and old code: 'NX5ACS452100'
2025-06-25 08:37:01,585 - INFO - Found product with exact match on default_code: 'NX5ACS452100'
2025-06-25 08:37:01,739 - INFO - Added product NX5ACS452100 with quantity 1.0 to picking 4951
2025-06-25 08:37:01,741 - INFO - Processing Excel row 69: {'product_id': 'NX5ACS465100', 'scheduled_date': Timestamp('2025-06-25 08:36:44'), 'location_dest_id': 'Partners/Customers', 'partner_id': 'MOG FG01', 'origin': 'FG10 Adjuestment', 'product_uom_qty': 1, 'sequence': 0.0, 'price_unit': 0.0}
2025-06-25 08:37:01,741 - INFO - Searching for product with code: 'NX5ACS465100' and old code: 'NX5ACS465100'
2025-06-25 08:37:01,794 - INFO - Found product with exact match on default_code: 'NX5ACS465100'
2025-06-25 08:37:01,985 - INFO - Added product NX5ACS465100 with quantity 1.0 to picking 4951
2025-06-25 08:37:01,986 - INFO - Processing Excel row 70: {'product_id': 'NX5ACS4825120', 'scheduled_date': Timestamp('2025-06-25 08:36:44'), 'location_dest_id': 'Partners/Customers', 'partner_id': 'MOG FG01', 'origin': 'FG10 Adjuestment', 'product_uom_qty': 6, 'sequence': 0.0, 'price_unit': 0.0}
2025-06-25 08:37:01,986 - INFO - Searching for product with code: 'NX5ACS4825120' and old code: 'NX5ACS4825120'
2025-06-25 08:37:02,047 - INFO - Found product with exact match on default_code: 'NX5ACS4825120'
2025-06-25 08:37:02,206 - INFO - Added product NX5ACS4825120 with quantity 6.0 to picking 4951
2025-06-25 08:37:02,208 - INFO - Processing Excel row 71: {'product_id': 'NX5ACS4825SP120', 'scheduled_date': Timestamp('2025-06-25 08:36:44'), 'location_dest_id': 'Partners/Customers', 'partner_id': 'MOG FG01', 'origin': 'FG10 Adjuestment', 'product_uom_qty': 1, 'sequence': 0.0, 'price_unit': 0.0}
2025-06-25 08:37:02,208 - INFO - Searching for product with code: 'NX5ACS4825SP120' and old code: 'NX5ACS4825SP120'
2025-06-25 08:37:02,249 - INFO - Found product with exact match on default_code: 'NX5ACS4825SP120'
2025-06-25 08:37:02,411 - INFO - Added product NX5ACS4825SP120 with quantity 1.0 to picking 4951
2025-06-25 08:37:02,412 - INFO - Processing Excel row 72: {'product_id': 'NX5ACS4860120', 'scheduled_date': Timestamp('2025-06-25 08:36:44'), 'location_dest_id': 'Partners/Customers', 'partner_id': 'MOG FG01', 'origin': 'FG10 Adjuestment', 'product_uom_qty': 3, 'sequence': 0.0, 'price_unit': 0.0}
2025-06-25 08:37:02,412 - INFO - Searching for product with code: 'NX5ACS4860120' and old code: 'NX5ACS4860120'
2025-06-25 08:37:02,466 - INFO - Found product with exact match on default_code: 'NX5ACS4860120'
2025-06-25 08:37:02,595 - INFO - Added product NX5ACS4860120 with quantity 3.0 to picking 4951
2025-06-25 08:37:02,596 - INFO - Processing Excel row 73: {'product_id': 'NX5ERS0007100', 'scheduled_date': Timestamp('2025-06-25 08:36:44'), 'location_dest_id': 'Partners/Customers', 'partner_id': 'MOG FG01', 'origin': 'FG10 Adjuestment', 'product_uom_qty': 1, 'sequence': 0.0, 'price_unit': 0.0}
2025-06-25 08:37:02,596 - INFO - Searching for product with code: 'NX5ERS0007100' and old code: 'NX5ERS0007100'
2025-06-25 08:37:02,639 - INFO - Found product with exact match on default_code: 'NX5ERS0007100'
2025-06-25 08:37:02,768 - INFO - Added product NX5ERS0007100 with quantity 1.0 to picking 4951
2025-06-25 08:37:02,770 - INFO - Processing Excel row 74: {'product_id': 'NX5ERS0008100', 'scheduled_date': Timestamp('2025-06-25 08:36:44'), 'location_dest_id': 'Partners/Customers', 'partner_id': 'MOG FG01', 'origin': 'FG10 Adjuestment', 'product_uom_qty': 1, 'sequence': 0.0, 'price_unit': 0.0}
2025-06-25 08:37:02,770 - INFO - Searching for product with code: 'NX5ERS0008100' and old code: 'NX5ERS0008100'
2025-06-25 08:37:02,822 - INFO - Found product with exact match on default_code: 'NX5ERS0008100'
2025-06-25 08:37:03,030 - INFO - Added product NX5ERS0008100 with quantity 1.0 to picking 4951
2025-06-25 08:37:03,031 - INFO - Processing Excel row 75: {'product_id': 'NX5ERS0011100', 'scheduled_date': Timestamp('2025-06-25 08:36:44'), 'location_dest_id': 'Partners/Customers', 'partner_id': 'MOG FG01', 'origin': 'FG10 Adjuestment', 'product_uom_qty': 1, 'sequence': 0.0, 'price_unit': 0.0}
2025-06-25 08:37:03,031 - INFO - Searching for product with code: 'NX5ERS0011100' and old code: 'NX5ERS0011100'
2025-06-25 08:37:03,091 - INFO - Found product with exact match on default_code: 'NX5ERS0011100'
2025-06-25 08:37:03,262 - INFO - Added product NX5ERS0011100 with quantity 1.0 to picking 4951
2025-06-25 08:37:03,264 - INFO - Processing Excel row 76: {'product_id': 'NX5ERS0016100', 'scheduled_date': Timestamp('2025-06-25 08:36:44'), 'location_dest_id': 'Partners/Customers', 'partner_id': 'MOG FG01', 'origin': 'FG10 Adjuestment', 'product_uom_qty': 1, 'sequence': 0.0, 'price_unit': 0.0}
2025-06-25 08:37:03,264 - INFO - Searching for product with code: 'NX5ERS0016100' and old code: 'NX5ERS0016100'
2025-06-25 08:37:03,322 - INFO - Found product with exact match on default_code: 'NX5ERS0016100'
2025-06-25 08:37:03,482 - INFO - Added product NX5ERS0016100 with quantity 1.0 to picking 4951
2025-06-25 08:37:03,483 - INFO - Processing Excel row 77: {'product_id': 'NX5ERS0018100', 'scheduled_date': Timestamp('2025-06-25 08:36:44'), 'location_dest_id': 'Partners/Customers', 'partner_id': 'MOG FG01', 'origin': 'FG10 Adjuestment', 'product_uom_qty': 1, 'sequence': 0.0, 'price_unit': 0.0}
2025-06-25 08:37:03,483 - INFO - Searching for product with code: 'NX5ERS0018100' and old code: 'NX5ERS0018100'
2025-06-25 08:37:03,528 - INFO - Found product with exact match on default_code: 'NX5ERS0018100'
2025-06-25 08:37:03,734 - INFO - Added product NX5ERS0018100 with quantity 1.0 to picking 4951
2025-06-25 08:37:03,735 - INFO - Processing Excel row 78: {'product_id': 'NX5ERS0024110', 'scheduled_date': Timestamp('2025-06-25 08:36:44'), 'location_dest_id': 'Partners/Customers', 'partner_id': 'MOG FG01', 'origin': 'FG10 Adjuestment', 'product_uom_qty': 2, 'sequence': 0.0, 'price_unit': 0.0}
2025-06-25 08:37:03,735 - INFO - Searching for product with code: 'NX5ERS0024110' and old code: 'NX5ERS0024110'
2025-06-25 08:37:03,828 - INFO - Found product with exact match on default_code: 'NX5ERS0024110'
2025-06-25 08:37:04,302 - INFO - Added product NX5ERS0024110 with quantity 2.0 to picking 4951
2025-06-25 08:37:04,303 - INFO - Processing Excel row 79: {'product_id': 'NX5ERS0028120', 'scheduled_date': Timestamp('2025-06-25 08:36:44'), 'location_dest_id': 'Partners/Customers', 'partner_id': 'MOG FG01', 'origin': 'FG10 Adjuestment', 'product_uom_qty': 1, 'sequence': 0.0, 'price_unit': 0.0}
2025-06-25 08:37:04,303 - INFO - Searching for product with code: 'NX5ERS0028120' and old code: 'NX5ERS0028120'
2025-06-25 08:37:04,407 - INFO - Found product with exact match on default_code: 'NX5ERS0028120'
2025-06-25 08:37:05,223 - INFO - Added product NX5ERS0028120 with quantity 1.0 to picking 4951
2025-06-25 08:37:05,225 - INFO - Processing Excel row 80: {'product_id': 'NX5ERS0033100', 'scheduled_date': Timestamp('2025-06-25 08:36:44'), 'location_dest_id': 'Partners/Customers', 'partner_id': 'MOG FG01', 'origin': 'FG10 Adjuestment', 'product_uom_qty': 1, 'sequence': 0.0, 'price_unit': 0.0}
2025-06-25 08:37:05,225 - INFO - Searching for product with code: 'NX5ERS0033100' and old code: 'NX5ERS0033100'
2025-06-25 08:37:05,299 - INFO - Found product with exact match on default_code: 'NX5ERS0033100'
2025-06-25 08:37:05,597 - INFO - Added product NX5ERS0033100 with quantity 1.0 to picking 4951
2025-06-25 08:37:05,598 - INFO - Processing Excel row 81: {'product_id': 'NX5ERS0035110', 'scheduled_date': Timestamp('2025-06-25 08:36:44'), 'location_dest_id': 'Partners/Customers', 'partner_id': 'MOG FG01', 'origin': 'FG10 Adjuestment', 'product_uom_qty': 1, 'sequence': 0.0, 'price_unit': 0.0}
2025-06-25 08:37:05,598 - INFO - Searching for product with code: 'NX5ERS0035110' and old code: 'NX5ERS0035110'
2025-06-25 08:37:05,644 - INFO - Found product with exact match on default_code: 'NX5ERS0035110'
2025-06-25 08:37:05,895 - INFO - Added product NX5ERS0035110 with quantity 1.0 to picking 4951
2025-06-25 08:37:05,896 - INFO - Processing Excel row 82: {'product_id': 'NX5ESA0001110', 'scheduled_date': Timestamp('2025-06-25 08:36:44'), 'location_dest_id': 'Partners/Customers', 'partner_id': 'MOG FG01', 'origin': 'FG10 Adjuestment', 'product_uom_qty': 2, 'sequence': 0.0, 'price_unit': 0.0}
2025-06-25 08:37:05,896 - INFO - Searching for product with code: 'NX5ESA0001110' and old code: 'NX5ESA0001110'
2025-06-25 08:37:05,944 - INFO - Found product with exact match on default_code: 'NX5ESA0001110'
2025-06-25 08:37:06,088 - INFO - Added product NX5ESA0001110 with quantity 2.0 to picking 4951
2025-06-25 08:37:06,089 - INFO - Processing Excel row 83: {'product_id': 'NX5ESA0003110', 'scheduled_date': Timestamp('2025-06-25 08:36:44'), 'location_dest_id': 'Partners/Customers', 'partner_id': 'MOG FG01', 'origin': 'FG10 Adjuestment', 'product_uom_qty': 1, 'sequence': 0.0, 'price_unit': 0.0}
2025-06-25 08:37:06,089 - INFO - Searching for product with code: 'NX5ESA0003110' and old code: 'NX5ESA0003110'
2025-06-25 08:37:06,130 - INFO - Found product with exact match on default_code: 'NX5ESA0003110'
2025-06-25 08:37:06,261 - INFO - Added product NX5ESA0003110 with quantity 1.0 to picking 4951
2025-06-25 08:37:06,263 - INFO - Processing Excel row 84: {'product_id': 'NX5FCA0001100', 'scheduled_date': Timestamp('2025-06-25 08:36:44'), 'location_dest_id': 'Partners/Customers', 'partner_id': 'MOG FG01', 'origin': 'FG10 Adjuestment', 'product_uom_qty': 4, 'sequence': 0.0, 'price_unit': 0.0}
2025-06-25 08:37:06,263 - INFO - Searching for product with code: 'NX5FCA0001100' and old code: 'NX5FCA0001100'
2025-06-25 08:37:06,312 - INFO - Found product with exact match on default_code: 'NX5FCA0001100'
2025-06-25 08:37:06,461 - INFO - Added product NX5FCA0001100 with quantity 4.0 to picking 4951
2025-06-25 08:37:06,462 - INFO - Processing Excel row 85: {'product_id': 'NX5FCA0003100', 'scheduled_date': Timestamp('2025-06-25 08:36:44'), 'location_dest_id': 'Partners/Customers', 'partner_id': 'MOG FG01', 'origin': 'FG10 Adjuestment', 'product_uom_qty': 1, 'sequence': 0.0, 'price_unit': 0.0}
2025-06-25 08:37:06,462 - INFO - Searching for product with code: 'NX5FCA0003100' and old code: 'NX5FCA0003100'
2025-06-25 08:37:06,509 - INFO - Found product with exact match on default_code: 'NX5FCA0003100'
2025-06-25 08:37:06,702 - INFO - Added product NX5FCA0003100 with quantity 1.0 to picking 4951
2025-06-25 08:37:06,703 - INFO - Processing Excel row 86: {'product_id': 'NX5FCA0005100', 'scheduled_date': Timestamp('2025-06-25 08:36:44'), 'location_dest_id': 'Partners/Customers', 'partner_id': 'MOG FG01', 'origin': 'FG10 Adjuestment', 'product_uom_qty': 10, 'sequence': 0.0, 'price_unit': 0.0}
2025-06-25 08:37:06,703 - INFO - Searching for product with code: 'NX5FCA0005100' and old code: 'NX5FCA0005100'
2025-06-25 08:37:06,761 - INFO - Found product with exact match on default_code: 'NX5FCA0005100'
2025-06-25 08:37:06,980 - INFO - Added product NX5FCA0005100 with quantity 10.0 to picking 4951
2025-06-25 08:37:06,981 - INFO - Processing Excel row 87: {'product_id': 'NX5FCA0006100', 'scheduled_date': Timestamp('2025-06-25 08:36:44'), 'location_dest_id': 'Partners/Customers', 'partner_id': 'MOG FG01', 'origin': 'FG10 Adjuestment', 'product_uom_qty': 4, 'sequence': 0.0, 'price_unit': 0.0}
2025-06-25 08:37:06,982 - INFO - Searching for product with code: 'NX5FCA0006100' and old code: 'NX5FCA0006100'
2025-06-25 08:37:07,045 - INFO - Found product with exact match on default_code: 'NX5FCA0006100'
2025-06-25 08:37:07,211 - INFO - Added product NX5FCA0006100 with quantity 4.0 to picking 4951
2025-06-25 08:37:07,213 - INFO - Processing Excel row 88: {'product_id': 'NX5FCA0007100', 'scheduled_date': Timestamp('2025-06-25 08:36:44'), 'location_dest_id': 'Partners/Customers', 'partner_id': 'MOG FG01', 'origin': 'FG10 Adjuestment', 'product_uom_qty': 1, 'sequence': 0.0, 'price_unit': 0.0}
2025-06-25 08:37:07,213 - INFO - Searching for product with code: 'NX5FCA0007100' and old code: 'NX5FCA0007100'
2025-06-25 08:37:07,250 - INFO - Found product with exact match on default_code: 'NX5FCA0007100'
2025-06-25 08:37:07,370 - INFO - Added product NX5FCA0007100 with quantity 1.0 to picking 4951
2025-06-25 08:37:07,371 - INFO - Processing Excel row 89: {'product_id': 'NX5FCA0010100', 'scheduled_date': Timestamp('2025-06-25 08:36:44'), 'location_dest_id': 'Partners/Customers', 'partner_id': 'MOG FG01', 'origin': 'FG10 Adjuestment', 'product_uom_qty': 11, 'sequence': 0.0, 'price_unit': 0.0}
2025-06-25 08:37:07,371 - INFO - Searching for product with code: 'NX5FCA0010100' and old code: 'NX5FCA0010100'
2025-06-25 08:37:07,410 - INFO - Found product with exact match on default_code: 'NX5FCA0010100'
2025-06-25 08:37:07,544 - INFO - Added product NX5FCA0010100 with quantity 11.0 to picking 4951
2025-06-25 08:37:07,545 - INFO - Processing Excel row 90: {'product_id': 'NX5FCA0023100', 'scheduled_date': Timestamp('2025-06-25 08:36:44'), 'location_dest_id': 'Partners/Customers', 'partner_id': 'MOG FG01', 'origin': 'FG10 Adjuestment', 'product_uom_qty': 1, 'sequence': 0.0, 'price_unit': 0.0}
2025-06-25 08:37:07,545 - INFO - Searching for product with code: 'NX5FCA0023100' and old code: 'NX5FCA0023100'
2025-06-25 08:37:07,588 - INFO - Found product with exact match on default_code: 'NX5FCA0023100'
2025-06-25 08:37:07,762 - INFO - Added product NX5FCA0023100 with quantity 1.0 to picking 4951
2025-06-25 08:37:07,763 - INFO - Processing Excel row 91: {'product_id': 'NX5FCA0024100', 'scheduled_date': Timestamp('2025-06-25 08:36:44'), 'location_dest_id': 'Partners/Customers', 'partner_id': 'MOG FG01', 'origin': 'FG10 Adjuestment', 'product_uom_qty': 42, 'sequence': 0.0, 'price_unit': 0.0}
2025-06-25 08:37:07,763 - INFO - Searching for product with code: 'NX5FCA0024100' and old code: 'NX5FCA0024100'
2025-06-25 08:37:07,813 - INFO - Found product with exact match on default_code: 'NX5FCA0024100'
2025-06-25 08:37:07,956 - INFO - Added product NX5FCA0024100 with quantity 42.0 to picking 4951
2025-06-25 08:37:07,958 - INFO - Processing Excel row 92: {'product_id': 'NX5FCA0027100', 'scheduled_date': Timestamp('2025-06-25 08:36:44'), 'location_dest_id': 'Partners/Customers', 'partner_id': 'MOG FG01', 'origin': 'FG10 Adjuestment', 'product_uom_qty': 5, 'sequence': 0.0, 'price_unit': 0.0}
2025-06-25 08:37:07,958 - INFO - Searching for product with code: 'NX5FCA0027100' and old code: 'NX5FCA0027100'
2025-06-25 08:37:07,999 - INFO - Found product with exact match on default_code: 'NX5FCA0027100'
2025-06-25 08:37:08,169 - INFO - Added product NX5FCA0027100 with quantity 5.0 to picking 4951
2025-06-25 08:37:08,170 - INFO - Processing Excel row 93: {'product_id': 'NX5FCA0028100', 'scheduled_date': Timestamp('2025-06-25 08:36:44'), 'location_dest_id': 'Partners/Customers', 'partner_id': 'MOG FG01', 'origin': 'FG10 Adjuestment', 'product_uom_qty': 1, 'sequence': 0.0, 'price_unit': 0.0}
2025-06-25 08:37:08,170 - INFO - Searching for product with code: 'NX5FCA0028100' and old code: 'NX5FCA0028100'
2025-06-25 08:37:08,225 - INFO - Found product with exact match on default_code: 'NX5FCA0028100'
2025-06-25 08:37:08,383 - INFO - Added product NX5FCA0028100 with quantity 1.0 to picking 4951
2025-06-25 08:37:08,384 - INFO - Processing Excel row 94: {'product_id': 'NX5FCA0030100', 'scheduled_date': Timestamp('2025-06-25 08:36:44'), 'location_dest_id': 'Partners/Customers', 'partner_id': 'MOG FG01', 'origin': 'FG10 Adjuestment', 'product_uom_qty': 3, 'sequence': 0.0, 'price_unit': 0.0}
2025-06-25 08:37:08,384 - INFO - Searching for product with code: 'NX5FCA0030100' and old code: 'NX5FCA0030100'
2025-06-25 08:37:08,437 - INFO - Found product with exact match on default_code: 'NX5FCA0030100'
2025-06-25 08:37:08,608 - INFO - Added product NX5FCA0030100 with quantity 3.0 to picking 4951
2025-06-25 08:37:08,609 - INFO - Processing Excel row 95: {'product_id': 'NX5FCA0048120', 'scheduled_date': Timestamp('2025-06-25 08:36:44'), 'location_dest_id': 'Partners/Customers', 'partner_id': 'MOG FG01', 'origin': 'FG10 Adjuestment', 'product_uom_qty': 3, 'sequence': 0.0, 'price_unit': 0.0}
2025-06-25 08:37:08,609 - INFO - Searching for product with code: 'NX5FCA0048120' and old code: 'NX5FCA0048120'
2025-06-25 08:37:08,660 - INFO - Found product with exact match on default_code: 'NX5FCA0048120'
2025-06-25 08:37:08,845 - INFO - Added product NX5FCA0048120 with quantity 3.0 to picking 4951
2025-06-25 08:37:08,846 - INFO - Processing Excel row 96: {'product_id': 'NX5FCA0058100', 'scheduled_date': Timestamp('2025-06-25 08:36:44'), 'location_dest_id': 'Partners/Customers', 'partner_id': 'MOG FG01', 'origin': 'FG10 Adjuestment', 'product_uom_qty': 1, 'sequence': 0.0, 'price_unit': 0.0}
2025-06-25 08:37:08,846 - INFO - Searching for product with code: 'NX5FCA0058100' and old code: 'NX5FCA0058100'
2025-06-25 08:37:08,894 - INFO - Found product with exact match on default_code: 'NX5FCA0058100'
2025-06-25 08:37:09,041 - INFO - Added product NX5FCA0058100 with quantity 1.0 to picking 4951
2025-06-25 08:37:09,043 - INFO - Processing Excel row 97: {'product_id': 'NX5FCA0065100', 'scheduled_date': Timestamp('2025-06-25 08:36:44'), 'location_dest_id': 'Partners/Customers', 'partner_id': 'MOG FG01', 'origin': 'FG10 Adjuestment', 'product_uom_qty': 2, 'sequence': 0.0, 'price_unit': 0.0}
2025-06-25 08:37:09,043 - INFO - Searching for product with code: 'NX5FCA0065100' and old code: 'NX5FCA0065100'
2025-06-25 08:37:09,083 - INFO - Found product with exact match on default_code: 'NX5FCA0065100'
2025-06-25 08:37:09,263 - INFO - Added product NX5FCA0065100 with quantity 2.0 to picking 4951
2025-06-25 08:37:09,264 - INFO - Processing Excel row 98: {'product_id': 'NX5FCA0066101', 'scheduled_date': Timestamp('2025-06-25 08:36:44'), 'location_dest_id': 'Partners/Customers', 'partner_id': 'MOG FG01', 'origin': 'FG10 Adjuestment', 'product_uom_qty': 2, 'sequence': 0.0, 'price_unit': 0.0}
2025-06-25 08:37:09,264 - INFO - Searching for product with code: 'NX5FCA0066101' and old code: 'NX5FCA0066101'
2025-06-25 08:37:09,323 - INFO - Found product with exact match on default_code: 'NX5FCA0066101'
2025-06-25 08:37:09,501 - INFO - Added product NX5FCA0066101 with quantity 2.0 to picking 4951
2025-06-25 08:37:09,502 - INFO - Processing Excel row 99: {'product_id': 'NX5FCA0069101', 'scheduled_date': Timestamp('2025-06-25 08:36:44'), 'location_dest_id': 'Partners/Customers', 'partner_id': 'MOG FG01', 'origin': 'FG10 Adjuestment', 'product_uom_qty': 2, 'sequence': 0.0, 'price_unit': 0.0}
2025-06-25 08:37:09,502 - INFO - Searching for product with code: 'NX5FCA0069101' and old code: 'NX5FCA0069101'
2025-06-25 08:37:09,556 - INFO - Found product with exact match on default_code: 'NX5FCA0069101'
2025-06-25 08:37:09,698 - INFO - Added product NX5FCA0069101 with quantity 2.0 to picking 4951
2025-06-25 08:37:09,700 - INFO - Processing Excel row 100: {'product_id': 'NX5FCA0070101', 'scheduled_date': Timestamp('2025-06-25 08:36:44'), 'location_dest_id': 'Partners/Customers', 'partner_id': 'MOG FG01', 'origin': 'FG10 Adjuestment', 'product_uom_qty': 2, 'sequence': 0.0, 'price_unit': 0.0}
2025-06-25 08:37:09,700 - INFO - Searching for product with code: 'NX5FCA0070101' and old code: 'NX5FCA0070101'
2025-06-25 08:37:09,741 - INFO - Found product with exact match on default_code: 'NX5FCA0070101'
2025-06-25 08:37:09,870 - INFO - Added product NX5FCA0070101 with quantity 2.0 to picking 4951
2025-06-25 08:37:09,872 - INFO - Processing Excel row 101: {'product_id': 'NX5FCA0070102', 'scheduled_date': Timestamp('2025-06-25 08:36:44'), 'location_dest_id': 'Partners/Customers', 'partner_id': 'MOG FG01', 'origin': 'FG10 Adjuestment', 'product_uom_qty': 2, 'sequence': 0.0, 'price_unit': 0.0}
2025-06-25 08:37:09,872 - INFO - Searching for product with code: 'NX5FCA0070102' and old code: 'NX5FCA0070102'
2025-06-25 08:37:09,913 - INFO - Found product with exact match on default_code: 'NX5FCA0070102'
2025-06-25 08:37:10,074 - INFO - Added product NX5FCA0070102 with quantity 2.0 to picking 4951
2025-06-25 08:37:10,075 - INFO - Processing Excel row 102: {'product_id': 'NX5FCA0074100', 'scheduled_date': Timestamp('2025-06-25 08:36:44'), 'location_dest_id': 'Partners/Customers', 'partner_id': 'MOG FG01', 'origin': 'FG10 Adjuestment', 'product_uom_qty': 1, 'sequence': 0.0, 'price_unit': 0.0}
2025-06-25 08:37:10,075 - INFO - Searching for product with code: 'NX5FCA0074100' and old code: 'NX5FCA0074100'
2025-06-25 08:37:10,139 - INFO - Found product with exact match on default_code: 'NX5FCA0074100'
2025-06-25 08:37:10,374 - INFO - Added product NX5FCA0074100 with quantity 1.0 to picking 4951
2025-06-25 08:37:10,375 - INFO - Processing Excel row 103: {'product_id': 'NX5FCA0077101', 'scheduled_date': Timestamp('2025-06-25 08:36:44'), 'location_dest_id': 'Partners/Customers', 'partner_id': 'MOG FG01', 'origin': 'FG10 Adjuestment', 'product_uom_qty': 2, 'sequence': 0.0, 'price_unit': 0.0}
2025-06-25 08:37:10,375 - INFO - Searching for product with code: 'NX5FCA0077101' and old code: 'NX5FCA0077101'
2025-06-25 08:37:10,447 - INFO - Found product with exact match on default_code: 'NX5FCA0077101'
2025-06-25 08:37:10,671 - INFO - Added product NX5FCA0077101 with quantity 2.0 to picking 4951
2025-06-25 08:37:10,672 - INFO - Processing Excel row 104: {'product_id': 'NX5FCA0079100', 'scheduled_date': Timestamp('2025-06-25 08:36:44'), 'location_dest_id': 'Partners/Customers', 'partner_id': 'MOG FG01', 'origin': 'FG10 Adjuestment', 'product_uom_qty': 6, 'sequence': 0.0, 'price_unit': 0.0}
2025-06-25 08:37:10,672 - INFO - Searching for product with code: 'NX5FCA0079100' and old code: 'NX5FCA0079100'
2025-06-25 08:37:10,725 - INFO - Found product with exact match on default_code: 'NX5FCA0079100'
2025-06-25 08:37:10,911 - INFO - Added product NX5FCA0079100 with quantity 6.0 to picking 4951
2025-06-25 08:37:10,912 - INFO - Processing Excel row 105: {'product_id': 'NX5FCA0083100', 'scheduled_date': Timestamp('2025-06-25 08:36:44'), 'location_dest_id': 'Partners/Customers', 'partner_id': 'MOG FG01', 'origin': 'FG10 Adjuestment', 'product_uom_qty': 2, 'sequence': 0.0, 'price_unit': 0.0}
2025-06-25 08:37:10,912 - INFO - Searching for product with code: 'NX5FCA0083100' and old code: 'NX5FCA0083100'
2025-06-25 08:37:10,965 - INFO - Found product with exact match on default_code: 'NX5FCA0083100'
2025-06-25 08:37:11,184 - INFO - Added product NX5FCA0083100 with quantity 2.0 to picking 4951
2025-06-25 08:37:11,185 - INFO - Processing Excel row 106: {'product_id': 'NX5FCA009100', 'scheduled_date': Timestamp('2025-06-25 08:36:44'), 'location_dest_id': 'Partners/Customers', 'partner_id': 'MOG FG01', 'origin': 'FG10 Adjuestment', 'product_uom_qty': 5, 'sequence': 0.0, 'price_unit': 0.0}
2025-06-25 08:37:11,186 - INFO - Searching for product with code: 'NX5FCA009100' and old code: 'NX5FCA009100'
2025-06-25 08:37:11,230 - INFO - Found product with exact match on default_code: 'NX5FCA009100'
2025-06-25 08:37:11,386 - INFO - Added product NX5FCA009100 with quantity 5.0 to picking 4951
2025-06-25 08:37:11,387 - INFO - Processing Excel row 107: {'product_id': 'NX5FCA0096100', 'scheduled_date': Timestamp('2025-06-25 08:36:44'), 'location_dest_id': 'Partners/Customers', 'partner_id': 'MOG FG01', 'origin': 'FG10 Adjuestment', 'product_uom_qty': 1, 'sequence': 0.0, 'price_unit': 0.0}
2025-06-25 08:37:11,387 - INFO - Searching for product with code: 'NX5FCA0096100' and old code: 'NX5FCA0096100'
2025-06-25 08:37:11,444 - INFO - Found product with exact match on default_code: 'NX5FCA0096100'
2025-06-25 08:37:11,639 - INFO - Added product NX5FCA0096100 with quantity 1.0 to picking 4951
2025-06-25 08:37:11,640 - INFO - Processing Excel row 108: {'product_id': 'NX5FCA0097100', 'scheduled_date': Timestamp('2025-06-25 08:36:44'), 'location_dest_id': 'Partners/Customers', 'partner_id': 'MOG FG01', 'origin': 'FG10 Adjuestment', 'product_uom_qty': 1, 'sequence': 0.0, 'price_unit': 0.0}
2025-06-25 08:37:11,640 - INFO - Searching for product with code: 'NX5FCA0097100' and old code: 'NX5FCA0097100'
2025-06-25 08:37:11,685 - INFO - Found product with exact match on default_code: 'NX5FCA0097100'
2025-06-25 08:37:11,820 - INFO - Added product NX5FCA0097100 with quantity 1.0 to picking 4951
2025-06-25 08:37:11,822 - INFO - Processing Excel row 109: {'product_id': 'NX5FCA011100', 'scheduled_date': Timestamp('2025-06-25 08:36:44'), 'location_dest_id': 'Partners/Customers', 'partner_id': 'MOG FG01', 'origin': 'FG10 Adjuestment', 'product_uom_qty': 2, 'sequence': 0.0, 'price_unit': 0.0}
2025-06-25 08:37:11,822 - INFO - Searching for product with code: 'NX5FCA011100' and old code: 'NX5FCA011100'
2025-06-25 08:37:11,862 - INFO - Found product with exact match on default_code: 'NX5FCA011100'
2025-06-25 08:37:11,984 - INFO - Added product NX5FCA011100 with quantity 2.0 to picking 4951
2025-06-25 08:37:11,985 - INFO - Processing Excel row 110: {'product_id': 'NX5FCA0248120', 'scheduled_date': Timestamp('2025-06-25 08:36:44'), 'location_dest_id': 'Partners/Customers', 'partner_id': 'MOG FG01', 'origin': 'FG10 Adjuestment', 'product_uom_qty': 2, 'sequence': 0.0, 'price_unit': 0.0}
2025-06-25 08:37:11,985 - INFO - Searching for product with code: 'NX5FCA0248120' and old code: 'NX5FCA0248120'
2025-06-25 08:37:12,040 - INFO - Found product with exact match on default_code: 'NX5FCA0248120'
2025-06-25 08:37:12,226 - INFO - Added product NX5FCA0248120 with quantity 2.0 to picking 4951
2025-06-25 08:37:12,227 - INFO - Processing Excel row 111: {'product_id': 'NX5FCA085111', 'scheduled_date': Timestamp('2025-06-25 08:36:44'), 'location_dest_id': 'Partners/Customers', 'partner_id': 'MOG FG01', 'origin': 'FG10 Adjuestment', 'product_uom_qty': 1, 'sequence': 0.0, 'price_unit': 0.0}
2025-06-25 08:37:12,227 - INFO - Searching for product with code: 'NX5FCA085111' and old code: 'NX5FCA085111'
2025-06-25 08:37:12,288 - INFO - Found product with exact match on default_code: 'NX5FCA085111'
2025-06-25 08:37:12,555 - INFO - Added product NX5FCA085111 with quantity 1.0 to picking 4951
2025-06-25 08:37:12,556 - INFO - Processing Excel row 112: {'product_id': 'NX5FCB0007100', 'scheduled_date': Timestamp('2025-06-25 08:36:44'), 'location_dest_id': 'Partners/Customers', 'partner_id': 'MOG FG01', 'origin': 'FG10 Adjuestment', 'product_uom_qty': 1, 'sequence': 0.0, 'price_unit': 0.0}
2025-06-25 08:37:12,556 - INFO - Searching for product with code: 'NX5FCB0007100' and old code: 'NX5FCB0007100'
2025-06-25 08:37:12,609 - INFO - Found product with exact match on default_code: 'NX5FCB0007100'
2025-06-25 08:37:12,822 - INFO - Added product NX5FCB0007100 with quantity 1.0 to picking 4951
2025-06-25 08:37:12,823 - INFO - Processing Excel row 113: {'product_id': 'NX5FCF0003100', 'scheduled_date': Timestamp('2025-06-25 08:36:44'), 'location_dest_id': 'Partners/Customers', 'partner_id': 'MOG FG01', 'origin': 'FG10 Adjuestment', 'product_uom_qty': 5, 'sequence': 0.0, 'price_unit': 0.0}
2025-06-25 08:37:12,824 - INFO - Searching for product with code: 'NX5FCF0003100' and old code: 'NX5FCF0003100'
2025-06-25 08:37:12,868 - INFO - Found product with exact match on default_code: 'NX5FCF0003100'
2025-06-25 08:37:13,050 - INFO - Added product NX5FCF0003100 with quantity 5.0 to picking 4951
2025-06-25 08:37:13,051 - INFO - Processing Excel row 114: {'product_id': 'NX5FCS0005100', 'scheduled_date': Timestamp('2025-06-25 08:36:44'), 'location_dest_id': 'Partners/Customers', 'partner_id': 'MOG FG01', 'origin': 'FG10 Adjuestment', 'product_uom_qty': 1, 'sequence': 0.0, 'price_unit': 0.0}
2025-06-25 08:37:13,052 - INFO - Searching for product with code: 'NX5FCS0005100' and old code: 'NX5FCS0005100'
2025-06-25 08:37:13,103 - INFO - Found product with exact match on default_code: 'NX5FCS0005100'
2025-06-25 08:37:13,275 - INFO - Added product NX5FCS0005100 with quantity 1.0 to picking 4951
2025-06-25 08:37:13,276 - INFO - Processing Excel row 115: {'product_id': 'NX5FD0002100', 'scheduled_date': Timestamp('2025-06-25 08:36:44'), 'location_dest_id': 'Partners/Customers', 'partner_id': 'MOG FG01', 'origin': 'FG10 Adjuestment', 'product_uom_qty': 1, 'sequence': 0.0, 'price_unit': 0.0}
2025-06-25 08:37:13,276 - INFO - Searching for product with code: 'NX5FD0002100' and old code: 'NX5FD0002100'
2025-06-25 08:37:13,324 - INFO - Found product with exact match on default_code: 'NX5FD0002100'
2025-06-25 08:37:13,467 - INFO - Added product NX5FD0002100 with quantity 1.0 to picking 4951
2025-06-25 08:37:13,468 - INFO - Processing Excel row 116: {'product_id': 'NX5FD0003100', 'scheduled_date': Timestamp('2025-06-25 08:36:44'), 'location_dest_id': 'Partners/Customers', 'partner_id': 'MOG FG01', 'origin': 'FG10 Adjuestment', 'product_uom_qty': 1, 'sequence': 0.0, 'price_unit': 0.0}
2025-06-25 08:37:13,468 - INFO - Searching for product with code: 'NX5FD0003100' and old code: 'NX5FD0003100'
2025-06-25 08:37:13,512 - INFO - Found product with exact match on default_code: 'NX5FD0003100'
2025-06-25 08:37:13,699 - INFO - Added product NX5FD0003100 with quantity 1.0 to picking 4951
2025-06-25 08:37:13,700 - INFO - Processing Excel row 117: {'product_id': 'NX5FD0012A100', 'scheduled_date': Timestamp('2025-06-25 08:36:44'), 'location_dest_id': 'Partners/Customers', 'partner_id': 'MOG FG01', 'origin': 'FG10 Adjuestment', 'product_uom_qty': 1, 'sequence': 0.0, 'price_unit': 0.0}
2025-06-25 08:37:13,700 - INFO - Searching for product with code: 'NX5FD0012A100' and old code: 'NX5FD0012A100'
2025-06-25 08:37:13,751 - INFO - Found product with exact match on default_code: 'NX5FD0012A100'
2025-06-25 08:37:13,925 - INFO - Added product NX5FD0012A100 with quantity 1.0 to picking 4951
2025-06-25 08:37:13,926 - INFO - Processing Excel row 118: {'product_id': 'NX5FD0013A100', 'scheduled_date': Timestamp('2025-06-25 08:36:44'), 'location_dest_id': 'Partners/Customers', 'partner_id': 'MOG FG01', 'origin': 'FG10 Adjuestment', 'product_uom_qty': 1, 'sequence': 0.0, 'price_unit': 0.0}
2025-06-25 08:37:13,927 - INFO - Searching for product with code: 'NX5FD0013A100' and old code: 'NX5FD0013A100'
2025-06-25 08:37:13,991 - INFO - Found product with exact match on default_code: 'NX5FD0013A100'
2025-06-25 08:37:14,175 - INFO - Added product NX5FD0013A100 with quantity 1.0 to picking 4951
2025-06-25 08:37:14,176 - INFO - Processing Excel row 119: {'product_id': 'NX5FD008A100', 'scheduled_date': Timestamp('2025-06-25 08:36:44'), 'location_dest_id': 'Partners/Customers', 'partner_id': 'MOG FG01', 'origin': 'FG10 Adjuestment', 'product_uom_qty': 3, 'sequence': 0.0, 'price_unit': 0.0}
2025-06-25 08:37:14,176 - INFO - Searching for product with code: 'NX5FD008A100' and old code: 'NX5FD008A100'
2025-06-25 08:37:14,224 - INFO - Found product with exact match on default_code: 'NX5FD008A100'
2025-06-25 08:37:14,403 - INFO - Added product NX5FD008A100 with quantity 3.0 to picking 4951
2025-06-25 08:37:14,404 - INFO - Processing Excel row 120: {'product_id': 'NX5FD009A100', 'scheduled_date': Timestamp('2025-06-25 08:36:44'), 'location_dest_id': 'Partners/Customers', 'partner_id': 'MOG FG01', 'origin': 'FG10 Adjuestment', 'product_uom_qty': 3, 'sequence': 0.0, 'price_unit': 0.0}
2025-06-25 08:37:14,404 - INFO - Searching for product with code: 'NX5FD009A100' and old code: 'NX5FD009A100'
2025-06-25 08:37:14,447 - INFO - Found product with exact match on default_code: 'NX5FD009A100'
2025-06-25 08:37:14,585 - INFO - Added product NX5FD009A100 with quantity 3.0 to picking 4951
2025-06-25 08:37:14,586 - INFO - Processing Excel row 121: {'product_id': 'NX5FDP0008A100', 'scheduled_date': Timestamp('2025-06-25 08:36:44'), 'location_dest_id': 'Partners/Customers', 'partner_id': 'MOG FG01', 'origin': 'FG10 Adjuestment', 'product_uom_qty': 2, 'sequence': 0.0, 'price_unit': 0.0}
2025-06-25 08:37:14,586 - INFO - Searching for product with code: 'NX5FDP0008A100' and old code: 'NX5FDP0008A100'
2025-06-25 08:37:14,636 - INFO - Found product with exact match on default_code: 'NX5FDP0008A100'
2025-06-25 08:37:14,833 - INFO - Added product NX5FDP0008A100 with quantity 2.0 to picking 4951
2025-06-25 08:37:14,834 - INFO - Processing Excel row 122: {'product_id': 'NX5FH0009100', 'scheduled_date': Timestamp('2025-06-25 08:36:44'), 'location_dest_id': 'Partners/Customers', 'partner_id': 'MOG FG01', 'origin': 'FG10 Adjuestment', 'product_uom_qty': 2, 'sequence': 0.0, 'price_unit': 0.0}
2025-06-25 08:37:14,834 - INFO - Searching for product with code: 'NX5FH0009100' and old code: 'NX5FH0009100'
2025-06-25 08:37:14,886 - INFO - Found product with exact match on default_code: 'NX5FH0009100'
2025-06-25 08:37:15,086 - INFO - Added product NX5FH0009100 with quantity 2.0 to picking 4951
2025-06-25 08:37:15,087 - INFO - Processing Excel row 123: {'product_id': 'NX5FU053HC51', 'scheduled_date': Timestamp('2025-06-25 08:36:44'), 'location_dest_id': 'Partners/Customers', 'partner_id': 'MOG FG01', 'origin': 'FG10 Adjuestment', 'product_uom_qty': 4, 'sequence': 0.0, 'price_unit': 0.0}
2025-06-25 08:37:15,087 - INFO - Searching for product with code: 'NX5FU053HC51' and old code: 'NX5FU053HC51'
2025-06-25 08:37:15,140 - INFO - Found product with exact match on default_code: 'NX5FU053HC51'
2025-06-25 08:37:15,296 - INFO - Added product NX5FU053HC51 with quantity 4.0 to picking 4951
2025-06-25 08:37:15,297 - INFO - Processing Excel row 124: {'product_id': 'NX5MCV0003100', 'scheduled_date': Timestamp('2025-06-25 08:36:44'), 'location_dest_id': 'Partners/Customers', 'partner_id': 'MOG FG01', 'origin': 'FG10 Adjuestment', 'product_uom_qty': 1, 'sequence': 0.0, 'price_unit': 0.0}
2025-06-25 08:37:15,297 - INFO - Searching for product with code: 'NX5MCV0003100' and old code: 'NX5MCV0003100'
2025-06-25 08:37:15,338 - INFO - Found product with exact match on default_code: 'NX5MCV0003100'
2025-06-25 08:37:15,482 - INFO - Added product NX5MCV0003100 with quantity 1.0 to picking 4951
2025-06-25 08:37:15,482 - INFO - Processing Excel row 125: {'product_id': 'NX5ML0044100', 'scheduled_date': Timestamp('2025-06-25 08:36:44'), 'location_dest_id': 'Partners/Customers', 'partner_id': 'MOG FG01', 'origin': 'FG10 Adjuestment', 'product_uom_qty': 2, 'sequence': 0.0, 'price_unit': 0.0}
2025-06-25 08:37:15,482 - INFO - Searching for product with code: 'NX5ML0044100' and old code: 'NX5ML0044100'
2025-06-25 08:37:15,522 - INFO - Found product with exact match on default_code: 'NX5ML0044100'
2025-06-25 08:37:15,761 - INFO - Added product NX5ML0044100 with quantity 2.0 to picking 4951
2025-06-25 08:37:15,761 - INFO - Processing Excel row 126: {'product_id': 'NX5ML0088100', 'scheduled_date': Timestamp('2025-06-25 08:36:44'), 'location_dest_id': 'Partners/Customers', 'partner_id': 'MOG FG01', 'origin': 'FG10 Adjuestment', 'product_uom_qty': 2, 'sequence': 0.0, 'price_unit': 0.0}
2025-06-25 08:37:15,761 - INFO - Searching for product with code: 'NX5ML0088100' and old code: 'NX5ML0088100'
2025-06-25 08:37:15,824 - INFO - Found product with exact match on default_code: 'NX5ML0088100'
2025-06-25 08:37:16,052 - INFO - Added product NX5ML0088100 with quantity 2.0 to picking 4951
2025-06-25 08:37:16,053 - INFO - Processing Excel row 127: {'product_id': 'NX5ML0105100', 'scheduled_date': Timestamp('2025-06-25 08:36:44'), 'location_dest_id': 'Partners/Customers', 'partner_id': 'MOG FG01', 'origin': 'FG10 Adjuestment', 'product_uom_qty': 1, 'sequence': 0.0, 'price_unit': 0.0}
2025-06-25 08:37:16,053 - INFO - Searching for product with code: 'NX5ML0105100' and old code: 'NX5ML0105100'
2025-06-25 08:37:16,114 - INFO - Found product with exact match on default_code: 'NX5ML0105100'
2025-06-25 08:37:16,394 - INFO - Added product NX5ML0105100 with quantity 1.0 to picking 4951
2025-06-25 08:37:16,395 - INFO - Processing Excel row 128: {'product_id': 'NX5ML0108100', 'scheduled_date': Timestamp('2025-06-25 08:36:44'), 'location_dest_id': 'Partners/Customers', 'partner_id': 'MOG FG01', 'origin': 'FG10 Adjuestment', 'product_uom_qty': 1, 'sequence': 0.0, 'price_unit': 0.0}
2025-06-25 08:37:16,395 - INFO - Searching for product with code: 'NX5ML0108100' and old code: 'NX5ML0108100'
2025-06-25 08:37:16,502 - INFO - Found product with exact match on default_code: 'NX5ML0108100'
2025-06-25 08:37:16,696 - INFO - Added product NX5ML0108100 with quantity 1.0 to picking 4951
2025-06-25 08:37:16,698 - INFO - Processing Excel row 129: {'product_id': 'NX5MSA003101', 'scheduled_date': Timestamp('2025-06-25 08:36:44'), 'location_dest_id': 'Partners/Customers', 'partner_id': 'MOG FG01', 'origin': 'FG10 Adjuestment', 'product_uom_qty': 3, 'sequence': 0.0, 'price_unit': 0.0}
2025-06-25 08:37:16,698 - INFO - Searching for product with code: 'NX5MSA003101' and old code: 'NX5MSA003101'
2025-06-25 08:37:16,740 - INFO - Found product with exact match on default_code: 'NX5MSA003101'
2025-06-25 08:37:16,879 - INFO - Added product NX5MSA003101 with quantity 3.0 to picking 4951
2025-06-25 08:37:16,880 - INFO - Processing Excel row 130: {'product_id': 'NX5MSH0005303', 'scheduled_date': Timestamp('2025-06-25 08:36:44'), 'location_dest_id': 'Partners/Customers', 'partner_id': 'MOG FG01', 'origin': 'FG10 Adjuestment', 'product_uom_qty': 1, 'sequence': 0.0, 'price_unit': 0.0}
2025-06-25 08:37:16,881 - INFO - Searching for product with code: 'NX5MSH0005303' and old code: 'NX5MSH0005303'
2025-06-25 08:37:16,922 - INFO - Found product with exact match on default_code: 'NX5MSH0005303'
