2026-04-14 20:48:31,112 - INFO - Successfully connected to Odoo as user ID: 2
2026-04-14 20:48:31,232 - INFO - Odoo version: 17.0.1.3
2026-04-14 20:48:31,476 - INFO - Available date fields in stock.picking: ['activity_date_deadline', 'my_activity_date_deadline', 'scheduled_date', 'date_deadline', 'date', 'date_done', 'delay_alert_date', 'create_date', 'write_date', 'date_notice', 'date_confirmed', 'date_start', 'operation_date']
2026-04-14 20:48:31,608 - INFO - Successfully read Excel file with 2 rows
2026-04-14 20:48:31,609 - INFO - Excel columns: ['partner_id', 'scheduled_date', 'picking_type_id', 'date_done', 'origin', 'location_dest_id', 'default_code', 'product_uom_qty', 'price_unit', 'sequence', 'date']
2026-04-14 20:48:31,610 - INFO - Processed sequence column
2026-04-14 20:48:31,611 - INFO - scheduled_date dtype: datetime64[ns]
2026-04-14 20:48:31,611 - INFO - scheduled_date sample: 2026-03-31 08:00:00
2026-04-14 20:48:31,612 - INFO - Converted scheduled_date to string format. Sample: 2026-03-31 08:00:00
2026-04-14 20:48:31,612 - INFO - Fixed picking type name from 'My Company: OB FIFO' and 'คลังวัตถุดิบ 2: OB FIFO' to 'OB FIFO'
2026-04-14 20:48:31,612 - INFO - Using 'default_code' column as 'product_id'
2026-04-14 20:48:31,612 - INFO - Using 'origin' column to identify transfer groups
2026-04-14 20:48:31,615 - INFO - Excel file validation and data filling completed successfully
2026-04-14 20:48:31,793 - INFO - Searching for location: 'ST03/Stock'
2026-04-14 20:48:32,054 - INFO - Found location with complete_name match: 'ST03/Stock' for 'ST03/Stock'
2026-04-14 20:48:32,134 - INFO - Found partner ID 4937 for 'MOGEN_OB'
2026-04-14 20:48:32,240 - INFO - Created transfer for date 2026-03-31 08:00:00 sequence 1 with picking ID 15020
2026-04-14 20:48:32,242 - INFO - Processing Excel row 1: {'partner_id': 'MOGEN_OB', 'scheduled_date': Timestamp('2026-03-31 08:00:00'), 'picking_type_id': 'ST03-Receive', 'date_done': Timestamp('2026-03-31 08:00:00'), 'origin': 'คลังการตลาด', 'location_dest_id': 'ST03/Stock', 'default_code': 'PRE0001S0010000', 'product_uom_qty': 4, 'price_unit': 1353.27, 'sequence': 1, 'date': nan, 'scheduled_date_orig': Timestamp('2026-03-31 08:00:00'), 'product_id': 'PRE0001S0010000'}
2026-04-14 20:48:32,242 - INFO - Searching for product with code: 'PRE0001S0010000' and old code: 'PRE0001S0010000'
2026-04-14 20:48:32,325 - INFO - Found product with exact match on default_code: 'PRE0001S0010000'
2026-04-14 20:48:32,416 - INFO - Prepared product PRE0001S0010000 with quantity 4.0 for batch creation
2026-04-14 20:48:32,416 - INFO - Move locations - Source: 4, Dest: 172
2026-04-14 20:48:32,417 - INFO - Processing Excel row 2: {'partner_id': 'MOGEN_OB', 'scheduled_date': Timestamp('2026-03-31 08:00:00'), 'picking_type_id': 'ST03-Receive', 'date_done': Timestamp('2026-03-31 08:00:00'), 'origin': 'คลังการตลาด', 'location_dest_id': 'ST03/Stock', 'default_code': 'PRE0003S0010000', 'product_uom_qty': 10, 'price_unit': 400.93, 'sequence': 2, 'date': nan, 'scheduled_date_orig': Timestamp('2026-03-31 08:00:00'), 'product_id': 'PRE0003S0010000'}
2026-04-14 20:48:32,417 - INFO - Searching for product with code: 'PRE0003S0010000' and old code: 'PRE0003S0010000'
2026-04-14 20:48:32,497 - INFO - Found product with exact match on default_code: 'PRE0003S0010000'
2026-04-14 20:48:32,585 - INFO - Prepared product PRE0003S0010000 with quantity 10.0 for batch creation
2026-04-14 20:48:32,585 - INFO - Move locations - Source: 4, Dest: 172
2026-04-14 20:48:32,705 - INFO - Created 2 moves in batch for picking 15020
2026-04-14 20:48:32,802 - INFO - Re-updated dates before confirming picking 15020: 2026-03-31 08:00:00
2026-04-14 20:48:32,932 - INFO - Confirmed transfer 15020 with forced date context
2026-04-14 20:48:32,932 - INFO - Import completed: 1 success, 0 failed.
