2025-11-27 10:25:12,595 - INFO - Successfully connected to Odoo as user ID: 2
2025-11-27 10:25:12,675 - INFO - Odoo version: 17.0.1.3
2025-11-27 10:25:12,795 - INFO - Available date fields in stock.picking: ['activity_date_deadline', 'my_activity_date_deadline', 'scheduled_date', 'date_deadline', 'date', 'date_done', 'delay_alert_date', 'create_date', 'write_date', 'date_notice', 'date_confirmed', 'date_start', 'operation_date']
2025-11-27 10:25:13,106 - INFO - Successfully read Excel file with 1 rows
2025-11-27 10:25:13,107 - INFO - Excel columns: ['partner_id', 'scheduled_date', 'picking_type_id', 'date_done', 'origin', 'location_dest_id', 'default_code', 'product_uom_qty', 'price_unit', 'sequence', 'date']
2025-11-27 10:25:13,114 - INFO - Processed sequence column
2025-11-27 10:25:13,115 - INFO - scheduled_date dtype: datetime64[ns]
2025-11-27 10:25:13,115 - INFO - scheduled_date sample: 2025-11-30 00:00:00
2025-11-27 10:25:13,118 - INFO - Converted scheduled_date to string format. Sample: 2025-11-30 00:00:00
2025-11-27 10:25:13,119 - INFO - Fixed picking type name from 'My Company: OB FIFO' and 'คลังวัตถุดิบ 2: OB FIFO' to 'OB FIFO'
2025-11-27 10:25:13,120 - INFO - Using 'default_code' column as 'product_id'
2025-11-27 10:25:13,121 - INFO - Using 'origin' column to identify transfer groups
2025-11-27 10:25:13,125 - INFO - Excel file validation and data filling completed successfully
2025-11-27 10:25:13,277 - INFO - Searching for location: 'PD01/Stock'
2025-11-27 10:25:13,502 - INFO - Found location with complete_name match: 'PD01/Stock' for 'PD01/Stock'
2025-11-27 10:25:13,574 - INFO - Found partner ID 4956 for 'MOGEN_OB'
2025-11-27 10:25:13,652 - INFO - Created transfer for date 2025-11-30 00:00:00 sequence 1 with picking ID 24
2025-11-27 10:25:13,655 - INFO - Processing Excel row 1: {'partner_id': 'MOGEN_OB', 'scheduled_date': '2025-11-30 00:00:00', 'picking_type_id': 'PD01-OB', 'date_done': Timestamp('2025-11-30 00:00:00'), 'origin': 'คลังผลิต', 'location_dest_id': 'PD01/Stock', 'default_code': 'NFG06-JIG-002', 'product_uom_qty': 1, 'price_unit': 71781.2301, 'sequence': 1, 'date': Timestamp('2025-10-28 00:00:00'), 'scheduled_date_orig': Timestamp('2025-11-30 00:00:00'), 'product_id': 'NFG06-JIG-002'}
2025-11-27 10:25:13,657 - INFO - Searching for product with code: 'NFG06-JIG-002' and old code: 'NFG06-JIG-002'
2025-11-27 10:25:13,885 - INFO - Found product with exact match on old_product_code: 'NFG06-JIG-002'
2025-11-27 10:25:13,962 - INFO - Prepared product NFG06-JIG-002 with quantity 1.0 for batch creation
2025-11-27 10:25:13,962 - INFO - Move locations - Source: 14, Dest: 92
2025-11-27 10:25:14,088 - INFO - Created 1 moves in batch for picking 24
2025-11-27 10:25:14,170 - INFO - Re-updated dates before confirming picking 24: 2025-11-30 00:00:00
2025-11-27 10:25:14,396 - INFO - Confirmed transfer 24 with forced date context
2025-11-27 10:25:14,397 - INFO - Import completed: 1 success, 0 failed.
