2025-07-25 16:53:47,906 - INFO - Successfully connected to Odoo as user ID: 2
2025-07-25 16:53:47,941 - INFO - Odoo version: 17.0.1.3
2025-07-25 16:53:48,047 - INFO - Available date fields in stock.picking: ['activity_date_deadline', 'my_activity_date_deadline', 'scheduled_date', 'date_deadline', 'date', 'date_done', 'delay_alert_date', 'create_date', 'write_date', 'date_notice', 'date_confirmed', 'date_start', 'operation_date']
2025-07-25 16:53:48,369 - INFO - Successfully read Excel file with 17 rows
2025-07-25 16:53:48,370 - INFO - Excel columns: ['partner_id', 'scheduled_date', 'picking_type_id', 'date_done', 'origin', 'location_dest_id', 'product_id', 'product_uom_qty', 'price_unit', 'sequence']
2025-07-25 16:53:48,376 - INFO - Processed sequence column
2025-07-25 16:53:48,377 - INFO - scheduled_date dtype: datetime64[ns]
2025-07-25 16:53:48,378 - INFO - scheduled_date sample: 2025-03-31 00:00:00
2025-07-25 16:53:48,379 - INFO - Converted scheduled_date to string format. Sample: 2025-03-31 00:00:00
2025-07-25 16:53:48,380 - INFO - Fixed picking type name from 'My Company: OB FIFO' to 'OB FIFO'
2025-07-25 16:53:48,381 - INFO - Using 'origin' column to identify transfer groups
2025-07-25 16:53:48,391 - INFO - Excel file validation and data filling completed successfully
2025-07-25 16:53:48,469 - INFO - Searching for location: 'Partners/Customers'
2025-07-25 16:53:48,503 - INFO - Found customer location for 'Partners/Customers'
2025-07-25 16:53:48,549 - INFO - Found partner ID 16670 for 'MOG-OB-Delivary'
2025-07-25 16:53:48,668 - INFO - Created transfer for date 2025-03-31 00:00:00 sequence 1 with picking ID 11519
2025-07-25 16:53:48,670 - INFO - Processing Excel row 1: {'partner_id': 'MOG-OB-Delivary', 'scheduled_date': Timestamp('2025-03-31 00:00:00'), 'picking_type_id': 'OB-Deliveries', 'date_done': Timestamp('2025-03-31 00:00:00'), 'origin': 'BROJ0002921', 'location_dest_id': 'Partners/Customers', 'product_id': 'NMA01-H04-WYA5269E', 'product_uom_qty': 20, 'price_unit': nan, 'sequence': 1, 'scheduled_date_orig': Timestamp('2025-03-31 00:00:00')}
2025-07-25 16:53:48,671 - INFO - Searching for product with code: 'NMA01-H04-WYA5269E' and old code: 'NMA01-H04-WYA5269E'
2025-07-25 16:53:48,849 - INFO - Found product with exact match on old_product_code: 'NMA01-H04-WYA5269E'
2025-07-25 16:53:49,176 - INFO - Added product NMA01-H04-WYA5269E with quantity 20.0 to picking 11519
2025-07-25 16:53:49,176 - INFO - Move locations - Source: 921, Dest: 5
2025-07-25 16:53:49,177 - INFO - Processing Excel row 2: {'partner_id': 'MOG-OB-Delivary', 'scheduled_date': Timestamp('2025-03-31 00:00:00'), 'picking_type_id': 'OB-Deliveries', 'date_done': Timestamp('2025-03-31 00:00:00'), 'origin': 'BROJ0002914', 'location_dest_id': 'Partners/Customers', 'product_id': 'NMA01H04LMNWY4221X', 'product_uom_qty': 6, 'price_unit': nan, 'sequence': 2, 'scheduled_date_orig': Timestamp('2025-03-31 00:00:00')}
2025-07-25 16:53:49,177 - INFO - Searching for product with code: 'NMA01H04LMNWY4221X' and old code: 'NMA01H04LMNWY4221X'
2025-07-25 16:53:49,229 - INFO - Found product with exact match on default_code: 'NMA01H04LMNWY4221X'
2025-07-25 16:53:49,575 - INFO - Added product NMA01H04LMNWY4221X with quantity 6.0 to picking 11519
2025-07-25 16:53:49,575 - INFO - Move locations - Source: 921, Dest: 5
2025-07-25 16:53:49,576 - INFO - Processing Excel row 3: {'partner_id': 'MOG-OB-Delivary', 'scheduled_date': Timestamp('2025-03-31 00:00:00'), 'picking_type_id': 'OB-Deliveries', 'date_done': Timestamp('2025-03-31 00:00:00'), 'origin': 'BROJ0002912', 'location_dest_id': 'Partners/Customers', 'product_id': 'NMA01-H04-LMN', 'product_uom_qty': 1, 'price_unit': nan, 'sequence': 3, 'scheduled_date_orig': Timestamp('2025-03-31 00:00:00')}
2025-07-25 16:53:49,576 - INFO - Searching for product with code: 'NMA01-H04-LMN' and old code: 'NMA01-H04-LMN'
2025-07-25 16:53:49,821 - INFO - Found product 'แผ่น HPL 1220x2440x0.7 รหัส 7517 (Greenlam)' with code 'NMA01-H04-LMN7517-0.7' using ilike search for 'NMA01-H04-LMN'
2025-07-25 16:53:50,146 - INFO - Added product NMA01-H04-LMN with quantity 1.0 to picking 11519
2025-07-25 16:53:50,147 - INFO - Move locations - Source: 921, Dest: 5
2025-07-25 16:53:50,149 - INFO - Processing Excel row 4: {'partner_id': 'MOG-OB-Delivary', 'scheduled_date': Timestamp('2025-03-31 00:00:00'), 'picking_type_id': 'OB-Deliveries', 'date_done': Timestamp('2025-03-31 00:00:00'), 'origin': 'BROJ0002916', 'location_dest_id': 'Partners/Customers', 'product_id': 'NMA01-H04-LMN', 'product_uom_qty': 2, 'price_unit': nan, 'sequence': 4, 'scheduled_date_orig': Timestamp('2025-03-31 00:00:00')}
2025-07-25 16:53:50,151 - INFO - Searching for product with code: 'NMA01-H04-LMN' and old code: 'NMA01-H04-LMN'
2025-07-25 16:53:50,402 - INFO - Found product 'แผ่น HPL 1220x2440x0.7 รหัส 7517 (Greenlam)' with code 'NMA01-H04-LMN7517-0.7' using ilike search for 'NMA01-H04-LMN'
2025-07-25 16:53:50,742 - INFO - Added product NMA01-H04-LMN with quantity 2.0 to picking 11519
2025-07-25 16:53:50,743 - INFO - Move locations - Source: 921, Dest: 5
2025-07-25 16:53:50,743 - INFO - Processing Excel row 5: {'partner_id': 'MOG-OB-Delivary', 'scheduled_date': Timestamp('2025-03-31 00:00:00'), 'picking_type_id': 'OB-Deliveries', 'date_done': Timestamp('2025-03-31 00:00:00'), 'origin': 'BROJ0002911', 'location_dest_id': 'Partners/Customers', 'product_id': 'NMA01-H03-GT12002400x15', 'product_uom_qty': 2, 'price_unit': nan, 'sequence': 5, 'scheduled_date_orig': Timestamp('2025-03-31 00:00:00')}
2025-07-25 16:53:50,744 - INFO - Searching for product with code: 'NMA01-H03-GT12002400x15' and old code: 'NMA01-H03-GT12002400x15'
2025-07-25 16:53:50,809 - INFO - Found product with exact match on default_code: 'NMA01-H03-GT12002400x15'
2025-07-25 16:53:51,168 - INFO - Added product NMA01-H03-GT12002400x15 with quantity 2.0 to picking 11519
2025-07-25 16:53:51,168 - INFO - Move locations - Source: 921, Dest: 5
2025-07-25 16:53:51,169 - INFO - Processing Excel row 6: {'partner_id': 'MOG-OB-Delivary', 'scheduled_date': Timestamp('2025-03-31 00:00:00'), 'picking_type_id': 'OB-Deliveries', 'date_done': Timestamp('2025-03-31 00:00:00'), 'origin': 'BROJ0002912', 'location_dest_id': 'Partners/Customers', 'product_id': 'NMA01-H03-GT12002400x15', 'product_uom_qty': 1, 'price_unit': nan, 'sequence': 6, 'scheduled_date_orig': Timestamp('2025-03-31 00:00:00')}
2025-07-25 16:53:51,169 - INFO - Searching for product with code: 'NMA01-H03-GT12002400x15' and old code: 'NMA01-H03-GT12002400x15'
2025-07-25 16:53:51,248 - INFO - Found product with exact match on default_code: 'NMA01-H03-GT12002400x15'
2025-07-25 16:53:51,587 - INFO - Added product NMA01-H03-GT12002400x15 with quantity 1.0 to picking 11519
2025-07-25 16:53:51,587 - INFO - Move locations - Source: 921, Dest: 5
2025-07-25 16:53:51,588 - INFO - Processing Excel row 7: {'partner_id': 'MOG-OB-Delivary', 'scheduled_date': Timestamp('2025-03-31 00:00:00'), 'picking_type_id': 'OB-Deliveries', 'date_done': Timestamp('2025-03-31 00:00:00'), 'origin': 'BROJ0002913', 'location_dest_id': 'Partners/Customers', 'product_id': 'NMA01-H03-GT12002400x15', 'product_uom_qty': 2, 'price_unit': nan, 'sequence': 7, 'scheduled_date_orig': Timestamp('2025-03-31 00:00:00')}
2025-07-25 16:53:51,588 - INFO - Searching for product with code: 'NMA01-H03-GT12002400x15' and old code: 'NMA01-H03-GT12002400x15'
2025-07-25 16:53:51,657 - INFO - Found product with exact match on default_code: 'NMA01-H03-GT12002400x15'
2025-07-25 16:53:51,939 - INFO - Added product NMA01-H03-GT12002400x15 with quantity 2.0 to picking 11519
2025-07-25 16:53:51,939 - INFO - Move locations - Source: 921, Dest: 5
2025-07-25 16:53:51,940 - INFO - Processing Excel row 8: {'partner_id': 'MOG-OB-Delivary', 'scheduled_date': Timestamp('2025-03-31 00:00:00'), 'picking_type_id': 'OB-Deliveries', 'date_done': Timestamp('2025-03-31 00:00:00'), 'origin': 'BROJ0002915', 'location_dest_id': 'Partners/Customers', 'product_id': 'NFG05-GL-HPL-DM6477W', 'product_uom_qty': 6, 'price_unit': nan, 'sequence': 8, 'scheduled_date_orig': Timestamp('2025-03-31 00:00:00')}
2025-07-25 16:53:51,941 - INFO - Searching for product with code: 'NFG05-GL-HPL-DM6477W' and old code: 'NFG05-GL-HPL-DM6477W'
2025-07-25 16:53:51,997 - INFO - Found product with exact match on default_code: 'NFG05-GL-HPL-DM6477W'
2025-07-25 16:53:52,255 - INFO - Added product NFG05-GL-HPL-DM6477W with quantity 6.0 to picking 11519
2025-07-25 16:53:52,256 - INFO - Move locations - Source: 921, Dest: 5
2025-07-25 16:53:52,257 - INFO - Processing Excel row 9: {'partner_id': 'MOG-OB-Delivary', 'scheduled_date': Timestamp('2025-03-31 00:00:00'), 'picking_type_id': 'OB-Deliveries', 'date_done': Timestamp('2025-03-31 00:00:00'), 'origin': 'BROJ0002913', 'location_dest_id': 'Partners/Customers', 'product_id': 'NMA01-H04-LMN7517-0.7', 'product_uom_qty': 10, 'price_unit': nan, 'sequence': 9, 'scheduled_date_orig': Timestamp('2025-03-31 00:00:00')}
2025-07-25 16:53:52,257 - INFO - Searching for product with code: 'NMA01-H04-LMN7517-0.7' and old code: 'NMA01-H04-LMN7517-0.7'
2025-07-25 16:53:52,299 - INFO - Found product with exact match on default_code: 'NMA01-H04-LMN7517-0.7'
2025-07-25 16:53:52,477 - INFO - Added product NMA01-H04-LMN7517-0.7 with quantity 10.0 to picking 11519
2025-07-25 16:53:52,478 - INFO - Move locations - Source: 921, Dest: 5
2025-07-25 16:53:52,478 - INFO - Processing Excel row 10: {'partner_id': 'MOG-OB-Delivary', 'scheduled_date': Timestamp('2025-03-31 00:00:00'), 'picking_type_id': 'OB-Deliveries', 'date_done': Timestamp('2025-03-31 00:00:00'), 'origin': 'BROJ0002911', 'location_dest_id': 'Partners/Customers', 'product_id': 'NMA01-H04-LMNDWC 3646AT-0.8', 'product_uom_qty': 4, 'price_unit': nan, 'sequence': 10, 'scheduled_date_orig': Timestamp('2025-03-31 00:00:00')}
2025-07-25 16:53:52,479 - INFO - Searching for product with code: 'NMA01-H04-LMNDWC 3646AT-0.8' and old code: 'NMA01-H04-LMNDWC 3646AT-0.8'
2025-07-25 16:53:52,520 - INFO - Found product with exact match on default_code: 'NMA01-H04-LMNDWC 3646AT-0.8'
2025-07-25 16:53:52,680 - INFO - Added product NMA01-H04-LMNDWC 3646AT-0.8 with quantity 4.0 to picking 11519
2025-07-25 16:53:52,681 - INFO - Move locations - Source: 921, Dest: 5
2025-07-25 16:53:52,682 - INFO - Processing Excel row 11: {'partner_id': 'MOG-OB-Delivary', 'scheduled_date': Timestamp('2025-03-31 00:00:00'), 'picking_type_id': 'OB-Deliveries', 'date_done': Timestamp('2025-03-31 00:00:00'), 'origin': 'BROJ0002912', 'location_dest_id': 'Partners/Customers', 'product_id': 'NMA01-H04-LMNDWC 3646AT-0.8', 'product_uom_qty': 1, 'price_unit': nan, 'sequence': 11, 'scheduled_date_orig': Timestamp('2025-03-31 00:00:00')}
2025-07-25 16:53:52,683 - INFO - Searching for product with code: 'NMA01-H04-LMNDWC 3646AT-0.8' and old code: 'NMA01-H04-LMNDWC 3646AT-0.8'
2025-07-25 16:53:52,719 - INFO - Found product with exact match on default_code: 'NMA01-H04-LMNDWC 3646AT-0.8'
2025-07-25 16:53:52,900 - INFO - Added product NMA01-H04-LMNDWC 3646AT-0.8 with quantity 1.0 to picking 11519
2025-07-25 16:53:52,900 - INFO - Move locations - Source: 921, Dest: 5
2025-07-25 16:53:52,901 - INFO - Processing Excel row 12: {'partner_id': 'MOG-OB-Delivary', 'scheduled_date': Timestamp('2025-03-31 00:00:00'), 'picking_type_id': 'OB-Deliveries', 'date_done': Timestamp('2025-03-31 00:00:00'), 'origin': 'BROJ0003027', 'location_dest_id': 'Partners/Customers', 'product_id': 'NMA01-H03-GT12002400x15', 'product_uom_qty': 30, 'price_unit': nan, 'sequence': 12, 'scheduled_date_orig': Timestamp('2025-03-31 00:00:00')}
2025-07-25 16:53:52,902 - INFO - Searching for product with code: 'NMA01-H03-GT12002400x15' and old code: 'NMA01-H03-GT12002400x15'
2025-07-25 16:53:52,947 - INFO - Found product with exact match on default_code: 'NMA01-H03-GT12002400x15'
2025-07-25 16:53:53,121 - INFO - Added product NMA01-H03-GT12002400x15 with quantity 30.0 to picking 11519
2025-07-25 16:53:53,122 - INFO - Move locations - Source: 921, Dest: 5
2025-07-25 16:53:53,122 - INFO - Processing Excel row 13: {'partner_id': 'MOG-OB-Delivary', 'scheduled_date': Timestamp('2025-03-31 00:00:00'), 'picking_type_id': 'OB-Deliveries', 'date_done': Timestamp('2025-03-31 00:00:00'), 'origin': 'BROJ0003029', 'location_dest_id': 'Partners/Customers', 'product_id': 'NMA01-H03-GT12002400x15', 'product_uom_qty': 2, 'price_unit': nan, 'sequence': 13, 'scheduled_date_orig': Timestamp('2025-03-31 00:00:00')}
2025-07-25 16:53:53,123 - INFO - Searching for product with code: 'NMA01-H03-GT12002400x15' and old code: 'NMA01-H03-GT12002400x15'
2025-07-25 16:53:53,193 - INFO - Found product with exact match on default_code: 'NMA01-H03-GT12002400x15'
2025-07-25 16:53:53,419 - INFO - Added product NMA01-H03-GT12002400x15 with quantity 2.0 to picking 11519
2025-07-25 16:53:53,420 - INFO - Move locations - Source: 921, Dest: 5
2025-07-25 16:53:53,421 - INFO - Processing Excel row 14: {'partner_id': 'MOG-OB-Delivary', 'scheduled_date': Timestamp('2025-03-31 00:00:00'), 'picking_type_id': 'OB-Deliveries', 'date_done': Timestamp('2025-03-31 00:00:00'), 'origin': 'BROJ0003031', 'location_dest_id': 'Partners/Customers', 'product_id': 'NMA01-H03-GT12002400x15', 'product_uom_qty': 13, 'price_unit': nan, 'sequence': 14, 'scheduled_date_orig': Timestamp('2025-03-31 00:00:00')}
2025-07-25 16:53:53,422 - INFO - Searching for product with code: 'NMA01-H03-GT12002400x15' and old code: 'NMA01-H03-GT12002400x15'
2025-07-25 16:53:53,474 - INFO - Found product with exact match on default_code: 'NMA01-H03-GT12002400x15'
2025-07-25 16:53:53,783 - INFO - Added product NMA01-H03-GT12002400x15 with quantity 13.0 to picking 11519
2025-07-25 16:53:53,784 - INFO - Move locations - Source: 921, Dest: 5
2025-07-25 16:53:53,785 - INFO - Processing Excel row 15: {'partner_id': 'MOG-OB-Delivary', 'scheduled_date': Timestamp('2025-03-31 00:00:00'), 'picking_type_id': 'OB-Deliveries', 'date_done': Timestamp('2025-03-31 00:00:00'), 'origin': 'BROJ0003027', 'location_dest_id': 'Partners/Customers', 'product_id': 'NMA01-H04-LMN7517-0.7', 'product_uom_qty': 60, 'price_unit': nan, 'sequence': 15, 'scheduled_date_orig': Timestamp('2025-03-31 00:00:00')}
2025-07-25 16:53:53,785 - INFO - Searching for product with code: 'NMA01-H04-LMN7517-0.7' and old code: 'NMA01-H04-LMN7517-0.7'
2025-07-25 16:53:53,850 - INFO - Found product with exact match on default_code: 'NMA01-H04-LMN7517-0.7'
2025-07-25 16:53:54,207 - INFO - Added product NMA01-H04-LMN7517-0.7 with quantity 60.0 to picking 11519
2025-07-25 16:53:54,208 - INFO - Move locations - Source: 921, Dest: 5
2025-07-25 16:53:54,208 - INFO - Processing Excel row 16: {'partner_id': 'MOG-OB-Delivary', 'scheduled_date': Timestamp('2025-03-31 00:00:00'), 'picking_type_id': 'OB-Deliveries', 'date_done': Timestamp('2025-03-31 00:00:00'), 'origin': 'BROJ0003029', 'location_dest_id': 'Partners/Customers', 'product_id': 'NMA01-H04-LMNDWC 3646AT-0.8', 'product_uom_qty': 2, 'price_unit': nan, 'sequence': 16, 'scheduled_date_orig': Timestamp('2025-03-31 00:00:00')}
2025-07-25 16:53:54,209 - INFO - Searching for product with code: 'NMA01-H04-LMNDWC 3646AT-0.8' and old code: 'NMA01-H04-LMNDWC 3646AT-0.8'
2025-07-25 16:53:54,420 - INFO - Found product with exact match on default_code: 'NMA01-H04-LMNDWC 3646AT-0.8'
2025-07-25 16:53:54,737 - INFO - Added product NMA01-H04-LMNDWC 3646AT-0.8 with quantity 2.0 to picking 11519
2025-07-25 16:53:54,737 - INFO - Move locations - Source: 921, Dest: 5
2025-07-25 16:53:54,738 - INFO - Processing Excel row 17: {'partner_id': 'MOG-OB-Delivary', 'scheduled_date': Timestamp('2025-03-31 00:00:00'), 'picking_type_id': 'OB-Deliveries', 'date_done': Timestamp('2025-03-31 00:00:00'), 'origin': 'BROJ0003031', 'location_dest_id': 'Partners/Customers', 'product_id': 'NMA01-H04-LMNDWC 3646AT-0.8', 'product_uom_qty': 26, 'price_unit': nan, 'sequence': 17, 'scheduled_date_orig': Timestamp('2025-03-31 00:00:00')}
2025-07-25 16:53:54,739 - INFO - Searching for product with code: 'NMA01-H04-LMNDWC 3646AT-0.8' and old code: 'NMA01-H04-LMNDWC 3646AT-0.8'
2025-07-25 16:53:54,859 - INFO - Found product with exact match on default_code: 'NMA01-H04-LMNDWC 3646AT-0.8'
2025-07-25 16:53:55,186 - INFO - Added product NMA01-H04-LMNDWC 3646AT-0.8 with quantity 26.0 to picking 11519
2025-07-25 16:53:55,187 - INFO - Move locations - Source: 921, Dest: 5
2025-07-25 16:53:55,404 - INFO - Re-updated dates before confirming picking 11519: 2025-03-31 00:00:00
2025-07-25 16:53:57,951 - INFO - Confirmed transfer 11519 with forced date context
2025-07-25 16:53:57,951 - INFO - Import completed: 1 success, 0 failed.
