2026-04-12 13:06:48,937 - INFO - Successfully connected to Odoo as user ID: 2
2026-04-12 13:06:49,040 - INFO - Odoo version: 17.0.1.3
2026-04-12 13:06:49,298 - INFO - Available date fields in stock.picking: ['activity_date_deadline', 'my_activity_date_deadline', 'scheduled_date', 'date_deadline', 'date', 'date_done', 'delay_alert_date', 'create_date', 'write_date', 'date_notice', 'date_confirmed', 'date_start', 'operation_date']
2026-04-12 13:06:49,431 - INFO - Successfully read Excel file with 6 rows
2026-04-12 13:06:49,431 - INFO - Excel columns: ['partner_id', 'scheduled_date', 'picking_type_id', 'date_done', 'origin', 'location_dest_id', 'default_code', 'product_uom_qty', 'price_unit', 'sequence', 'date']
2026-04-12 13:06:49,432 - INFO - Processed sequence column
2026-04-12 13:06:49,433 - INFO - scheduled_date dtype: datetime64[ns]
2026-04-12 13:06:49,433 - INFO - scheduled_date sample: 2026-03-31 08:00:00
2026-04-12 13:06:49,434 - INFO - Converted scheduled_date to string format. Sample: 2026-03-31 08:00:00
2026-04-12 13:06:49,434 - INFO - Fixed picking type name from 'My Company: OB FIFO' and 'คลังวัตถุดิบ 2: OB FIFO' to 'OB FIFO'
2026-04-12 13:06:49,435 - INFO - Using 'default_code' column as 'product_id'
2026-04-12 13:06:49,435 - INFO - Using 'origin' column to identify transfer groups
2026-04-12 13:06:49,437 - INFO - Excel file validation and data filling completed successfully
2026-04-12 13:06:49,637 - INFO - Searching for location: 'RM03/CSI'
2026-04-12 13:06:49,875 - INFO - Found location with complete_name match: 'RM03/CSI' for 'RM03/CSI'
2026-04-12 13:06:49,958 - INFO - Found partner ID 4937 for 'MOGEN_OB'
2026-04-12 13:06:50,064 - INFO - Created transfer for date 2026-03-31 08:00:00 sequence 1 with picking ID 15018
2026-04-12 13:06:50,066 - INFO - Processing Excel row 1: {'partner_id': 'MOGEN_OB', 'scheduled_date': Timestamp('2026-03-31 08:00:00'), 'picking_type_id': 'RM03-RE', 'date_done': Timestamp('2026-03-31 08:00:00'), 'origin': 'คลังวัตถุดิบ Supplier CSI', 'location_dest_id': 'RM03/CSI', 'default_code': 'NMA02-131000x0.12-308', 'product_uom_qty': 91, 'price_unit': 46, 'sequence': 1, 'date': Timestamp('2025-12-09 00:00:00'), 'scheduled_date_orig': Timestamp('2026-03-31 08:00:00'), 'product_id': 'NMA02-131000x0.12-308'}
2026-04-12 13:06:50,066 - INFO - Searching for product with code: 'NMA02-131000x0.12-308' and old code: 'NMA02-131000x0.12-308'
2026-04-12 13:06:50,324 - INFO - Found product with exact match on old_product_code: 'NMA02-131000x0.12-308'
2026-04-12 13:06:50,418 - INFO - Prepared product NMA02-131000x0.12-308 with quantity 91.0 for batch creation
2026-04-12 13:06:50,418 - INFO - Move locations - Source: 4, Dest: 1184
2026-04-12 13:06:50,419 - INFO - Processing Excel row 2: {'partner_id': 'MOGEN_OB', 'scheduled_date': Timestamp('2026-03-31 08:00:00'), 'picking_type_id': 'RM03-RE', 'date_done': Timestamp('2026-03-31 08:00:00'), 'origin': 'คลังวัตถุดิบ Supplier CSI', 'location_dest_id': 'RM03/CSI', 'default_code': 'NMA02-205-GF50#10', 'product_uom_qty': 88, 'price_unit': 77, 'sequence': 2, 'date': Timestamp('2026-03-20 00:00:00'), 'scheduled_date_orig': Timestamp('2026-03-31 08:00:00'), 'product_id': 'NMA02-205-GF50#10'}
2026-04-12 13:06:50,419 - INFO - Searching for product with code: 'NMA02-205-GF50#10' and old code: 'NMA02-205-GF50#10'
2026-04-12 13:06:50,689 - INFO - Found product with exact match on old_product_code: 'NMA02-205-GF50#10'
2026-04-12 13:06:50,772 - INFO - Prepared product NMA02-205-GF50#10 with quantity 88.0 for batch creation
2026-04-12 13:06:50,772 - INFO - Move locations - Source: 4, Dest: 1184
2026-04-12 13:06:50,773 - INFO - Processing Excel row 3: {'partner_id': 'MOGEN_OB', 'scheduled_date': Timestamp('2026-03-31 08:00:00'), 'picking_type_id': 'RM03-RE', 'date_done': Timestamp('2026-03-31 08:00:00'), 'origin': 'คลังวัตถุดิบ Supplier CSI', 'location_dest_id': 'RM03/CSI', 'default_code': 'NMA02-ขาวเรียบ-1250', 'product_uom_qty': 95, 'price_unit': 77, 'sequence': 3, 'date': Timestamp('2025-05-27 00:00:00'), 'scheduled_date_orig': Timestamp('2026-03-31 08:00:00'), 'product_id': 'NMA02-ขาวเรียบ-1250'}
2026-04-12 13:06:50,773 - INFO - Searching for product with code: 'NMA02-ขาวเรียบ-1250' and old code: 'NMA02-ขาวเรียบ-1250'
2026-04-12 13:06:51,053 - INFO - Found product with exact match on old_product_code: 'NMA02-ขาวเรียบ-1250'
2026-04-12 13:06:51,138 - INFO - Prepared product NMA02-ขาวเรียบ-1250 with quantity 95.0 for batch creation
2026-04-12 13:06:51,138 - INFO - Move locations - Source: 4, Dest: 1184
2026-04-12 13:06:51,139 - INFO - Processing Excel row 4: {'partner_id': 'MOGEN_OB', 'scheduled_date': Timestamp('2026-03-31 08:00:00'), 'picking_type_id': 'RM03-RE', 'date_done': Timestamp('2026-03-31 08:00:00'), 'origin': 'คลังวัตถุดิบ Supplier CSI', 'location_dest_id': 'RM03/CSI', 'default_code': 'NMA02-ขาวเรียบ-1250', 'product_uom_qty': 85, 'price_unit': 77, 'sequence': 4, 'date': Timestamp('2025-12-09 00:00:00'), 'scheduled_date_orig': Timestamp('2026-03-31 08:00:00'), 'product_id': 'NMA02-ขาวเรียบ-1250'}
2026-04-12 13:06:51,139 - INFO - Using cached product ID for code: 'NMA02-ขาวเรียบ-1250'
2026-04-12 13:06:51,139 - INFO - Prepared product NMA02-ขาวเรียบ-1250 with quantity 85.0 for batch creation
2026-04-12 13:06:51,139 - INFO - Move locations - Source: 4, Dest: 1184
2026-04-12 13:06:51,139 - INFO - Processing Excel row 5: {'partner_id': 'MOGEN_OB', 'scheduled_date': Timestamp('2026-03-31 08:00:00'), 'picking_type_id': 'RM03-RE', 'date_done': Timestamp('2026-03-31 08:00:00'), 'origin': 'คลังวัตถุดิบ Supplier CSI', 'location_dest_id': 'RM03/CSI', 'default_code': 'NMA02-ขาวเรียบ-1250', 'product_uom_qty': 3, 'price_unit': 77, 'sequence': 5, 'date': Timestamp('2026-01-29 00:00:00'), 'scheduled_date_orig': Timestamp('2026-03-31 08:00:00'), 'product_id': 'NMA02-ขาวเรียบ-1250'}
2026-04-12 13:06:51,139 - INFO - Using cached product ID for code: 'NMA02-ขาวเรียบ-1250'
2026-04-12 13:06:51,139 - INFO - Prepared product NMA02-ขาวเรียบ-1250 with quantity 3.0 for batch creation
2026-04-12 13:06:51,139 - INFO - Move locations - Source: 4, Dest: 1184
2026-04-12 13:06:51,140 - INFO - Processing Excel row 6: {'partner_id': 'MOGEN_OB', 'scheduled_date': Timestamp('2026-03-31 08:00:00'), 'picking_type_id': 'RM03-RE', 'date_done': Timestamp('2026-03-31 08:00:00'), 'origin': 'คลังวัตถุดิบ Supplier CSI', 'location_dest_id': 'RM03/CSI', 'default_code': 'NMA02-ขาวเรียบ-1250', 'product_uom_qty': 17, 'price_unit': 77, 'sequence': 6, 'date': Timestamp('2026-02-20 00:00:00'), 'scheduled_date_orig': Timestamp('2026-03-31 08:00:00'), 'product_id': 'NMA02-ขาวเรียบ-1250'}
2026-04-12 13:06:51,140 - INFO - Using cached product ID for code: 'NMA02-ขาวเรียบ-1250'
2026-04-12 13:06:51,140 - INFO - Prepared product NMA02-ขาวเรียบ-1250 with quantity 17.0 for batch creation
2026-04-12 13:06:51,140 - INFO - Move locations - Source: 4, Dest: 1184
2026-04-12 13:06:51,281 - INFO - Created 6 moves in batch for picking 15018
2026-04-12 13:06:51,373 - INFO - Re-updated dates before confirming picking 15018: 2026-03-31 08:00:00
2026-04-12 13:06:51,542 - INFO - Confirmed transfer 15018 with forced date context
2026-04-12 13:06:51,543 - INFO - Import completed: 1 success, 0 failed.
