2025-11-27 11:13:37,710 - INFO - Successfully connected to Odoo as user ID: 2
2025-11-27 11:13:37,776 - INFO - Odoo version: 17.0.1.3
2025-11-27 11:13:37,890 - INFO - Available date fields in stock.picking: ['activity_date_deadline', 'my_activity_date_deadline', 'scheduled_date', 'date_deadline', 'date', 'date_done', 'delay_alert_date', 'create_date', 'write_date', 'date_notice', 'date_confirmed', 'date_start', 'operation_date']
2025-11-27 11:13:38,236 - INFO - Successfully read Excel file with 98 rows
2025-11-27 11:13:38,236 - INFO - Excel columns: ['partner_id', 'scheduled_date', 'picking_type_id', 'date_done', 'origin', 'location_dest_id', 'default_code', 'product_uom_qty', 'price_unit', 'sequence', 'date']
2025-11-27 11:13:38,245 - INFO - Processed sequence column
2025-11-27 11:13:38,250 - INFO - scheduled_date dtype: datetime64[ns]
2025-11-27 11:13:38,250 - INFO - scheduled_date sample: 2025-11-30 00:00:00
2025-11-27 11:13:38,254 - INFO - Converted scheduled_date to string format. Sample: 2025-11-30 00:00:00
2025-11-27 11:13:38,256 - INFO - Fixed picking type name from 'My Company: OB FIFO' and 'คลังวัตถุดิบ 2: OB FIFO' to 'OB FIFO'
2025-11-27 11:13:38,258 - INFO - Using 'default_code' column as 'product_id'
2025-11-27 11:13:38,259 - INFO - Using 'origin' column to identify transfer groups
2025-11-27 11:13:38,264 - INFO - Excel file validation and data filling completed successfully
2025-11-27 11:13:38,408 - INFO - Searching for location: 'RM03/CSI'
2025-11-27 11:13:38,602 - INFO - Found location with complete_name match: 'RM03/CSI' for 'RM03/CSI'
2025-11-27 11:13:38,671 - INFO - Found partner ID 4956 for 'MOGEN_OB'
2025-11-27 11:13:38,757 - INFO - Created transfer for date 2025-11-30 00:00:00 sequence 1 with picking ID 29
2025-11-27 11:13:38,759 - INFO - Processing Excel row 1: {'partner_id': 'MOGEN_OB', 'scheduled_date': Timestamp('2025-11-30 00:00:00'), 'picking_type_id': 'RM03CSI-OB', 'date_done': Timestamp('2025-11-30 00:00:00'), 'origin': 'คลังวัตถุดิบ Supplier', 'location_dest_id': 'RM03/CSI', 'default_code': 'NMA02-046-106-1250', 'product_uom_qty': 73, 'price_unit': 83.0, 'sequence': 1, 'date': Timestamp('2025-01-27 00:00:00'), 'scheduled_date_orig': Timestamp('2025-11-30 00:00:00'), 'product_id': 'NMA02-046-106-1250'}
2025-11-27 11:13:38,760 - INFO - Searching for product with code: 'NMA02-046-106-1250' and old code: 'NMA02-046-106-1250'
2025-11-27 11:13:38,963 - INFO - Found product with exact match on old_product_code: 'NMA02-046-106-1250'
2025-11-27 11:13:39,036 - INFO - Prepared product NMA02-046-106-1250 with quantity 73.0 for batch creation
2025-11-27 11:13:39,037 - INFO - Move locations - Source: 14, Dest: 1184
2025-11-27 11:13:39,039 - INFO - Processing Excel row 2: {'partner_id': 'MOGEN_OB', 'scheduled_date': Timestamp('2025-11-30 00:00:00'), 'picking_type_id': 'RM03CSI-OB', 'date_done': Timestamp('2025-11-30 00:00:00'), 'origin': 'คลังวัตถุดิบ Supplier', 'location_dest_id': 'RM03/CSI', 'default_code': 'NMA02-046-106-1250', 'product_uom_qty': 200, 'price_unit': 83.0, 'sequence': 2, 'date': Timestamp('2025-02-07 00:00:00'), 'scheduled_date_orig': Timestamp('2025-11-30 00:00:00'), 'product_id': 'NMA02-046-106-1250'}
2025-11-27 11:13:39,040 - INFO - Using cached product ID for code: 'NMA02-046-106-1250'
2025-11-27 11:13:39,041 - INFO - Prepared product NMA02-046-106-1250 with quantity 200.0 for batch creation
2025-11-27 11:13:39,043 - INFO - Move locations - Source: 14, Dest: 1184
2025-11-27 11:13:39,045 - INFO - Processing Excel row 3: {'partner_id': 'MOGEN_OB', 'scheduled_date': Timestamp('2025-11-30 00:00:00'), 'picking_type_id': 'RM03CSI-OB', 'date_done': Timestamp('2025-11-30 00:00:00'), 'origin': 'คลังวัตถุดิบ Supplier', 'location_dest_id': 'RM03/CSI', 'default_code': 'NMA02-ขาวเรียบ-1250', 'product_uom_qty': 90, 'price_unit': 77.0, 'sequence': 3, 'date': Timestamp('2025-02-07 00:00:00'), 'scheduled_date_orig': Timestamp('2025-11-30 00:00:00'), 'product_id': 'NMA02-ขาวเรียบ-1250'}
2025-11-27 11:13:39,046 - INFO - Searching for product with code: 'NMA02-ขาวเรียบ-1250' and old code: 'NMA02-ขาวเรียบ-1250'
2025-11-27 11:13:39,256 - INFO - Found product with exact match on old_product_code: 'NMA02-ขาวเรียบ-1250'
2025-11-27 11:13:39,326 - INFO - Prepared product NMA02-ขาวเรียบ-1250 with quantity 90.0 for batch creation
2025-11-27 11:13:39,328 - INFO - Move locations - Source: 14, Dest: 1184
2025-11-27 11:13:39,329 - INFO - Processing Excel row 4: {'partner_id': 'MOGEN_OB', 'scheduled_date': Timestamp('2025-11-30 00:00:00'), 'picking_type_id': 'RM03CSI-OB', 'date_done': Timestamp('2025-11-30 00:00:00'), 'origin': 'คลังวัตถุดิบ Supplier', 'location_dest_id': 'RM03/CSI', 'default_code': 'NMA02-ขาวเรียบ-1250', 'product_uom_qty': 130, 'price_unit': 77.0, 'sequence': 4, 'date': Timestamp('2025-05-27 00:00:00'), 'scheduled_date_orig': Timestamp('2025-11-30 00:00:00'), 'product_id': 'NMA02-ขาวเรียบ-1250'}
2025-11-27 11:13:39,331 - INFO - Using cached product ID for code: 'NMA02-ขาวเรียบ-1250'
2025-11-27 11:13:39,332 - INFO - Prepared product NMA02-ขาวเรียบ-1250 with quantity 130.0 for batch creation
2025-11-27 11:13:39,333 - INFO - Move locations - Source: 14, Dest: 1184
2025-11-27 11:13:39,335 - INFO - Processing Excel row 5: {'partner_id': 'MOGEN_OB', 'scheduled_date': Timestamp('2025-11-30 00:00:00'), 'picking_type_id': 'RM03CSI-OB', 'date_done': Timestamp('2025-11-30 00:00:00'), 'origin': 'คลังวัตถุดิบ Supplier', 'location_dest_id': 'RM03/CSI', 'default_code': 'NMA02-131000x0.12-308', 'product_uom_qty': 16, 'price_unit': 46.0, 'sequence': 5, 'date': Timestamp('2025-09-08 00:00:00'), 'scheduled_date_orig': Timestamp('2025-11-30 00:00:00'), 'product_id': 'NMA02-131000x0.12-308'}
2025-11-27 11:13:39,336 - INFO - Searching for product with code: 'NMA02-131000x0.12-308' and old code: 'NMA02-131000x0.12-308'
2025-11-27 11:13:39,548 - INFO - Found product with exact match on old_product_code: 'NMA02-131000x0.12-308'
2025-11-27 11:13:39,619 - INFO - Prepared product NMA02-131000x0.12-308 with quantity 16.0 for batch creation
2025-11-27 11:13:39,621 - INFO - Move locations - Source: 14, Dest: 1184
2025-11-27 11:13:39,622 - INFO - Processing Excel row 6: {'partner_id': 'MOGEN_OB', 'scheduled_date': Timestamp('2025-11-30 00:00:00'), 'picking_type_id': 'RM03CSI-OB', 'date_done': Timestamp('2025-11-30 00:00:00'), 'origin': 'คลังวัตถุดิบ Supplier', 'location_dest_id': 'RM03/CSI', 'default_code': 'NMA02-00000PP36-1250-0.3', 'product_uom_qty': 138, 'price_unit': 122.200129, 'sequence': 6, 'date': Timestamp('2025-09-09 00:00:00'), 'scheduled_date_orig': Timestamp('2025-11-30 00:00:00'), 'product_id': 'NMA02-00000PP36-1250-0.3'}
2025-11-27 11:13:39,624 - INFO - Searching for product with code: 'NMA02-00000PP36-1250-0.3' and old code: 'NMA02-00000PP36-1250-0.3'
2025-11-27 11:13:39,834 - INFO - Found product with exact match on old_product_code: 'NMA02-00000PP36-1250-0.3'
2025-11-27 11:13:39,935 - INFO - Prepared product NMA02-00000PP36-1250-0.3 with quantity 138.0 for batch creation
2025-11-27 11:13:39,936 - INFO - Move locations - Source: 14, Dest: 1184
2025-11-27 11:13:39,938 - INFO - Processing Excel row 7: {'partner_id': 'MOGEN_OB', 'scheduled_date': Timestamp('2025-11-30 00:00:00'), 'picking_type_id': 'RM03CSI-OB', 'date_done': Timestamp('2025-11-30 00:00:00'), 'origin': 'คลังวัตถุดิบ Supplier', 'location_dest_id': 'RM03/CSI', 'default_code': 'NMA02-131000x0.2-48', 'product_uom_qty': 343, 'price_unit': 48.0, 'sequence': 7, 'date': Timestamp('2025-09-18 00:00:00'), 'scheduled_date_orig': Timestamp('2025-11-30 00:00:00'), 'product_id': 'NMA02-131000x0.2-48'}
2025-11-27 11:13:39,939 - INFO - Searching for product with code: 'NMA02-131000x0.2-48' and old code: 'NMA02-131000x0.2-48'
2025-11-27 11:13:40,150 - INFO - Found product with exact match on old_product_code: 'NMA02-131000x0.2-48'
2025-11-27 11:13:40,222 - INFO - Prepared product NMA02-131000x0.2-48 with quantity 343.0 for batch creation
2025-11-27 11:13:40,223 - INFO - Move locations - Source: 14, Dest: 1184
2025-11-27 11:13:40,225 - INFO - Processing Excel row 8: {'partner_id': 'MOGEN_OB', 'scheduled_date': Timestamp('2025-11-30 00:00:00'), 'picking_type_id': 'RM03CSI-OB', 'date_done': Timestamp('2025-11-30 00:00:00'), 'origin': 'คลังวัตถุดิบ Supplier', 'location_dest_id': 'RM03/CSI', 'default_code': 'NMA02-205-GF50#10', 'product_uom_qty': 88, 'price_unit': 77.0, 'sequence': 8, 'date': Timestamp('2025-10-07 00:00:00'), 'scheduled_date_orig': Timestamp('2025-11-30 00:00:00'), 'product_id': 'NMA02-205-GF50#10'}
2025-11-27 11:13:40,226 - INFO - Searching for product with code: 'NMA02-205-GF50#10' and old code: 'NMA02-205-GF50#10'
2025-11-27 11:13:40,432 - INFO - Found product with exact match on old_product_code: 'NMA02-205-GF50#10'
2025-11-27 11:13:40,501 - INFO - Prepared product NMA02-205-GF50#10 with quantity 88.0 for batch creation
2025-11-27 11:13:40,502 - INFO - Move locations - Source: 14, Dest: 1184
2025-11-27 11:13:40,502 - INFO - Processing Excel row 9: {'partner_id': 'MOGEN_OB', 'scheduled_date': Timestamp('2025-11-30 00:00:00'), 'picking_type_id': 'RM03CSI-OB', 'date_done': Timestamp('2025-11-30 00:00:00'), 'origin': 'คลังวัตถุดิบ Supplier', 'location_dest_id': 'RM03/CSI', 'default_code': 'NMA01-H03-GT12002400x15', 'product_uom_qty': 5, 'price_unit': 775.0, 'sequence': 9, 'date': Timestamp('2025-10-10 00:00:00'), 'scheduled_date_orig': Timestamp('2025-11-30 00:00:00'), 'product_id': 'NMA01-H03-GT12002400x15'}
2025-11-27 11:13:40,502 - INFO - Searching for product with code: 'NMA01-H03-GT12002400x15' and old code: 'NMA01-H03-GT12002400x15'
2025-11-27 11:13:40,848 - ERROR - Product not found with code or name: 'NMA01-H03-GT12002400x15' or old code: 'NMA01-H03-GT12002400x15'
2025-11-27 11:13:40,849 - WARNING - Product not found in Odoo: NMA01-H03-GT12002400x15
2025-11-27 11:13:40,850 - INFO - Processing Excel row 10: {'partner_id': 'MOGEN_OB', 'scheduled_date': Timestamp('2025-11-30 00:00:00'), 'picking_type_id': 'RM03CSI-OB', 'date_done': Timestamp('2025-11-30 00:00:00'), 'origin': 'คลังวัตถุดิบ Supplier', 'location_dest_id': 'RM03/CSI', 'default_code': 'NMA02-131000x0.12-308', 'product_uom_qty': 75, 'price_unit': 46.0, 'sequence': 10, 'date': Timestamp('2025-10-22 00:00:00'), 'scheduled_date_orig': Timestamp('2025-11-30 00:00:00'), 'product_id': 'NMA02-131000x0.12-308'}
2025-11-27 11:13:40,851 - INFO - Using cached product ID for code: 'NMA02-131000x0.12-308'
2025-11-27 11:13:40,852 - INFO - Prepared product NMA02-131000x0.12-308 with quantity 75.0 for batch creation
2025-11-27 11:13:40,852 - INFO - Move locations - Source: 14, Dest: 1184
2025-11-27 11:13:40,853 - INFO - Processing Excel row 11: {'partner_id': 'MOGEN_OB', 'scheduled_date': Timestamp('2025-11-30 00:00:00'), 'picking_type_id': 'RM03CSI-OB', 'date_done': Timestamp('2025-11-30 00:00:00'), 'origin': 'คลังวัตถุดิบ Supplier', 'location_dest_id': 'RM03/QTL', 'default_code': 'NMA01-120-HMR-2440-15', 'product_uom_qty': 42, 'price_unit': 401.87, 'sequence': 11, 'date': Timestamp('2024-12-18 00:00:00'), 'scheduled_date_orig': Timestamp('2025-11-30 00:00:00'), 'product_id': 'NMA01-120-HMR-2440-15'}
2025-11-27 11:13:40,854 - INFO - Searching for product with code: 'NMA01-120-HMR-2440-15' and old code: 'NMA01-120-HMR-2440-15'
2025-11-27 11:13:41,070 - INFO - Found product with exact match on old_product_code: 'NMA01-120-HMR-2440-15'
2025-11-27 11:13:41,139 - INFO - Searching for location: 'RM03/QTL'
2025-11-27 11:13:41,348 - INFO - Found location with complete_name match: 'RM03/QTL' for 'RM03/QTL'
2025-11-27 11:13:41,349 - INFO - Row 11 has different destination: RM03/QTL
2025-11-27 11:13:41,350 - INFO - Prepared product NMA01-120-HMR-2440-15 with quantity 42.0 for batch creation
2025-11-27 11:13:41,351 - INFO - Move locations - Source: 14, Dest: 1187
2025-11-27 11:13:41,353 - INFO - Processing Excel row 12: {'partner_id': 'MOGEN_OB', 'scheduled_date': Timestamp('2025-11-30 00:00:00'), 'picking_type_id': 'RM03CSI-OB', 'date_done': Timestamp('2025-11-30 00:00:00'), 'origin': 'คลังวัตถุดิบ Supplier', 'location_dest_id': 'RM03/QTL', 'default_code': 'NMA02-00000PP19-1250', 'product_uom_qty': 72, 'price_unit': 84.4, 'sequence': 12, 'date': Timestamp('2024-12-18 00:00:00'), 'scheduled_date_orig': Timestamp('2025-11-30 00:00:00'), 'product_id': 'NMA02-00000PP19-1250'}
2025-11-27 11:13:41,354 - INFO - Searching for product with code: 'NMA02-00000PP19-1250' and old code: 'NMA02-00000PP19-1250'
2025-11-27 11:13:41,600 - INFO - Found product with exact match on old_product_code: 'NMA02-00000PP19-1250'
2025-11-27 11:13:41,671 - INFO - Using cached location ID for: 'RM03/QTL'
2025-11-27 11:13:41,671 - INFO - Row 12 has different destination: RM03/QTL
2025-11-27 11:13:41,672 - INFO - Prepared product NMA02-00000PP19-1250 with quantity 72.0 for batch creation
2025-11-27 11:13:41,673 - INFO - Move locations - Source: 14, Dest: 1187
2025-11-27 11:13:41,674 - INFO - Processing Excel row 13: {'partner_id': 'MOGEN_OB', 'scheduled_date': Timestamp('2025-11-30 00:00:00'), 'picking_type_id': 'RM03CSI-OB', 'date_done': Timestamp('2025-11-30 00:00:00'), 'origin': 'คลังวัตถุดิบ Supplier', 'location_dest_id': 'RM03/QTL', 'default_code': 'NMA02-131000x0.2-031', 'product_uom_qty': 250, 'price_unit': 46.0, 'sequence': 13, 'date': Timestamp('2024-12-18 00:00:00'), 'scheduled_date_orig': Timestamp('2025-11-30 00:00:00'), 'product_id': 'NMA02-131000x0.2-031'}
2025-11-27 11:13:41,675 - INFO - Searching for product with code: 'NMA02-131000x0.2-031' and old code: 'NMA02-131000x0.2-031'
2025-11-27 11:13:41,890 - INFO - Found product with exact match on old_product_code: 'NMA02-131000x0.2-031'
2025-11-27 11:13:41,963 - INFO - Using cached location ID for: 'RM03/QTL'
2025-11-27 11:13:41,964 - INFO - Row 13 has different destination: RM03/QTL
2025-11-27 11:13:41,965 - INFO - Prepared product NMA02-131000x0.2-031 with quantity 250.0 for batch creation
2025-11-27 11:13:41,966 - INFO - Move locations - Source: 14, Dest: 1187
2025-11-27 11:13:41,967 - INFO - Processing Excel row 14: {'partner_id': 'MOGEN_OB', 'scheduled_date': Timestamp('2025-11-30 00:00:00'), 'picking_type_id': 'RM03CSI-OB', 'date_done': Timestamp('2025-11-30 00:00:00'), 'origin': 'คลังวัตถุดิบ Supplier', 'location_dest_id': 'RM03/QTL', 'default_code': 'NMA02-205-CB/2', 'product_uom_qty': 60, 'price_unit': 77.0, 'sequence': 14, 'date': Timestamp('2024-12-18 00:00:00'), 'scheduled_date_orig': Timestamp('2025-11-30 00:00:00'), 'product_id': 'NMA02-205-CB/2'}
2025-11-27 11:13:41,969 - INFO - Searching for product with code: 'NMA02-205-CB/2' and old code: 'NMA02-205-CB/2'
2025-11-27 11:13:42,177 - INFO - Found product with exact match on old_product_code: 'NMA02-205-CB/2'
2025-11-27 11:13:42,243 - INFO - Using cached location ID for: 'RM03/QTL'
2025-11-27 11:13:42,244 - INFO - Row 14 has different destination: RM03/QTL
2025-11-27 11:13:42,244 - INFO - Prepared product NMA02-205-CB/2 with quantity 60.0 for batch creation
2025-11-27 11:13:42,245 - INFO - Move locations - Source: 14, Dest: 1187
2025-11-27 11:13:42,245 - INFO - Processing Excel row 15: {'partner_id': 'MOGEN_OB', 'scheduled_date': Timestamp('2025-11-30 00:00:00'), 'picking_type_id': 'RM03CSI-OB', 'date_done': Timestamp('2025-11-30 00:00:00'), 'origin': 'คลังวัตถุดิบ Supplier', 'location_dest_id': 'RM03/QTL', 'default_code': 'NMA02-00000PP36-1250-0.3', 'product_uom_qty': 208, 'price_unit': 122.20012884615383, 'sequence': 15, 'date': Timestamp('2025-01-14 00:00:00'), 'scheduled_date_orig': Timestamp('2025-11-30 00:00:00'), 'product_id': 'NMA02-00000PP36-1250-0.3'}
2025-11-27 11:13:42,246 - INFO - Using cached product ID for code: 'NMA02-00000PP36-1250-0.3'
2025-11-27 11:13:42,246 - INFO - Using cached location ID for: 'RM03/QTL'
2025-11-27 11:13:42,246 - INFO - Row 15 has different destination: RM03/QTL
2025-11-27 11:13:42,246 - INFO - Prepared product NMA02-00000PP36-1250-0.3 with quantity 208.0 for batch creation
2025-11-27 11:13:42,247 - INFO - Move locations - Source: 14, Dest: 1187
2025-11-27 11:13:42,247 - INFO - Processing Excel row 16: {'partner_id': 'MOGEN_OB', 'scheduled_date': Timestamp('2025-11-30 00:00:00'), 'picking_type_id': 'RM03CSI-OB', 'date_done': Timestamp('2025-11-30 00:00:00'), 'origin': 'คลังวัตถุดิบ Supplier', 'location_dest_id': 'RM03/QTL', 'default_code': 'NMA02-ขาวเรียบ-1250', 'product_uom_qty': 85, 'price_unit': 77.0, 'sequence': 16, 'date': Timestamp('2025-02-07 00:00:00'), 'scheduled_date_orig': Timestamp('2025-11-30 00:00:00'), 'product_id': 'NMA02-ขาวเรียบ-1250'}
2025-11-27 11:13:42,247 - INFO - Using cached product ID for code: 'NMA02-ขาวเรียบ-1250'
2025-11-27 11:13:42,248 - INFO - Using cached location ID for: 'RM03/QTL'
2025-11-27 11:13:42,248 - INFO - Row 16 has different destination: RM03/QTL
2025-11-27 11:13:42,248 - INFO - Prepared product NMA02-ขาวเรียบ-1250 with quantity 85.0 for batch creation
2025-11-27 11:13:42,249 - INFO - Move locations - Source: 14, Dest: 1187
2025-11-27 11:13:42,249 - INFO - Processing Excel row 17: {'partner_id': 'MOGEN_OB', 'scheduled_date': Timestamp('2025-11-30 00:00:00'), 'picking_type_id': 'RM03CSI-OB', 'date_done': Timestamp('2025-11-30 00:00:00'), 'origin': 'คลังวัตถุดิบ Supplier', 'location_dest_id': 'RM03/QTL', 'default_code': 'MA02-White-Gloss', 'product_uom_qty': 85, 'price_unit': 130.0, 'sequence': 17, 'date': Timestamp('2025-02-27 00:00:00'), 'scheduled_date_orig': Timestamp('2025-11-30 00:00:00'), 'product_id': 'MA02-White-Gloss'}
2025-11-27 11:13:42,250 - INFO - Searching for product with code: 'MA02-White-Gloss' and old code: 'MA02-White-Gloss'
2025-11-27 11:13:42,450 - INFO - Found product with exact match on old_product_code: 'MA02-White-Gloss'
2025-11-27 11:13:42,520 - INFO - Using cached location ID for: 'RM03/QTL'
2025-11-27 11:13:42,521 - INFO - Row 17 has different destination: RM03/QTL
2025-11-27 11:13:42,521 - INFO - Prepared product MA02-White-Gloss with quantity 85.0 for batch creation
2025-11-27 11:13:42,522 - INFO - Move locations - Source: 14, Dest: 1187
2025-11-27 11:13:42,522 - INFO - Processing Excel row 18: {'partner_id': 'MOGEN_OB', 'scheduled_date': Timestamp('2025-11-30 00:00:00'), 'picking_type_id': 'RM03CSI-OB', 'date_done': Timestamp('2025-11-30 00:00:00'), 'origin': 'คลังวัตถุดิบ Supplier', 'location_dest_id': 'RM03/QTL', 'default_code': 'NMA01-H4-LMN1249-0.8', 'product_uom_qty': 4, 'price_unit': 1007.5, 'sequence': 18, 'date': Timestamp('2025-05-23 00:00:00'), 'scheduled_date_orig': Timestamp('2025-11-30 00:00:00'), 'product_id': 'NMA01-H4-LMN1249-0.8'}
2025-11-27 11:13:42,523 - INFO - Searching for product with code: 'NMA01-H4-LMN1249-0.8' and old code: 'NMA01-H4-LMN1249-0.8'
2025-11-27 11:13:42,732 - INFO - Found product with exact match on old_product_code: 'NMA01-H4-LMN1249-0.8'
2025-11-27 11:13:42,814 - INFO - Using cached location ID for: 'RM03/QTL'
2025-11-27 11:13:42,814 - INFO - Row 18 has different destination: RM03/QTL
2025-11-27 11:13:42,814 - INFO - Prepared product NMA01-H4-LMN1249-0.8 with quantity 4.0 for batch creation
2025-11-27 11:13:42,815 - INFO - Move locations - Source: 14, Dest: 1187
2025-11-27 11:13:42,815 - INFO - Processing Excel row 19: {'partner_id': 'MOGEN_OB', 'scheduled_date': Timestamp('2025-11-30 00:00:00'), 'picking_type_id': 'RM03CSI-OB', 'date_done': Timestamp('2025-11-30 00:00:00'), 'origin': 'คลังวัตถุดิบ Supplier', 'location_dest_id': 'RM03/QTL', 'default_code': 'NMA02-131000x0.12-308', 'product_uom_qty': 213, 'price_unit': 46.0, 'sequence': 19, 'date': Timestamp('2025-09-08 00:00:00'), 'scheduled_date_orig': Timestamp('2025-11-30 00:00:00'), 'product_id': 'NMA02-131000x0.12-308'}
2025-11-27 11:13:42,815 - INFO - Using cached product ID for code: 'NMA02-131000x0.12-308'
2025-11-27 11:13:42,816 - INFO - Using cached location ID for: 'RM03/QTL'
2025-11-27 11:13:42,816 - INFO - Row 19 has different destination: RM03/QTL
2025-11-27 11:13:42,816 - INFO - Prepared product NMA02-131000x0.12-308 with quantity 213.0 for batch creation
2025-11-27 11:13:42,817 - INFO - Move locations - Source: 14, Dest: 1187
2025-11-27 11:13:42,817 - INFO - Processing Excel row 20: {'partner_id': 'MOGEN_OB', 'scheduled_date': Timestamp('2025-11-30 00:00:00'), 'picking_type_id': 'RM03CSI-OB', 'date_done': Timestamp('2025-11-30 00:00:00'), 'origin': 'คลังวัตถุดิบ Supplier', 'location_dest_id': 'RM03/QTL', 'default_code': 'NMA02-131000x0.12-308', 'product_uom_qty': 484, 'price_unit': 46.0, 'sequence': 20, 'date': Timestamp('2025-09-08 00:00:00'), 'scheduled_date_orig': Timestamp('2025-11-30 00:00:00'), 'product_id': 'NMA02-131000x0.12-308'}
2025-11-27 11:13:42,817 - INFO - Using cached product ID for code: 'NMA02-131000x0.12-308'
2025-11-27 11:13:42,818 - INFO - Using cached location ID for: 'RM03/QTL'
2025-11-27 11:13:42,818 - INFO - Row 20 has different destination: RM03/QTL
2025-11-27 11:13:42,818 - INFO - Prepared product NMA02-131000x0.12-308 with quantity 484.0 for batch creation
2025-11-27 11:13:42,818 - INFO - Move locations - Source: 14, Dest: 1187
2025-11-27 11:13:42,819 - INFO - Processing Excel row 21: {'partner_id': 'MOGEN_OB', 'scheduled_date': Timestamp('2025-11-30 00:00:00'), 'picking_type_id': 'RM03CSI-OB', 'date_done': Timestamp('2025-11-30 00:00:00'), 'origin': 'คลังวัตถุดิบ Supplier', 'location_dest_id': 'RM03/QTL', 'default_code': 'NMA02-00000PP36-1250-0.3', 'product_uom_qty': 162, 'price_unit': 122.200129, 'sequence': 21, 'date': Timestamp('2025-09-09 00:00:00'), 'scheduled_date_orig': Timestamp('2025-11-30 00:00:00'), 'product_id': 'NMA02-00000PP36-1250-0.3'}
2025-11-27 11:13:42,819 - INFO - Using cached product ID for code: 'NMA02-00000PP36-1250-0.3'
2025-11-27 11:13:42,819 - INFO - Using cached location ID for: 'RM03/QTL'
2025-11-27 11:13:42,820 - INFO - Row 21 has different destination: RM03/QTL
2025-11-27 11:13:42,820 - INFO - Prepared product NMA02-00000PP36-1250-0.3 with quantity 162.0 for batch creation
2025-11-27 11:13:42,820 - INFO - Move locations - Source: 14, Dest: 1187
2025-11-27 11:13:42,821 - INFO - Processing Excel row 22: {'partner_id': 'MOGEN_OB', 'scheduled_date': Timestamp('2025-11-30 00:00:00'), 'picking_type_id': 'RM03CSI-OB', 'date_done': Timestamp('2025-11-30 00:00:00'), 'origin': 'คลังวัตถุดิบ Supplier', 'location_dest_id': 'RM03/QTL', 'default_code': 'MA01-168A12202440A', 'product_uom_qty': 1, 'price_unit': 1423.553, 'sequence': 22, 'date': Timestamp('2025-10-22 00:00:00'), 'scheduled_date_orig': Timestamp('2025-11-30 00:00:00'), 'product_id': 'MA01-168A12202440A'}
2025-11-27 11:13:42,821 - INFO - Searching for product with code: 'MA01-168A12202440A' and old code: 'MA01-168A12202440A'
2025-11-27 11:13:43,025 - INFO - Found product with exact match on old_product_code: 'MA01-168A12202440A'
2025-11-27 11:13:43,098 - INFO - Using cached location ID for: 'RM03/QTL'
2025-11-27 11:13:43,099 - INFO - Row 22 has different destination: RM03/QTL
2025-11-27 11:13:43,099 - INFO - Prepared product MA01-168A12202440A with quantity 1.0 for batch creation
2025-11-27 11:13:43,099 - INFO - Move locations - Source: 14, Dest: 1187
2025-11-27 11:13:43,100 - INFO - Processing Excel row 23: {'partner_id': 'MOGEN_OB', 'scheduled_date': Timestamp('2025-11-30 00:00:00'), 'picking_type_id': 'RM03CSI-OB', 'date_done': Timestamp('2025-11-30 00:00:00'), 'origin': 'คลังวัตถุดิบ Supplier', 'location_dest_id': 'RM03/QTL', 'default_code': 'NMA01-120-PB-HMR-2440-16', 'product_uom_qty': 10, 'price_unit': 340.0, 'sequence': 23, 'date': Timestamp('2025-10-22 00:00:00'), 'scheduled_date_orig': Timestamp('2025-11-30 00:00:00'), 'product_id': 'NMA01-120-PB-HMR-2440-16'}
2025-11-27 11:13:43,100 - INFO - Searching for product with code: 'NMA01-120-PB-HMR-2440-16' and old code: 'NMA01-120-PB-HMR-2440-16'
2025-11-27 11:13:43,321 - INFO - Found product with exact match on old_product_code: 'NMA01-120-PB-HMR-2440-16'
2025-11-27 11:13:43,388 - INFO - Using cached location ID for: 'RM03/QTL'
2025-11-27 11:13:43,388 - INFO - Row 23 has different destination: RM03/QTL
2025-11-27 11:13:43,389 - INFO - Prepared product NMA01-120-PB-HMR-2440-16 with quantity 10.0 for batch creation
2025-11-27 11:13:43,389 - INFO - Move locations - Source: 14, Dest: 1187
2025-11-27 11:13:43,390 - INFO - Processing Excel row 24: {'partner_id': 'MOGEN_OB', 'scheduled_date': Timestamp('2025-11-30 00:00:00'), 'picking_type_id': 'RM03CSI-OB', 'date_done': Timestamp('2025-11-30 00:00:00'), 'origin': 'คลังวัตถุดิบ Supplier', 'location_dest_id': 'RM03/TCI', 'default_code': 'BAC11', 'product_uom_qty': 89, 'price_unit': 9.0, 'sequence': 24, 'date': Timestamp('2019-01-01 00:00:00'), 'scheduled_date_orig': Timestamp('2025-11-30 00:00:00'), 'product_id': 'BAC11'}
2025-11-27 11:13:43,390 - INFO - Searching for product with code: 'BAC11' and old code: 'BAC11'
2025-11-27 11:13:43,601 - INFO - Found product with exact match on old_product_code: 'BAC11'
2025-11-27 11:13:43,671 - INFO - Searching for location: 'RM03/TCI'
2025-11-27 11:13:43,863 - INFO - Found location with complete_name match: 'RM03/TCI' for 'RM03/TCI'
2025-11-27 11:13:43,863 - INFO - Row 24 has different destination: RM03/TCI
2025-11-27 11:13:43,864 - INFO - Prepared product BAC11 with quantity 89.0 for batch creation
2025-11-27 11:13:43,864 - INFO - Move locations - Source: 14, Dest: 1188
2025-11-27 11:13:43,865 - INFO - Processing Excel row 25: {'partner_id': 'MOGEN_OB', 'scheduled_date': Timestamp('2025-11-30 00:00:00'), 'picking_type_id': 'RM03CSI-OB', 'date_done': Timestamp('2025-11-30 00:00:00'), 'origin': 'คลังวัตถุดิบ Supplier', 'location_dest_id': 'RM03/TCI', 'default_code': 'BAC11', 'product_uom_qty': 18, 'price_unit': 9.0, 'sequence': 25, 'date': Timestamp('2019-07-29 00:00:00'), 'scheduled_date_orig': Timestamp('2025-11-30 00:00:00'), 'product_id': 'BAC11'}
2025-11-27 11:13:43,865 - INFO - Using cached product ID for code: 'BAC11'
2025-11-27 11:13:43,865 - INFO - Using cached location ID for: 'RM03/TCI'
2025-11-27 11:13:43,866 - INFO - Row 25 has different destination: RM03/TCI
2025-11-27 11:13:43,866 - INFO - Prepared product BAC11 with quantity 18.0 for batch creation
2025-11-27 11:13:43,866 - INFO - Move locations - Source: 14, Dest: 1188
2025-11-27 11:13:43,867 - INFO - Processing Excel row 26: {'partner_id': 'MOGEN_OB', 'scheduled_date': Timestamp('2025-11-30 00:00:00'), 'picking_type_id': 'RM03CSI-OB', 'date_done': Timestamp('2025-11-30 00:00:00'), 'origin': 'คลังวัตถุดิบ Supplier', 'location_dest_id': 'RM03/TCI', 'default_code': 'BMA014', 'product_uom_qty': 75, 'price_unit': 78.5, 'sequence': 26, 'date': Timestamp('2023-04-08 00:00:00'), 'scheduled_date_orig': Timestamp('2025-11-30 00:00:00'), 'product_id': 'BMA014'}
2025-11-27 11:13:43,867 - INFO - Searching for product with code: 'BMA014' and old code: 'BMA014'
2025-11-27 11:13:44,077 - INFO - Found product with exact match on old_product_code: 'BMA014'
2025-11-27 11:13:44,153 - INFO - Using cached location ID for: 'RM03/TCI'
2025-11-27 11:13:44,153 - INFO - Row 26 has different destination: RM03/TCI
2025-11-27 11:13:44,154 - INFO - Prepared product BMA014 with quantity 75.0 for batch creation
2025-11-27 11:13:44,154 - INFO - Move locations - Source: 14, Dest: 1188
2025-11-27 11:13:44,155 - INFO - Processing Excel row 27: {'partner_id': 'MOGEN_OB', 'scheduled_date': Timestamp('2025-11-30 00:00:00'), 'picking_type_id': 'RM03CSI-OB', 'date_done': Timestamp('2025-11-30 00:00:00'), 'origin': 'คลังวัตถุดิบ Supplier', 'location_dest_id': 'RM03/TCI', 'default_code': 'BMA014', 'product_uom_qty': 10, 'price_unit': 78.5, 'sequence': 27, 'date': Timestamp('2023-11-30 00:00:00'), 'scheduled_date_orig': Timestamp('2025-11-30 00:00:00'), 'product_id': 'BMA014'}
2025-11-27 11:13:44,155 - INFO - Using cached product ID for code: 'BMA014'
2025-11-27 11:13:44,155 - INFO - Using cached location ID for: 'RM03/TCI'
2025-11-27 11:13:44,155 - INFO - Row 27 has different destination: RM03/TCI
2025-11-27 11:13:44,156 - INFO - Prepared product BMA014 with quantity 10.0 for batch creation
2025-11-27 11:13:44,156 - INFO - Move locations - Source: 14, Dest: 1188
2025-11-27 11:13:44,156 - INFO - Processing Excel row 28: {'partner_id': 'MOGEN_OB', 'scheduled_date': Timestamp('2025-11-30 00:00:00'), 'picking_type_id': 'RM03CSI-OB', 'date_done': Timestamp('2025-11-30 00:00:00'), 'origin': 'คลังวัตถุดิบ Supplier', 'location_dest_id': 'RM03/TCI', 'default_code': 'SP0017100', 'product_uom_qty': 2, 'price_unit': 71.9416424731183, 'sequence': 28, 'date': Timestamp('2024-01-31 00:00:00'), 'scheduled_date_orig': Timestamp('2025-11-30 00:00:00'), 'product_id': 'SP0017100'}
2025-11-27 11:13:44,156 - INFO - Searching for product with code: 'SP0017100' and old code: 'SP0017100'
2025-11-27 11:13:44,224 - INFO - Found product with exact match on default_code: 'SP0017100'
2025-11-27 11:13:44,293 - INFO - Using cached location ID for: 'RM03/TCI'
2025-11-27 11:13:44,293 - INFO - Row 28 has different destination: RM03/TCI
2025-11-27 11:13:44,293 - INFO - Prepared product SP0017100 with quantity 2.0 for batch creation
2025-11-27 11:13:44,294 - INFO - Move locations - Source: 14, Dest: 1188
2025-11-27 11:13:44,294 - INFO - Processing Excel row 29: {'partner_id': 'MOGEN_OB', 'scheduled_date': Timestamp('2025-11-30 00:00:00'), 'picking_type_id': 'RM03CSI-OB', 'date_done': Timestamp('2025-11-30 00:00:00'), 'origin': 'คลังวัตถุดิบ Supplier', 'location_dest_id': 'RM03/TCI', 'default_code': 'BAC13', 'product_uom_qty': 243, 'price_unit': 7.0, 'sequence': 29, 'date': Timestamp('2024-10-28 00:00:00'), 'scheduled_date_orig': Timestamp('2025-11-30 00:00:00'), 'product_id': 'BAC13'}
2025-11-27 11:13:44,295 - INFO - Searching for product with code: 'BAC13' and old code: 'BAC13'
2025-11-27 11:13:44,499 - INFO - Found product with exact match on old_product_code: 'BAC13'
2025-11-27 11:13:44,573 - INFO - Using cached location ID for: 'RM03/TCI'
2025-11-27 11:13:44,574 - INFO - Row 29 has different destination: RM03/TCI
2025-11-27 11:13:44,576 - INFO - Prepared product BAC13 with quantity 243.0 for batch creation
2025-11-27 11:13:44,577 - INFO - Move locations - Source: 14, Dest: 1188
2025-11-27 11:13:44,579 - INFO - Processing Excel row 30: {'partner_id': 'MOGEN_OB', 'scheduled_date': Timestamp('2025-11-30 00:00:00'), 'picking_type_id': 'RM03CSI-OB', 'date_done': Timestamp('2025-11-30 00:00:00'), 'origin': 'คลังวัตถุดิบ Supplier', 'location_dest_id': 'RM03/TCI', 'default_code': 'BMT056ECO', 'product_uom_qty': 123, 'price_unit': 145.07, 'sequence': 30, 'date': Timestamp('2024-12-18 00:00:00'), 'scheduled_date_orig': Timestamp('2025-11-30 00:00:00'), 'product_id': 'BMT056ECO'}
2025-11-27 11:13:44,581 - INFO - Searching for product with code: 'BMT056ECO' and old code: 'BMT056ECO'
2025-11-27 11:13:44,790 - INFO - Found product with exact match on old_product_code: 'BMT056ECO'
2025-11-27 11:13:44,857 - INFO - Using cached location ID for: 'RM03/TCI'
2025-11-27 11:13:44,857 - INFO - Row 30 has different destination: RM03/TCI
2025-11-27 11:13:44,858 - INFO - Prepared product BMT056ECO with quantity 123.0 for batch creation
2025-11-27 11:13:44,858 - INFO - Move locations - Source: 14, Dest: 1188
2025-11-27 11:13:44,860 - INFO - Processing Excel row 31: {'partner_id': 'MOGEN_OB', 'scheduled_date': Timestamp('2025-11-30 00:00:00'), 'picking_type_id': 'RM03CSI-OB', 'date_done': Timestamp('2025-11-30 00:00:00'), 'origin': 'คลังวัตถุดิบ Supplier', 'location_dest_id': 'RM03/TCI', 'default_code': 'BAC051', 'product_uom_qty': 235, 'price_unit': 6.0, 'sequence': 31, 'date': Timestamp('2025-04-28 00:00:00'), 'scheduled_date_orig': Timestamp('2025-11-30 00:00:00'), 'product_id': 'BAC051'}
2025-11-27 11:13:44,860 - INFO - Searching for product with code: 'BAC051' and old code: 'BAC051'
2025-11-27 11:13:45,078 - INFO - Found product with exact match on old_product_code: 'BAC051'
2025-11-27 11:13:45,147 - INFO - Using cached location ID for: 'RM03/TCI'
2025-11-27 11:13:45,147 - INFO - Row 31 has different destination: RM03/TCI
2025-11-27 11:13:45,147 - INFO - Prepared product BAC051 with quantity 235.0 for batch creation
2025-11-27 11:13:45,148 - INFO - Move locations - Source: 14, Dest: 1188
2025-11-27 11:13:45,148 - INFO - Processing Excel row 32: {'partner_id': 'MOGEN_OB', 'scheduled_date': Timestamp('2025-11-30 00:00:00'), 'picking_type_id': 'RM03CSI-OB', 'date_done': Timestamp('2025-11-30 00:00:00'), 'origin': 'คลังวัตถุดิบ Supplier', 'location_dest_id': 'RM03/TCI', 'default_code': 'BAC23335363', 'product_uom_qty': 241, 'price_unit': 9.0, 'sequence': 32, 'date': Timestamp('2025-04-28 00:00:00'), 'scheduled_date_orig': Timestamp('2025-11-30 00:00:00'), 'product_id': 'BAC23335363'}
2025-11-27 11:13:45,149 - INFO - Searching for product with code: 'BAC23335363' and old code: 'BAC23335363'
2025-11-27 11:13:45,358 - INFO - Found product with exact match on old_product_code: 'BAC23335363'
2025-11-27 11:13:45,429 - INFO - Using cached location ID for: 'RM03/TCI'
2025-11-27 11:13:45,429 - INFO - Row 32 has different destination: RM03/TCI
2025-11-27 11:13:45,429 - INFO - Prepared product BAC23335363 with quantity 241.0 for batch creation
2025-11-27 11:13:45,429 - INFO - Move locations - Source: 14, Dest: 1188
2025-11-27 11:13:45,430 - INFO - Processing Excel row 33: {'partner_id': 'MOGEN_OB', 'scheduled_date': Timestamp('2025-11-30 00:00:00'), 'picking_type_id': 'RM03CSI-OB', 'date_done': Timestamp('2025-11-30 00:00:00'), 'origin': 'คลังวัตถุดิบ Supplier', 'location_dest_id': 'RM03/TCI', 'default_code': 'BMTK03', 'product_uom_qty': 6, 'price_unit': 139.2, 'sequence': 33, 'date': Timestamp('2025-05-21 00:00:00'), 'scheduled_date_orig': Timestamp('2025-11-30 00:00:00'), 'product_id': 'BMTK03'}
2025-11-27 11:13:45,430 - INFO - Searching for product with code: 'BMTK03' and old code: 'BMTK03'
2025-11-27 11:13:45,646 - INFO - Found product with exact match on old_product_code: 'BMTK03'
2025-11-27 11:13:45,717 - INFO - Using cached location ID for: 'RM03/TCI'
2025-11-27 11:13:45,718 - INFO - Row 33 has different destination: RM03/TCI
2025-11-27 11:13:45,720 - INFO - Prepared product BMTK03 with quantity 6.0 for batch creation
2025-11-27 11:13:45,721 - INFO - Move locations - Source: 14, Dest: 1188
2025-11-27 11:13:45,723 - INFO - Processing Excel row 34: {'partner_id': 'MOGEN_OB', 'scheduled_date': Timestamp('2025-11-30 00:00:00'), 'picking_type_id': 'RM03CSI-OB', 'date_done': Timestamp('2025-11-30 00:00:00'), 'origin': 'คลังวัตถุดิบ Supplier', 'location_dest_id': 'RM03/TCI', 'default_code': 'BMT057ECOTCI', 'product_uom_qty': 6, 'price_unit': 161.0, 'sequence': 34, 'date': Timestamp('2025-06-05 00:00:00'), 'scheduled_date_orig': Timestamp('2025-11-30 00:00:00'), 'product_id': 'BMT057ECOTCI'}
2025-11-27 11:13:45,724 - INFO - Searching for product with code: 'BMT057ECOTCI' and old code: 'BMT057ECOTCI'
2025-11-27 11:13:45,942 - INFO - Found product with exact match on old_product_code: 'BMT057ECOTCI'
2025-11-27 11:13:46,014 - INFO - Using cached location ID for: 'RM03/TCI'
2025-11-27 11:13:46,014 - INFO - Row 34 has different destination: RM03/TCI
2025-11-27 11:13:46,015 - INFO - Prepared product BMT057ECOTCI with quantity 6.0 for batch creation
2025-11-27 11:13:46,016 - INFO - Move locations - Source: 14, Dest: 1188
2025-11-27 11:13:46,017 - INFO - Processing Excel row 35: {'partner_id': 'MOGEN_OB', 'scheduled_date': Timestamp('2025-11-30 00:00:00'), 'picking_type_id': 'RM03CSI-OB', 'date_done': Timestamp('2025-11-30 00:00:00'), 'origin': 'คลังวัตถุดิบ Supplier', 'location_dest_id': 'RM03/TCI', 'default_code': 'SPW0054110', 'product_uom_qty': 38, 'price_unit': 211.088578378378, 'sequence': 35, 'date': Timestamp('2025-06-20 00:00:00'), 'scheduled_date_orig': Timestamp('2025-11-30 00:00:00'), 'product_id': 'SPW0054110'}
2025-11-27 11:13:46,018 - INFO - Searching for product with code: 'SPW0054110' and old code: 'SPW0054110'
2025-11-27 11:13:46,090 - INFO - Found product with exact match on default_code: 'SPW0054110'
2025-11-27 11:13:46,562 - INFO - Using cached location ID for: 'RM03/TCI'
2025-11-27 11:13:46,563 - INFO - Row 35 has different destination: RM03/TCI
2025-11-27 11:13:46,563 - INFO - Prepared product SPW0054110 with quantity 38.0 for batch creation
2025-11-27 11:13:46,563 - INFO - Move locations - Source: 14, Dest: 1188
2025-11-27 11:13:46,564 - INFO - Processing Excel row 36: {'partner_id': 'MOGEN_OB', 'scheduled_date': Timestamp('2025-11-30 00:00:00'), 'picking_type_id': 'RM03CSI-OB', 'date_done': Timestamp('2025-11-30 00:00:00'), 'origin': 'คลังวัตถุดิบ Supplier', 'location_dest_id': 'RM03/TCI', 'default_code': 'BMA183A', 'product_uom_qty': 160, 'price_unit': 53.0, 'sequence': 36, 'date': Timestamp('2025-06-30 00:00:00'), 'scheduled_date_orig': Timestamp('2025-11-30 00:00:00'), 'product_id': 'BMA183A'}
2025-11-27 11:13:46,565 - INFO - Searching for product with code: 'BMA183A' and old code: 'BMA183A'
2025-11-27 11:13:46,773 - INFO - Found product with exact match on old_product_code: 'BMA183A'
2025-11-27 11:13:46,844 - INFO - Using cached location ID for: 'RM03/TCI'
2025-11-27 11:13:46,844 - INFO - Row 36 has different destination: RM03/TCI
2025-11-27 11:13:46,845 - INFO - Prepared product BMA183A with quantity 160.0 for batch creation
2025-11-27 11:13:46,845 - INFO - Move locations - Source: 14, Dest: 1188
2025-11-27 11:13:46,845 - INFO - Processing Excel row 37: {'partner_id': 'MOGEN_OB', 'scheduled_date': Timestamp('2025-11-30 00:00:00'), 'picking_type_id': 'RM03CSI-OB', 'date_done': Timestamp('2025-11-30 00:00:00'), 'origin': 'คลังวัตถุดิบ Supplier', 'location_dest_id': 'RM03/TCI', 'default_code': 'BAC052', 'product_uom_qty': 772, 'price_unit': 5.5, 'sequence': 37, 'date': Timestamp('2025-07-17 00:00:00'), 'scheduled_date_orig': Timestamp('2025-11-30 00:00:00'), 'product_id': 'BAC052'}
2025-11-27 11:13:46,846 - INFO - Searching for product with code: 'BAC052' and old code: 'BAC052'
2025-11-27 11:13:47,454 - INFO - Found product with exact match on old_product_code: 'BAC052'
2025-11-27 11:13:47,523 - INFO - Using cached location ID for: 'RM03/TCI'
2025-11-27 11:13:47,524 - INFO - Row 37 has different destination: RM03/TCI
2025-11-27 11:13:47,524 - INFO - Prepared product BAC052 with quantity 772.0 for batch creation
2025-11-27 11:13:47,524 - INFO - Move locations - Source: 14, Dest: 1188
2025-11-27 11:13:47,525 - INFO - Processing Excel row 38: {'partner_id': 'MOGEN_OB', 'scheduled_date': Timestamp('2025-11-30 00:00:00'), 'picking_type_id': 'RM03CSI-OB', 'date_done': Timestamp('2025-11-30 00:00:00'), 'origin': 'คลังวัตถุดิบ Supplier', 'location_dest_id': 'RM03/TCI', 'default_code': 'MT541S101', 'product_uom_qty': 129, 'price_unit': 351.1988519379845, 'sequence': 38, 'date': Timestamp('2025-08-22 00:00:00'), 'scheduled_date_orig': Timestamp('2025-11-30 00:00:00'), 'product_id': 'MT541S101'}
2025-11-27 11:13:47,525 - INFO - Searching for product with code: 'MT541S101' and old code: 'MT541S101'
2025-11-27 11:13:47,999 - INFO - Found product with exact match on default_code: 'MT541S101'
2025-11-27 11:13:48,474 - INFO - Using cached location ID for: 'RM03/TCI'
2025-11-27 11:13:48,475 - INFO - Row 38 has different destination: RM03/TCI
2025-11-27 11:13:48,476 - INFO - Prepared product MT541S101 with quantity 129.0 for batch creation
2025-11-27 11:13:48,477 - INFO - Move locations - Source: 14, Dest: 1188
2025-11-27 11:13:48,479 - INFO - Processing Excel row 39: {'partner_id': 'MOGEN_OB', 'scheduled_date': Timestamp('2025-11-30 00:00:00'), 'picking_type_id': 'RM03CSI-OB', 'date_done': Timestamp('2025-11-30 00:00:00'), 'origin': 'คลังวัตถุดิบ Supplier', 'location_dest_id': 'RM03/TCI', 'default_code': 'PACK000239', 'product_uom_qty': 150, 'price_unit': 63.771737333333334, 'sequence': 39, 'date': Timestamp('2025-08-22 00:00:00'), 'scheduled_date_orig': Timestamp('2025-11-30 00:00:00'), 'product_id': 'PACK000239'}
2025-11-27 11:13:48,480 - INFO - Searching for product with code: 'PACK000239' and old code: 'PACK000239'
2025-11-27 11:13:48,549 - INFO - Found product with exact match on default_code: 'PACK000239'
2025-11-27 11:13:48,622 - INFO - Using cached location ID for: 'RM03/TCI'
2025-11-27 11:13:48,624 - INFO - Row 39 has different destination: RM03/TCI
2025-11-27 11:13:48,625 - INFO - Prepared product PACK000239 with quantity 150.0 for batch creation
2025-11-27 11:13:48,626 - INFO - Move locations - Source: 14, Dest: 1188
2025-11-27 11:13:48,627 - INFO - Processing Excel row 40: {'partner_id': 'MOGEN_OB', 'scheduled_date': Timestamp('2025-11-30 00:00:00'), 'picking_type_id': 'RM03CSI-OB', 'date_done': Timestamp('2025-11-30 00:00:00'), 'origin': 'คลังวัตถุดิบ Supplier', 'location_dest_id': 'RM03/TCI', 'default_code': 'SPW0056200', 'product_uom_qty': 50, 'price_unit': 204.171846428571, 'sequence': 40, 'date': Timestamp('2025-08-22 00:00:00'), 'scheduled_date_orig': Timestamp('2025-11-30 00:00:00'), 'product_id': 'SPW0056200'}
2025-11-27 11:13:48,627 - INFO - Searching for product with code: 'SPW0056200' and old code: 'SPW0056200'
2025-11-27 11:13:48,698 - INFO - Found product with exact match on default_code: 'SPW0056200'
2025-11-27 11:13:48,771 - INFO - Using cached location ID for: 'RM03/TCI'
2025-11-27 11:13:48,772 - INFO - Row 40 has different destination: RM03/TCI
2025-11-27 11:13:48,773 - INFO - Prepared product SPW0056200 with quantity 50.0 for batch creation
2025-11-27 11:13:48,774 - INFO - Move locations - Source: 14, Dest: 1188
2025-11-27 11:13:48,777 - INFO - Processing Excel row 41: {'partner_id': 'MOGEN_OB', 'scheduled_date': Timestamp('2025-11-30 00:00:00'), 'picking_type_id': 'RM03CSI-OB', 'date_done': Timestamp('2025-11-30 00:00:00'), 'origin': 'คลังวัตถุดิบ Supplier', 'location_dest_id': 'RM03/TCI', 'default_code': 'MA575C110', 'product_uom_qty': 1, 'price_unit': 820.0, 'sequence': 41, 'date': Timestamp('2025-08-25 00:00:00'), 'scheduled_date_orig': Timestamp('2025-11-30 00:00:00'), 'product_id': 'MA575C110'}
2025-11-27 11:13:48,778 - INFO - Searching for product with code: 'MA575C110' and old code: 'MA575C110'
2025-11-27 11:13:48,845 - INFO - Found product with exact match on default_code: 'MA575C110'
2025-11-27 11:13:48,916 - INFO - Using cached location ID for: 'RM03/TCI'
2025-11-27 11:13:48,917 - INFO - Row 41 has different destination: RM03/TCI
2025-11-27 11:13:48,918 - INFO - Prepared product MA575C110 with quantity 1.0 for batch creation
2025-11-27 11:13:48,919 - INFO - Move locations - Source: 14, Dest: 1188
2025-11-27 11:13:48,920 - INFO - Processing Excel row 42: {'partner_id': 'MOGEN_OB', 'scheduled_date': Timestamp('2025-11-30 00:00:00'), 'picking_type_id': 'RM03CSI-OB', 'date_done': Timestamp('2025-11-30 00:00:00'), 'origin': 'คลังวัตถุดิบ Supplier', 'location_dest_id': 'RM03/TCI', 'default_code': 'BMT055ECO', 'product_uom_qty': 134, 'price_unit': 131.22, 'sequence': 42, 'date': Timestamp('2025-08-27 00:00:00'), 'scheduled_date_orig': Timestamp('2025-11-30 00:00:00'), 'product_id': 'BMT055ECO'}
2025-11-27 11:13:48,921 - INFO - Searching for product with code: 'BMT055ECO' and old code: 'BMT055ECO'
2025-11-27 11:13:49,127 - INFO - Found product with exact match on old_product_code: 'BMT055ECO'
2025-11-27 11:13:49,624 - INFO - Using cached location ID for: 'RM03/TCI'
2025-11-27 11:13:49,625 - INFO - Row 42 has different destination: RM03/TCI
2025-11-27 11:13:49,625 - INFO - Prepared product BMT055ECO with quantity 134.0 for batch creation
2025-11-27 11:13:49,626 - INFO - Move locations - Source: 14, Dest: 1188
2025-11-27 11:13:49,627 - INFO - Processing Excel row 43: {'partner_id': 'MOGEN_OB', 'scheduled_date': Timestamp('2025-11-30 00:00:00'), 'picking_type_id': 'RM03CSI-OB', 'date_done': Timestamp('2025-11-30 00:00:00'), 'origin': 'คลังวัตถุดิบ Supplier', 'location_dest_id': 'RM03/TCI', 'default_code': 'BMT055ECO', 'product_uom_qty': 38, 'price_unit': 131.22, 'sequence': 43, 'date': Timestamp('2025-08-27 00:00:00'), 'scheduled_date_orig': Timestamp('2025-11-30 00:00:00'), 'product_id': 'BMT055ECO'}
2025-11-27 11:13:49,627 - INFO - Using cached product ID for code: 'BMT055ECO'
2025-11-27 11:13:49,628 - INFO - Using cached location ID for: 'RM03/TCI'
2025-11-27 11:13:49,628 - INFO - Row 43 has different destination: RM03/TCI
2025-11-27 11:13:49,629 - INFO - Prepared product BMT055ECO with quantity 38.0 for batch creation
2025-11-27 11:13:49,630 - INFO - Move locations - Source: 14, Dest: 1188
2025-11-27 11:13:49,631 - INFO - Processing Excel row 44: {'partner_id': 'MOGEN_OB', 'scheduled_date': Timestamp('2025-11-30 00:00:00'), 'picking_type_id': 'RM03CSI-OB', 'date_done': Timestamp('2025-11-30 00:00:00'), 'origin': 'คลังวัตถุดิบ Supplier', 'location_dest_id': 'RM03/TCI', 'default_code': 'BMA174', 'product_uom_qty': 242, 'price_unit': 31.85, 'sequence': 44, 'date': Timestamp('2025-09-23 00:00:00'), 'scheduled_date_orig': Timestamp('2025-11-30 00:00:00'), 'product_id': 'BMA174'}
2025-11-27 11:13:49,631 - INFO - Searching for product with code: 'BMA174' and old code: 'BMA174'
2025-11-27 11:13:49,843 - INFO - Found product with exact match on old_product_code: 'BMA174'
2025-11-27 11:13:49,918 - INFO - Using cached location ID for: 'RM03/TCI'
2025-11-27 11:13:49,919 - INFO - Row 44 has different destination: RM03/TCI
2025-11-27 11:13:49,920 - INFO - Prepared product BMA174 with quantity 242.0 for batch creation
2025-11-27 11:13:49,922 - INFO - Move locations - Source: 14, Dest: 1188
2025-11-27 11:13:49,924 - INFO - Processing Excel row 45: {'partner_id': 'MOGEN_OB', 'scheduled_date': Timestamp('2025-11-30 00:00:00'), 'picking_type_id': 'RM03CSI-OB', 'date_done': Timestamp('2025-11-30 00:00:00'), 'origin': 'คลังวัตถุดิบ Supplier', 'location_dest_id': 'RM03/TCI', 'default_code': 'SP0032100', 'product_uom_qty': 215, 'price_unit': 6.5, 'sequence': 45, 'date': Timestamp('2025-09-26 00:00:00'), 'scheduled_date_orig': Timestamp('2025-11-30 00:00:00'), 'product_id': 'SP0032100'}
2025-11-27 11:13:49,926 - INFO - Searching for product with code: 'SP0032100' and old code: 'SP0032100'
2025-11-27 11:13:49,994 - INFO - Found product with exact match on default_code: 'SP0032100'
2025-11-27 11:13:50,071 - INFO - Using cached location ID for: 'RM03/TCI'
2025-11-27 11:13:50,072 - INFO - Row 45 has different destination: RM03/TCI
2025-11-27 11:13:50,073 - INFO - Prepared product SP0032100 with quantity 215.0 for batch creation
2025-11-27 11:13:50,074 - INFO - Move locations - Source: 14, Dest: 1188
2025-11-27 11:13:50,074 - INFO - Processing Excel row 46: {'partner_id': 'MOGEN_OB', 'scheduled_date': Timestamp('2025-11-30 00:00:00'), 'picking_type_id': 'RM03CSI-OB', 'date_done': Timestamp('2025-11-30 00:00:00'), 'origin': 'คลังวัตถุดิบ Supplier', 'location_dest_id': 'RM03/TCI', 'default_code': 'BMT414344TCI', 'product_uom_qty': 226, 'price_unit': 99.0, 'sequence': 46, 'date': Timestamp('2025-10-20 00:00:00'), 'scheduled_date_orig': Timestamp('2025-11-30 00:00:00'), 'product_id': 'BMT414344TCI'}
2025-11-27 11:13:50,075 - INFO - Searching for product with code: 'BMT414344TCI' and old code: 'BMT414344TCI'
2025-11-27 11:13:50,283 - INFO - Found product with exact match on old_product_code: 'BMT414344TCI'
2025-11-27 11:13:50,356 - INFO - Using cached location ID for: 'RM03/TCI'
2025-11-27 11:13:50,357 - INFO - Row 46 has different destination: RM03/TCI
2025-11-27 11:13:50,358 - INFO - Prepared product BMT414344TCI with quantity 226.0 for batch creation
2025-11-27 11:13:50,359 - INFO - Move locations - Source: 14, Dest: 1188
2025-11-27 11:13:50,360 - INFO - Processing Excel row 47: {'partner_id': 'MOGEN_OB', 'scheduled_date': Timestamp('2025-11-30 00:00:00'), 'picking_type_id': 'RM03CSI-OB', 'date_done': Timestamp('2025-11-30 00:00:00'), 'origin': 'คลังวัตถุดิบ Supplier', 'location_dest_id': 'RM03/TCI', 'default_code': 'SPO004100', 'product_uom_qty': 100, 'price_unit': 63.0, 'sequence': 47, 'date': Timestamp('2025-11-14 00:00:00'), 'scheduled_date_orig': Timestamp('2025-11-30 00:00:00'), 'product_id': 'SPO004100'}
2025-11-27 11:13:50,361 - INFO - Searching for product with code: 'SPO004100' and old code: 'SPO004100'
2025-11-27 11:13:50,430 - INFO - Found product with exact match on default_code: 'SPO004100'
2025-11-27 11:13:50,497 - INFO - Using cached location ID for: 'RM03/TCI'
2025-11-27 11:13:50,498 - INFO - Row 47 has different destination: RM03/TCI
2025-11-27 11:13:50,499 - INFO - Prepared product SPO004100 with quantity 100.0 for batch creation
2025-11-27 11:13:50,499 - INFO - Move locations - Source: 14, Dest: 1188
2025-11-27 11:13:50,501 - INFO - Processing Excel row 48: {'partner_id': 'MOGEN_OB', 'scheduled_date': Timestamp('2025-11-30 00:00:00'), 'picking_type_id': 'RM03CSI-OB', 'date_done': Timestamp('2025-11-30 00:00:00'), 'origin': 'คลังวัตถุดิบ Supplier', 'location_dest_id': 'RM03/TCI', 'default_code': 'BAC051', 'product_uom_qty': 1000, 'price_unit': 6.0, 'sequence': 48, 'date': Timestamp('2025-11-20 00:00:00'), 'scheduled_date_orig': Timestamp('2025-11-30 00:00:00'), 'product_id': 'BAC051'}
2025-11-27 11:13:50,502 - INFO - Using cached product ID for code: 'BAC051'
2025-11-27 11:13:50,503 - INFO - Using cached location ID for: 'RM03/TCI'
2025-11-27 11:13:50,504 - INFO - Row 48 has different destination: RM03/TCI
2025-11-27 11:13:50,505 - INFO - Prepared product BAC051 with quantity 1000.0 for batch creation
2025-11-27 11:13:50,506 - INFO - Move locations - Source: 14, Dest: 1188
2025-11-27 11:13:50,507 - INFO - Processing Excel row 49: {'partner_id': 'MOGEN_OB', 'scheduled_date': Timestamp('2025-11-30 00:00:00'), 'picking_type_id': 'RM03CSI-OB', 'date_done': Timestamp('2025-11-30 00:00:00'), 'origin': 'คลังวัตถุดิบ Supplier', 'location_dest_id': 'RM03/TCI', 'default_code': 'BMT414344TCI', 'product_uom_qty': 300, 'price_unit': 100.0, 'sequence': 49, 'date': Timestamp('2025-11-20 00:00:00'), 'scheduled_date_orig': Timestamp('2025-11-30 00:00:00'), 'product_id': 'BMT414344TCI'}
2025-11-27 11:13:50,508 - INFO - Using cached product ID for code: 'BMT414344TCI'
2025-11-27 11:13:50,509 - INFO - Using cached location ID for: 'RM03/TCI'
2025-11-27 11:13:50,510 - INFO - Row 49 has different destination: RM03/TCI
2025-11-27 11:13:50,511 - INFO - Prepared product BMT414344TCI with quantity 300.0 for batch creation
2025-11-27 11:13:50,512 - INFO - Move locations - Source: 14, Dest: 1188
2025-11-27 11:13:50,514 - INFO - Processing Excel row 50: {'partner_id': 'MOGEN_OB', 'scheduled_date': Timestamp('2025-11-30 00:00:00'), 'picking_type_id': 'RM03CSI-OB', 'date_done': Timestamp('2025-11-30 00:00:00'), 'origin': 'คลังวัตถุดิบ Supplier', 'location_dest_id': 'RM03/WCG', 'default_code': 'NFG05-GL-00001', 'product_uom_qty': 1, 'price_unit': 4559.0, 'sequence': 50, 'date': Timestamp('2025-08-29 00:00:00'), 'scheduled_date_orig': Timestamp('2025-11-30 00:00:00'), 'product_id': 'NFG05-GL-00001'}
2025-11-27 11:13:50,515 - INFO - Searching for product with code: 'NFG05-GL-00001' and old code: 'NFG05-GL-00001'
2025-11-27 11:13:50,726 - INFO - Found product with exact match on old_product_code: 'NFG05-GL-00001'
2025-11-27 11:13:50,800 - INFO - Searching for location: 'RM03/WCG'
2025-11-27 11:13:51,449 - INFO - Found location with complete_name match: 'RM03/WCG' for 'RM03/WCG'
2025-11-27 11:13:51,449 - INFO - Row 50 has different destination: RM03/WCG
2025-11-27 11:13:51,450 - INFO - Prepared product NFG05-GL-00001 with quantity 1.0 for batch creation
2025-11-27 11:13:51,450 - INFO - Move locations - Source: 14, Dest: 1200
2025-11-27 11:13:51,451 - INFO - Processing Excel row 51: {'partner_id': 'MOGEN_OB', 'scheduled_date': Timestamp('2025-11-30 00:00:00'), 'picking_type_id': 'RM03CSI-OB', 'date_done': Timestamp('2025-11-30 00:00:00'), 'origin': 'คลังวัตถุดิบ Supplier', 'location_dest_id': 'RM03/WCG', 'default_code': 'NFG05-GL-00001', 'product_uom_qty': 1, 'price_unit': 4537.0, 'sequence': 51, 'date': Timestamp('2025-08-29 00:00:00'), 'scheduled_date_orig': Timestamp('2025-11-30 00:00:00'), 'product_id': 'NFG05-GL-00001'}
2025-11-27 11:13:51,451 - INFO - Using cached product ID for code: 'NFG05-GL-00001'
2025-11-27 11:13:51,452 - INFO - Using cached location ID for: 'RM03/WCG'
2025-11-27 11:13:51,452 - INFO - Row 51 has different destination: RM03/WCG
2025-11-27 11:13:51,453 - INFO - Prepared product NFG05-GL-00001 with quantity 1.0 for batch creation
2025-11-27 11:13:51,453 - INFO - Move locations - Source: 14, Dest: 1200
2025-11-27 11:13:51,453 - INFO - Processing Excel row 52: {'partner_id': 'MOGEN_OB', 'scheduled_date': Timestamp('2025-11-30 00:00:00'), 'picking_type_id': 'RM03CSI-OB', 'date_done': Timestamp('2025-11-30 00:00:00'), 'origin': 'คลังวัตถุดิบ Supplier', 'location_dest_id': 'RM03/WCG', 'default_code': 'NFG05-GL-00001', 'product_uom_qty': 2, 'price_unit': 4618.0, 'sequence': 52, 'date': Timestamp('2025-08-29 00:00:00'), 'scheduled_date_orig': Timestamp('2025-11-30 00:00:00'), 'product_id': 'NFG05-GL-00001'}
2025-11-27 11:13:51,454 - INFO - Using cached product ID for code: 'NFG05-GL-00001'
2025-11-27 11:13:51,454 - INFO - Using cached location ID for: 'RM03/WCG'
2025-11-27 11:13:51,454 - INFO - Row 52 has different destination: RM03/WCG
2025-11-27 11:13:51,455 - INFO - Prepared product NFG05-GL-00001 with quantity 2.0 for batch creation
2025-11-27 11:13:51,455 - INFO - Move locations - Source: 14, Dest: 1200
2025-11-27 11:13:51,456 - INFO - Processing Excel row 53: {'partner_id': 'MOGEN_OB', 'scheduled_date': Timestamp('2025-11-30 00:00:00'), 'picking_type_id': 'RM03CSI-OB', 'date_done': Timestamp('2025-11-30 00:00:00'), 'origin': 'คลังวัตถุดิบ Supplier', 'location_dest_id': 'RM03/WCG', 'default_code': 'NFG05-GL-00001', 'product_uom_qty': 1, 'price_unit': 5063.0, 'sequence': 53, 'date': Timestamp('2025-08-29 00:00:00'), 'scheduled_date_orig': Timestamp('2025-11-30 00:00:00'), 'product_id': 'NFG05-GL-00001'}
2025-11-27 11:13:51,456 - INFO - Using cached product ID for code: 'NFG05-GL-00001'
2025-11-27 11:13:51,457 - INFO - Using cached location ID for: 'RM03/WCG'
2025-11-27 11:13:51,457 - INFO - Row 53 has different destination: RM03/WCG
2025-11-27 11:13:51,458 - INFO - Prepared product NFG05-GL-00001 with quantity 1.0 for batch creation
2025-11-27 11:13:51,458 - INFO - Move locations - Source: 14, Dest: 1200
2025-11-27 11:13:51,458 - INFO - Processing Excel row 54: {'partner_id': 'MOGEN_OB', 'scheduled_date': Timestamp('2025-11-30 00:00:00'), 'picking_type_id': 'RM03CSI-OB', 'date_done': Timestamp('2025-11-30 00:00:00'), 'origin': 'คลังวัตถุดิบ Supplier', 'location_dest_id': 'RM03/WCG', 'default_code': 'NFG05-GL-00001', 'product_uom_qty': 1, 'price_unit': 4610.0, 'sequence': 54, 'date': Timestamp('2025-08-29 00:00:00'), 'scheduled_date_orig': Timestamp('2025-11-30 00:00:00'), 'product_id': 'NFG05-GL-00001'}
2025-11-27 11:13:51,459 - INFO - Using cached product ID for code: 'NFG05-GL-00001'
2025-11-27 11:13:51,459 - INFO - Using cached location ID for: 'RM03/WCG'
2025-11-27 11:13:51,459 - INFO - Row 54 has different destination: RM03/WCG
2025-11-27 11:13:51,460 - INFO - Prepared product NFG05-GL-00001 with quantity 1.0 for batch creation
2025-11-27 11:13:51,460 - INFO - Move locations - Source: 14, Dest: 1200
2025-11-27 11:13:51,461 - INFO - Processing Excel row 55: {'partner_id': 'MOGEN_OB', 'scheduled_date': Timestamp('2025-11-30 00:00:00'), 'picking_type_id': 'RM03CSI-OB', 'date_done': Timestamp('2025-11-30 00:00:00'), 'origin': 'คลังวัตถุดิบ Supplier', 'location_dest_id': 'RM03/WCG', 'default_code': 'NFG05-GL-00001', 'product_uom_qty': 3, 'price_unit': 4584.0, 'sequence': 55, 'date': Timestamp('2025-08-29 00:00:00'), 'scheduled_date_orig': Timestamp('2025-11-30 00:00:00'), 'product_id': 'NFG05-GL-00001'}
2025-11-27 11:13:51,461 - INFO - Using cached product ID for code: 'NFG05-GL-00001'
2025-11-27 11:13:51,462 - INFO - Using cached location ID for: 'RM03/WCG'
2025-11-27 11:13:51,462 - INFO - Row 55 has different destination: RM03/WCG
2025-11-27 11:13:51,462 - INFO - Prepared product NFG05-GL-00001 with quantity 3.0 for batch creation
2025-11-27 11:13:51,463 - INFO - Move locations - Source: 14, Dest: 1200
2025-11-27 11:13:51,463 - INFO - Processing Excel row 56: {'partner_id': 'MOGEN_OB', 'scheduled_date': Timestamp('2025-11-30 00:00:00'), 'picking_type_id': 'RM03CSI-OB', 'date_done': Timestamp('2025-11-30 00:00:00'), 'origin': 'คลังวัตถุดิบ Supplier', 'location_dest_id': 'RM03/WCG', 'default_code': 'NFG05-GL-00001', 'product_uom_qty': 1, 'price_unit': 6303.0, 'sequence': 56, 'date': Timestamp('2025-08-29 00:00:00'), 'scheduled_date_orig': Timestamp('2025-11-30 00:00:00'), 'product_id': 'NFG05-GL-00001'}
2025-11-27 11:13:51,464 - INFO - Using cached product ID for code: 'NFG05-GL-00001'
2025-11-27 11:13:51,464 - INFO - Using cached location ID for: 'RM03/WCG'
2025-11-27 11:13:51,464 - INFO - Row 56 has different destination: RM03/WCG
2025-11-27 11:13:51,465 - INFO - Prepared product NFG05-GL-00001 with quantity 1.0 for batch creation
2025-11-27 11:13:51,465 - INFO - Move locations - Source: 14, Dest: 1200
2025-11-27 11:13:51,466 - INFO - Processing Excel row 57: {'partner_id': 'MOGEN_OB', 'scheduled_date': Timestamp('2025-11-30 00:00:00'), 'picking_type_id': 'RM03CSI-OB', 'date_done': Timestamp('2025-11-30 00:00:00'), 'origin': 'คลังวัตถุดิบ Supplier', 'location_dest_id': 'RM03/WCG', 'default_code': 'NFG05-GL-00001', 'product_uom_qty': 1, 'price_unit': 4844.0, 'sequence': 57, 'date': Timestamp('2025-08-29 00:00:00'), 'scheduled_date_orig': Timestamp('2025-11-30 00:00:00'), 'product_id': 'NFG05-GL-00001'}
2025-11-27 11:13:51,466 - INFO - Using cached product ID for code: 'NFG05-GL-00001'
2025-11-27 11:13:51,466 - INFO - Using cached location ID for: 'RM03/WCG'
2025-11-27 11:13:51,467 - INFO - Row 57 has different destination: RM03/WCG
2025-11-27 11:13:51,467 - INFO - Prepared product NFG05-GL-00001 with quantity 1.0 for batch creation
2025-11-27 11:13:51,468 - INFO - Move locations - Source: 14, Dest: 1200
2025-11-27 11:13:51,468 - INFO - Processing Excel row 58: {'partner_id': 'MOGEN_OB', 'scheduled_date': Timestamp('2025-11-30 00:00:00'), 'picking_type_id': 'RM03CSI-OB', 'date_done': Timestamp('2025-11-30 00:00:00'), 'origin': 'คลังวัตถุดิบ Supplier', 'location_dest_id': 'RM03/WCG', 'default_code': 'NFG05-GL-00001', 'product_uom_qty': 1, 'price_unit': 5390.0, 'sequence': 58, 'date': Timestamp('2025-08-29 00:00:00'), 'scheduled_date_orig': Timestamp('2025-11-30 00:00:00'), 'product_id': 'NFG05-GL-00001'}
2025-11-27 11:13:51,469 - INFO - Using cached product ID for code: 'NFG05-GL-00001'
2025-11-27 11:13:51,469 - INFO - Using cached location ID for: 'RM03/WCG'
2025-11-27 11:13:51,469 - INFO - Row 58 has different destination: RM03/WCG
2025-11-27 11:13:51,470 - INFO - Prepared product NFG05-GL-00001 with quantity 1.0 for batch creation
2025-11-27 11:13:51,470 - INFO - Move locations - Source: 14, Dest: 1200
2025-11-27 11:13:51,470 - INFO - Processing Excel row 59: {'partner_id': 'MOGEN_OB', 'scheduled_date': Timestamp('2025-11-30 00:00:00'), 'picking_type_id': 'RM03CSI-OB', 'date_done': Timestamp('2025-11-30 00:00:00'), 'origin': 'คลังวัตถุดิบ Supplier', 'location_dest_id': 'RM03/WCG', 'default_code': 'NFG05-GL-00001', 'product_uom_qty': 1, 'price_unit': 5613.0, 'sequence': 59, 'date': Timestamp('2025-08-29 00:00:00'), 'scheduled_date_orig': Timestamp('2025-11-30 00:00:00'), 'product_id': 'NFG05-GL-00001'}
2025-11-27 11:13:51,471 - INFO - Using cached product ID for code: 'NFG05-GL-00001'
2025-11-27 11:13:51,471 - INFO - Using cached location ID for: 'RM03/WCG'
2025-11-27 11:13:51,472 - INFO - Row 59 has different destination: RM03/WCG
2025-11-27 11:13:51,472 - INFO - Prepared product NFG05-GL-00001 with quantity 1.0 for batch creation
2025-11-27 11:13:51,472 - INFO - Move locations - Source: 14, Dest: 1200
2025-11-27 11:13:51,473 - INFO - Processing Excel row 60: {'partner_id': 'MOGEN_OB', 'scheduled_date': Timestamp('2025-11-30 00:00:00'), 'picking_type_id': 'RM03CSI-OB', 'date_done': Timestamp('2025-11-30 00:00:00'), 'origin': 'คลังวัตถุดิบ Supplier', 'location_dest_id': 'RM03/WCG', 'default_code': 'NFG05-GL-00001', 'product_uom_qty': 1, 'price_unit': 5394.0, 'sequence': 60, 'date': Timestamp('2025-08-29 00:00:00'), 'scheduled_date_orig': Timestamp('2025-11-30 00:00:00'), 'product_id': 'NFG05-GL-00001'}
2025-11-27 11:13:51,473 - INFO - Using cached product ID for code: 'NFG05-GL-00001'
2025-11-27 11:13:51,474 - INFO - Using cached location ID for: 'RM03/WCG'
2025-11-27 11:13:51,474 - INFO - Row 60 has different destination: RM03/WCG
2025-11-27 11:13:51,474 - INFO - Prepared product NFG05-GL-00001 with quantity 1.0 for batch creation
2025-11-27 11:13:51,475 - INFO - Move locations - Source: 14, Dest: 1200
2025-11-27 11:13:51,475 - INFO - Processing Excel row 61: {'partner_id': 'MOGEN_OB', 'scheduled_date': Timestamp('2025-11-30 00:00:00'), 'picking_type_id': 'RM03CSI-OB', 'date_done': Timestamp('2025-11-30 00:00:00'), 'origin': 'คลังวัตถุดิบ Supplier', 'location_dest_id': 'RM03/WCG', 'default_code': 'NFG05-GL-00001', 'product_uom_qty': 1, 'price_unit': 6595.0, 'sequence': 61, 'date': Timestamp('2025-08-29 00:00:00'), 'scheduled_date_orig': Timestamp('2025-11-30 00:00:00'), 'product_id': 'NFG05-GL-00001'}
2025-11-27 11:13:51,475 - INFO - Using cached product ID for code: 'NFG05-GL-00001'
2025-11-27 11:13:51,476 - INFO - Using cached location ID for: 'RM03/WCG'
2025-11-27 11:13:51,476 - INFO - Row 61 has different destination: RM03/WCG
2025-11-27 11:13:51,476 - INFO - Prepared product NFG05-GL-00001 with quantity 1.0 for batch creation
2025-11-27 11:13:51,477 - INFO - Move locations - Source: 14, Dest: 1200
2025-11-27 11:13:51,477 - INFO - Processing Excel row 62: {'partner_id': 'MOGEN_OB', 'scheduled_date': Timestamp('2025-11-30 00:00:00'), 'picking_type_id': 'RM03CSI-OB', 'date_done': Timestamp('2025-11-30 00:00:00'), 'origin': 'คลังวัตถุดิบ Supplier', 'location_dest_id': 'RM03/WCG', 'default_code': 'NFG05-GL-00001', 'product_uom_qty': 1, 'price_unit': 5823.0, 'sequence': 62, 'date': Timestamp('2025-08-29 00:00:00'), 'scheduled_date_orig': Timestamp('2025-11-30 00:00:00'), 'product_id': 'NFG05-GL-00001'}
2025-11-27 11:13:51,478 - INFO - Using cached product ID for code: 'NFG05-GL-00001'
2025-11-27 11:13:51,478 - INFO - Using cached location ID for: 'RM03/WCG'
2025-11-27 11:13:51,478 - INFO - Row 62 has different destination: RM03/WCG
2025-11-27 11:13:51,479 - INFO - Prepared product NFG05-GL-00001 with quantity 1.0 for batch creation
2025-11-27 11:13:51,479 - INFO - Move locations - Source: 14, Dest: 1200
2025-11-27 11:13:51,479 - INFO - Processing Excel row 63: {'partner_id': 'MOGEN_OB', 'scheduled_date': Timestamp('2025-11-30 00:00:00'), 'picking_type_id': 'RM03CSI-OB', 'date_done': Timestamp('2025-11-30 00:00:00'), 'origin': 'คลังวัตถุดิบ Supplier', 'location_dest_id': 'RM03/WCG', 'default_code': 'NFG05-GL-00001', 'product_uom_qty': 1, 'price_unit': 5510.0, 'sequence': 63, 'date': Timestamp('2025-08-29 00:00:00'), 'scheduled_date_orig': Timestamp('2025-11-30 00:00:00'), 'product_id': 'NFG05-GL-00001'}
2025-11-27 11:13:51,479 - INFO - Using cached product ID for code: 'NFG05-GL-00001'
2025-11-27 11:13:51,480 - INFO - Using cached location ID for: 'RM03/WCG'
2025-11-27 11:13:51,480 - INFO - Row 63 has different destination: RM03/WCG
2025-11-27 11:13:51,480 - INFO - Prepared product NFG05-GL-00001 with quantity 1.0 for batch creation
2025-11-27 11:13:51,481 - INFO - Move locations - Source: 14, Dest: 1200
2025-11-27 11:13:51,481 - INFO - Processing Excel row 64: {'partner_id': 'MOGEN_OB', 'scheduled_date': Timestamp('2025-11-30 00:00:00'), 'picking_type_id': 'RM03CSI-OB', 'date_done': Timestamp('2025-11-30 00:00:00'), 'origin': 'คลังวัตถุดิบ Supplier', 'location_dest_id': 'RM03/WCG', 'default_code': 'NFG05-GL-00001', 'product_uom_qty': 1, 'price_unit': 5278.0, 'sequence': 64, 'date': Timestamp('2025-08-29 00:00:00'), 'scheduled_date_orig': Timestamp('2025-11-30 00:00:00'), 'product_id': 'NFG05-GL-00001'}
2025-11-27 11:13:51,481 - INFO - Using cached product ID for code: 'NFG05-GL-00001'
2025-11-27 11:13:51,482 - INFO - Using cached location ID for: 'RM03/WCG'
2025-11-27 11:13:51,482 - INFO - Row 64 has different destination: RM03/WCG
2025-11-27 11:13:51,482 - INFO - Prepared product NFG05-GL-00001 with quantity 1.0 for batch creation
2025-11-27 11:13:51,483 - INFO - Move locations - Source: 14, Dest: 1200
2025-11-27 11:13:51,483 - INFO - Processing Excel row 65: {'partner_id': 'MOGEN_OB', 'scheduled_date': Timestamp('2025-11-30 00:00:00'), 'picking_type_id': 'RM03CSI-OB', 'date_done': Timestamp('2025-11-30 00:00:00'), 'origin': 'คลังวัตถุดิบ Supplier', 'location_dest_id': 'RM03/WCG', 'default_code': 'NFG05-GL-00001', 'product_uom_qty': 1, 'price_unit': 6411.0, 'sequence': 65, 'date': Timestamp('2025-08-29 00:00:00'), 'scheduled_date_orig': Timestamp('2025-11-30 00:00:00'), 'product_id': 'NFG05-GL-00001'}
2025-11-27 11:13:51,483 - INFO - Using cached product ID for code: 'NFG05-GL-00001'
2025-11-27 11:13:51,484 - INFO - Using cached location ID for: 'RM03/WCG'
2025-11-27 11:13:51,484 - INFO - Row 65 has different destination: RM03/WCG
2025-11-27 11:13:51,484 - INFO - Prepared product NFG05-GL-00001 with quantity 1.0 for batch creation
2025-11-27 11:13:51,484 - INFO - Move locations - Source: 14, Dest: 1200
2025-11-27 11:13:51,485 - INFO - Processing Excel row 66: {'partner_id': 'MOGEN_OB', 'scheduled_date': Timestamp('2025-11-30 00:00:00'), 'picking_type_id': 'RM03CSI-OB', 'date_done': Timestamp('2025-11-30 00:00:00'), 'origin': 'คลังวัตถุดิบ Supplier', 'location_dest_id': 'RM03/WCG', 'default_code': 'NFG05-GL-00001', 'product_uom_qty': 1, 'price_unit': 5585.0, 'sequence': 66, 'date': Timestamp('2025-08-29 00:00:00'), 'scheduled_date_orig': Timestamp('2025-11-30 00:00:00'), 'product_id': 'NFG05-GL-00001'}
2025-11-27 11:13:51,485 - INFO - Using cached product ID for code: 'NFG05-GL-00001'
2025-11-27 11:13:51,485 - INFO - Using cached location ID for: 'RM03/WCG'
2025-11-27 11:13:51,486 - INFO - Row 66 has different destination: RM03/WCG
2025-11-27 11:13:51,486 - INFO - Prepared product NFG05-GL-00001 with quantity 1.0 for batch creation
2025-11-27 11:13:51,486 - INFO - Move locations - Source: 14, Dest: 1200
2025-11-27 11:13:51,487 - INFO - Processing Excel row 67: {'partner_id': 'MOGEN_OB', 'scheduled_date': Timestamp('2025-11-30 00:00:00'), 'picking_type_id': 'RM03CSI-OB', 'date_done': Timestamp('2025-11-30 00:00:00'), 'origin': 'คลังวัตถุดิบ Supplier', 'location_dest_id': 'RM03/WCG', 'default_code': 'NFG05-GL-00001', 'product_uom_qty': 1, 'price_unit': 5093.0, 'sequence': 67, 'date': Timestamp('2025-08-29 00:00:00'), 'scheduled_date_orig': Timestamp('2025-11-30 00:00:00'), 'product_id': 'NFG05-GL-00001'}
2025-11-27 11:13:51,487 - INFO - Using cached product ID for code: 'NFG05-GL-00001'
2025-11-27 11:13:51,487 - INFO - Using cached location ID for: 'RM03/WCG'
2025-11-27 11:13:51,487 - INFO - Row 67 has different destination: RM03/WCG
2025-11-27 11:13:51,488 - INFO - Prepared product NFG05-GL-00001 with quantity 1.0 for batch creation
2025-11-27 11:13:51,488 - INFO - Move locations - Source: 14, Dest: 1200
2025-11-27 11:13:51,489 - INFO - Processing Excel row 68: {'partner_id': 'MOGEN_OB', 'scheduled_date': Timestamp('2025-11-30 00:00:00'), 'picking_type_id': 'RM03CSI-OB', 'date_done': Timestamp('2025-11-30 00:00:00'), 'origin': 'คลังวัตถุดิบ Supplier', 'location_dest_id': 'RM03/WCG', 'default_code': 'NFG05-GL-00001', 'product_uom_qty': 1, 'price_unit': 3384.0, 'sequence': 68, 'date': Timestamp('2025-08-29 00:00:00'), 'scheduled_date_orig': Timestamp('2025-11-30 00:00:00'), 'product_id': 'NFG05-GL-00001'}
2025-11-27 11:13:51,489 - INFO - Using cached product ID for code: 'NFG05-GL-00001'
2025-11-27 11:13:51,489 - INFO - Using cached location ID for: 'RM03/WCG'
2025-11-27 11:13:51,489 - INFO - Row 68 has different destination: RM03/WCG
2025-11-27 11:13:51,490 - INFO - Prepared product NFG05-GL-00001 with quantity 1.0 for batch creation
2025-11-27 11:13:51,490 - INFO - Move locations - Source: 14, Dest: 1200
2025-11-27 11:13:51,490 - INFO - Processing Excel row 69: {'partner_id': 'MOGEN_OB', 'scheduled_date': Timestamp('2025-11-30 00:00:00'), 'picking_type_id': 'RM03CSI-OB', 'date_done': Timestamp('2025-11-30 00:00:00'), 'origin': 'คลังวัตถุดิบ Supplier', 'location_dest_id': 'RM03/WCG', 'default_code': 'NFG05-GL-00001', 'product_uom_qty': 1, 'price_unit': 3384.0, 'sequence': 69, 'date': Timestamp('2025-08-29 00:00:00'), 'scheduled_date_orig': Timestamp('2025-11-30 00:00:00'), 'product_id': 'NFG05-GL-00001'}
2025-11-27 11:13:51,491 - INFO - Using cached product ID for code: 'NFG05-GL-00001'
2025-11-27 11:13:51,491 - INFO - Using cached location ID for: 'RM03/WCG'
2025-11-27 11:13:51,491 - INFO - Row 69 has different destination: RM03/WCG
2025-11-27 11:13:51,492 - INFO - Prepared product NFG05-GL-00001 with quantity 1.0 for batch creation
2025-11-27 11:13:51,492 - INFO - Move locations - Source: 14, Dest: 1200
2025-11-27 11:13:51,492 - INFO - Processing Excel row 70: {'partner_id': 'MOGEN_OB', 'scheduled_date': Timestamp('2025-11-30 00:00:00'), 'picking_type_id': 'RM03CSI-OB', 'date_done': Timestamp('2025-11-30 00:00:00'), 'origin': 'คลังวัตถุดิบ Supplier', 'location_dest_id': 'RM03/WCG', 'default_code': 'NFG05-GL-00001', 'product_uom_qty': 1, 'price_unit': 3986.0, 'sequence': 70, 'date': Timestamp('2025-08-29 00:00:00'), 'scheduled_date_orig': Timestamp('2025-11-30 00:00:00'), 'product_id': 'NFG05-GL-00001'}
2025-11-27 11:13:51,492 - INFO - Using cached product ID for code: 'NFG05-GL-00001'
2025-11-27 11:13:51,493 - INFO - Using cached location ID for: 'RM03/WCG'
2025-11-27 11:13:51,493 - INFO - Row 70 has different destination: RM03/WCG
2025-11-27 11:13:51,493 - INFO - Prepared product NFG05-GL-00001 with quantity 1.0 for batch creation
2025-11-27 11:13:51,494 - INFO - Move locations - Source: 14, Dest: 1200
2025-11-27 11:13:51,494 - INFO - Processing Excel row 71: {'partner_id': 'MOGEN_OB', 'scheduled_date': Timestamp('2025-11-30 00:00:00'), 'picking_type_id': 'RM03CSI-OB', 'date_done': Timestamp('2025-11-30 00:00:00'), 'origin': 'คลังวัตถุดิบ Supplier', 'location_dest_id': 'RM03/WCG', 'default_code': 'NFG05-GL-00001', 'product_uom_qty': 1, 'price_unit': 4198.0, 'sequence': 71, 'date': Timestamp('2025-08-29 00:00:00'), 'scheduled_date_orig': Timestamp('2025-11-30 00:00:00'), 'product_id': 'NFG05-GL-00001'}
2025-11-27 11:13:51,494 - INFO - Using cached product ID for code: 'NFG05-GL-00001'
2025-11-27 11:13:51,494 - INFO - Using cached location ID for: 'RM03/WCG'
2025-11-27 11:13:51,495 - INFO - Row 71 has different destination: RM03/WCG
2025-11-27 11:13:51,495 - INFO - Prepared product NFG05-GL-00001 with quantity 1.0 for batch creation
2025-11-27 11:13:51,495 - INFO - Move locations - Source: 14, Dest: 1200
2025-11-27 11:13:51,496 - INFO - Processing Excel row 72: {'partner_id': 'MOGEN_OB', 'scheduled_date': Timestamp('2025-11-30 00:00:00'), 'picking_type_id': 'RM03CSI-OB', 'date_done': Timestamp('2025-11-30 00:00:00'), 'origin': 'คลังวัตถุดิบ Supplier', 'location_dest_id': 'RM03/WCG', 'default_code': 'NFG05-GL-00001', 'product_uom_qty': 1, 'price_unit': 4405.0, 'sequence': 72, 'date': Timestamp('2025-08-29 00:00:00'), 'scheduled_date_orig': Timestamp('2025-11-30 00:00:00'), 'product_id': 'NFG05-GL-00001'}
2025-11-27 11:13:51,496 - INFO - Using cached product ID for code: 'NFG05-GL-00001'
2025-11-27 11:13:51,496 - INFO - Using cached location ID for: 'RM03/WCG'
2025-11-27 11:13:51,497 - INFO - Row 72 has different destination: RM03/WCG
2025-11-27 11:13:51,497 - INFO - Prepared product NFG05-GL-00001 with quantity 1.0 for batch creation
2025-11-27 11:13:51,497 - INFO - Move locations - Source: 14, Dest: 1200
2025-11-27 11:13:51,498 - INFO - Processing Excel row 73: {'partner_id': 'MOGEN_OB', 'scheduled_date': Timestamp('2025-11-30 00:00:00'), 'picking_type_id': 'RM03CSI-OB', 'date_done': Timestamp('2025-11-30 00:00:00'), 'origin': 'คลังวัตถุดิบ Supplier', 'location_dest_id': 'RM03/WCG', 'default_code': 'NFG05-GL-00001', 'product_uom_qty': 1, 'price_unit': 4333.0, 'sequence': 73, 'date': Timestamp('2025-08-29 00:00:00'), 'scheduled_date_orig': Timestamp('2025-11-30 00:00:00'), 'product_id': 'NFG05-GL-00001'}
2025-11-27 11:13:51,498 - INFO - Using cached product ID for code: 'NFG05-GL-00001'
2025-11-27 11:13:51,498 - INFO - Using cached location ID for: 'RM03/WCG'
2025-11-27 11:13:51,498 - INFO - Row 73 has different destination: RM03/WCG
2025-11-27 11:13:51,499 - INFO - Prepared product NFG05-GL-00001 with quantity 1.0 for batch creation
2025-11-27 11:13:51,499 - INFO - Move locations - Source: 14, Dest: 1200
2025-11-27 11:13:51,500 - INFO - Processing Excel row 74: {'partner_id': 'MOGEN_OB', 'scheduled_date': Timestamp('2025-11-30 00:00:00'), 'picking_type_id': 'RM03CSI-OB', 'date_done': Timestamp('2025-11-30 00:00:00'), 'origin': 'คลังวัตถุดิบ Supplier', 'location_dest_id': 'RM03/WCG', 'default_code': 'NFG05-GL-00001', 'product_uom_qty': 2, 'price_unit': 3971.0, 'sequence': 74, 'date': Timestamp('2025-08-29 00:00:00'), 'scheduled_date_orig': Timestamp('2025-11-30 00:00:00'), 'product_id': 'NFG05-GL-00001'}
2025-11-27 11:13:51,500 - INFO - Using cached product ID for code: 'NFG05-GL-00001'
2025-11-27 11:13:51,500 - INFO - Using cached location ID for: 'RM03/WCG'
2025-11-27 11:13:51,500 - INFO - Row 74 has different destination: RM03/WCG
2025-11-27 11:13:51,501 - INFO - Prepared product NFG05-GL-00001 with quantity 2.0 for batch creation
2025-11-27 11:13:51,501 - INFO - Move locations - Source: 14, Dest: 1200
2025-11-27 11:13:51,501 - INFO - Processing Excel row 75: {'partner_id': 'MOGEN_OB', 'scheduled_date': Timestamp('2025-11-30 00:00:00'), 'picking_type_id': 'RM03CSI-OB', 'date_done': Timestamp('2025-11-30 00:00:00'), 'origin': 'คลังวัตถุดิบ Supplier', 'location_dest_id': 'RM03/WCG', 'default_code': 'NFG05-GL-00001', 'product_uom_qty': 5, 'price_unit': 3670.0, 'sequence': 75, 'date': Timestamp('2025-08-29 00:00:00'), 'scheduled_date_orig': Timestamp('2025-11-30 00:00:00'), 'product_id': 'NFG05-GL-00001'}
2025-11-27 11:13:51,502 - INFO - Using cached product ID for code: 'NFG05-GL-00001'
2025-11-27 11:13:51,502 - INFO - Using cached location ID for: 'RM03/WCG'
2025-11-27 11:13:51,502 - INFO - Row 75 has different destination: RM03/WCG
2025-11-27 11:13:51,503 - INFO - Prepared product NFG05-GL-00001 with quantity 5.0 for batch creation
2025-11-27 11:13:51,503 - INFO - Move locations - Source: 14, Dest: 1200
2025-11-27 11:13:51,503 - INFO - Processing Excel row 76: {'partner_id': 'MOGEN_OB', 'scheduled_date': Timestamp('2025-11-30 00:00:00'), 'picking_type_id': 'RM03CSI-OB', 'date_done': Timestamp('2025-11-30 00:00:00'), 'origin': 'คลังวัตถุดิบ Supplier', 'location_dest_id': 'RM03/WCG', 'default_code': 'NFG05-GL-00001', 'product_uom_qty': 1, 'price_unit': 3764.0, 'sequence': 76, 'date': Timestamp('2025-08-29 00:00:00'), 'scheduled_date_orig': Timestamp('2025-11-30 00:00:00'), 'product_id': 'NFG05-GL-00001'}
2025-11-27 11:13:51,504 - INFO - Using cached product ID for code: 'NFG05-GL-00001'
2025-11-27 11:13:51,504 - INFO - Using cached location ID for: 'RM03/WCG'
2025-11-27 11:13:51,504 - INFO - Row 76 has different destination: RM03/WCG
2025-11-27 11:13:51,504 - INFO - Prepared product NFG05-GL-00001 with quantity 1.0 for batch creation
2025-11-27 11:13:51,505 - INFO - Move locations - Source: 14, Dest: 1200
2025-11-27 11:13:51,505 - INFO - Processing Excel row 77: {'partner_id': 'MOGEN_OB', 'scheduled_date': Timestamp('2025-11-30 00:00:00'), 'picking_type_id': 'RM03CSI-OB', 'date_done': Timestamp('2025-11-30 00:00:00'), 'origin': 'คลังวัตถุดิบ Supplier', 'location_dest_id': 'RM03/WCG', 'default_code': 'NFG05-GL-00001', 'product_uom_qty': 1, 'price_unit': 4374.0, 'sequence': 77, 'date': Timestamp('2025-08-29 00:00:00'), 'scheduled_date_orig': Timestamp('2025-11-30 00:00:00'), 'product_id': 'NFG05-GL-00001'}
2025-11-27 11:13:51,505 - INFO - Using cached product ID for code: 'NFG05-GL-00001'
2025-11-27 11:13:51,506 - INFO - Using cached location ID for: 'RM03/WCG'
2025-11-27 11:13:51,506 - INFO - Row 77 has different destination: RM03/WCG
2025-11-27 11:13:51,506 - INFO - Prepared product NFG05-GL-00001 with quantity 1.0 for batch creation
2025-11-27 11:13:51,506 - INFO - Move locations - Source: 14, Dest: 1200
2025-11-27 11:13:51,507 - INFO - Processing Excel row 78: {'partner_id': 'MOGEN_OB', 'scheduled_date': Timestamp('2025-11-30 00:00:00'), 'picking_type_id': 'RM03CSI-OB', 'date_done': Timestamp('2025-11-30 00:00:00'), 'origin': 'คลังวัตถุดิบ Supplier', 'location_dest_id': 'RM03/WCG', 'default_code': 'NFG05-GL-00001', 'product_uom_qty': 3, 'price_unit': 4543.0, 'sequence': 78, 'date': Timestamp('2025-08-29 00:00:00'), 'scheduled_date_orig': Timestamp('2025-11-30 00:00:00'), 'product_id': 'NFG05-GL-00001'}
2025-11-27 11:13:51,507 - INFO - Using cached product ID for code: 'NFG05-GL-00001'
2025-11-27 11:13:51,507 - INFO - Using cached location ID for: 'RM03/WCG'
2025-11-27 11:13:51,508 - INFO - Row 78 has different destination: RM03/WCG
2025-11-27 11:13:51,508 - INFO - Prepared product NFG05-GL-00001 with quantity 3.0 for batch creation
2025-11-27 11:13:51,508 - INFO - Move locations - Source: 14, Dest: 1200
2025-11-27 11:13:51,509 - INFO - Processing Excel row 79: {'partner_id': 'MOGEN_OB', 'scheduled_date': Timestamp('2025-11-30 00:00:00'), 'picking_type_id': 'RM03CSI-OB', 'date_done': Timestamp('2025-11-30 00:00:00'), 'origin': 'คลังวัตถุดิบ Supplier', 'location_dest_id': 'RM03/WCG', 'default_code': 'NFG05-GL-00001', 'product_uom_qty': 4, 'price_unit': 3805.0, 'sequence': 79, 'date': Timestamp('2025-08-29 00:00:00'), 'scheduled_date_orig': Timestamp('2025-11-30 00:00:00'), 'product_id': 'NFG05-GL-00001'}
2025-11-27 11:13:51,509 - INFO - Using cached product ID for code: 'NFG05-GL-00001'
2025-11-27 11:13:51,509 - INFO - Using cached location ID for: 'RM03/WCG'
2025-11-27 11:13:51,509 - INFO - Row 79 has different destination: RM03/WCG
2025-11-27 11:13:51,510 - INFO - Prepared product NFG05-GL-00001 with quantity 4.0 for batch creation
2025-11-27 11:13:51,510 - INFO - Move locations - Source: 14, Dest: 1200
2025-11-27 11:13:51,511 - INFO - Processing Excel row 80: {'partner_id': 'MOGEN_OB', 'scheduled_date': Timestamp('2025-11-30 00:00:00'), 'picking_type_id': 'RM03CSI-OB', 'date_done': Timestamp('2025-11-30 00:00:00'), 'origin': 'คลังวัตถุดิบ Supplier', 'location_dest_id': 'RM03/WCG', 'default_code': 'NFG05-GL-00001', 'product_uom_qty': 2, 'price_unit': 3971.0, 'sequence': 80, 'date': Timestamp('2025-08-29 00:00:00'), 'scheduled_date_orig': Timestamp('2025-11-30 00:00:00'), 'product_id': 'NFG05-GL-00001'}
2025-11-27 11:13:51,511 - INFO - Using cached product ID for code: 'NFG05-GL-00001'
2025-11-27 11:13:51,511 - INFO - Using cached location ID for: 'RM03/WCG'
2025-11-27 11:13:51,511 - INFO - Row 80 has different destination: RM03/WCG
2025-11-27 11:13:51,512 - INFO - Prepared product NFG05-GL-00001 with quantity 2.0 for batch creation
2025-11-27 11:13:51,512 - INFO - Move locations - Source: 14, Dest: 1200
2025-11-27 11:13:51,512 - INFO - Processing Excel row 81: {'partner_id': 'MOGEN_OB', 'scheduled_date': Timestamp('2025-11-30 00:00:00'), 'picking_type_id': 'RM03CSI-OB', 'date_done': Timestamp('2025-11-30 00:00:00'), 'origin': 'คลังวัตถุดิบ Supplier', 'location_dest_id': 'RM03/WCG', 'default_code': 'NFG05-GL-00001', 'product_uom_qty': 1, 'price_unit': 4089.0, 'sequence': 81, 'date': Timestamp('2025-08-29 00:00:00'), 'scheduled_date_orig': Timestamp('2025-11-30 00:00:00'), 'product_id': 'NFG05-GL-00001'}
2025-11-27 11:13:51,513 - INFO - Using cached product ID for code: 'NFG05-GL-00001'
2025-11-27 11:13:51,513 - INFO - Using cached location ID for: 'RM03/WCG'
2025-11-27 11:13:51,513 - INFO - Row 81 has different destination: RM03/WCG
2025-11-27 11:13:51,513 - INFO - Prepared product NFG05-GL-00001 with quantity 1.0 for batch creation
2025-11-27 11:13:51,514 - INFO - Move locations - Source: 14, Dest: 1200
2025-11-27 11:13:51,514 - INFO - Processing Excel row 82: {'partner_id': 'MOGEN_OB', 'scheduled_date': Timestamp('2025-11-30 00:00:00'), 'picking_type_id': 'RM03CSI-OB', 'date_done': Timestamp('2025-11-30 00:00:00'), 'origin': 'คลังวัตถุดิบ Supplier', 'location_dest_id': 'RM03/WCG', 'default_code': 'NFG05-GL-00001', 'product_uom_qty': 1, 'price_unit': 3140.0, 'sequence': 82, 'date': Timestamp('2025-08-29 00:00:00'), 'scheduled_date_orig': Timestamp('2025-11-30 00:00:00'), 'product_id': 'NFG05-GL-00001'}
2025-11-27 11:13:51,514 - INFO - Using cached product ID for code: 'NFG05-GL-00001'
2025-11-27 11:13:51,515 - INFO - Using cached location ID for: 'RM03/WCG'
2025-11-27 11:13:51,515 - INFO - Row 82 has different destination: RM03/WCG
2025-11-27 11:13:51,515 - INFO - Prepared product NFG05-GL-00001 with quantity 1.0 for batch creation
2025-11-27 11:13:51,515 - INFO - Move locations - Source: 14, Dest: 1200
2025-11-27 11:13:51,516 - INFO - Processing Excel row 83: {'partner_id': 'MOGEN_OB', 'scheduled_date': Timestamp('2025-11-30 00:00:00'), 'picking_type_id': 'RM03CSI-OB', 'date_done': Timestamp('2025-11-30 00:00:00'), 'origin': 'คลังวัตถุดิบ Supplier', 'location_dest_id': 'RM03/WCG', 'default_code': 'NFG05-GL-00001', 'product_uom_qty': 2, 'price_unit': 2652.0, 'sequence': 83, 'date': Timestamp('2025-08-29 00:00:00'), 'scheduled_date_orig': Timestamp('2025-11-30 00:00:00'), 'product_id': 'NFG05-GL-00001'}
2025-11-27 11:13:51,516 - INFO - Using cached product ID for code: 'NFG05-GL-00001'
2025-11-27 11:13:51,517 - INFO - Using cached location ID for: 'RM03/WCG'
2025-11-27 11:13:51,517 - INFO - Row 83 has different destination: RM03/WCG
2025-11-27 11:13:51,517 - INFO - Prepared product NFG05-GL-00001 with quantity 2.0 for batch creation
2025-11-27 11:13:51,518 - INFO - Move locations - Source: 14, Dest: 1200
2025-11-27 11:13:51,518 - INFO - Processing Excel row 84: {'partner_id': 'MOGEN_OB', 'scheduled_date': Timestamp('2025-11-30 00:00:00'), 'picking_type_id': 'RM03CSI-OB', 'date_done': Timestamp('2025-11-30 00:00:00'), 'origin': 'คลังวัตถุดิบ Supplier', 'location_dest_id': 'RM03/WCG', 'default_code': 'NFG05-GL-00001', 'product_uom_qty': 1, 'price_unit': 767.0, 'sequence': 84, 'date': Timestamp('2025-08-29 00:00:00'), 'scheduled_date_orig': Timestamp('2025-11-30 00:00:00'), 'product_id': 'NFG05-GL-00001'}
2025-11-27 11:13:51,518 - INFO - Using cached product ID for code: 'NFG05-GL-00001'
2025-11-27 11:13:51,519 - INFO - Using cached location ID for: 'RM03/WCG'
2025-11-27 11:13:51,519 - INFO - Row 84 has different destination: RM03/WCG
2025-11-27 11:13:51,519 - INFO - Prepared product NFG05-GL-00001 with quantity 1.0 for batch creation
2025-11-27 11:13:51,520 - INFO - Move locations - Source: 14, Dest: 1200
2025-11-27 11:13:51,520 - INFO - Processing Excel row 85: {'partner_id': 'MOGEN_OB', 'scheduled_date': Timestamp('2025-11-30 00:00:00'), 'picking_type_id': 'RM03CSI-OB', 'date_done': Timestamp('2025-11-30 00:00:00'), 'origin': 'คลังวัตถุดิบ Supplier', 'location_dest_id': 'RM03/WCG', 'default_code': 'NFG05-GL-00001', 'product_uom_qty': 1, 'price_unit': 785.0, 'sequence': 85, 'date': Timestamp('2025-08-29 00:00:00'), 'scheduled_date_orig': Timestamp('2025-11-30 00:00:00'), 'product_id': 'NFG05-GL-00001'}
2025-11-27 11:13:51,521 - INFO - Using cached product ID for code: 'NFG05-GL-00001'
2025-11-27 11:13:51,521 - INFO - Using cached location ID for: 'RM03/WCG'
2025-11-27 11:13:51,521 - INFO - Row 85 has different destination: RM03/WCG
2025-11-27 11:13:51,521 - INFO - Prepared product NFG05-GL-00001 with quantity 1.0 for batch creation
2025-11-27 11:13:51,522 - INFO - Move locations - Source: 14, Dest: 1200
2025-11-27 11:13:51,522 - INFO - Processing Excel row 86: {'partner_id': 'MOGEN_OB', 'scheduled_date': Timestamp('2025-11-30 00:00:00'), 'picking_type_id': 'RM03CSI-OB', 'date_done': Timestamp('2025-11-30 00:00:00'), 'origin': 'คลังวัตถุดิบ Supplier', 'location_dest_id': 'RM03/WCG', 'default_code': 'NFG05-GL-00001', 'product_uom_qty': 1, 'price_unit': 753.0, 'sequence': 86, 'date': Timestamp('2025-08-29 00:00:00'), 'scheduled_date_orig': Timestamp('2025-11-30 00:00:00'), 'product_id': 'NFG05-GL-00001'}
2025-11-27 11:13:51,522 - INFO - Using cached product ID for code: 'NFG05-GL-00001'
2025-11-27 11:13:51,523 - INFO - Using cached location ID for: 'RM03/WCG'
2025-11-27 11:13:51,523 - INFO - Row 86 has different destination: RM03/WCG
2025-11-27 11:13:51,523 - INFO - Prepared product NFG05-GL-00001 with quantity 1.0 for batch creation
2025-11-27 11:13:51,524 - INFO - Move locations - Source: 14, Dest: 1200
2025-11-27 11:13:51,524 - INFO - Processing Excel row 87: {'partner_id': 'MOGEN_OB', 'scheduled_date': Timestamp('2025-11-30 00:00:00'), 'picking_type_id': 'RM03CSI-OB', 'date_done': Timestamp('2025-11-30 00:00:00'), 'origin': 'คลังวัตถุดิบ Supplier', 'location_dest_id': 'RM03/WCG', 'default_code': 'NFG05-GL-00001', 'product_uom_qty': 1, 'price_unit': 780.0, 'sequence': 87, 'date': Timestamp('2025-08-29 00:00:00'), 'scheduled_date_orig': Timestamp('2025-11-30 00:00:00'), 'product_id': 'NFG05-GL-00001'}
2025-11-27 11:13:51,524 - INFO - Using cached product ID for code: 'NFG05-GL-00001'
2025-11-27 11:13:51,524 - INFO - Using cached location ID for: 'RM03/WCG'
2025-11-27 11:13:51,525 - INFO - Row 87 has different destination: RM03/WCG
2025-11-27 11:13:51,525 - INFO - Prepared product NFG05-GL-00001 with quantity 1.0 for batch creation
2025-11-27 11:13:51,525 - INFO - Move locations - Source: 14, Dest: 1200
2025-11-27 11:13:51,526 - INFO - Processing Excel row 88: {'partner_id': 'MOGEN_OB', 'scheduled_date': Timestamp('2025-11-30 00:00:00'), 'picking_type_id': 'RM03CSI-OB', 'date_done': Timestamp('2025-11-30 00:00:00'), 'origin': 'คลังวัตถุดิบ Supplier', 'location_dest_id': 'RM03/WCG', 'default_code': 'NFG05-GL-00001', 'product_uom_qty': 1, 'price_unit': 807.0, 'sequence': 88, 'date': Timestamp('2025-08-29 00:00:00'), 'scheduled_date_orig': Timestamp('2025-11-30 00:00:00'), 'product_id': 'NFG05-GL-00001'}
2025-11-27 11:13:51,526 - INFO - Using cached product ID for code: 'NFG05-GL-00001'
2025-11-27 11:13:51,527 - INFO - Using cached location ID for: 'RM03/WCG'
2025-11-27 11:13:51,527 - INFO - Row 88 has different destination: RM03/WCG
2025-11-27 11:13:51,527 - INFO - Prepared product NFG05-GL-00001 with quantity 1.0 for batch creation
2025-11-27 11:13:51,527 - INFO - Move locations - Source: 14, Dest: 1200
2025-11-27 11:13:51,528 - INFO - Processing Excel row 89: {'partner_id': 'MOGEN_OB', 'scheduled_date': Timestamp('2025-11-30 00:00:00'), 'picking_type_id': 'RM03CSI-OB', 'date_done': Timestamp('2025-11-30 00:00:00'), 'origin': 'คลังวัตถุดิบ Supplier', 'location_dest_id': 'RM03/WCG', 'default_code': 'NFG05-GL-00001', 'product_uom_qty': 1, 'price_unit': 753.0, 'sequence': 89, 'date': Timestamp('2025-08-29 00:00:00'), 'scheduled_date_orig': Timestamp('2025-11-30 00:00:00'), 'product_id': 'NFG05-GL-00001'}
2025-11-27 11:13:51,528 - INFO - Using cached product ID for code: 'NFG05-GL-00001'
2025-11-27 11:13:51,528 - INFO - Using cached location ID for: 'RM03/WCG'
2025-11-27 11:13:51,529 - INFO - Row 89 has different destination: RM03/WCG
2025-11-27 11:13:51,529 - INFO - Prepared product NFG05-GL-00001 with quantity 1.0 for batch creation
2025-11-27 11:13:51,529 - INFO - Move locations - Source: 14, Dest: 1200
2025-11-27 11:13:51,530 - INFO - Processing Excel row 90: {'partner_id': 'MOGEN_OB', 'scheduled_date': Timestamp('2025-11-30 00:00:00'), 'picking_type_id': 'RM03CSI-OB', 'date_done': Timestamp('2025-11-30 00:00:00'), 'origin': 'คลังวัตถุดิบ Supplier', 'location_dest_id': 'RM03/WCG', 'default_code': 'NFG05-GL-00001', 'product_uom_qty': 1, 'price_unit': 780.0, 'sequence': 90, 'date': Timestamp('2025-08-29 00:00:00'), 'scheduled_date_orig': Timestamp('2025-11-30 00:00:00'), 'product_id': 'NFG05-GL-00001'}
2025-11-27 11:13:51,530 - INFO - Using cached product ID for code: 'NFG05-GL-00001'
2025-11-27 11:13:51,530 - INFO - Using cached location ID for: 'RM03/WCG'
2025-11-27 11:13:51,531 - INFO - Row 90 has different destination: RM03/WCG
2025-11-27 11:13:51,531 - INFO - Prepared product NFG05-GL-00001 with quantity 1.0 for batch creation
2025-11-27 11:13:51,531 - INFO - Move locations - Source: 14, Dest: 1200
2025-11-27 11:13:51,532 - INFO - Processing Excel row 91: {'partner_id': 'MOGEN_OB', 'scheduled_date': Timestamp('2025-11-30 00:00:00'), 'picking_type_id': 'RM03CSI-OB', 'date_done': Timestamp('2025-11-30 00:00:00'), 'origin': 'คลังวัตถุดิบ Supplier', 'location_dest_id': 'RM03/WCG', 'default_code': 'NFG05-GL-00001', 'product_uom_qty': 1, 'price_unit': 753.0, 'sequence': 91, 'date': Timestamp('2025-08-29 00:00:00'), 'scheduled_date_orig': Timestamp('2025-11-30 00:00:00'), 'product_id': 'NFG05-GL-00001'}
2025-11-27 11:13:51,532 - INFO - Using cached product ID for code: 'NFG05-GL-00001'
2025-11-27 11:13:51,532 - INFO - Using cached location ID for: 'RM03/WCG'
2025-11-27 11:13:51,532 - INFO - Row 91 has different destination: RM03/WCG
2025-11-27 11:13:51,533 - INFO - Prepared product NFG05-GL-00001 with quantity 1.0 for batch creation
2025-11-27 11:13:51,533 - INFO - Move locations - Source: 14, Dest: 1200
2025-11-27 11:13:51,533 - INFO - Processing Excel row 92: {'partner_id': 'MOGEN_OB', 'scheduled_date': Timestamp('2025-11-30 00:00:00'), 'picking_type_id': 'RM03CSI-OB', 'date_done': Timestamp('2025-11-30 00:00:00'), 'origin': 'คลังวัตถุดิบ Supplier', 'location_dest_id': 'RM03/WCG', 'default_code': 'NFG05-GL-00001', 'product_uom_qty': 1, 'price_unit': 6590.0, 'sequence': 92, 'date': Timestamp('2025-08-29 00:00:00'), 'scheduled_date_orig': Timestamp('2025-11-30 00:00:00'), 'product_id': 'NFG05-GL-00001'}
2025-11-27 11:13:51,534 - INFO - Using cached product ID for code: 'NFG05-GL-00001'
2025-11-27 11:13:51,534 - INFO - Using cached location ID for: 'RM03/WCG'
2025-11-27 11:13:51,534 - INFO - Row 92 has different destination: RM03/WCG
2025-11-27 11:13:51,535 - INFO - Prepared product NFG05-GL-00001 with quantity 1.0 for batch creation
2025-11-27 11:13:51,535 - INFO - Move locations - Source: 14, Dest: 1200
2025-11-27 11:13:51,535 - INFO - Processing Excel row 93: {'partner_id': 'MOGEN_OB', 'scheduled_date': Timestamp('2025-11-30 00:00:00'), 'picking_type_id': 'RM03CSI-OB', 'date_done': Timestamp('2025-11-30 00:00:00'), 'origin': 'คลังวัตถุดิบ Supplier', 'location_dest_id': 'RM03/WCG', 'default_code': 'NFG05-GL-00001', 'product_uom_qty': 1, 'price_unit': 5025.0, 'sequence': 93, 'date': Timestamp('2025-08-29 00:00:00'), 'scheduled_date_orig': Timestamp('2025-11-30 00:00:00'), 'product_id': 'NFG05-GL-00001'}
2025-11-27 11:13:51,536 - INFO - Using cached product ID for code: 'NFG05-GL-00001'
2025-11-27 11:13:51,536 - INFO - Using cached location ID for: 'RM03/WCG'
2025-11-27 11:13:51,536 - INFO - Row 93 has different destination: RM03/WCG
2025-11-27 11:13:51,537 - INFO - Prepared product NFG05-GL-00001 with quantity 1.0 for batch creation
2025-11-27 11:13:51,537 - INFO - Move locations - Source: 14, Dest: 1200
2025-11-27 11:13:51,537 - INFO - Processing Excel row 94: {'partner_id': 'MOGEN_OB', 'scheduled_date': Timestamp('2025-11-30 00:00:00'), 'picking_type_id': 'RM03CSI-OB', 'date_done': Timestamp('2025-11-30 00:00:00'), 'origin': 'คลังวัตถุดิบ Supplier', 'location_dest_id': 'RM03/WCG', 'default_code': 'NFG05-GL-00001', 'product_uom_qty': 1, 'price_unit': 4408.0, 'sequence': 94, 'date': Timestamp('2025-08-29 00:00:00'), 'scheduled_date_orig': Timestamp('2025-11-30 00:00:00'), 'product_id': 'NFG05-GL-00001'}
2025-11-27 11:13:51,537 - INFO - Using cached product ID for code: 'NFG05-GL-00001'
2025-11-27 11:13:51,538 - INFO - Using cached location ID for: 'RM03/WCG'
2025-11-27 11:13:51,538 - INFO - Row 94 has different destination: RM03/WCG
2025-11-27 11:13:51,538 - INFO - Prepared product NFG05-GL-00001 with quantity 1.0 for batch creation
2025-11-27 11:13:51,539 - INFO - Move locations - Source: 14, Dest: 1200
2025-11-27 11:13:51,539 - INFO - Processing Excel row 95: {'partner_id': 'MOGEN_OB', 'scheduled_date': Timestamp('2025-11-30 00:00:00'), 'picking_type_id': 'RM03CSI-OB', 'date_done': Timestamp('2025-11-30 00:00:00'), 'origin': 'คลังวัตถุดิบ Supplier', 'location_dest_id': 'RM03/WCG', 'default_code': 'NFG05-GL-00001', 'product_uom_qty': 1, 'price_unit': 4409.0, 'sequence': 95, 'date': Timestamp('2025-08-29 00:00:00'), 'scheduled_date_orig': Timestamp('2025-11-30 00:00:00'), 'product_id': 'NFG05-GL-00001'}
2025-11-27 11:13:51,539 - INFO - Using cached product ID for code: 'NFG05-GL-00001'
2025-11-27 11:13:51,540 - INFO - Using cached location ID for: 'RM03/WCG'
2025-11-27 11:13:51,540 - INFO - Row 95 has different destination: RM03/WCG
2025-11-27 11:13:51,540 - INFO - Prepared product NFG05-GL-00001 with quantity 1.0 for batch creation
2025-11-27 11:13:51,540 - INFO - Move locations - Source: 14, Dest: 1200
2025-11-27 11:13:51,541 - INFO - Processing Excel row 96: {'partner_id': 'MOGEN_OB', 'scheduled_date': Timestamp('2025-11-30 00:00:00'), 'picking_type_id': 'RM03CSI-OB', 'date_done': Timestamp('2025-11-30 00:00:00'), 'origin': 'คลังวัตถุดิบ Supplier', 'location_dest_id': 'RM03/WCG', 'default_code': 'NFG05-GL-00001', 'product_uom_qty': 3, 'price_unit': 4531.0, 'sequence': 96, 'date': Timestamp('2025-08-29 00:00:00'), 'scheduled_date_orig': Timestamp('2025-11-30 00:00:00'), 'product_id': 'NFG05-GL-00001'}
2025-11-27 11:13:51,541 - INFO - Using cached product ID for code: 'NFG05-GL-00001'
2025-11-27 11:13:51,541 - INFO - Using cached location ID for: 'RM03/WCG'
2025-11-27 11:13:51,542 - INFO - Row 96 has different destination: RM03/WCG
2025-11-27 11:13:51,542 - INFO - Prepared product NFG05-GL-00001 with quantity 3.0 for batch creation
2025-11-27 11:13:51,542 - INFO - Move locations - Source: 14, Dest: 1200
2025-11-27 11:13:51,543 - INFO - Processing Excel row 97: {'partner_id': 'MOGEN_OB', 'scheduled_date': Timestamp('2025-11-30 00:00:00'), 'picking_type_id': 'RM03CSI-OB', 'date_done': Timestamp('2025-11-30 00:00:00'), 'origin': 'คลังวัตถุดิบ Supplier', 'location_dest_id': 'RM03/WCG', 'default_code': 'NFG05-GL-00001', 'product_uom_qty': 1, 'price_unit': 5603.0, 'sequence': 97, 'date': Timestamp('2025-08-29 00:00:00'), 'scheduled_date_orig': Timestamp('2025-11-30 00:00:00'), 'product_id': 'NFG05-GL-00001'}
2025-11-27 11:13:51,543 - INFO - Using cached product ID for code: 'NFG05-GL-00001'
2025-11-27 11:13:51,543 - INFO - Using cached location ID for: 'RM03/WCG'
2025-11-27 11:13:51,543 - INFO - Row 97 has different destination: RM03/WCG
2025-11-27 11:13:51,544 - INFO - Prepared product NFG05-GL-00001 with quantity 1.0 for batch creation
2025-11-27 11:13:51,544 - INFO - Move locations - Source: 14, Dest: 1200
2025-11-27 11:13:51,544 - INFO - Processing Excel row 98: {'partner_id': 'MOGEN_OB', 'scheduled_date': Timestamp('2025-11-30 00:00:00'), 'picking_type_id': 'RM03CSI-OB', 'date_done': Timestamp('2025-11-30 00:00:00'), 'origin': 'คลังวัตถุดิบ Supplier', 'location_dest_id': 'RM03/WCG', 'default_code': 'NFG05-GL-00001', 'product_uom_qty': 1, 'price_unit': 4551.0, 'sequence': 98, 'date': Timestamp('2025-08-29 00:00:00'), 'scheduled_date_orig': Timestamp('2025-11-30 00:00:00'), 'product_id': 'NFG05-GL-00001'}
2025-11-27 11:13:51,545 - INFO - Using cached product ID for code: 'NFG05-GL-00001'
2025-11-27 11:13:51,545 - INFO - Using cached location ID for: 'RM03/WCG'
2025-11-27 11:13:51,545 - INFO - Row 98 has different destination: RM03/WCG
2025-11-27 11:13:51,546 - INFO - Prepared product NFG05-GL-00001 with quantity 1.0 for batch creation
2025-11-27 11:13:51,546 - INFO - Move locations - Source: 14, Dest: 1200
2025-11-27 11:13:52,289 - INFO - Created 97 moves in batch for picking 29
2025-11-27 11:13:52,408 - INFO - Re-updated dates before confirming picking 29: 2025-11-30 00:00:00
2025-11-27 11:13:53,008 - INFO - Confirmed transfer 29 with forced date context
2025-11-27 11:13:53,009 - INFO - Import completed: 1 success, 0 failed.
