2025-11-27 12:12:47,497 - INFO - Successfully connected to Odoo as user ID: 2
2025-11-27 12:12:47,560 - INFO - Odoo version: 17.0.1.3
2025-11-27 12:12:47,674 - INFO - Available date fields in stock.picking: ['activity_date_deadline', 'my_activity_date_deadline', 'scheduled_date', 'date_deadline', 'date', 'date_done', 'delay_alert_date', 'create_date', 'write_date', 'date_notice', 'date_confirmed', 'date_start', 'operation_date']
2025-11-27 12:12:47,995 - INFO - Successfully read Excel file with 98 rows
2025-11-27 12:12:47,995 - INFO - Excel columns: ['partner_id', 'scheduled_date', 'picking_type_id', 'date_done', 'origin', 'location_dest_id', 'default_code', 'product_uom_qty', 'price_unit', 'sequence', 'date']
2025-11-27 12:12:47,997 - INFO - Processed sequence column
2025-11-27 12:12:47,999 - INFO - scheduled_date dtype: datetime64[ns]
2025-11-27 12:12:47,999 - INFO - scheduled_date sample: 2025-11-30 00:00:00
2025-11-27 12:12:48,001 - INFO - Converted scheduled_date to string format. Sample: 2025-11-30 00:00:00
2025-11-27 12:12:48,002 - INFO - Fixed picking type name from 'My Company: OB FIFO' and 'คลังวัตถุดิบ 2: OB FIFO' to 'OB FIFO'
2025-11-27 12:12:48,003 - INFO - Using 'default_code' column as 'product_id'
2025-11-27 12:12:48,004 - INFO - Using 'origin' column to identify transfer groups
2025-11-27 12:12:48,010 - INFO - Excel file validation and data filling completed successfully
2025-11-27 12:12:48,153 - INFO - Searching for location: 'RM03/CSI'
2025-11-27 12:12:48,344 - INFO - Found location with complete_name match: 'RM03/CSI' for 'RM03/CSI'
2025-11-27 12:12:48,418 - INFO - Found partner ID 4956 for 'MOGEN_OB'
2025-11-27 12:12:48,511 - INFO - Created transfer for date 2025-11-30 00:00:00 sequence 1 with picking ID 33
2025-11-27 12:12:48,515 - INFO - Processing Excel row 1: {'partner_id': 'MOGEN_OB', 'scheduled_date': Timestamp('2025-11-30 00:00:00'), 'picking_type_id': 'RM03CSI-OB', 'date_done': Timestamp('2025-11-30 00:00:00'), 'origin': 'คลังวัตถุดิบ Supplier', 'location_dest_id': 'RM03/CSI', 'default_code': 'NMA02-046-106-1250', 'product_uom_qty': 73, 'price_unit': 83.0, 'sequence': 1, 'date': Timestamp('2025-01-27 00:00:00'), 'scheduled_date_orig': Timestamp('2025-11-30 00:00:00'), 'product_id': 'NMA02-046-106-1250'}
2025-11-27 12:12:48,516 - INFO - Searching for product with code: 'NMA02-046-106-1250' and old code: 'NMA02-046-106-1250'
2025-11-27 12:12:48,726 - INFO - Found product with exact match on old_product_code: 'NMA02-046-106-1250'
2025-11-27 12:12:48,793 - INFO - Prepared product NMA02-046-106-1250 with quantity 73.0 for batch creation
2025-11-27 12:12:48,794 - INFO - Move locations - Source: 14, Dest: 1184
2025-11-27 12:12:48,795 - INFO - Processing Excel row 2: {'partner_id': 'MOGEN_OB', 'scheduled_date': Timestamp('2025-11-30 00:00:00'), 'picking_type_id': 'RM03CSI-OB', 'date_done': Timestamp('2025-11-30 00:00:00'), 'origin': 'คลังวัตถุดิบ Supplier', 'location_dest_id': 'RM03/CSI', 'default_code': 'NMA02-046-106-1250', 'product_uom_qty': 200, 'price_unit': 83.0, 'sequence': 2, 'date': Timestamp('2025-02-07 00:00:00'), 'scheduled_date_orig': Timestamp('2025-11-30 00:00:00'), 'product_id': 'NMA02-046-106-1250'}
2025-11-27 12:12:48,796 - INFO - Using cached product ID for code: 'NMA02-046-106-1250'
2025-11-27 12:12:48,796 - INFO - Prepared product NMA02-046-106-1250 with quantity 200.0 for batch creation
2025-11-27 12:12:48,796 - INFO - Move locations - Source: 14, Dest: 1184
2025-11-27 12:12:48,797 - INFO - Processing Excel row 3: {'partner_id': 'MOGEN_OB', 'scheduled_date': Timestamp('2025-11-30 00:00:00'), 'picking_type_id': 'RM03CSI-OB', 'date_done': Timestamp('2025-11-30 00:00:00'), 'origin': 'คลังวัตถุดิบ Supplier', 'location_dest_id': 'RM03/CSI', 'default_code': 'NMA02-ขาวเรียบ-1250', 'product_uom_qty': 90, 'price_unit': 77.0, 'sequence': 3, 'date': Timestamp('2025-02-07 00:00:00'), 'scheduled_date_orig': Timestamp('2025-11-30 00:00:00'), 'product_id': 'NMA02-ขาวเรียบ-1250'}
2025-11-27 12:12:48,798 - INFO - Searching for product with code: 'NMA02-ขาวเรียบ-1250' and old code: 'NMA02-ขาวเรียบ-1250'
2025-11-27 12:12:49,004 - INFO - Found product with exact match on old_product_code: 'NMA02-ขาวเรียบ-1250'
2025-11-27 12:12:49,074 - INFO - Prepared product NMA02-ขาวเรียบ-1250 with quantity 90.0 for batch creation
2025-11-27 12:12:49,075 - INFO - Move locations - Source: 14, Dest: 1184
2025-11-27 12:12:49,075 - INFO - Processing Excel row 4: {'partner_id': 'MOGEN_OB', 'scheduled_date': Timestamp('2025-11-30 00:00:00'), 'picking_type_id': 'RM03CSI-OB', 'date_done': Timestamp('2025-11-30 00:00:00'), 'origin': 'คลังวัตถุดิบ Supplier', 'location_dest_id': 'RM03/CSI', 'default_code': 'NMA02-ขาวเรียบ-1250', 'product_uom_qty': 130, 'price_unit': 77.0, 'sequence': 4, 'date': Timestamp('2025-05-27 00:00:00'), 'scheduled_date_orig': Timestamp('2025-11-30 00:00:00'), 'product_id': 'NMA02-ขาวเรียบ-1250'}
2025-11-27 12:12:49,076 - INFO - Using cached product ID for code: 'NMA02-ขาวเรียบ-1250'
2025-11-27 12:12:49,076 - INFO - Prepared product NMA02-ขาวเรียบ-1250 with quantity 130.0 for batch creation
2025-11-27 12:12:49,077 - INFO - Move locations - Source: 14, Dest: 1184
2025-11-27 12:12:49,078 - INFO - Processing Excel row 5: {'partner_id': 'MOGEN_OB', 'scheduled_date': Timestamp('2025-11-30 00:00:00'), 'picking_type_id': 'RM03CSI-OB', 'date_done': Timestamp('2025-11-30 00:00:00'), 'origin': 'คลังวัตถุดิบ Supplier', 'location_dest_id': 'RM03/CSI', 'default_code': 'NMA02-131000x0.12-308', 'product_uom_qty': 16, 'price_unit': 46.0, 'sequence': 5, 'date': Timestamp('2025-09-08 00:00:00'), 'scheduled_date_orig': Timestamp('2025-11-30 00:00:00'), 'product_id': 'NMA02-131000x0.12-308'}
2025-11-27 12:12:49,078 - INFO - Searching for product with code: 'NMA02-131000x0.12-308' and old code: 'NMA02-131000x0.12-308'
2025-11-27 12:12:49,293 - INFO - Found product with exact match on old_product_code: 'NMA02-131000x0.12-308'
2025-11-27 12:12:49,367 - INFO - Prepared product NMA02-131000x0.12-308 with quantity 16.0 for batch creation
2025-11-27 12:12:49,368 - INFO - Move locations - Source: 14, Dest: 1184
2025-11-27 12:12:49,368 - INFO - Processing Excel row 6: {'partner_id': 'MOGEN_OB', 'scheduled_date': Timestamp('2025-11-30 00:00:00'), 'picking_type_id': 'RM03CSI-OB', 'date_done': Timestamp('2025-11-30 00:00:00'), 'origin': 'คลังวัตถุดิบ Supplier', 'location_dest_id': 'RM03/CSI', 'default_code': 'NMA02-00000PP36-1250-0.3', 'product_uom_qty': 138, 'price_unit': 122.200129, 'sequence': 6, 'date': Timestamp('2025-09-09 00:00:00'), 'scheduled_date_orig': Timestamp('2025-11-30 00:00:00'), 'product_id': 'NMA02-00000PP36-1250-0.3'}
2025-11-27 12:12:49,369 - INFO - Searching for product with code: 'NMA02-00000PP36-1250-0.3' and old code: 'NMA02-00000PP36-1250-0.3'
2025-11-27 12:12:49,576 - INFO - Found product with exact match on old_product_code: 'NMA02-00000PP36-1250-0.3'
2025-11-27 12:12:49,649 - INFO - Prepared product NMA02-00000PP36-1250-0.3 with quantity 138.0 for batch creation
2025-11-27 12:12:49,649 - INFO - Move locations - Source: 14, Dest: 1184
2025-11-27 12:12:49,649 - INFO - Processing Excel row 7: {'partner_id': 'MOGEN_OB', 'scheduled_date': Timestamp('2025-11-30 00:00:00'), 'picking_type_id': 'RM03CSI-OB', 'date_done': Timestamp('2025-11-30 00:00:00'), 'origin': 'คลังวัตถุดิบ Supplier', 'location_dest_id': 'RM03/CSI', 'default_code': 'NMA02-131000x0.2-48', 'product_uom_qty': 343, 'price_unit': 48.0, 'sequence': 7, 'date': Timestamp('2025-09-18 00:00:00'), 'scheduled_date_orig': Timestamp('2025-11-30 00:00:00'), 'product_id': 'NMA02-131000x0.2-48'}
2025-11-27 12:12:49,650 - INFO - Searching for product with code: 'NMA02-131000x0.2-48' and old code: 'NMA02-131000x0.2-48'
2025-11-27 12:12:49,871 - INFO - Found product with exact match on old_product_code: 'NMA02-131000x0.2-48'
2025-11-27 12:12:49,957 - INFO - Prepared product NMA02-131000x0.2-48 with quantity 343.0 for batch creation
2025-11-27 12:12:49,957 - INFO - Move locations - Source: 14, Dest: 1184
2025-11-27 12:12:49,958 - INFO - Processing Excel row 8: {'partner_id': 'MOGEN_OB', 'scheduled_date': Timestamp('2025-11-30 00:00:00'), 'picking_type_id': 'RM03CSI-OB', 'date_done': Timestamp('2025-11-30 00:00:00'), 'origin': 'คลังวัตถุดิบ Supplier', 'location_dest_id': 'RM03/CSI', 'default_code': 'NMA02-205-GF50#10', 'product_uom_qty': 88, 'price_unit': 77.0, 'sequence': 8, 'date': Timestamp('2025-10-07 00:00:00'), 'scheduled_date_orig': Timestamp('2025-11-30 00:00:00'), 'product_id': 'NMA02-205-GF50#10'}
2025-11-27 12:12:49,959 - INFO - Searching for product with code: 'NMA02-205-GF50#10' and old code: 'NMA02-205-GF50#10'
2025-11-27 12:12:50,260 - INFO - Found product with exact match on old_product_code: 'NMA02-205-GF50#10'
2025-11-27 12:12:50,364 - INFO - Prepared product NMA02-205-GF50#10 with quantity 88.0 for batch creation
2025-11-27 12:12:50,364 - INFO - Move locations - Source: 14, Dest: 1184
2025-11-27 12:12:50,366 - INFO - Processing Excel row 9: {'partner_id': 'MOGEN_OB', 'scheduled_date': Timestamp('2025-11-30 00:00:00'), 'picking_type_id': 'RM03CSI-OB', 'date_done': Timestamp('2025-11-30 00:00:00'), 'origin': 'คลังวัตถุดิบ Supplier', 'location_dest_id': 'RM03/CSI', 'default_code': 403030003, 'product_uom_qty': 5, 'price_unit': 775.0, 'sequence': 9, 'date': Timestamp('2025-10-10 00:00:00'), 'scheduled_date_orig': Timestamp('2025-11-30 00:00:00'), 'product_id': 403030003}
2025-11-27 12:12:50,367 - INFO - Searching for product with code: '403030003' and old code: '403030003'
2025-11-27 12:12:50,468 - INFO - Found product with exact match on default_code: '403030003'
2025-11-27 12:12:50,566 - INFO - Prepared product 403030003 with quantity 5.0 for batch creation
2025-11-27 12:12:50,568 - INFO - Move locations - Source: 14, Dest: 1184
2025-11-27 12:12:50,569 - INFO - Processing Excel row 10: {'partner_id': 'MOGEN_OB', 'scheduled_date': Timestamp('2025-11-30 00:00:00'), 'picking_type_id': 'RM03CSI-OB', 'date_done': Timestamp('2025-11-30 00:00:00'), 'origin': 'คลังวัตถุดิบ Supplier', 'location_dest_id': 'RM03/CSI', 'default_code': 'NMA02-131000x0.12-308', 'product_uom_qty': 75, 'price_unit': 46.0, 'sequence': 10, 'date': Timestamp('2025-10-22 00:00:00'), 'scheduled_date_orig': Timestamp('2025-11-30 00:00:00'), 'product_id': 'NMA02-131000x0.12-308'}
2025-11-27 12:12:50,570 - INFO - Using cached product ID for code: 'NMA02-131000x0.12-308'
2025-11-27 12:12:50,571 - INFO - Prepared product NMA02-131000x0.12-308 with quantity 75.0 for batch creation
2025-11-27 12:12:50,571 - INFO - Move locations - Source: 14, Dest: 1184
2025-11-27 12:12:50,573 - INFO - Processing Excel row 11: {'partner_id': 'MOGEN_OB', 'scheduled_date': Timestamp('2025-11-30 00:00:00'), 'picking_type_id': 'RM03CSI-OB', 'date_done': Timestamp('2025-11-30 00:00:00'), 'origin': 'คลังวัตถุดิบ Supplier', 'location_dest_id': 'RM03/QTL', 'default_code': 'NMA01-120-HMR-2440-15', 'product_uom_qty': 42, 'price_unit': 401.87, 'sequence': 11, 'date': Timestamp('2024-12-18 00:00:00'), 'scheduled_date_orig': Timestamp('2025-11-30 00:00:00'), 'product_id': 'NMA01-120-HMR-2440-15'}
2025-11-27 12:12:50,574 - INFO - Searching for product with code: 'NMA01-120-HMR-2440-15' and old code: 'NMA01-120-HMR-2440-15'
2025-11-27 12:12:50,917 - INFO - Found product with exact match on old_product_code: 'NMA01-120-HMR-2440-15'
2025-11-27 12:12:51,021 - INFO - Searching for location: 'RM03/QTL'
2025-11-27 12:12:51,354 - INFO - Found location with complete_name match: 'RM03/QTL' for 'RM03/QTL'
2025-11-27 12:12:51,355 - INFO - Row 11 has different destination: RM03/QTL
2025-11-27 12:12:51,356 - INFO - Prepared product NMA01-120-HMR-2440-15 with quantity 42.0 for batch creation
2025-11-27 12:12:51,357 - INFO - Move locations - Source: 14, Dest: 1187
2025-11-27 12:12:51,359 - INFO - Processing Excel row 12: {'partner_id': 'MOGEN_OB', 'scheduled_date': Timestamp('2025-11-30 00:00:00'), 'picking_type_id': 'RM03CSI-OB', 'date_done': Timestamp('2025-11-30 00:00:00'), 'origin': 'คลังวัตถุดิบ Supplier', 'location_dest_id': 'RM03/QTL', 'default_code': 'NMA02-00000PP19-1250', 'product_uom_qty': 72, 'price_unit': 84.4, 'sequence': 12, 'date': Timestamp('2024-12-18 00:00:00'), 'scheduled_date_orig': Timestamp('2025-11-30 00:00:00'), 'product_id': 'NMA02-00000PP19-1250'}
2025-11-27 12:12:51,360 - INFO - Searching for product with code: 'NMA02-00000PP19-1250' and old code: 'NMA02-00000PP19-1250'
2025-11-27 12:12:51,676 - INFO - Found product with exact match on old_product_code: 'NMA02-00000PP19-1250'
2025-11-27 12:12:51,746 - INFO - Using cached location ID for: 'RM03/QTL'
2025-11-27 12:12:51,747 - INFO - Row 12 has different destination: RM03/QTL
2025-11-27 12:12:51,747 - INFO - Prepared product NMA02-00000PP19-1250 with quantity 72.0 for batch creation
2025-11-27 12:12:51,748 - INFO - Move locations - Source: 14, Dest: 1187
2025-11-27 12:12:51,749 - INFO - Processing Excel row 13: {'partner_id': 'MOGEN_OB', 'scheduled_date': Timestamp('2025-11-30 00:00:00'), 'picking_type_id': 'RM03CSI-OB', 'date_done': Timestamp('2025-11-30 00:00:00'), 'origin': 'คลังวัตถุดิบ Supplier', 'location_dest_id': 'RM03/QTL', 'default_code': 'NMA02-131000x0.2-031', 'product_uom_qty': 250, 'price_unit': 46.0, 'sequence': 13, 'date': Timestamp('2024-12-18 00:00:00'), 'scheduled_date_orig': Timestamp('2025-11-30 00:00:00'), 'product_id': 'NMA02-131000x0.2-031'}
2025-11-27 12:12:51,750 - INFO - Searching for product with code: 'NMA02-131000x0.2-031' and old code: 'NMA02-131000x0.2-031'
2025-11-27 12:12:51,946 - INFO - Found product with exact match on old_product_code: 'NMA02-131000x0.2-031'
2025-11-27 12:12:52,013 - INFO - Using cached location ID for: 'RM03/QTL'
2025-11-27 12:12:52,017 - INFO - Row 13 has different destination: RM03/QTL
2025-11-27 12:12:52,018 - INFO - Prepared product NMA02-131000x0.2-031 with quantity 250.0 for batch creation
2025-11-27 12:12:52,019 - INFO - Move locations - Source: 14, Dest: 1187
2025-11-27 12:12:52,021 - INFO - Processing Excel row 14: {'partner_id': 'MOGEN_OB', 'scheduled_date': Timestamp('2025-11-30 00:00:00'), 'picking_type_id': 'RM03CSI-OB', 'date_done': Timestamp('2025-11-30 00:00:00'), 'origin': 'คลังวัตถุดิบ Supplier', 'location_dest_id': 'RM03/QTL', 'default_code': 'NMA02-205-CB/2', 'product_uom_qty': 60, 'price_unit': 77.0, 'sequence': 14, 'date': Timestamp('2024-12-18 00:00:00'), 'scheduled_date_orig': Timestamp('2025-11-30 00:00:00'), 'product_id': 'NMA02-205-CB/2'}
2025-11-27 12:12:52,022 - INFO - Searching for product with code: 'NMA02-205-CB/2' and old code: 'NMA02-205-CB/2'
2025-11-27 12:12:52,235 - INFO - Found product with exact match on old_product_code: 'NMA02-205-CB/2'
2025-11-27 12:12:52,300 - INFO - Using cached location ID for: 'RM03/QTL'
2025-11-27 12:12:52,301 - INFO - Row 14 has different destination: RM03/QTL
2025-11-27 12:12:52,302 - INFO - Prepared product NMA02-205-CB/2 with quantity 60.0 for batch creation
2025-11-27 12:12:52,302 - INFO - Move locations - Source: 14, Dest: 1187
2025-11-27 12:12:52,303 - INFO - Processing Excel row 15: {'partner_id': 'MOGEN_OB', 'scheduled_date': Timestamp('2025-11-30 00:00:00'), 'picking_type_id': 'RM03CSI-OB', 'date_done': Timestamp('2025-11-30 00:00:00'), 'origin': 'คลังวัตถุดิบ Supplier', 'location_dest_id': 'RM03/QTL', 'default_code': 'NMA02-00000PP36-1250-0.3', 'product_uom_qty': 208, 'price_unit': 122.20012884615383, 'sequence': 15, 'date': Timestamp('2025-01-14 00:00:00'), 'scheduled_date_orig': Timestamp('2025-11-30 00:00:00'), 'product_id': 'NMA02-00000PP36-1250-0.3'}
2025-11-27 12:12:52,304 - INFO - Using cached product ID for code: 'NMA02-00000PP36-1250-0.3'
2025-11-27 12:12:52,305 - INFO - Using cached location ID for: 'RM03/QTL'
2025-11-27 12:12:52,305 - INFO - Row 15 has different destination: RM03/QTL
2025-11-27 12:12:52,306 - INFO - Prepared product NMA02-00000PP36-1250-0.3 with quantity 208.0 for batch creation
2025-11-27 12:12:52,307 - INFO - Move locations - Source: 14, Dest: 1187
2025-11-27 12:12:52,309 - INFO - Processing Excel row 16: {'partner_id': 'MOGEN_OB', 'scheduled_date': Timestamp('2025-11-30 00:00:00'), 'picking_type_id': 'RM03CSI-OB', 'date_done': Timestamp('2025-11-30 00:00:00'), 'origin': 'คลังวัตถุดิบ Supplier', 'location_dest_id': 'RM03/QTL', 'default_code': 'NMA02-ขาวเรียบ-1250', 'product_uom_qty': 85, 'price_unit': 77.0, 'sequence': 16, 'date': Timestamp('2025-02-07 00:00:00'), 'scheduled_date_orig': Timestamp('2025-11-30 00:00:00'), 'product_id': 'NMA02-ขาวเรียบ-1250'}
2025-11-27 12:12:52,309 - INFO - Using cached product ID for code: 'NMA02-ขาวเรียบ-1250'
2025-11-27 12:12:52,310 - INFO - Using cached location ID for: 'RM03/QTL'
2025-11-27 12:12:52,311 - INFO - Row 16 has different destination: RM03/QTL
2025-11-27 12:12:52,312 - INFO - Prepared product NMA02-ขาวเรียบ-1250 with quantity 85.0 for batch creation
2025-11-27 12:12:52,312 - INFO - Move locations - Source: 14, Dest: 1187
2025-11-27 12:12:52,314 - INFO - Processing Excel row 17: {'partner_id': 'MOGEN_OB', 'scheduled_date': Timestamp('2025-11-30 00:00:00'), 'picking_type_id': 'RM03CSI-OB', 'date_done': Timestamp('2025-11-30 00:00:00'), 'origin': 'คลังวัตถุดิบ Supplier', 'location_dest_id': 'RM03/QTL', 'default_code': 'MA02-White-Gloss', 'product_uom_qty': 85, 'price_unit': 130.0, 'sequence': 17, 'date': Timestamp('2025-02-27 00:00:00'), 'scheduled_date_orig': Timestamp('2025-11-30 00:00:00'), 'product_id': 'MA02-White-Gloss'}
2025-11-27 12:12:52,314 - INFO - Searching for product with code: 'MA02-White-Gloss' and old code: 'MA02-White-Gloss'
2025-11-27 12:12:52,516 - INFO - Found product with exact match on old_product_code: 'MA02-White-Gloss'
2025-11-27 12:12:52,580 - INFO - Using cached location ID for: 'RM03/QTL'
2025-11-27 12:12:52,581 - INFO - Row 17 has different destination: RM03/QTL
2025-11-27 12:12:52,581 - INFO - Prepared product MA02-White-Gloss with quantity 85.0 for batch creation
2025-11-27 12:12:52,581 - INFO - Move locations - Source: 14, Dest: 1187
2025-11-27 12:12:52,582 - INFO - Processing Excel row 18: {'partner_id': 'MOGEN_OB', 'scheduled_date': Timestamp('2025-11-30 00:00:00'), 'picking_type_id': 'RM03CSI-OB', 'date_done': Timestamp('2025-11-30 00:00:00'), 'origin': 'คลังวัตถุดิบ Supplier', 'location_dest_id': 'RM03/QTL', 'default_code': 'NMA01-H4-LMN1249-0.8', 'product_uom_qty': 4, 'price_unit': 1007.5, 'sequence': 18, 'date': Timestamp('2025-05-23 00:00:00'), 'scheduled_date_orig': Timestamp('2025-11-30 00:00:00'), 'product_id': 'NMA01-H4-LMN1249-0.8'}
2025-11-27 12:12:52,582 - INFO - Searching for product with code: 'NMA01-H4-LMN1249-0.8' and old code: 'NMA01-H4-LMN1249-0.8'
2025-11-27 12:12:52,797 - INFO - Found product with exact match on old_product_code: 'NMA01-H4-LMN1249-0.8'
2025-11-27 12:12:52,863 - INFO - Using cached location ID for: 'RM03/QTL'
2025-11-27 12:12:52,864 - INFO - Row 18 has different destination: RM03/QTL
2025-11-27 12:12:52,864 - INFO - Prepared product NMA01-H4-LMN1249-0.8 with quantity 4.0 for batch creation
2025-11-27 12:12:52,865 - INFO - Move locations - Source: 14, Dest: 1187
2025-11-27 12:12:52,865 - INFO - Processing Excel row 19: {'partner_id': 'MOGEN_OB', 'scheduled_date': Timestamp('2025-11-30 00:00:00'), 'picking_type_id': 'RM03CSI-OB', 'date_done': Timestamp('2025-11-30 00:00:00'), 'origin': 'คลังวัตถุดิบ Supplier', 'location_dest_id': 'RM03/QTL', 'default_code': 'NMA02-131000x0.12-308', 'product_uom_qty': 213, 'price_unit': 46.0, 'sequence': 19, 'date': Timestamp('2025-09-08 00:00:00'), 'scheduled_date_orig': Timestamp('2025-11-30 00:00:00'), 'product_id': 'NMA02-131000x0.12-308'}
2025-11-27 12:12:52,866 - INFO - Using cached product ID for code: 'NMA02-131000x0.12-308'
2025-11-27 12:12:52,866 - INFO - Using cached location ID for: 'RM03/QTL'
2025-11-27 12:12:52,866 - INFO - Row 19 has different destination: RM03/QTL
2025-11-27 12:12:52,867 - INFO - Prepared product NMA02-131000x0.12-308 with quantity 213.0 for batch creation
2025-11-27 12:12:52,867 - INFO - Move locations - Source: 14, Dest: 1187
2025-11-27 12:12:52,868 - INFO - Processing Excel row 20: {'partner_id': 'MOGEN_OB', 'scheduled_date': Timestamp('2025-11-30 00:00:00'), 'picking_type_id': 'RM03CSI-OB', 'date_done': Timestamp('2025-11-30 00:00:00'), 'origin': 'คลังวัตถุดิบ Supplier', 'location_dest_id': 'RM03/QTL', 'default_code': 'NMA02-131000x0.12-308', 'product_uom_qty': 484, 'price_unit': 46.0, 'sequence': 20, 'date': Timestamp('2025-09-08 00:00:00'), 'scheduled_date_orig': Timestamp('2025-11-30 00:00:00'), 'product_id': 'NMA02-131000x0.12-308'}
2025-11-27 12:12:52,868 - INFO - Using cached product ID for code: 'NMA02-131000x0.12-308'
2025-11-27 12:12:52,869 - INFO - Using cached location ID for: 'RM03/QTL'
2025-11-27 12:12:52,869 - INFO - Row 20 has different destination: RM03/QTL
2025-11-27 12:12:52,870 - INFO - Prepared product NMA02-131000x0.12-308 with quantity 484.0 for batch creation
2025-11-27 12:12:52,870 - INFO - Move locations - Source: 14, Dest: 1187
2025-11-27 12:12:52,871 - INFO - Processing Excel row 21: {'partner_id': 'MOGEN_OB', 'scheduled_date': Timestamp('2025-11-30 00:00:00'), 'picking_type_id': 'RM03CSI-OB', 'date_done': Timestamp('2025-11-30 00:00:00'), 'origin': 'คลังวัตถุดิบ Supplier', 'location_dest_id': 'RM03/QTL', 'default_code': 'NMA02-00000PP36-1250-0.3', 'product_uom_qty': 162, 'price_unit': 122.200129, 'sequence': 21, 'date': Timestamp('2025-09-09 00:00:00'), 'scheduled_date_orig': Timestamp('2025-11-30 00:00:00'), 'product_id': 'NMA02-00000PP36-1250-0.3'}
2025-11-27 12:12:52,871 - INFO - Using cached product ID for code: 'NMA02-00000PP36-1250-0.3'
2025-11-27 12:12:52,872 - INFO - Using cached location ID for: 'RM03/QTL'
2025-11-27 12:12:52,872 - INFO - Row 21 has different destination: RM03/QTL
2025-11-27 12:12:52,873 - INFO - Prepared product NMA02-00000PP36-1250-0.3 with quantity 162.0 for batch creation
2025-11-27 12:12:52,873 - INFO - Move locations - Source: 14, Dest: 1187
2025-11-27 12:12:52,874 - INFO - Processing Excel row 22: {'partner_id': 'MOGEN_OB', 'scheduled_date': Timestamp('2025-11-30 00:00:00'), 'picking_type_id': 'RM03CSI-OB', 'date_done': Timestamp('2025-11-30 00:00:00'), 'origin': 'คลังวัตถุดิบ Supplier', 'location_dest_id': 'RM03/QTL', 'default_code': 'MA01-168A12202440A', 'product_uom_qty': 1, 'price_unit': 1423.553, 'sequence': 22, 'date': Timestamp('2025-10-22 00:00:00'), 'scheduled_date_orig': Timestamp('2025-11-30 00:00:00'), 'product_id': 'MA01-168A12202440A'}
2025-11-27 12:12:52,874 - INFO - Searching for product with code: 'MA01-168A12202440A' and old code: 'MA01-168A12202440A'
2025-11-27 12:12:53,066 - INFO - Found product with exact match on old_product_code: 'MA01-168A12202440A'
2025-11-27 12:12:53,131 - INFO - Using cached location ID for: 'RM03/QTL'
2025-11-27 12:12:53,132 - INFO - Row 22 has different destination: RM03/QTL
2025-11-27 12:12:53,133 - INFO - Prepared product MA01-168A12202440A with quantity 1.0 for batch creation
2025-11-27 12:12:53,134 - INFO - Move locations - Source: 14, Dest: 1187
2025-11-27 12:12:53,135 - INFO - Processing Excel row 23: {'partner_id': 'MOGEN_OB', 'scheduled_date': Timestamp('2025-11-30 00:00:00'), 'picking_type_id': 'RM03CSI-OB', 'date_done': Timestamp('2025-11-30 00:00:00'), 'origin': 'คลังวัตถุดิบ Supplier', 'location_dest_id': 'RM03/QTL', 'default_code': 'NMA01-120-PB-HMR-2440-16', 'product_uom_qty': 10, 'price_unit': 340.0, 'sequence': 23, 'date': Timestamp('2025-10-22 00:00:00'), 'scheduled_date_orig': Timestamp('2025-11-30 00:00:00'), 'product_id': 'NMA01-120-PB-HMR-2440-16'}
2025-11-27 12:12:53,137 - INFO - Searching for product with code: 'NMA01-120-PB-HMR-2440-16' and old code: 'NMA01-120-PB-HMR-2440-16'
2025-11-27 12:12:53,356 - INFO - Found product with exact match on old_product_code: 'NMA01-120-PB-HMR-2440-16'
2025-11-27 12:12:53,444 - INFO - Using cached location ID for: 'RM03/QTL'
2025-11-27 12:12:53,445 - INFO - Row 23 has different destination: RM03/QTL
2025-11-27 12:12:53,445 - INFO - Prepared product NMA01-120-PB-HMR-2440-16 with quantity 10.0 for batch creation
2025-11-27 12:12:53,446 - INFO - Move locations - Source: 14, Dest: 1187
2025-11-27 12:12:53,447 - INFO - Processing Excel row 24: {'partner_id': 'MOGEN_OB', 'scheduled_date': Timestamp('2025-11-30 00:00:00'), 'picking_type_id': 'RM03CSI-OB', 'date_done': Timestamp('2025-11-30 00:00:00'), 'origin': 'คลังวัตถุดิบ Supplier', 'location_dest_id': 'RM03/TCI', 'default_code': 'BAC11', 'product_uom_qty': 89, 'price_unit': 9.0, 'sequence': 24, 'date': Timestamp('2019-01-01 00:00:00'), 'scheduled_date_orig': Timestamp('2025-11-30 00:00:00'), 'product_id': 'BAC11'}
2025-11-27 12:12:53,448 - INFO - Searching for product with code: 'BAC11' and old code: 'BAC11'
2025-11-27 12:12:53,704 - INFO - Found product with exact match on old_product_code: 'BAC11'
2025-11-27 12:12:53,788 - INFO - Searching for location: 'RM03/TCI'
2025-11-27 12:12:53,969 - INFO - Found location with complete_name match: 'RM03/TCI' for 'RM03/TCI'
2025-11-27 12:12:53,970 - INFO - Row 24 has different destination: RM03/TCI
2025-11-27 12:12:53,971 - INFO - Prepared product BAC11 with quantity 89.0 for batch creation
2025-11-27 12:12:53,972 - INFO - Move locations - Source: 14, Dest: 1188
2025-11-27 12:12:53,974 - INFO - Processing Excel row 25: {'partner_id': 'MOGEN_OB', 'scheduled_date': Timestamp('2025-11-30 00:00:00'), 'picking_type_id': 'RM03CSI-OB', 'date_done': Timestamp('2025-11-30 00:00:00'), 'origin': 'คลังวัตถุดิบ Supplier', 'location_dest_id': 'RM03/TCI', 'default_code': 'BAC11', 'product_uom_qty': 18, 'price_unit': 9.0, 'sequence': 25, 'date': Timestamp('2019-07-29 00:00:00'), 'scheduled_date_orig': Timestamp('2025-11-30 00:00:00'), 'product_id': 'BAC11'}
2025-11-27 12:12:53,976 - INFO - Using cached product ID for code: 'BAC11'
2025-11-27 12:12:53,977 - INFO - Using cached location ID for: 'RM03/TCI'
2025-11-27 12:12:53,978 - INFO - Row 25 has different destination: RM03/TCI
2025-11-27 12:12:53,979 - INFO - Prepared product BAC11 with quantity 18.0 for batch creation
2025-11-27 12:12:53,980 - INFO - Move locations - Source: 14, Dest: 1188
2025-11-27 12:12:53,981 - INFO - Processing Excel row 26: {'partner_id': 'MOGEN_OB', 'scheduled_date': Timestamp('2025-11-30 00:00:00'), 'picking_type_id': 'RM03CSI-OB', 'date_done': Timestamp('2025-11-30 00:00:00'), 'origin': 'คลังวัตถุดิบ Supplier', 'location_dest_id': 'RM03/TCI', 'default_code': 'BMA014', 'product_uom_qty': 75, 'price_unit': 78.5, 'sequence': 26, 'date': Timestamp('2023-04-08 00:00:00'), 'scheduled_date_orig': Timestamp('2025-11-30 00:00:00'), 'product_id': 'BMA014'}
2025-11-27 12:12:53,981 - INFO - Searching for product with code: 'BMA014' and old code: 'BMA014'
2025-11-27 12:12:54,185 - INFO - Found product with exact match on old_product_code: 'BMA014'
2025-11-27 12:12:54,256 - INFO - Using cached location ID for: 'RM03/TCI'
2025-11-27 12:12:54,257 - INFO - Row 26 has different destination: RM03/TCI
2025-11-27 12:12:54,257 - INFO - Prepared product BMA014 with quantity 75.0 for batch creation
2025-11-27 12:12:54,258 - INFO - Move locations - Source: 14, Dest: 1188
2025-11-27 12:12:54,258 - INFO - Processing Excel row 27: {'partner_id': 'MOGEN_OB', 'scheduled_date': Timestamp('2025-11-30 00:00:00'), 'picking_type_id': 'RM03CSI-OB', 'date_done': Timestamp('2025-11-30 00:00:00'), 'origin': 'คลังวัตถุดิบ Supplier', 'location_dest_id': 'RM03/TCI', 'default_code': 'BMA014', 'product_uom_qty': 10, 'price_unit': 78.5, 'sequence': 27, 'date': Timestamp('2023-11-30 00:00:00'), 'scheduled_date_orig': Timestamp('2025-11-30 00:00:00'), 'product_id': 'BMA014'}
2025-11-27 12:12:54,259 - INFO - Using cached product ID for code: 'BMA014'
2025-11-27 12:12:54,259 - INFO - Using cached location ID for: 'RM03/TCI'
2025-11-27 12:12:54,259 - INFO - Row 27 has different destination: RM03/TCI
2025-11-27 12:12:54,260 - INFO - Prepared product BMA014 with quantity 10.0 for batch creation
2025-11-27 12:12:54,260 - INFO - Move locations - Source: 14, Dest: 1188
2025-11-27 12:12:54,261 - INFO - Processing Excel row 28: {'partner_id': 'MOGEN_OB', 'scheduled_date': Timestamp('2025-11-30 00:00:00'), 'picking_type_id': 'RM03CSI-OB', 'date_done': Timestamp('2025-11-30 00:00:00'), 'origin': 'คลังวัตถุดิบ Supplier', 'location_dest_id': 'RM03/TCI', 'default_code': 'SP0017100', 'product_uom_qty': 2, 'price_unit': 71.9416424731183, 'sequence': 28, 'date': Timestamp('2024-01-31 00:00:00'), 'scheduled_date_orig': Timestamp('2025-11-30 00:00:00'), 'product_id': 'SP0017100'}
2025-11-27 12:12:54,261 - INFO - Searching for product with code: 'SP0017100' and old code: 'SP0017100'
2025-11-27 12:12:54,322 - INFO - Found product with exact match on default_code: 'SP0017100'
2025-11-27 12:12:54,386 - INFO - Using cached location ID for: 'RM03/TCI'
2025-11-27 12:12:54,386 - INFO - Row 28 has different destination: RM03/TCI
2025-11-27 12:12:54,387 - INFO - Prepared product SP0017100 with quantity 2.0 for batch creation
2025-11-27 12:12:54,387 - INFO - Move locations - Source: 14, Dest: 1188
2025-11-27 12:12:54,388 - INFO - Processing Excel row 29: {'partner_id': 'MOGEN_OB', 'scheduled_date': Timestamp('2025-11-30 00:00:00'), 'picking_type_id': 'RM03CSI-OB', 'date_done': Timestamp('2025-11-30 00:00:00'), 'origin': 'คลังวัตถุดิบ Supplier', 'location_dest_id': 'RM03/TCI', 'default_code': 'BAC13', 'product_uom_qty': 243, 'price_unit': 7.0, 'sequence': 29, 'date': Timestamp('2024-10-28 00:00:00'), 'scheduled_date_orig': Timestamp('2025-11-30 00:00:00'), 'product_id': 'BAC13'}
2025-11-27 12:12:54,389 - INFO - Searching for product with code: 'BAC13' and old code: 'BAC13'
2025-11-27 12:12:54,585 - INFO - Found product with exact match on old_product_code: 'BAC13'
2025-11-27 12:12:54,655 - INFO - Using cached location ID for: 'RM03/TCI'
2025-11-27 12:12:54,655 - INFO - Row 29 has different destination: RM03/TCI
2025-11-27 12:12:54,656 - INFO - Prepared product BAC13 with quantity 243.0 for batch creation
2025-11-27 12:12:54,657 - INFO - Move locations - Source: 14, Dest: 1188
2025-11-27 12:12:54,658 - INFO - Processing Excel row 30: {'partner_id': 'MOGEN_OB', 'scheduled_date': Timestamp('2025-11-30 00:00:00'), 'picking_type_id': 'RM03CSI-OB', 'date_done': Timestamp('2025-11-30 00:00:00'), 'origin': 'คลังวัตถุดิบ Supplier', 'location_dest_id': 'RM03/TCI', 'default_code': 'BMT056ECO', 'product_uom_qty': 123, 'price_unit': 145.07, 'sequence': 30, 'date': Timestamp('2024-12-18 00:00:00'), 'scheduled_date_orig': Timestamp('2025-11-30 00:00:00'), 'product_id': 'BMT056ECO'}
2025-11-27 12:12:54,659 - INFO - Searching for product with code: 'BMT056ECO' and old code: 'BMT056ECO'
2025-11-27 12:12:54,869 - INFO - Found product with exact match on old_product_code: 'BMT056ECO'
2025-11-27 12:12:54,935 - INFO - Using cached location ID for: 'RM03/TCI'
2025-11-27 12:12:54,936 - INFO - Row 30 has different destination: RM03/TCI
2025-11-27 12:12:54,936 - INFO - Prepared product BMT056ECO with quantity 123.0 for batch creation
2025-11-27 12:12:54,937 - INFO - Move locations - Source: 14, Dest: 1188
2025-11-27 12:12:54,937 - INFO - Processing Excel row 31: {'partner_id': 'MOGEN_OB', 'scheduled_date': Timestamp('2025-11-30 00:00:00'), 'picking_type_id': 'RM03CSI-OB', 'date_done': Timestamp('2025-11-30 00:00:00'), 'origin': 'คลังวัตถุดิบ Supplier', 'location_dest_id': 'RM03/TCI', 'default_code': 'BAC051', 'product_uom_qty': 235, 'price_unit': 6.0, 'sequence': 31, 'date': Timestamp('2025-04-28 00:00:00'), 'scheduled_date_orig': Timestamp('2025-11-30 00:00:00'), 'product_id': 'BAC051'}
2025-11-27 12:12:54,938 - INFO - Searching for product with code: 'BAC051' and old code: 'BAC051'
2025-11-27 12:12:55,151 - INFO - Found product with exact match on old_product_code: 'BAC051'
2025-11-27 12:12:55,218 - INFO - Using cached location ID for: 'RM03/TCI'
2025-11-27 12:12:55,219 - INFO - Row 31 has different destination: RM03/TCI
2025-11-27 12:12:55,219 - INFO - Prepared product BAC051 with quantity 235.0 for batch creation
2025-11-27 12:12:55,219 - INFO - Move locations - Source: 14, Dest: 1188
2025-11-27 12:12:55,220 - INFO - Processing Excel row 32: {'partner_id': 'MOGEN_OB', 'scheduled_date': Timestamp('2025-11-30 00:00:00'), 'picking_type_id': 'RM03CSI-OB', 'date_done': Timestamp('2025-11-30 00:00:00'), 'origin': 'คลังวัตถุดิบ Supplier', 'location_dest_id': 'RM03/TCI', 'default_code': 'BAC23335363', 'product_uom_qty': 241, 'price_unit': 9.0, 'sequence': 32, 'date': Timestamp('2025-04-28 00:00:00'), 'scheduled_date_orig': Timestamp('2025-11-30 00:00:00'), 'product_id': 'BAC23335363'}
2025-11-27 12:12:55,220 - INFO - Searching for product with code: 'BAC23335363' and old code: 'BAC23335363'
2025-11-27 12:12:55,422 - INFO - Found product with exact match on old_product_code: 'BAC23335363'
2025-11-27 12:12:55,492 - INFO - Using cached location ID for: 'RM03/TCI'
2025-11-27 12:12:55,493 - INFO - Row 32 has different destination: RM03/TCI
2025-11-27 12:12:55,493 - INFO - Prepared product BAC23335363 with quantity 241.0 for batch creation
2025-11-27 12:12:55,494 - INFO - Move locations - Source: 14, Dest: 1188
2025-11-27 12:12:55,495 - INFO - Processing Excel row 33: {'partner_id': 'MOGEN_OB', 'scheduled_date': Timestamp('2025-11-30 00:00:00'), 'picking_type_id': 'RM03CSI-OB', 'date_done': Timestamp('2025-11-30 00:00:00'), 'origin': 'คลังวัตถุดิบ Supplier', 'location_dest_id': 'RM03/TCI', 'default_code': 'BMTK03', 'product_uom_qty': 6, 'price_unit': 139.2, 'sequence': 33, 'date': Timestamp('2025-05-21 00:00:00'), 'scheduled_date_orig': Timestamp('2025-11-30 00:00:00'), 'product_id': 'BMTK03'}
2025-11-27 12:12:55,495 - INFO - Searching for product with code: 'BMTK03' and old code: 'BMTK03'
2025-11-27 12:12:55,694 - INFO - Found product with exact match on old_product_code: 'BMTK03'
2025-11-27 12:12:55,760 - INFO - Using cached location ID for: 'RM03/TCI'
2025-11-27 12:12:55,761 - INFO - Row 33 has different destination: RM03/TCI
2025-11-27 12:12:55,761 - INFO - Prepared product BMTK03 with quantity 6.0 for batch creation
2025-11-27 12:12:55,762 - INFO - Move locations - Source: 14, Dest: 1188
2025-11-27 12:12:55,763 - INFO - Processing Excel row 34: {'partner_id': 'MOGEN_OB', 'scheduled_date': Timestamp('2025-11-30 00:00:00'), 'picking_type_id': 'RM03CSI-OB', 'date_done': Timestamp('2025-11-30 00:00:00'), 'origin': 'คลังวัตถุดิบ Supplier', 'location_dest_id': 'RM03/TCI', 'default_code': 'BMT057ECOTCI', 'product_uom_qty': 6, 'price_unit': 161.0, 'sequence': 34, 'date': Timestamp('2025-06-05 00:00:00'), 'scheduled_date_orig': Timestamp('2025-11-30 00:00:00'), 'product_id': 'BMT057ECOTCI'}
2025-11-27 12:12:55,763 - INFO - Searching for product with code: 'BMT057ECOTCI' and old code: 'BMT057ECOTCI'
2025-11-27 12:12:55,968 - INFO - Found product with exact match on old_product_code: 'BMT057ECOTCI'
2025-11-27 12:12:56,035 - INFO - Using cached location ID for: 'RM03/TCI'
2025-11-27 12:12:56,036 - INFO - Row 34 has different destination: RM03/TCI
2025-11-27 12:12:56,037 - INFO - Prepared product BMT057ECOTCI with quantity 6.0 for batch creation
2025-11-27 12:12:56,037 - INFO - Move locations - Source: 14, Dest: 1188
2025-11-27 12:12:56,038 - INFO - Processing Excel row 35: {'partner_id': 'MOGEN_OB', 'scheduled_date': Timestamp('2025-11-30 00:00:00'), 'picking_type_id': 'RM03CSI-OB', 'date_done': Timestamp('2025-11-30 00:00:00'), 'origin': 'คลังวัตถุดิบ Supplier', 'location_dest_id': 'RM03/TCI', 'default_code': 'SPW0054110', 'product_uom_qty': 38, 'price_unit': 211.088578378378, 'sequence': 35, 'date': Timestamp('2025-06-20 00:00:00'), 'scheduled_date_orig': Timestamp('2025-11-30 00:00:00'), 'product_id': 'SPW0054110'}
2025-11-27 12:12:56,039 - INFO - Searching for product with code: 'SPW0054110' and old code: 'SPW0054110'
2025-11-27 12:12:56,104 - INFO - Found product with exact match on default_code: 'SPW0054110'
2025-11-27 12:12:56,171 - INFO - Using cached location ID for: 'RM03/TCI'
2025-11-27 12:12:56,172 - INFO - Row 35 has different destination: RM03/TCI
2025-11-27 12:12:56,172 - INFO - Prepared product SPW0054110 with quantity 38.0 for batch creation
2025-11-27 12:12:56,173 - INFO - Move locations - Source: 14, Dest: 1188
2025-11-27 12:12:56,174 - INFO - Processing Excel row 36: {'partner_id': 'MOGEN_OB', 'scheduled_date': Timestamp('2025-11-30 00:00:00'), 'picking_type_id': 'RM03CSI-OB', 'date_done': Timestamp('2025-11-30 00:00:00'), 'origin': 'คลังวัตถุดิบ Supplier', 'location_dest_id': 'RM03/TCI', 'default_code': 'BMA183A', 'product_uom_qty': 160, 'price_unit': 53.0, 'sequence': 36, 'date': Timestamp('2025-06-30 00:00:00'), 'scheduled_date_orig': Timestamp('2025-11-30 00:00:00'), 'product_id': 'BMA183A'}
2025-11-27 12:12:56,174 - INFO - Searching for product with code: 'BMA183A' and old code: 'BMA183A'
2025-11-27 12:12:56,375 - INFO - Found product with exact match on old_product_code: 'BMA183A'
2025-11-27 12:12:56,441 - INFO - Using cached location ID for: 'RM03/TCI'
2025-11-27 12:12:56,441 - INFO - Row 36 has different destination: RM03/TCI
2025-11-27 12:12:56,442 - INFO - Prepared product BMA183A with quantity 160.0 for batch creation
2025-11-27 12:12:56,442 - INFO - Move locations - Source: 14, Dest: 1188
2025-11-27 12:12:56,443 - INFO - Processing Excel row 37: {'partner_id': 'MOGEN_OB', 'scheduled_date': Timestamp('2025-11-30 00:00:00'), 'picking_type_id': 'RM03CSI-OB', 'date_done': Timestamp('2025-11-30 00:00:00'), 'origin': 'คลังวัตถุดิบ Supplier', 'location_dest_id': 'RM03/TCI', 'default_code': 'BAC052', 'product_uom_qty': 772, 'price_unit': 5.5, 'sequence': 37, 'date': Timestamp('2025-07-17 00:00:00'), 'scheduled_date_orig': Timestamp('2025-11-30 00:00:00'), 'product_id': 'BAC052'}
2025-11-27 12:12:56,443 - INFO - Searching for product with code: 'BAC052' and old code: 'BAC052'
2025-11-27 12:12:56,646 - INFO - Found product with exact match on old_product_code: 'BAC052'
2025-11-27 12:12:56,714 - INFO - Using cached location ID for: 'RM03/TCI'
2025-11-27 12:12:56,714 - INFO - Row 37 has different destination: RM03/TCI
2025-11-27 12:12:56,715 - INFO - Prepared product BAC052 with quantity 772.0 for batch creation
2025-11-27 12:12:56,715 - INFO - Move locations - Source: 14, Dest: 1188
2025-11-27 12:12:56,716 - INFO - Processing Excel row 38: {'partner_id': 'MOGEN_OB', 'scheduled_date': Timestamp('2025-11-30 00:00:00'), 'picking_type_id': 'RM03CSI-OB', 'date_done': Timestamp('2025-11-30 00:00:00'), 'origin': 'คลังวัตถุดิบ Supplier', 'location_dest_id': 'RM03/TCI', 'default_code': 'MT541S101', 'product_uom_qty': 129, 'price_unit': 351.1988519379845, 'sequence': 38, 'date': Timestamp('2025-08-22 00:00:00'), 'scheduled_date_orig': Timestamp('2025-11-30 00:00:00'), 'product_id': 'MT541S101'}
2025-11-27 12:12:56,716 - INFO - Searching for product with code: 'MT541S101' and old code: 'MT541S101'
2025-11-27 12:12:56,780 - INFO - Found product with exact match on default_code: 'MT541S101'
2025-11-27 12:12:56,845 - INFO - Using cached location ID for: 'RM03/TCI'
2025-11-27 12:12:56,847 - INFO - Row 38 has different destination: RM03/TCI
2025-11-27 12:12:56,848 - INFO - Prepared product MT541S101 with quantity 129.0 for batch creation
2025-11-27 12:12:56,849 - INFO - Move locations - Source: 14, Dest: 1188
2025-11-27 12:12:56,850 - INFO - Processing Excel row 39: {'partner_id': 'MOGEN_OB', 'scheduled_date': Timestamp('2025-11-30 00:00:00'), 'picking_type_id': 'RM03CSI-OB', 'date_done': Timestamp('2025-11-30 00:00:00'), 'origin': 'คลังวัตถุดิบ Supplier', 'location_dest_id': 'RM03/TCI', 'default_code': 'PACK000239', 'product_uom_qty': 150, 'price_unit': 63.771737333333334, 'sequence': 39, 'date': Timestamp('2025-08-22 00:00:00'), 'scheduled_date_orig': Timestamp('2025-11-30 00:00:00'), 'product_id': 'PACK000239'}
2025-11-27 12:12:56,852 - INFO - Searching for product with code: 'PACK000239' and old code: 'PACK000239'
2025-11-27 12:12:56,930 - INFO - Found product with exact match on default_code: 'PACK000239'
2025-11-27 12:12:56,996 - INFO - Using cached location ID for: 'RM03/TCI'
2025-11-27 12:12:56,997 - INFO - Row 39 has different destination: RM03/TCI
2025-11-27 12:12:56,997 - INFO - Prepared product PACK000239 with quantity 150.0 for batch creation
2025-11-27 12:12:56,998 - INFO - Move locations - Source: 14, Dest: 1188
2025-11-27 12:12:56,999 - INFO - Processing Excel row 40: {'partner_id': 'MOGEN_OB', 'scheduled_date': Timestamp('2025-11-30 00:00:00'), 'picking_type_id': 'RM03CSI-OB', 'date_done': Timestamp('2025-11-30 00:00:00'), 'origin': 'คลังวัตถุดิบ Supplier', 'location_dest_id': 'RM03/TCI', 'default_code': 'SPW0056200', 'product_uom_qty': 50, 'price_unit': 204.171846428571, 'sequence': 40, 'date': Timestamp('2025-08-22 00:00:00'), 'scheduled_date_orig': Timestamp('2025-11-30 00:00:00'), 'product_id': 'SPW0056200'}
2025-11-27 12:12:57,000 - INFO - Searching for product with code: 'SPW0056200' and old code: 'SPW0056200'
2025-11-27 12:12:57,067 - INFO - Found product with exact match on default_code: 'SPW0056200'
2025-11-27 12:12:57,133 - INFO - Using cached location ID for: 'RM03/TCI'
2025-11-27 12:12:57,133 - INFO - Row 40 has different destination: RM03/TCI
2025-11-27 12:12:57,134 - INFO - Prepared product SPW0056200 with quantity 50.0 for batch creation
2025-11-27 12:12:57,134 - INFO - Move locations - Source: 14, Dest: 1188
2025-11-27 12:12:57,135 - INFO - Processing Excel row 41: {'partner_id': 'MOGEN_OB', 'scheduled_date': Timestamp('2025-11-30 00:00:00'), 'picking_type_id': 'RM03CSI-OB', 'date_done': Timestamp('2025-11-30 00:00:00'), 'origin': 'คลังวัตถุดิบ Supplier', 'location_dest_id': 'RM03/TCI', 'default_code': 'MA575C110', 'product_uom_qty': 1, 'price_unit': 820.0, 'sequence': 41, 'date': Timestamp('2025-08-25 00:00:00'), 'scheduled_date_orig': Timestamp('2025-11-30 00:00:00'), 'product_id': 'MA575C110'}
2025-11-27 12:12:57,135 - INFO - Searching for product with code: 'MA575C110' and old code: 'MA575C110'
2025-11-27 12:12:57,201 - INFO - Found product with exact match on default_code: 'MA575C110'
2025-11-27 12:12:57,266 - INFO - Using cached location ID for: 'RM03/TCI'
2025-11-27 12:12:57,267 - INFO - Row 41 has different destination: RM03/TCI
2025-11-27 12:12:57,267 - INFO - Prepared product MA575C110 with quantity 1.0 for batch creation
2025-11-27 12:12:57,268 - INFO - Move locations - Source: 14, Dest: 1188
2025-11-27 12:12:57,268 - INFO - Processing Excel row 42: {'partner_id': 'MOGEN_OB', 'scheduled_date': Timestamp('2025-11-30 00:00:00'), 'picking_type_id': 'RM03CSI-OB', 'date_done': Timestamp('2025-11-30 00:00:00'), 'origin': 'คลังวัตถุดิบ Supplier', 'location_dest_id': 'RM03/TCI', 'default_code': 'BMT055ECO', 'product_uom_qty': 134, 'price_unit': 131.22, 'sequence': 42, 'date': Timestamp('2025-08-27 00:00:00'), 'scheduled_date_orig': Timestamp('2025-11-30 00:00:00'), 'product_id': 'BMT055ECO'}
2025-11-27 12:12:57,269 - INFO - Searching for product with code: 'BMT055ECO' and old code: 'BMT055ECO'
2025-11-27 12:12:57,471 - INFO - Found product with exact match on old_product_code: 'BMT055ECO'
2025-11-27 12:12:57,536 - INFO - Using cached location ID for: 'RM03/TCI'
2025-11-27 12:12:57,537 - INFO - Row 42 has different destination: RM03/TCI
2025-11-27 12:12:57,538 - INFO - Prepared product BMT055ECO with quantity 134.0 for batch creation
2025-11-27 12:12:57,538 - INFO - Move locations - Source: 14, Dest: 1188
2025-11-27 12:12:57,539 - INFO - Processing Excel row 43: {'partner_id': 'MOGEN_OB', 'scheduled_date': Timestamp('2025-11-30 00:00:00'), 'picking_type_id': 'RM03CSI-OB', 'date_done': Timestamp('2025-11-30 00:00:00'), 'origin': 'คลังวัตถุดิบ Supplier', 'location_dest_id': 'RM03/TCI', 'default_code': 'BMT055ECO', 'product_uom_qty': 38, 'price_unit': 131.22, 'sequence': 43, 'date': Timestamp('2025-08-27 00:00:00'), 'scheduled_date_orig': Timestamp('2025-11-30 00:00:00'), 'product_id': 'BMT055ECO'}
2025-11-27 12:12:57,540 - INFO - Using cached product ID for code: 'BMT055ECO'
2025-11-27 12:12:57,541 - INFO - Using cached location ID for: 'RM03/TCI'
2025-11-27 12:12:57,542 - INFO - Row 43 has different destination: RM03/TCI
2025-11-27 12:12:57,543 - INFO - Prepared product BMT055ECO with quantity 38.0 for batch creation
2025-11-27 12:12:57,544 - INFO - Move locations - Source: 14, Dest: 1188
2025-11-27 12:12:57,545 - INFO - Processing Excel row 44: {'partner_id': 'MOGEN_OB', 'scheduled_date': Timestamp('2025-11-30 00:00:00'), 'picking_type_id': 'RM03CSI-OB', 'date_done': Timestamp('2025-11-30 00:00:00'), 'origin': 'คลังวัตถุดิบ Supplier', 'location_dest_id': 'RM03/TCI', 'default_code': 'BMA174', 'product_uom_qty': 242, 'price_unit': 31.85, 'sequence': 44, 'date': Timestamp('2025-09-23 00:00:00'), 'scheduled_date_orig': Timestamp('2025-11-30 00:00:00'), 'product_id': 'BMA174'}
2025-11-27 12:12:57,546 - INFO - Searching for product with code: 'BMA174' and old code: 'BMA174'
2025-11-27 12:12:57,744 - INFO - Found product with exact match on old_product_code: 'BMA174'
2025-11-27 12:12:57,810 - INFO - Using cached location ID for: 'RM03/TCI'
2025-11-27 12:12:57,810 - INFO - Row 44 has different destination: RM03/TCI
2025-11-27 12:12:57,811 - INFO - Prepared product BMA174 with quantity 242.0 for batch creation
2025-11-27 12:12:57,811 - INFO - Move locations - Source: 14, Dest: 1188
2025-11-27 12:12:57,811 - INFO - Processing Excel row 45: {'partner_id': 'MOGEN_OB', 'scheduled_date': Timestamp('2025-11-30 00:00:00'), 'picking_type_id': 'RM03CSI-OB', 'date_done': Timestamp('2025-11-30 00:00:00'), 'origin': 'คลังวัตถุดิบ Supplier', 'location_dest_id': 'RM03/TCI', 'default_code': 'SP0032100', 'product_uom_qty': 215, 'price_unit': 6.5, 'sequence': 45, 'date': Timestamp('2025-09-26 00:00:00'), 'scheduled_date_orig': Timestamp('2025-11-30 00:00:00'), 'product_id': 'SP0032100'}
2025-11-27 12:12:57,812 - INFO - Searching for product with code: 'SP0032100' and old code: 'SP0032100'
2025-11-27 12:12:57,874 - INFO - Found product with exact match on default_code: 'SP0032100'
2025-11-27 12:12:57,949 - INFO - Using cached location ID for: 'RM03/TCI'
2025-11-27 12:12:57,951 - INFO - Row 45 has different destination: RM03/TCI
2025-11-27 12:12:57,952 - INFO - Prepared product SP0032100 with quantity 215.0 for batch creation
2025-11-27 12:12:57,953 - INFO - Move locations - Source: 14, Dest: 1188
2025-11-27 12:12:57,955 - INFO - Processing Excel row 46: {'partner_id': 'MOGEN_OB', 'scheduled_date': Timestamp('2025-11-30 00:00:00'), 'picking_type_id': 'RM03CSI-OB', 'date_done': Timestamp('2025-11-30 00:00:00'), 'origin': 'คลังวัตถุดิบ Supplier', 'location_dest_id': 'RM03/TCI', 'default_code': 'BMT414344TCI', 'product_uom_qty': 226, 'price_unit': 99.0, 'sequence': 46, 'date': Timestamp('2025-10-20 00:00:00'), 'scheduled_date_orig': Timestamp('2025-11-30 00:00:00'), 'product_id': 'BMT414344TCI'}
2025-11-27 12:12:57,956 - INFO - Searching for product with code: 'BMT414344TCI' and old code: 'BMT414344TCI'
2025-11-27 12:12:58,160 - INFO - Found product with exact match on old_product_code: 'BMT414344TCI'
2025-11-27 12:12:58,227 - INFO - Using cached location ID for: 'RM03/TCI'
2025-11-27 12:12:58,228 - INFO - Row 46 has different destination: RM03/TCI
2025-11-27 12:12:58,229 - INFO - Prepared product BMT414344TCI with quantity 226.0 for batch creation
2025-11-27 12:12:58,230 - INFO - Move locations - Source: 14, Dest: 1188
2025-11-27 12:12:58,231 - INFO - Processing Excel row 47: {'partner_id': 'MOGEN_OB', 'scheduled_date': Timestamp('2025-11-30 00:00:00'), 'picking_type_id': 'RM03CSI-OB', 'date_done': Timestamp('2025-11-30 00:00:00'), 'origin': 'คลังวัตถุดิบ Supplier', 'location_dest_id': 'RM03/TCI', 'default_code': 'SPO004100', 'product_uom_qty': 100, 'price_unit': 63.0, 'sequence': 47, 'date': Timestamp('2025-11-14 00:00:00'), 'scheduled_date_orig': Timestamp('2025-11-30 00:00:00'), 'product_id': 'SPO004100'}
2025-11-27 12:12:58,232 - INFO - Searching for product with code: 'SPO004100' and old code: 'SPO004100'
2025-11-27 12:12:58,296 - INFO - Found product with exact match on default_code: 'SPO004100'
2025-11-27 12:12:58,361 - INFO - Using cached location ID for: 'RM03/TCI'
2025-11-27 12:12:58,361 - INFO - Row 47 has different destination: RM03/TCI
2025-11-27 12:12:58,362 - INFO - Prepared product SPO004100 with quantity 100.0 for batch creation
2025-11-27 12:12:58,362 - INFO - Move locations - Source: 14, Dest: 1188
2025-11-27 12:12:58,363 - INFO - Processing Excel row 48: {'partner_id': 'MOGEN_OB', 'scheduled_date': Timestamp('2025-11-30 00:00:00'), 'picking_type_id': 'RM03CSI-OB', 'date_done': Timestamp('2025-11-30 00:00:00'), 'origin': 'คลังวัตถุดิบ Supplier', 'location_dest_id': 'RM03/TCI', 'default_code': 'BAC051', 'product_uom_qty': 1000, 'price_unit': 6.0, 'sequence': 48, 'date': Timestamp('2025-11-20 00:00:00'), 'scheduled_date_orig': Timestamp('2025-11-30 00:00:00'), 'product_id': 'BAC051'}
2025-11-27 12:12:58,363 - INFO - Using cached product ID for code: 'BAC051'
2025-11-27 12:12:58,363 - INFO - Using cached location ID for: 'RM03/TCI'
2025-11-27 12:12:58,364 - INFO - Row 48 has different destination: RM03/TCI
2025-11-27 12:12:58,364 - INFO - Prepared product BAC051 with quantity 1000.0 for batch creation
2025-11-27 12:12:58,365 - INFO - Move locations - Source: 14, Dest: 1188
2025-11-27 12:12:58,365 - INFO - Processing Excel row 49: {'partner_id': 'MOGEN_OB', 'scheduled_date': Timestamp('2025-11-30 00:00:00'), 'picking_type_id': 'RM03CSI-OB', 'date_done': Timestamp('2025-11-30 00:00:00'), 'origin': 'คลังวัตถุดิบ Supplier', 'location_dest_id': 'RM03/TCI', 'default_code': 'BMT414344TCI', 'product_uom_qty': 300, 'price_unit': 100.0, 'sequence': 49, 'date': Timestamp('2025-11-20 00:00:00'), 'scheduled_date_orig': Timestamp('2025-11-30 00:00:00'), 'product_id': 'BMT414344TCI'}
2025-11-27 12:12:58,366 - INFO - Using cached product ID for code: 'BMT414344TCI'
2025-11-27 12:12:58,366 - INFO - Using cached location ID for: 'RM03/TCI'
2025-11-27 12:12:58,366 - INFO - Row 49 has different destination: RM03/TCI
2025-11-27 12:12:58,367 - INFO - Prepared product BMT414344TCI with quantity 300.0 for batch creation
2025-11-27 12:12:58,367 - INFO - Move locations - Source: 14, Dest: 1188
2025-11-27 12:12:58,368 - INFO - Processing Excel row 50: {'partner_id': 'MOGEN_OB', 'scheduled_date': Timestamp('2025-11-30 00:00:00'), 'picking_type_id': 'RM03CSI-OB', 'date_done': Timestamp('2025-11-30 00:00:00'), 'origin': 'คลังวัตถุดิบ Supplier', 'location_dest_id': 'RM03/WCG', 'default_code': 'NFG05-GL-00001', 'product_uom_qty': 1, 'price_unit': 4559.0, 'sequence': 50, 'date': Timestamp('2025-08-29 00:00:00'), 'scheduled_date_orig': Timestamp('2025-11-30 00:00:00'), 'product_id': 'NFG05-GL-00001'}
2025-11-27 12:12:58,368 - INFO - Searching for product with code: 'NFG05-GL-00001' and old code: 'NFG05-GL-00001'
2025-11-27 12:12:58,568 - INFO - Found product with exact match on old_product_code: 'NFG05-GL-00001'
2025-11-27 12:12:58,635 - INFO - Searching for location: 'RM03/WCG'
2025-11-27 12:12:58,823 - INFO - Found location with complete_name match: 'RM03/WCG' for 'RM03/WCG'
2025-11-27 12:12:58,824 - INFO - Row 50 has different destination: RM03/WCG
2025-11-27 12:12:58,824 - INFO - Prepared product NFG05-GL-00001 with quantity 1.0 for batch creation
2025-11-27 12:12:58,825 - INFO - Move locations - Source: 14, Dest: 1200
2025-11-27 12:12:58,825 - INFO - Processing Excel row 51: {'partner_id': 'MOGEN_OB', 'scheduled_date': Timestamp('2025-11-30 00:00:00'), 'picking_type_id': 'RM03CSI-OB', 'date_done': Timestamp('2025-11-30 00:00:00'), 'origin': 'คลังวัตถุดิบ Supplier', 'location_dest_id': 'RM03/WCG', 'default_code': 'NFG05-GL-00001', 'product_uom_qty': 1, 'price_unit': 4537.0, 'sequence': 51, 'date': Timestamp('2025-08-29 00:00:00'), 'scheduled_date_orig': Timestamp('2025-11-30 00:00:00'), 'product_id': 'NFG05-GL-00001'}
2025-11-27 12:12:58,826 - INFO - Using cached product ID for code: 'NFG05-GL-00001'
2025-11-27 12:12:58,826 - INFO - Using cached location ID for: 'RM03/WCG'
2025-11-27 12:12:58,826 - INFO - Row 51 has different destination: RM03/WCG
2025-11-27 12:12:58,827 - INFO - Prepared product NFG05-GL-00001 with quantity 1.0 for batch creation
2025-11-27 12:12:58,827 - INFO - Move locations - Source: 14, Dest: 1200
2025-11-27 12:12:58,827 - INFO - Processing Excel row 52: {'partner_id': 'MOGEN_OB', 'scheduled_date': Timestamp('2025-11-30 00:00:00'), 'picking_type_id': 'RM03CSI-OB', 'date_done': Timestamp('2025-11-30 00:00:00'), 'origin': 'คลังวัตถุดิบ Supplier', 'location_dest_id': 'RM03/WCG', 'default_code': 'NFG05-GL-00001', 'product_uom_qty': 2, 'price_unit': 4618.0, 'sequence': 52, 'date': Timestamp('2025-08-29 00:00:00'), 'scheduled_date_orig': Timestamp('2025-11-30 00:00:00'), 'product_id': 'NFG05-GL-00001'}
2025-11-27 12:12:58,828 - INFO - Using cached product ID for code: 'NFG05-GL-00001'
2025-11-27 12:12:58,828 - INFO - Using cached location ID for: 'RM03/WCG'
2025-11-27 12:12:58,828 - INFO - Row 52 has different destination: RM03/WCG
2025-11-27 12:12:58,828 - INFO - Prepared product NFG05-GL-00001 with quantity 2.0 for batch creation
2025-11-27 12:12:58,829 - INFO - Move locations - Source: 14, Dest: 1200
2025-11-27 12:12:58,829 - INFO - Processing Excel row 53: {'partner_id': 'MOGEN_OB', 'scheduled_date': Timestamp('2025-11-30 00:00:00'), 'picking_type_id': 'RM03CSI-OB', 'date_done': Timestamp('2025-11-30 00:00:00'), 'origin': 'คลังวัตถุดิบ Supplier', 'location_dest_id': 'RM03/WCG', 'default_code': 'NFG05-GL-00001', 'product_uom_qty': 1, 'price_unit': 5063.0, 'sequence': 53, 'date': Timestamp('2025-08-29 00:00:00'), 'scheduled_date_orig': Timestamp('2025-11-30 00:00:00'), 'product_id': 'NFG05-GL-00001'}
2025-11-27 12:12:58,830 - INFO - Using cached product ID for code: 'NFG05-GL-00001'
2025-11-27 12:12:58,830 - INFO - Using cached location ID for: 'RM03/WCG'
2025-11-27 12:12:58,830 - INFO - Row 53 has different destination: RM03/WCG
2025-11-27 12:12:58,830 - INFO - Prepared product NFG05-GL-00001 with quantity 1.0 for batch creation
2025-11-27 12:12:58,831 - INFO - Move locations - Source: 14, Dest: 1200
2025-11-27 12:12:58,831 - INFO - Processing Excel row 54: {'partner_id': 'MOGEN_OB', 'scheduled_date': Timestamp('2025-11-30 00:00:00'), 'picking_type_id': 'RM03CSI-OB', 'date_done': Timestamp('2025-11-30 00:00:00'), 'origin': 'คลังวัตถุดิบ Supplier', 'location_dest_id': 'RM03/WCG', 'default_code': 'NFG05-GL-00001', 'product_uom_qty': 1, 'price_unit': 4610.0, 'sequence': 54, 'date': Timestamp('2025-08-29 00:00:00'), 'scheduled_date_orig': Timestamp('2025-11-30 00:00:00'), 'product_id': 'NFG05-GL-00001'}
2025-11-27 12:12:58,831 - INFO - Using cached product ID for code: 'NFG05-GL-00001'
2025-11-27 12:12:58,832 - INFO - Using cached location ID for: 'RM03/WCG'
2025-11-27 12:12:58,832 - INFO - Row 54 has different destination: RM03/WCG
2025-11-27 12:12:58,832 - INFO - Prepared product NFG05-GL-00001 with quantity 1.0 for batch creation
2025-11-27 12:12:58,832 - INFO - Move locations - Source: 14, Dest: 1200
2025-11-27 12:12:58,833 - INFO - Processing Excel row 55: {'partner_id': 'MOGEN_OB', 'scheduled_date': Timestamp('2025-11-30 00:00:00'), 'picking_type_id': 'RM03CSI-OB', 'date_done': Timestamp('2025-11-30 00:00:00'), 'origin': 'คลังวัตถุดิบ Supplier', 'location_dest_id': 'RM03/WCG', 'default_code': 'NFG05-GL-00001', 'product_uom_qty': 3, 'price_unit': 4584.0, 'sequence': 55, 'date': Timestamp('2025-08-29 00:00:00'), 'scheduled_date_orig': Timestamp('2025-11-30 00:00:00'), 'product_id': 'NFG05-GL-00001'}
2025-11-27 12:12:58,834 - INFO - Using cached product ID for code: 'NFG05-GL-00001'
2025-11-27 12:12:58,834 - INFO - Using cached location ID for: 'RM03/WCG'
2025-11-27 12:12:58,834 - INFO - Row 55 has different destination: RM03/WCG
2025-11-27 12:12:58,835 - INFO - Prepared product NFG05-GL-00001 with quantity 3.0 for batch creation
2025-11-27 12:12:58,835 - INFO - Move locations - Source: 14, Dest: 1200
2025-11-27 12:12:58,835 - INFO - Processing Excel row 56: {'partner_id': 'MOGEN_OB', 'scheduled_date': Timestamp('2025-11-30 00:00:00'), 'picking_type_id': 'RM03CSI-OB', 'date_done': Timestamp('2025-11-30 00:00:00'), 'origin': 'คลังวัตถุดิบ Supplier', 'location_dest_id': 'RM03/WCG', 'default_code': 'NFG05-GL-00001', 'product_uom_qty': 1, 'price_unit': 6303.0, 'sequence': 56, 'date': Timestamp('2025-08-29 00:00:00'), 'scheduled_date_orig': Timestamp('2025-11-30 00:00:00'), 'product_id': 'NFG05-GL-00001'}
2025-11-27 12:12:58,836 - INFO - Using cached product ID for code: 'NFG05-GL-00001'
2025-11-27 12:12:58,836 - INFO - Using cached location ID for: 'RM03/WCG'
2025-11-27 12:12:58,841 - INFO - Row 56 has different destination: RM03/WCG
2025-11-27 12:12:58,841 - INFO - Prepared product NFG05-GL-00001 with quantity 1.0 for batch creation
2025-11-27 12:12:58,842 - INFO - Move locations - Source: 14, Dest: 1200
2025-11-27 12:12:58,842 - INFO - Processing Excel row 57: {'partner_id': 'MOGEN_OB', 'scheduled_date': Timestamp('2025-11-30 00:00:00'), 'picking_type_id': 'RM03CSI-OB', 'date_done': Timestamp('2025-11-30 00:00:00'), 'origin': 'คลังวัตถุดิบ Supplier', 'location_dest_id': 'RM03/WCG', 'default_code': 'NFG05-GL-00001', 'product_uom_qty': 1, 'price_unit': 4844.0, 'sequence': 57, 'date': Timestamp('2025-08-29 00:00:00'), 'scheduled_date_orig': Timestamp('2025-11-30 00:00:00'), 'product_id': 'NFG05-GL-00001'}
2025-11-27 12:12:58,843 - INFO - Using cached product ID for code: 'NFG05-GL-00001'
2025-11-27 12:12:58,843 - INFO - Using cached location ID for: 'RM03/WCG'
2025-11-27 12:12:58,843 - INFO - Row 57 has different destination: RM03/WCG
2025-11-27 12:12:58,844 - INFO - Prepared product NFG05-GL-00001 with quantity 1.0 for batch creation
2025-11-27 12:12:58,844 - INFO - Move locations - Source: 14, Dest: 1200
2025-11-27 12:12:58,844 - INFO - Processing Excel row 58: {'partner_id': 'MOGEN_OB', 'scheduled_date': Timestamp('2025-11-30 00:00:00'), 'picking_type_id': 'RM03CSI-OB', 'date_done': Timestamp('2025-11-30 00:00:00'), 'origin': 'คลังวัตถุดิบ Supplier', 'location_dest_id': 'RM03/WCG', 'default_code': 'NFG05-GL-00001', 'product_uom_qty': 1, 'price_unit': 5390.0, 'sequence': 58, 'date': Timestamp('2025-08-29 00:00:00'), 'scheduled_date_orig': Timestamp('2025-11-30 00:00:00'), 'product_id': 'NFG05-GL-00001'}
2025-11-27 12:12:58,845 - INFO - Using cached product ID for code: 'NFG05-GL-00001'
2025-11-27 12:12:58,845 - INFO - Using cached location ID for: 'RM03/WCG'
2025-11-27 12:12:58,846 - INFO - Row 58 has different destination: RM03/WCG
2025-11-27 12:12:58,847 - INFO - Prepared product NFG05-GL-00001 with quantity 1.0 for batch creation
2025-11-27 12:12:58,847 - INFO - Move locations - Source: 14, Dest: 1200
2025-11-27 12:12:58,848 - INFO - Processing Excel row 59: {'partner_id': 'MOGEN_OB', 'scheduled_date': Timestamp('2025-11-30 00:00:00'), 'picking_type_id': 'RM03CSI-OB', 'date_done': Timestamp('2025-11-30 00:00:00'), 'origin': 'คลังวัตถุดิบ Supplier', 'location_dest_id': 'RM03/WCG', 'default_code': 'NFG05-GL-00001', 'product_uom_qty': 1, 'price_unit': 5613.0, 'sequence': 59, 'date': Timestamp('2025-08-29 00:00:00'), 'scheduled_date_orig': Timestamp('2025-11-30 00:00:00'), 'product_id': 'NFG05-GL-00001'}
2025-11-27 12:12:58,848 - INFO - Using cached product ID for code: 'NFG05-GL-00001'
2025-11-27 12:12:58,848 - INFO - Using cached location ID for: 'RM03/WCG'
2025-11-27 12:12:58,849 - INFO - Row 59 has different destination: RM03/WCG
2025-11-27 12:12:58,849 - INFO - Prepared product NFG05-GL-00001 with quantity 1.0 for batch creation
2025-11-27 12:12:58,849 - INFO - Move locations - Source: 14, Dest: 1200
2025-11-27 12:12:58,850 - INFO - Processing Excel row 60: {'partner_id': 'MOGEN_OB', 'scheduled_date': Timestamp('2025-11-30 00:00:00'), 'picking_type_id': 'RM03CSI-OB', 'date_done': Timestamp('2025-11-30 00:00:00'), 'origin': 'คลังวัตถุดิบ Supplier', 'location_dest_id': 'RM03/WCG', 'default_code': 'NFG05-GL-00001', 'product_uom_qty': 1, 'price_unit': 5394.0, 'sequence': 60, 'date': Timestamp('2025-08-29 00:00:00'), 'scheduled_date_orig': Timestamp('2025-11-30 00:00:00'), 'product_id': 'NFG05-GL-00001'}
2025-11-27 12:12:58,850 - INFO - Using cached product ID for code: 'NFG05-GL-00001'
2025-11-27 12:12:58,850 - INFO - Using cached location ID for: 'RM03/WCG'
2025-11-27 12:12:58,850 - INFO - Row 60 has different destination: RM03/WCG
2025-11-27 12:12:58,851 - INFO - Prepared product NFG05-GL-00001 with quantity 1.0 for batch creation
2025-11-27 12:12:58,851 - INFO - Move locations - Source: 14, Dest: 1200
2025-11-27 12:12:58,851 - INFO - Processing Excel row 61: {'partner_id': 'MOGEN_OB', 'scheduled_date': Timestamp('2025-11-30 00:00:00'), 'picking_type_id': 'RM03CSI-OB', 'date_done': Timestamp('2025-11-30 00:00:00'), 'origin': 'คลังวัตถุดิบ Supplier', 'location_dest_id': 'RM03/WCG', 'default_code': 'NFG05-GL-00001', 'product_uom_qty': 1, 'price_unit': 6595.0, 'sequence': 61, 'date': Timestamp('2025-08-29 00:00:00'), 'scheduled_date_orig': Timestamp('2025-11-30 00:00:00'), 'product_id': 'NFG05-GL-00001'}
2025-11-27 12:12:58,852 - INFO - Using cached product ID for code: 'NFG05-GL-00001'
2025-11-27 12:12:58,852 - INFO - Using cached location ID for: 'RM03/WCG'
2025-11-27 12:12:58,852 - INFO - Row 61 has different destination: RM03/WCG
2025-11-27 12:12:58,852 - INFO - Prepared product NFG05-GL-00001 with quantity 1.0 for batch creation
2025-11-27 12:12:58,853 - INFO - Move locations - Source: 14, Dest: 1200
2025-11-27 12:12:58,853 - INFO - Processing Excel row 62: {'partner_id': 'MOGEN_OB', 'scheduled_date': Timestamp('2025-11-30 00:00:00'), 'picking_type_id': 'RM03CSI-OB', 'date_done': Timestamp('2025-11-30 00:00:00'), 'origin': 'คลังวัตถุดิบ Supplier', 'location_dest_id': 'RM03/WCG', 'default_code': 'NFG05-GL-00001', 'product_uom_qty': 1, 'price_unit': 5823.0, 'sequence': 62, 'date': Timestamp('2025-08-29 00:00:00'), 'scheduled_date_orig': Timestamp('2025-11-30 00:00:00'), 'product_id': 'NFG05-GL-00001'}
2025-11-27 12:12:58,853 - INFO - Using cached product ID for code: 'NFG05-GL-00001'
2025-11-27 12:12:58,854 - INFO - Using cached location ID for: 'RM03/WCG'
2025-11-27 12:12:58,854 - INFO - Row 62 has different destination: RM03/WCG
2025-11-27 12:12:58,854 - INFO - Prepared product NFG05-GL-00001 with quantity 1.0 for batch creation
2025-11-27 12:12:58,854 - INFO - Move locations - Source: 14, Dest: 1200
2025-11-27 12:12:58,855 - INFO - Processing Excel row 63: {'partner_id': 'MOGEN_OB', 'scheduled_date': Timestamp('2025-11-30 00:00:00'), 'picking_type_id': 'RM03CSI-OB', 'date_done': Timestamp('2025-11-30 00:00:00'), 'origin': 'คลังวัตถุดิบ Supplier', 'location_dest_id': 'RM03/WCG', 'default_code': 'NFG05-GL-00001', 'product_uom_qty': 1, 'price_unit': 5510.0, 'sequence': 63, 'date': Timestamp('2025-08-29 00:00:00'), 'scheduled_date_orig': Timestamp('2025-11-30 00:00:00'), 'product_id': 'NFG05-GL-00001'}
2025-11-27 12:12:58,855 - INFO - Using cached product ID for code: 'NFG05-GL-00001'
2025-11-27 12:12:58,855 - INFO - Using cached location ID for: 'RM03/WCG'
2025-11-27 12:12:58,855 - INFO - Row 63 has different destination: RM03/WCG
2025-11-27 12:12:58,856 - INFO - Prepared product NFG05-GL-00001 with quantity 1.0 for batch creation
2025-11-27 12:12:58,856 - INFO - Move locations - Source: 14, Dest: 1200
2025-11-27 12:12:58,856 - INFO - Processing Excel row 64: {'partner_id': 'MOGEN_OB', 'scheduled_date': Timestamp('2025-11-30 00:00:00'), 'picking_type_id': 'RM03CSI-OB', 'date_done': Timestamp('2025-11-30 00:00:00'), 'origin': 'คลังวัตถุดิบ Supplier', 'location_dest_id': 'RM03/WCG', 'default_code': 'NFG05-GL-00001', 'product_uom_qty': 1, 'price_unit': 5278.0, 'sequence': 64, 'date': Timestamp('2025-08-29 00:00:00'), 'scheduled_date_orig': Timestamp('2025-11-30 00:00:00'), 'product_id': 'NFG05-GL-00001'}
2025-11-27 12:12:58,857 - INFO - Using cached product ID for code: 'NFG05-GL-00001'
2025-11-27 12:12:58,857 - INFO - Using cached location ID for: 'RM03/WCG'
2025-11-27 12:12:58,857 - INFO - Row 64 has different destination: RM03/WCG
2025-11-27 12:12:58,858 - INFO - Prepared product NFG05-GL-00001 with quantity 1.0 for batch creation
2025-11-27 12:12:58,858 - INFO - Move locations - Source: 14, Dest: 1200
2025-11-27 12:12:58,858 - INFO - Processing Excel row 65: {'partner_id': 'MOGEN_OB', 'scheduled_date': Timestamp('2025-11-30 00:00:00'), 'picking_type_id': 'RM03CSI-OB', 'date_done': Timestamp('2025-11-30 00:00:00'), 'origin': 'คลังวัตถุดิบ Supplier', 'location_dest_id': 'RM03/WCG', 'default_code': 'NFG05-GL-00001', 'product_uom_qty': 1, 'price_unit': 6411.0, 'sequence': 65, 'date': Timestamp('2025-08-29 00:00:00'), 'scheduled_date_orig': Timestamp('2025-11-30 00:00:00'), 'product_id': 'NFG05-GL-00001'}
2025-11-27 12:12:58,859 - INFO - Using cached product ID for code: 'NFG05-GL-00001'
2025-11-27 12:12:58,859 - INFO - Using cached location ID for: 'RM03/WCG'
2025-11-27 12:12:58,859 - INFO - Row 65 has different destination: RM03/WCG
2025-11-27 12:12:58,860 - INFO - Prepared product NFG05-GL-00001 with quantity 1.0 for batch creation
2025-11-27 12:12:58,860 - INFO - Move locations - Source: 14, Dest: 1200
2025-11-27 12:12:58,860 - INFO - Processing Excel row 66: {'partner_id': 'MOGEN_OB', 'scheduled_date': Timestamp('2025-11-30 00:00:00'), 'picking_type_id': 'RM03CSI-OB', 'date_done': Timestamp('2025-11-30 00:00:00'), 'origin': 'คลังวัตถุดิบ Supplier', 'location_dest_id': 'RM03/WCG', 'default_code': 'NFG05-GL-00001', 'product_uom_qty': 1, 'price_unit': 5585.0, 'sequence': 66, 'date': Timestamp('2025-08-29 00:00:00'), 'scheduled_date_orig': Timestamp('2025-11-30 00:00:00'), 'product_id': 'NFG05-GL-00001'}
2025-11-27 12:12:58,861 - INFO - Using cached product ID for code: 'NFG05-GL-00001'
2025-11-27 12:12:58,861 - INFO - Using cached location ID for: 'RM03/WCG'
2025-11-27 12:12:58,861 - INFO - Row 66 has different destination: RM03/WCG
2025-11-27 12:12:58,862 - INFO - Prepared product NFG05-GL-00001 with quantity 1.0 for batch creation
2025-11-27 12:12:58,863 - INFO - Move locations - Source: 14, Dest: 1200
2025-11-27 12:12:58,863 - INFO - Processing Excel row 67: {'partner_id': 'MOGEN_OB', 'scheduled_date': Timestamp('2025-11-30 00:00:00'), 'picking_type_id': 'RM03CSI-OB', 'date_done': Timestamp('2025-11-30 00:00:00'), 'origin': 'คลังวัตถุดิบ Supplier', 'location_dest_id': 'RM03/WCG', 'default_code': 'NFG05-GL-00001', 'product_uom_qty': 1, 'price_unit': 5093.0, 'sequence': 67, 'date': Timestamp('2025-08-29 00:00:00'), 'scheduled_date_orig': Timestamp('2025-11-30 00:00:00'), 'product_id': 'NFG05-GL-00001'}
2025-11-27 12:12:58,864 - INFO - Using cached product ID for code: 'NFG05-GL-00001'
2025-11-27 12:12:58,864 - INFO - Using cached location ID for: 'RM03/WCG'
2025-11-27 12:12:58,864 - INFO - Row 67 has different destination: RM03/WCG
2025-11-27 12:12:58,865 - INFO - Prepared product NFG05-GL-00001 with quantity 1.0 for batch creation
2025-11-27 12:12:58,865 - INFO - Move locations - Source: 14, Dest: 1200
2025-11-27 12:12:58,865 - INFO - Processing Excel row 68: {'partner_id': 'MOGEN_OB', 'scheduled_date': Timestamp('2025-11-30 00:00:00'), 'picking_type_id': 'RM03CSI-OB', 'date_done': Timestamp('2025-11-30 00:00:00'), 'origin': 'คลังวัตถุดิบ Supplier', 'location_dest_id': 'RM03/WCG', 'default_code': 'NFG05-GL-00001', 'product_uom_qty': 1, 'price_unit': 3384.0, 'sequence': 68, 'date': Timestamp('2025-08-29 00:00:00'), 'scheduled_date_orig': Timestamp('2025-11-30 00:00:00'), 'product_id': 'NFG05-GL-00001'}
2025-11-27 12:12:58,866 - INFO - Using cached product ID for code: 'NFG05-GL-00001'
2025-11-27 12:12:58,866 - INFO - Using cached location ID for: 'RM03/WCG'
2025-11-27 12:12:58,866 - INFO - Row 68 has different destination: RM03/WCG
2025-11-27 12:12:58,866 - INFO - Prepared product NFG05-GL-00001 with quantity 1.0 for batch creation
2025-11-27 12:12:58,867 - INFO - Move locations - Source: 14, Dest: 1200
2025-11-27 12:12:58,867 - INFO - Processing Excel row 69: {'partner_id': 'MOGEN_OB', 'scheduled_date': Timestamp('2025-11-30 00:00:00'), 'picking_type_id': 'RM03CSI-OB', 'date_done': Timestamp('2025-11-30 00:00:00'), 'origin': 'คลังวัตถุดิบ Supplier', 'location_dest_id': 'RM03/WCG', 'default_code': 'NFG05-GL-00001', 'product_uom_qty': 1, 'price_unit': 3384.0, 'sequence': 69, 'date': Timestamp('2025-08-29 00:00:00'), 'scheduled_date_orig': Timestamp('2025-11-30 00:00:00'), 'product_id': 'NFG05-GL-00001'}
2025-11-27 12:12:58,867 - INFO - Using cached product ID for code: 'NFG05-GL-00001'
2025-11-27 12:12:58,868 - INFO - Using cached location ID for: 'RM03/WCG'
2025-11-27 12:12:58,868 - INFO - Row 69 has different destination: RM03/WCG
2025-11-27 12:12:58,868 - INFO - Prepared product NFG05-GL-00001 with quantity 1.0 for batch creation
2025-11-27 12:12:58,868 - INFO - Move locations - Source: 14, Dest: 1200
2025-11-27 12:12:58,869 - INFO - Processing Excel row 70: {'partner_id': 'MOGEN_OB', 'scheduled_date': Timestamp('2025-11-30 00:00:00'), 'picking_type_id': 'RM03CSI-OB', 'date_done': Timestamp('2025-11-30 00:00:00'), 'origin': 'คลังวัตถุดิบ Supplier', 'location_dest_id': 'RM03/WCG', 'default_code': 'NFG05-GL-00001', 'product_uom_qty': 1, 'price_unit': 3986.0, 'sequence': 70, 'date': Timestamp('2025-08-29 00:00:00'), 'scheduled_date_orig': Timestamp('2025-11-30 00:00:00'), 'product_id': 'NFG05-GL-00001'}
2025-11-27 12:12:58,869 - INFO - Using cached product ID for code: 'NFG05-GL-00001'
2025-11-27 12:12:58,869 - INFO - Using cached location ID for: 'RM03/WCG'
2025-11-27 12:12:58,869 - INFO - Row 70 has different destination: RM03/WCG
2025-11-27 12:12:58,869 - INFO - Prepared product NFG05-GL-00001 with quantity 1.0 for batch creation
2025-11-27 12:12:58,870 - INFO - Move locations - Source: 14, Dest: 1200
2025-11-27 12:12:58,870 - INFO - Processing Excel row 71: {'partner_id': 'MOGEN_OB', 'scheduled_date': Timestamp('2025-11-30 00:00:00'), 'picking_type_id': 'RM03CSI-OB', 'date_done': Timestamp('2025-11-30 00:00:00'), 'origin': 'คลังวัตถุดิบ Supplier', 'location_dest_id': 'RM03/WCG', 'default_code': 'NFG05-GL-00001', 'product_uom_qty': 1, 'price_unit': 4198.0, 'sequence': 71, 'date': Timestamp('2025-08-29 00:00:00'), 'scheduled_date_orig': Timestamp('2025-11-30 00:00:00'), 'product_id': 'NFG05-GL-00001'}
2025-11-27 12:12:58,870 - INFO - Using cached product ID for code: 'NFG05-GL-00001'
2025-11-27 12:12:58,870 - INFO - Using cached location ID for: 'RM03/WCG'
2025-11-27 12:12:58,871 - INFO - Row 71 has different destination: RM03/WCG
2025-11-27 12:12:58,871 - INFO - Prepared product NFG05-GL-00001 with quantity 1.0 for batch creation
2025-11-27 12:12:58,871 - INFO - Move locations - Source: 14, Dest: 1200
2025-11-27 12:12:58,871 - INFO - Processing Excel row 72: {'partner_id': 'MOGEN_OB', 'scheduled_date': Timestamp('2025-11-30 00:00:00'), 'picking_type_id': 'RM03CSI-OB', 'date_done': Timestamp('2025-11-30 00:00:00'), 'origin': 'คลังวัตถุดิบ Supplier', 'location_dest_id': 'RM03/WCG', 'default_code': 'NFG05-GL-00001', 'product_uom_qty': 1, 'price_unit': 4405.0, 'sequence': 72, 'date': Timestamp('2025-08-29 00:00:00'), 'scheduled_date_orig': Timestamp('2025-11-30 00:00:00'), 'product_id': 'NFG05-GL-00001'}
2025-11-27 12:12:58,871 - INFO - Using cached product ID for code: 'NFG05-GL-00001'
2025-11-27 12:12:58,872 - INFO - Using cached location ID for: 'RM03/WCG'
2025-11-27 12:12:58,872 - INFO - Row 72 has different destination: RM03/WCG
2025-11-27 12:12:58,872 - INFO - Prepared product NFG05-GL-00001 with quantity 1.0 for batch creation
2025-11-27 12:12:58,872 - INFO - Move locations - Source: 14, Dest: 1200
2025-11-27 12:12:58,873 - INFO - Processing Excel row 73: {'partner_id': 'MOGEN_OB', 'scheduled_date': Timestamp('2025-11-30 00:00:00'), 'picking_type_id': 'RM03CSI-OB', 'date_done': Timestamp('2025-11-30 00:00:00'), 'origin': 'คลังวัตถุดิบ Supplier', 'location_dest_id': 'RM03/WCG', 'default_code': 'NFG05-GL-00001', 'product_uom_qty': 1, 'price_unit': 4333.0, 'sequence': 73, 'date': Timestamp('2025-08-29 00:00:00'), 'scheduled_date_orig': Timestamp('2025-11-30 00:00:00'), 'product_id': 'NFG05-GL-00001'}
2025-11-27 12:12:58,873 - INFO - Using cached product ID for code: 'NFG05-GL-00001'
2025-11-27 12:12:58,873 - INFO - Using cached location ID for: 'RM03/WCG'
2025-11-27 12:12:58,873 - INFO - Row 73 has different destination: RM03/WCG
2025-11-27 12:12:58,874 - INFO - Prepared product NFG05-GL-00001 with quantity 1.0 for batch creation
2025-11-27 12:12:58,874 - INFO - Move locations - Source: 14, Dest: 1200
2025-11-27 12:12:58,874 - INFO - Processing Excel row 74: {'partner_id': 'MOGEN_OB', 'scheduled_date': Timestamp('2025-11-30 00:00:00'), 'picking_type_id': 'RM03CSI-OB', 'date_done': Timestamp('2025-11-30 00:00:00'), 'origin': 'คลังวัตถุดิบ Supplier', 'location_dest_id': 'RM03/WCG', 'default_code': 'NFG05-GL-00001', 'product_uom_qty': 2, 'price_unit': 3971.0, 'sequence': 74, 'date': Timestamp('2025-08-29 00:00:00'), 'scheduled_date_orig': Timestamp('2025-11-30 00:00:00'), 'product_id': 'NFG05-GL-00001'}
2025-11-27 12:12:58,874 - INFO - Using cached product ID for code: 'NFG05-GL-00001'
2025-11-27 12:12:58,875 - INFO - Using cached location ID for: 'RM03/WCG'
2025-11-27 12:12:58,875 - INFO - Row 74 has different destination: RM03/WCG
2025-11-27 12:12:58,875 - INFO - Prepared product NFG05-GL-00001 with quantity 2.0 for batch creation
2025-11-27 12:12:58,875 - INFO - Move locations - Source: 14, Dest: 1200
2025-11-27 12:12:58,876 - INFO - Processing Excel row 75: {'partner_id': 'MOGEN_OB', 'scheduled_date': Timestamp('2025-11-30 00:00:00'), 'picking_type_id': 'RM03CSI-OB', 'date_done': Timestamp('2025-11-30 00:00:00'), 'origin': 'คลังวัตถุดิบ Supplier', 'location_dest_id': 'RM03/WCG', 'default_code': 'NFG05-GL-00001', 'product_uom_qty': 5, 'price_unit': 3670.0, 'sequence': 75, 'date': Timestamp('2025-08-29 00:00:00'), 'scheduled_date_orig': Timestamp('2025-11-30 00:00:00'), 'product_id': 'NFG05-GL-00001'}
2025-11-27 12:12:58,876 - INFO - Using cached product ID for code: 'NFG05-GL-00001'
2025-11-27 12:12:58,876 - INFO - Using cached location ID for: 'RM03/WCG'
2025-11-27 12:12:58,877 - INFO - Row 75 has different destination: RM03/WCG
2025-11-27 12:12:58,877 - INFO - Prepared product NFG05-GL-00001 with quantity 5.0 for batch creation
2025-11-27 12:12:58,877 - INFO - Move locations - Source: 14, Dest: 1200
2025-11-27 12:12:58,878 - INFO - Processing Excel row 76: {'partner_id': 'MOGEN_OB', 'scheduled_date': Timestamp('2025-11-30 00:00:00'), 'picking_type_id': 'RM03CSI-OB', 'date_done': Timestamp('2025-11-30 00:00:00'), 'origin': 'คลังวัตถุดิบ Supplier', 'location_dest_id': 'RM03/WCG', 'default_code': 'NFG05-GL-00001', 'product_uom_qty': 1, 'price_unit': 3764.0, 'sequence': 76, 'date': Timestamp('2025-08-29 00:00:00'), 'scheduled_date_orig': Timestamp('2025-11-30 00:00:00'), 'product_id': 'NFG05-GL-00001'}
2025-11-27 12:12:58,879 - INFO - Using cached product ID for code: 'NFG05-GL-00001'
2025-11-27 12:12:58,880 - INFO - Using cached location ID for: 'RM03/WCG'
2025-11-27 12:12:58,880 - INFO - Row 76 has different destination: RM03/WCG
2025-11-27 12:12:58,880 - INFO - Prepared product NFG05-GL-00001 with quantity 1.0 for batch creation
2025-11-27 12:12:58,880 - INFO - Move locations - Source: 14, Dest: 1200
2025-11-27 12:12:58,881 - INFO - Processing Excel row 77: {'partner_id': 'MOGEN_OB', 'scheduled_date': Timestamp('2025-11-30 00:00:00'), 'picking_type_id': 'RM03CSI-OB', 'date_done': Timestamp('2025-11-30 00:00:00'), 'origin': 'คลังวัตถุดิบ Supplier', 'location_dest_id': 'RM03/WCG', 'default_code': 'NFG05-GL-00001', 'product_uom_qty': 1, 'price_unit': 4374.0, 'sequence': 77, 'date': Timestamp('2025-08-29 00:00:00'), 'scheduled_date_orig': Timestamp('2025-11-30 00:00:00'), 'product_id': 'NFG05-GL-00001'}
2025-11-27 12:12:58,881 - INFO - Using cached product ID for code: 'NFG05-GL-00001'
2025-11-27 12:12:58,881 - INFO - Using cached location ID for: 'RM03/WCG'
2025-11-27 12:12:58,881 - INFO - Row 77 has different destination: RM03/WCG
2025-11-27 12:12:58,882 - INFO - Prepared product NFG05-GL-00001 with quantity 1.0 for batch creation
2025-11-27 12:12:58,882 - INFO - Move locations - Source: 14, Dest: 1200
2025-11-27 12:12:58,882 - INFO - Processing Excel row 78: {'partner_id': 'MOGEN_OB', 'scheduled_date': Timestamp('2025-11-30 00:00:00'), 'picking_type_id': 'RM03CSI-OB', 'date_done': Timestamp('2025-11-30 00:00:00'), 'origin': 'คลังวัตถุดิบ Supplier', 'location_dest_id': 'RM03/WCG', 'default_code': 'NFG05-GL-00001', 'product_uom_qty': 3, 'price_unit': 4543.0, 'sequence': 78, 'date': Timestamp('2025-08-29 00:00:00'), 'scheduled_date_orig': Timestamp('2025-11-30 00:00:00'), 'product_id': 'NFG05-GL-00001'}
2025-11-27 12:12:58,883 - INFO - Using cached product ID for code: 'NFG05-GL-00001'
2025-11-27 12:12:58,883 - INFO - Using cached location ID for: 'RM03/WCG'
2025-11-27 12:12:58,883 - INFO - Row 78 has different destination: RM03/WCG
2025-11-27 12:12:58,883 - INFO - Prepared product NFG05-GL-00001 with quantity 3.0 for batch creation
2025-11-27 12:12:58,884 - INFO - Move locations - Source: 14, Dest: 1200
2025-11-27 12:12:58,884 - INFO - Processing Excel row 79: {'partner_id': 'MOGEN_OB', 'scheduled_date': Timestamp('2025-11-30 00:00:00'), 'picking_type_id': 'RM03CSI-OB', 'date_done': Timestamp('2025-11-30 00:00:00'), 'origin': 'คลังวัตถุดิบ Supplier', 'location_dest_id': 'RM03/WCG', 'default_code': 'NFG05-GL-00001', 'product_uom_qty': 4, 'price_unit': 3805.0, 'sequence': 79, 'date': Timestamp('2025-08-29 00:00:00'), 'scheduled_date_orig': Timestamp('2025-11-30 00:00:00'), 'product_id': 'NFG05-GL-00001'}
2025-11-27 12:12:58,884 - INFO - Using cached product ID for code: 'NFG05-GL-00001'
2025-11-27 12:12:58,884 - INFO - Using cached location ID for: 'RM03/WCG'
2025-11-27 12:12:58,885 - INFO - Row 79 has different destination: RM03/WCG
2025-11-27 12:12:58,885 - INFO - Prepared product NFG05-GL-00001 with quantity 4.0 for batch creation
2025-11-27 12:12:58,885 - INFO - Move locations - Source: 14, Dest: 1200
2025-11-27 12:12:58,886 - INFO - Processing Excel row 80: {'partner_id': 'MOGEN_OB', 'scheduled_date': Timestamp('2025-11-30 00:00:00'), 'picking_type_id': 'RM03CSI-OB', 'date_done': Timestamp('2025-11-30 00:00:00'), 'origin': 'คลังวัตถุดิบ Supplier', 'location_dest_id': 'RM03/WCG', 'default_code': 'NFG05-GL-00001', 'product_uom_qty': 2, 'price_unit': 3971.0, 'sequence': 80, 'date': Timestamp('2025-08-29 00:00:00'), 'scheduled_date_orig': Timestamp('2025-11-30 00:00:00'), 'product_id': 'NFG05-GL-00001'}
2025-11-27 12:12:58,886 - INFO - Using cached product ID for code: 'NFG05-GL-00001'
2025-11-27 12:12:58,886 - INFO - Using cached location ID for: 'RM03/WCG'
2025-11-27 12:12:58,886 - INFO - Row 80 has different destination: RM03/WCG
2025-11-27 12:12:58,886 - INFO - Prepared product NFG05-GL-00001 with quantity 2.0 for batch creation
2025-11-27 12:12:58,887 - INFO - Move locations - Source: 14, Dest: 1200
2025-11-27 12:12:58,887 - INFO - Processing Excel row 81: {'partner_id': 'MOGEN_OB', 'scheduled_date': Timestamp('2025-11-30 00:00:00'), 'picking_type_id': 'RM03CSI-OB', 'date_done': Timestamp('2025-11-30 00:00:00'), 'origin': 'คลังวัตถุดิบ Supplier', 'location_dest_id': 'RM03/WCG', 'default_code': 'NFG05-GL-00001', 'product_uom_qty': 1, 'price_unit': 4089.0, 'sequence': 81, 'date': Timestamp('2025-08-29 00:00:00'), 'scheduled_date_orig': Timestamp('2025-11-30 00:00:00'), 'product_id': 'NFG05-GL-00001'}
2025-11-27 12:12:58,887 - INFO - Using cached product ID for code: 'NFG05-GL-00001'
2025-11-27 12:12:58,888 - INFO - Using cached location ID for: 'RM03/WCG'
2025-11-27 12:12:58,888 - INFO - Row 81 has different destination: RM03/WCG
2025-11-27 12:12:58,888 - INFO - Prepared product NFG05-GL-00001 with quantity 1.0 for batch creation
2025-11-27 12:12:58,888 - INFO - Move locations - Source: 14, Dest: 1200
2025-11-27 12:12:58,889 - INFO - Processing Excel row 82: {'partner_id': 'MOGEN_OB', 'scheduled_date': Timestamp('2025-11-30 00:00:00'), 'picking_type_id': 'RM03CSI-OB', 'date_done': Timestamp('2025-11-30 00:00:00'), 'origin': 'คลังวัตถุดิบ Supplier', 'location_dest_id': 'RM03/WCG', 'default_code': 'NFG05-GL-00001', 'product_uom_qty': 1, 'price_unit': 3140.0, 'sequence': 82, 'date': Timestamp('2025-08-29 00:00:00'), 'scheduled_date_orig': Timestamp('2025-11-30 00:00:00'), 'product_id': 'NFG05-GL-00001'}
2025-11-27 12:12:58,889 - INFO - Using cached product ID for code: 'NFG05-GL-00001'
2025-11-27 12:12:58,889 - INFO - Using cached location ID for: 'RM03/WCG'
2025-11-27 12:12:58,889 - INFO - Row 82 has different destination: RM03/WCG
2025-11-27 12:12:58,890 - INFO - Prepared product NFG05-GL-00001 with quantity 1.0 for batch creation
2025-11-27 12:12:58,890 - INFO - Move locations - Source: 14, Dest: 1200
2025-11-27 12:12:58,890 - INFO - Processing Excel row 83: {'partner_id': 'MOGEN_OB', 'scheduled_date': Timestamp('2025-11-30 00:00:00'), 'picking_type_id': 'RM03CSI-OB', 'date_done': Timestamp('2025-11-30 00:00:00'), 'origin': 'คลังวัตถุดิบ Supplier', 'location_dest_id': 'RM03/WCG', 'default_code': 'NFG05-GL-00001', 'product_uom_qty': 2, 'price_unit': 2652.0, 'sequence': 83, 'date': Timestamp('2025-08-29 00:00:00'), 'scheduled_date_orig': Timestamp('2025-11-30 00:00:00'), 'product_id': 'NFG05-GL-00001'}
2025-11-27 12:12:58,890 - INFO - Using cached product ID for code: 'NFG05-GL-00001'
2025-11-27 12:12:58,891 - INFO - Using cached location ID for: 'RM03/WCG'
2025-11-27 12:12:58,891 - INFO - Row 83 has different destination: RM03/WCG
2025-11-27 12:12:58,891 - INFO - Prepared product NFG05-GL-00001 with quantity 2.0 for batch creation
2025-11-27 12:12:58,891 - INFO - Move locations - Source: 14, Dest: 1200
2025-11-27 12:12:58,891 - INFO - Processing Excel row 84: {'partner_id': 'MOGEN_OB', 'scheduled_date': Timestamp('2025-11-30 00:00:00'), 'picking_type_id': 'RM03CSI-OB', 'date_done': Timestamp('2025-11-30 00:00:00'), 'origin': 'คลังวัตถุดิบ Supplier', 'location_dest_id': 'RM03/WCG', 'default_code': 'NFG05-GL-00001', 'product_uom_qty': 1, 'price_unit': 767.0, 'sequence': 84, 'date': Timestamp('2025-08-29 00:00:00'), 'scheduled_date_orig': Timestamp('2025-11-30 00:00:00'), 'product_id': 'NFG05-GL-00001'}
2025-11-27 12:12:58,892 - INFO - Using cached product ID for code: 'NFG05-GL-00001'
2025-11-27 12:12:58,892 - INFO - Using cached location ID for: 'RM03/WCG'
2025-11-27 12:12:58,892 - INFO - Row 84 has different destination: RM03/WCG
2025-11-27 12:12:58,892 - INFO - Prepared product NFG05-GL-00001 with quantity 1.0 for batch creation
2025-11-27 12:12:58,893 - INFO - Move locations - Source: 14, Dest: 1200
2025-11-27 12:12:58,893 - INFO - Processing Excel row 85: {'partner_id': 'MOGEN_OB', 'scheduled_date': Timestamp('2025-11-30 00:00:00'), 'picking_type_id': 'RM03CSI-OB', 'date_done': Timestamp('2025-11-30 00:00:00'), 'origin': 'คลังวัตถุดิบ Supplier', 'location_dest_id': 'RM03/WCG', 'default_code': 'NFG05-GL-00001', 'product_uom_qty': 1, 'price_unit': 785.0, 'sequence': 85, 'date': Timestamp('2025-08-29 00:00:00'), 'scheduled_date_orig': Timestamp('2025-11-30 00:00:00'), 'product_id': 'NFG05-GL-00001'}
2025-11-27 12:12:58,893 - INFO - Using cached product ID for code: 'NFG05-GL-00001'
2025-11-27 12:12:58,894 - INFO - Using cached location ID for: 'RM03/WCG'
2025-11-27 12:12:58,894 - INFO - Row 85 has different destination: RM03/WCG
2025-11-27 12:12:58,894 - INFO - Prepared product NFG05-GL-00001 with quantity 1.0 for batch creation
2025-11-27 12:12:58,894 - INFO - Move locations - Source: 14, Dest: 1200
2025-11-27 12:12:58,895 - INFO - Processing Excel row 86: {'partner_id': 'MOGEN_OB', 'scheduled_date': Timestamp('2025-11-30 00:00:00'), 'picking_type_id': 'RM03CSI-OB', 'date_done': Timestamp('2025-11-30 00:00:00'), 'origin': 'คลังวัตถุดิบ Supplier', 'location_dest_id': 'RM03/WCG', 'default_code': 'NFG05-GL-00001', 'product_uom_qty': 1, 'price_unit': 753.0, 'sequence': 86, 'date': Timestamp('2025-08-29 00:00:00'), 'scheduled_date_orig': Timestamp('2025-11-30 00:00:00'), 'product_id': 'NFG05-GL-00001'}
2025-11-27 12:12:58,895 - INFO - Using cached product ID for code: 'NFG05-GL-00001'
2025-11-27 12:12:58,895 - INFO - Using cached location ID for: 'RM03/WCG'
2025-11-27 12:12:58,895 - INFO - Row 86 has different destination: RM03/WCG
2025-11-27 12:12:58,895 - INFO - Prepared product NFG05-GL-00001 with quantity 1.0 for batch creation
2025-11-27 12:12:58,895 - INFO - Move locations - Source: 14, Dest: 1200
2025-11-27 12:12:58,896 - INFO - Processing Excel row 87: {'partner_id': 'MOGEN_OB', 'scheduled_date': Timestamp('2025-11-30 00:00:00'), 'picking_type_id': 'RM03CSI-OB', 'date_done': Timestamp('2025-11-30 00:00:00'), 'origin': 'คลังวัตถุดิบ Supplier', 'location_dest_id': 'RM03/WCG', 'default_code': 'NFG05-GL-00001', 'product_uom_qty': 1, 'price_unit': 780.0, 'sequence': 87, 'date': Timestamp('2025-08-29 00:00:00'), 'scheduled_date_orig': Timestamp('2025-11-30 00:00:00'), 'product_id': 'NFG05-GL-00001'}
2025-11-27 12:12:58,896 - INFO - Using cached product ID for code: 'NFG05-GL-00001'
2025-11-27 12:12:58,896 - INFO - Using cached location ID for: 'RM03/WCG'
2025-11-27 12:12:58,896 - INFO - Row 87 has different destination: RM03/WCG
2025-11-27 12:12:58,897 - INFO - Prepared product NFG05-GL-00001 with quantity 1.0 for batch creation
2025-11-27 12:12:58,897 - INFO - Move locations - Source: 14, Dest: 1200
2025-11-27 12:12:58,897 - INFO - Processing Excel row 88: {'partner_id': 'MOGEN_OB', 'scheduled_date': Timestamp('2025-11-30 00:00:00'), 'picking_type_id': 'RM03CSI-OB', 'date_done': Timestamp('2025-11-30 00:00:00'), 'origin': 'คลังวัตถุดิบ Supplier', 'location_dest_id': 'RM03/WCG', 'default_code': 'NFG05-GL-00001', 'product_uom_qty': 1, 'price_unit': 807.0, 'sequence': 88, 'date': Timestamp('2025-08-29 00:00:00'), 'scheduled_date_orig': Timestamp('2025-11-30 00:00:00'), 'product_id': 'NFG05-GL-00001'}
2025-11-27 12:12:58,898 - INFO - Using cached product ID for code: 'NFG05-GL-00001'
2025-11-27 12:12:58,898 - INFO - Using cached location ID for: 'RM03/WCG'
2025-11-27 12:12:58,899 - INFO - Row 88 has different destination: RM03/WCG
2025-11-27 12:12:58,899 - INFO - Prepared product NFG05-GL-00001 with quantity 1.0 for batch creation
2025-11-27 12:12:58,899 - INFO - Move locations - Source: 14, Dest: 1200
2025-11-27 12:12:58,900 - INFO - Processing Excel row 89: {'partner_id': 'MOGEN_OB', 'scheduled_date': Timestamp('2025-11-30 00:00:00'), 'picking_type_id': 'RM03CSI-OB', 'date_done': Timestamp('2025-11-30 00:00:00'), 'origin': 'คลังวัตถุดิบ Supplier', 'location_dest_id': 'RM03/WCG', 'default_code': 'NFG05-GL-00001', 'product_uom_qty': 1, 'price_unit': 753.0, 'sequence': 89, 'date': Timestamp('2025-08-29 00:00:00'), 'scheduled_date_orig': Timestamp('2025-11-30 00:00:00'), 'product_id': 'NFG05-GL-00001'}
2025-11-27 12:12:58,900 - INFO - Using cached product ID for code: 'NFG05-GL-00001'
2025-11-27 12:12:58,901 - INFO - Using cached location ID for: 'RM03/WCG'
2025-11-27 12:12:58,901 - INFO - Row 89 has different destination: RM03/WCG
2025-11-27 12:12:58,902 - INFO - Prepared product NFG05-GL-00001 with quantity 1.0 for batch creation
2025-11-27 12:12:58,902 - INFO - Move locations - Source: 14, Dest: 1200
2025-11-27 12:12:58,902 - INFO - Processing Excel row 90: {'partner_id': 'MOGEN_OB', 'scheduled_date': Timestamp('2025-11-30 00:00:00'), 'picking_type_id': 'RM03CSI-OB', 'date_done': Timestamp('2025-11-30 00:00:00'), 'origin': 'คลังวัตถุดิบ Supplier', 'location_dest_id': 'RM03/WCG', 'default_code': 'NFG05-GL-00001', 'product_uom_qty': 1, 'price_unit': 780.0, 'sequence': 90, 'date': Timestamp('2025-08-29 00:00:00'), 'scheduled_date_orig': Timestamp('2025-11-30 00:00:00'), 'product_id': 'NFG05-GL-00001'}
2025-11-27 12:12:58,903 - INFO - Using cached product ID for code: 'NFG05-GL-00001'
2025-11-27 12:12:58,903 - INFO - Using cached location ID for: 'RM03/WCG'
2025-11-27 12:12:58,903 - INFO - Row 90 has different destination: RM03/WCG
2025-11-27 12:12:58,904 - INFO - Prepared product NFG05-GL-00001 with quantity 1.0 for batch creation
2025-11-27 12:12:58,904 - INFO - Move locations - Source: 14, Dest: 1200
2025-11-27 12:12:58,904 - INFO - Processing Excel row 91: {'partner_id': 'MOGEN_OB', 'scheduled_date': Timestamp('2025-11-30 00:00:00'), 'picking_type_id': 'RM03CSI-OB', 'date_done': Timestamp('2025-11-30 00:00:00'), 'origin': 'คลังวัตถุดิบ Supplier', 'location_dest_id': 'RM03/WCG', 'default_code': 'NFG05-GL-00001', 'product_uom_qty': 1, 'price_unit': 753.0, 'sequence': 91, 'date': Timestamp('2025-08-29 00:00:00'), 'scheduled_date_orig': Timestamp('2025-11-30 00:00:00'), 'product_id': 'NFG05-GL-00001'}
2025-11-27 12:12:58,905 - INFO - Using cached product ID for code: 'NFG05-GL-00001'
2025-11-27 12:12:58,905 - INFO - Using cached location ID for: 'RM03/WCG'
2025-11-27 12:12:58,905 - INFO - Row 91 has different destination: RM03/WCG
2025-11-27 12:12:58,905 - INFO - Prepared product NFG05-GL-00001 with quantity 1.0 for batch creation
2025-11-27 12:12:58,905 - INFO - Move locations - Source: 14, Dest: 1200
2025-11-27 12:12:58,906 - INFO - Processing Excel row 92: {'partner_id': 'MOGEN_OB', 'scheduled_date': Timestamp('2025-11-30 00:00:00'), 'picking_type_id': 'RM03CSI-OB', 'date_done': Timestamp('2025-11-30 00:00:00'), 'origin': 'คลังวัตถุดิบ Supplier', 'location_dest_id': 'RM03/WCG', 'default_code': 'NFG05-GL-00001', 'product_uom_qty': 1, 'price_unit': 6590.0, 'sequence': 92, 'date': Timestamp('2025-08-29 00:00:00'), 'scheduled_date_orig': Timestamp('2025-11-30 00:00:00'), 'product_id': 'NFG05-GL-00001'}
2025-11-27 12:12:58,906 - INFO - Using cached product ID for code: 'NFG05-GL-00001'
2025-11-27 12:12:58,906 - INFO - Using cached location ID for: 'RM03/WCG'
2025-11-27 12:12:58,906 - INFO - Row 92 has different destination: RM03/WCG
2025-11-27 12:12:58,907 - INFO - Prepared product NFG05-GL-00001 with quantity 1.0 for batch creation
2025-11-27 12:12:58,907 - INFO - Move locations - Source: 14, Dest: 1200
2025-11-27 12:12:58,907 - INFO - Processing Excel row 93: {'partner_id': 'MOGEN_OB', 'scheduled_date': Timestamp('2025-11-30 00:00:00'), 'picking_type_id': 'RM03CSI-OB', 'date_done': Timestamp('2025-11-30 00:00:00'), 'origin': 'คลังวัตถุดิบ Supplier', 'location_dest_id': 'RM03/WCG', 'default_code': 'NFG05-GL-00001', 'product_uom_qty': 1, 'price_unit': 5025.0, 'sequence': 93, 'date': Timestamp('2025-08-29 00:00:00'), 'scheduled_date_orig': Timestamp('2025-11-30 00:00:00'), 'product_id': 'NFG05-GL-00001'}
2025-11-27 12:12:58,908 - INFO - Using cached product ID for code: 'NFG05-GL-00001'
2025-11-27 12:12:58,908 - INFO - Using cached location ID for: 'RM03/WCG'
2025-11-27 12:12:58,908 - INFO - Row 93 has different destination: RM03/WCG
2025-11-27 12:12:58,908 - INFO - Prepared product NFG05-GL-00001 with quantity 1.0 for batch creation
2025-11-27 12:12:58,909 - INFO - Move locations - Source: 14, Dest: 1200
2025-11-27 12:12:58,909 - INFO - Processing Excel row 94: {'partner_id': 'MOGEN_OB', 'scheduled_date': Timestamp('2025-11-30 00:00:00'), 'picking_type_id': 'RM03CSI-OB', 'date_done': Timestamp('2025-11-30 00:00:00'), 'origin': 'คลังวัตถุดิบ Supplier', 'location_dest_id': 'RM03/WCG', 'default_code': 'NFG05-GL-00001', 'product_uom_qty': 1, 'price_unit': 4408.0, 'sequence': 94, 'date': Timestamp('2025-08-29 00:00:00'), 'scheduled_date_orig': Timestamp('2025-11-30 00:00:00'), 'product_id': 'NFG05-GL-00001'}
2025-11-27 12:12:58,909 - INFO - Using cached product ID for code: 'NFG05-GL-00001'
2025-11-27 12:12:58,909 - INFO - Using cached location ID for: 'RM03/WCG'
2025-11-27 12:12:58,910 - INFO - Row 94 has different destination: RM03/WCG
2025-11-27 12:12:58,910 - INFO - Prepared product NFG05-GL-00001 with quantity 1.0 for batch creation
2025-11-27 12:12:58,910 - INFO - Move locations - Source: 14, Dest: 1200
2025-11-27 12:12:58,911 - INFO - Processing Excel row 95: {'partner_id': 'MOGEN_OB', 'scheduled_date': Timestamp('2025-11-30 00:00:00'), 'picking_type_id': 'RM03CSI-OB', 'date_done': Timestamp('2025-11-30 00:00:00'), 'origin': 'คลังวัตถุดิบ Supplier', 'location_dest_id': 'RM03/WCG', 'default_code': 'NFG05-GL-00001', 'product_uom_qty': 1, 'price_unit': 4409.0, 'sequence': 95, 'date': Timestamp('2025-08-29 00:00:00'), 'scheduled_date_orig': Timestamp('2025-11-30 00:00:00'), 'product_id': 'NFG05-GL-00001'}
2025-11-27 12:12:58,911 - INFO - Using cached product ID for code: 'NFG05-GL-00001'
2025-11-27 12:12:58,911 - INFO - Using cached location ID for: 'RM03/WCG'
2025-11-27 12:12:58,911 - INFO - Row 95 has different destination: RM03/WCG
2025-11-27 12:12:58,912 - INFO - Prepared product NFG05-GL-00001 with quantity 1.0 for batch creation
2025-11-27 12:12:58,913 - INFO - Move locations - Source: 14, Dest: 1200
2025-11-27 12:12:58,913 - INFO - Processing Excel row 96: {'partner_id': 'MOGEN_OB', 'scheduled_date': Timestamp('2025-11-30 00:00:00'), 'picking_type_id': 'RM03CSI-OB', 'date_done': Timestamp('2025-11-30 00:00:00'), 'origin': 'คลังวัตถุดิบ Supplier', 'location_dest_id': 'RM03/WCG', 'default_code': 'NFG05-GL-00001', 'product_uom_qty': 3, 'price_unit': 4531.0, 'sequence': 96, 'date': Timestamp('2025-08-29 00:00:00'), 'scheduled_date_orig': Timestamp('2025-11-30 00:00:00'), 'product_id': 'NFG05-GL-00001'}
2025-11-27 12:12:58,914 - INFO - Using cached product ID for code: 'NFG05-GL-00001'
2025-11-27 12:12:58,914 - INFO - Using cached location ID for: 'RM03/WCG'
2025-11-27 12:12:58,914 - INFO - Row 96 has different destination: RM03/WCG
2025-11-27 12:12:58,915 - INFO - Prepared product NFG05-GL-00001 with quantity 3.0 for batch creation
2025-11-27 12:12:58,915 - INFO - Move locations - Source: 14, Dest: 1200
2025-11-27 12:12:58,915 - INFO - Processing Excel row 97: {'partner_id': 'MOGEN_OB', 'scheduled_date': Timestamp('2025-11-30 00:00:00'), 'picking_type_id': 'RM03CSI-OB', 'date_done': Timestamp('2025-11-30 00:00:00'), 'origin': 'คลังวัตถุดิบ Supplier', 'location_dest_id': 'RM03/WCG', 'default_code': 'NFG05-GL-00001', 'product_uom_qty': 1, 'price_unit': 5603.0, 'sequence': 97, 'date': Timestamp('2025-08-29 00:00:00'), 'scheduled_date_orig': Timestamp('2025-11-30 00:00:00'), 'product_id': 'NFG05-GL-00001'}
2025-11-27 12:12:58,915 - INFO - Using cached product ID for code: 'NFG05-GL-00001'
2025-11-27 12:12:58,916 - INFO - Using cached location ID for: 'RM03/WCG'
2025-11-27 12:12:58,916 - INFO - Row 97 has different destination: RM03/WCG
2025-11-27 12:12:58,916 - INFO - Prepared product NFG05-GL-00001 with quantity 1.0 for batch creation
2025-11-27 12:12:58,916 - INFO - Move locations - Source: 14, Dest: 1200
2025-11-27 12:12:58,917 - INFO - Processing Excel row 98: {'partner_id': 'MOGEN_OB', 'scheduled_date': Timestamp('2025-11-30 00:00:00'), 'picking_type_id': 'RM03CSI-OB', 'date_done': Timestamp('2025-11-30 00:00:00'), 'origin': 'คลังวัตถุดิบ Supplier', 'location_dest_id': 'RM03/WCG', 'default_code': 'NFG05-GL-00001', 'product_uom_qty': 1, 'price_unit': 4551.0, 'sequence': 98, 'date': Timestamp('2025-08-29 00:00:00'), 'scheduled_date_orig': Timestamp('2025-11-30 00:00:00'), 'product_id': 'NFG05-GL-00001'}
2025-11-27 12:12:58,917 - INFO - Using cached product ID for code: 'NFG05-GL-00001'
2025-11-27 12:12:58,917 - INFO - Using cached location ID for: 'RM03/WCG'
2025-11-27 12:12:58,917 - INFO - Row 98 has different destination: RM03/WCG
2025-11-27 12:12:58,918 - INFO - Prepared product NFG05-GL-00001 with quantity 1.0 for batch creation
2025-11-27 12:12:58,918 - INFO - Move locations - Source: 14, Dest: 1200
2025-11-27 12:12:59,686 - INFO - Created 98 moves in batch for picking 33
2025-11-27 12:12:59,784 - INFO - Re-updated dates before confirming picking 33: 2025-11-30 00:00:00
2025-11-27 12:13:00,433 - INFO - Confirmed transfer 33 with forced date context
2025-11-27 12:13:00,434 - INFO - Import completed: 1 success, 0 failed.
