2025-11-28 14:09:06,731 - INFO - Successfully connected to Odoo as user ID: 2
2025-11-28 14:09:07,227 - INFO - Odoo version: 17.0.1.3
2025-11-28 14:09:07,371 - INFO - Available date fields in stock.picking: ['activity_date_deadline', 'my_activity_date_deadline', 'scheduled_date', 'date_deadline', 'date', 'date_done', 'delay_alert_date', 'create_date', 'write_date', 'date_notice', 'date_confirmed', 'date_start', 'operation_date']
2025-11-28 14:09:07,760 - INFO - Successfully read Excel file with 11 rows
2025-11-28 14:09:07,760 - INFO - Excel columns: ['partner_id', 'scheduled_date', 'picking_type_id', 'date_done', 'origin', 'location_dest_id', 'default_code', 'product_uom_qty', 'price_unit', 'sequence', 'date']
2025-11-28 14:09:07,761 - INFO - Processed sequence column
2025-11-28 14:09:07,762 - INFO - scheduled_date dtype: datetime64[ns]
2025-11-28 14:09:07,763 - INFO - scheduled_date sample: 2025-11-30 00:00:00
2025-11-28 14:09:07,765 - INFO - Converted scheduled_date to string format. Sample: 2025-11-30 00:00:00
2025-11-28 14:09:07,766 - INFO - Fixed picking type name from 'My Company: OB FIFO' and 'คลังวัตถุดิบ 2: OB FIFO' to 'OB FIFO'
2025-11-28 14:09:07,767 - INFO - Using 'default_code' column as 'product_id'
2025-11-28 14:09:07,768 - INFO - Using 'origin' column to identify transfer groups
2025-11-28 14:09:07,771 - INFO - Excel file validation and data filling completed successfully
2025-11-28 14:09:08,455 - INFO - Searching for location: 'FG20/Stock'
2025-11-28 14:09:09,502 - INFO - Found location with complete_name match: 'FG20/Stock' for 'FG20/Stock'
2025-11-28 14:09:09,576 - INFO - Found partner ID 4937 for 'MOGEN_OB'
2025-11-28 14:09:09,681 - INFO - Created transfer for date 2025-11-30 00:00:00 sequence 1 with picking ID 54
2025-11-28 14:09:09,682 - INFO - Processing Excel row 1: {'partner_id': 'MOGEN_OB', 'scheduled_date': Timestamp('2025-11-30 00:00:00'), 'picking_type_id': 'FG20-OB', 'date_done': Timestamp('2025-11-30 00:00:00'), 'origin': 'คลังสินค้าสำเร็จรูป 2', 'location_dest_id': 'FG20/Stock', 'default_code': '3FG-553CD1-2-ราวตั้งพื้น', 'product_uom_qty': 0.0199999999999996, 'price_unit': 5621.615000000112, 'sequence': 1, 'date': Timestamp('2025-07-21 00:00:00'), 'scheduled_date_orig': Timestamp('2025-11-30 00:00:00'), 'product_id': '3FG-553CD1-2-ราวตั้งพื้น'}
2025-11-28 14:09:09,682 - INFO - Searching for product with code: '3FG-553CD1-2-ราวตั้งพื้น' and old code: '3FG-553CD1-2-ราวตั้งพื้น'
2025-11-28 14:09:09,754 - INFO - Found product with exact match on default_code: '3FG-553CD1-2-ราวตั้งพื้น'
2025-11-28 14:09:10,306 - INFO - Prepared product 3FG-553CD1-2-ราวตั้งพื้น with quantity 0.0199999999999996 for batch creation
2025-11-28 14:09:10,306 - INFO - Move locations - Source: 4, Dest: 60
2025-11-28 14:09:10,306 - INFO - Processing Excel row 2: {'partner_id': 'MOGEN_OB', 'scheduled_date': Timestamp('2025-11-30 00:00:00'), 'picking_type_id': 'FG20-OB', 'date_done': Timestamp('2025-11-30 00:00:00'), 'origin': 'คลังสินค้าสำเร็จรูป 2', 'location_dest_id': 'FG20/Stock', 'default_code': '3FG-LH-135MC1', 'product_uom_qty': 1.0, 'price_unit': 1797.7767, 'sequence': 2, 'date': Timestamp('2025-11-05 00:00:00'), 'scheduled_date_orig': Timestamp('2025-11-30 00:00:00'), 'product_id': '3FG-LH-135MC1'}
2025-11-28 14:09:10,307 - INFO - Searching for product with code: '3FG-LH-135MC1' and old code: '3FG-LH-135MC1'
2025-11-28 14:09:10,390 - INFO - Found product with exact match on default_code: '3FG-LH-135MC1'
2025-11-28 14:09:10,481 - INFO - Prepared product 3FG-LH-135MC1 with quantity 1.0 for batch creation
2025-11-28 14:09:10,482 - INFO - Move locations - Source: 4, Dest: 60
2025-11-28 14:09:10,483 - INFO - Processing Excel row 3: {'partner_id': 'MOGEN_OB', 'scheduled_date': Timestamp('2025-11-30 00:00:00'), 'picking_type_id': 'FG20-OB', 'date_done': Timestamp('2025-11-30 00:00:00'), 'origin': 'คลังสินค้าสำเร็จรูป 2', 'location_dest_id': 'FG20/Stock', 'default_code': '3FG-LH-135MC1', 'product_uom_qty': 1.0, 'price_unit': 2264.6326, 'sequence': 3, 'date': Timestamp('2025-11-05 00:00:00'), 'scheduled_date_orig': Timestamp('2025-11-30 00:00:00'), 'product_id': '3FG-LH-135MC1'}
2025-11-28 14:09:10,484 - INFO - Using cached product ID for code: '3FG-LH-135MC1'
2025-11-28 14:09:10,485 - INFO - Prepared product 3FG-LH-135MC1 with quantity 1.0 for batch creation
2025-11-28 14:09:10,485 - INFO - Move locations - Source: 4, Dest: 60
2025-11-28 14:09:10,486 - INFO - Processing Excel row 4: {'partner_id': 'MOGEN_OB', 'scheduled_date': Timestamp('2025-11-30 00:00:00'), 'picking_type_id': 'FG20-OB', 'date_done': Timestamp('2025-11-30 00:00:00'), 'origin': 'คลังสินค้าสำเร็จรูป 2', 'location_dest_id': 'FG20/Stock', 'default_code': '3FG-LH-152MC1', 'product_uom_qty': 1.0, 'price_unit': 4668.1187, 'sequence': 4, 'date': Timestamp('2025-11-05 00:00:00'), 'scheduled_date_orig': Timestamp('2025-11-30 00:00:00'), 'product_id': '3FG-LH-152MC1'}
2025-11-28 14:09:10,487 - INFO - Searching for product with code: '3FG-LH-152MC1' and old code: '3FG-LH-152MC1'
2025-11-28 14:09:10,555 - INFO - Found product with exact match on default_code: '3FG-LH-152MC1'
2025-11-28 14:09:10,625 - INFO - Prepared product 3FG-LH-152MC1 with quantity 1.0 for batch creation
2025-11-28 14:09:10,626 - INFO - Move locations - Source: 4, Dest: 60
2025-11-28 14:09:10,626 - INFO - Processing Excel row 5: {'partner_id': 'MOGEN_OB', 'scheduled_date': Timestamp('2025-11-30 00:00:00'), 'picking_type_id': 'FG20-OB', 'date_done': Timestamp('2025-11-30 00:00:00'), 'origin': 'คลังสินค้าสำเร็จรูป 2', 'location_dest_id': 'FG20/Stock', 'default_code': '3FG-0001-หอดูดาว2', 'product_uom_qty': 1.0, 'price_unit': 77943.7657, 'sequence': 5, 'date': Timestamp('2025-11-18 00:00:00'), 'scheduled_date_orig': Timestamp('2025-11-30 00:00:00'), 'product_id': '3FG-0001-หอดูดาว2'}
2025-11-28 14:09:10,626 - INFO - Searching for product with code: '3FG-0001-หอดูดาว2' and old code: '3FG-0001-หอดูดาว2'
2025-11-28 14:09:10,692 - INFO - Found product with exact match on default_code: '3FG-0001-หอดูดาว2'
2025-11-28 14:09:10,771 - INFO - Prepared product 3FG-0001-หอดูดาว2 with quantity 1.0 for batch creation
2025-11-28 14:09:10,772 - INFO - Move locations - Source: 4, Dest: 60
2025-11-28 14:09:10,774 - INFO - Processing Excel row 6: {'partner_id': 'MOGEN_OB', 'scheduled_date': Timestamp('2025-11-30 00:00:00'), 'picking_type_id': 'FG20-OB', 'date_done': Timestamp('2025-11-30 00:00:00'), 'origin': 'คลังสินค้าสำเร็จรูป 2', 'location_dest_id': 'FG20/Stock', 'default_code': '3FG-LH0045-289FE1-2', 'product_uom_qty': 1.0, 'price_unit': 24734.2873, 'sequence': 6, 'date': Timestamp('2025-11-18 00:00:00'), 'scheduled_date_orig': Timestamp('2025-11-30 00:00:00'), 'product_id': '3FG-LH0045-289FE1-2'}
2025-11-28 14:09:10,775 - INFO - Searching for product with code: '3FG-LH0045-289FE1-2' and old code: '3FG-LH0045-289FE1-2'
2025-11-28 14:09:10,852 - INFO - Found product with exact match on default_code: '3FG-LH0045-289FE1-2'
2025-11-28 14:09:10,940 - INFO - Prepared product 3FG-LH0045-289FE1-2 with quantity 1.0 for batch creation
2025-11-28 14:09:10,941 - INFO - Move locations - Source: 4, Dest: 60
2025-11-28 14:09:10,942 - INFO - Processing Excel row 7: {'partner_id': 'MOGEN_OB', 'scheduled_date': Timestamp('2025-11-30 00:00:00'), 'picking_type_id': 'FG20-OB', 'date_done': Timestamp('2025-11-30 00:00:00'), 'origin': 'คลังสินค้าสำเร็จรูป 2', 'location_dest_id': 'FG20/Stock', 'default_code': '3FG-0001-TYPE-C-2', 'product_uom_qty': 2.0, 'price_unit': 4350.5364, 'sequence': 7, 'date': Timestamp('2025-11-19 00:00:00'), 'scheduled_date_orig': Timestamp('2025-11-30 00:00:00'), 'product_id': '3FG-0001-TYPE-C-2'}
2025-11-28 14:09:10,942 - INFO - Searching for product with code: '3FG-0001-TYPE-C-2' and old code: '3FG-0001-TYPE-C-2'
2025-11-28 14:09:11,021 - INFO - Found product with exact match on default_code: '3FG-0001-TYPE-C-2'
2025-11-28 14:09:11,106 - INFO - Prepared product 3FG-0001-TYPE-C-2 with quantity 2.0 for batch creation
2025-11-28 14:09:11,106 - INFO - Move locations - Source: 4, Dest: 60
2025-11-28 14:09:11,107 - INFO - Processing Excel row 8: {'partner_id': 'MOGEN_OB', 'scheduled_date': Timestamp('2025-11-30 00:00:00'), 'picking_type_id': 'FG20-OB', 'date_done': Timestamp('2025-11-30 00:00:00'), 'origin': 'คลังสินค้าสำเร็จรูป 2', 'location_dest_id': 'FG20/Stock', 'default_code': '3FG-0001-TYPE-C-3', 'product_uom_qty': 2.0, 'price_unit': 2877.36125, 'sequence': 8, 'date': Timestamp('2025-11-19 00:00:00'), 'scheduled_date_orig': Timestamp('2025-11-30 00:00:00'), 'product_id': '3FG-0001-TYPE-C-3'}
2025-11-28 14:09:11,107 - INFO - Searching for product with code: '3FG-0001-TYPE-C-3' and old code: '3FG-0001-TYPE-C-3'
2025-11-28 14:09:11,176 - INFO - Found product with exact match on default_code: '3FG-0001-TYPE-C-3'
2025-11-28 14:09:11,276 - INFO - Prepared product 3FG-0001-TYPE-C-3 with quantity 2.0 for batch creation
2025-11-28 14:09:11,277 - INFO - Move locations - Source: 4, Dest: 60
2025-11-28 14:09:11,277 - INFO - Processing Excel row 9: {'partner_id': 'MOGEN_OB', 'scheduled_date': Timestamp('2025-11-30 00:00:00'), 'picking_type_id': 'FG20-OB', 'date_done': Timestamp('2025-11-30 00:00:00'), 'origin': 'คลังสินค้าสำเร็จรูป 2', 'location_dest_id': 'FG20/Stock', 'default_code': '3FG-0001-TYPE-C-3', 'product_uom_qty': 1.0, 'price_unit': 1144.5961, 'sequence': 9, 'date': Timestamp('2025-11-19 00:00:00'), 'scheduled_date_orig': Timestamp('2025-11-30 00:00:00'), 'product_id': '3FG-0001-TYPE-C-3'}
2025-11-28 14:09:11,278 - INFO - Using cached product ID for code: '3FG-0001-TYPE-C-3'
2025-11-28 14:09:11,278 - INFO - Prepared product 3FG-0001-TYPE-C-3 with quantity 1.0 for batch creation
2025-11-28 14:09:11,278 - INFO - Move locations - Source: 4, Dest: 60
2025-11-28 14:09:11,279 - INFO - Processing Excel row 10: {'partner_id': 'MOGEN_OB', 'scheduled_date': Timestamp('2025-11-30 00:00:00'), 'picking_type_id': 'FG20-OB', 'date_done': Timestamp('2025-11-30 00:00:00'), 'origin': 'คลังสินค้าสำเร็จรูป 2', 'location_dest_id': 'FG20/Stock', 'default_code': '3FG-0001-TYPE-C', 'product_uom_qty': 1.0, 'price_unit': 28645.7638, 'sequence': 10, 'date': Timestamp('2025-11-20 00:00:00'), 'scheduled_date_orig': Timestamp('2025-11-30 00:00:00'), 'product_id': '3FG-0001-TYPE-C'}
2025-11-28 14:09:11,279 - INFO - Searching for product with code: '3FG-0001-TYPE-C' and old code: '3FG-0001-TYPE-C'
2025-11-28 14:09:11,357 - INFO - Found product with exact match on default_code: '3FG-0001-TYPE-C'
2025-11-28 14:09:11,911 - INFO - Prepared product 3FG-0001-TYPE-C with quantity 1.0 for batch creation
2025-11-28 14:09:11,911 - INFO - Move locations - Source: 4, Dest: 60
2025-11-28 14:09:11,912 - INFO - Processing Excel row 11: {'partner_id': 'MOGEN_OB', 'scheduled_date': Timestamp('2025-11-30 00:00:00'), 'picking_type_id': 'FG20-OB', 'date_done': Timestamp('2025-11-30 00:00:00'), 'origin': 'คลังสินค้าสำเร็จรูป 2', 'location_dest_id': 'FG20/Stock', 'default_code': '3FG-0001-TYPE-C-1', 'product_uom_qty': 1.0, 'price_unit': 19097.1759, 'sequence': 11, 'date': Timestamp('2025-11-20 00:00:00'), 'scheduled_date_orig': Timestamp('2025-11-30 00:00:00'), 'product_id': '3FG-0001-TYPE-C-1'}
2025-11-28 14:09:11,912 - INFO - Searching for product with code: '3FG-0001-TYPE-C-1' and old code: '3FG-0001-TYPE-C-1'
2025-11-28 14:09:11,986 - INFO - Found product with exact match on default_code: '3FG-0001-TYPE-C-1'
2025-11-28 14:09:12,063 - INFO - Prepared product 3FG-0001-TYPE-C-1 with quantity 1.0 for batch creation
2025-11-28 14:09:12,064 - INFO - Move locations - Source: 4, Dest: 60
2025-11-28 14:09:12,279 - INFO - Created 11 moves in batch for picking 54
2025-11-28 14:09:12,380 - INFO - Re-updated dates before confirming picking 54: 2025-11-30 00:00:00
2025-11-28 14:09:13,585 - INFO - Confirmed transfer 54 with forced date context
2025-11-28 14:09:13,586 - INFO - Import completed: 1 success, 0 failed.
