2025-08-28 15:26:06,701 - INFO - Successfully connected to Odoo as user ID: 2
2025-08-28 15:26:07,926 - INFO - Odoo version: 17.0.1.3
2025-08-28 15:26:07,988 - INFO - Available date fields in stock.picking: ['activity_date_deadline', 'my_activity_date_deadline', 'scheduled_date', 'date_deadline', 'date', 'date_done', 'delay_alert_date', 'create_date', 'write_date', 'date_notice', 'date_confirmed', 'date_start', 'operation_date']
2025-08-28 15:26:08,327 - INFO - Successfully read Excel file with 1 rows
2025-08-28 15:26:08,328 - INFO - Excel columns: ['partner_id', 'scheduled_date', 'picking_type_id', 'date_done', 'origin', 'location_dest_id', 'product_id', 'product_uom_qty', 'price_unit', 'sequence']
2025-08-28 15:26:08,336 - INFO - Processed sequence column
2025-08-28 15:26:08,337 - INFO - scheduled_date dtype: datetime64[ns]
2025-08-28 15:26:08,338 - INFO - scheduled_date sample: 2025-02-28 00:00:00
2025-08-28 15:26:08,341 - INFO - Converted scheduled_date to string format. Sample: 2025-02-28 00:00:00
2025-08-28 15:26:08,342 - INFO - Fixed picking type name from 'My Company: OB FIFO' to 'OB FIFO'
2025-08-28 15:26:08,343 - INFO - Using 'origin' column to identify transfer groups
2025-08-28 15:26:08,348 - INFO - Excel file validation and data filling completed successfully
2025-08-28 15:26:10,058 - INFO - Searching for location: 'FG30/Stock'
2025-08-28 15:26:10,984 - INFO - Found location with complete_name match: 'FG30/Stock' for 'FG30/Stock'
2025-08-28 15:26:11,827 - INFO - Found partner ID 14295 for 'MOG-สินค้าโชว์'
2025-08-28 15:26:11,914 - INFO - Created transfer for date 2025-02-28 00:00:00 sequence 702 with picking ID 15374
2025-08-28 15:26:11,916 - INFO - Processing Excel row 1: {'partner_id': 'MOG-สินค้าโชว์', 'scheduled_date': '2025-02-28 00:00:00', 'picking_type_id': 'OB FIFO', 'date_done': Timestamp('2025-02-28 00:00:00'), 'origin': 'สินค้าโชว์1-11', 'location_dest_id': 'FG30/Stock', 'product_id': 'VT0012201', 'product_uom_qty': 1, 'price_unit': 382.7211, 'sequence': 702, 'scheduled_date_orig': Timestamp('2025-02-28 00:00:00')}
2025-08-28 15:26:11,916 - INFO - Searching for product with code: 'VT0012201' and old code: 'VT0012201'
2025-08-28 15:26:11,947 - INFO - Found product with exact match on default_code: 'VT0012201'
2025-08-28 15:26:12,104 - INFO - Added product VT0012201 with quantity 1.0 to picking 15374
2025-08-28 15:26:12,105 - INFO - Move locations - Source: 14, Dest: 1022
2025-08-28 15:26:12,193 - INFO - Re-updated dates before confirming picking 15374: 2025-02-28 00:00:00
2025-08-28 15:26:13,164 - INFO - Confirmed transfer 15374 with forced date context
2025-08-28 15:26:13,165 - INFO - Import completed: 1 success, 0 failed.
