2025-07-25 14:17:31,949 - INFO - Successfully connected to Odoo as user ID: 2
2025-07-25 14:17:32,035 - INFO - Odoo version: 17.0.1.3
2025-07-25 14:17:32,192 - INFO - Available date fields in stock.picking: ['activity_date_deadline', 'my_activity_date_deadline', 'scheduled_date', 'date_deadline', 'date', 'date_done', 'delay_alert_date', 'create_date', 'write_date', 'date_notice', 'date_confirmed', 'date_start', 'operation_date']
2025-07-25 14:17:32,529 - INFO - Successfully read Excel file with 2 rows
2025-07-25 14:17:32,529 - INFO - Excel columns: ['partner_id', 'scheduled_date', 'picking_type_id', 'date_done', 'origin', 'location_dest_id', 'product_id', 'product_uom_qty', 'price_unit', 'sequence']
2025-07-25 14:17:32,531 - INFO - Processed sequence column
2025-07-25 14:17:32,532 - INFO - scheduled_date dtype: datetime64[ns]
2025-07-25 14:17:32,532 - INFO - scheduled_date sample: 2025-03-05 00:00:00
2025-07-25 14:17:32,535 - INFO - Converted scheduled_date to string format. Sample: 2025-03-05 00:00:00
2025-07-25 14:17:32,536 - INFO - Fixed picking type name from 'My Company: OB FIFO' to 'OB FIFO'
2025-07-25 14:17:32,538 - INFO - Using 'origin' column to identify transfer groups
2025-07-25 14:17:32,547 - INFO - Excel file validation and data filling completed successfully
2025-07-25 14:17:32,853 - INFO - Searching for location: 'RM11/Stock'
2025-07-25 14:17:33,037 - INFO - Found location with complete_name match: 'RM11/Stock' for 'RM11/Stock'
2025-07-25 14:17:33,117 - INFO - Found partner ID 16630 for 'MOG-OB'
2025-07-25 14:17:33,410 - INFO - Created transfer for date 2025-03-05 00:00:00 sequence 1 with picking ID 11442
2025-07-25 14:17:33,413 - INFO - Processing Excel row 1: {'partner_id': 'MOG-OB', 'scheduled_date': Timestamp('2025-03-05 00:00:00'), 'picking_type_id': 'OB FIFO', 'date_done': Timestamp('2025-03-05 00:00:00'), 'origin': 'OJ00073343', 'location_dest_id': 'RM11/Stock', 'product_id': 'FCA0065101', 'product_uom_qty': 3, 'price_unit': 570.9686, 'sequence': 1, 'scheduled_date_orig': Timestamp('2025-03-05 00:00:00')}
2025-07-25 14:17:33,413 - INFO - Searching for product with code: 'FCA0065101' and old code: 'FCA0065101'
2025-07-25 14:17:33,569 - INFO - Found product with exact match on default_code: 'FCA0065101'
2025-07-25 14:17:34,161 - INFO - Added product FCA0065101 with quantity 3.0 to picking 11442
2025-07-25 14:17:34,162 - INFO - Move locations - Source: 14, Dest: 189
2025-07-25 14:17:34,352 - INFO - Re-updated dates before confirming picking 11442: 2025-03-05 00:00:00
2025-07-25 14:17:34,998 - INFO - Confirmed transfer 11442 with forced date context
2025-07-25 14:17:35,154 - INFO - Searching for location: 'RM11/Stock'
2025-07-25 14:17:35,361 - INFO - Found location with complete_name match: 'RM11/Stock' for 'RM11/Stock'
2025-07-25 14:17:35,442 - INFO - Found partner ID 16630 for 'MOG-OB'
2025-07-25 14:17:35,626 - INFO - Created transfer for date 2025-03-31 00:00:00 sequence 2 with picking ID 11443
2025-07-25 14:17:35,630 - INFO - Processing Excel row 1: {'partner_id': 'MOG-OB', 'scheduled_date': Timestamp('2025-03-31 00:00:00'), 'picking_type_id': 'OB FIFO', 'date_done': Timestamp('2025-03-31 00:00:00'), 'origin': 'OJ00073793', 'location_dest_id': 'RM11/Stock', 'product_id': 'MM078C1039', 'product_uom_qty': 1, 'price_unit': 2367.7424, 'sequence': 2, 'scheduled_date_orig': Timestamp('2025-03-31 00:00:00')}
2025-07-25 14:17:35,631 - INFO - Searching for product with code: 'MM078C1039' and old code: 'MM078C1039'
2025-07-25 14:17:35,753 - INFO - Found product with exact match on default_code: 'MM078C1039'
2025-07-25 14:17:36,108 - INFO - Added product MM078C1039 with quantity 1.0 to picking 11443
2025-07-25 14:17:36,109 - INFO - Move locations - Source: 14, Dest: 189
2025-07-25 14:17:36,281 - INFO - Re-updated dates before confirming picking 11443: 2025-03-31 00:00:00
2025-07-25 14:17:36,684 - INFO - Confirmed transfer 11443 with forced date context
2025-07-25 14:17:36,684 - INFO - Import completed: 2 success, 0 failed.
