2025-07-25 11:31:05,740 - INFO - Successfully connected to Odoo as user ID: 2
2025-07-25 11:31:06,890 - INFO - Odoo version: 17.0.1.3
2025-07-25 11:31:07,001 - INFO - Available date fields in stock.picking: ['activity_date_deadline', 'my_activity_date_deadline', 'scheduled_date', 'date_deadline', 'date', 'date_done', 'delay_alert_date', 'create_date', 'write_date', 'date_notice', 'date_confirmed', 'date_start', 'operation_date']
2025-07-25 11:31:07,338 - INFO - Successfully read Excel file with 3 rows
2025-07-25 11:31:07,339 - INFO - Excel columns: ['partner_id', 'scheduled_date', 'picking_type_id', 'date_done', 'origin', 'location_dest_id', 'product_id', 'product_uom_qty', 'price_unit', 'sequence']
2025-07-25 11:31:07,340 - INFO - Processed sequence column
2025-07-25 11:31:07,341 - INFO - scheduled_date dtype: datetime64[ns]
2025-07-25 11:31:07,342 - INFO - scheduled_date sample: 2025-03-11 00:00:00
2025-07-25 11:31:07,343 - INFO - Converted scheduled_date to string format. Sample: 2025-03-11 00:00:00
2025-07-25 11:31:07,344 - INFO - Fixed picking type name from 'My Company: OB FIFO' to 'OB FIFO'
2025-07-25 11:31:07,345 - INFO - Using 'origin' column to identify transfer groups
2025-07-25 11:31:07,351 - INFO - Excel file validation and data filling completed successfully
2025-07-25 11:31:10,785 - INFO - Searching for location: 'RM02/Stock'
2025-07-25 11:31:10,918 - INFO - Found location with complete_name match: 'RM02/Stock' for 'RM02/Stock'
2025-07-25 11:31:10,961 - INFO - Found partner ID 16630 for 'MOG-OB'
2025-07-25 11:31:11,160 - INFO - Created transfer for date 2025-03-11 00:00:00 sequence 116 with picking ID 11418
2025-07-25 11:31:11,164 - INFO - Processing Excel row 1: {'partner_id': 'MOG-OB', 'scheduled_date': Timestamp('2025-03-11 00:00:00'), 'picking_type_id': 'OB FIFO', 'date_done': Timestamp('2025-03-11 00:00:00'), 'origin': 'BOJ0001656', 'location_dest_id': 'RM02/Stock', 'product_id': 'NFG03-141SPC2001700-AS', 'product_uom_qty': 26, 'price_unit': 163.089930769231, 'sequence': 116, 'scheduled_date_orig': Timestamp('2025-03-11 00:00:00')}
2025-07-25 11:31:11,165 - INFO - Searching for product with code: 'NFG03-141SPC2001700-AS' and old code: 'NFG03-141SPC2001700-AS'
2025-07-25 11:31:11,268 - INFO - Found product with exact match on default_code: 'NFG03-141SPC2001700-AS'
2025-07-25 11:31:11,715 - INFO - Added product NFG03-141SPC2001700-AS with quantity 26.0 to picking 11418
2025-07-25 11:31:11,715 - INFO - Move locations - Source: 14, Dest: 181
2025-07-25 11:31:11,716 - INFO - Processing Excel row 2: {'partner_id': 'MOG-OB', 'scheduled_date': Timestamp('2025-03-11 00:00:00'), 'picking_type_id': 'OB FIFO', 'date_done': Timestamp('2025-03-11 00:00:00'), 'origin': 'BOJ0001659', 'location_dest_id': 'RM02/Stock', 'product_id': 'NFG03-143SPC12001200-IDO-AL', 'product_uom_qty': 2, 'price_unit': 1684.0096, 'sequence': 143, 'scheduled_date_orig': Timestamp('2025-03-11 00:00:00')}
2025-07-25 11:31:11,716 - INFO - Searching for product with code: 'NFG03-143SPC12001200-IDO-AL' and old code: 'NFG03-143SPC12001200-IDO-AL'
2025-07-25 11:31:13,855 - INFO - Found product with exact match on default_code: 'NFG03-143SPC12001200-IDO-AL'
2025-07-25 11:31:14,114 - INFO - Added product NFG03-143SPC12001200-IDO-AL with quantity 2.0 to picking 11418
2025-07-25 11:31:14,114 - INFO - Move locations - Source: 14, Dest: 181
2025-07-25 11:31:14,115 - INFO - Processing Excel row 3: {'partner_id': 'MOG-OB', 'scheduled_date': Timestamp('2025-03-11 00:00:00'), 'picking_type_id': 'OB FIFO', 'date_done': Timestamp('2025-03-11 00:00:00'), 'origin': 'BOJ0001659', 'location_dest_id': 'RM02/Stock', 'product_id': 'NFG03-143SPC12001200-IDO-BL', 'product_uom_qty': 2, 'price_unit': 1684.0096, 'sequence': 146, 'scheduled_date_orig': Timestamp('2025-03-11 00:00:00')}
2025-07-25 11:31:14,115 - INFO - Searching for product with code: 'NFG03-143SPC12001200-IDO-BL' and old code: 'NFG03-143SPC12001200-IDO-BL'
2025-07-25 11:31:14,163 - INFO - Found product with exact match on default_code: 'NFG03-143SPC12001200-IDO-BL'
2025-07-25 11:31:14,500 - INFO - Added product NFG03-143SPC12001200-IDO-BL with quantity 2.0 to picking 11418
2025-07-25 11:31:14,501 - INFO - Move locations - Source: 14, Dest: 181
2025-07-25 11:31:14,715 - INFO - Re-updated dates before confirming picking 11418: 2025-03-11 00:00:00
2025-07-25 11:31:15,197 - INFO - Confirmed transfer 11418 with forced date context
2025-07-25 11:31:15,198 - INFO - Import completed: 1 success, 0 failed.
