2025-06-05 15:00:56,257 - INFO - Successfully connected to Odoo as user ID: 2
2025-06-05 15:00:56,307 - INFO - Odoo version: 17.0.1.3
2025-06-05 15:00:56,383 - INFO - Available date fields in stock.picking: ['activity_date_deadline', 'my_activity_date_deadline', 'scheduled_date', 'date_deadline', 'date', 'date_done', 'delay_alert_date', 'create_date', 'write_date', 'operation_date']
2025-06-05 15:00:56,711 - INFO - Successfully read Excel file with 5 rows
2025-06-05 15:00:56,711 - INFO - Excel columns: ['partner_id', 'scheduled_date', 'picking_type_id', 'date_done', 'origin', 'location_dest_id', 'product_id', 'product_uom_qty', 'price_unit', 'sequence']
2025-06-05 15:00:56,718 - INFO - scheduled_date dtype: datetime64[ns]
2025-06-05 15:00:56,718 - INFO - scheduled_date sample: 2025-02-28 00:00:00
2025-06-05 15:00:56,720 - INFO - Converted scheduled_date to string format. Sample: 2025-02-28 00:00:00
2025-06-05 15:00:56,721 - INFO - Fixed picking type name from 'My Company: OB FIFO' to 'OB FIFO'
2025-06-05 15:00:56,721 - INFO - Using 'origin' column to identify transfer groups
2025-06-05 15:00:56,725 - INFO - Excel file validation and data filling completed successfully
2025-06-05 15:00:56,727 - INFO - Sorted DataFrame by 'sequence' column for import order.
2025-06-05 15:00:56,728 - INFO - Searching for product with code: 'SP00010101' and old code: 'SP00010101'
2025-06-05 15:00:56,793 - INFO - Found product with exact match on default_code: 'SP00010101'
2025-06-05 15:00:56,959 - INFO - Searching for location: 'FG13/Stock'
2025-06-05 15:00:57,099 - INFO - Found location with complete_name match: 'FG13/Stock' for 'FG13/Stock'
2025-06-05 15:00:57,178 - INFO - Found partner ID 13741 for 'MOG-บริการเทคนิค'
2025-06-05 15:00:57,294 - INFO - Created transfer for product SP00010101 with picking ID 4801
2025-06-05 15:00:57,423 - INFO - Added product SP00010101 with quantity 3.0 to picking 4801
2025-06-05 15:00:57,504 - INFO - Re-updated dates before confirming picking 4801: 2025-02-28 00:00:00
2025-06-05 15:00:57,685 - INFO - Confirmed transfer 4801 with forced date context
2025-06-05 15:00:57,687 - INFO - Searching for product with code: 'SP00273100' and old code: 'SP00273100'
2025-06-05 15:00:57,763 - INFO - Found product with exact match on default_code: 'SP00273100'
2025-06-05 15:00:57,983 - INFO - Searching for location: 'FG13/Stock'
2025-06-05 15:00:58,178 - INFO - Found location with complete_name match: 'FG13/Stock' for 'FG13/Stock'
2025-06-05 15:00:58,306 - INFO - Found partner ID 13741 for 'MOG-บริการเทคนิค'
2025-06-05 15:00:58,703 - INFO - Created transfer for product SP00273100 with picking ID 4802
2025-06-05 15:00:58,926 - INFO - Added product SP00273100 with quantity 22.0 to picking 4802
2025-06-05 15:00:59,060 - INFO - Re-updated dates before confirming picking 4802: 2025-02-28 00:00:00
2025-06-05 15:00:59,237 - INFO - Confirmed transfer 4802 with forced date context
2025-06-05 15:00:59,238 - INFO - Searching for product with code: 'SPF0001200' and old code: 'SPF0001200'
2025-06-05 15:00:59,295 - INFO - Found product with exact match on default_code: 'SPF0001200'
2025-06-05 15:00:59,478 - INFO - Searching for location: 'FG13/Stock'
2025-06-05 15:00:59,663 - INFO - Found location with complete_name match: 'FG13/Stock' for 'FG13/Stock'
2025-06-05 15:00:59,742 - INFO - Found partner ID 13741 for 'MOG-บริการเทคนิค'
2025-06-05 15:00:59,803 - INFO - Created transfer for product SPF0001200 with picking ID 4803
2025-06-05 15:00:59,901 - INFO - Added product SPF0001200 with quantity 73.0 to picking 4803
2025-06-05 15:00:59,995 - INFO - Re-updated dates before confirming picking 4803: 2025-02-28 00:00:00
2025-06-05 15:01:00,186 - INFO - Confirmed transfer 4803 with forced date context
2025-06-05 15:01:00,186 - INFO - Searching for product with code: 'SPF0003200' and old code: 'SPF0003200'
2025-06-05 15:01:00,233 - INFO - Found product with exact match on default_code: 'SPF0003200'
2025-06-05 15:01:00,373 - INFO - Searching for location: 'FG13/Stock'
2025-06-05 15:01:00,500 - INFO - Found location with complete_name match: 'FG13/Stock' for 'FG13/Stock'
2025-06-05 15:01:00,573 - INFO - Found partner ID 13741 for 'MOG-บริการเทคนิค'
2025-06-05 15:01:00,660 - INFO - Created transfer for product SPF0003200 with picking ID 4804
2025-06-05 15:01:00,761 - INFO - Added product SPF0003200 with quantity 80.0 to picking 4804
2025-06-05 15:01:00,865 - INFO - Re-updated dates before confirming picking 4804: 2025-02-28 00:00:00
2025-06-05 15:01:01,074 - INFO - Confirmed transfer 4804 with forced date context
2025-06-05 15:01:01,076 - INFO - Searching for product with code: 'SPF0004200' and old code: 'SPF0004200'
2025-06-05 15:01:01,129 - INFO - Found product with exact match on default_code: 'SPF0004200'
2025-06-05 15:01:01,265 - INFO - Searching for location: 'FG13/Stock'
2025-06-05 15:01:01,436 - INFO - Found location with complete_name match: 'FG13/Stock' for 'FG13/Stock'
2025-06-05 15:01:01,551 - INFO - Found partner ID 13741 for 'MOG-บริการเทคนิค'
2025-06-05 15:01:01,623 - INFO - Created transfer for product SPF0004200 with picking ID 4805
2025-06-05 15:01:01,738 - INFO - Added product SPF0004200 with quantity 35.0 to picking 4805
2025-06-05 15:01:01,820 - INFO - Re-updated dates before confirming picking 4805: 2025-02-28 00:00:00
2025-06-05 15:01:01,988 - INFO - Confirmed transfer 4805 with forced date context
2025-06-05 15:01:01,988 - INFO - Import completed: 5 success, 0 failed.
