2026-03-29 15:22:09,294 - INFO - Successfully connected to Odoo as user ID: 2
2026-03-29 15:22:09,376 - INFO - Odoo version: 17.0.1.3
2026-03-29 15:22:09,916 - INFO - Available date fields in stock.picking: ['activity_date_deadline', 'my_activity_date_deadline', 'scheduled_date', 'date_deadline', 'date', 'date_done', 'delay_alert_date', 'create_date', 'write_date', 'date_notice', 'date_confirmed', 'date_start', 'operation_date']
2026-03-29 15:22:10,069 - INFO - Successfully read Excel file with 67 rows
2026-03-29 15:22:10,069 - INFO - Excel columns: ['name', 'partner_id', 'scheduled_date', 'picking_type_id', 'date_done', 'origin', 'location_dest_id', 'default_code', 'product_uom_qty', 'price_unit']
2026-03-29 15:22:10,071 - INFO - Forward filled 'name' column
2026-03-29 15:22:10,074 - INFO - scheduled_date dtype: datetime64[ns]
2026-03-29 15:22:10,074 - INFO - scheduled_date sample: 2026-01-05 00:00:00
2026-03-29 15:22:10,076 - INFO - Converted scheduled_date to string format. Sample: 2026-01-05 00:00:00
2026-03-29 15:22:10,076 - INFO - Fixed picking type name from 'My Company: OB FIFO' and 'คลังวัตถุดิบ 2: OB FIFO' to 'OB FIFO'
2026-03-29 15:22:10,077 - INFO - Using 'default_code' column as 'product_id'
2026-03-29 15:22:10,077 - INFO - Using 'origin' column to identify transfer groups
2026-03-29 15:22:10,078 - INFO - Excel file validation and data filling completed successfully
2026-03-29 15:22:10,286 - ERROR - Source location not found for picking type: RM02 - Receipts
2026-03-29 15:22:10,458 - ERROR - Source location not found for picking type: RM02 - Receipts
2026-03-29 15:22:10,629 - ERROR - Source location not found for picking type: RM02 - Receipts
2026-03-29 15:22:10,785 - ERROR - Source location not found for picking type: RM02 - Receipts
2026-03-29 15:22:10,950 - ERROR - Source location not found for picking type: RM02 - Receipts
2026-03-29 15:22:11,147 - ERROR - Source location not found for picking type: RM02 - Receipts
2026-03-29 15:22:11,310 - ERROR - Source location not found for picking type: RM02 - Receipts
2026-03-29 15:22:11,471 - ERROR - Source location not found for picking type: RM02 - Receipts
2026-03-29 15:22:11,632 - ERROR - Source location not found for picking type: RM02 - Receipts
2026-03-29 15:22:11,786 - ERROR - Source location not found for picking type: RM02 - Receipts
2026-03-29 15:22:11,941 - ERROR - Source location not found for picking type: RM02 - Receipts
2026-03-29 15:22:12,098 - ERROR - Source location not found for picking type: RM02 - Receipts
2026-03-29 15:22:12,262 - ERROR - Source location not found for picking type: RM02 - Receipts
2026-03-29 15:22:12,431 - ERROR - Source location not found for picking type: RM02 - Receipts
2026-03-29 15:22:12,621 - ERROR - Source location not found for picking type: RM02 - Receipts
2026-03-29 15:22:12,793 - ERROR - Source location not found for picking type: RM02 - Receipts
2026-03-29 15:22:12,963 - ERROR - Source location not found for picking type: RM02 - Receipts
2026-03-29 15:22:13,120 - ERROR - Source location not found for picking type: RM02 - Receipts
2026-03-29 15:22:13,269 - ERROR - Source location not found for picking type: RM02 - Receipts
2026-03-29 15:22:13,445 - ERROR - Source location not found for picking type: RM02 - Receipts
2026-03-29 15:22:13,601 - ERROR - Source location not found for picking type: RM02 - Receipts
2026-03-29 15:22:13,778 - ERROR - Source location not found for picking type: RM02 - Receipts
2026-03-29 15:22:13,937 - ERROR - Source location not found for picking type: RM02 - Receipts
2026-03-29 15:22:14,109 - ERROR - Source location not found for picking type: RM02 - Receipts
2026-03-29 15:22:14,269 - ERROR - Source location not found for picking type: RM02 - Receipts
2026-03-29 15:22:14,423 - ERROR - Source location not found for picking type: RM02 - Receipts
2026-03-29 15:22:14,608 - ERROR - Source location not found for picking type: RM02 - Receipts
2026-03-29 15:22:14,816 - ERROR - Source location not found for picking type: RM02 - Receipts
2026-03-29 15:22:14,989 - ERROR - Source location not found for picking type: RM02 - Receipts
2026-03-29 15:22:15,155 - ERROR - Source location not found for picking type: RM02 - Receipts
2026-03-29 15:22:15,322 - ERROR - Source location not found for picking type: RM02 - Receipts
2026-03-29 15:22:15,486 - ERROR - Source location not found for picking type: RM02 - Receipts
2026-03-29 15:22:15,659 - ERROR - Source location not found for picking type: RM02 - Receipts
2026-03-29 15:22:15,833 - ERROR - Source location not found for picking type: RM02 - Receipts
2026-03-29 15:22:15,985 - ERROR - Source location not found for picking type: RM02 - Receipts
