2026-04-12 22:32:29,145 - INFO - Successfully connected to Odoo as user ID: 2
2026-04-12 22:32:29,239 - INFO - Odoo version: 17.0.1.3
2026-04-12 22:32:29,464 - INFO - Available date fields in stock.picking: ['activity_date_deadline', 'my_activity_date_deadline', 'scheduled_date', 'date_deadline', 'date', 'date_done', 'delay_alert_date', 'create_date', 'write_date', 'date_notice', 'date_confirmed', 'date_start', 'operation_date']
2026-04-12 22:32:29,595 - INFO - Successfully read Excel file with 5 rows
2026-04-12 22:32:29,596 - INFO - Excel columns: ['partner_id', 'scheduled_date', 'picking_type_id', 'date_done', 'origin', 'location_dest_id', 'default_code', 'product_uom_qty', 'price_unit', 'sequence', 'date']
2026-04-12 22:32:29,597 - INFO - Processed sequence column
2026-04-12 22:32:29,597 - INFO - scheduled_date dtype: datetime64[ns]
2026-04-12 22:32:29,598 - INFO - scheduled_date sample: 2026-03-31 08:00:00
2026-04-12 22:32:29,599 - INFO - Converted scheduled_date to string format. Sample: 2026-03-31 08:00:00
2026-04-12 22:32:29,599 - INFO - Fixed picking type name from 'My Company: OB FIFO' and 'คลังวัตถุดิบ 2: OB FIFO' to 'OB FIFO'
2026-04-12 22:32:29,599 - INFO - Using 'default_code' column as 'product_id'
2026-04-12 22:32:29,599 - INFO - Using 'origin' column to identify transfer groups
2026-04-12 22:32:29,602 - INFO - Excel file validation and data filling completed successfully
2026-04-12 22:32:29,763 - INFO - Searching for location: 'FG20/Stock'
2026-04-12 22:32:30,027 - INFO - Found location with complete_name match: 'FG20/Stock' for 'FG20/Stock'
2026-04-12 22:32:30,116 - INFO - Found partner ID 4937 for 'MOGEN_OB'
2026-04-12 22:32:30,230 - INFO - Created transfer for date 2026-03-31 08:00:00 sequence 1 with picking ID 15032
2026-04-12 22:32:30,231 - INFO - Processing Excel row 1: {'partner_id': 'MOGEN_OB', 'scheduled_date': Timestamp('2026-03-31 08:00:00'), 'picking_type_id': 'FG20-RE', 'date_done': Timestamp('2026-03-31 08:00:00'), 'origin': 'คลังสินค้าสำเร็จรูป 2', 'location_dest_id': 'FG20/Stock', 'default_code': '3FG-553CD1-2-ราวตั้งพื้น', 'product_uom_qty': 0.02, 'price_unit': 5621.62, 'sequence': 1, 'date': Timestamp('2025-07-21 00:00:00'), 'scheduled_date_orig': Timestamp('2026-03-31 08:00:00'), 'product_id': '3FG-553CD1-2-ราวตั้งพื้น'}
2026-04-12 22:32:30,231 - INFO - Searching for product with code: '3FG-553CD1-2-ราวตั้งพื้น' and old code: '3FG-553CD1-2-ราวตั้งพื้น'
2026-04-12 22:32:30,322 - INFO - Found product with exact match on default_code: '3FG-553CD1-2-ราวตั้งพื้น'
2026-04-12 22:32:30,410 - INFO - Prepared product 3FG-553CD1-2-ราวตั้งพื้น with quantity 0.02 for batch creation
2026-04-12 22:32:30,410 - INFO - Move locations - Source: 4, Dest: 60
2026-04-12 22:32:30,411 - INFO - Processing Excel row 2: {'partner_id': 'MOGEN_OB', 'scheduled_date': Timestamp('2026-03-31 08:00:00'), 'picking_type_id': 'FG20-RE', 'date_done': Timestamp('2026-03-31 08:00:00'), 'origin': 'คลังสินค้าสำเร็จรูป 2', 'location_dest_id': 'FG20/Stock', 'default_code': '3FG-LH-135MC1', 'product_uom_qty': 1.0, 'price_unit': 5051.29, 'sequence': 2, 'date': Timestamp('2026-01-16 00:00:00'), 'scheduled_date_orig': Timestamp('2026-03-31 08:00:00'), 'product_id': '3FG-LH-135MC1'}
2026-04-12 22:32:30,411 - INFO - Searching for product with code: '3FG-LH-135MC1' and old code: '3FG-LH-135MC1'
2026-04-12 22:32:30,489 - INFO - Found product with exact match on default_code: '3FG-LH-135MC1'
2026-04-12 22:32:30,574 - INFO - Prepared product 3FG-LH-135MC1 with quantity 1.0 for batch creation
2026-04-12 22:32:30,574 - INFO - Move locations - Source: 4, Dest: 60
2026-04-12 22:32:30,575 - INFO - Processing Excel row 3: {'partner_id': 'MOGEN_OB', 'scheduled_date': Timestamp('2026-03-31 08:00:00'), 'picking_type_id': 'FG20-RE', 'date_done': Timestamp('2026-03-31 08:00:00'), 'origin': 'คลังสินค้าสำเร็จรูป 2', 'location_dest_id': 'FG20/Stock', 'default_code': '3FG-LH-135MC1', 'product_uom_qty': 1.0, 'price_unit': 2241.52, 'sequence': 3, 'date': Timestamp('2026-03-25 00:00:00'), 'scheduled_date_orig': Timestamp('2026-03-31 08:00:00'), 'product_id': '3FG-LH-135MC1'}
2026-04-12 22:32:30,575 - INFO - Using cached product ID for code: '3FG-LH-135MC1'
2026-04-12 22:32:30,575 - INFO - Prepared product 3FG-LH-135MC1 with quantity 1.0 for batch creation
2026-04-12 22:32:30,575 - INFO - Move locations - Source: 4, Dest: 60
2026-04-12 22:32:30,575 - INFO - Processing Excel row 4: {'partner_id': 'MOGEN_OB', 'scheduled_date': Timestamp('2026-03-31 08:00:00'), 'picking_type_id': 'FG20-RE', 'date_done': Timestamp('2026-03-31 08:00:00'), 'origin': 'คลังสินค้าสำเร็จรูป 2', 'location_dest_id': 'FG20/Stock', 'default_code': '3FG-LH-152MC1', 'product_uom_qty': 1.0, 'price_unit': 4668.12, 'sequence': 4, 'date': Timestamp('2025-11-05 00:00:00'), 'scheduled_date_orig': Timestamp('2026-03-31 08:00:00'), 'product_id': '3FG-LH-152MC1'}
2026-04-12 22:32:30,576 - INFO - Searching for product with code: '3FG-LH-152MC1' and old code: '3FG-LH-152MC1'
2026-04-12 22:32:30,657 - INFO - Found product with exact match on default_code: '3FG-LH-152MC1'
2026-04-12 22:32:30,753 - INFO - Prepared product 3FG-LH-152MC1 with quantity 1.0 for batch creation
2026-04-12 22:32:30,753 - INFO - Move locations - Source: 4, Dest: 60
2026-04-12 22:32:30,754 - INFO - Processing Excel row 5: {'partner_id': 'MOGEN_OB', 'scheduled_date': Timestamp('2026-03-31 08:00:00'), 'picking_type_id': 'FG20-RE', 'date_done': Timestamp('2026-03-31 08:00:00'), 'origin': 'คลังสินค้าสำเร็จรูป 2', 'location_dest_id': 'FG20/Stock', 'default_code': 'NMS02-258-60x30x10x2.3', 'product_uom_qty': 10.0, 'price_unit': 350.0, 'sequence': 5, 'date': Timestamp('2026-03-12 00:00:00'), 'scheduled_date_orig': Timestamp('2026-03-31 08:00:00'), 'product_id': 'NMS02-258-60x30x10x2.3'}
2026-04-12 22:32:30,754 - INFO - Searching for product with code: 'NMS02-258-60x30x10x2.3' and old code: 'NMS02-258-60x30x10x2.3'
2026-04-12 22:32:31,036 - INFO - Found product with exact match on old_product_code: 'NMS02-258-60x30x10x2.3'
2026-04-12 22:32:31,127 - INFO - Prepared product NMS02-258-60x30x10x2.3 with quantity 10.0 for batch creation
2026-04-12 22:32:31,127 - INFO - Move locations - Source: 4, Dest: 60
2026-04-12 22:32:31,268 - INFO - Created 5 moves in batch for picking 15032
2026-04-12 22:32:31,367 - INFO - Re-updated dates before confirming picking 15032: 2026-03-31 08:00:00
2026-04-12 22:32:31,547 - INFO - Confirmed transfer 15032 with forced date context
2026-04-12 22:32:31,547 - INFO - Import completed: 1 success, 0 failed.
