2025-11-27 13:17:43,459 - INFO - Successfully connected to Odoo as user ID: 2
2025-11-27 13:17:43,530 - INFO - Odoo version: 17.0.1.3
2025-11-27 13:17:43,759 - INFO - Available date fields in stock.picking: ['activity_date_deadline', 'my_activity_date_deadline', 'scheduled_date', 'date_deadline', 'date', 'date_done', 'delay_alert_date', 'create_date', 'write_date', 'date_notice', 'date_confirmed', 'date_start', 'operation_date']
2025-11-27 13:17:44,082 - INFO - Successfully read Excel file with 11 rows
2025-11-27 13:17:44,082 - INFO - Excel columns: ['partner_id', 'scheduled_date', 'picking_type_id', 'date_done', 'origin', 'location_dest_id', 'default_code', 'product_uom_qty', 'price_unit', 'sequence', 'date']
2025-11-27 13:17:44,089 - INFO - Processed sequence column
2025-11-27 13:17:44,090 - INFO - scheduled_date dtype: datetime64[ns]
2025-11-27 13:17:44,091 - INFO - scheduled_date sample: 2025-11-30 00:00:00
2025-11-27 13:17:44,093 - INFO - Converted scheduled_date to string format. Sample: 2025-11-30 00:00:00
2025-11-27 13:17:44,094 - INFO - Fixed picking type name from 'My Company: OB FIFO' and 'คลังวัตถุดิบ 2: OB FIFO' to 'OB FIFO'
2025-11-27 13:17:44,094 - INFO - Using 'default_code' column as 'product_id'
2025-11-27 13:17:44,095 - INFO - Using 'origin' column to identify transfer groups
2025-11-27 13:17:44,099 - INFO - Excel file validation and data filling completed successfully
2025-11-27 13:17:44,252 - INFO - Searching for location: 'FG20/Stock'
2025-11-27 13:17:44,643 - INFO - Found location with complete_name match: 'FG20/Stock' for 'FG20/Stock'
2025-11-27 13:17:44,763 - INFO - Found partner ID 4956 for 'MOGEN_OB'
2025-11-27 13:17:44,906 - INFO - Created transfer for date 2025-11-30 00:00:00 sequence 1 with picking ID 35
2025-11-27 13:17:44,908 - INFO - Processing Excel row 1: {'partner_id': 'MOGEN_OB', 'scheduled_date': Timestamp('2025-11-30 00:00:00'), 'picking_type_id': 'FG20-OB', 'date_done': Timestamp('2025-11-30 00:00:00'), 'origin': 'คลังสินค้าสำเร็จรูป 2', 'location_dest_id': 'FG20/Stock', 'default_code': '3FG-553CD1-2-ราวตั้งพื้น', 'product_uom_qty': 0.0199999999999996, 'price_unit': 5621.615000000112, 'sequence': 1, 'date': Timestamp('2025-07-21 00:00:00'), 'scheduled_date_orig': Timestamp('2025-11-30 00:00:00'), 'product_id': '3FG-553CD1-2-ราวตั้งพื้น'}
2025-11-27 13:17:44,908 - INFO - Searching for product with code: '3FG-553CD1-2-ราวตั้งพื้น' and old code: '3FG-553CD1-2-ราวตั้งพื้น'
2025-11-27 13:17:44,984 - INFO - Found product with exact match on default_code: '3FG-553CD1-2-ราวตั้งพื้น'
2025-11-27 13:17:45,083 - INFO - Prepared product 3FG-553CD1-2-ราวตั้งพื้น with quantity 0.0199999999999996 for batch creation
2025-11-27 13:17:45,083 - INFO - Move locations - Source: 14, Dest: 60
2025-11-27 13:17:45,083 - INFO - Processing Excel row 2: {'partner_id': 'MOGEN_OB', 'scheduled_date': Timestamp('2025-11-30 00:00:00'), 'picking_type_id': 'FG20-OB', 'date_done': Timestamp('2025-11-30 00:00:00'), 'origin': 'คลังสินค้าสำเร็จรูป 2', 'location_dest_id': 'FG20/Stock', 'default_code': '3FG-LH-135MC1', 'product_uom_qty': 1.0, 'price_unit': 1797.7767, 'sequence': 2, 'date': Timestamp('2025-11-05 00:00:00'), 'scheduled_date_orig': Timestamp('2025-11-30 00:00:00'), 'product_id': '3FG-LH-135MC1'}
2025-11-27 13:17:45,084 - INFO - Searching for product with code: '3FG-LH-135MC1' and old code: '3FG-LH-135MC1'
2025-11-27 13:17:45,164 - INFO - Found product with exact match on default_code: '3FG-LH-135MC1'
2025-11-27 13:17:45,234 - INFO - Prepared product 3FG-LH-135MC1 with quantity 1.0 for batch creation
2025-11-27 13:17:45,234 - INFO - Move locations - Source: 14, Dest: 60
2025-11-27 13:17:45,235 - INFO - Processing Excel row 3: {'partner_id': 'MOGEN_OB', 'scheduled_date': Timestamp('2025-11-30 00:00:00'), 'picking_type_id': 'FG20-OB', 'date_done': Timestamp('2025-11-30 00:00:00'), 'origin': 'คลังสินค้าสำเร็จรูป 2', 'location_dest_id': 'FG20/Stock', 'default_code': '3FG-LH-135MC1', 'product_uom_qty': 1.0, 'price_unit': 2264.6326, 'sequence': 3, 'date': Timestamp('2025-11-05 00:00:00'), 'scheduled_date_orig': Timestamp('2025-11-30 00:00:00'), 'product_id': '3FG-LH-135MC1'}
2025-11-27 13:17:45,235 - INFO - Using cached product ID for code: '3FG-LH-135MC1'
2025-11-27 13:17:45,236 - INFO - Prepared product 3FG-LH-135MC1 with quantity 1.0 for batch creation
2025-11-27 13:17:45,236 - INFO - Move locations - Source: 14, Dest: 60
2025-11-27 13:17:45,236 - INFO - Processing Excel row 4: {'partner_id': 'MOGEN_OB', 'scheduled_date': Timestamp('2025-11-30 00:00:00'), 'picking_type_id': 'FG20-OB', 'date_done': Timestamp('2025-11-30 00:00:00'), 'origin': 'คลังสินค้าสำเร็จรูป 2', 'location_dest_id': 'FG20/Stock', 'default_code': '3FG-LH-152MC1', 'product_uom_qty': 1.0, 'price_unit': 4668.1187, 'sequence': 4, 'date': Timestamp('2025-11-05 00:00:00'), 'scheduled_date_orig': Timestamp('2025-11-30 00:00:00'), 'product_id': '3FG-LH-152MC1'}
2025-11-27 13:17:45,237 - INFO - Searching for product with code: '3FG-LH-152MC1' and old code: '3FG-LH-152MC1'
2025-11-27 13:17:45,346 - INFO - Found product with exact match on default_code: '3FG-LH-152MC1'
2025-11-27 13:17:45,614 - INFO - Prepared product 3FG-LH-152MC1 with quantity 1.0 for batch creation
2025-11-27 13:17:45,615 - INFO - Move locations - Source: 14, Dest: 60
2025-11-27 13:17:45,617 - INFO - Processing Excel row 5: {'partner_id': 'MOGEN_OB', 'scheduled_date': Timestamp('2025-11-30 00:00:00'), 'picking_type_id': 'FG20-OB', 'date_done': Timestamp('2025-11-30 00:00:00'), 'origin': 'คลังสินค้าสำเร็จรูป 2', 'location_dest_id': 'FG20/Stock', 'default_code': '3FG-0001-หอดูดาว2', 'product_uom_qty': 1.0, 'price_unit': 77943.7657, 'sequence': 5, 'date': Timestamp('2025-11-18 00:00:00'), 'scheduled_date_orig': Timestamp('2025-11-30 00:00:00'), 'product_id': '3FG-0001-หอดูดาว2'}
2025-11-27 13:17:45,619 - INFO - Searching for product with code: '3FG-0001-หอดูดาว2' and old code: '3FG-0001-หอดูดาว2'
2025-11-27 13:17:45,705 - INFO - Found product with exact match on default_code: '3FG-0001-หอดูดาว2'
2025-11-27 13:17:45,829 - INFO - Prepared product 3FG-0001-หอดูดาว2 with quantity 1.0 for batch creation
2025-11-27 13:17:45,829 - INFO - Move locations - Source: 14, Dest: 60
2025-11-27 13:17:45,830 - INFO - Processing Excel row 6: {'partner_id': 'MOGEN_OB', 'scheduled_date': Timestamp('2025-11-30 00:00:00'), 'picking_type_id': 'FG20-OB', 'date_done': Timestamp('2025-11-30 00:00:00'), 'origin': 'คลังสินค้าสำเร็จรูป 2', 'location_dest_id': 'FG20/Stock', 'default_code': '3FG-LH0045-289FE1-2', 'product_uom_qty': 1.0, 'price_unit': 24734.2873, 'sequence': 6, 'date': Timestamp('2025-11-18 00:00:00'), 'scheduled_date_orig': Timestamp('2025-11-30 00:00:00'), 'product_id': '3FG-LH0045-289FE1-2'}
2025-11-27 13:17:45,831 - INFO - Searching for product with code: '3FG-LH0045-289FE1-2' and old code: '3FG-LH0045-289FE1-2'
2025-11-27 13:17:45,982 - INFO - Found product with exact match on default_code: '3FG-LH0045-289FE1-2'
2025-11-27 13:17:46,317 - INFO - Prepared product 3FG-LH0045-289FE1-2 with quantity 1.0 for batch creation
2025-11-27 13:17:46,317 - INFO - Move locations - Source: 14, Dest: 60
2025-11-27 13:17:46,318 - INFO - Processing Excel row 7: {'partner_id': 'MOGEN_OB', 'scheduled_date': Timestamp('2025-11-30 00:00:00'), 'picking_type_id': 'FG20-OB', 'date_done': Timestamp('2025-11-30 00:00:00'), 'origin': 'คลังสินค้าสำเร็จรูป 2', 'location_dest_id': 'FG20/Stock', 'default_code': '3FG-0001-TYPE-C-2', 'product_uom_qty': 2.0, 'price_unit': 4350.5364, 'sequence': 7, 'date': Timestamp('2025-11-19 00:00:00'), 'scheduled_date_orig': Timestamp('2025-11-30 00:00:00'), 'product_id': '3FG-0001-TYPE-C-2'}
2025-11-27 13:17:46,318 - INFO - Searching for product with code: '3FG-0001-TYPE-C-2' and old code: '3FG-0001-TYPE-C-2'
2025-11-27 13:17:46,554 - INFO - Found product with exact match on default_code: '3FG-0001-TYPE-C-2'
2025-11-27 13:17:46,705 - INFO - Prepared product 3FG-0001-TYPE-C-2 with quantity 2.0 for batch creation
2025-11-27 13:17:46,706 - INFO - Move locations - Source: 14, Dest: 60
2025-11-27 13:17:46,706 - INFO - Processing Excel row 8: {'partner_id': 'MOGEN_OB', 'scheduled_date': Timestamp('2025-11-30 00:00:00'), 'picking_type_id': 'FG20-OB', 'date_done': Timestamp('2025-11-30 00:00:00'), 'origin': 'คลังสินค้าสำเร็จรูป 2', 'location_dest_id': 'FG20/Stock', 'default_code': '3FG-0001-TYPE-C-3', 'product_uom_qty': 2.0, 'price_unit': 2877.36125, 'sequence': 8, 'date': Timestamp('2025-11-19 00:00:00'), 'scheduled_date_orig': Timestamp('2025-11-30 00:00:00'), 'product_id': '3FG-0001-TYPE-C-3'}
2025-11-27 13:17:46,706 - INFO - Searching for product with code: '3FG-0001-TYPE-C-3' and old code: '3FG-0001-TYPE-C-3'
2025-11-27 13:17:46,953 - INFO - Found product with exact match on default_code: '3FG-0001-TYPE-C-3'
2025-11-27 13:17:47,167 - INFO - Prepared product 3FG-0001-TYPE-C-3 with quantity 2.0 for batch creation
2025-11-27 13:17:47,167 - INFO - Move locations - Source: 14, Dest: 60
2025-11-27 13:17:47,168 - INFO - Processing Excel row 9: {'partner_id': 'MOGEN_OB', 'scheduled_date': Timestamp('2025-11-30 00:00:00'), 'picking_type_id': 'FG20-OB', 'date_done': Timestamp('2025-11-30 00:00:00'), 'origin': 'คลังสินค้าสำเร็จรูป 2', 'location_dest_id': 'FG20/Stock', 'default_code': '3FG-0001-TYPE-C-3', 'product_uom_qty': 1.0, 'price_unit': 1144.5961, 'sequence': 9, 'date': Timestamp('2025-11-19 00:00:00'), 'scheduled_date_orig': Timestamp('2025-11-30 00:00:00'), 'product_id': '3FG-0001-TYPE-C-3'}
2025-11-27 13:17:47,168 - INFO - Using cached product ID for code: '3FG-0001-TYPE-C-3'
2025-11-27 13:17:47,169 - INFO - Prepared product 3FG-0001-TYPE-C-3 with quantity 1.0 for batch creation
2025-11-27 13:17:47,169 - INFO - Move locations - Source: 14, Dest: 60
2025-11-27 13:17:47,170 - INFO - Processing Excel row 10: {'partner_id': 'MOGEN_OB', 'scheduled_date': Timestamp('2025-11-30 00:00:00'), 'picking_type_id': 'FG20-OB', 'date_done': Timestamp('2025-11-30 00:00:00'), 'origin': 'คลังสินค้าสำเร็จรูป 2', 'location_dest_id': 'FG20/Stock', 'default_code': '3FG-0001-TYPE-C', 'product_uom_qty': 1.0, 'price_unit': 28645.7638, 'sequence': 10, 'date': Timestamp('2025-11-20 00:00:00'), 'scheduled_date_orig': Timestamp('2025-11-30 00:00:00'), 'product_id': '3FG-0001-TYPE-C'}
2025-11-27 13:17:47,170 - INFO - Searching for product with code: '3FG-0001-TYPE-C' and old code: '3FG-0001-TYPE-C'
2025-11-27 13:17:47,278 - INFO - Found product with exact match on default_code: '3FG-0001-TYPE-C'
2025-11-27 13:17:47,408 - INFO - Prepared product 3FG-0001-TYPE-C with quantity 1.0 for batch creation
2025-11-27 13:17:47,408 - INFO - Move locations - Source: 14, Dest: 60
2025-11-27 13:17:47,409 - INFO - Processing Excel row 11: {'partner_id': 'MOGEN_OB', 'scheduled_date': Timestamp('2025-11-30 00:00:00'), 'picking_type_id': 'FG20-OB', 'date_done': Timestamp('2025-11-30 00:00:00'), 'origin': 'คลังสินค้าสำเร็จรูป 2', 'location_dest_id': 'FG20/Stock', 'default_code': '3FG-0001-TYPE-C-1', 'product_uom_qty': 1.0, 'price_unit': 19097.1759, 'sequence': 11, 'date': Timestamp('2025-11-20 00:00:00'), 'scheduled_date_orig': Timestamp('2025-11-30 00:00:00'), 'product_id': '3FG-0001-TYPE-C-1'}
2025-11-27 13:17:47,409 - INFO - Searching for product with code: '3FG-0001-TYPE-C-1' and old code: '3FG-0001-TYPE-C-1'
2025-11-27 13:17:47,498 - INFO - Found product with exact match on default_code: '3FG-0001-TYPE-C-1'
2025-11-27 13:17:47,621 - INFO - Prepared product 3FG-0001-TYPE-C-1 with quantity 1.0 for batch creation
2025-11-27 13:17:47,622 - INFO - Move locations - Source: 14, Dest: 60
2025-11-27 13:17:47,940 - INFO - Created 11 moves in batch for picking 35
2025-11-27 13:17:48,055 - INFO - Re-updated dates before confirming picking 35: 2025-11-30 00:00:00
2025-11-27 13:17:48,180 - ERROR - Failed to confirm transfer 35: <Fault 2: "The unit of measure เมตร defined on the order line doesn't belong to the same category as the unit of measure Units defined on the product. Please correct the unit of measure defined on the order line or on the product, they should belong to the same category.">
2025-11-27 13:17:48,181 - INFO - Import completed: 1 success, 0 failed.
