2025-11-19 07:57:52,307 - INFO - Successfully connected to Odoo as user ID: 2
2025-11-19 07:57:53,321 - INFO - Odoo version: 17.0.1.3
2025-11-19 07:57:53,458 - INFO - Available date fields in stock.picking: ['activity_date_deadline', 'my_activity_date_deadline', 'scheduled_date', 'date_deadline', 'date', 'date_done', 'delay_alert_date', 'create_date', 'write_date', 'date_notice', 'date_confirmed', 'date_start', 'operation_date']
2025-11-19 07:57:53,939 - INFO - Successfully read Excel file with 92 rows
2025-11-19 07:57:53,939 - INFO - Excel columns: ['partner_id', 'scheduled_date', 'picking_type_id', 'date_done', 'origin', 'location_dest_id', 'default_code', 'product_uom_qty', 'price_unit', 'sequence']
2025-11-19 07:57:53,947 - INFO - Processed sequence column
2025-11-19 07:57:53,961 - INFO - scheduled_date dtype: datetime64[ns]
2025-11-19 07:57:53,962 - INFO - scheduled_date sample: 2025-11-18 00:00:00
2025-11-19 07:57:53,966 - INFO - Converted scheduled_date to string format. Sample: 2025-11-18 00:00:00
2025-11-19 07:57:53,967 - INFO - Fixed picking type name from 'My Company: OB FIFO' and 'คลังวัตถุดิบ 2: OB FIFO' to 'OB FIFO'
2025-11-19 07:57:53,968 - INFO - Using 'default_code' column as 'product_id'
2025-11-19 07:57:53,969 - INFO - Using 'origin' column to identify transfer groups
2025-11-19 07:57:53,980 - INFO - Excel file validation and data filling completed successfully
2025-11-19 07:57:54,978 - INFO - Searching for location: 'RM02/Stock'
2025-11-19 07:57:55,937 - INFO - Found location with complete_name match: 'RM02/Stock' for 'RM02/Stock'
2025-11-19 07:57:55,998 - INFO - Found partner ID 2160 for 'MOGEN_OB'
2025-11-19 07:57:56,139 - INFO - Created transfer for date 2025-11-18 00:00:00 sequence 1 with picking ID 69
2025-11-19 07:57:56,141 - INFO - Processing Excel row 1: {'partner_id': 'MOGEN_OB', 'scheduled_date': Timestamp('2025-11-18 00:00:00'), 'picking_type_id': 'OB FIFO', 'date_done': Timestamp('2025-11-18 00:00:00'), 'origin': 'คลังวัถุดิบ2', 'location_dest_id': 'RM02/Stock', 'default_code': 303020015, 'product_uom_qty': 100, 'price_unit': 100, 'sequence': 1, 'scheduled_date_orig': Timestamp('2025-11-18 00:00:00'), 'product_id': 303020015}
2025-11-19 07:57:56,141 - INFO - Searching for product with code: '303020015' and old code: '303020015'
2025-11-19 07:57:56,206 - INFO - Found product with exact match on default_code: '303020015'
2025-11-19 07:57:56,303 - INFO - Prepared product 303020015 with quantity 100.0 for batch creation
2025-11-19 07:57:56,305 - INFO - Move locations - Source: 4, Dest: 116
2025-11-19 07:57:56,307 - INFO - Processing Excel row 2: {'partner_id': 'MOGEN_OB', 'scheduled_date': Timestamp('2025-11-18 00:00:00'), 'picking_type_id': 'OB FIFO', 'date_done': Timestamp('2025-11-18 00:00:00'), 'origin': 'คลังวัถุดิบ2', 'location_dest_id': 'RM02/Stock', 'default_code': 406010066, 'product_uom_qty': 100, 'price_unit': 100, 'sequence': 2, 'scheduled_date_orig': Timestamp('2025-11-18 00:00:00'), 'product_id': 406010066}
2025-11-19 07:57:56,308 - INFO - Searching for product with code: '406010066' and old code: '406010066'
2025-11-19 07:57:57,195 - INFO - Found product with exact match on default_code: '406010066'
2025-11-19 07:57:57,252 - INFO - Prepared product 406010066 with quantity 100.0 for batch creation
2025-11-19 07:57:57,253 - INFO - Move locations - Source: 4, Dest: 116
2025-11-19 07:57:57,254 - INFO - Processing Excel row 3: {'partner_id': 'MOGEN_OB', 'scheduled_date': Timestamp('2025-11-18 00:00:00'), 'picking_type_id': 'OB FIFO', 'date_done': Timestamp('2025-11-18 00:00:00'), 'origin': 'คลังวัถุดิบ2', 'location_dest_id': 'RM02/Stock', 'default_code': 402020002, 'product_uom_qty': 100, 'price_unit': 100, 'sequence': 3, 'scheduled_date_orig': Timestamp('2025-11-18 00:00:00'), 'product_id': 402020002}
2025-11-19 07:57:57,254 - INFO - Searching for product with code: '402020002' and old code: '402020002'
2025-11-19 07:57:57,302 - INFO - Found product with exact match on default_code: '402020002'
2025-11-19 07:57:57,351 - INFO - Prepared product 402020002 with quantity 100.0 for batch creation
2025-11-19 07:57:57,351 - INFO - Move locations - Source: 4, Dest: 116
2025-11-19 07:57:57,351 - INFO - Processing Excel row 4: {'partner_id': 'MOGEN_OB', 'scheduled_date': Timestamp('2025-11-18 00:00:00'), 'picking_type_id': 'OB FIFO', 'date_done': Timestamp('2025-11-18 00:00:00'), 'origin': 'คลังวัถุดิบ2', 'location_dest_id': 'RM02/Stock', 'default_code': 402020003, 'product_uom_qty': 100, 'price_unit': 100, 'sequence': 4, 'scheduled_date_orig': Timestamp('2025-11-18 00:00:00'), 'product_id': 402020003}
2025-11-19 07:57:57,352 - INFO - Searching for product with code: '402020003' and old code: '402020003'
2025-11-19 07:57:57,399 - INFO - Found product with exact match on default_code: '402020003'
2025-11-19 07:57:57,450 - INFO - Prepared product 402020003 with quantity 100.0 for batch creation
2025-11-19 07:57:57,451 - INFO - Move locations - Source: 4, Dest: 116
2025-11-19 07:57:57,451 - INFO - Processing Excel row 5: {'partner_id': 'MOGEN_OB', 'scheduled_date': Timestamp('2025-11-18 00:00:00'), 'picking_type_id': 'OB FIFO', 'date_done': Timestamp('2025-11-18 00:00:00'), 'origin': 'คลังวัถุดิบ2', 'location_dest_id': 'RM02/Stock', 'default_code': 402020001, 'product_uom_qty': 100, 'price_unit': 100, 'sequence': 5, 'scheduled_date_orig': Timestamp('2025-11-18 00:00:00'), 'product_id': 402020001}
2025-11-19 07:57:57,451 - INFO - Searching for product with code: '402020001' and old code: '402020001'
2025-11-19 07:57:57,498 - INFO - Found product with exact match on default_code: '402020001'
2025-11-19 07:57:57,549 - INFO - Prepared product 402020001 with quantity 100.0 for batch creation
2025-11-19 07:57:57,550 - INFO - Move locations - Source: 4, Dest: 116
2025-11-19 07:57:57,550 - INFO - Processing Excel row 6: {'partner_id': 'MOGEN_OB', 'scheduled_date': Timestamp('2025-11-18 00:00:00'), 'picking_type_id': 'OB FIFO', 'date_done': Timestamp('2025-11-18 00:00:00'), 'origin': 'คลังวัถุดิบ2', 'location_dest_id': 'RM02/Stock', 'default_code': 409090004, 'product_uom_qty': 100, 'price_unit': 100, 'sequence': 6, 'scheduled_date_orig': Timestamp('2025-11-18 00:00:00'), 'product_id': 409090004}
2025-11-19 07:57:57,550 - INFO - Searching for product with code: '409090004' and old code: '409090004'
2025-11-19 07:57:57,596 - INFO - Found product with exact match on default_code: '409090004'
2025-11-19 07:57:57,649 - INFO - Prepared product 409090004 with quantity 100.0 for batch creation
2025-11-19 07:57:57,650 - INFO - Move locations - Source: 4, Dest: 116
2025-11-19 07:57:57,650 - INFO - Processing Excel row 7: {'partner_id': 'MOGEN_OB', 'scheduled_date': Timestamp('2025-11-18 00:00:00'), 'picking_type_id': 'OB FIFO', 'date_done': Timestamp('2025-11-18 00:00:00'), 'origin': 'คลังวัถุดิบ2', 'location_dest_id': 'RM02/Stock', 'default_code': 409060002, 'product_uom_qty': 100, 'price_unit': 100, 'sequence': 7, 'scheduled_date_orig': Timestamp('2025-11-18 00:00:00'), 'product_id': 409060002}
2025-11-19 07:57:57,651 - INFO - Searching for product with code: '409060002' and old code: '409060002'
2025-11-19 07:57:57,698 - INFO - Found product with exact match on default_code: '409060002'
2025-11-19 07:57:57,748 - INFO - Prepared product 409060002 with quantity 100.0 for batch creation
2025-11-19 07:57:57,749 - INFO - Move locations - Source: 4, Dest: 116
2025-11-19 07:57:57,749 - INFO - Processing Excel row 8: {'partner_id': 'MOGEN_OB', 'scheduled_date': Timestamp('2025-11-18 00:00:00'), 'picking_type_id': 'OB FIFO', 'date_done': Timestamp('2025-11-18 00:00:00'), 'origin': 'คลังวัถุดิบ2', 'location_dest_id': 'RM02/Stock', 'default_code': 409040001, 'product_uom_qty': 100, 'price_unit': 100, 'sequence': 8, 'scheduled_date_orig': Timestamp('2025-11-18 00:00:00'), 'product_id': 409040001}
2025-11-19 07:57:57,749 - INFO - Searching for product with code: '409040001' and old code: '409040001'
2025-11-19 07:57:57,798 - INFO - Found product with exact match on default_code: '409040001'
2025-11-19 07:57:57,848 - INFO - Prepared product 409040001 with quantity 100.0 for batch creation
2025-11-19 07:57:57,849 - INFO - Move locations - Source: 4, Dest: 116
2025-11-19 07:57:57,849 - INFO - Processing Excel row 9: {'partner_id': 'MOGEN_OB', 'scheduled_date': Timestamp('2025-11-18 00:00:00'), 'picking_type_id': 'OB FIFO', 'date_done': Timestamp('2025-11-18 00:00:00'), 'origin': 'คลังวัถุดิบ2', 'location_dest_id': 'RM02/Stock', 'default_code': 409230007, 'product_uom_qty': 100, 'price_unit': 100, 'sequence': 9, 'scheduled_date_orig': Timestamp('2025-11-18 00:00:00'), 'product_id': 409230007}
2025-11-19 07:57:57,850 - INFO - Searching for product with code: '409230007' and old code: '409230007'
2025-11-19 07:57:57,915 - INFO - Found product with exact match on default_code: '409230007'
2025-11-19 07:57:57,969 - INFO - Prepared product 409230007 with quantity 100.0 for batch creation
2025-11-19 07:57:57,970 - INFO - Move locations - Source: 4, Dest: 116
2025-11-19 07:57:57,970 - INFO - Processing Excel row 10: {'partner_id': 'MOGEN_OB', 'scheduled_date': Timestamp('2025-11-18 00:00:00'), 'picking_type_id': 'OB FIFO', 'date_done': Timestamp('2025-11-18 00:00:00'), 'origin': 'คลังวัถุดิบ2', 'location_dest_id': 'RM02/Stock', 'default_code': 409250068, 'product_uom_qty': 100, 'price_unit': 100, 'sequence': 10, 'scheduled_date_orig': Timestamp('2025-11-18 00:00:00'), 'product_id': 409250068}
2025-11-19 07:57:57,971 - INFO - Searching for product with code: '409250068' and old code: '409250068'
2025-11-19 07:57:58,016 - INFO - Found product with exact match on default_code: '409250068'
2025-11-19 07:57:58,075 - INFO - Prepared product 409250068 with quantity 100.0 for batch creation
2025-11-19 07:57:58,075 - INFO - Move locations - Source: 4, Dest: 116
2025-11-19 07:57:58,076 - INFO - Processing Excel row 11: {'partner_id': 'MOGEN_OB', 'scheduled_date': Timestamp('2025-11-18 00:00:00'), 'picking_type_id': 'OB FIFO', 'date_done': Timestamp('2025-11-18 00:00:00'), 'origin': 'คลังวัถุดิบ2', 'location_dest_id': 'RM02/Stock', 'default_code': 409110001, 'product_uom_qty': 100, 'price_unit': 100, 'sequence': 11, 'scheduled_date_orig': Timestamp('2025-11-18 00:00:00'), 'product_id': 409110001}
2025-11-19 07:57:58,076 - INFO - Searching for product with code: '409110001' and old code: '409110001'
2025-11-19 07:57:58,127 - INFO - Found product with exact match on default_code: '409110001'
2025-11-19 07:57:59,042 - INFO - Prepared product 409110001 with quantity 100.0 for batch creation
2025-11-19 07:57:59,043 - INFO - Move locations - Source: 4, Dest: 116
2025-11-19 07:57:59,044 - INFO - Processing Excel row 12: {'partner_id': 'MOGEN_OB', 'scheduled_date': Timestamp('2025-11-18 00:00:00'), 'picking_type_id': 'OB FIFO', 'date_done': Timestamp('2025-11-18 00:00:00'), 'origin': 'คลังวัถุดิบ2', 'location_dest_id': 'RM02/Stock', 'default_code': 409180005, 'product_uom_qty': 100, 'price_unit': 100, 'sequence': 12, 'scheduled_date_orig': Timestamp('2025-11-18 00:00:00'), 'product_id': 409180005}
2025-11-19 07:57:59,044 - INFO - Searching for product with code: '409180005' and old code: '409180005'
2025-11-19 07:57:59,104 - INFO - Found product with exact match on default_code: '409180005'
2025-11-19 07:57:59,163 - INFO - Prepared product 409180005 with quantity 100.0 for batch creation
2025-11-19 07:57:59,163 - INFO - Move locations - Source: 4, Dest: 116
2025-11-19 07:57:59,164 - INFO - Processing Excel row 13: {'partner_id': 'MOGEN_OB', 'scheduled_date': Timestamp('2025-11-18 00:00:00'), 'picking_type_id': 'OB FIFO', 'date_done': Timestamp('2025-11-18 00:00:00'), 'origin': 'คลังวัถุดิบ2', 'location_dest_id': 'RM02/Stock', 'default_code': 408010002, 'product_uom_qty': 100, 'price_unit': 100, 'sequence': 13, 'scheduled_date_orig': Timestamp('2025-11-18 00:00:00'), 'product_id': 408010002}
2025-11-19 07:57:59,164 - INFO - Searching for product with code: '408010002' and old code: '408010002'
2025-11-19 07:57:59,218 - INFO - Found product with exact match on default_code: '408010002'
2025-11-19 07:57:59,280 - INFO - Prepared product 408010002 with quantity 100.0 for batch creation
2025-11-19 07:57:59,281 - INFO - Move locations - Source: 4, Dest: 116
2025-11-19 07:57:59,282 - INFO - Processing Excel row 14: {'partner_id': 'MOGEN_OB', 'scheduled_date': Timestamp('2025-11-18 00:00:00'), 'picking_type_id': 'OB FIFO', 'date_done': Timestamp('2025-11-18 00:00:00'), 'origin': 'คลังวัถุดิบ2', 'location_dest_id': 'RM02/Stock', 'default_code': 409250031, 'product_uom_qty': 100, 'price_unit': 100, 'sequence': 14, 'scheduled_date_orig': Timestamp('2025-11-18 00:00:00'), 'product_id': 409250031}
2025-11-19 07:57:59,282 - INFO - Searching for product with code: '409250031' and old code: '409250031'
2025-11-19 07:57:59,350 - INFO - Found product with exact match on default_code: '409250031'
2025-11-19 07:57:59,408 - INFO - Prepared product 409250031 with quantity 100.0 for batch creation
2025-11-19 07:57:59,409 - INFO - Move locations - Source: 4, Dest: 116
2025-11-19 07:57:59,409 - INFO - Processing Excel row 15: {'partner_id': 'MOGEN_OB', 'scheduled_date': Timestamp('2025-11-18 00:00:00'), 'picking_type_id': 'OB FIFO', 'date_done': Timestamp('2025-11-18 00:00:00'), 'origin': 'คลังวัถุดิบ2', 'location_dest_id': 'RM02/Stock', 'default_code': 409150003, 'product_uom_qty': 100, 'price_unit': 100, 'sequence': 15, 'scheduled_date_orig': Timestamp('2025-11-18 00:00:00'), 'product_id': 409150003}
2025-11-19 07:57:59,410 - INFO - Searching for product with code: '409150003' and old code: '409150003'
2025-11-19 07:57:59,457 - INFO - Found product with exact match on default_code: '409150003'
2025-11-19 07:57:59,530 - INFO - Prepared product 409150003 with quantity 100.0 for batch creation
2025-11-19 07:57:59,530 - INFO - Move locations - Source: 4, Dest: 116
2025-11-19 07:57:59,531 - INFO - Processing Excel row 16: {'partner_id': 'MOGEN_OB', 'scheduled_date': Timestamp('2025-11-18 00:00:00'), 'picking_type_id': 'OB FIFO', 'date_done': Timestamp('2025-11-18 00:00:00'), 'origin': 'คลังวัถุดิบ2', 'location_dest_id': 'RM02/Stock', 'default_code': 409030003, 'product_uom_qty': 100, 'price_unit': 100, 'sequence': 16, 'scheduled_date_orig': Timestamp('2025-11-18 00:00:00'), 'product_id': 409030003}
2025-11-19 07:57:59,531 - INFO - Searching for product with code: '409030003' and old code: '409030003'
2025-11-19 07:57:59,582 - INFO - Found product with exact match on default_code: '409030003'
2025-11-19 07:57:59,634 - INFO - Prepared product 409030003 with quantity 100.0 for batch creation
2025-11-19 07:57:59,635 - INFO - Move locations - Source: 4, Dest: 116
2025-11-19 07:57:59,635 - INFO - Processing Excel row 17: {'partner_id': 'MOGEN_OB', 'scheduled_date': Timestamp('2025-11-18 00:00:00'), 'picking_type_id': 'OB FIFO', 'date_done': Timestamp('2025-11-18 00:00:00'), 'origin': 'คลังวัถุดิบ2', 'location_dest_id': 'RM02/Stock', 'default_code': 409050001, 'product_uom_qty': 100, 'price_unit': 100, 'sequence': 17, 'scheduled_date_orig': Timestamp('2025-11-18 00:00:00'), 'product_id': 409050001}
2025-11-19 07:57:59,636 - INFO - Searching for product with code: '409050001' and old code: '409050001'
2025-11-19 07:57:59,685 - INFO - Found product with exact match on default_code: '409050001'
2025-11-19 07:57:59,740 - INFO - Prepared product 409050001 with quantity 100.0 for batch creation
2025-11-19 07:57:59,740 - INFO - Move locations - Source: 4, Dest: 116
2025-11-19 07:57:59,741 - INFO - Processing Excel row 18: {'partner_id': 'MOGEN_OB', 'scheduled_date': Timestamp('2025-11-18 00:00:00'), 'picking_type_id': 'OB FIFO', 'date_done': Timestamp('2025-11-18 00:00:00'), 'origin': 'คลังวัถุดิบ2', 'location_dest_id': 'RM02/Stock', 'default_code': 409130001, 'product_uom_qty': 100, 'price_unit': 100, 'sequence': 18, 'scheduled_date_orig': Timestamp('2025-11-18 00:00:00'), 'product_id': 409130001}
2025-11-19 07:57:59,741 - INFO - Searching for product with code: '409130001' and old code: '409130001'
2025-11-19 07:57:59,821 - INFO - Found product with exact match on default_code: '409130001'
2025-11-19 07:57:59,871 - INFO - Prepared product 409130001 with quantity 100.0 for batch creation
2025-11-19 07:57:59,871 - INFO - Move locations - Source: 4, Dest: 116
2025-11-19 07:57:59,872 - INFO - Processing Excel row 19: {'partner_id': 'MOGEN_OB', 'scheduled_date': Timestamp('2025-11-18 00:00:00'), 'picking_type_id': 'OB FIFO', 'date_done': Timestamp('2025-11-18 00:00:00'), 'origin': 'คลังวัถุดิบ2', 'location_dest_id': 'RM02/Stock', 'default_code': 411040003, 'product_uom_qty': 100, 'price_unit': 100, 'sequence': 19, 'scheduled_date_orig': Timestamp('2025-11-18 00:00:00'), 'product_id': 411040003}
2025-11-19 07:57:59,872 - INFO - Searching for product with code: '411040003' and old code: '411040003'
2025-11-19 07:57:59,919 - INFO - Found product with exact match on default_code: '411040003'
2025-11-19 07:57:59,970 - INFO - Prepared product 411040003 with quantity 100.0 for batch creation
2025-11-19 07:57:59,970 - INFO - Move locations - Source: 4, Dest: 116
2025-11-19 07:57:59,971 - INFO - Processing Excel row 20: {'partner_id': 'MOGEN_OB', 'scheduled_date': Timestamp('2025-11-18 00:00:00'), 'picking_type_id': 'OB FIFO', 'date_done': Timestamp('2025-11-18 00:00:00'), 'origin': 'คลังวัถุดิบ2', 'location_dest_id': 'RM02/Stock', 'default_code': 301010006, 'product_uom_qty': 100, 'price_unit': 100, 'sequence': 20, 'scheduled_date_orig': Timestamp('2025-11-18 00:00:00'), 'product_id': 301010006}
2025-11-19 07:57:59,971 - INFO - Searching for product with code: '301010006' and old code: '301010006'
2025-11-19 07:58:00,021 - INFO - Found product with exact match on default_code: '301010006'
2025-11-19 07:58:00,074 - INFO - Prepared product 301010006 with quantity 100.0 for batch creation
2025-11-19 07:58:00,075 - INFO - Move locations - Source: 4, Dest: 116
2025-11-19 07:58:00,075 - INFO - Processing Excel row 21: {'partner_id': 'MOGEN_OB', 'scheduled_date': Timestamp('2025-11-18 00:00:00'), 'picking_type_id': 'OB FIFO', 'date_done': Timestamp('2025-11-18 00:00:00'), 'origin': 'คลังวัถุดิบ2', 'location_dest_id': 'RM02/Stock', 'default_code': 411050005, 'product_uom_qty': 100, 'price_unit': 100, 'sequence': 21, 'scheduled_date_orig': Timestamp('2025-11-18 00:00:00'), 'product_id': 411050005}
2025-11-19 07:58:00,076 - INFO - Searching for product with code: '411050005' and old code: '411050005'
2025-11-19 07:58:00,122 - INFO - Found product with exact match on default_code: '411050005'
2025-11-19 07:58:00,174 - INFO - Prepared product 411050005 with quantity 100.0 for batch creation
2025-11-19 07:58:00,174 - INFO - Move locations - Source: 4, Dest: 116
2025-11-19 07:58:00,176 - INFO - Processing Excel row 22: {'partner_id': 'MOGEN_OB', 'scheduled_date': Timestamp('2025-11-18 00:00:00'), 'picking_type_id': 'OB FIFO', 'date_done': Timestamp('2025-11-18 00:00:00'), 'origin': 'คลังวัถุดิบ2', 'location_dest_id': 'RM02/Stock', 'default_code': 410060007, 'product_uom_qty': 100, 'price_unit': 100, 'sequence': 22, 'scheduled_date_orig': Timestamp('2025-11-18 00:00:00'), 'product_id': 410060007}
2025-11-19 07:58:00,177 - INFO - Searching for product with code: '410060007' and old code: '410060007'
2025-11-19 07:58:00,225 - INFO - Found product with exact match on default_code: '410060007'
2025-11-19 07:58:00,278 - INFO - Prepared product 410060007 with quantity 100.0 for batch creation
2025-11-19 07:58:00,278 - INFO - Move locations - Source: 4, Dest: 116
2025-11-19 07:58:00,279 - INFO - Processing Excel row 23: {'partner_id': 'MOGEN_OB', 'scheduled_date': Timestamp('2025-11-18 00:00:00'), 'picking_type_id': 'OB FIFO', 'date_done': Timestamp('2025-11-18 00:00:00'), 'origin': 'คลังวัถุดิบ2', 'location_dest_id': 'RM02/Stock', 'default_code': 411050004, 'product_uom_qty': 100, 'price_unit': 100, 'sequence': 23, 'scheduled_date_orig': Timestamp('2025-11-18 00:00:00'), 'product_id': 411050004}
2025-11-19 07:58:00,279 - INFO - Searching for product with code: '411050004' and old code: '411050004'
2025-11-19 07:58:00,371 - INFO - Found product with exact match on default_code: '411050004'
2025-11-19 07:58:00,476 - INFO - Prepared product 411050004 with quantity 100.0 for batch creation
2025-11-19 07:58:00,476 - INFO - Move locations - Source: 4, Dest: 116
2025-11-19 07:58:00,477 - INFO - Processing Excel row 24: {'partner_id': 'MOGEN_OB', 'scheduled_date': Timestamp('2025-11-18 00:00:00'), 'picking_type_id': 'OB FIFO', 'date_done': Timestamp('2025-11-18 00:00:00'), 'origin': 'คลังวัถุดิบ2', 'location_dest_id': 'RM02/Stock', 'default_code': 411040004, 'product_uom_qty': 100, 'price_unit': 100, 'sequence': 24, 'scheduled_date_orig': Timestamp('2025-11-18 00:00:00'), 'product_id': 411040004}
2025-11-19 07:58:00,478 - INFO - Searching for product with code: '411040004' and old code: '411040004'
2025-11-19 07:58:00,572 - INFO - Found product with exact match on default_code: '411040004'
2025-11-19 07:58:00,679 - INFO - Prepared product 411040004 with quantity 100.0 for batch creation
2025-11-19 07:58:00,679 - INFO - Move locations - Source: 4, Dest: 116
2025-11-19 07:58:00,680 - INFO - Processing Excel row 25: {'partner_id': 'MOGEN_OB', 'scheduled_date': Timestamp('2025-11-18 00:00:00'), 'picking_type_id': 'OB FIFO', 'date_done': Timestamp('2025-11-18 00:00:00'), 'origin': 'คลังวัถุดิบ2', 'location_dest_id': 'RM02/Stock', 'default_code': 410060004, 'product_uom_qty': 100, 'price_unit': 100, 'sequence': 25, 'scheduled_date_orig': Timestamp('2025-11-18 00:00:00'), 'product_id': 410060004}
2025-11-19 07:58:00,681 - INFO - Searching for product with code: '410060004' and old code: '410060004'
2025-11-19 07:58:00,800 - INFO - Found product with exact match on default_code: '410060004'
2025-11-19 07:58:00,907 - INFO - Prepared product 410060004 with quantity 100.0 for batch creation
2025-11-19 07:58:00,908 - INFO - Move locations - Source: 4, Dest: 116
2025-11-19 07:58:00,909 - INFO - Processing Excel row 26: {'partner_id': 'MOGEN_OB', 'scheduled_date': Timestamp('2025-11-18 00:00:00'), 'picking_type_id': 'OB FIFO', 'date_done': Timestamp('2025-11-18 00:00:00'), 'origin': 'คลังวัถุดิบ2', 'location_dest_id': 'RM02/Stock', 'default_code': 409250051, 'product_uom_qty': 100, 'price_unit': 100, 'sequence': 26, 'scheduled_date_orig': Timestamp('2025-11-18 00:00:00'), 'product_id': 409250051}
2025-11-19 07:58:00,911 - INFO - Searching for product with code: '409250051' and old code: '409250051'
2025-11-19 07:58:00,999 - INFO - Found product with exact match on default_code: '409250051'
2025-11-19 07:58:01,101 - INFO - Prepared product 409250051 with quantity 100.0 for batch creation
2025-11-19 07:58:01,101 - INFO - Move locations - Source: 4, Dest: 116
2025-11-19 07:58:01,102 - INFO - Processing Excel row 27: {'partner_id': 'MOGEN_OB', 'scheduled_date': Timestamp('2025-11-18 00:00:00'), 'picking_type_id': 'OB FIFO', 'date_done': Timestamp('2025-11-18 00:00:00'), 'origin': 'คลังวัถุดิบ2', 'location_dest_id': 'RM02/Stock', 'default_code': 409250055, 'product_uom_qty': 100, 'price_unit': 100, 'sequence': 27, 'scheduled_date_orig': Timestamp('2025-11-18 00:00:00'), 'product_id': 409250055}
2025-11-19 07:58:01,102 - INFO - Searching for product with code: '409250055' and old code: '409250055'
2025-11-19 07:58:01,192 - INFO - Found product with exact match on default_code: '409250055'
2025-11-19 07:58:01,287 - INFO - Prepared product 409250055 with quantity 100.0 for batch creation
2025-11-19 07:58:01,288 - INFO - Move locations - Source: 4, Dest: 116
2025-11-19 07:58:01,289 - INFO - Processing Excel row 28: {'partner_id': 'MOGEN_OB', 'scheduled_date': Timestamp('2025-11-18 00:00:00'), 'picking_type_id': 'OB FIFO', 'date_done': Timestamp('2025-11-18 00:00:00'), 'origin': 'คลังวัถุดิบ2', 'location_dest_id': 'RM02/Stock', 'default_code': 409250050, 'product_uom_qty': 100, 'price_unit': 100, 'sequence': 28, 'scheduled_date_orig': Timestamp('2025-11-18 00:00:00'), 'product_id': 409250050}
2025-11-19 07:58:01,291 - INFO - Searching for product with code: '409250050' and old code: '409250050'
2025-11-19 07:58:01,367 - INFO - Found product with exact match on default_code: '409250050'
2025-11-19 07:58:01,467 - INFO - Prepared product 409250050 with quantity 100.0 for batch creation
2025-11-19 07:58:01,467 - INFO - Move locations - Source: 4, Dest: 116
2025-11-19 07:58:01,469 - INFO - Processing Excel row 29: {'partner_id': 'MOGEN_OB', 'scheduled_date': Timestamp('2025-11-18 00:00:00'), 'picking_type_id': 'OB FIFO', 'date_done': Timestamp('2025-11-18 00:00:00'), 'origin': 'คลังวัถุดิบ2', 'location_dest_id': 'RM02/Stock', 'default_code': 409170019, 'product_uom_qty': 100, 'price_unit': 100, 'sequence': 29, 'scheduled_date_orig': Timestamp('2025-11-18 00:00:00'), 'product_id': 409170019}
2025-11-19 07:58:01,469 - INFO - Searching for product with code: '409170019' and old code: '409170019'
2025-11-19 07:58:01,560 - INFO - Found product with exact match on default_code: '409170019'
2025-11-19 07:58:01,647 - INFO - Prepared product 409170019 with quantity 100.0 for batch creation
2025-11-19 07:58:01,648 - INFO - Move locations - Source: 4, Dest: 116
2025-11-19 07:58:01,648 - INFO - Processing Excel row 30: {'partner_id': 'MOGEN_OB', 'scheduled_date': Timestamp('2025-11-18 00:00:00'), 'picking_type_id': 'OB FIFO', 'date_done': Timestamp('2025-11-18 00:00:00'), 'origin': 'คลังวัถุดิบ2', 'location_dest_id': 'RM02/Stock', 'default_code': 303020015, 'product_uom_qty': 100, 'price_unit': 100, 'sequence': 30, 'scheduled_date_orig': Timestamp('2025-11-18 00:00:00'), 'product_id': 303020015}
2025-11-19 07:58:01,649 - INFO - Using cached product ID for code: '303020015'
2025-11-19 07:58:01,649 - INFO - Prepared product 303020015 with quantity 100.0 for batch creation
2025-11-19 07:58:01,650 - INFO - Move locations - Source: 4, Dest: 116
2025-11-19 07:58:01,651 - INFO - Processing Excel row 31: {'partner_id': 'MOGEN_OB', 'scheduled_date': Timestamp('2025-11-18 00:00:00'), 'picking_type_id': 'OB FIFO', 'date_done': Timestamp('2025-11-18 00:00:00'), 'origin': 'คลังวัถุดิบ2', 'location_dest_id': 'RM02/Stock', 'default_code': 406010066, 'product_uom_qty': 100, 'price_unit': 100, 'sequence': 31, 'scheduled_date_orig': Timestamp('2025-11-18 00:00:00'), 'product_id': 406010066}
2025-11-19 07:58:01,651 - INFO - Using cached product ID for code: '406010066'
2025-11-19 07:58:01,652 - INFO - Prepared product 406010066 with quantity 100.0 for batch creation
2025-11-19 07:58:01,652 - INFO - Move locations - Source: 4, Dest: 116
2025-11-19 07:58:01,653 - INFO - Processing Excel row 32: {'partner_id': 'MOGEN_OB', 'scheduled_date': Timestamp('2025-11-18 00:00:00'), 'picking_type_id': 'OB FIFO', 'date_done': Timestamp('2025-11-18 00:00:00'), 'origin': 'คลังวัถุดิบ2', 'location_dest_id': 'RM02/Stock', 'default_code': 402020002, 'product_uom_qty': 100, 'price_unit': 100, 'sequence': 32, 'scheduled_date_orig': Timestamp('2025-11-18 00:00:00'), 'product_id': 402020002}
2025-11-19 07:58:01,653 - INFO - Using cached product ID for code: '402020002'
2025-11-19 07:58:01,654 - INFO - Prepared product 402020002 with quantity 100.0 for batch creation
2025-11-19 07:58:01,654 - INFO - Move locations - Source: 4, Dest: 116
2025-11-19 07:58:01,655 - INFO - Processing Excel row 33: {'partner_id': 'MOGEN_OB', 'scheduled_date': Timestamp('2025-11-18 00:00:00'), 'picking_type_id': 'OB FIFO', 'date_done': Timestamp('2025-11-18 00:00:00'), 'origin': 'คลังวัถุดิบ2', 'location_dest_id': 'RM02/Stock', 'default_code': 402020003, 'product_uom_qty': 100, 'price_unit': 100, 'sequence': 33, 'scheduled_date_orig': Timestamp('2025-11-18 00:00:00'), 'product_id': 402020003}
2025-11-19 07:58:01,656 - INFO - Using cached product ID for code: '402020003'
2025-11-19 07:58:01,657 - INFO - Prepared product 402020003 with quantity 100.0 for batch creation
2025-11-19 07:58:01,657 - INFO - Move locations - Source: 4, Dest: 116
2025-11-19 07:58:01,658 - INFO - Processing Excel row 34: {'partner_id': 'MOGEN_OB', 'scheduled_date': Timestamp('2025-11-18 00:00:00'), 'picking_type_id': 'OB FIFO', 'date_done': Timestamp('2025-11-18 00:00:00'), 'origin': 'คลังวัถุดิบ2', 'location_dest_id': 'RM02/Stock', 'default_code': 402020001, 'product_uom_qty': 100, 'price_unit': 100, 'sequence': 34, 'scheduled_date_orig': Timestamp('2025-11-18 00:00:00'), 'product_id': 402020001}
2025-11-19 07:58:01,658 - INFO - Using cached product ID for code: '402020001'
2025-11-19 07:58:01,659 - INFO - Prepared product 402020001 with quantity 100.0 for batch creation
2025-11-19 07:58:01,660 - INFO - Move locations - Source: 4, Dest: 116
2025-11-19 07:58:01,660 - INFO - Processing Excel row 35: {'partner_id': 'MOGEN_OB', 'scheduled_date': Timestamp('2025-11-18 00:00:00'), 'picking_type_id': 'OB FIFO', 'date_done': Timestamp('2025-11-18 00:00:00'), 'origin': 'คลังวัถุดิบ2', 'location_dest_id': 'RM02/Stock', 'default_code': 409090004, 'product_uom_qty': 100, 'price_unit': 100, 'sequence': 35, 'scheduled_date_orig': Timestamp('2025-11-18 00:00:00'), 'product_id': 409090004}
2025-11-19 07:58:01,661 - INFO - Using cached product ID for code: '409090004'
2025-11-19 07:58:01,662 - INFO - Prepared product 409090004 with quantity 100.0 for batch creation
2025-11-19 07:58:01,662 - INFO - Move locations - Source: 4, Dest: 116
2025-11-19 07:58:01,663 - INFO - Processing Excel row 36: {'partner_id': 'MOGEN_OB', 'scheduled_date': Timestamp('2025-11-18 00:00:00'), 'picking_type_id': 'OB FIFO', 'date_done': Timestamp('2025-11-18 00:00:00'), 'origin': 'คลังวัถุดิบ2', 'location_dest_id': 'RM02/Stock', 'default_code': 409060002, 'product_uom_qty': 100, 'price_unit': 100, 'sequence': 36, 'scheduled_date_orig': Timestamp('2025-11-18 00:00:00'), 'product_id': 409060002}
2025-11-19 07:58:01,663 - INFO - Using cached product ID for code: '409060002'
2025-11-19 07:58:01,664 - INFO - Prepared product 409060002 with quantity 100.0 for batch creation
2025-11-19 07:58:01,664 - INFO - Move locations - Source: 4, Dest: 116
2025-11-19 07:58:01,665 - INFO - Processing Excel row 37: {'partner_id': 'MOGEN_OB', 'scheduled_date': Timestamp('2025-11-18 00:00:00'), 'picking_type_id': 'OB FIFO', 'date_done': Timestamp('2025-11-18 00:00:00'), 'origin': 'คลังวัถุดิบ2', 'location_dest_id': 'RM02/Stock', 'default_code': 409040001, 'product_uom_qty': 100, 'price_unit': 100, 'sequence': 37, 'scheduled_date_orig': Timestamp('2025-11-18 00:00:00'), 'product_id': 409040001}
2025-11-19 07:58:01,665 - INFO - Using cached product ID for code: '409040001'
2025-11-19 07:58:01,666 - INFO - Prepared product 409040001 with quantity 100.0 for batch creation
2025-11-19 07:58:01,666 - INFO - Move locations - Source: 4, Dest: 116
2025-11-19 07:58:01,667 - INFO - Processing Excel row 38: {'partner_id': 'MOGEN_OB', 'scheduled_date': Timestamp('2025-11-18 00:00:00'), 'picking_type_id': 'OB FIFO', 'date_done': Timestamp('2025-11-18 00:00:00'), 'origin': 'คลังวัถุดิบ2', 'location_dest_id': 'RM02/Stock', 'default_code': 409230007, 'product_uom_qty': 100, 'price_unit': 100, 'sequence': 38, 'scheduled_date_orig': Timestamp('2025-11-18 00:00:00'), 'product_id': 409230007}
2025-11-19 07:58:01,668 - INFO - Using cached product ID for code: '409230007'
2025-11-19 07:58:01,669 - INFO - Prepared product 409230007 with quantity 100.0 for batch creation
2025-11-19 07:58:01,669 - INFO - Move locations - Source: 4, Dest: 116
2025-11-19 07:58:01,670 - INFO - Processing Excel row 39: {'partner_id': 'MOGEN_OB', 'scheduled_date': Timestamp('2025-11-18 00:00:00'), 'picking_type_id': 'OB FIFO', 'date_done': Timestamp('2025-11-18 00:00:00'), 'origin': 'คลังวัถุดิบ2', 'location_dest_id': 'RM02/Stock', 'default_code': 409250068, 'product_uom_qty': 100, 'price_unit': 100, 'sequence': 39, 'scheduled_date_orig': Timestamp('2025-11-18 00:00:00'), 'product_id': 409250068}
2025-11-19 07:58:01,670 - INFO - Using cached product ID for code: '409250068'
2025-11-19 07:58:01,671 - INFO - Prepared product 409250068 with quantity 100.0 for batch creation
2025-11-19 07:58:01,671 - INFO - Move locations - Source: 4, Dest: 116
2025-11-19 07:58:01,672 - INFO - Processing Excel row 40: {'partner_id': 'MOGEN_OB', 'scheduled_date': Timestamp('2025-11-18 00:00:00'), 'picking_type_id': 'OB FIFO', 'date_done': Timestamp('2025-11-18 00:00:00'), 'origin': 'คลังวัถุดิบ2', 'location_dest_id': 'RM02/Stock', 'default_code': 409110001, 'product_uom_qty': 100, 'price_unit': 100, 'sequence': 40, 'scheduled_date_orig': Timestamp('2025-11-18 00:00:00'), 'product_id': 409110001}
2025-11-19 07:58:01,672 - INFO - Using cached product ID for code: '409110001'
2025-11-19 07:58:01,672 - INFO - Prepared product 409110001 with quantity 100.0 for batch creation
2025-11-19 07:58:01,673 - INFO - Move locations - Source: 4, Dest: 116
2025-11-19 07:58:01,673 - INFO - Processing Excel row 41: {'partner_id': 'MOGEN_OB', 'scheduled_date': Timestamp('2025-11-18 00:00:00'), 'picking_type_id': 'OB FIFO', 'date_done': Timestamp('2025-11-18 00:00:00'), 'origin': 'คลังวัถุดิบ2', 'location_dest_id': 'RM02/Stock', 'default_code': 409180005, 'product_uom_qty': 100, 'price_unit': 100, 'sequence': 41, 'scheduled_date_orig': Timestamp('2025-11-18 00:00:00'), 'product_id': 409180005}
2025-11-19 07:58:01,674 - INFO - Using cached product ID for code: '409180005'
2025-11-19 07:58:01,674 - INFO - Prepared product 409180005 with quantity 100.0 for batch creation
2025-11-19 07:58:01,674 - INFO - Move locations - Source: 4, Dest: 116
2025-11-19 07:58:01,677 - INFO - Processing Excel row 42: {'partner_id': 'MOGEN_OB', 'scheduled_date': Timestamp('2025-11-18 00:00:00'), 'picking_type_id': 'OB FIFO', 'date_done': Timestamp('2025-11-18 00:00:00'), 'origin': 'คลังวัถุดิบ2', 'location_dest_id': 'RM02/Stock', 'default_code': 408010002, 'product_uom_qty': 100, 'price_unit': 100, 'sequence': 42, 'scheduled_date_orig': Timestamp('2025-11-18 00:00:00'), 'product_id': 408010002}
2025-11-19 07:58:01,679 - INFO - Using cached product ID for code: '408010002'
2025-11-19 07:58:01,679 - INFO - Prepared product 408010002 with quantity 100.0 for batch creation
2025-11-19 07:58:01,680 - INFO - Move locations - Source: 4, Dest: 116
2025-11-19 07:58:01,680 - INFO - Processing Excel row 43: {'partner_id': 'MOGEN_OB', 'scheduled_date': Timestamp('2025-11-18 00:00:00'), 'picking_type_id': 'OB FIFO', 'date_done': Timestamp('2025-11-18 00:00:00'), 'origin': 'คลังวัถุดิบ2', 'location_dest_id': 'RM02/Stock', 'default_code': 409250031, 'product_uom_qty': 100, 'price_unit': 100, 'sequence': 43, 'scheduled_date_orig': Timestamp('2025-11-18 00:00:00'), 'product_id': 409250031}
2025-11-19 07:58:01,683 - INFO - Using cached product ID for code: '409250031'
2025-11-19 07:58:01,686 - INFO - Prepared product 409250031 with quantity 100.0 for batch creation
2025-11-19 07:58:01,686 - INFO - Move locations - Source: 4, Dest: 116
2025-11-19 07:58:01,687 - INFO - Processing Excel row 44: {'partner_id': 'MOGEN_OB', 'scheduled_date': Timestamp('2025-11-18 00:00:00'), 'picking_type_id': 'OB FIFO', 'date_done': Timestamp('2025-11-18 00:00:00'), 'origin': 'คลังวัถุดิบ2', 'location_dest_id': 'RM02/Stock', 'default_code': 409150003, 'product_uom_qty': 100, 'price_unit': 100, 'sequence': 44, 'scheduled_date_orig': Timestamp('2025-11-18 00:00:00'), 'product_id': 409150003}
2025-11-19 07:58:01,688 - INFO - Using cached product ID for code: '409150003'
2025-11-19 07:58:01,689 - INFO - Prepared product 409150003 with quantity 100.0 for batch creation
2025-11-19 07:58:01,690 - INFO - Move locations - Source: 4, Dest: 116
2025-11-19 07:58:01,691 - INFO - Processing Excel row 45: {'partner_id': 'MOGEN_OB', 'scheduled_date': Timestamp('2025-11-18 00:00:00'), 'picking_type_id': 'OB FIFO', 'date_done': Timestamp('2025-11-18 00:00:00'), 'origin': 'คลังวัถุดิบ2', 'location_dest_id': 'RM02/Stock', 'default_code': 409030003, 'product_uom_qty': 100, 'price_unit': 100, 'sequence': 45, 'scheduled_date_orig': Timestamp('2025-11-18 00:00:00'), 'product_id': 409030003}
2025-11-19 07:58:01,710 - INFO - Using cached product ID for code: '409030003'
2025-11-19 07:58:01,714 - INFO - Prepared product 409030003 with quantity 100.0 for batch creation
2025-11-19 07:58:01,715 - INFO - Move locations - Source: 4, Dest: 116
2025-11-19 07:58:01,715 - INFO - Processing Excel row 46: {'partner_id': 'MOGEN_OB', 'scheduled_date': Timestamp('2025-11-18 00:00:00'), 'picking_type_id': 'OB FIFO', 'date_done': Timestamp('2025-11-18 00:00:00'), 'origin': 'คลังวัถุดิบ2', 'location_dest_id': 'RM02/Stock', 'default_code': 409050001, 'product_uom_qty': 100, 'price_unit': 100, 'sequence': 46, 'scheduled_date_orig': Timestamp('2025-11-18 00:00:00'), 'product_id': 409050001}
2025-11-19 07:58:01,716 - INFO - Using cached product ID for code: '409050001'
2025-11-19 07:58:01,716 - INFO - Prepared product 409050001 with quantity 100.0 for batch creation
2025-11-19 07:58:01,716 - INFO - Move locations - Source: 4, Dest: 116
2025-11-19 07:58:01,717 - INFO - Processing Excel row 47: {'partner_id': 'MOGEN_OB', 'scheduled_date': Timestamp('2025-11-18 00:00:00'), 'picking_type_id': 'OB FIFO', 'date_done': Timestamp('2025-11-18 00:00:00'), 'origin': 'คลังวัถุดิบ2', 'location_dest_id': 'RM02/Stock', 'default_code': 409130001, 'product_uom_qty': 100, 'price_unit': 100, 'sequence': 47, 'scheduled_date_orig': Timestamp('2025-11-18 00:00:00'), 'product_id': 409130001}
2025-11-19 07:58:01,717 - INFO - Using cached product ID for code: '409130001'
2025-11-19 07:58:01,717 - INFO - Prepared product 409130001 with quantity 100.0 for batch creation
2025-11-19 07:58:01,718 - INFO - Move locations - Source: 4, Dest: 116
2025-11-19 07:58:01,718 - INFO - Processing Excel row 48: {'partner_id': 'MOGEN_OB', 'scheduled_date': Timestamp('2025-11-18 00:00:00'), 'picking_type_id': 'OB FIFO', 'date_done': Timestamp('2025-11-18 00:00:00'), 'origin': 'คลังวัถุดิบ2', 'location_dest_id': 'RM02/Stock', 'default_code': 411040003, 'product_uom_qty': 100, 'price_unit': 100, 'sequence': 48, 'scheduled_date_orig': Timestamp('2025-11-18 00:00:00'), 'product_id': 411040003}
2025-11-19 07:58:01,718 - INFO - Using cached product ID for code: '411040003'
2025-11-19 07:58:01,719 - INFO - Prepared product 411040003 with quantity 100.0 for batch creation
2025-11-19 07:58:01,719 - INFO - Move locations - Source: 4, Dest: 116
2025-11-19 07:58:01,720 - INFO - Processing Excel row 49: {'partner_id': 'MOGEN_OB', 'scheduled_date': Timestamp('2025-11-18 00:00:00'), 'picking_type_id': 'OB FIFO', 'date_done': Timestamp('2025-11-18 00:00:00'), 'origin': 'คลังวัถุดิบ2', 'location_dest_id': 'RM02/Stock', 'default_code': 301010006, 'product_uom_qty': 100, 'price_unit': 100, 'sequence': 49, 'scheduled_date_orig': Timestamp('2025-11-18 00:00:00'), 'product_id': 301010006}
2025-11-19 07:58:01,720 - INFO - Using cached product ID for code: '301010006'
2025-11-19 07:58:01,720 - INFO - Prepared product 301010006 with quantity 100.0 for batch creation
2025-11-19 07:58:01,721 - INFO - Move locations - Source: 4, Dest: 116
2025-11-19 07:58:01,721 - INFO - Processing Excel row 50: {'partner_id': 'MOGEN_OB', 'scheduled_date': Timestamp('2025-11-18 00:00:00'), 'picking_type_id': 'OB FIFO', 'date_done': Timestamp('2025-11-18 00:00:00'), 'origin': 'คลังวัถุดิบ2', 'location_dest_id': 'RM02/Stock', 'default_code': 411050005, 'product_uom_qty': 100, 'price_unit': 100, 'sequence': 50, 'scheduled_date_orig': Timestamp('2025-11-18 00:00:00'), 'product_id': 411050005}
2025-11-19 07:58:01,722 - INFO - Using cached product ID for code: '411050005'
2025-11-19 07:58:01,722 - INFO - Prepared product 411050005 with quantity 100.0 for batch creation
2025-11-19 07:58:01,722 - INFO - Move locations - Source: 4, Dest: 116
2025-11-19 07:58:01,723 - INFO - Processing Excel row 51: {'partner_id': 'MOGEN_OB', 'scheduled_date': Timestamp('2025-11-18 00:00:00'), 'picking_type_id': 'OB FIFO', 'date_done': Timestamp('2025-11-18 00:00:00'), 'origin': 'คลังวัถุดิบ2', 'location_dest_id': 'RM02/Stock', 'default_code': 410060007, 'product_uom_qty': 100, 'price_unit': 100, 'sequence': 51, 'scheduled_date_orig': Timestamp('2025-11-18 00:00:00'), 'product_id': 410060007}
2025-11-19 07:58:01,723 - INFO - Using cached product ID for code: '410060007'
2025-11-19 07:58:01,725 - INFO - Prepared product 410060007 with quantity 100.0 for batch creation
2025-11-19 07:58:01,728 - INFO - Move locations - Source: 4, Dest: 116
2025-11-19 07:58:01,729 - INFO - Processing Excel row 52: {'partner_id': 'MOGEN_OB', 'scheduled_date': Timestamp('2025-11-18 00:00:00'), 'picking_type_id': 'OB FIFO', 'date_done': Timestamp('2025-11-18 00:00:00'), 'origin': 'คลังวัถุดิบ2', 'location_dest_id': 'RM02/Stock', 'default_code': 411050004, 'product_uom_qty': 100, 'price_unit': 100, 'sequence': 52, 'scheduled_date_orig': Timestamp('2025-11-18 00:00:00'), 'product_id': 411050004}
2025-11-19 07:58:01,730 - INFO - Using cached product ID for code: '411050004'
2025-11-19 07:58:01,731 - INFO - Prepared product 411050004 with quantity 100.0 for batch creation
2025-11-19 07:58:01,731 - INFO - Move locations - Source: 4, Dest: 116
2025-11-19 07:58:01,733 - INFO - Processing Excel row 53: {'partner_id': 'MOGEN_OB', 'scheduled_date': Timestamp('2025-11-18 00:00:00'), 'picking_type_id': 'OB FIFO', 'date_done': Timestamp('2025-11-18 00:00:00'), 'origin': 'คลังวัถุดิบ2', 'location_dest_id': 'RM02/Stock', 'default_code': 411040004, 'product_uom_qty': 100, 'price_unit': 100, 'sequence': 53, 'scheduled_date_orig': Timestamp('2025-11-18 00:00:00'), 'product_id': 411040004}
2025-11-19 07:58:01,734 - INFO - Using cached product ID for code: '411040004'
2025-11-19 07:58:01,734 - INFO - Prepared product 411040004 with quantity 100.0 for batch creation
2025-11-19 07:58:01,734 - INFO - Move locations - Source: 4, Dest: 116
2025-11-19 07:58:01,735 - INFO - Processing Excel row 54: {'partner_id': 'MOGEN_OB', 'scheduled_date': Timestamp('2025-11-18 00:00:00'), 'picking_type_id': 'OB FIFO', 'date_done': Timestamp('2025-11-18 00:00:00'), 'origin': 'คลังวัถุดิบ2', 'location_dest_id': 'RM02/Stock', 'default_code': 410060004, 'product_uom_qty': 100, 'price_unit': 100, 'sequence': 54, 'scheduled_date_orig': Timestamp('2025-11-18 00:00:00'), 'product_id': 410060004}
2025-11-19 07:58:01,735 - INFO - Using cached product ID for code: '410060004'
2025-11-19 07:58:01,736 - INFO - Prepared product 410060004 with quantity 100.0 for batch creation
2025-11-19 07:58:01,736 - INFO - Move locations - Source: 4, Dest: 116
2025-11-19 07:58:01,736 - INFO - Processing Excel row 55: {'partner_id': 'MOGEN_OB', 'scheduled_date': Timestamp('2025-11-18 00:00:00'), 'picking_type_id': 'OB FIFO', 'date_done': Timestamp('2025-11-18 00:00:00'), 'origin': 'คลังวัถุดิบ2', 'location_dest_id': 'RM02/Stock', 'default_code': 409250051, 'product_uom_qty': 100, 'price_unit': 100, 'sequence': 55, 'scheduled_date_orig': Timestamp('2025-11-18 00:00:00'), 'product_id': 409250051}
2025-11-19 07:58:01,737 - INFO - Using cached product ID for code: '409250051'
2025-11-19 07:58:01,737 - INFO - Prepared product 409250051 with quantity 100.0 for batch creation
2025-11-19 07:58:01,737 - INFO - Move locations - Source: 4, Dest: 116
2025-11-19 07:58:01,738 - INFO - Processing Excel row 56: {'partner_id': 'MOGEN_OB', 'scheduled_date': Timestamp('2025-11-18 00:00:00'), 'picking_type_id': 'OB FIFO', 'date_done': Timestamp('2025-11-18 00:00:00'), 'origin': 'คลังวัถุดิบ2', 'location_dest_id': 'RM02/Stock', 'default_code': 409250055, 'product_uom_qty': 100, 'price_unit': 100, 'sequence': 56, 'scheduled_date_orig': Timestamp('2025-11-18 00:00:00'), 'product_id': 409250055}
2025-11-19 07:58:01,738 - INFO - Using cached product ID for code: '409250055'
2025-11-19 07:58:01,739 - INFO - Prepared product 409250055 with quantity 100.0 for batch creation
2025-11-19 07:58:01,739 - INFO - Move locations - Source: 4, Dest: 116
2025-11-19 07:58:01,740 - INFO - Processing Excel row 57: {'partner_id': 'MOGEN_OB', 'scheduled_date': Timestamp('2025-11-18 00:00:00'), 'picking_type_id': 'OB FIFO', 'date_done': Timestamp('2025-11-18 00:00:00'), 'origin': 'คลังวัถุดิบ2', 'location_dest_id': 'RM02/Stock', 'default_code': 409250050, 'product_uom_qty': 100, 'price_unit': 100, 'sequence': 57, 'scheduled_date_orig': Timestamp('2025-11-18 00:00:00'), 'product_id': 409250050}
2025-11-19 07:58:01,740 - INFO - Using cached product ID for code: '409250050'
2025-11-19 07:58:01,740 - INFO - Prepared product 409250050 with quantity 100.0 for batch creation
2025-11-19 07:58:01,741 - INFO - Move locations - Source: 4, Dest: 116
2025-11-19 07:58:01,741 - INFO - Processing Excel row 58: {'partner_id': 'MOGEN_OB', 'scheduled_date': Timestamp('2025-11-18 00:00:00'), 'picking_type_id': 'OB FIFO', 'date_done': Timestamp('2025-11-18 00:00:00'), 'origin': 'คลังวัถุดิบ2', 'location_dest_id': 'RM02/Stock', 'default_code': 409170019, 'product_uom_qty': 100, 'price_unit': 100, 'sequence': 58, 'scheduled_date_orig': Timestamp('2025-11-18 00:00:00'), 'product_id': 409170019}
2025-11-19 07:58:01,742 - INFO - Using cached product ID for code: '409170019'
2025-11-19 07:58:01,742 - INFO - Prepared product 409170019 with quantity 100.0 for batch creation
2025-11-19 07:58:01,742 - INFO - Move locations - Source: 4, Dest: 116
2025-11-19 07:58:01,743 - INFO - Processing Excel row 59: {'partner_id': 'MOGEN_OB', 'scheduled_date': Timestamp('2025-11-18 00:00:00'), 'picking_type_id': 'OB FIFO', 'date_done': Timestamp('2025-11-18 00:00:00'), 'origin': 'คลังวัถุดิบ2', 'location_dest_id': 'RM02/Stock', 'default_code': 409250054, 'product_uom_qty': 100, 'price_unit': 100, 'sequence': 59, 'scheduled_date_orig': Timestamp('2025-11-18 00:00:00'), 'product_id': 409250054}
2025-11-19 07:58:01,743 - INFO - Searching for product with code: '409250054' and old code: '409250054'
2025-11-19 07:58:01,819 - INFO - Found product with exact match on default_code: '409250054'
2025-11-19 07:58:01,898 - INFO - Prepared product 409250054 with quantity 100.0 for batch creation
2025-11-19 07:58:01,899 - INFO - Move locations - Source: 4, Dest: 116
2025-11-19 07:58:01,900 - INFO - Processing Excel row 60: {'partner_id': 'MOGEN_OB', 'scheduled_date': Timestamp('2025-11-18 00:00:00'), 'picking_type_id': 'OB FIFO', 'date_done': Timestamp('2025-11-18 00:00:00'), 'origin': 'คลังวัถุดิบ2', 'location_dest_id': 'RM02/Stock', 'default_code': 304010030, 'product_uom_qty': 100, 'price_unit': 100, 'sequence': 60, 'scheduled_date_orig': Timestamp('2025-11-18 00:00:00'), 'product_id': 304010030}
2025-11-19 07:58:01,902 - INFO - Searching for product with code: '304010030' and old code: '304010030'
2025-11-19 07:58:01,990 - INFO - Found product with exact match on default_code: '304010030'
2025-11-19 07:58:02,081 - INFO - Prepared product 304010030 with quantity 100.0 for batch creation
2025-11-19 07:58:02,082 - INFO - Move locations - Source: 4, Dest: 116
2025-11-19 07:58:02,084 - INFO - Processing Excel row 61: {'partner_id': 'MOGEN_OB', 'scheduled_date': Timestamp('2025-11-18 00:00:00'), 'picking_type_id': 'OB FIFO', 'date_done': Timestamp('2025-11-18 00:00:00'), 'origin': 'คลังวัถุดิบ2', 'location_dest_id': 'RM02/Stock', 'default_code': 406010104, 'product_uom_qty': 100, 'price_unit': 100, 'sequence': 61, 'scheduled_date_orig': Timestamp('2025-11-18 00:00:00'), 'product_id': 406010104}
2025-11-19 07:58:02,085 - INFO - Searching for product with code: '406010104' and old code: '406010104'
2025-11-19 07:58:02,159 - INFO - Found product with exact match on default_code: '406010104'
2025-11-19 07:58:02,237 - INFO - Prepared product 406010104 with quantity 100.0 for batch creation
2025-11-19 07:58:02,238 - INFO - Move locations - Source: 4, Dest: 116
2025-11-19 07:58:02,239 - INFO - Processing Excel row 62: {'partner_id': 'MOGEN_OB', 'scheduled_date': Timestamp('2025-11-18 00:00:00'), 'picking_type_id': 'OB FIFO', 'date_done': Timestamp('2025-11-18 00:00:00'), 'origin': 'คลังวัถุดิบ2', 'location_dest_id': 'RM02/Stock', 'default_code': 406010107, 'product_uom_qty': 100, 'price_unit': 100, 'sequence': 62, 'scheduled_date_orig': Timestamp('2025-11-18 00:00:00'), 'product_id': 406010107}
2025-11-19 07:58:02,240 - INFO - Searching for product with code: '406010107' and old code: '406010107'
2025-11-19 07:58:02,351 - INFO - Found product with exact match on default_code: '406010107'
2025-11-19 07:58:02,425 - INFO - Prepared product 406010107 with quantity 100.0 for batch creation
2025-11-19 07:58:02,426 - INFO - Move locations - Source: 4, Dest: 116
2025-11-19 07:58:02,428 - INFO - Processing Excel row 63: {'partner_id': 'MOGEN_OB', 'scheduled_date': Timestamp('2025-11-18 00:00:00'), 'picking_type_id': 'OB FIFO', 'date_done': Timestamp('2025-11-18 00:00:00'), 'origin': 'คลังวัถุดิบ2', 'location_dest_id': 'RM02/Stock', 'default_code': 413010293, 'product_uom_qty': 100, 'price_unit': 100, 'sequence': 63, 'scheduled_date_orig': Timestamp('2025-11-18 00:00:00'), 'product_id': 413010293}
2025-11-19 07:58:02,429 - INFO - Searching for product with code: '413010293' and old code: '413010293'
2025-11-19 07:58:02,498 - INFO - Found product with exact match on default_code: '413010293'
2025-11-19 07:58:02,581 - INFO - Prepared product 413010293 with quantity 100.0 for batch creation
2025-11-19 07:58:02,582 - INFO - Move locations - Source: 4, Dest: 116
2025-11-19 07:58:02,583 - INFO - Processing Excel row 64: {'partner_id': 'MOGEN_OB', 'scheduled_date': Timestamp('2025-11-18 00:00:00'), 'picking_type_id': 'OB FIFO', 'date_done': Timestamp('2025-11-18 00:00:00'), 'origin': 'คลังวัถุดิบ2', 'location_dest_id': 'RM02/Stock', 'default_code': 409040001, 'product_uom_qty': 100, 'price_unit': 100, 'sequence': 64, 'scheduled_date_orig': Timestamp('2025-11-18 00:00:00'), 'product_id': 409040001}
2025-11-19 07:58:02,583 - INFO - Using cached product ID for code: '409040001'
2025-11-19 07:58:02,584 - INFO - Prepared product 409040001 with quantity 100.0 for batch creation
2025-11-19 07:58:02,584 - INFO - Move locations - Source: 4, Dest: 116
2025-11-19 07:58:02,585 - INFO - Processing Excel row 65: {'partner_id': 'MOGEN_OB', 'scheduled_date': Timestamp('2025-11-18 00:00:00'), 'picking_type_id': 'OB FIFO', 'date_done': Timestamp('2025-11-18 00:00:00'), 'origin': 'คลังวัถุดิบ2', 'location_dest_id': 'RM02/Stock', 'default_code': 409150003, 'product_uom_qty': 100, 'price_unit': 100, 'sequence': 65, 'scheduled_date_orig': Timestamp('2025-11-18 00:00:00'), 'product_id': 409150003}
2025-11-19 07:58:02,586 - INFO - Using cached product ID for code: '409150003'
2025-11-19 07:58:02,586 - INFO - Prepared product 409150003 with quantity 100.0 for batch creation
2025-11-19 07:58:02,587 - INFO - Move locations - Source: 4, Dest: 116
2025-11-19 07:58:02,588 - INFO - Processing Excel row 66: {'partner_id': 'MOGEN_OB', 'scheduled_date': Timestamp('2025-11-18 00:00:00'), 'picking_type_id': 'OB FIFO', 'date_done': Timestamp('2025-11-18 00:00:00'), 'origin': 'คลังวัถุดิบ2', 'location_dest_id': 'RM02/Stock', 'default_code': 409030003, 'product_uom_qty': 100, 'price_unit': 100, 'sequence': 66, 'scheduled_date_orig': Timestamp('2025-11-18 00:00:00'), 'product_id': 409030003}
2025-11-19 07:58:02,588 - INFO - Using cached product ID for code: '409030003'
2025-11-19 07:58:02,589 - INFO - Prepared product 409030003 with quantity 100.0 for batch creation
2025-11-19 07:58:02,589 - INFO - Move locations - Source: 4, Dest: 116
2025-11-19 07:58:02,590 - INFO - Processing Excel row 67: {'partner_id': 'MOGEN_OB', 'scheduled_date': Timestamp('2025-11-18 00:00:00'), 'picking_type_id': 'OB FIFO', 'date_done': Timestamp('2025-11-18 00:00:00'), 'origin': 'คลังวัถุดิบ2', 'location_dest_id': 'RM02/Stock', 'default_code': 409050001, 'product_uom_qty': 100, 'price_unit': 100, 'sequence': 67, 'scheduled_date_orig': Timestamp('2025-11-18 00:00:00'), 'product_id': 409050001}
2025-11-19 07:58:02,591 - INFO - Using cached product ID for code: '409050001'
2025-11-19 07:58:02,592 - INFO - Prepared product 409050001 with quantity 100.0 for batch creation
2025-11-19 07:58:02,592 - INFO - Move locations - Source: 4, Dest: 116
2025-11-19 07:58:02,594 - INFO - Processing Excel row 68: {'partner_id': 'MOGEN_OB', 'scheduled_date': Timestamp('2025-11-18 00:00:00'), 'picking_type_id': 'OB FIFO', 'date_done': Timestamp('2025-11-18 00:00:00'), 'origin': 'คลังวัถุดิบ2', 'location_dest_id': 'RM02/Stock', 'default_code': 409180009, 'product_uom_qty': 100, 'price_unit': 100, 'sequence': 68, 'scheduled_date_orig': Timestamp('2025-11-18 00:00:00'), 'product_id': 409180009}
2025-11-19 07:58:02,594 - INFO - Searching for product with code: '409180009' and old code: '409180009'
2025-11-19 07:58:02,675 - INFO - Found product with exact match on default_code: '409180009'
2025-11-19 07:58:02,747 - INFO - Prepared product 409180009 with quantity 100.0 for batch creation
2025-11-19 07:58:02,748 - INFO - Move locations - Source: 4, Dest: 116
2025-11-19 07:58:02,748 - INFO - Processing Excel row 69: {'partner_id': 'MOGEN_OB', 'scheduled_date': Timestamp('2025-11-18 00:00:00'), 'picking_type_id': 'OB FIFO', 'date_done': Timestamp('2025-11-18 00:00:00'), 'origin': 'คลังวัถุดิบ2', 'location_dest_id': 'RM02/Stock', 'default_code': 409110001, 'product_uom_qty': 100, 'price_unit': 100, 'sequence': 69, 'scheduled_date_orig': Timestamp('2025-11-18 00:00:00'), 'product_id': 409110001}
2025-11-19 07:58:02,749 - INFO - Using cached product ID for code: '409110001'
2025-11-19 07:58:02,750 - INFO - Prepared product 409110001 with quantity 100.0 for batch creation
2025-11-19 07:58:02,750 - INFO - Move locations - Source: 4, Dest: 116
2025-11-19 07:58:02,751 - INFO - Processing Excel row 70: {'partner_id': 'MOGEN_OB', 'scheduled_date': Timestamp('2025-11-18 00:00:00'), 'picking_type_id': 'OB FIFO', 'date_done': Timestamp('2025-11-18 00:00:00'), 'origin': 'คลังวัถุดิบ2', 'location_dest_id': 'RM02/Stock', 'default_code': 409090004, 'product_uom_qty': 100, 'price_unit': 100, 'sequence': 70, 'scheduled_date_orig': Timestamp('2025-11-18 00:00:00'), 'product_id': 409090004}
2025-11-19 07:58:02,751 - INFO - Using cached product ID for code: '409090004'
2025-11-19 07:58:02,752 - INFO - Prepared product 409090004 with quantity 100.0 for batch creation
2025-11-19 07:58:02,752 - INFO - Move locations - Source: 4, Dest: 116
2025-11-19 07:58:02,753 - INFO - Processing Excel row 71: {'partner_id': 'MOGEN_OB', 'scheduled_date': Timestamp('2025-11-18 00:00:00'), 'picking_type_id': 'OB FIFO', 'date_done': Timestamp('2025-11-18 00:00:00'), 'origin': 'คลังวัถุดิบ2', 'location_dest_id': 'RM02/Stock', 'default_code': 409190001, 'product_uom_qty': 100, 'price_unit': 100, 'sequence': 71, 'scheduled_date_orig': Timestamp('2025-11-18 00:00:00'), 'product_id': 409190001}
2025-11-19 07:58:02,753 - INFO - Searching for product with code: '409190001' and old code: '409190001'
2025-11-19 07:58:02,809 - INFO - Found product with exact match on default_code: '409190001'
2025-11-19 07:58:02,881 - INFO - Prepared product 409190001 with quantity 100.0 for batch creation
2025-11-19 07:58:02,881 - INFO - Move locations - Source: 4, Dest: 116
2025-11-19 07:58:02,881 - INFO - Processing Excel row 72: {'partner_id': 'MOGEN_OB', 'scheduled_date': Timestamp('2025-11-18 00:00:00'), 'picking_type_id': 'OB FIFO', 'date_done': Timestamp('2025-11-18 00:00:00'), 'origin': 'คลังวัถุดิบ2', 'location_dest_id': 'RM02/Stock', 'default_code': 'SP0029810001', 'product_uom_qty': 100, 'price_unit': 100, 'sequence': 72, 'scheduled_date_orig': Timestamp('2025-11-18 00:00:00'), 'product_id': 'SP0029810001'}
2025-11-19 07:58:02,882 - INFO - Searching for product with code: 'SP0029810001' and old code: 'SP0029810001'
2025-11-19 07:58:02,950 - INFO - Found product with exact match on default_code: 'SP0029810001'
2025-11-19 07:58:03,012 - INFO - Prepared product SP0029810001 with quantity 100.0 for batch creation
2025-11-19 07:58:03,012 - INFO - Move locations - Source: 4, Dest: 116
2025-11-19 07:58:03,013 - INFO - Processing Excel row 73: {'partner_id': 'MOGEN_OB', 'scheduled_date': Timestamp('2025-11-18 00:00:00'), 'picking_type_id': 'OB FIFO', 'date_done': Timestamp('2025-11-18 00:00:00'), 'origin': 'คลังวัถุดิบ2', 'location_dest_id': 'RM02/Stock', 'default_code': 409230007, 'product_uom_qty': 100, 'price_unit': 100, 'sequence': 73, 'scheduled_date_orig': Timestamp('2025-11-18 00:00:00'), 'product_id': 409230007}
2025-11-19 07:58:03,013 - INFO - Using cached product ID for code: '409230007'
2025-11-19 07:58:03,013 - INFO - Prepared product 409230007 with quantity 100.0 for batch creation
2025-11-19 07:58:03,014 - INFO - Move locations - Source: 4, Dest: 116
2025-11-19 07:58:03,014 - INFO - Processing Excel row 74: {'partner_id': 'MOGEN_OB', 'scheduled_date': Timestamp('2025-11-18 00:00:00'), 'picking_type_id': 'OB FIFO', 'date_done': Timestamp('2025-11-18 00:00:00'), 'origin': 'คลังวัถุดิบ2', 'location_dest_id': 'RM02/Stock', 'default_code': 409060002, 'product_uom_qty': 100, 'price_unit': 100, 'sequence': 74, 'scheduled_date_orig': Timestamp('2025-11-18 00:00:00'), 'product_id': 409060002}
2025-11-19 07:58:03,015 - INFO - Using cached product ID for code: '409060002'
2025-11-19 07:58:03,015 - INFO - Prepared product 409060002 with quantity 100.0 for batch creation
2025-11-19 07:58:03,015 - INFO - Move locations - Source: 4, Dest: 116
2025-11-19 07:58:03,016 - INFO - Processing Excel row 75: {'partner_id': 'MOGEN_OB', 'scheduled_date': Timestamp('2025-11-18 00:00:00'), 'picking_type_id': 'OB FIFO', 'date_done': Timestamp('2025-11-18 00:00:00'), 'origin': 'คลังวัถุดิบ2', 'location_dest_id': 'RM02/Stock', 'default_code': 409170019, 'product_uom_qty': 100, 'price_unit': 100, 'sequence': 75, 'scheduled_date_orig': Timestamp('2025-11-18 00:00:00'), 'product_id': 409170019}
2025-11-19 07:58:03,016 - INFO - Using cached product ID for code: '409170019'
2025-11-19 07:58:03,016 - INFO - Prepared product 409170019 with quantity 100.0 for batch creation
2025-11-19 07:58:03,017 - INFO - Move locations - Source: 4, Dest: 116
2025-11-19 07:58:03,017 - INFO - Processing Excel row 76: {'partner_id': 'MOGEN_OB', 'scheduled_date': Timestamp('2025-11-18 00:00:00'), 'picking_type_id': 'OB FIFO', 'date_done': Timestamp('2025-11-18 00:00:00'), 'origin': 'คลังวัถุดิบ2', 'location_dest_id': 'RM02/Stock', 'default_code': 409090004, 'product_uom_qty': 100, 'price_unit': 100, 'sequence': 76, 'scheduled_date_orig': Timestamp('2025-11-18 00:00:00'), 'product_id': 409090004}
2025-11-19 07:58:03,017 - INFO - Using cached product ID for code: '409090004'
2025-11-19 07:58:03,018 - INFO - Prepared product 409090004 with quantity 100.0 for batch creation
2025-11-19 07:58:03,018 - INFO - Move locations - Source: 4, Dest: 116
2025-11-19 07:58:03,019 - INFO - Processing Excel row 77: {'partner_id': 'MOGEN_OB', 'scheduled_date': Timestamp('2025-11-18 00:00:00'), 'picking_type_id': 'OB FIFO', 'date_done': Timestamp('2025-11-18 00:00:00'), 'origin': 'คลังวัถุดิบ2', 'location_dest_id': 'RM02/Stock', 'default_code': 409190001, 'product_uom_qty': 100, 'price_unit': 100, 'sequence': 77, 'scheduled_date_orig': Timestamp('2025-11-18 00:00:00'), 'product_id': 409190001}
2025-11-19 07:58:03,019 - INFO - Using cached product ID for code: '409190001'
2025-11-19 07:58:03,019 - INFO - Prepared product 409190001 with quantity 100.0 for batch creation
2025-11-19 07:58:03,019 - INFO - Move locations - Source: 4, Dest: 116
2025-11-19 07:58:03,020 - INFO - Processing Excel row 78: {'partner_id': 'MOGEN_OB', 'scheduled_date': Timestamp('2025-11-18 00:00:00'), 'picking_type_id': 'OB FIFO', 'date_done': Timestamp('2025-11-18 00:00:00'), 'origin': 'คลังวัถุดิบ2', 'location_dest_id': 'RM02/Stock', 'default_code': 'SP0029810001', 'product_uom_qty': 100, 'price_unit': 100, 'sequence': 78, 'scheduled_date_orig': Timestamp('2025-11-18 00:00:00'), 'product_id': 'SP0029810001'}
2025-11-19 07:58:03,020 - INFO - Using cached product ID for code: 'SP0029810001'
2025-11-19 07:58:03,021 - INFO - Prepared product SP0029810001 with quantity 100.0 for batch creation
2025-11-19 07:58:03,021 - INFO - Move locations - Source: 4, Dest: 116
2025-11-19 07:58:03,021 - INFO - Processing Excel row 79: {'partner_id': 'MOGEN_OB', 'scheduled_date': Timestamp('2025-11-18 00:00:00'), 'picking_type_id': 'OB FIFO', 'date_done': Timestamp('2025-11-18 00:00:00'), 'origin': 'คลังวัถุดิบ2', 'location_dest_id': 'RM02/Stock', 'default_code': 409230007, 'product_uom_qty': 100, 'price_unit': 100, 'sequence': 79, 'scheduled_date_orig': Timestamp('2025-11-18 00:00:00'), 'product_id': 409230007}
2025-11-19 07:58:03,022 - INFO - Using cached product ID for code: '409230007'
2025-11-19 07:58:03,022 - INFO - Prepared product 409230007 with quantity 100.0 for batch creation
2025-11-19 07:58:03,022 - INFO - Move locations - Source: 4, Dest: 116
2025-11-19 07:58:03,023 - INFO - Processing Excel row 80: {'partner_id': 'MOGEN_OB', 'scheduled_date': Timestamp('2025-11-18 00:00:00'), 'picking_type_id': 'OB FIFO', 'date_done': Timestamp('2025-11-18 00:00:00'), 'origin': 'คลังวัถุดิบ2', 'location_dest_id': 'RM02/Stock', 'default_code': 409060002, 'product_uom_qty': 100, 'price_unit': 100, 'sequence': 80, 'scheduled_date_orig': Timestamp('2025-11-18 00:00:00'), 'product_id': 409060002}
2025-11-19 07:58:03,023 - INFO - Using cached product ID for code: '409060002'
2025-11-19 07:58:03,023 - INFO - Prepared product 409060002 with quantity 100.0 for batch creation
2025-11-19 07:58:03,024 - INFO - Move locations - Source: 4, Dest: 116
2025-11-19 07:58:03,024 - INFO - Processing Excel row 81: {'partner_id': 'MOGEN_OB', 'scheduled_date': Timestamp('2025-11-18 00:00:00'), 'picking_type_id': 'OB FIFO', 'date_done': Timestamp('2025-11-18 00:00:00'), 'origin': 'คลังวัถุดิบ2', 'location_dest_id': 'RM02/Stock', 'default_code': 409170019, 'product_uom_qty': 100, 'price_unit': 100, 'sequence': 81, 'scheduled_date_orig': Timestamp('2025-11-18 00:00:00'), 'product_id': 409170019}
2025-11-19 07:58:03,024 - INFO - Using cached product ID for code: '409170019'
2025-11-19 07:58:03,025 - INFO - Prepared product 409170019 with quantity 100.0 for batch creation
2025-11-19 07:58:03,025 - INFO - Move locations - Source: 4, Dest: 116
2025-11-19 07:58:03,026 - INFO - Processing Excel row 82: {'partner_id': 'MOGEN_OB', 'scheduled_date': Timestamp('2025-11-18 00:00:00'), 'picking_type_id': 'OB FIFO', 'date_done': Timestamp('2025-11-18 00:00:00'), 'origin': 'คลังวัถุดิบ2', 'location_dest_id': 'RM02/Stock', 'default_code': 409250054, 'product_uom_qty': 100, 'price_unit': 100, 'sequence': 82, 'scheduled_date_orig': Timestamp('2025-11-18 00:00:00'), 'product_id': 409250054}
2025-11-19 07:58:03,026 - INFO - Using cached product ID for code: '409250054'
2025-11-19 07:58:03,026 - INFO - Prepared product 409250054 with quantity 100.0 for batch creation
2025-11-19 07:58:03,027 - INFO - Move locations - Source: 4, Dest: 116
2025-11-19 07:58:03,027 - INFO - Processing Excel row 83: {'partner_id': 'MOGEN_OB', 'scheduled_date': Timestamp('2025-11-18 00:00:00'), 'picking_type_id': 'OB FIFO', 'date_done': Timestamp('2025-11-18 00:00:00'), 'origin': 'คลังวัถุดิบ2', 'location_dest_id': 'RM02/Stock', 'default_code': 304010030, 'product_uom_qty': 100, 'price_unit': 100, 'sequence': 83, 'scheduled_date_orig': Timestamp('2025-11-18 00:00:00'), 'product_id': 304010030}
2025-11-19 07:58:03,027 - INFO - Using cached product ID for code: '304010030'
2025-11-19 07:58:03,028 - INFO - Prepared product 304010030 with quantity 100.0 for batch creation
2025-11-19 07:58:03,028 - INFO - Move locations - Source: 4, Dest: 116
2025-11-19 07:58:03,029 - INFO - Processing Excel row 84: {'partner_id': 'MOGEN_OB', 'scheduled_date': Timestamp('2025-11-18 00:00:00'), 'picking_type_id': 'OB FIFO', 'date_done': Timestamp('2025-11-18 00:00:00'), 'origin': 'คลังวัถุดิบ2', 'location_dest_id': 'RM02/Stock', 'default_code': 406010104, 'product_uom_qty': 100, 'price_unit': 100, 'sequence': 84, 'scheduled_date_orig': Timestamp('2025-11-18 00:00:00'), 'product_id': 406010104}
2025-11-19 07:58:03,029 - INFO - Using cached product ID for code: '406010104'
2025-11-19 07:58:03,029 - INFO - Prepared product 406010104 with quantity 100.0 for batch creation
2025-11-19 07:58:03,030 - INFO - Move locations - Source: 4, Dest: 116
2025-11-19 07:58:03,030 - INFO - Processing Excel row 85: {'partner_id': 'MOGEN_OB', 'scheduled_date': Timestamp('2025-11-18 00:00:00'), 'picking_type_id': 'OB FIFO', 'date_done': Timestamp('2025-11-18 00:00:00'), 'origin': 'คลังวัถุดิบ2', 'location_dest_id': 'RM02/Stock', 'default_code': 406010107, 'product_uom_qty': 100, 'price_unit': 100, 'sequence': 85, 'scheduled_date_orig': Timestamp('2025-11-18 00:00:00'), 'product_id': 406010107}
2025-11-19 07:58:03,030 - INFO - Using cached product ID for code: '406010107'
2025-11-19 07:58:03,031 - INFO - Prepared product 406010107 with quantity 100.0 for batch creation
2025-11-19 07:58:03,031 - INFO - Move locations - Source: 4, Dest: 116
2025-11-19 07:58:03,031 - INFO - Processing Excel row 86: {'partner_id': 'MOGEN_OB', 'scheduled_date': Timestamp('2025-11-18 00:00:00'), 'picking_type_id': 'OB FIFO', 'date_done': Timestamp('2025-11-18 00:00:00'), 'origin': 'คลังวัถุดิบ2', 'location_dest_id': 'RM02/Stock', 'default_code': 413010293, 'product_uom_qty': 100, 'price_unit': 100, 'sequence': 86, 'scheduled_date_orig': Timestamp('2025-11-18 00:00:00'), 'product_id': 413010293}
2025-11-19 07:58:03,032 - INFO - Using cached product ID for code: '413010293'
2025-11-19 07:58:03,032 - INFO - Prepared product 413010293 with quantity 100.0 for batch creation
2025-11-19 07:58:03,032 - INFO - Move locations - Source: 4, Dest: 116
2025-11-19 07:58:03,033 - INFO - Processing Excel row 87: {'partner_id': 'MOGEN_OB', 'scheduled_date': Timestamp('2025-11-18 00:00:00'), 'picking_type_id': 'OB FIFO', 'date_done': Timestamp('2025-11-18 00:00:00'), 'origin': 'คลังวัถุดิบ2', 'location_dest_id': 'RM02/Stock', 'default_code': 409040001, 'product_uom_qty': 100, 'price_unit': 100, 'sequence': 87, 'scheduled_date_orig': Timestamp('2025-11-18 00:00:00'), 'product_id': 409040001}
2025-11-19 07:58:03,033 - INFO - Using cached product ID for code: '409040001'
2025-11-19 07:58:03,034 - INFO - Prepared product 409040001 with quantity 100.0 for batch creation
2025-11-19 07:58:03,034 - INFO - Move locations - Source: 4, Dest: 116
2025-11-19 07:58:03,036 - INFO - Processing Excel row 88: {'partner_id': 'MOGEN_OB', 'scheduled_date': Timestamp('2025-11-18 00:00:00'), 'picking_type_id': 'OB FIFO', 'date_done': Timestamp('2025-11-18 00:00:00'), 'origin': 'คลังวัถุดิบ2', 'location_dest_id': 'RM02/Stock', 'default_code': 409150003, 'product_uom_qty': 100, 'price_unit': 100, 'sequence': 88, 'scheduled_date_orig': Timestamp('2025-11-18 00:00:00'), 'product_id': 409150003}
2025-11-19 07:58:03,036 - INFO - Using cached product ID for code: '409150003'
2025-11-19 07:58:03,037 - INFO - Prepared product 409150003 with quantity 100.0 for batch creation
2025-11-19 07:58:03,037 - INFO - Move locations - Source: 4, Dest: 116
2025-11-19 07:58:03,037 - INFO - Processing Excel row 89: {'partner_id': 'MOGEN_OB', 'scheduled_date': Timestamp('2025-11-18 00:00:00'), 'picking_type_id': 'OB FIFO', 'date_done': Timestamp('2025-11-18 00:00:00'), 'origin': 'คลังวัถุดิบ2', 'location_dest_id': 'RM02/Stock', 'default_code': 409030003, 'product_uom_qty': 100, 'price_unit': 100, 'sequence': 89, 'scheduled_date_orig': Timestamp('2025-11-18 00:00:00'), 'product_id': 409030003}
2025-11-19 07:58:03,038 - INFO - Using cached product ID for code: '409030003'
2025-11-19 07:58:03,038 - INFO - Prepared product 409030003 with quantity 100.0 for batch creation
2025-11-19 07:58:03,038 - INFO - Move locations - Source: 4, Dest: 116
2025-11-19 07:58:03,039 - INFO - Processing Excel row 90: {'partner_id': 'MOGEN_OB', 'scheduled_date': Timestamp('2025-11-18 00:00:00'), 'picking_type_id': 'OB FIFO', 'date_done': Timestamp('2025-11-18 00:00:00'), 'origin': 'คลังวัถุดิบ2', 'location_dest_id': 'RM02/Stock', 'default_code': 409050001, 'product_uom_qty': 100, 'price_unit': 100, 'sequence': 90, 'scheduled_date_orig': Timestamp('2025-11-18 00:00:00'), 'product_id': 409050001}
2025-11-19 07:58:03,039 - INFO - Using cached product ID for code: '409050001'
2025-11-19 07:58:03,040 - INFO - Prepared product 409050001 with quantity 100.0 for batch creation
2025-11-19 07:58:03,040 - INFO - Move locations - Source: 4, Dest: 116
2025-11-19 07:58:03,040 - INFO - Processing Excel row 91: {'partner_id': 'MOGEN_OB', 'scheduled_date': Timestamp('2025-11-18 00:00:00'), 'picking_type_id': 'OB FIFO', 'date_done': Timestamp('2025-11-18 00:00:00'), 'origin': 'คลังวัถุดิบ2', 'location_dest_id': 'RM02/Stock', 'default_code': 409180009, 'product_uom_qty': 100, 'price_unit': 100, 'sequence': 91, 'scheduled_date_orig': Timestamp('2025-11-18 00:00:00'), 'product_id': 409180009}
2025-11-19 07:58:03,041 - INFO - Using cached product ID for code: '409180009'
2025-11-19 07:58:03,041 - INFO - Prepared product 409180009 with quantity 100.0 for batch creation
2025-11-19 07:58:03,042 - INFO - Move locations - Source: 4, Dest: 116
2025-11-19 07:58:03,042 - INFO - Processing Excel row 92: {'partner_id': 'MOGEN_OB', 'scheduled_date': Timestamp('2025-11-18 00:00:00'), 'picking_type_id': 'OB FIFO', 'date_done': Timestamp('2025-11-18 00:00:00'), 'origin': 'คลังวัถุดิบ2', 'location_dest_id': 'RM02/Stock', 'default_code': 409110001, 'product_uom_qty': 100, 'price_unit': 100, 'sequence': 92, 'scheduled_date_orig': Timestamp('2025-11-18 00:00:00'), 'product_id': 409110001}
2025-11-19 07:58:03,043 - INFO - Using cached product ID for code: '409110001'
2025-11-19 07:58:03,043 - INFO - Prepared product 409110001 with quantity 100.0 for batch creation
2025-11-19 07:58:03,043 - INFO - Move locations - Source: 4, Dest: 116
2025-11-19 07:58:04,635 - INFO - Created 92 moves in batch for picking 69
2025-11-19 07:58:04,762 - INFO - Re-updated dates before confirming picking 69: 2025-11-18 00:00:00
2025-11-19 07:58:06,210 - INFO - Confirmed transfer 69 with forced date context
2025-11-19 07:58:06,210 - INFO - Import completed: 1 success, 0 failed.
