2025-11-27 10:24:21,751 - INFO - Successfully connected to Odoo as user ID: 2
2025-11-27 10:24:21,817 - INFO - Odoo version: 17.0.1.3
2025-11-27 10:24:21,933 - INFO - Available date fields in stock.picking: ['activity_date_deadline', 'my_activity_date_deadline', 'scheduled_date', 'date_deadline', 'date', 'date_done', 'delay_alert_date', 'create_date', 'write_date', 'date_notice', 'date_confirmed', 'date_start', 'operation_date']
2025-11-27 10:24:22,269 - INFO - Successfully read Excel file with 116 rows
2025-11-27 10:24:22,270 - INFO - Excel columns: ['partner_id', 'scheduled_date', 'picking_type_id', 'date_done', 'origin', 'location_dest_id', 'default_code', 'product_uom_qty', 'price_unit', 'sequence', 'date']
2025-11-27 10:24:22,271 - INFO - Processed sequence column
2025-11-27 10:24:22,274 - INFO - scheduled_date dtype: datetime64[ns]
2025-11-27 10:24:22,274 - INFO - scheduled_date sample: 2025-11-30 00:00:00
2025-11-27 10:24:22,276 - INFO - Converted scheduled_date to string format. Sample: 2025-11-30 00:00:00
2025-11-27 10:24:22,277 - INFO - Fixed picking type name from 'My Company: OB FIFO' and 'คลังวัตถุดิบ 2: OB FIFO' to 'OB FIFO'
2025-11-27 10:24:22,278 - INFO - Using 'default_code' column as 'product_id'
2025-11-27 10:24:22,279 - INFO - Using 'origin' column to identify transfer groups
2025-11-27 10:24:22,282 - INFO - Excel file validation and data filling completed successfully
2025-11-27 10:24:22,426 - INFO - Searching for location: 'FG13/Stock'
2025-11-27 10:24:22,618 - INFO - Found location with complete_name match: 'FG13/Stock' for 'FG13/Stock'
2025-11-27 10:24:22,689 - INFO - Found partner ID 4956 for 'MOGEN_OB'
2025-11-27 10:24:22,784 - INFO - Created transfer for date 2025-11-30 00:00:00 sequence 1 with picking ID 23
2025-11-27 10:24:22,785 - INFO - Processing Excel row 1: {'partner_id': 'MOGEN_OB', 'scheduled_date': Timestamp('2025-11-30 00:00:00'), 'picking_type_id': 'FG13-OB', 'date_done': Timestamp('2025-11-30 00:00:00'), 'origin': 'คลังบริการหลังการขาย', 'location_dest_id': 'FG13/Stock', 'default_code': 'SP00273100', 'product_uom_qty': 22, 'price_unit': 36.06, 'sequence': 1, 'date': Timestamp('2019-04-02 00:00:00'), 'scheduled_date_orig': Timestamp('2025-11-30 00:00:00'), 'product_id': 'SP00273100'}
2025-11-27 10:24:22,785 - INFO - Searching for product with code: 'SP00273100' and old code: 'SP00273100'
2025-11-27 10:24:22,852 - INFO - Found product with exact match on default_code: 'SP00273100'
2025-11-27 10:24:22,923 - INFO - Prepared product SP00273100 with quantity 22.0 for batch creation
2025-11-27 10:24:22,924 - INFO - Move locations - Source: 14, Dest: 52
2025-11-27 10:24:22,925 - INFO - Processing Excel row 2: {'partner_id': 'MOGEN_OB', 'scheduled_date': Timestamp('2025-11-30 00:00:00'), 'picking_type_id': 'FG13-OB', 'date_done': Timestamp('2025-11-30 00:00:00'), 'origin': 'คลังบริการหลังการขาย', 'location_dest_id': 'FG13/Stock', 'default_code': 'SP00010101', 'product_uom_qty': 3, 'price_unit': 162.0, 'sequence': 2, 'date': Timestamp('2020-09-18 00:00:00'), 'scheduled_date_orig': Timestamp('2025-11-30 00:00:00'), 'product_id': 'SP00010101'}
2025-11-27 10:24:22,925 - INFO - Searching for product with code: 'SP00010101' and old code: 'SP00010101'
2025-11-27 10:24:22,993 - INFO - Found product with exact match on default_code: 'SP00010101'
2025-11-27 10:24:23,065 - INFO - Prepared product SP00010101 with quantity 3.0 for batch creation
2025-11-27 10:24:23,066 - INFO - Move locations - Source: 14, Dest: 52
2025-11-27 10:24:23,067 - INFO - Processing Excel row 3: {'partner_id': 'MOGEN_OB', 'scheduled_date': Timestamp('2025-11-30 00:00:00'), 'picking_type_id': 'FG13-OB', 'date_done': Timestamp('2025-11-30 00:00:00'), 'origin': 'คลังบริการหลังการขาย', 'location_dest_id': 'FG13/Stock', 'default_code': 'SPF0001200', 'product_uom_qty': 65, 'price_unit': 14.99, 'sequence': 3, 'date': Timestamp('2022-01-01 00:00:00'), 'scheduled_date_orig': Timestamp('2025-11-30 00:00:00'), 'product_id': 'SPF0001200'}
2025-11-27 10:24:23,067 - INFO - Searching for product with code: 'SPF0001200' and old code: 'SPF0001200'
2025-11-27 10:24:23,134 - INFO - Found product with exact match on default_code: 'SPF0001200'
2025-11-27 10:24:23,208 - INFO - Prepared product SPF0001200 with quantity 65.0 for batch creation
2025-11-27 10:24:23,208 - INFO - Move locations - Source: 14, Dest: 52
2025-11-27 10:24:23,209 - INFO - Processing Excel row 4: {'partner_id': 'MOGEN_OB', 'scheduled_date': Timestamp('2025-11-30 00:00:00'), 'picking_type_id': 'FG13-OB', 'date_done': Timestamp('2025-11-30 00:00:00'), 'origin': 'คลังบริการหลังการขาย', 'location_dest_id': 'FG13/Stock', 'default_code': 'SPF0003200', 'product_uom_qty': 80, 'price_unit': 14.74, 'sequence': 4, 'date': Timestamp('2022-01-01 00:00:00'), 'scheduled_date_orig': Timestamp('2025-11-30 00:00:00'), 'product_id': 'SPF0003200'}
2025-11-27 10:24:23,209 - INFO - Searching for product with code: 'SPF0003200' and old code: 'SPF0003200'
2025-11-27 10:24:23,284 - INFO - Found product with exact match on default_code: 'SPF0003200'
2025-11-27 10:24:23,358 - INFO - Prepared product SPF0003200 with quantity 80.0 for batch creation
2025-11-27 10:24:23,358 - INFO - Move locations - Source: 14, Dest: 52
2025-11-27 10:24:23,359 - INFO - Processing Excel row 5: {'partner_id': 'MOGEN_OB', 'scheduled_date': Timestamp('2025-11-30 00:00:00'), 'picking_type_id': 'FG13-OB', 'date_done': Timestamp('2025-11-30 00:00:00'), 'origin': 'คลังบริการหลังการขาย', 'location_dest_id': 'FG13/Stock', 'default_code': 'SPF0004200', 'product_uom_qty': 19, 'price_unit': 17.39, 'sequence': 5, 'date': Timestamp('2022-01-01 00:00:00'), 'scheduled_date_orig': Timestamp('2025-11-30 00:00:00'), 'product_id': 'SPF0004200'}
2025-11-27 10:24:23,359 - INFO - Searching for product with code: 'SPF0004200' and old code: 'SPF0004200'
2025-11-27 10:24:23,434 - INFO - Found product with exact match on default_code: 'SPF0004200'
2025-11-27 10:24:23,508 - INFO - Prepared product SPF0004200 with quantity 19.0 for batch creation
2025-11-27 10:24:23,508 - INFO - Move locations - Source: 14, Dest: 52
2025-11-27 10:24:23,509 - INFO - Processing Excel row 6: {'partner_id': 'MOGEN_OB', 'scheduled_date': Timestamp('2025-11-30 00:00:00'), 'picking_type_id': 'FG13-OB', 'date_done': Timestamp('2025-11-30 00:00:00'), 'origin': 'คลังบริการหลังการขาย', 'location_dest_id': 'FG13/Stock', 'default_code': 'NXVMG0152160', 'product_uom_qty': 1, 'price_unit': 1265.6298, 'sequence': 6, 'date': Timestamp('2025-06-27 00:00:00'), 'scheduled_date_orig': Timestamp('2025-11-30 00:00:00'), 'product_id': 'NXVMG0152160'}
2025-11-27 10:24:23,509 - INFO - Searching for product with code: 'NXVMG0152160' and old code: 'NXVMG0152160'
2025-11-27 10:24:23,575 - INFO - Found product with exact match on default_code: 'NXVMG0152160'
2025-11-27 10:24:23,648 - INFO - Prepared product NXVMG0152160 with quantity 1.0 for batch creation
2025-11-27 10:24:23,648 - INFO - Move locations - Source: 14, Dest: 52
2025-11-27 10:24:23,649 - INFO - Processing Excel row 7: {'partner_id': 'MOGEN_OB', 'scheduled_date': Timestamp('2025-11-30 00:00:00'), 'picking_type_id': 'FG13-OB', 'date_done': Timestamp('2025-11-30 00:00:00'), 'origin': 'คลังบริการหลังการขาย', 'location_dest_id': 'FG13/Stock', 'default_code': 'NXVMG016200V', 'product_uom_qty': 1, 'price_unit': 5242.9101, 'sequence': 7, 'date': Timestamp('2025-06-27 00:00:00'), 'scheduled_date_orig': Timestamp('2025-11-30 00:00:00'), 'product_id': 'NXVMG016200V'}
2025-11-27 10:24:23,649 - INFO - Searching for product with code: 'NXVMG016200V' and old code: 'NXVMG016200V'
2025-11-27 10:24:23,714 - INFO - Found product with exact match on default_code: 'NXVMG016200V'
2025-11-27 10:24:23,785 - INFO - Prepared product NXVMG016200V with quantity 1.0 for batch creation
2025-11-27 10:24:23,786 - INFO - Move locations - Source: 14, Dest: 52
2025-11-27 10:24:23,787 - INFO - Processing Excel row 8: {'partner_id': 'MOGEN_OB', 'scheduled_date': Timestamp('2025-11-30 00:00:00'), 'picking_type_id': 'FG13-OB', 'date_done': Timestamp('2025-11-30 00:00:00'), 'origin': 'คลังบริการหลังการขาย', 'location_dest_id': 'FG13/Stock', 'default_code': 'NXVMG0172010', 'product_uom_qty': 1, 'price_unit': 3034.15, 'sequence': 8, 'date': Timestamp('2025-06-27 00:00:00'), 'scheduled_date_orig': Timestamp('2025-11-30 00:00:00'), 'product_id': 'NXVMG0172010'}
2025-11-27 10:24:23,788 - INFO - Searching for product with code: 'NXVMG0172010' and old code: 'NXVMG0172010'
2025-11-27 10:24:23,865 - INFO - Found product with exact match on default_code: 'NXVMG0172010'
2025-11-27 10:24:23,936 - INFO - Prepared product NXVMG0172010 with quantity 1.0 for batch creation
2025-11-27 10:24:23,937 - INFO - Move locations - Source: 14, Dest: 52
2025-11-27 10:24:23,938 - INFO - Processing Excel row 9: {'partner_id': 'MOGEN_OB', 'scheduled_date': Timestamp('2025-11-30 00:00:00'), 'picking_type_id': 'FG13-OB', 'date_done': Timestamp('2025-11-30 00:00:00'), 'origin': 'คลังบริการหลังการขาย', 'location_dest_id': 'FG13/Stock', 'default_code': 'NXVTG0013010', 'product_uom_qty': 1, 'price_unit': 2221.694, 'sequence': 9, 'date': Timestamp('2025-06-27 00:00:00'), 'scheduled_date_orig': Timestamp('2025-11-30 00:00:00'), 'product_id': 'NXVTG0013010'}
2025-11-27 10:24:23,938 - INFO - Searching for product with code: 'NXVTG0013010' and old code: 'NXVTG0013010'
2025-11-27 10:24:24,005 - INFO - Found product with exact match on default_code: 'NXVTG0013010'
2025-11-27 10:24:24,073 - INFO - Prepared product NXVTG0013010 with quantity 1.0 for batch creation
2025-11-27 10:24:24,074 - INFO - Move locations - Source: 14, Dest: 52
2025-11-27 10:24:24,074 - INFO - Processing Excel row 10: {'partner_id': 'MOGEN_OB', 'scheduled_date': Timestamp('2025-11-30 00:00:00'), 'picking_type_id': 'FG13-OB', 'date_done': Timestamp('2025-11-30 00:00:00'), 'origin': 'คลังบริการหลังการขาย', 'location_dest_id': 'FG13/Stock', 'default_code': 'VMG016200V', 'product_uom_qty': 10, 'price_unit': 899.77176, 'sequence': 10, 'date': Timestamp('2025-06-27 00:00:00'), 'scheduled_date_orig': Timestamp('2025-11-30 00:00:00'), 'product_id': 'VMG016200V'}
2025-11-27 10:24:24,075 - INFO - Searching for product with code: 'VMG016200V' and old code: 'VMG016200V'
2025-11-27 10:24:24,141 - INFO - Found product with exact match on default_code: 'VMG016200V'
2025-11-27 10:24:24,211 - INFO - Prepared product VMG016200V with quantity 10.0 for batch creation
2025-11-27 10:24:24,212 - INFO - Move locations - Source: 14, Dest: 52
2025-11-27 10:24:24,212 - INFO - Processing Excel row 11: {'partner_id': 'MOGEN_OB', 'scheduled_date': Timestamp('2025-11-30 00:00:00'), 'picking_type_id': 'FG13-OB', 'date_done': Timestamp('2025-11-30 00:00:00'), 'origin': 'คลังบริการหลังการขาย', 'location_dest_id': 'FG13/Stock', 'default_code': 'VMG0162010', 'product_uom_qty': 1, 'price_unit': 2192.622, 'sequence': 11, 'date': Timestamp('2025-06-27 00:00:00'), 'scheduled_date_orig': Timestamp('2025-11-30 00:00:00'), 'product_id': 'VMG0162010'}
2025-11-27 10:24:24,213 - INFO - Searching for product with code: 'VMG0162010' and old code: 'VMG0162010'
2025-11-27 10:24:24,281 - INFO - Found product with exact match on default_code: 'VMG0162010'
2025-11-27 10:24:24,358 - INFO - Prepared product VMG0162010 with quantity 1.0 for batch creation
2025-11-27 10:24:24,359 - INFO - Move locations - Source: 14, Dest: 52
2025-11-27 10:24:24,359 - INFO - Processing Excel row 12: {'partner_id': 'MOGEN_OB', 'scheduled_date': Timestamp('2025-11-30 00:00:00'), 'picking_type_id': 'FG13-OB', 'date_done': Timestamp('2025-11-30 00:00:00'), 'origin': 'คลังบริการหลังการขาย', 'location_dest_id': 'FG13/Stock', 'default_code': 'SPW026100', 'product_uom_qty': 1, 'price_unit': 183.4195, 'sequence': 12, 'date': Timestamp('2025-07-10 00:00:00'), 'scheduled_date_orig': Timestamp('2025-11-30 00:00:00'), 'product_id': 'SPW026100'}
2025-11-27 10:24:24,359 - INFO - Searching for product with code: 'SPW026100' and old code: 'SPW026100'
2025-11-27 10:24:24,432 - INFO - Found product with exact match on default_code: 'SPW026100'
2025-11-27 10:24:24,501 - INFO - Prepared product SPW026100 with quantity 1.0 for batch creation
2025-11-27 10:24:24,501 - INFO - Move locations - Source: 14, Dest: 52
2025-11-27 10:24:24,502 - INFO - Processing Excel row 13: {'partner_id': 'MOGEN_OB', 'scheduled_date': Timestamp('2025-11-30 00:00:00'), 'picking_type_id': 'FG13-OB', 'date_done': Timestamp('2025-11-30 00:00:00'), 'origin': 'คลังบริการหลังการขาย', 'location_dest_id': 'FG13/Stock', 'default_code': 'SPW026100', 'product_uom_qty': 1, 'price_unit': 16.2065, 'sequence': 13, 'date': Timestamp('2025-07-10 00:00:00'), 'scheduled_date_orig': Timestamp('2025-11-30 00:00:00'), 'product_id': 'SPW026100'}
2025-11-27 10:24:24,502 - INFO - Using cached product ID for code: 'SPW026100'
2025-11-27 10:24:24,502 - INFO - Prepared product SPW026100 with quantity 1.0 for batch creation
2025-11-27 10:24:24,503 - INFO - Move locations - Source: 14, Dest: 52
2025-11-27 10:24:24,503 - INFO - Processing Excel row 14: {'partner_id': 'MOGEN_OB', 'scheduled_date': Timestamp('2025-11-30 00:00:00'), 'picking_type_id': 'FG13-OB', 'date_done': Timestamp('2025-11-30 00:00:00'), 'origin': 'คลังบริการหลังการขาย', 'location_dest_id': 'FG13/Stock', 'default_code': 'SP0039100', 'product_uom_qty': 2, 'price_unit': 20.0, 'sequence': 14, 'date': Timestamp('2025-07-11 00:00:00'), 'scheduled_date_orig': Timestamp('2025-11-30 00:00:00'), 'product_id': 'SP0039100'}
2025-11-27 10:24:24,504 - INFO - Searching for product with code: 'SP0039100' and old code: 'SP0039100'
2025-11-27 10:24:24,570 - INFO - Found product with exact match on default_code: 'SP0039100'
2025-11-27 10:24:24,638 - INFO - Prepared product SP0039100 with quantity 2.0 for batch creation
2025-11-27 10:24:24,639 - INFO - Move locations - Source: 14, Dest: 52
2025-11-27 10:24:24,640 - INFO - Processing Excel row 15: {'partner_id': 'MOGEN_OB', 'scheduled_date': Timestamp('2025-11-30 00:00:00'), 'picking_type_id': 'FG13-OB', 'date_done': Timestamp('2025-11-30 00:00:00'), 'origin': 'คลังบริการหลังการขาย', 'location_dest_id': 'FG13/Stock', 'default_code': 'SP0039100', 'product_uom_qty': 2, 'price_unit': 20.0, 'sequence': 15, 'date': Timestamp('2025-07-11 00:00:00'), 'scheduled_date_orig': Timestamp('2025-11-30 00:00:00'), 'product_id': 'SP0039100'}
2025-11-27 10:24:24,642 - INFO - Using cached product ID for code: 'SP0039100'
2025-11-27 10:24:24,642 - INFO - Prepared product SP0039100 with quantity 2.0 for batch creation
2025-11-27 10:24:24,643 - INFO - Move locations - Source: 14, Dest: 52
2025-11-27 10:24:24,644 - INFO - Processing Excel row 16: {'partner_id': 'MOGEN_OB', 'scheduled_date': Timestamp('2025-11-30 00:00:00'), 'picking_type_id': 'FG13-OB', 'date_done': Timestamp('2025-11-30 00:00:00'), 'origin': 'คลังบริการหลังการขาย', 'location_dest_id': 'FG13/Stock', 'default_code': 'SP0039100', 'product_uom_qty': 2, 'price_unit': 20.0, 'sequence': 16, 'date': Timestamp('2025-07-11 00:00:00'), 'scheduled_date_orig': Timestamp('2025-11-30 00:00:00'), 'product_id': 'SP0039100'}
2025-11-27 10:24:24,645 - INFO - Using cached product ID for code: 'SP0039100'
2025-11-27 10:24:24,645 - INFO - Prepared product SP0039100 with quantity 2.0 for batch creation
2025-11-27 10:24:24,646 - INFO - Move locations - Source: 14, Dest: 52
2025-11-27 10:24:24,647 - INFO - Processing Excel row 17: {'partner_id': 'MOGEN_OB', 'scheduled_date': Timestamp('2025-11-30 00:00:00'), 'picking_type_id': 'FG13-OB', 'date_done': Timestamp('2025-11-30 00:00:00'), 'origin': 'คลังบริการหลังการขาย', 'location_dest_id': 'FG13/Stock', 'default_code': 'SP0039100', 'product_uom_qty': 2, 'price_unit': 20.0, 'sequence': 17, 'date': Timestamp('2025-07-11 00:00:00'), 'scheduled_date_orig': Timestamp('2025-11-30 00:00:00'), 'product_id': 'SP0039100'}
2025-11-27 10:24:24,647 - INFO - Using cached product ID for code: 'SP0039100'
2025-11-27 10:24:24,648 - INFO - Prepared product SP0039100 with quantity 2.0 for batch creation
2025-11-27 10:24:24,648 - INFO - Move locations - Source: 14, Dest: 52
2025-11-27 10:24:24,649 - INFO - Processing Excel row 18: {'partner_id': 'MOGEN_OB', 'scheduled_date': Timestamp('2025-11-30 00:00:00'), 'picking_type_id': 'FG13-OB', 'date_done': Timestamp('2025-11-30 00:00:00'), 'origin': 'คลังบริการหลังการขาย', 'location_dest_id': 'FG13/Stock', 'default_code': 'SP0040100', 'product_uom_qty': 2, 'price_unit': 20.0, 'sequence': 18, 'date': Timestamp('2025-07-11 00:00:00'), 'scheduled_date_orig': Timestamp('2025-11-30 00:00:00'), 'product_id': 'SP0040100'}
2025-11-27 10:24:24,649 - INFO - Searching for product with code: 'SP0040100' and old code: 'SP0040100'
2025-11-27 10:24:24,719 - INFO - Found product with exact match on default_code: 'SP0040100'
2025-11-27 10:24:24,794 - INFO - Prepared product SP0040100 with quantity 2.0 for batch creation
2025-11-27 10:24:24,794 - INFO - Move locations - Source: 14, Dest: 52
2025-11-27 10:24:24,795 - INFO - Processing Excel row 19: {'partner_id': 'MOGEN_OB', 'scheduled_date': Timestamp('2025-11-30 00:00:00'), 'picking_type_id': 'FG13-OB', 'date_done': Timestamp('2025-11-30 00:00:00'), 'origin': 'คลังบริการหลังการขาย', 'location_dest_id': 'FG13/Stock', 'default_code': 'SP0040100', 'product_uom_qty': 2, 'price_unit': 20.0, 'sequence': 19, 'date': Timestamp('2025-07-11 00:00:00'), 'scheduled_date_orig': Timestamp('2025-11-30 00:00:00'), 'product_id': 'SP0040100'}
2025-11-27 10:24:24,796 - INFO - Using cached product ID for code: 'SP0040100'
2025-11-27 10:24:24,796 - INFO - Prepared product SP0040100 with quantity 2.0 for batch creation
2025-11-27 10:24:24,796 - INFO - Move locations - Source: 14, Dest: 52
2025-11-27 10:24:24,797 - INFO - Processing Excel row 20: {'partner_id': 'MOGEN_OB', 'scheduled_date': Timestamp('2025-11-30 00:00:00'), 'picking_type_id': 'FG13-OB', 'date_done': Timestamp('2025-11-30 00:00:00'), 'origin': 'คลังบริการหลังการขาย', 'location_dest_id': 'FG13/Stock', 'default_code': 'SP0040100', 'product_uom_qty': 2, 'price_unit': 20.0, 'sequence': 20, 'date': Timestamp('2025-07-11 00:00:00'), 'scheduled_date_orig': Timestamp('2025-11-30 00:00:00'), 'product_id': 'SP0040100'}
2025-11-27 10:24:24,798 - INFO - Using cached product ID for code: 'SP0040100'
2025-11-27 10:24:24,798 - INFO - Prepared product SP0040100 with quantity 2.0 for batch creation
2025-11-27 10:24:24,798 - INFO - Move locations - Source: 14, Dest: 52
2025-11-27 10:24:24,799 - INFO - Processing Excel row 21: {'partner_id': 'MOGEN_OB', 'scheduled_date': Timestamp('2025-11-30 00:00:00'), 'picking_type_id': 'FG13-OB', 'date_done': Timestamp('2025-11-30 00:00:00'), 'origin': 'คลังบริการหลังการขาย', 'location_dest_id': 'FG13/Stock', 'default_code': 'SP0040100', 'product_uom_qty': 2, 'price_unit': 20.0, 'sequence': 21, 'date': Timestamp('2025-07-11 00:00:00'), 'scheduled_date_orig': Timestamp('2025-11-30 00:00:00'), 'product_id': 'SP0040100'}
2025-11-27 10:24:24,799 - INFO - Using cached product ID for code: 'SP0040100'
2025-11-27 10:24:24,800 - INFO - Prepared product SP0040100 with quantity 2.0 for batch creation
2025-11-27 10:24:24,800 - INFO - Move locations - Source: 14, Dest: 52
2025-11-27 10:24:24,801 - INFO - Processing Excel row 22: {'partner_id': 'MOGEN_OB', 'scheduled_date': Timestamp('2025-11-30 00:00:00'), 'picking_type_id': 'FG13-OB', 'date_done': Timestamp('2025-11-30 00:00:00'), 'origin': 'คลังบริการหลังการขาย', 'location_dest_id': 'FG13/Stock', 'default_code': 'SPV002100', 'product_uom_qty': 2, 'price_unit': 73.1318, 'sequence': 22, 'date': Timestamp('2025-07-11 00:00:00'), 'scheduled_date_orig': Timestamp('2025-11-30 00:00:00'), 'product_id': 'SPV002100'}
2025-11-27 10:24:24,802 - INFO - Searching for product with code: 'SPV002100' and old code: 'SPV002100'
2025-11-27 10:24:24,876 - INFO - Found product with exact match on default_code: 'SPV002100'
2025-11-27 10:24:24,949 - INFO - Prepared product SPV002100 with quantity 2.0 for batch creation
2025-11-27 10:24:24,950 - INFO - Move locations - Source: 14, Dest: 52
2025-11-27 10:24:24,950 - INFO - Processing Excel row 23: {'partner_id': 'MOGEN_OB', 'scheduled_date': Timestamp('2025-11-30 00:00:00'), 'picking_type_id': 'FG13-OB', 'date_done': Timestamp('2025-11-30 00:00:00'), 'origin': 'คลังบริการหลังการขาย', 'location_dest_id': 'FG13/Stock', 'default_code': 'SPV002100', 'product_uom_qty': 2, 'price_unit': 72.79925, 'sequence': 23, 'date': Timestamp('2025-07-11 00:00:00'), 'scheduled_date_orig': Timestamp('2025-11-30 00:00:00'), 'product_id': 'SPV002100'}
2025-11-27 10:24:24,951 - INFO - Using cached product ID for code: 'SPV002100'
2025-11-27 10:24:24,951 - INFO - Prepared product SPV002100 with quantity 2.0 for batch creation
2025-11-27 10:24:24,952 - INFO - Move locations - Source: 14, Dest: 52
2025-11-27 10:24:24,953 - INFO - Processing Excel row 24: {'partner_id': 'MOGEN_OB', 'scheduled_date': Timestamp('2025-11-30 00:00:00'), 'picking_type_id': 'FG13-OB', 'date_done': Timestamp('2025-11-30 00:00:00'), 'origin': 'คลังบริการหลังการขาย', 'location_dest_id': 'FG13/Stock', 'default_code': 'SPW005N110', 'product_uom_qty': 1, 'price_unit': 482.3563, 'sequence': 24, 'date': Timestamp('2025-07-11 00:00:00'), 'scheduled_date_orig': Timestamp('2025-11-30 00:00:00'), 'product_id': 'SPW005N110'}
2025-11-27 10:24:24,953 - INFO - Searching for product with code: 'SPW005N110' and old code: 'SPW005N110'
2025-11-27 10:24:25,018 - INFO - Found product with exact match on default_code: 'SPW005N110'
2025-11-27 10:24:25,101 - INFO - Prepared product SPW005N110 with quantity 1.0 for batch creation
2025-11-27 10:24:25,102 - INFO - Move locations - Source: 14, Dest: 52
2025-11-27 10:24:25,102 - INFO - Processing Excel row 25: {'partner_id': 'MOGEN_OB', 'scheduled_date': Timestamp('2025-11-30 00:00:00'), 'picking_type_id': 'FG13-OB', 'date_done': Timestamp('2025-11-30 00:00:00'), 'origin': 'คลังบริการหลังการขาย', 'location_dest_id': 'FG13/Stock', 'default_code': 'SPW005N110', 'product_uom_qty': 1, 'price_unit': 482.3563, 'sequence': 25, 'date': Timestamp('2025-07-11 00:00:00'), 'scheduled_date_orig': Timestamp('2025-11-30 00:00:00'), 'product_id': 'SPW005N110'}
2025-11-27 10:24:25,103 - INFO - Using cached product ID for code: 'SPW005N110'
2025-11-27 10:24:25,103 - INFO - Prepared product SPW005N110 with quantity 1.0 for batch creation
2025-11-27 10:24:25,104 - INFO - Move locations - Source: 14, Dest: 52
2025-11-27 10:24:25,104 - INFO - Processing Excel row 26: {'partner_id': 'MOGEN_OB', 'scheduled_date': Timestamp('2025-11-30 00:00:00'), 'picking_type_id': 'FG13-OB', 'date_done': Timestamp('2025-11-30 00:00:00'), 'origin': 'คลังบริการหลังการขาย', 'location_dest_id': 'FG13/Stock', 'default_code': 'SPW005N110', 'product_uom_qty': 1, 'price_unit': 492.3187, 'sequence': 26, 'date': Timestamp('2025-07-11 00:00:00'), 'scheduled_date_orig': Timestamp('2025-11-30 00:00:00'), 'product_id': 'SPW005N110'}
2025-11-27 10:24:25,104 - INFO - Using cached product ID for code: 'SPW005N110'
2025-11-27 10:24:25,105 - INFO - Prepared product SPW005N110 with quantity 1.0 for batch creation
2025-11-27 10:24:25,105 - INFO - Move locations - Source: 14, Dest: 52
2025-11-27 10:24:25,106 - INFO - Processing Excel row 27: {'partner_id': 'MOGEN_OB', 'scheduled_date': Timestamp('2025-11-30 00:00:00'), 'picking_type_id': 'FG13-OB', 'date_done': Timestamp('2025-11-30 00:00:00'), 'origin': 'คลังบริการหลังการขาย', 'location_dest_id': 'FG13/Stock', 'default_code': 'SPW005N110', 'product_uom_qty': 1, 'price_unit': 492.3187, 'sequence': 27, 'date': Timestamp('2025-07-11 00:00:00'), 'scheduled_date_orig': Timestamp('2025-11-30 00:00:00'), 'product_id': 'SPW005N110'}
2025-11-27 10:24:25,106 - INFO - Using cached product ID for code: 'SPW005N110'
2025-11-27 10:24:25,107 - INFO - Prepared product SPW005N110 with quantity 1.0 for batch creation
2025-11-27 10:24:25,107 - INFO - Move locations - Source: 14, Dest: 52
2025-11-27 10:24:25,108 - INFO - Processing Excel row 28: {'partner_id': 'MOGEN_OB', 'scheduled_date': Timestamp('2025-11-30 00:00:00'), 'picking_type_id': 'FG13-OB', 'date_done': Timestamp('2025-11-30 00:00:00'), 'origin': 'คลังบริการหลังการขาย', 'location_dest_id': 'FG13/Stock', 'default_code': 'SPW026100', 'product_uom_qty': 1, 'price_unit': 167.145, 'sequence': 28, 'date': Timestamp('2025-07-11 00:00:00'), 'scheduled_date_orig': Timestamp('2025-11-30 00:00:00'), 'product_id': 'SPW026100'}
2025-11-27 10:24:25,109 - INFO - Using cached product ID for code: 'SPW026100'
2025-11-27 10:24:25,109 - INFO - Prepared product SPW026100 with quantity 1.0 for batch creation
2025-11-27 10:24:25,110 - INFO - Move locations - Source: 14, Dest: 52
2025-11-27 10:24:25,111 - INFO - Processing Excel row 29: {'partner_id': 'MOGEN_OB', 'scheduled_date': Timestamp('2025-11-30 00:00:00'), 'picking_type_id': 'FG13-OB', 'date_done': Timestamp('2025-11-30 00:00:00'), 'origin': 'คลังบริการหลังการขาย', 'location_dest_id': 'FG13/Stock', 'default_code': 'SPW026100', 'product_uom_qty': 1, 'price_unit': 167.145, 'sequence': 29, 'date': Timestamp('2025-07-11 00:00:00'), 'scheduled_date_orig': Timestamp('2025-11-30 00:00:00'), 'product_id': 'SPW026100'}
2025-11-27 10:24:25,111 - INFO - Using cached product ID for code: 'SPW026100'
2025-11-27 10:24:25,111 - INFO - Prepared product SPW026100 with quantity 1.0 for batch creation
2025-11-27 10:24:25,112 - INFO - Move locations - Source: 14, Dest: 52
2025-11-27 10:24:25,112 - INFO - Processing Excel row 30: {'partner_id': 'MOGEN_OB', 'scheduled_date': Timestamp('2025-11-30 00:00:00'), 'picking_type_id': 'FG13-OB', 'date_done': Timestamp('2025-11-30 00:00:00'), 'origin': 'คลังบริการหลังการขาย', 'location_dest_id': 'FG13/Stock', 'default_code': 'SPW026100', 'product_uom_qty': 1, 'price_unit': 159.74, 'sequence': 30, 'date': Timestamp('2025-07-11 00:00:00'), 'scheduled_date_orig': Timestamp('2025-11-30 00:00:00'), 'product_id': 'SPW026100'}
2025-11-27 10:24:25,113 - INFO - Using cached product ID for code: 'SPW026100'
2025-11-27 10:24:25,113 - INFO - Prepared product SPW026100 with quantity 1.0 for batch creation
2025-11-27 10:24:25,114 - INFO - Move locations - Source: 14, Dest: 52
2025-11-27 10:24:25,114 - INFO - Processing Excel row 31: {'partner_id': 'MOGEN_OB', 'scheduled_date': Timestamp('2025-11-30 00:00:00'), 'picking_type_id': 'FG13-OB', 'date_done': Timestamp('2025-11-30 00:00:00'), 'origin': 'คลังบริการหลังการขาย', 'location_dest_id': 'FG13/Stock', 'default_code': 'SPW19N100', 'product_uom_qty': 1, 'price_unit': 167.8626, 'sequence': 31, 'date': Timestamp('2025-07-11 00:00:00'), 'scheduled_date_orig': Timestamp('2025-11-30 00:00:00'), 'product_id': 'SPW19N100'}
2025-11-27 10:24:25,115 - INFO - Searching for product with code: 'SPW19N100' and old code: 'SPW19N100'
2025-11-27 10:24:25,199 - INFO - Found product with exact match on default_code: 'SPW19N100'
2025-11-27 10:24:25,271 - INFO - Prepared product SPW19N100 with quantity 1.0 for batch creation
2025-11-27 10:24:25,271 - INFO - Move locations - Source: 14, Dest: 52
2025-11-27 10:24:25,272 - INFO - Processing Excel row 32: {'partner_id': 'MOGEN_OB', 'scheduled_date': Timestamp('2025-11-30 00:00:00'), 'picking_type_id': 'FG13-OB', 'date_done': Timestamp('2025-11-30 00:00:00'), 'origin': 'คลังบริการหลังการขาย', 'location_dest_id': 'FG13/Stock', 'default_code': 'SPW19N100', 'product_uom_qty': 1, 'price_unit': 167.8627, 'sequence': 32, 'date': Timestamp('2025-07-11 00:00:00'), 'scheduled_date_orig': Timestamp('2025-11-30 00:00:00'), 'product_id': 'SPW19N100'}
2025-11-27 10:24:25,272 - INFO - Using cached product ID for code: 'SPW19N100'
2025-11-27 10:24:25,273 - INFO - Prepared product SPW19N100 with quantity 1.0 for batch creation
2025-11-27 10:24:25,273 - INFO - Move locations - Source: 14, Dest: 52
2025-11-27 10:24:25,274 - INFO - Processing Excel row 33: {'partner_id': 'MOGEN_OB', 'scheduled_date': Timestamp('2025-11-30 00:00:00'), 'picking_type_id': 'FG13-OB', 'date_done': Timestamp('2025-11-30 00:00:00'), 'origin': 'คลังบริการหลังการขาย', 'location_dest_id': 'FG13/Stock', 'default_code': 'SP0001100', 'product_uom_qty': 3, 'price_unit': 48.01466666666667, 'sequence': 33, 'date': Timestamp('2025-07-12 00:00:00'), 'scheduled_date_orig': Timestamp('2025-11-30 00:00:00'), 'product_id': 'SP0001100'}
2025-11-27 10:24:25,274 - INFO - Searching for product with code: 'SP0001100' and old code: 'SP0001100'
2025-11-27 10:24:25,348 - INFO - Found product with exact match on default_code: 'SP0001100'
2025-11-27 10:24:25,419 - INFO - Prepared product SP0001100 with quantity 3.0 for batch creation
2025-11-27 10:24:25,420 - INFO - Move locations - Source: 14, Dest: 52
2025-11-27 10:24:25,420 - INFO - Processing Excel row 34: {'partner_id': 'MOGEN_OB', 'scheduled_date': Timestamp('2025-11-30 00:00:00'), 'picking_type_id': 'FG13-OB', 'date_done': Timestamp('2025-11-30 00:00:00'), 'origin': 'คลังบริการหลังการขาย', 'location_dest_id': 'FG13/Stock', 'default_code': 'SP0039100', 'product_uom_qty': 2, 'price_unit': 20.0, 'sequence': 34, 'date': Timestamp('2025-07-12 00:00:00'), 'scheduled_date_orig': Timestamp('2025-11-30 00:00:00'), 'product_id': 'SP0039100'}
2025-11-27 10:24:25,421 - INFO - Using cached product ID for code: 'SP0039100'
2025-11-27 10:24:25,421 - INFO - Prepared product SP0039100 with quantity 2.0 for batch creation
2025-11-27 10:24:25,421 - INFO - Move locations - Source: 14, Dest: 52
2025-11-27 10:24:25,422 - INFO - Processing Excel row 35: {'partner_id': 'MOGEN_OB', 'scheduled_date': Timestamp('2025-11-30 00:00:00'), 'picking_type_id': 'FG13-OB', 'date_done': Timestamp('2025-11-30 00:00:00'), 'origin': 'คลังบริการหลังการขาย', 'location_dest_id': 'FG13/Stock', 'default_code': 'SP0040100', 'product_uom_qty': 2, 'price_unit': 17.47285, 'sequence': 35, 'date': Timestamp('2025-07-12 00:00:00'), 'scheduled_date_orig': Timestamp('2025-11-30 00:00:00'), 'product_id': 'SP0040100'}
2025-11-27 10:24:25,422 - INFO - Using cached product ID for code: 'SP0040100'
2025-11-27 10:24:25,422 - INFO - Prepared product SP0040100 with quantity 2.0 for batch creation
2025-11-27 10:24:25,423 - INFO - Move locations - Source: 14, Dest: 52
2025-11-27 10:24:25,423 - INFO - Processing Excel row 36: {'partner_id': 'MOGEN_OB', 'scheduled_date': Timestamp('2025-11-30 00:00:00'), 'picking_type_id': 'FG13-OB', 'date_done': Timestamp('2025-11-30 00:00:00'), 'origin': 'คลังบริการหลังการขาย', 'location_dest_id': 'FG13/Stock', 'default_code': 'SPV002100', 'product_uom_qty': 2, 'price_unit': 76.3036, 'sequence': 36, 'date': Timestamp('2025-07-12 00:00:00'), 'scheduled_date_orig': Timestamp('2025-11-30 00:00:00'), 'product_id': 'SPV002100'}
2025-11-27 10:24:25,423 - INFO - Using cached product ID for code: 'SPV002100'
2025-11-27 10:24:25,424 - INFO - Prepared product SPV002100 with quantity 2.0 for batch creation
2025-11-27 10:24:25,424 - INFO - Move locations - Source: 14, Dest: 52
2025-11-27 10:24:25,424 - INFO - Processing Excel row 37: {'partner_id': 'MOGEN_OB', 'scheduled_date': Timestamp('2025-11-30 00:00:00'), 'picking_type_id': 'FG13-OB', 'date_done': Timestamp('2025-11-30 00:00:00'), 'origin': 'คลังบริการหลังการขาย', 'location_dest_id': 'FG13/Stock', 'default_code': 'SPV002100', 'product_uom_qty': 1, 'price_unit': 58.261, 'sequence': 37, 'date': Timestamp('2025-07-12 00:00:00'), 'scheduled_date_orig': Timestamp('2025-11-30 00:00:00'), 'product_id': 'SPV002100'}
2025-11-27 10:24:25,425 - INFO - Using cached product ID for code: 'SPV002100'
2025-11-27 10:24:25,425 - INFO - Prepared product SPV002100 with quantity 1.0 for batch creation
2025-11-27 10:24:25,425 - INFO - Move locations - Source: 14, Dest: 52
2025-11-27 10:24:25,426 - INFO - Processing Excel row 38: {'partner_id': 'MOGEN_OB', 'scheduled_date': Timestamp('2025-11-30 00:00:00'), 'picking_type_id': 'FG13-OB', 'date_done': Timestamp('2025-11-30 00:00:00'), 'origin': 'คลังบริการหลังการขาย', 'location_dest_id': 'FG13/Stock', 'default_code': 'SPW005N110', 'product_uom_qty': 1, 'price_unit': 492.3188, 'sequence': 38, 'date': Timestamp('2025-07-12 00:00:00'), 'scheduled_date_orig': Timestamp('2025-11-30 00:00:00'), 'product_id': 'SPW005N110'}
2025-11-27 10:24:25,426 - INFO - Using cached product ID for code: 'SPW005N110'
2025-11-27 10:24:25,427 - INFO - Prepared product SPW005N110 with quantity 1.0 for batch creation
2025-11-27 10:24:25,427 - INFO - Move locations - Source: 14, Dest: 52
2025-11-27 10:24:25,428 - INFO - Processing Excel row 39: {'partner_id': 'MOGEN_OB', 'scheduled_date': Timestamp('2025-11-30 00:00:00'), 'picking_type_id': 'FG13-OB', 'date_done': Timestamp('2025-11-30 00:00:00'), 'origin': 'คลังบริการหลังการขาย', 'location_dest_id': 'FG13/Stock', 'default_code': 'SPW19N100', 'product_uom_qty': 1, 'price_unit': 167.8627, 'sequence': 39, 'date': Timestamp('2025-07-12 00:00:00'), 'scheduled_date_orig': Timestamp('2025-11-30 00:00:00'), 'product_id': 'SPW19N100'}
2025-11-27 10:24:25,428 - INFO - Using cached product ID for code: 'SPW19N100'
2025-11-27 10:24:25,428 - INFO - Prepared product SPW19N100 with quantity 1.0 for batch creation
2025-11-27 10:24:25,428 - INFO - Move locations - Source: 14, Dest: 52
2025-11-27 10:24:25,429 - INFO - Processing Excel row 40: {'partner_id': 'MOGEN_OB', 'scheduled_date': Timestamp('2025-11-30 00:00:00'), 'picking_type_id': 'FG13-OB', 'date_done': Timestamp('2025-11-30 00:00:00'), 'origin': 'คลังบริการหลังการขาย', 'location_dest_id': 'FG13/Stock', 'default_code': 'SP0001100', 'product_uom_qty': 22, 'price_unit': 50.2767, 'sequence': 40, 'date': Timestamp('2025-07-31 00:00:00'), 'scheduled_date_orig': Timestamp('2025-11-30 00:00:00'), 'product_id': 'SP0001100'}
2025-11-27 10:24:25,429 - INFO - Using cached product ID for code: 'SP0001100'
2025-11-27 10:24:25,429 - INFO - Prepared product SP0001100 with quantity 22.0 for batch creation
2025-11-27 10:24:25,430 - INFO - Move locations - Source: 14, Dest: 52
2025-11-27 10:24:25,430 - INFO - Processing Excel row 41: {'partner_id': 'MOGEN_OB', 'scheduled_date': Timestamp('2025-11-30 00:00:00'), 'picking_type_id': 'FG13-OB', 'date_done': Timestamp('2025-11-30 00:00:00'), 'origin': 'คลังบริการหลังการขาย', 'location_dest_id': 'FG13/Stock', 'default_code': 'SPV002100', 'product_uom_qty': 1, 'price_unit': 63.8995, 'sequence': 41, 'date': Timestamp('2025-07-31 00:00:00'), 'scheduled_date_orig': Timestamp('2025-11-30 00:00:00'), 'product_id': 'SPV002100'}
2025-11-27 10:24:25,430 - INFO - Using cached product ID for code: 'SPV002100'
2025-11-27 10:24:25,431 - INFO - Prepared product SPV002100 with quantity 1.0 for batch creation
2025-11-27 10:24:25,431 - INFO - Move locations - Source: 14, Dest: 52
2025-11-27 10:24:25,431 - INFO - Processing Excel row 42: {'partner_id': 'MOGEN_OB', 'scheduled_date': Timestamp('2025-11-30 00:00:00'), 'picking_type_id': 'FG13-OB', 'date_done': Timestamp('2025-11-30 00:00:00'), 'origin': 'คลังบริการหลังการขาย', 'location_dest_id': 'FG13/Stock', 'default_code': 'FCA0006100', 'product_uom_qty': 2, 'price_unit': 414.66185, 'sequence': 42, 'date': Timestamp('2025-08-05 00:00:00'), 'scheduled_date_orig': Timestamp('2025-11-30 00:00:00'), 'product_id': 'FCA0006100'}
2025-11-27 10:24:25,432 - INFO - Searching for product with code: 'FCA0006100' and old code: 'FCA0006100'
2025-11-27 10:24:25,498 - INFO - Found product with exact match on default_code: 'FCA0006100'
2025-11-27 10:24:25,570 - INFO - Prepared product FCA0006100 with quantity 2.0 for batch creation
2025-11-27 10:24:25,571 - INFO - Move locations - Source: 14, Dest: 52
2025-11-27 10:24:25,573 - INFO - Processing Excel row 43: {'partner_id': 'MOGEN_OB', 'scheduled_date': Timestamp('2025-11-30 00:00:00'), 'picking_type_id': 'FG13-OB', 'date_done': Timestamp('2025-11-30 00:00:00'), 'origin': 'คลังบริการหลังการขาย', 'location_dest_id': 'FG13/Stock', 'default_code': 'FCA0006100', 'product_uom_qty': 1, 'price_unit': 340.2659, 'sequence': 43, 'date': Timestamp('2025-08-07 00:00:00'), 'scheduled_date_orig': Timestamp('2025-11-30 00:00:00'), 'product_id': 'FCA0006100'}
2025-11-27 10:24:25,574 - INFO - Using cached product ID for code: 'FCA0006100'
2025-11-27 10:24:25,575 - INFO - Prepared product FCA0006100 with quantity 1.0 for batch creation
2025-11-27 10:24:25,576 - INFO - Move locations - Source: 14, Dest: 52
2025-11-27 10:24:25,577 - INFO - Processing Excel row 44: {'partner_id': 'MOGEN_OB', 'scheduled_date': Timestamp('2025-11-30 00:00:00'), 'picking_type_id': 'FG13-OB', 'date_done': Timestamp('2025-11-30 00:00:00'), 'origin': 'คลังบริการหลังการขาย', 'location_dest_id': 'FG13/Stock', 'default_code': 'SPV002100', 'product_uom_qty': 1, 'price_unit': 63.8995, 'sequence': 44, 'date': Timestamp('2025-08-20 00:00:00'), 'scheduled_date_orig': Timestamp('2025-11-30 00:00:00'), 'product_id': 'SPV002100'}
2025-11-27 10:24:25,578 - INFO - Using cached product ID for code: 'SPV002100'
2025-11-27 10:24:25,579 - INFO - Prepared product SPV002100 with quantity 1.0 for batch creation
2025-11-27 10:24:25,580 - INFO - Move locations - Source: 14, Dest: 52
2025-11-27 10:24:25,582 - INFO - Processing Excel row 45: {'partner_id': 'MOGEN_OB', 'scheduled_date': Timestamp('2025-11-30 00:00:00'), 'picking_type_id': 'FG13-OB', 'date_done': Timestamp('2025-11-30 00:00:00'), 'origin': 'คลังบริการหลังการขาย', 'location_dest_id': 'FG13/Stock', 'default_code': 'SPV002100', 'product_uom_qty': 1, 'price_unit': 68.1919, 'sequence': 45, 'date': Timestamp('2025-08-23 00:00:00'), 'scheduled_date_orig': Timestamp('2025-11-30 00:00:00'), 'product_id': 'SPV002100'}
2025-11-27 10:24:25,582 - INFO - Using cached product ID for code: 'SPV002100'
2025-11-27 10:24:25,583 - INFO - Prepared product SPV002100 with quantity 1.0 for batch creation
2025-11-27 10:24:25,584 - INFO - Move locations - Source: 14, Dest: 52
2025-11-27 10:24:25,585 - INFO - Processing Excel row 46: {'partner_id': 'MOGEN_OB', 'scheduled_date': Timestamp('2025-11-30 00:00:00'), 'picking_type_id': 'FG13-OB', 'date_done': Timestamp('2025-11-30 00:00:00'), 'origin': 'คลังบริการหลังการขาย', 'location_dest_id': 'FG13/Stock', 'default_code': 'SPW012100', 'product_uom_qty': 1, 'price_unit': 120.728, 'sequence': 46, 'date': Timestamp('2025-08-25 00:00:00'), 'scheduled_date_orig': Timestamp('2025-11-30 00:00:00'), 'product_id': 'SPW012100'}
2025-11-27 10:24:25,585 - INFO - Searching for product with code: 'SPW012100' and old code: 'SPW012100'
2025-11-27 10:24:25,657 - INFO - Found product with exact match on default_code: 'SPW012100'
2025-11-27 10:24:25,739 - INFO - Prepared product SPW012100 with quantity 1.0 for batch creation
2025-11-27 10:24:25,740 - INFO - Move locations - Source: 14, Dest: 52
2025-11-27 10:24:25,741 - INFO - Processing Excel row 47: {'partner_id': 'MOGEN_OB', 'scheduled_date': Timestamp('2025-11-30 00:00:00'), 'picking_type_id': 'FG13-OB', 'date_done': Timestamp('2025-11-30 00:00:00'), 'origin': 'คลังบริการหลังการขาย', 'location_dest_id': 'FG13/Stock', 'default_code': 'SPW19N100', 'product_uom_qty': 1, 'price_unit': 225.7575, 'sequence': 47, 'date': Timestamp('2025-08-25 00:00:00'), 'scheduled_date_orig': Timestamp('2025-11-30 00:00:00'), 'product_id': 'SPW19N100'}
2025-11-27 10:24:25,741 - INFO - Using cached product ID for code: 'SPW19N100'
2025-11-27 10:24:25,741 - INFO - Prepared product SPW19N100 with quantity 1.0 for batch creation
2025-11-27 10:24:25,742 - INFO - Move locations - Source: 14, Dest: 52
2025-11-27 10:24:25,742 - INFO - Processing Excel row 48: {'partner_id': 'MOGEN_OB', 'scheduled_date': Timestamp('2025-11-30 00:00:00'), 'picking_type_id': 'FG13-OB', 'date_done': Timestamp('2025-11-30 00:00:00'), 'origin': 'คลังบริการหลังการขาย', 'location_dest_id': 'FG13/Stock', 'default_code': 'SPV003100', 'product_uom_qty': 3, 'price_unit': 92.50376666666666, 'sequence': 48, 'date': Timestamp('2025-08-26 00:00:00'), 'scheduled_date_orig': Timestamp('2025-11-30 00:00:00'), 'product_id': 'SPV003100'}
2025-11-27 10:24:25,743 - INFO - Searching for product with code: 'SPV003100' and old code: 'SPV003100'
2025-11-27 10:24:25,813 - INFO - Found product with exact match on default_code: 'SPV003100'
2025-11-27 10:24:25,881 - INFO - Prepared product SPV003100 with quantity 3.0 for batch creation
2025-11-27 10:24:25,882 - INFO - Move locations - Source: 14, Dest: 52
2025-11-27 10:24:25,883 - INFO - Processing Excel row 49: {'partner_id': 'MOGEN_OB', 'scheduled_date': Timestamp('2025-11-30 00:00:00'), 'picking_type_id': 'FG13-OB', 'date_done': Timestamp('2025-11-30 00:00:00'), 'origin': 'คลังบริการหลังการขาย', 'location_dest_id': 'FG13/Stock', 'default_code': 'FCA0006100', 'product_uom_qty': 1, 'price_unit': 340.2659, 'sequence': 49, 'date': Timestamp('2025-08-29 00:00:00'), 'scheduled_date_orig': Timestamp('2025-11-30 00:00:00'), 'product_id': 'FCA0006100'}
2025-11-27 10:24:25,884 - INFO - Using cached product ID for code: 'FCA0006100'
2025-11-27 10:24:25,885 - INFO - Prepared product FCA0006100 with quantity 1.0 for batch creation
2025-11-27 10:24:25,885 - INFO - Move locations - Source: 14, Dest: 52
2025-11-27 10:24:25,886 - INFO - Processing Excel row 50: {'partner_id': 'MOGEN_OB', 'scheduled_date': Timestamp('2025-11-30 00:00:00'), 'picking_type_id': 'FG13-OB', 'date_done': Timestamp('2025-11-30 00:00:00'), 'origin': 'คลังบริการหลังการขาย', 'location_dest_id': 'FG13/Stock', 'default_code': 'SPO001100', 'product_uom_qty': 1, 'price_unit': 16.5038, 'sequence': 50, 'date': Timestamp('2025-09-04 00:00:00'), 'scheduled_date_orig': Timestamp('2025-11-30 00:00:00'), 'product_id': 'SPO001100'}
2025-11-27 10:24:25,887 - INFO - Searching for product with code: 'SPO001100' and old code: 'SPO001100'
2025-11-27 10:24:25,951 - INFO - Found product with exact match on default_code: 'SPO001100'
2025-11-27 10:24:26,019 - INFO - Prepared product SPO001100 with quantity 1.0 for batch creation
2025-11-27 10:24:26,020 - INFO - Move locations - Source: 14, Dest: 52
2025-11-27 10:24:26,021 - INFO - Processing Excel row 51: {'partner_id': 'MOGEN_OB', 'scheduled_date': Timestamp('2025-11-30 00:00:00'), 'picking_type_id': 'FG13-OB', 'date_done': Timestamp('2025-11-30 00:00:00'), 'origin': 'คลังบริการหลังการขาย', 'location_dest_id': 'FG13/Stock', 'default_code': 'SPO001100', 'product_uom_qty': 1, 'price_unit': 16.5038, 'sequence': 51, 'date': Timestamp('2025-09-04 00:00:00'), 'scheduled_date_orig': Timestamp('2025-11-30 00:00:00'), 'product_id': 'SPO001100'}
2025-11-27 10:24:26,022 - INFO - Using cached product ID for code: 'SPO001100'
2025-11-27 10:24:26,023 - INFO - Prepared product SPO001100 with quantity 1.0 for batch creation
2025-11-27 10:24:26,023 - INFO - Move locations - Source: 14, Dest: 52
2025-11-27 10:24:26,024 - INFO - Processing Excel row 52: {'partner_id': 'MOGEN_OB', 'scheduled_date': Timestamp('2025-11-30 00:00:00'), 'picking_type_id': 'FG13-OB', 'date_done': Timestamp('2025-11-30 00:00:00'), 'origin': 'คลังบริการหลังการขาย', 'location_dest_id': 'FG13/Stock', 'default_code': 'SPO001100', 'product_uom_qty': 1, 'price_unit': 16.5038, 'sequence': 52, 'date': Timestamp('2025-09-04 00:00:00'), 'scheduled_date_orig': Timestamp('2025-11-30 00:00:00'), 'product_id': 'SPO001100'}
2025-11-27 10:24:26,025 - INFO - Using cached product ID for code: 'SPO001100'
2025-11-27 10:24:26,026 - INFO - Prepared product SPO001100 with quantity 1.0 for batch creation
2025-11-27 10:24:26,027 - INFO - Move locations - Source: 14, Dest: 52
2025-11-27 10:24:26,028 - INFO - Processing Excel row 53: {'partner_id': 'MOGEN_OB', 'scheduled_date': Timestamp('2025-11-30 00:00:00'), 'picking_type_id': 'FG13-OB', 'date_done': Timestamp('2025-11-30 00:00:00'), 'origin': 'คลังบริการหลังการขาย', 'location_dest_id': 'FG13/Stock', 'default_code': 'SPO001100', 'product_uom_qty': 1, 'price_unit': 16.5038, 'sequence': 53, 'date': Timestamp('2025-09-04 00:00:00'), 'scheduled_date_orig': Timestamp('2025-11-30 00:00:00'), 'product_id': 'SPO001100'}
2025-11-27 10:24:26,029 - INFO - Using cached product ID for code: 'SPO001100'
2025-11-27 10:24:26,030 - INFO - Prepared product SPO001100 with quantity 1.0 for batch creation
2025-11-27 10:24:26,031 - INFO - Move locations - Source: 14, Dest: 52
2025-11-27 10:24:26,032 - INFO - Processing Excel row 54: {'partner_id': 'MOGEN_OB', 'scheduled_date': Timestamp('2025-11-30 00:00:00'), 'picking_type_id': 'FG13-OB', 'date_done': Timestamp('2025-11-30 00:00:00'), 'origin': 'คลังบริการหลังการขาย', 'location_dest_id': 'FG13/Stock', 'default_code': 'SPO001100', 'product_uom_qty': 1, 'price_unit': 16.8325, 'sequence': 54, 'date': Timestamp('2025-09-08 00:00:00'), 'scheduled_date_orig': Timestamp('2025-11-30 00:00:00'), 'product_id': 'SPO001100'}
2025-11-27 10:24:26,033 - INFO - Using cached product ID for code: 'SPO001100'
2025-11-27 10:24:26,034 - INFO - Prepared product SPO001100 with quantity 1.0 for batch creation
2025-11-27 10:24:26,035 - INFO - Move locations - Source: 14, Dest: 52
2025-11-27 10:24:26,036 - INFO - Processing Excel row 55: {'partner_id': 'MOGEN_OB', 'scheduled_date': Timestamp('2025-11-30 00:00:00'), 'picking_type_id': 'FG13-OB', 'date_done': Timestamp('2025-11-30 00:00:00'), 'origin': 'คลังบริการหลังการขาย', 'location_dest_id': 'FG13/Stock', 'default_code': 'SPO001100', 'product_uom_qty': 1, 'price_unit': 16.5038, 'sequence': 55, 'date': Timestamp('2025-09-08 00:00:00'), 'scheduled_date_orig': Timestamp('2025-11-30 00:00:00'), 'product_id': 'SPO001100'}
2025-11-27 10:24:26,036 - INFO - Using cached product ID for code: 'SPO001100'
2025-11-27 10:24:26,037 - INFO - Prepared product SPO001100 with quantity 1.0 for batch creation
2025-11-27 10:24:26,038 - INFO - Move locations - Source: 14, Dest: 52
2025-11-27 10:24:26,038 - INFO - Processing Excel row 56: {'partner_id': 'MOGEN_OB', 'scheduled_date': Timestamp('2025-11-30 00:00:00'), 'picking_type_id': 'FG13-OB', 'date_done': Timestamp('2025-11-30 00:00:00'), 'origin': 'คลังบริการหลังการขาย', 'location_dest_id': 'FG13/Stock', 'default_code': 'SPO001100', 'product_uom_qty': 1, 'price_unit': 16.5038, 'sequence': 56, 'date': Timestamp('2025-09-08 00:00:00'), 'scheduled_date_orig': Timestamp('2025-11-30 00:00:00'), 'product_id': 'SPO001100'}
2025-11-27 10:24:26,039 - INFO - Using cached product ID for code: 'SPO001100'
2025-11-27 10:24:26,040 - INFO - Prepared product SPO001100 with quantity 1.0 for batch creation
2025-11-27 10:24:26,040 - INFO - Move locations - Source: 14, Dest: 52
2025-11-27 10:24:26,041 - INFO - Processing Excel row 57: {'partner_id': 'MOGEN_OB', 'scheduled_date': Timestamp('2025-11-30 00:00:00'), 'picking_type_id': 'FG13-OB', 'date_done': Timestamp('2025-11-30 00:00:00'), 'origin': 'คลังบริการหลังการขาย', 'location_dest_id': 'FG13/Stock', 'default_code': 'SPW012100', 'product_uom_qty': 1, 'price_unit': 120.728, 'sequence': 57, 'date': Timestamp('2025-09-08 00:00:00'), 'scheduled_date_orig': Timestamp('2025-11-30 00:00:00'), 'product_id': 'SPW012100'}
2025-11-27 10:24:26,042 - INFO - Using cached product ID for code: 'SPW012100'
2025-11-27 10:24:26,042 - INFO - Prepared product SPW012100 with quantity 1.0 for batch creation
2025-11-27 10:24:26,043 - INFO - Move locations - Source: 14, Dest: 52
2025-11-27 10:24:26,045 - INFO - Processing Excel row 58: {'partner_id': 'MOGEN_OB', 'scheduled_date': Timestamp('2025-11-30 00:00:00'), 'picking_type_id': 'FG13-OB', 'date_done': Timestamp('2025-11-30 00:00:00'), 'origin': 'คลังบริการหลังการขาย', 'location_dest_id': 'FG13/Stock', 'default_code': 'SPW19N100', 'product_uom_qty': 1, 'price_unit': 224.2237, 'sequence': 58, 'date': Timestamp('2025-09-08 00:00:00'), 'scheduled_date_orig': Timestamp('2025-11-30 00:00:00'), 'product_id': 'SPW19N100'}
2025-11-27 10:24:26,045 - INFO - Using cached product ID for code: 'SPW19N100'
2025-11-27 10:24:26,046 - INFO - Prepared product SPW19N100 with quantity 1.0 for batch creation
2025-11-27 10:24:26,046 - INFO - Move locations - Source: 14, Dest: 52
2025-11-27 10:24:26,047 - INFO - Processing Excel row 59: {'partner_id': 'MOGEN_OB', 'scheduled_date': Timestamp('2025-11-30 00:00:00'), 'picking_type_id': 'FG13-OB', 'date_done': Timestamp('2025-11-30 00:00:00'), 'origin': 'คลังบริการหลังการขาย', 'location_dest_id': 'FG13/Stock', 'default_code': 'SPO001100', 'product_uom_qty': 1, 'price_unit': 16.5038, 'sequence': 59, 'date': Timestamp('2025-09-11 00:00:00'), 'scheduled_date_orig': Timestamp('2025-11-30 00:00:00'), 'product_id': 'SPO001100'}
2025-11-27 10:24:26,047 - INFO - Using cached product ID for code: 'SPO001100'
2025-11-27 10:24:26,048 - INFO - Prepared product SPO001100 with quantity 1.0 for batch creation
2025-11-27 10:24:26,048 - INFO - Move locations - Source: 14, Dest: 52
2025-11-27 10:24:26,049 - INFO - Processing Excel row 60: {'partner_id': 'MOGEN_OB', 'scheduled_date': Timestamp('2025-11-30 00:00:00'), 'picking_type_id': 'FG13-OB', 'date_done': Timestamp('2025-11-30 00:00:00'), 'origin': 'คลังบริการหลังการขาย', 'location_dest_id': 'FG13/Stock', 'default_code': 'SPO001100', 'product_uom_qty': 1, 'price_unit': 16.5038, 'sequence': 60, 'date': Timestamp('2025-09-11 00:00:00'), 'scheduled_date_orig': Timestamp('2025-11-30 00:00:00'), 'product_id': 'SPO001100'}
2025-11-27 10:24:26,049 - INFO - Using cached product ID for code: 'SPO001100'
2025-11-27 10:24:26,050 - INFO - Prepared product SPO001100 with quantity 1.0 for batch creation
2025-11-27 10:24:26,050 - INFO - Move locations - Source: 14, Dest: 52
2025-11-27 10:24:26,051 - INFO - Processing Excel row 61: {'partner_id': 'MOGEN_OB', 'scheduled_date': Timestamp('2025-11-30 00:00:00'), 'picking_type_id': 'FG13-OB', 'date_done': Timestamp('2025-11-30 00:00:00'), 'origin': 'คลังบริการหลังการขาย', 'location_dest_id': 'FG13/Stock', 'default_code': 'SPO001100', 'product_uom_qty': 1, 'price_unit': 16.5038, 'sequence': 61, 'date': Timestamp('2025-09-11 00:00:00'), 'scheduled_date_orig': Timestamp('2025-11-30 00:00:00'), 'product_id': 'SPO001100'}
2025-11-27 10:24:26,051 - INFO - Using cached product ID for code: 'SPO001100'
2025-11-27 10:24:26,051 - INFO - Prepared product SPO001100 with quantity 1.0 for batch creation
2025-11-27 10:24:26,052 - INFO - Move locations - Source: 14, Dest: 52
2025-11-27 10:24:26,052 - INFO - Processing Excel row 62: {'partner_id': 'MOGEN_OB', 'scheduled_date': Timestamp('2025-11-30 00:00:00'), 'picking_type_id': 'FG13-OB', 'date_done': Timestamp('2025-11-30 00:00:00'), 'origin': 'คลังบริการหลังการขาย', 'location_dest_id': 'FG13/Stock', 'default_code': 'SPO001100', 'product_uom_qty': 1, 'price_unit': 17.1738, 'sequence': 62, 'date': Timestamp('2025-09-15 00:00:00'), 'scheduled_date_orig': Timestamp('2025-11-30 00:00:00'), 'product_id': 'SPO001100'}
2025-11-27 10:24:26,052 - INFO - Using cached product ID for code: 'SPO001100'
2025-11-27 10:24:26,053 - INFO - Prepared product SPO001100 with quantity 1.0 for batch creation
2025-11-27 10:24:26,053 - INFO - Move locations - Source: 14, Dest: 52
2025-11-27 10:24:26,053 - INFO - Processing Excel row 63: {'partner_id': 'MOGEN_OB', 'scheduled_date': Timestamp('2025-11-30 00:00:00'), 'picking_type_id': 'FG13-OB', 'date_done': Timestamp('2025-11-30 00:00:00'), 'origin': 'คลังบริการหลังการขาย', 'location_dest_id': 'FG13/Stock', 'default_code': 'SPO001100', 'product_uom_qty': 1, 'price_unit': 17.1738, 'sequence': 63, 'date': Timestamp('2025-09-15 00:00:00'), 'scheduled_date_orig': Timestamp('2025-11-30 00:00:00'), 'product_id': 'SPO001100'}
2025-11-27 10:24:26,054 - INFO - Using cached product ID for code: 'SPO001100'
2025-11-27 10:24:26,054 - INFO - Prepared product SPO001100 with quantity 1.0 for batch creation
2025-11-27 10:24:26,054 - INFO - Move locations - Source: 14, Dest: 52
2025-11-27 10:24:26,055 - INFO - Processing Excel row 64: {'partner_id': 'MOGEN_OB', 'scheduled_date': Timestamp('2025-11-30 00:00:00'), 'picking_type_id': 'FG13-OB', 'date_done': Timestamp('2025-11-30 00:00:00'), 'origin': 'คลังบริการหลังการขาย', 'location_dest_id': 'FG13/Stock', 'default_code': 'SPO001100', 'product_uom_qty': 1, 'price_unit': 17.1738, 'sequence': 64, 'date': Timestamp('2025-09-15 00:00:00'), 'scheduled_date_orig': Timestamp('2025-11-30 00:00:00'), 'product_id': 'SPO001100'}
2025-11-27 10:24:26,055 - INFO - Using cached product ID for code: 'SPO001100'
2025-11-27 10:24:26,056 - INFO - Prepared product SPO001100 with quantity 1.0 for batch creation
2025-11-27 10:24:26,056 - INFO - Move locations - Source: 14, Dest: 52
2025-11-27 10:24:26,056 - INFO - Processing Excel row 65: {'partner_id': 'MOGEN_OB', 'scheduled_date': Timestamp('2025-11-30 00:00:00'), 'picking_type_id': 'FG13-OB', 'date_done': Timestamp('2025-11-30 00:00:00'), 'origin': 'คลังบริการหลังการขาย', 'location_dest_id': 'FG13/Stock', 'default_code': 'SPO001100', 'product_uom_qty': 1, 'price_unit': 17.1738, 'sequence': 65, 'date': Timestamp('2025-09-18 00:00:00'), 'scheduled_date_orig': Timestamp('2025-11-30 00:00:00'), 'product_id': 'SPO001100'}
2025-11-27 10:24:26,057 - INFO - Using cached product ID for code: 'SPO001100'
2025-11-27 10:24:26,057 - INFO - Prepared product SPO001100 with quantity 1.0 for batch creation
2025-11-27 10:24:26,058 - INFO - Move locations - Source: 14, Dest: 52
2025-11-27 10:24:26,058 - INFO - Processing Excel row 66: {'partner_id': 'MOGEN_OB', 'scheduled_date': Timestamp('2025-11-30 00:00:00'), 'picking_type_id': 'FG13-OB', 'date_done': Timestamp('2025-11-30 00:00:00'), 'origin': 'คลังบริการหลังการขาย', 'location_dest_id': 'FG13/Stock', 'default_code': 'SPO001100', 'product_uom_qty': 1, 'price_unit': 17.1739, 'sequence': 66, 'date': Timestamp('2025-09-18 00:00:00'), 'scheduled_date_orig': Timestamp('2025-11-30 00:00:00'), 'product_id': 'SPO001100'}
2025-11-27 10:24:26,059 - INFO - Using cached product ID for code: 'SPO001100'
2025-11-27 10:24:26,059 - INFO - Prepared product SPO001100 with quantity 1.0 for batch creation
2025-11-27 10:24:26,060 - INFO - Move locations - Source: 14, Dest: 52
2025-11-27 10:24:26,060 - INFO - Processing Excel row 67: {'partner_id': 'MOGEN_OB', 'scheduled_date': Timestamp('2025-11-30 00:00:00'), 'picking_type_id': 'FG13-OB', 'date_done': Timestamp('2025-11-30 00:00:00'), 'origin': 'คลังบริการหลังการขาย', 'location_dest_id': 'FG13/Stock', 'default_code': 'SPW012100', 'product_uom_qty': 1, 'price_unit': 120.7279, 'sequence': 67, 'date': Timestamp('2025-09-22 00:00:00'), 'scheduled_date_orig': Timestamp('2025-11-30 00:00:00'), 'product_id': 'SPW012100'}
2025-11-27 10:24:26,061 - INFO - Using cached product ID for code: 'SPW012100'
2025-11-27 10:24:26,061 - INFO - Prepared product SPW012100 with quantity 1.0 for batch creation
2025-11-27 10:24:26,061 - INFO - Move locations - Source: 14, Dest: 52
2025-11-27 10:24:26,062 - INFO - Processing Excel row 68: {'partner_id': 'MOGEN_OB', 'scheduled_date': Timestamp('2025-11-30 00:00:00'), 'picking_type_id': 'FG13-OB', 'date_done': Timestamp('2025-11-30 00:00:00'), 'origin': 'คลังบริการหลังการขาย', 'location_dest_id': 'FG13/Stock', 'default_code': 'SP0003100', 'product_uom_qty': 1, 'price_unit': 63.7746, 'sequence': 68, 'date': Timestamp('2025-09-25 00:00:00'), 'scheduled_date_orig': Timestamp('2025-11-30 00:00:00'), 'product_id': 'SP0003100'}
2025-11-27 10:24:26,062 - INFO - Searching for product with code: 'SP0003100' and old code: 'SP0003100'
2025-11-27 10:24:26,127 - INFO - Found product with exact match on default_code: 'SP0003100'
2025-11-27 10:24:26,200 - INFO - Prepared product SP0003100 with quantity 1.0 for batch creation
2025-11-27 10:24:26,202 - INFO - Move locations - Source: 14, Dest: 52
2025-11-27 10:24:26,203 - INFO - Processing Excel row 69: {'partner_id': 'MOGEN_OB', 'scheduled_date': Timestamp('2025-11-30 00:00:00'), 'picking_type_id': 'FG13-OB', 'date_done': Timestamp('2025-11-30 00:00:00'), 'origin': 'คลังบริการหลังการขาย', 'location_dest_id': 'FG13/Stock', 'default_code': 'SPV0009100', 'product_uom_qty': 1, 'price_unit': 89.5559, 'sequence': 69, 'date': Timestamp('2025-09-25 00:00:00'), 'scheduled_date_orig': Timestamp('2025-11-30 00:00:00'), 'product_id': 'SPV0009100'}
2025-11-27 10:24:26,205 - INFO - Searching for product with code: 'SPV0009100' and old code: 'SPV0009100'
2025-11-27 10:24:26,279 - INFO - Found product with exact match on default_code: 'SPV0009100'
2025-11-27 10:24:26,357 - INFO - Prepared product SPV0009100 with quantity 1.0 for batch creation
2025-11-27 10:24:26,358 - INFO - Move locations - Source: 14, Dest: 52
2025-11-27 10:24:26,358 - INFO - Processing Excel row 70: {'partner_id': 'MOGEN_OB', 'scheduled_date': Timestamp('2025-11-30 00:00:00'), 'picking_type_id': 'FG13-OB', 'date_done': Timestamp('2025-11-30 00:00:00'), 'origin': 'คลังบริการหลังการขาย', 'location_dest_id': 'FG13/Stock', 'default_code': 'SPV003100', 'product_uom_qty': 1, 'price_unit': 94.1428, 'sequence': 70, 'date': Timestamp('2025-09-25 00:00:00'), 'scheduled_date_orig': Timestamp('2025-11-30 00:00:00'), 'product_id': 'SPV003100'}
2025-11-27 10:24:26,359 - INFO - Using cached product ID for code: 'SPV003100'
2025-11-27 10:24:26,359 - INFO - Prepared product SPV003100 with quantity 1.0 for batch creation
2025-11-27 10:24:26,360 - INFO - Move locations - Source: 14, Dest: 52
2025-11-27 10:24:26,360 - INFO - Processing Excel row 71: {'partner_id': 'MOGEN_OB', 'scheduled_date': Timestamp('2025-11-30 00:00:00'), 'picking_type_id': 'FG13-OB', 'date_done': Timestamp('2025-11-30 00:00:00'), 'origin': 'คลังบริการหลังการขาย', 'location_dest_id': 'FG13/Stock', 'default_code': 'SP0003100', 'product_uom_qty': 8, 'price_unit': 66.9954, 'sequence': 71, 'date': Timestamp('2025-10-06 00:00:00'), 'scheduled_date_orig': Timestamp('2025-11-30 00:00:00'), 'product_id': 'SP0003100'}
2025-11-27 10:24:26,361 - INFO - Using cached product ID for code: 'SP0003100'
2025-11-27 10:24:26,361 - INFO - Prepared product SP0003100 with quantity 8.0 for batch creation
2025-11-27 10:24:26,361 - INFO - Move locations - Source: 14, Dest: 52
2025-11-27 10:24:26,362 - INFO - Processing Excel row 72: {'partner_id': 'MOGEN_OB', 'scheduled_date': Timestamp('2025-11-30 00:00:00'), 'picking_type_id': 'FG13-OB', 'date_done': Timestamp('2025-11-30 00:00:00'), 'origin': 'คลังบริการหลังการขาย', 'location_dest_id': 'FG13/Stock', 'default_code': 'SP0003100', 'product_uom_qty': 2, 'price_unit': 40.77795, 'sequence': 72, 'date': Timestamp('2025-10-06 00:00:00'), 'scheduled_date_orig': Timestamp('2025-11-30 00:00:00'), 'product_id': 'SP0003100'}
2025-11-27 10:24:26,362 - INFO - Using cached product ID for code: 'SP0003100'
2025-11-27 10:24:26,363 - INFO - Prepared product SP0003100 with quantity 2.0 for batch creation
2025-11-27 10:24:26,363 - INFO - Move locations - Source: 14, Dest: 52
2025-11-27 10:24:26,364 - INFO - Processing Excel row 73: {'partner_id': 'MOGEN_OB', 'scheduled_date': Timestamp('2025-11-30 00:00:00'), 'picking_type_id': 'FG13-OB', 'date_done': Timestamp('2025-11-30 00:00:00'), 'origin': 'คลังบริการหลังการขาย', 'location_dest_id': 'FG13/Stock', 'default_code': 'SWR0006100', 'product_uom_qty': 1, 'price_unit': 1851.9404, 'sequence': 73, 'date': Timestamp('2025-10-07 00:00:00'), 'scheduled_date_orig': Timestamp('2025-11-30 00:00:00'), 'product_id': 'SWR0006100'}
2025-11-27 10:24:26,364 - INFO - Searching for product with code: 'SWR0006100' and old code: 'SWR0006100'
2025-11-27 10:24:26,429 - INFO - Found product with exact match on default_code: 'SWR0006100'
2025-11-27 10:24:26,500 - INFO - Prepared product SWR0006100 with quantity 1.0 for batch creation
2025-11-27 10:24:26,500 - INFO - Move locations - Source: 14, Dest: 52
2025-11-27 10:24:26,501 - INFO - Processing Excel row 74: {'partner_id': 'MOGEN_OB', 'scheduled_date': Timestamp('2025-11-30 00:00:00'), 'picking_type_id': 'FG13-OB', 'date_done': Timestamp('2025-11-30 00:00:00'), 'origin': 'คลังบริการหลังการขาย', 'location_dest_id': 'FG13/Stock', 'default_code': 'WD0003100', 'product_uom_qty': 4, 'price_unit': 156.37715, 'sequence': 74, 'date': Timestamp('2025-10-20 00:00:00'), 'scheduled_date_orig': Timestamp('2025-11-30 00:00:00'), 'product_id': 'WD0003100'}
2025-11-27 10:24:26,501 - INFO - Searching for product with code: 'WD0003100' and old code: 'WD0003100'
2025-11-27 10:24:26,567 - INFO - Found product with exact match on default_code: 'WD0003100'
2025-11-27 10:24:26,642 - INFO - Prepared product WD0003100 with quantity 4.0 for batch creation
2025-11-27 10:24:26,643 - INFO - Move locations - Source: 14, Dest: 52
2025-11-27 10:24:26,644 - INFO - Processing Excel row 75: {'partner_id': 'MOGEN_OB', 'scheduled_date': Timestamp('2025-11-30 00:00:00'), 'picking_type_id': 'FG13-OB', 'date_done': Timestamp('2025-11-30 00:00:00'), 'origin': 'คลังบริการหลังการขาย', 'location_dest_id': 'FG13/Stock', 'default_code': 'SP0003100', 'product_uom_qty': 1, 'price_unit': 49.0567, 'sequence': 75, 'date': Timestamp('2025-10-22 00:00:00'), 'scheduled_date_orig': Timestamp('2025-11-30 00:00:00'), 'product_id': 'SP0003100'}
2025-11-27 10:24:26,645 - INFO - Using cached product ID for code: 'SP0003100'
2025-11-27 10:24:26,645 - INFO - Prepared product SP0003100 with quantity 1.0 for batch creation
2025-11-27 10:24:26,646 - INFO - Move locations - Source: 14, Dest: 52
2025-11-27 10:24:26,647 - INFO - Processing Excel row 76: {'partner_id': 'MOGEN_OB', 'scheduled_date': Timestamp('2025-11-30 00:00:00'), 'picking_type_id': 'FG13-OB', 'date_done': Timestamp('2025-11-30 00:00:00'), 'origin': 'คลังบริการหลังการขาย', 'location_dest_id': 'FG13/Stock', 'default_code': 'SPV003100', 'product_uom_qty': 1, 'price_unit': 86.5921, 'sequence': 76, 'date': Timestamp('2025-10-22 00:00:00'), 'scheduled_date_orig': Timestamp('2025-11-30 00:00:00'), 'product_id': 'SPV003100'}
2025-11-27 10:24:26,647 - INFO - Using cached product ID for code: 'SPV003100'
2025-11-27 10:24:26,648 - INFO - Prepared product SPV003100 with quantity 1.0 for batch creation
2025-11-27 10:24:26,648 - INFO - Move locations - Source: 14, Dest: 52
2025-11-27 10:24:26,649 - INFO - Processing Excel row 77: {'partner_id': 'MOGEN_OB', 'scheduled_date': Timestamp('2025-11-30 00:00:00'), 'picking_type_id': 'FG13-OB', 'date_done': Timestamp('2025-11-30 00:00:00'), 'origin': 'คลังบริการหลังการขาย', 'location_dest_id': 'FG13/Stock', 'default_code': 'WD0003100', 'product_uom_qty': 1, 'price_unit': 156.3771, 'sequence': 77, 'date': Timestamp('2025-10-22 00:00:00'), 'scheduled_date_orig': Timestamp('2025-11-30 00:00:00'), 'product_id': 'WD0003100'}
2025-11-27 10:24:26,650 - INFO - Using cached product ID for code: 'WD0003100'
2025-11-27 10:24:26,651 - INFO - Prepared product WD0003100 with quantity 1.0 for batch creation
2025-11-27 10:24:26,651 - INFO - Move locations - Source: 14, Dest: 52
2025-11-27 10:24:26,652 - INFO - Processing Excel row 78: {'partner_id': 'MOGEN_OB', 'scheduled_date': Timestamp('2025-11-30 00:00:00'), 'picking_type_id': 'FG13-OB', 'date_done': Timestamp('2025-11-30 00:00:00'), 'origin': 'คลังบริการหลังการขาย', 'location_dest_id': 'FG13/Stock', 'default_code': 'SP0003100', 'product_uom_qty': 1, 'price_unit': 63.7746, 'sequence': 78, 'date': Timestamp('2025-10-23 00:00:00'), 'scheduled_date_orig': Timestamp('2025-11-30 00:00:00'), 'product_id': 'SP0003100'}
2025-11-27 10:24:26,653 - INFO - Using cached product ID for code: 'SP0003100'
2025-11-27 10:24:26,653 - INFO - Prepared product SP0003100 with quantity 1.0 for batch creation
2025-11-27 10:24:26,654 - INFO - Move locations - Source: 14, Dest: 52
2025-11-27 10:24:26,655 - INFO - Processing Excel row 79: {'partner_id': 'MOGEN_OB', 'scheduled_date': Timestamp('2025-11-30 00:00:00'), 'picking_type_id': 'FG13-OB', 'date_done': Timestamp('2025-11-30 00:00:00'), 'origin': 'คลังบริการหลังการขาย', 'location_dest_id': 'FG13/Stock', 'default_code': 'SPV003100', 'product_uom_qty': 1, 'price_unit': 94.1428, 'sequence': 79, 'date': Timestamp('2025-10-23 00:00:00'), 'scheduled_date_orig': Timestamp('2025-11-30 00:00:00'), 'product_id': 'SPV003100'}
2025-11-27 10:24:26,656 - INFO - Using cached product ID for code: 'SPV003100'
2025-11-27 10:24:26,657 - INFO - Prepared product SPV003100 with quantity 1.0 for batch creation
2025-11-27 10:24:26,657 - INFO - Move locations - Source: 14, Dest: 52
2025-11-27 10:24:26,658 - INFO - Processing Excel row 80: {'partner_id': 'MOGEN_OB', 'scheduled_date': Timestamp('2025-11-30 00:00:00'), 'picking_type_id': 'FG13-OB', 'date_done': Timestamp('2025-11-30 00:00:00'), 'origin': 'คลังบริการหลังการขาย', 'location_dest_id': 'FG13/Stock', 'default_code': 'SPV003100', 'product_uom_qty': 1, 'price_unit': 94.1428, 'sequence': 80, 'date': Timestamp('2025-10-23 00:00:00'), 'scheduled_date_orig': Timestamp('2025-11-30 00:00:00'), 'product_id': 'SPV003100'}
2025-11-27 10:24:26,659 - INFO - Using cached product ID for code: 'SPV003100'
2025-11-27 10:24:26,660 - INFO - Prepared product SPV003100 with quantity 1.0 for batch creation
2025-11-27 10:24:26,660 - INFO - Move locations - Source: 14, Dest: 52
2025-11-27 10:24:26,661 - INFO - Processing Excel row 81: {'partner_id': 'MOGEN_OB', 'scheduled_date': Timestamp('2025-11-30 00:00:00'), 'picking_type_id': 'FG13-OB', 'date_done': Timestamp('2025-11-30 00:00:00'), 'origin': 'คลังบริการหลังการขาย', 'location_dest_id': 'FG13/Stock', 'default_code': 'SPW012100', 'product_uom_qty': 1, 'price_unit': 120.728, 'sequence': 81, 'date': Timestamp('2025-10-23 00:00:00'), 'scheduled_date_orig': Timestamp('2025-11-30 00:00:00'), 'product_id': 'SPW012100'}
2025-11-27 10:24:26,661 - INFO - Using cached product ID for code: 'SPW012100'
2025-11-27 10:24:26,662 - INFO - Prepared product SPW012100 with quantity 1.0 for batch creation
2025-11-27 10:24:26,663 - INFO - Move locations - Source: 14, Dest: 52
2025-11-27 10:24:26,664 - INFO - Processing Excel row 82: {'partner_id': 'MOGEN_OB', 'scheduled_date': Timestamp('2025-11-30 00:00:00'), 'picking_type_id': 'FG13-OB', 'date_done': Timestamp('2025-11-30 00:00:00'), 'origin': 'คลังบริการหลังการขาย', 'location_dest_id': 'FG13/Stock', 'default_code': 'SP0008100', 'product_uom_qty': 1, 'price_unit': 18.859, 'sequence': 82, 'date': Timestamp('2025-11-06 00:00:00'), 'scheduled_date_orig': Timestamp('2025-11-30 00:00:00'), 'product_id': 'SP0008100'}
2025-11-27 10:24:26,664 - INFO - Searching for product with code: 'SP0008100' and old code: 'SP0008100'
2025-11-27 10:24:26,735 - INFO - Found product with exact match on default_code: 'SP0008100'
2025-11-27 10:24:26,806 - INFO - Prepared product SP0008100 with quantity 1.0 for batch creation
2025-11-27 10:24:26,807 - INFO - Move locations - Source: 14, Dest: 52
2025-11-27 10:24:26,808 - INFO - Processing Excel row 83: {'partner_id': 'MOGEN_OB', 'scheduled_date': Timestamp('2025-11-30 00:00:00'), 'picking_type_id': 'FG13-OB', 'date_done': Timestamp('2025-11-30 00:00:00'), 'origin': 'คลังบริการหลังการขาย', 'location_dest_id': 'FG13/Stock', 'default_code': 'SP0033100', 'product_uom_qty': 1, 'price_unit': 26.2136, 'sequence': 83, 'date': Timestamp('2025-11-06 00:00:00'), 'scheduled_date_orig': Timestamp('2025-11-30 00:00:00'), 'product_id': 'SP0033100'}
2025-11-27 10:24:26,809 - INFO - Searching for product with code: 'SP0033100' and old code: 'SP0033100'
2025-11-27 10:24:26,883 - INFO - Found product with exact match on default_code: 'SP0033100'
2025-11-27 10:24:26,954 - INFO - Prepared product SP0033100 with quantity 1.0 for batch creation
2025-11-27 10:24:26,955 - INFO - Move locations - Source: 14, Dest: 52
2025-11-27 10:24:26,957 - INFO - Processing Excel row 84: {'partner_id': 'MOGEN_OB', 'scheduled_date': Timestamp('2025-11-30 00:00:00'), 'picking_type_id': 'FG13-OB', 'date_done': Timestamp('2025-11-30 00:00:00'), 'origin': 'คลังบริการหลังการขาย', 'location_dest_id': 'FG13/Stock', 'default_code': 'SP0033100', 'product_uom_qty': 1, 'price_unit': 26.2136, 'sequence': 84, 'date': Timestamp('2025-11-06 00:00:00'), 'scheduled_date_orig': Timestamp('2025-11-30 00:00:00'), 'product_id': 'SP0033100'}
2025-11-27 10:24:26,957 - INFO - Using cached product ID for code: 'SP0033100'
2025-11-27 10:24:26,958 - INFO - Prepared product SP0033100 with quantity 1.0 for batch creation
2025-11-27 10:24:26,959 - INFO - Move locations - Source: 14, Dest: 52
2025-11-27 10:24:26,960 - INFO - Processing Excel row 85: {'partner_id': 'MOGEN_OB', 'scheduled_date': Timestamp('2025-11-30 00:00:00'), 'picking_type_id': 'FG13-OB', 'date_done': Timestamp('2025-11-30 00:00:00'), 'origin': 'คลังบริการหลังการขาย', 'location_dest_id': 'FG13/Stock', 'default_code': 'SP0008100', 'product_uom_qty': 2, 'price_unit': 18.85895, 'sequence': 85, 'date': Timestamp('2025-11-11 00:00:00'), 'scheduled_date_orig': Timestamp('2025-11-30 00:00:00'), 'product_id': 'SP0008100'}
2025-11-27 10:24:26,961 - INFO - Using cached product ID for code: 'SP0008100'
2025-11-27 10:24:26,962 - INFO - Prepared product SP0008100 with quantity 2.0 for batch creation
2025-11-27 10:24:26,963 - INFO - Move locations - Source: 14, Dest: 52
2025-11-27 10:24:26,964 - INFO - Processing Excel row 86: {'partner_id': 'MOGEN_OB', 'scheduled_date': Timestamp('2025-11-30 00:00:00'), 'picking_type_id': 'FG13-OB', 'date_done': Timestamp('2025-11-30 00:00:00'), 'origin': 'คลังบริการหลังการขาย', 'location_dest_id': 'FG13/Stock', 'default_code': 'SP0008100', 'product_uom_qty': 1, 'price_unit': 73.4775, 'sequence': 86, 'date': Timestamp('2025-11-11 00:00:00'), 'scheduled_date_orig': Timestamp('2025-11-30 00:00:00'), 'product_id': 'SP0008100'}
2025-11-27 10:24:26,965 - INFO - Using cached product ID for code: 'SP0008100'
2025-11-27 10:24:26,965 - INFO - Prepared product SP0008100 with quantity 1.0 for batch creation
2025-11-27 10:24:26,966 - INFO - Move locations - Source: 14, Dest: 52
2025-11-27 10:24:26,967 - INFO - Processing Excel row 87: {'partner_id': 'MOGEN_OB', 'scheduled_date': Timestamp('2025-11-30 00:00:00'), 'picking_type_id': 'FG13-OB', 'date_done': Timestamp('2025-11-30 00:00:00'), 'origin': 'คลังบริการหลังการขาย', 'location_dest_id': 'FG13/Stock', 'default_code': 'SP0008100', 'product_uom_qty': 1, 'price_unit': 18.859, 'sequence': 87, 'date': Timestamp('2025-11-11 00:00:00'), 'scheduled_date_orig': Timestamp('2025-11-30 00:00:00'), 'product_id': 'SP0008100'}
2025-11-27 10:24:26,968 - INFO - Using cached product ID for code: 'SP0008100'
2025-11-27 10:24:26,969 - INFO - Prepared product SP0008100 with quantity 1.0 for batch creation
2025-11-27 10:24:26,970 - INFO - Move locations - Source: 14, Dest: 52
2025-11-27 10:24:26,971 - INFO - Processing Excel row 88: {'partner_id': 'MOGEN_OB', 'scheduled_date': Timestamp('2025-11-30 00:00:00'), 'picking_type_id': 'FG13-OB', 'date_done': Timestamp('2025-11-30 00:00:00'), 'origin': 'คลังบริการหลังการขาย', 'location_dest_id': 'FG13/Stock', 'default_code': 'SP0008100', 'product_uom_qty': 1, 'price_unit': 73.4775, 'sequence': 88, 'date': Timestamp('2025-11-11 00:00:00'), 'scheduled_date_orig': Timestamp('2025-11-30 00:00:00'), 'product_id': 'SP0008100'}
2025-11-27 10:24:26,972 - INFO - Using cached product ID for code: 'SP0008100'
2025-11-27 10:24:26,973 - INFO - Prepared product SP0008100 with quantity 1.0 for batch creation
2025-11-27 10:24:26,974 - INFO - Move locations - Source: 14, Dest: 52
2025-11-27 10:24:26,975 - INFO - Processing Excel row 89: {'partner_id': 'MOGEN_OB', 'scheduled_date': Timestamp('2025-11-30 00:00:00'), 'picking_type_id': 'FG13-OB', 'date_done': Timestamp('2025-11-30 00:00:00'), 'origin': 'คลังบริการหลังการขาย', 'location_dest_id': 'FG13/Stock', 'default_code': 'SP0033100', 'product_uom_qty': 2, 'price_unit': 26.2136, 'sequence': 89, 'date': Timestamp('2025-11-11 00:00:00'), 'scheduled_date_orig': Timestamp('2025-11-30 00:00:00'), 'product_id': 'SP0033100'}
2025-11-27 10:24:26,976 - INFO - Using cached product ID for code: 'SP0033100'
2025-11-27 10:24:26,977 - INFO - Prepared product SP0033100 with quantity 2.0 for batch creation
2025-11-27 10:24:26,978 - INFO - Move locations - Source: 14, Dest: 52
2025-11-27 10:24:26,979 - INFO - Processing Excel row 90: {'partner_id': 'MOGEN_OB', 'scheduled_date': Timestamp('2025-11-30 00:00:00'), 'picking_type_id': 'FG13-OB', 'date_done': Timestamp('2025-11-30 00:00:00'), 'origin': 'คลังบริการหลังการขาย', 'location_dest_id': 'FG13/Stock', 'default_code': 'SP0033100', 'product_uom_qty': 1, 'price_unit': 26.2136, 'sequence': 90, 'date': Timestamp('2025-11-11 00:00:00'), 'scheduled_date_orig': Timestamp('2025-11-30 00:00:00'), 'product_id': 'SP0033100'}
2025-11-27 10:24:26,980 - INFO - Using cached product ID for code: 'SP0033100'
2025-11-27 10:24:26,981 - INFO - Prepared product SP0033100 with quantity 1.0 for batch creation
2025-11-27 10:24:26,982 - INFO - Move locations - Source: 14, Dest: 52
2025-11-27 10:24:26,983 - INFO - Processing Excel row 91: {'partner_id': 'MOGEN_OB', 'scheduled_date': Timestamp('2025-11-30 00:00:00'), 'picking_type_id': 'FG13-OB', 'date_done': Timestamp('2025-11-30 00:00:00'), 'origin': 'คลังบริการหลังการขาย', 'location_dest_id': 'FG13/Stock', 'default_code': 'SP0033100', 'product_uom_qty': 1, 'price_unit': 26.2136, 'sequence': 91, 'date': Timestamp('2025-11-11 00:00:00'), 'scheduled_date_orig': Timestamp('2025-11-30 00:00:00'), 'product_id': 'SP0033100'}
2025-11-27 10:24:26,984 - INFO - Using cached product ID for code: 'SP0033100'
2025-11-27 10:24:26,985 - INFO - Prepared product SP0033100 with quantity 1.0 for batch creation
2025-11-27 10:24:26,986 - INFO - Move locations - Source: 14, Dest: 52
2025-11-27 10:24:26,987 - INFO - Processing Excel row 92: {'partner_id': 'MOGEN_OB', 'scheduled_date': Timestamp('2025-11-30 00:00:00'), 'picking_type_id': 'FG13-OB', 'date_done': Timestamp('2025-11-30 00:00:00'), 'origin': 'คลังบริการหลังการขาย', 'location_dest_id': 'FG13/Stock', 'default_code': 'SP0033100', 'product_uom_qty': 1, 'price_unit': 26.2136, 'sequence': 92, 'date': Timestamp('2025-11-11 00:00:00'), 'scheduled_date_orig': Timestamp('2025-11-30 00:00:00'), 'product_id': 'SP0033100'}
2025-11-27 10:24:26,987 - INFO - Using cached product ID for code: 'SP0033100'
2025-11-27 10:24:26,988 - INFO - Prepared product SP0033100 with quantity 1.0 for batch creation
2025-11-27 10:24:26,988 - INFO - Move locations - Source: 14, Dest: 52
2025-11-27 10:24:26,989 - INFO - Processing Excel row 93: {'partner_id': 'MOGEN_OB', 'scheduled_date': Timestamp('2025-11-30 00:00:00'), 'picking_type_id': 'FG13-OB', 'date_done': Timestamp('2025-11-30 00:00:00'), 'origin': 'คลังบริการหลังการขาย', 'location_dest_id': 'FG13/Stock', 'default_code': 'SP0103100', 'product_uom_qty': 10, 'price_unit': 152.70872, 'sequence': 93, 'date': Timestamp('2025-11-12 00:00:00'), 'scheduled_date_orig': Timestamp('2025-11-30 00:00:00'), 'product_id': 'SP0103100'}
2025-11-27 10:24:26,990 - INFO - Searching for product with code: 'SP0103100' and old code: 'SP0103100'
2025-11-27 10:24:27,061 - INFO - Found product with exact match on default_code: 'SP0103100'
2025-11-27 10:24:27,133 - INFO - Prepared product SP0103100 with quantity 10.0 for batch creation
2025-11-27 10:24:27,133 - INFO - Move locations - Source: 14, Dest: 52
2025-11-27 10:24:27,134 - INFO - Processing Excel row 94: {'partner_id': 'MOGEN_OB', 'scheduled_date': Timestamp('2025-11-30 00:00:00'), 'picking_type_id': 'FG13-OB', 'date_done': Timestamp('2025-11-30 00:00:00'), 'origin': 'คลังบริการหลังการขาย', 'location_dest_id': 'FG13/Stock', 'default_code': 'WB0005A100', 'product_uom_qty': 10, 'price_unit': 135.91148, 'sequence': 94, 'date': Timestamp('2025-11-12 00:00:00'), 'scheduled_date_orig': Timestamp('2025-11-30 00:00:00'), 'product_id': 'WB0005A100'}
2025-11-27 10:24:27,134 - INFO - Searching for product with code: 'WB0005A100' and old code: 'WB0005A100'
2025-11-27 10:24:27,221 - INFO - Found product with exact match on default_code: 'WB0005A100'
2025-11-27 10:24:27,301 - INFO - Prepared product WB0005A100 with quantity 10.0 for batch creation
2025-11-27 10:24:27,302 - INFO - Move locations - Source: 14, Dest: 52
2025-11-27 10:24:27,302 - INFO - Processing Excel row 95: {'partner_id': 'MOGEN_OB', 'scheduled_date': Timestamp('2025-11-30 00:00:00'), 'picking_type_id': 'FG13-OB', 'date_done': Timestamp('2025-11-30 00:00:00'), 'origin': 'คลังบริการหลังการขาย', 'location_dest_id': 'FG13/Stock', 'default_code': 'SP0008100', 'product_uom_qty': 1, 'price_unit': 73.4776, 'sequence': 95, 'date': Timestamp('2025-11-14 00:00:00'), 'scheduled_date_orig': Timestamp('2025-11-30 00:00:00'), 'product_id': 'SP0008100'}
2025-11-27 10:24:27,303 - INFO - Using cached product ID for code: 'SP0008100'
2025-11-27 10:24:27,304 - INFO - Prepared product SP0008100 with quantity 1.0 for batch creation
2025-11-27 10:24:27,304 - INFO - Move locations - Source: 14, Dest: 52
2025-11-27 10:24:27,305 - INFO - Processing Excel row 96: {'partner_id': 'MOGEN_OB', 'scheduled_date': Timestamp('2025-11-30 00:00:00'), 'picking_type_id': 'FG13-OB', 'date_done': Timestamp('2025-11-30 00:00:00'), 'origin': 'คลังบริการหลังการขาย', 'location_dest_id': 'FG13/Stock', 'default_code': 'SP0033100', 'product_uom_qty': 1, 'price_unit': 26.2136, 'sequence': 96, 'date': Timestamp('2025-11-14 00:00:00'), 'scheduled_date_orig': Timestamp('2025-11-30 00:00:00'), 'product_id': 'SP0033100'}
2025-11-27 10:24:27,306 - INFO - Using cached product ID for code: 'SP0033100'
2025-11-27 10:24:27,307 - INFO - Prepared product SP0033100 with quantity 1.0 for batch creation
2025-11-27 10:24:27,307 - INFO - Move locations - Source: 14, Dest: 52
2025-11-27 10:24:27,308 - INFO - Processing Excel row 97: {'partner_id': 'MOGEN_OB', 'scheduled_date': Timestamp('2025-11-30 00:00:00'), 'picking_type_id': 'FG13-OB', 'date_done': Timestamp('2025-11-30 00:00:00'), 'origin': 'คลังบริการหลังการขาย', 'location_dest_id': 'FG13/Stock', 'default_code': 'SPW012100', 'product_uom_qty': 1, 'price_unit': 120.728, 'sequence': 97, 'date': Timestamp('2025-11-14 00:00:00'), 'scheduled_date_orig': Timestamp('2025-11-30 00:00:00'), 'product_id': 'SPW012100'}
2025-11-27 10:24:27,309 - INFO - Using cached product ID for code: 'SPW012100'
2025-11-27 10:24:27,310 - INFO - Prepared product SPW012100 with quantity 1.0 for batch creation
2025-11-27 10:24:27,310 - INFO - Move locations - Source: 14, Dest: 52
2025-11-27 10:24:27,311 - INFO - Processing Excel row 98: {'partner_id': 'MOGEN_OB', 'scheduled_date': Timestamp('2025-11-30 00:00:00'), 'picking_type_id': 'FG13-OB', 'date_done': Timestamp('2025-11-30 00:00:00'), 'origin': 'คลังบริการหลังการขาย', 'location_dest_id': 'FG13/Stock', 'default_code': 'SP0003100', 'product_uom_qty': 1, 'price_unit': 53.584, 'sequence': 98, 'date': Timestamp('2025-11-15 00:00:00'), 'scheduled_date_orig': Timestamp('2025-11-30 00:00:00'), 'product_id': 'SP0003100'}
2025-11-27 10:24:27,312 - INFO - Using cached product ID for code: 'SP0003100'
2025-11-27 10:24:27,312 - INFO - Prepared product SP0003100 with quantity 1.0 for batch creation
2025-11-27 10:24:27,313 - INFO - Move locations - Source: 14, Dest: 52
2025-11-27 10:24:27,313 - INFO - Processing Excel row 99: {'partner_id': 'MOGEN_OB', 'scheduled_date': Timestamp('2025-11-30 00:00:00'), 'picking_type_id': 'FG13-OB', 'date_done': Timestamp('2025-11-30 00:00:00'), 'origin': 'คลังบริการหลังการขาย', 'location_dest_id': 'FG13/Stock', 'default_code': 'SP0003100', 'product_uom_qty': 1, 'price_unit': 53.584, 'sequence': 99, 'date': Timestamp('2025-11-15 00:00:00'), 'scheduled_date_orig': Timestamp('2025-11-30 00:00:00'), 'product_id': 'SP0003100'}
2025-11-27 10:24:27,314 - INFO - Using cached product ID for code: 'SP0003100'
2025-11-27 10:24:27,315 - INFO - Prepared product SP0003100 with quantity 1.0 for batch creation
2025-11-27 10:24:27,315 - INFO - Move locations - Source: 14, Dest: 52
2025-11-27 10:24:27,316 - INFO - Processing Excel row 100: {'partner_id': 'MOGEN_OB', 'scheduled_date': Timestamp('2025-11-30 00:00:00'), 'picking_type_id': 'FG13-OB', 'date_done': Timestamp('2025-11-30 00:00:00'), 'origin': 'คลังบริการหลังการขาย', 'location_dest_id': 'FG13/Stock', 'default_code': 'SPV003100', 'product_uom_qty': 1, 'price_unit': 94.1428, 'sequence': 100, 'date': Timestamp('2025-11-15 00:00:00'), 'scheduled_date_orig': Timestamp('2025-11-30 00:00:00'), 'product_id': 'SPV003100'}
2025-11-27 10:24:27,317 - INFO - Using cached product ID for code: 'SPV003100'
2025-11-27 10:24:27,317 - INFO - Prepared product SPV003100 with quantity 1.0 for batch creation
2025-11-27 10:24:27,318 - INFO - Move locations - Source: 14, Dest: 52
2025-11-27 10:24:27,318 - INFO - Processing Excel row 101: {'partner_id': 'MOGEN_OB', 'scheduled_date': Timestamp('2025-11-30 00:00:00'), 'picking_type_id': 'FG13-OB', 'date_done': Timestamp('2025-11-30 00:00:00'), 'origin': 'คลังบริการหลังการขาย', 'location_dest_id': 'FG13/Stock', 'default_code': 'SPV003100', 'product_uom_qty': 1, 'price_unit': 94.1428, 'sequence': 101, 'date': Timestamp('2025-11-15 00:00:00'), 'scheduled_date_orig': Timestamp('2025-11-30 00:00:00'), 'product_id': 'SPV003100'}
2025-11-27 10:24:27,319 - INFO - Using cached product ID for code: 'SPV003100'
2025-11-27 10:24:27,319 - INFO - Prepared product SPV003100 with quantity 1.0 for batch creation
2025-11-27 10:24:27,320 - INFO - Move locations - Source: 14, Dest: 52
2025-11-27 10:24:27,320 - INFO - Processing Excel row 102: {'partner_id': 'MOGEN_OB', 'scheduled_date': Timestamp('2025-11-30 00:00:00'), 'picking_type_id': 'FG13-OB', 'date_done': Timestamp('2025-11-30 00:00:00'), 'origin': 'คลังบริการหลังการขาย', 'location_dest_id': 'FG13/Stock', 'default_code': 'SPV003100', 'product_uom_qty': 1, 'price_unit': 96.3332, 'sequence': 102, 'date': Timestamp('2025-11-15 00:00:00'), 'scheduled_date_orig': Timestamp('2025-11-30 00:00:00'), 'product_id': 'SPV003100'}
2025-11-27 10:24:27,321 - INFO - Using cached product ID for code: 'SPV003100'
2025-11-27 10:24:27,321 - INFO - Prepared product SPV003100 with quantity 1.0 for batch creation
2025-11-27 10:24:27,321 - INFO - Move locations - Source: 14, Dest: 52
2025-11-27 10:24:27,322 - INFO - Processing Excel row 103: {'partner_id': 'MOGEN_OB', 'scheduled_date': Timestamp('2025-11-30 00:00:00'), 'picking_type_id': 'FG13-OB', 'date_done': Timestamp('2025-11-30 00:00:00'), 'origin': 'คลังบริการหลังการขาย', 'location_dest_id': 'FG13/Stock', 'default_code': 'SPV003100', 'product_uom_qty': 1, 'price_unit': 97.9854, 'sequence': 103, 'date': Timestamp('2025-11-15 00:00:00'), 'scheduled_date_orig': Timestamp('2025-11-30 00:00:00'), 'product_id': 'SPV003100'}
2025-11-27 10:24:27,322 - INFO - Using cached product ID for code: 'SPV003100'
2025-11-27 10:24:27,323 - INFO - Prepared product SPV003100 with quantity 1.0 for batch creation
2025-11-27 10:24:27,323 - INFO - Move locations - Source: 14, Dest: 52
2025-11-27 10:24:27,324 - INFO - Processing Excel row 104: {'partner_id': 'MOGEN_OB', 'scheduled_date': Timestamp('2025-11-30 00:00:00'), 'picking_type_id': 'FG13-OB', 'date_done': Timestamp('2025-11-30 00:00:00'), 'origin': 'คลังบริการหลังการขาย', 'location_dest_id': 'FG13/Stock', 'default_code': 'SP0008100', 'product_uom_qty': 1, 'price_unit': 73.4776, 'sequence': 104, 'date': Timestamp('2025-11-17 00:00:00'), 'scheduled_date_orig': Timestamp('2025-11-30 00:00:00'), 'product_id': 'SP0008100'}
2025-11-27 10:24:27,324 - INFO - Using cached product ID for code: 'SP0008100'
2025-11-27 10:24:27,324 - INFO - Prepared product SP0008100 with quantity 1.0 for batch creation
2025-11-27 10:24:27,325 - INFO - Move locations - Source: 14, Dest: 52
2025-11-27 10:24:27,325 - INFO - Processing Excel row 105: {'partner_id': 'MOGEN_OB', 'scheduled_date': Timestamp('2025-11-30 00:00:00'), 'picking_type_id': 'FG13-OB', 'date_done': Timestamp('2025-11-30 00:00:00'), 'origin': 'คลังบริการหลังการขาย', 'location_dest_id': 'FG13/Stock', 'default_code': 'SP0008100', 'product_uom_qty': 1, 'price_unit': 73.4776, 'sequence': 105, 'date': Timestamp('2025-11-17 00:00:00'), 'scheduled_date_orig': Timestamp('2025-11-30 00:00:00'), 'product_id': 'SP0008100'}
2025-11-27 10:24:27,326 - INFO - Using cached product ID for code: 'SP0008100'
2025-11-27 10:24:27,327 - INFO - Prepared product SP0008100 with quantity 1.0 for batch creation
2025-11-27 10:24:27,327 - INFO - Move locations - Source: 14, Dest: 52
2025-11-27 10:24:27,327 - INFO - Processing Excel row 106: {'partner_id': 'MOGEN_OB', 'scheduled_date': Timestamp('2025-11-30 00:00:00'), 'picking_type_id': 'FG13-OB', 'date_done': Timestamp('2025-11-30 00:00:00'), 'origin': 'คลังบริการหลังการขาย', 'location_dest_id': 'FG13/Stock', 'default_code': 'SP0008100', 'product_uom_qty': 1, 'price_unit': 73.4776, 'sequence': 106, 'date': Timestamp('2025-11-17 00:00:00'), 'scheduled_date_orig': Timestamp('2025-11-30 00:00:00'), 'product_id': 'SP0008100'}
2025-11-27 10:24:27,328 - INFO - Using cached product ID for code: 'SP0008100'
2025-11-27 10:24:27,328 - INFO - Prepared product SP0008100 with quantity 1.0 for batch creation
2025-11-27 10:24:27,328 - INFO - Move locations - Source: 14, Dest: 52
2025-11-27 10:24:27,329 - INFO - Processing Excel row 107: {'partner_id': 'MOGEN_OB', 'scheduled_date': Timestamp('2025-11-30 00:00:00'), 'picking_type_id': 'FG13-OB', 'date_done': Timestamp('2025-11-30 00:00:00'), 'origin': 'คลังบริการหลังการขาย', 'location_dest_id': 'FG13/Stock', 'default_code': 'SP0008100', 'product_uom_qty': 1, 'price_unit': 73.4775, 'sequence': 107, 'date': Timestamp('2025-11-17 00:00:00'), 'scheduled_date_orig': Timestamp('2025-11-30 00:00:00'), 'product_id': 'SP0008100'}
2025-11-27 10:24:27,329 - INFO - Using cached product ID for code: 'SP0008100'
2025-11-27 10:24:27,329 - INFO - Prepared product SP0008100 with quantity 1.0 for batch creation
2025-11-27 10:24:27,330 - INFO - Move locations - Source: 14, Dest: 52
2025-11-27 10:24:27,330 - INFO - Processing Excel row 108: {'partner_id': 'MOGEN_OB', 'scheduled_date': Timestamp('2025-11-30 00:00:00'), 'picking_type_id': 'FG13-OB', 'date_done': Timestamp('2025-11-30 00:00:00'), 'origin': 'คลังบริการหลังการขาย', 'location_dest_id': 'FG13/Stock', 'default_code': 'SP0033100', 'product_uom_qty': 1, 'price_unit': 26.2136, 'sequence': 108, 'date': Timestamp('2025-11-17 00:00:00'), 'scheduled_date_orig': Timestamp('2025-11-30 00:00:00'), 'product_id': 'SP0033100'}
2025-11-27 10:24:27,330 - INFO - Using cached product ID for code: 'SP0033100'
2025-11-27 10:24:27,331 - INFO - Prepared product SP0033100 with quantity 1.0 for batch creation
2025-11-27 10:24:27,331 - INFO - Move locations - Source: 14, Dest: 52
2025-11-27 10:24:27,331 - INFO - Processing Excel row 109: {'partner_id': 'MOGEN_OB', 'scheduled_date': Timestamp('2025-11-30 00:00:00'), 'picking_type_id': 'FG13-OB', 'date_done': Timestamp('2025-11-30 00:00:00'), 'origin': 'คลังบริการหลังการขาย', 'location_dest_id': 'FG13/Stock', 'default_code': 'SP0033100', 'product_uom_qty': 1, 'price_unit': 26.2136, 'sequence': 109, 'date': Timestamp('2025-11-17 00:00:00'), 'scheduled_date_orig': Timestamp('2025-11-30 00:00:00'), 'product_id': 'SP0033100'}
2025-11-27 10:24:27,332 - INFO - Using cached product ID for code: 'SP0033100'
2025-11-27 10:24:27,332 - INFO - Prepared product SP0033100 with quantity 1.0 for batch creation
2025-11-27 10:24:27,332 - INFO - Move locations - Source: 14, Dest: 52
2025-11-27 10:24:27,333 - INFO - Processing Excel row 110: {'partner_id': 'MOGEN_OB', 'scheduled_date': Timestamp('2025-11-30 00:00:00'), 'picking_type_id': 'FG13-OB', 'date_done': Timestamp('2025-11-30 00:00:00'), 'origin': 'คลังบริการหลังการขาย', 'location_dest_id': 'FG13/Stock', 'default_code': 'SP0033100', 'product_uom_qty': 1, 'price_unit': 26.2136, 'sequence': 110, 'date': Timestamp('2025-11-17 00:00:00'), 'scheduled_date_orig': Timestamp('2025-11-30 00:00:00'), 'product_id': 'SP0033100'}
2025-11-27 10:24:27,333 - INFO - Using cached product ID for code: 'SP0033100'
2025-11-27 10:24:27,334 - INFO - Prepared product SP0033100 with quantity 1.0 for batch creation
2025-11-27 10:24:27,334 - INFO - Move locations - Source: 14, Dest: 52
2025-11-27 10:24:27,334 - INFO - Processing Excel row 111: {'partner_id': 'MOGEN_OB', 'scheduled_date': Timestamp('2025-11-30 00:00:00'), 'picking_type_id': 'FG13-OB', 'date_done': Timestamp('2025-11-30 00:00:00'), 'origin': 'คลังบริการหลังการขาย', 'location_dest_id': 'FG13/Stock', 'default_code': 'SP0033100', 'product_uom_qty': 1, 'price_unit': 26.2136, 'sequence': 111, 'date': Timestamp('2025-11-17 00:00:00'), 'scheduled_date_orig': Timestamp('2025-11-30 00:00:00'), 'product_id': 'SP0033100'}
2025-11-27 10:24:27,335 - INFO - Using cached product ID for code: 'SP0033100'
2025-11-27 10:24:27,335 - INFO - Prepared product SP0033100 with quantity 1.0 for batch creation
2025-11-27 10:24:27,335 - INFO - Move locations - Source: 14, Dest: 52
2025-11-27 10:24:27,336 - INFO - Processing Excel row 112: {'partner_id': 'MOGEN_OB', 'scheduled_date': Timestamp('2025-11-30 00:00:00'), 'picking_type_id': 'FG13-OB', 'date_done': Timestamp('2025-11-30 00:00:00'), 'origin': 'คลังบริการหลังการขาย', 'location_dest_id': 'FG13/Stock', 'default_code': 'SP0008100', 'product_uom_qty': 1, 'price_unit': 73.4776, 'sequence': 112, 'date': Timestamp('2025-11-20 00:00:00'), 'scheduled_date_orig': Timestamp('2025-11-30 00:00:00'), 'product_id': 'SP0008100'}
2025-11-27 10:24:27,336 - INFO - Using cached product ID for code: 'SP0008100'
2025-11-27 10:24:27,336 - INFO - Prepared product SP0008100 with quantity 1.0 for batch creation
2025-11-27 10:24:27,336 - INFO - Move locations - Source: 14, Dest: 52
2025-11-27 10:24:27,337 - INFO - Processing Excel row 113: {'partner_id': 'MOGEN_OB', 'scheduled_date': Timestamp('2025-11-30 00:00:00'), 'picking_type_id': 'FG13-OB', 'date_done': Timestamp('2025-11-30 00:00:00'), 'origin': 'คลังบริการหลังการขาย', 'location_dest_id': 'FG13/Stock', 'default_code': 'SP0008100', 'product_uom_qty': 2, 'price_unit': 73.47755, 'sequence': 113, 'date': Timestamp('2025-11-20 00:00:00'), 'scheduled_date_orig': Timestamp('2025-11-30 00:00:00'), 'product_id': 'SP0008100'}
2025-11-27 10:24:27,337 - INFO - Using cached product ID for code: 'SP0008100'
2025-11-27 10:24:27,337 - INFO - Prepared product SP0008100 with quantity 2.0 for batch creation
2025-11-27 10:24:27,337 - INFO - Move locations - Source: 14, Dest: 52
2025-11-27 10:24:27,338 - INFO - Processing Excel row 114: {'partner_id': 'MOGEN_OB', 'scheduled_date': Timestamp('2025-11-30 00:00:00'), 'picking_type_id': 'FG13-OB', 'date_done': Timestamp('2025-11-30 00:00:00'), 'origin': 'คลังบริการหลังการขาย', 'location_dest_id': 'FG13/Stock', 'default_code': 'SP0008100', 'product_uom_qty': 1, 'price_unit': 18.8589, 'sequence': 114, 'date': Timestamp('2025-11-20 00:00:00'), 'scheduled_date_orig': Timestamp('2025-11-30 00:00:00'), 'product_id': 'SP0008100'}
2025-11-27 10:24:27,338 - INFO - Using cached product ID for code: 'SP0008100'
2025-11-27 10:24:27,338 - INFO - Prepared product SP0008100 with quantity 1.0 for batch creation
2025-11-27 10:24:27,338 - INFO - Move locations - Source: 14, Dest: 52
2025-11-27 10:24:27,339 - INFO - Processing Excel row 115: {'partner_id': 'MOGEN_OB', 'scheduled_date': Timestamp('2025-11-30 00:00:00'), 'picking_type_id': 'FG13-OB', 'date_done': Timestamp('2025-11-30 00:00:00'), 'origin': 'คลังบริการหลังการขาย', 'location_dest_id': 'FG13/Stock', 'default_code': 'SP0033100', 'product_uom_qty': 1, 'price_unit': 26.2136, 'sequence': 115, 'date': Timestamp('2025-11-20 00:00:00'), 'scheduled_date_orig': Timestamp('2025-11-30 00:00:00'), 'product_id': 'SP0033100'}
2025-11-27 10:24:27,339 - INFO - Using cached product ID for code: 'SP0033100'
2025-11-27 10:24:27,340 - INFO - Prepared product SP0033100 with quantity 1.0 for batch creation
2025-11-27 10:24:27,340 - INFO - Move locations - Source: 14, Dest: 52
2025-11-27 10:24:27,341 - INFO - Processing Excel row 116: {'partner_id': 'MOGEN_OB', 'scheduled_date': Timestamp('2025-11-30 00:00:00'), 'picking_type_id': 'FG13-OB', 'date_done': Timestamp('2025-11-30 00:00:00'), 'origin': 'คลังบริการหลังการขาย', 'location_dest_id': 'FG13/Stock', 'default_code': 'SP0033100', 'product_uom_qty': 2, 'price_unit': 26.21365, 'sequence': 116, 'date': Timestamp('2025-11-20 00:00:00'), 'scheduled_date_orig': Timestamp('2025-11-30 00:00:00'), 'product_id': 'SP0033100'}
2025-11-27 10:24:27,341 - INFO - Using cached product ID for code: 'SP0033100'
2025-11-27 10:24:27,341 - INFO - Prepared product SP0033100 with quantity 2.0 for batch creation
2025-11-27 10:24:27,342 - INFO - Move locations - Source: 14, Dest: 52
2025-11-27 10:24:28,391 - INFO - Created 116 moves in batch for picking 23
2025-11-27 10:24:28,509 - INFO - Re-updated dates before confirming picking 23: 2025-11-30 00:00:00
2025-11-27 10:24:29,268 - INFO - Confirmed transfer 23 with forced date context
2025-11-27 10:24:29,269 - INFO - Import completed: 1 success, 0 failed.
