2025-11-28 11:08:17,125 - INFO - Successfully connected to Odoo as user ID: 2
2025-11-28 11:08:17,193 - INFO - Odoo version: 17.0.1.3
2025-11-28 11:08:17,309 - INFO - Available date fields in stock.picking: ['activity_date_deadline', 'my_activity_date_deadline', 'scheduled_date', 'date_deadline', 'date', 'date_done', 'delay_alert_date', 'create_date', 'write_date', 'date_notice', 'date_confirmed', 'date_start', 'operation_date']
2025-11-28 11:08:17,635 - INFO - Successfully read Excel file with 26 rows
2025-11-28 11:08:17,635 - INFO - Excel columns: ['partner_id', 'scheduled_date', 'picking_type_id', 'date_done', 'origin', 'location_dest_id', 'default_code', 'product_uom_qty', 'price_unit', 'sequence', 'date']
2025-11-28 11:08:17,642 - INFO - Processed sequence column
2025-11-28 11:08:17,643 - INFO - scheduled_date dtype: datetime64[ns]
2025-11-28 11:08:17,644 - INFO - scheduled_date sample: 2025-11-30 00:00:00
2025-11-28 11:08:17,645 - INFO - Converted scheduled_date to string format. Sample: 2025-11-30 00:00:00
2025-11-28 11:08:17,646 - INFO - Fixed picking type name from 'My Company: OB FIFO' and 'คลังวัตถุดิบ 2: OB FIFO' to 'OB FIFO'
2025-11-28 11:08:17,647 - INFO - Using 'default_code' column as 'product_id'
2025-11-28 11:08:17,647 - INFO - Using 'origin' column to identify transfer groups
2025-11-28 11:08:17,651 - INFO - Excel file validation and data filling completed successfully
2025-11-28 11:08:17,799 - INFO - Searching for location: 'RM03/TCI'
2025-11-28 11:08:17,994 - INFO - Found location with complete_name match: 'RM03/TCI' for 'RM03/TCI'
2025-11-28 11:08:18,070 - INFO - Found partner ID 4937 for 'MOGEN_OB'
2025-11-28 11:08:18,171 - INFO - Created transfer for date 2025-11-30 00:00:00 sequence 24 with picking ID 23
2025-11-28 11:08:18,174 - INFO - Processing Excel row 1: {'partner_id': 'MOGEN_OB', 'scheduled_date': Timestamp('2025-11-30 00:00:00'), 'picking_type_id': 'RM03-OB', 'date_done': Timestamp('2025-11-30 00:00:00'), 'origin': 'คลังวัตถุดิบ Supplier', 'location_dest_id': 'RM03/TCI', 'default_code': 'BAC11', 'product_uom_qty': 89, 'price_unit': 9.0, 'sequence': 24, 'date': Timestamp('2019-01-01 00:00:00'), 'scheduled_date_orig': Timestamp('2025-11-30 00:00:00'), 'product_id': 'BAC11'}
2025-11-28 11:08:18,175 - INFO - Searching for product with code: 'BAC11' and old code: 'BAC11'
2025-11-28 11:08:18,385 - INFO - Found product with exact match on old_product_code: 'BAC11'
2025-11-28 11:08:18,456 - INFO - Prepared product BAC11 with quantity 89.0 for batch creation
2025-11-28 11:08:18,456 - INFO - Move locations - Source: 4, Dest: 1188
2025-11-28 11:08:18,457 - INFO - Processing Excel row 2: {'partner_id': 'MOGEN_OB', 'scheduled_date': Timestamp('2025-11-30 00:00:00'), 'picking_type_id': 'RM03-OB', 'date_done': Timestamp('2025-11-30 00:00:00'), 'origin': 'คลังวัตถุดิบ Supplier', 'location_dest_id': 'RM03/TCI', 'default_code': 'BAC11', 'product_uom_qty': 18, 'price_unit': 9.0, 'sequence': 25, 'date': Timestamp('2019-07-29 00:00:00'), 'scheduled_date_orig': Timestamp('2025-11-30 00:00:00'), 'product_id': 'BAC11'}
2025-11-28 11:08:18,458 - INFO - Using cached product ID for code: 'BAC11'
2025-11-28 11:08:18,458 - INFO - Prepared product BAC11 with quantity 18.0 for batch creation
2025-11-28 11:08:18,459 - INFO - Move locations - Source: 4, Dest: 1188
2025-11-28 11:08:18,460 - INFO - Processing Excel row 3: {'partner_id': 'MOGEN_OB', 'scheduled_date': Timestamp('2025-11-30 00:00:00'), 'picking_type_id': 'RM03-OB', 'date_done': Timestamp('2025-11-30 00:00:00'), 'origin': 'คลังวัตถุดิบ Supplier', 'location_dest_id': 'RM03/TCI', 'default_code': 'BMA014', 'product_uom_qty': 75, 'price_unit': 78.5, 'sequence': 26, 'date': Timestamp('2023-04-08 00:00:00'), 'scheduled_date_orig': Timestamp('2025-11-30 00:00:00'), 'product_id': 'BMA014'}
2025-11-28 11:08:18,461 - INFO - Searching for product with code: 'BMA014' and old code: 'BMA014'
2025-11-28 11:08:18,668 - INFO - Found product with exact match on old_product_code: 'BMA014'
2025-11-28 11:08:18,742 - INFO - Prepared product BMA014 with quantity 75.0 for batch creation
2025-11-28 11:08:18,742 - INFO - Move locations - Source: 4, Dest: 1188
2025-11-28 11:08:18,743 - INFO - Processing Excel row 4: {'partner_id': 'MOGEN_OB', 'scheduled_date': Timestamp('2025-11-30 00:00:00'), 'picking_type_id': 'RM03-OB', 'date_done': Timestamp('2025-11-30 00:00:00'), 'origin': 'คลังวัตถุดิบ Supplier', 'location_dest_id': 'RM03/TCI', 'default_code': 'BMA014', 'product_uom_qty': 10, 'price_unit': 78.5, 'sequence': 27, 'date': Timestamp('2023-11-30 00:00:00'), 'scheduled_date_orig': Timestamp('2025-11-30 00:00:00'), 'product_id': 'BMA014'}
2025-11-28 11:08:18,744 - INFO - Using cached product ID for code: 'BMA014'
2025-11-28 11:08:18,744 - INFO - Prepared product BMA014 with quantity 10.0 for batch creation
2025-11-28 11:08:18,744 - INFO - Move locations - Source: 4, Dest: 1188
2025-11-28 11:08:18,745 - INFO - Processing Excel row 5: {'partner_id': 'MOGEN_OB', 'scheduled_date': Timestamp('2025-11-30 00:00:00'), 'picking_type_id': 'RM03-OB', 'date_done': Timestamp('2025-11-30 00:00:00'), 'origin': 'คลังวัตถุดิบ Supplier', 'location_dest_id': 'RM03/TCI', 'default_code': 'SP0017100', 'product_uom_qty': 2, 'price_unit': 71.9416424731183, 'sequence': 28, 'date': Timestamp('2024-01-31 00:00:00'), 'scheduled_date_orig': Timestamp('2025-11-30 00:00:00'), 'product_id': 'SP0017100'}
2025-11-28 11:08:18,745 - INFO - Searching for product with code: 'SP0017100' and old code: 'SP0017100'
2025-11-28 11:08:18,809 - INFO - Found product with exact match on default_code: 'SP0017100'
2025-11-28 11:08:18,877 - INFO - Prepared product SP0017100 with quantity 2.0 for batch creation
2025-11-28 11:08:18,877 - INFO - Move locations - Source: 4, Dest: 1188
2025-11-28 11:08:18,878 - INFO - Processing Excel row 6: {'partner_id': 'MOGEN_OB', 'scheduled_date': Timestamp('2025-11-30 00:00:00'), 'picking_type_id': 'RM03-OB', 'date_done': Timestamp('2025-11-30 00:00:00'), 'origin': 'คลังวัตถุดิบ Supplier', 'location_dest_id': 'RM03/TCI', 'default_code': 'BAC13', 'product_uom_qty': 243, 'price_unit': 7.0, 'sequence': 29, 'date': Timestamp('2024-10-28 00:00:00'), 'scheduled_date_orig': Timestamp('2025-11-30 00:00:00'), 'product_id': 'BAC13'}
2025-11-28 11:08:18,879 - INFO - Searching for product with code: 'BAC13' and old code: 'BAC13'
2025-11-28 11:08:19,081 - INFO - Found product with exact match on old_product_code: 'BAC13'
2025-11-28 11:08:19,146 - INFO - Prepared product BAC13 with quantity 243.0 for batch creation
2025-11-28 11:08:19,146 - INFO - Move locations - Source: 4, Dest: 1188
2025-11-28 11:08:19,147 - INFO - Processing Excel row 7: {'partner_id': 'MOGEN_OB', 'scheduled_date': Timestamp('2025-11-30 00:00:00'), 'picking_type_id': 'RM03-OB', 'date_done': Timestamp('2025-11-30 00:00:00'), 'origin': 'คลังวัตถุดิบ Supplier', 'location_dest_id': 'RM03/TCI', 'default_code': 'BMT056ECO', 'product_uom_qty': 123, 'price_unit': 145.07, 'sequence': 30, 'date': Timestamp('2024-12-18 00:00:00'), 'scheduled_date_orig': Timestamp('2025-11-30 00:00:00'), 'product_id': 'BMT056ECO'}
2025-11-28 11:08:19,147 - INFO - Searching for product with code: 'BMT056ECO' and old code: 'BMT056ECO'
2025-11-28 11:08:19,349 - INFO - Found product with exact match on old_product_code: 'BMT056ECO'
2025-11-28 11:08:19,418 - INFO - Prepared product BMT056ECO with quantity 123.0 for batch creation
2025-11-28 11:08:19,419 - INFO - Move locations - Source: 4, Dest: 1188
2025-11-28 11:08:19,419 - INFO - Processing Excel row 8: {'partner_id': 'MOGEN_OB', 'scheduled_date': Timestamp('2025-11-30 00:00:00'), 'picking_type_id': 'RM03-OB', 'date_done': Timestamp('2025-11-30 00:00:00'), 'origin': 'คลังวัตถุดิบ Supplier', 'location_dest_id': 'RM03/TCI', 'default_code': 'BAC051', 'product_uom_qty': 235, 'price_unit': 6.0, 'sequence': 31, 'date': Timestamp('2025-04-28 00:00:00'), 'scheduled_date_orig': Timestamp('2025-11-30 00:00:00'), 'product_id': 'BAC051'}
2025-11-28 11:08:19,420 - INFO - Searching for product with code: 'BAC051' and old code: 'BAC051'
2025-11-28 11:08:19,630 - INFO - Found product with exact match on old_product_code: 'BAC051'
2025-11-28 11:08:19,697 - INFO - Prepared product BAC051 with quantity 235.0 for batch creation
2025-11-28 11:08:19,697 - INFO - Move locations - Source: 4, Dest: 1188
2025-11-28 11:08:19,698 - INFO - Processing Excel row 9: {'partner_id': 'MOGEN_OB', 'scheduled_date': Timestamp('2025-11-30 00:00:00'), 'picking_type_id': 'RM03-OB', 'date_done': Timestamp('2025-11-30 00:00:00'), 'origin': 'คลังวัตถุดิบ Supplier', 'location_dest_id': 'RM03/TCI', 'default_code': 'BAC23335363', 'product_uom_qty': 241, 'price_unit': 9.0, 'sequence': 32, 'date': Timestamp('2025-04-28 00:00:00'), 'scheduled_date_orig': Timestamp('2025-11-30 00:00:00'), 'product_id': 'BAC23335363'}
2025-11-28 11:08:19,698 - INFO - Searching for product with code: 'BAC23335363' and old code: 'BAC23335363'
2025-11-28 11:08:19,908 - INFO - Found product with exact match on old_product_code: 'BAC23335363'
2025-11-28 11:08:19,981 - INFO - Prepared product BAC23335363 with quantity 241.0 for batch creation
2025-11-28 11:08:19,981 - INFO - Move locations - Source: 4, Dest: 1188
2025-11-28 11:08:19,982 - INFO - Processing Excel row 10: {'partner_id': 'MOGEN_OB', 'scheduled_date': Timestamp('2025-11-30 00:00:00'), 'picking_type_id': 'RM03-OB', 'date_done': Timestamp('2025-11-30 00:00:00'), 'origin': 'คลังวัตถุดิบ Supplier', 'location_dest_id': 'RM03/TCI', 'default_code': 'BMTK03', 'product_uom_qty': 6, 'price_unit': 139.2, 'sequence': 33, 'date': Timestamp('2025-05-21 00:00:00'), 'scheduled_date_orig': Timestamp('2025-11-30 00:00:00'), 'product_id': 'BMTK03'}
2025-11-28 11:08:19,982 - INFO - Searching for product with code: 'BMTK03' and old code: 'BMTK03'
2025-11-28 11:08:20,180 - INFO - Found product with exact match on old_product_code: 'BMTK03'
2025-11-28 11:08:20,253 - INFO - Prepared product BMTK03 with quantity 6.0 for batch creation
2025-11-28 11:08:20,253 - INFO - Move locations - Source: 4, Dest: 1188
2025-11-28 11:08:20,254 - INFO - Processing Excel row 11: {'partner_id': 'MOGEN_OB', 'scheduled_date': Timestamp('2025-11-30 00:00:00'), 'picking_type_id': 'RM03-OB', 'date_done': Timestamp('2025-11-30 00:00:00'), 'origin': 'คลังวัตถุดิบ Supplier', 'location_dest_id': 'RM03/TCI', 'default_code': 'BMT057ECOTCI', 'product_uom_qty': 6, 'price_unit': 161.0, 'sequence': 34, 'date': Timestamp('2025-06-05 00:00:00'), 'scheduled_date_orig': Timestamp('2025-11-30 00:00:00'), 'product_id': 'BMT057ECOTCI'}
2025-11-28 11:08:20,254 - INFO - Searching for product with code: 'BMT057ECOTCI' and old code: 'BMT057ECOTCI'
2025-11-28 11:08:20,467 - INFO - Found product with exact match on old_product_code: 'BMT057ECOTCI'
2025-11-28 11:08:20,535 - INFO - Prepared product BMT057ECOTCI with quantity 6.0 for batch creation
2025-11-28 11:08:20,535 - INFO - Move locations - Source: 4, Dest: 1188
2025-11-28 11:08:20,536 - INFO - Processing Excel row 12: {'partner_id': 'MOGEN_OB', 'scheduled_date': Timestamp('2025-11-30 00:00:00'), 'picking_type_id': 'RM03-OB', 'date_done': Timestamp('2025-11-30 00:00:00'), 'origin': 'คลังวัตถุดิบ Supplier', 'location_dest_id': 'RM03/TCI', 'default_code': 'SPW0054110', 'product_uom_qty': 38, 'price_unit': 211.088578378378, 'sequence': 35, 'date': Timestamp('2025-06-20 00:00:00'), 'scheduled_date_orig': Timestamp('2025-11-30 00:00:00'), 'product_id': 'SPW0054110'}
2025-11-28 11:08:20,536 - INFO - Searching for product with code: 'SPW0054110' and old code: 'SPW0054110'
2025-11-28 11:08:20,599 - INFO - Found product with exact match on default_code: 'SPW0054110'
2025-11-28 11:08:20,668 - INFO - Prepared product SPW0054110 with quantity 38.0 for batch creation
2025-11-28 11:08:20,669 - INFO - Move locations - Source: 4, Dest: 1188
2025-11-28 11:08:20,669 - INFO - Processing Excel row 13: {'partner_id': 'MOGEN_OB', 'scheduled_date': Timestamp('2025-11-30 00:00:00'), 'picking_type_id': 'RM03-OB', 'date_done': Timestamp('2025-11-30 00:00:00'), 'origin': 'คลังวัตถุดิบ Supplier', 'location_dest_id': 'RM03/TCI', 'default_code': 'BMA183A', 'product_uom_qty': 160, 'price_unit': 53.0, 'sequence': 36, 'date': Timestamp('2025-06-30 00:00:00'), 'scheduled_date_orig': Timestamp('2025-11-30 00:00:00'), 'product_id': 'BMA183A'}
2025-11-28 11:08:20,670 - INFO - Searching for product with code: 'BMA183A' and old code: 'BMA183A'
2025-11-28 11:08:20,893 - INFO - Found product with exact match on old_product_code: 'BMA183A'
2025-11-28 11:08:20,966 - INFO - Prepared product BMA183A with quantity 160.0 for batch creation
2025-11-28 11:08:20,967 - INFO - Move locations - Source: 4, Dest: 1188
2025-11-28 11:08:20,967 - INFO - Processing Excel row 14: {'partner_id': 'MOGEN_OB', 'scheduled_date': Timestamp('2025-11-30 00:00:00'), 'picking_type_id': 'RM03-OB', 'date_done': Timestamp('2025-11-30 00:00:00'), 'origin': 'คลังวัตถุดิบ Supplier', 'location_dest_id': 'RM03/TCI', 'default_code': 'BAC052', 'product_uom_qty': 772, 'price_unit': 5.5, 'sequence': 37, 'date': Timestamp('2025-07-17 00:00:00'), 'scheduled_date_orig': Timestamp('2025-11-30 00:00:00'), 'product_id': 'BAC052'}
2025-11-28 11:08:20,968 - INFO - Searching for product with code: 'BAC052' and old code: 'BAC052'
2025-11-28 11:08:21,408 - INFO - Found product with exact match on old_product_code: 'BAC052'
2025-11-28 11:08:21,476 - INFO - Prepared product BAC052 with quantity 772.0 for batch creation
2025-11-28 11:08:21,477 - INFO - Move locations - Source: 4, Dest: 1188
2025-11-28 11:08:21,478 - INFO - Processing Excel row 15: {'partner_id': 'MOGEN_OB', 'scheduled_date': Timestamp('2025-11-30 00:00:00'), 'picking_type_id': 'RM03-OB', 'date_done': Timestamp('2025-11-30 00:00:00'), 'origin': 'คลังวัตถุดิบ Supplier', 'location_dest_id': 'RM03/TCI', 'default_code': 'MT541S101', 'product_uom_qty': 129, 'price_unit': 351.1988519379845, 'sequence': 38, 'date': Timestamp('2025-08-22 00:00:00'), 'scheduled_date_orig': Timestamp('2025-11-30 00:00:00'), 'product_id': 'MT541S101'}
2025-11-28 11:08:21,478 - INFO - Searching for product with code: 'MT541S101' and old code: 'MT541S101'
2025-11-28 11:08:21,541 - INFO - Found product with exact match on default_code: 'MT541S101'
2025-11-28 11:08:21,608 - INFO - Prepared product MT541S101 with quantity 129.0 for batch creation
2025-11-28 11:08:21,608 - INFO - Move locations - Source: 4, Dest: 1188
2025-11-28 11:08:21,609 - INFO - Processing Excel row 16: {'partner_id': 'MOGEN_OB', 'scheduled_date': Timestamp('2025-11-30 00:00:00'), 'picking_type_id': 'RM03-OB', 'date_done': Timestamp('2025-11-30 00:00:00'), 'origin': 'คลังวัตถุดิบ Supplier', 'location_dest_id': 'RM03/TCI', 'default_code': 'PACK000239', 'product_uom_qty': 150, 'price_unit': 63.771737333333334, 'sequence': 39, 'date': Timestamp('2025-08-22 00:00:00'), 'scheduled_date_orig': Timestamp('2025-11-30 00:00:00'), 'product_id': 'PACK000239'}
2025-11-28 11:08:21,609 - INFO - Searching for product with code: 'PACK000239' and old code: 'PACK000239'
2025-11-28 11:08:21,683 - INFO - Found product with exact match on default_code: 'PACK000239'
2025-11-28 11:08:21,751 - INFO - Prepared product PACK000239 with quantity 150.0 for batch creation
2025-11-28 11:08:21,751 - INFO - Move locations - Source: 4, Dest: 1188
2025-11-28 11:08:21,751 - INFO - Processing Excel row 17: {'partner_id': 'MOGEN_OB', 'scheduled_date': Timestamp('2025-11-30 00:00:00'), 'picking_type_id': 'RM03-OB', 'date_done': Timestamp('2025-11-30 00:00:00'), 'origin': 'คลังวัตถุดิบ Supplier', 'location_dest_id': 'RM03/TCI', 'default_code': 'SPW0056200', 'product_uom_qty': 50, 'price_unit': 204.171846428571, 'sequence': 40, 'date': Timestamp('2025-08-22 00:00:00'), 'scheduled_date_orig': Timestamp('2025-11-30 00:00:00'), 'product_id': 'SPW0056200'}
2025-11-28 11:08:21,752 - INFO - Searching for product with code: 'SPW0056200' and old code: 'SPW0056200'
2025-11-28 11:08:21,815 - INFO - Found product with exact match on default_code: 'SPW0056200'
2025-11-28 11:08:21,882 - INFO - Prepared product SPW0056200 with quantity 50.0 for batch creation
2025-11-28 11:08:21,883 - INFO - Move locations - Source: 4, Dest: 1188
2025-11-28 11:08:21,884 - INFO - Processing Excel row 18: {'partner_id': 'MOGEN_OB', 'scheduled_date': Timestamp('2025-11-30 00:00:00'), 'picking_type_id': 'RM03-OB', 'date_done': Timestamp('2025-11-30 00:00:00'), 'origin': 'คลังวัตถุดิบ Supplier', 'location_dest_id': 'RM03/TCI', 'default_code': 'MA575C110', 'product_uom_qty': 1, 'price_unit': 820.0, 'sequence': 41, 'date': Timestamp('2025-08-25 00:00:00'), 'scheduled_date_orig': Timestamp('2025-11-30 00:00:00'), 'product_id': 'MA575C110'}
2025-11-28 11:08:21,884 - INFO - Searching for product with code: 'MA575C110' and old code: 'MA575C110'
2025-11-28 11:08:21,949 - INFO - Found product with exact match on default_code: 'MA575C110'
2025-11-28 11:08:22,017 - INFO - Prepared product MA575C110 with quantity 1.0 for batch creation
2025-11-28 11:08:22,018 - INFO - Move locations - Source: 4, Dest: 1188
2025-11-28 11:08:22,019 - INFO - Processing Excel row 19: {'partner_id': 'MOGEN_OB', 'scheduled_date': Timestamp('2025-11-30 00:00:00'), 'picking_type_id': 'RM03-OB', 'date_done': Timestamp('2025-11-30 00:00:00'), 'origin': 'คลังวัตถุดิบ Supplier', 'location_dest_id': 'RM03/TCI', 'default_code': 'BMT055ECO', 'product_uom_qty': 134, 'price_unit': 131.22, 'sequence': 42, 'date': Timestamp('2025-08-27 00:00:00'), 'scheduled_date_orig': Timestamp('2025-11-30 00:00:00'), 'product_id': 'BMT055ECO'}
2025-11-28 11:08:22,019 - INFO - Searching for product with code: 'BMT055ECO' and old code: 'BMT055ECO'
2025-11-28 11:08:28,208 - INFO - Found product with exact match on old_product_code: 'BMT055ECO'
2025-11-28 11:08:28,275 - INFO - Prepared product BMT055ECO with quantity 134.0 for batch creation
2025-11-28 11:08:28,275 - INFO - Move locations - Source: 4, Dest: 1188
2025-11-28 11:08:28,276 - INFO - Processing Excel row 20: {'partner_id': 'MOGEN_OB', 'scheduled_date': Timestamp('2025-11-30 00:00:00'), 'picking_type_id': 'RM03-OB', 'date_done': Timestamp('2025-11-30 00:00:00'), 'origin': 'คลังวัตถุดิบ Supplier', 'location_dest_id': 'RM03/TCI', 'default_code': 'BMT055ECO', 'product_uom_qty': 38, 'price_unit': 131.22, 'sequence': 43, 'date': Timestamp('2025-08-27 00:00:00'), 'scheduled_date_orig': Timestamp('2025-11-30 00:00:00'), 'product_id': 'BMT055ECO'}
2025-11-28 11:08:28,276 - INFO - Using cached product ID for code: 'BMT055ECO'
2025-11-28 11:08:28,276 - INFO - Prepared product BMT055ECO with quantity 38.0 for batch creation
2025-11-28 11:08:28,277 - INFO - Move locations - Source: 4, Dest: 1188
2025-11-28 11:08:28,277 - INFO - Processing Excel row 21: {'partner_id': 'MOGEN_OB', 'scheduled_date': Timestamp('2025-11-30 00:00:00'), 'picking_type_id': 'RM03-OB', 'date_done': Timestamp('2025-11-30 00:00:00'), 'origin': 'คลังวัตถุดิบ Supplier', 'location_dest_id': 'RM03/TCI', 'default_code': 'BMA174', 'product_uom_qty': 242, 'price_unit': 31.85, 'sequence': 44, 'date': Timestamp('2025-09-23 00:00:00'), 'scheduled_date_orig': Timestamp('2025-11-30 00:00:00'), 'product_id': 'BMA174'}
2025-11-28 11:08:28,278 - INFO - Searching for product with code: 'BMA174' and old code: 'BMA174'
2025-11-28 11:08:28,498 - INFO - Found product with exact match on old_product_code: 'BMA174'
2025-11-28 11:08:28,566 - INFO - Prepared product BMA174 with quantity 242.0 for batch creation
2025-11-28 11:08:28,567 - INFO - Move locations - Source: 4, Dest: 1188
2025-11-28 11:08:28,567 - INFO - Processing Excel row 22: {'partner_id': 'MOGEN_OB', 'scheduled_date': Timestamp('2025-11-30 00:00:00'), 'picking_type_id': 'RM03-OB', 'date_done': Timestamp('2025-11-30 00:00:00'), 'origin': 'คลังวัตถุดิบ Supplier', 'location_dest_id': 'RM03/TCI', 'default_code': 'SP0032100', 'product_uom_qty': 215, 'price_unit': 6.5, 'sequence': 45, 'date': Timestamp('2025-09-26 00:00:00'), 'scheduled_date_orig': Timestamp('2025-11-30 00:00:00'), 'product_id': 'SP0032100'}
2025-11-28 11:08:28,568 - INFO - Searching for product with code: 'SP0032100' and old code: 'SP0032100'
2025-11-28 11:08:28,633 - INFO - Found product with exact match on default_code: 'SP0032100'
2025-11-28 11:08:28,702 - INFO - Prepared product SP0032100 with quantity 215.0 for batch creation
2025-11-28 11:08:28,703 - INFO - Move locations - Source: 4, Dest: 1188
2025-11-28 11:08:28,705 - INFO - Processing Excel row 23: {'partner_id': 'MOGEN_OB', 'scheduled_date': Timestamp('2025-11-30 00:00:00'), 'picking_type_id': 'RM03-OB', 'date_done': Timestamp('2025-11-30 00:00:00'), 'origin': 'คลังวัตถุดิบ Supplier', 'location_dest_id': 'RM03/TCI', 'default_code': 'BMT414344TCI', 'product_uom_qty': 226, 'price_unit': 99.0, 'sequence': 46, 'date': Timestamp('2025-10-20 00:00:00'), 'scheduled_date_orig': Timestamp('2025-11-30 00:00:00'), 'product_id': 'BMT414344TCI'}
2025-11-28 11:08:28,706 - INFO - Searching for product with code: 'BMT414344TCI' and old code: 'BMT414344TCI'
2025-11-28 11:08:28,909 - INFO - Found product with exact match on old_product_code: 'BMT414344TCI'
2025-11-28 11:08:28,978 - INFO - Prepared product BMT414344TCI with quantity 226.0 for batch creation
2025-11-28 11:08:28,979 - INFO - Move locations - Source: 4, Dest: 1188
2025-11-28 11:08:28,981 - INFO - Processing Excel row 24: {'partner_id': 'MOGEN_OB', 'scheduled_date': Timestamp('2025-11-30 00:00:00'), 'picking_type_id': 'RM03-OB', 'date_done': Timestamp('2025-11-30 00:00:00'), 'origin': 'คลังวัตถุดิบ Supplier', 'location_dest_id': 'RM03/TCI', 'default_code': 'SPO004100', 'product_uom_qty': 100, 'price_unit': 63.0, 'sequence': 47, 'date': Timestamp('2025-11-14 00:00:00'), 'scheduled_date_orig': Timestamp('2025-11-30 00:00:00'), 'product_id': 'SPO004100'}
2025-11-28 11:08:28,982 - INFO - Searching for product with code: 'SPO004100' and old code: 'SPO004100'
2025-11-28 11:08:29,051 - INFO - Found product with exact match on default_code: 'SPO004100'
2025-11-28 11:08:29,121 - INFO - Prepared product SPO004100 with quantity 100.0 for batch creation
2025-11-28 11:08:29,122 - INFO - Move locations - Source: 4, Dest: 1188
2025-11-28 11:08:29,123 - INFO - Processing Excel row 25: {'partner_id': 'MOGEN_OB', 'scheduled_date': Timestamp('2025-11-30 00:00:00'), 'picking_type_id': 'RM03-OB', 'date_done': Timestamp('2025-11-30 00:00:00'), 'origin': 'คลังวัตถุดิบ Supplier', 'location_dest_id': 'RM03/TCI', 'default_code': 'BAC051', 'product_uom_qty': 1000, 'price_unit': 6.0, 'sequence': 48, 'date': Timestamp('2025-11-20 00:00:00'), 'scheduled_date_orig': Timestamp('2025-11-30 00:00:00'), 'product_id': 'BAC051'}
2025-11-28 11:08:29,123 - INFO - Using cached product ID for code: 'BAC051'
2025-11-28 11:08:29,124 - INFO - Prepared product BAC051 with quantity 1000.0 for batch creation
2025-11-28 11:08:29,124 - INFO - Move locations - Source: 4, Dest: 1188
2025-11-28 11:08:29,125 - INFO - Processing Excel row 26: {'partner_id': 'MOGEN_OB', 'scheduled_date': Timestamp('2025-11-30 00:00:00'), 'picking_type_id': 'RM03-OB', 'date_done': Timestamp('2025-11-30 00:00:00'), 'origin': 'คลังวัตถุดิบ Supplier', 'location_dest_id': 'RM03/TCI', 'default_code': 'BMT414344TCI', 'product_uom_qty': 300, 'price_unit': 100.0, 'sequence': 49, 'date': Timestamp('2025-11-20 00:00:00'), 'scheduled_date_orig': Timestamp('2025-11-30 00:00:00'), 'product_id': 'BMT414344TCI'}
2025-11-28 11:08:29,125 - INFO - Using cached product ID for code: 'BMT414344TCI'
2025-11-28 11:08:29,126 - INFO - Prepared product BMT414344TCI with quantity 300.0 for batch creation
2025-11-28 11:08:29,126 - INFO - Move locations - Source: 4, Dest: 1188
2025-11-28 11:08:29,394 - INFO - Created 26 moves in batch for picking 23
2025-11-28 11:08:29,480 - INFO - Re-updated dates before confirming picking 23: 2025-11-30 00:00:00
2025-11-28 11:08:29,767 - INFO - Confirmed transfer 23 with forced date context
2025-11-28 11:08:29,769 - INFO - Import completed: 1 success, 0 failed.
