2025-07-25 11:37:48,278 - INFO - Successfully connected to Odoo as user ID: 2
2025-07-25 11:37:48,321 - INFO - Odoo version: 17.0.1.3
2025-07-25 11:37:48,423 - INFO - Available date fields in stock.picking: ['activity_date_deadline', 'my_activity_date_deadline', 'scheduled_date', 'date_deadline', 'date', 'date_done', 'delay_alert_date', 'create_date', 'write_date', 'date_notice', 'date_confirmed', 'date_start', 'operation_date']
2025-07-25 11:37:48,732 - INFO - Successfully read Excel file with 4 rows
2025-07-25 11:37:48,733 - INFO - Excel columns: ['partner_id', 'scheduled_date', 'picking_type_id', 'date_done', 'origin', 'location_dest_id', 'product_id', 'product_uom_qty', 'price_unit', 'sequence']
2025-07-25 11:37:48,743 - INFO - Processed sequence column
2025-07-25 11:37:48,746 - INFO - scheduled_date dtype: datetime64[ns]
2025-07-25 11:37:48,747 - INFO - scheduled_date sample: 2025-03-20 00:00:00
2025-07-25 11:37:48,751 - INFO - Converted scheduled_date to string format. Sample: 2025-03-20 00:00:00
2025-07-25 11:37:48,752 - INFO - Fixed picking type name from 'My Company: OB FIFO' to 'OB FIFO'
2025-07-25 11:37:48,753 - INFO - Using 'origin' column to identify transfer groups
2025-07-25 11:37:48,763 - INFO - Excel file validation and data filling completed successfully
2025-07-25 11:37:49,791 - INFO - Searching for location: 'RM02/Stock'
2025-07-25 11:37:49,882 - INFO - Found location with complete_name match: 'RM02/Stock' for 'RM02/Stock'
2025-07-25 11:37:49,914 - INFO - Found partner ID 16630 for 'MOG-OB'
2025-07-25 11:37:50,002 - INFO - Created transfer for date 2025-03-20 00:00:00 sequence 240 with picking ID 11419
2025-07-25 11:37:50,004 - INFO - Processing Excel row 1: {'partner_id': 'MOG-OB', 'scheduled_date': Timestamp('2025-03-20 00:00:00'), 'picking_type_id': 'OB FIFO', 'date_done': Timestamp('2025-03-20 00:00:00'), 'origin': 'BOJ0001698', 'location_dest_id': 'RM02/Stock', 'product_id': 'NFG01-11-SG-S/02-BK-B13', 'product_uom_qty': 7, 'price_unit': 568.919928571429, 'sequence': 240, 'scheduled_date_orig': Timestamp('2025-03-20 00:00:00')}
2025-07-25 11:37:50,005 - INFO - Searching for product with code: 'NFG01-11-SG-S/02-BK-B13' and old code: 'NFG01-11-SG-S/02-BK-B13'
2025-07-25 11:37:50,037 - INFO - Found product with exact match on default_code: 'NFG01-11-SG-S/02-BK-B13'
2025-07-25 11:37:50,177 - INFO - Added product NFG01-11-SG-S/02-BK-B13 with quantity 7.0 to picking 11419
2025-07-25 11:37:50,178 - INFO - Move locations - Source: 14, Dest: 181
2025-07-25 11:37:50,179 - INFO - Processing Excel row 2: {'partner_id': 'MOG-OB', 'scheduled_date': Timestamp('2025-03-20 00:00:00'), 'picking_type_id': 'OB FIFO', 'date_done': Timestamp('2025-03-20 00:00:00'), 'origin': 'BOJ0001698', 'location_dest_id': 'RM02/Stock', 'product_id': 'NFG01-A0-SG-S/02-BK', 'product_uom_qty': 7, 'price_unit': 568.919928571429, 'sequence': 241, 'scheduled_date_orig': Timestamp('2025-03-20 00:00:00')}
2025-07-25 11:37:50,180 - INFO - Searching for product with code: 'NFG01-A0-SG-S/02-BK' and old code: 'NFG01-A0-SG-S/02-BK'
2025-07-25 11:37:50,214 - INFO - Found product with exact match on default_code: 'NFG01-A0-SG-S/02-BK'
2025-07-25 11:37:50,346 - INFO - Added product NFG01-A0-SG-S/02-BK with quantity 7.0 to picking 11419
2025-07-25 11:37:50,347 - INFO - Move locations - Source: 14, Dest: 181
2025-07-25 11:37:50,347 - INFO - Processing Excel row 3: {'partner_id': 'MOG-OB', 'scheduled_date': Timestamp('2025-03-20 00:00:00'), 'picking_type_id': 'OB FIFO', 'date_done': Timestamp('2025-03-20 00:00:00'), 'origin': 'BOJ0001696', 'location_dest_id': 'RM02/Stock', 'product_id': 'NFGH4-SF-0001-131', 'product_uom_qty': 14, 'price_unit': 198.4245, 'sequence': 243, 'scheduled_date_orig': Timestamp('2025-03-20 00:00:00')}
2025-07-25 11:37:50,348 - INFO - Searching for product with code: 'NFGH4-SF-0001-131' and old code: 'NFGH4-SF-0001-131'
2025-07-25 11:37:50,377 - INFO - Found product with exact match on default_code: 'NFGH4-SF-0001-131'
2025-07-25 11:37:50,525 - INFO - Added product NFGH4-SF-0001-131 with quantity 14.0 to picking 11419
2025-07-25 11:37:50,525 - INFO - Move locations - Source: 14, Dest: 181
2025-07-25 11:37:50,526 - INFO - Processing Excel row 4: {'partner_id': 'MOG-OB', 'scheduled_date': Timestamp('2025-03-20 00:00:00'), 'picking_type_id': 'OB FIFO', 'date_done': Timestamp('2025-03-20 00:00:00'), 'origin': 'BOJ0001697', 'location_dest_id': 'RM02/Stock', 'product_id': 'NFGH4-SF-0001-131', 'product_uom_qty': 58, 'price_unit': 47.8956, 'sequence': 244, 'scheduled_date_orig': Timestamp('2025-03-20 00:00:00')}
2025-07-25 11:37:50,527 - INFO - Searching for product with code: 'NFGH4-SF-0001-131' and old code: 'NFGH4-SF-0001-131'
2025-07-25 11:37:50,598 - INFO - Found product with exact match on default_code: 'NFGH4-SF-0001-131'
2025-07-25 11:37:50,795 - INFO - Added product NFGH4-SF-0001-131 with quantity 58.0 to picking 11419
2025-07-25 11:37:50,796 - INFO - Move locations - Source: 14, Dest: 181
2025-07-25 11:37:50,885 - INFO - Re-updated dates before confirming picking 11419: 2025-03-20 00:00:00
2025-07-25 11:37:51,222 - INFO - Confirmed transfer 11419 with forced date context
2025-07-25 11:37:51,223 - INFO - Import completed: 1 success, 0 failed.
