2025-11-28 11:10:44,416 - INFO - Successfully connected to Odoo as user ID: 2
2025-11-28 11:10:44,485 - INFO - Odoo version: 17.0.1.3
2025-11-28 11:10:44,609 - INFO - Available date fields in stock.picking: ['activity_date_deadline', 'my_activity_date_deadline', 'scheduled_date', 'date_deadline', 'date', 'date_done', 'delay_alert_date', 'create_date', 'write_date', 'date_notice', 'date_confirmed', 'date_start', 'operation_date']
2025-11-28 11:10:44,928 - INFO - Successfully read Excel file with 49 rows
2025-11-28 11:10:44,929 - INFO - Excel columns: ['partner_id', 'scheduled_date', 'picking_type_id', 'date_done', 'origin', 'location_dest_id', 'default_code', 'product_uom_qty', 'price_unit', 'sequence', 'date']
2025-11-28 11:10:44,930 - INFO - Processed sequence column
2025-11-28 11:10:44,931 - INFO - scheduled_date dtype: datetime64[ns]
2025-11-28 11:10:44,932 - INFO - scheduled_date sample: 2025-11-30 00:00:00
2025-11-28 11:10:44,933 - INFO - Converted scheduled_date to string format. Sample: 2025-11-30 00:00:00
2025-11-28 11:10:44,934 - INFO - Fixed picking type name from 'My Company: OB FIFO' and 'คลังวัตถุดิบ 2: OB FIFO' to 'OB FIFO'
2025-11-28 11:10:44,935 - INFO - Using 'default_code' column as 'product_id'
2025-11-28 11:10:44,936 - INFO - Using 'origin' column to identify transfer groups
2025-11-28 11:10:44,940 - INFO - Excel file validation and data filling completed successfully
2025-11-28 11:10:45,083 - INFO - Searching for location: 'RM03/WCG'
2025-11-28 11:10:45,281 - INFO - Found location with complete_name match: 'RM03/WCG' for 'RM03/WCG'
2025-11-28 11:10:45,350 - INFO - Found partner ID 4937 for 'MOGEN_OB'
2025-11-28 11:10:45,431 - INFO - Created transfer for date 2025-11-30 00:00:00 sequence 50 with picking ID 24
2025-11-28 11:10:45,433 - INFO - Processing Excel row 1: {'partner_id': 'MOGEN_OB', 'scheduled_date': Timestamp('2025-11-30 00:00:00'), 'picking_type_id': 'RM03-OB', 'date_done': Timestamp('2025-11-30 00:00:00'), 'origin': 'คลังวัตถุดิบ Supplier', 'location_dest_id': 'RM03/WCG', 'default_code': 'NFG05-GL-00001', 'product_uom_qty': 1, 'price_unit': 4559, 'sequence': 50, 'date': Timestamp('2025-08-29 00:00:00'), 'scheduled_date_orig': Timestamp('2025-11-30 00:00:00'), 'product_id': 'NFG05-GL-00001'}
2025-11-28 11:10:45,433 - INFO - Searching for product with code: 'NFG05-GL-00001' and old code: 'NFG05-GL-00001'
2025-11-28 11:10:45,629 - INFO - Found product with exact match on old_product_code: 'NFG05-GL-00001'
2025-11-28 11:10:45,695 - INFO - Prepared product NFG05-GL-00001 with quantity 1.0 for batch creation
2025-11-28 11:10:45,696 - INFO - Move locations - Source: 4, Dest: 1200
2025-11-28 11:10:45,696 - INFO - Processing Excel row 2: {'partner_id': 'MOGEN_OB', 'scheduled_date': Timestamp('2025-11-30 00:00:00'), 'picking_type_id': 'RM03-OB', 'date_done': Timestamp('2025-11-30 00:00:00'), 'origin': 'คลังวัตถุดิบ Supplier', 'location_dest_id': 'RM03/WCG', 'default_code': 'NFG05-GL-00001', 'product_uom_qty': 1, 'price_unit': 4537, 'sequence': 51, 'date': Timestamp('2025-08-29 00:00:00'), 'scheduled_date_orig': Timestamp('2025-11-30 00:00:00'), 'product_id': 'NFG05-GL-00001'}
2025-11-28 11:10:45,697 - INFO - Using cached product ID for code: 'NFG05-GL-00001'
2025-11-28 11:10:45,697 - INFO - Prepared product NFG05-GL-00001 with quantity 1.0 for batch creation
2025-11-28 11:10:45,697 - INFO - Move locations - Source: 4, Dest: 1200
2025-11-28 11:10:45,698 - INFO - Processing Excel row 3: {'partner_id': 'MOGEN_OB', 'scheduled_date': Timestamp('2025-11-30 00:00:00'), 'picking_type_id': 'RM03-OB', 'date_done': Timestamp('2025-11-30 00:00:00'), 'origin': 'คลังวัตถุดิบ Supplier', 'location_dest_id': 'RM03/WCG', 'default_code': 'NFG05-GL-00001', 'product_uom_qty': 2, 'price_unit': 4618, 'sequence': 52, 'date': Timestamp('2025-08-29 00:00:00'), 'scheduled_date_orig': Timestamp('2025-11-30 00:00:00'), 'product_id': 'NFG05-GL-00001'}
2025-11-28 11:10:45,698 - INFO - Using cached product ID for code: 'NFG05-GL-00001'
2025-11-28 11:10:45,698 - INFO - Prepared product NFG05-GL-00001 with quantity 2.0 for batch creation
2025-11-28 11:10:45,699 - INFO - Move locations - Source: 4, Dest: 1200
2025-11-28 11:10:45,699 - INFO - Processing Excel row 4: {'partner_id': 'MOGEN_OB', 'scheduled_date': Timestamp('2025-11-30 00:00:00'), 'picking_type_id': 'RM03-OB', 'date_done': Timestamp('2025-11-30 00:00:00'), 'origin': 'คลังวัตถุดิบ Supplier', 'location_dest_id': 'RM03/WCG', 'default_code': 'NFG05-GL-00001', 'product_uom_qty': 1, 'price_unit': 5063, 'sequence': 53, 'date': Timestamp('2025-08-29 00:00:00'), 'scheduled_date_orig': Timestamp('2025-11-30 00:00:00'), 'product_id': 'NFG05-GL-00001'}
2025-11-28 11:10:45,699 - INFO - Using cached product ID for code: 'NFG05-GL-00001'
2025-11-28 11:10:45,700 - INFO - Prepared product NFG05-GL-00001 with quantity 1.0 for batch creation
2025-11-28 11:10:45,700 - INFO - Move locations - Source: 4, Dest: 1200
2025-11-28 11:10:45,700 - INFO - Processing Excel row 5: {'partner_id': 'MOGEN_OB', 'scheduled_date': Timestamp('2025-11-30 00:00:00'), 'picking_type_id': 'RM03-OB', 'date_done': Timestamp('2025-11-30 00:00:00'), 'origin': 'คลังวัตถุดิบ Supplier', 'location_dest_id': 'RM03/WCG', 'default_code': 'NFG05-GL-00001', 'product_uom_qty': 1, 'price_unit': 4610, 'sequence': 54, 'date': Timestamp('2025-08-29 00:00:00'), 'scheduled_date_orig': Timestamp('2025-11-30 00:00:00'), 'product_id': 'NFG05-GL-00001'}
2025-11-28 11:10:45,701 - INFO - Using cached product ID for code: 'NFG05-GL-00001'
2025-11-28 11:10:45,701 - INFO - Prepared product NFG05-GL-00001 with quantity 1.0 for batch creation
2025-11-28 11:10:45,701 - INFO - Move locations - Source: 4, Dest: 1200
2025-11-28 11:10:45,702 - INFO - Processing Excel row 6: {'partner_id': 'MOGEN_OB', 'scheduled_date': Timestamp('2025-11-30 00:00:00'), 'picking_type_id': 'RM03-OB', 'date_done': Timestamp('2025-11-30 00:00:00'), 'origin': 'คลังวัตถุดิบ Supplier', 'location_dest_id': 'RM03/WCG', 'default_code': 'NFG05-GL-00001', 'product_uom_qty': 3, 'price_unit': 4584, 'sequence': 55, 'date': Timestamp('2025-08-29 00:00:00'), 'scheduled_date_orig': Timestamp('2025-11-30 00:00:00'), 'product_id': 'NFG05-GL-00001'}
2025-11-28 11:10:45,702 - INFO - Using cached product ID for code: 'NFG05-GL-00001'
2025-11-28 11:10:45,703 - INFO - Prepared product NFG05-GL-00001 with quantity 3.0 for batch creation
2025-11-28 11:10:45,703 - INFO - Move locations - Source: 4, Dest: 1200
2025-11-28 11:10:45,703 - INFO - Processing Excel row 7: {'partner_id': 'MOGEN_OB', 'scheduled_date': Timestamp('2025-11-30 00:00:00'), 'picking_type_id': 'RM03-OB', 'date_done': Timestamp('2025-11-30 00:00:00'), 'origin': 'คลังวัตถุดิบ Supplier', 'location_dest_id': 'RM03/WCG', 'default_code': 'NFG05-GL-00001', 'product_uom_qty': 1, 'price_unit': 6303, 'sequence': 56, 'date': Timestamp('2025-08-29 00:00:00'), 'scheduled_date_orig': Timestamp('2025-11-30 00:00:00'), 'product_id': 'NFG05-GL-00001'}
2025-11-28 11:10:45,704 - INFO - Using cached product ID for code: 'NFG05-GL-00001'
2025-11-28 11:10:45,704 - INFO - Prepared product NFG05-GL-00001 with quantity 1.0 for batch creation
2025-11-28 11:10:45,704 - INFO - Move locations - Source: 4, Dest: 1200
2025-11-28 11:10:45,705 - INFO - Processing Excel row 8: {'partner_id': 'MOGEN_OB', 'scheduled_date': Timestamp('2025-11-30 00:00:00'), 'picking_type_id': 'RM03-OB', 'date_done': Timestamp('2025-11-30 00:00:00'), 'origin': 'คลังวัตถุดิบ Supplier', 'location_dest_id': 'RM03/WCG', 'default_code': 'NFG05-GL-00001', 'product_uom_qty': 1, 'price_unit': 4844, 'sequence': 57, 'date': Timestamp('2025-08-29 00:00:00'), 'scheduled_date_orig': Timestamp('2025-11-30 00:00:00'), 'product_id': 'NFG05-GL-00001'}
2025-11-28 11:10:45,705 - INFO - Using cached product ID for code: 'NFG05-GL-00001'
2025-11-28 11:10:45,706 - INFO - Prepared product NFG05-GL-00001 with quantity 1.0 for batch creation
2025-11-28 11:10:45,706 - INFO - Move locations - Source: 4, Dest: 1200
2025-11-28 11:10:45,706 - INFO - Processing Excel row 9: {'partner_id': 'MOGEN_OB', 'scheduled_date': Timestamp('2025-11-30 00:00:00'), 'picking_type_id': 'RM03-OB', 'date_done': Timestamp('2025-11-30 00:00:00'), 'origin': 'คลังวัตถุดิบ Supplier', 'location_dest_id': 'RM03/WCG', 'default_code': 'NFG05-GL-00001', 'product_uom_qty': 1, 'price_unit': 5390, 'sequence': 58, 'date': Timestamp('2025-08-29 00:00:00'), 'scheduled_date_orig': Timestamp('2025-11-30 00:00:00'), 'product_id': 'NFG05-GL-00001'}
2025-11-28 11:10:45,707 - INFO - Using cached product ID for code: 'NFG05-GL-00001'
2025-11-28 11:10:45,708 - INFO - Prepared product NFG05-GL-00001 with quantity 1.0 for batch creation
2025-11-28 11:10:45,708 - INFO - Move locations - Source: 4, Dest: 1200
2025-11-28 11:10:45,709 - INFO - Processing Excel row 10: {'partner_id': 'MOGEN_OB', 'scheduled_date': Timestamp('2025-11-30 00:00:00'), 'picking_type_id': 'RM03-OB', 'date_done': Timestamp('2025-11-30 00:00:00'), 'origin': 'คลังวัตถุดิบ Supplier', 'location_dest_id': 'RM03/WCG', 'default_code': 'NFG05-GL-00001', 'product_uom_qty': 1, 'price_unit': 5613, 'sequence': 59, 'date': Timestamp('2025-08-29 00:00:00'), 'scheduled_date_orig': Timestamp('2025-11-30 00:00:00'), 'product_id': 'NFG05-GL-00001'}
2025-11-28 11:10:45,709 - INFO - Using cached product ID for code: 'NFG05-GL-00001'
2025-11-28 11:10:45,710 - INFO - Prepared product NFG05-GL-00001 with quantity 1.0 for batch creation
2025-11-28 11:10:45,710 - INFO - Move locations - Source: 4, Dest: 1200
2025-11-28 11:10:45,710 - INFO - Processing Excel row 11: {'partner_id': 'MOGEN_OB', 'scheduled_date': Timestamp('2025-11-30 00:00:00'), 'picking_type_id': 'RM03-OB', 'date_done': Timestamp('2025-11-30 00:00:00'), 'origin': 'คลังวัตถุดิบ Supplier', 'location_dest_id': 'RM03/WCG', 'default_code': 'NFG05-GL-00001', 'product_uom_qty': 1, 'price_unit': 5394, 'sequence': 60, 'date': Timestamp('2025-08-29 00:00:00'), 'scheduled_date_orig': Timestamp('2025-11-30 00:00:00'), 'product_id': 'NFG05-GL-00001'}
2025-11-28 11:10:45,711 - INFO - Using cached product ID for code: 'NFG05-GL-00001'
2025-11-28 11:10:45,711 - INFO - Prepared product NFG05-GL-00001 with quantity 1.0 for batch creation
2025-11-28 11:10:45,711 - INFO - Move locations - Source: 4, Dest: 1200
2025-11-28 11:10:45,712 - INFO - Processing Excel row 12: {'partner_id': 'MOGEN_OB', 'scheduled_date': Timestamp('2025-11-30 00:00:00'), 'picking_type_id': 'RM03-OB', 'date_done': Timestamp('2025-11-30 00:00:00'), 'origin': 'คลังวัตถุดิบ Supplier', 'location_dest_id': 'RM03/WCG', 'default_code': 'NFG05-GL-00001', 'product_uom_qty': 1, 'price_unit': 6595, 'sequence': 61, 'date': Timestamp('2025-08-29 00:00:00'), 'scheduled_date_orig': Timestamp('2025-11-30 00:00:00'), 'product_id': 'NFG05-GL-00001'}
2025-11-28 11:10:45,712 - INFO - Using cached product ID for code: 'NFG05-GL-00001'
2025-11-28 11:10:45,713 - INFO - Prepared product NFG05-GL-00001 with quantity 1.0 for batch creation
2025-11-28 11:10:45,713 - INFO - Move locations - Source: 4, Dest: 1200
2025-11-28 11:10:45,713 - INFO - Processing Excel row 13: {'partner_id': 'MOGEN_OB', 'scheduled_date': Timestamp('2025-11-30 00:00:00'), 'picking_type_id': 'RM03-OB', 'date_done': Timestamp('2025-11-30 00:00:00'), 'origin': 'คลังวัตถุดิบ Supplier', 'location_dest_id': 'RM03/WCG', 'default_code': 'NFG05-GL-00001', 'product_uom_qty': 1, 'price_unit': 5823, 'sequence': 62, 'date': Timestamp('2025-08-29 00:00:00'), 'scheduled_date_orig': Timestamp('2025-11-30 00:00:00'), 'product_id': 'NFG05-GL-00001'}
2025-11-28 11:10:45,713 - INFO - Using cached product ID for code: 'NFG05-GL-00001'
2025-11-28 11:10:45,714 - INFO - Prepared product NFG05-GL-00001 with quantity 1.0 for batch creation
2025-11-28 11:10:45,714 - INFO - Move locations - Source: 4, Dest: 1200
2025-11-28 11:10:45,714 - INFO - Processing Excel row 14: {'partner_id': 'MOGEN_OB', 'scheduled_date': Timestamp('2025-11-30 00:00:00'), 'picking_type_id': 'RM03-OB', 'date_done': Timestamp('2025-11-30 00:00:00'), 'origin': 'คลังวัตถุดิบ Supplier', 'location_dest_id': 'RM03/WCG', 'default_code': 'NFG05-GL-00001', 'product_uom_qty': 1, 'price_unit': 5510, 'sequence': 63, 'date': Timestamp('2025-08-29 00:00:00'), 'scheduled_date_orig': Timestamp('2025-11-30 00:00:00'), 'product_id': 'NFG05-GL-00001'}
2025-11-28 11:10:45,714 - INFO - Using cached product ID for code: 'NFG05-GL-00001'
2025-11-28 11:10:45,715 - INFO - Prepared product NFG05-GL-00001 with quantity 1.0 for batch creation
2025-11-28 11:10:45,715 - INFO - Move locations - Source: 4, Dest: 1200
2025-11-28 11:10:45,715 - INFO - Processing Excel row 15: {'partner_id': 'MOGEN_OB', 'scheduled_date': Timestamp('2025-11-30 00:00:00'), 'picking_type_id': 'RM03-OB', 'date_done': Timestamp('2025-11-30 00:00:00'), 'origin': 'คลังวัตถุดิบ Supplier', 'location_dest_id': 'RM03/WCG', 'default_code': 'NFG05-GL-00001', 'product_uom_qty': 1, 'price_unit': 5278, 'sequence': 64, 'date': Timestamp('2025-08-29 00:00:00'), 'scheduled_date_orig': Timestamp('2025-11-30 00:00:00'), 'product_id': 'NFG05-GL-00001'}
2025-11-28 11:10:45,716 - INFO - Using cached product ID for code: 'NFG05-GL-00001'
2025-11-28 11:10:45,716 - INFO - Prepared product NFG05-GL-00001 with quantity 1.0 for batch creation
2025-11-28 11:10:45,716 - INFO - Move locations - Source: 4, Dest: 1200
2025-11-28 11:10:45,716 - INFO - Processing Excel row 16: {'partner_id': 'MOGEN_OB', 'scheduled_date': Timestamp('2025-11-30 00:00:00'), 'picking_type_id': 'RM03-OB', 'date_done': Timestamp('2025-11-30 00:00:00'), 'origin': 'คลังวัตถุดิบ Supplier', 'location_dest_id': 'RM03/WCG', 'default_code': 'NFG05-GL-00001', 'product_uom_qty': 1, 'price_unit': 6411, 'sequence': 65, 'date': Timestamp('2025-08-29 00:00:00'), 'scheduled_date_orig': Timestamp('2025-11-30 00:00:00'), 'product_id': 'NFG05-GL-00001'}
2025-11-28 11:10:45,717 - INFO - Using cached product ID for code: 'NFG05-GL-00001'
2025-11-28 11:10:45,717 - INFO - Prepared product NFG05-GL-00001 with quantity 1.0 for batch creation
2025-11-28 11:10:45,717 - INFO - Move locations - Source: 4, Dest: 1200
2025-11-28 11:10:45,718 - INFO - Processing Excel row 17: {'partner_id': 'MOGEN_OB', 'scheduled_date': Timestamp('2025-11-30 00:00:00'), 'picking_type_id': 'RM03-OB', 'date_done': Timestamp('2025-11-30 00:00:00'), 'origin': 'คลังวัตถุดิบ Supplier', 'location_dest_id': 'RM03/WCG', 'default_code': 'NFG05-GL-00001', 'product_uom_qty': 1, 'price_unit': 5585, 'sequence': 66, 'date': Timestamp('2025-08-29 00:00:00'), 'scheduled_date_orig': Timestamp('2025-11-30 00:00:00'), 'product_id': 'NFG05-GL-00001'}
2025-11-28 11:10:45,718 - INFO - Using cached product ID for code: 'NFG05-GL-00001'
2025-11-28 11:10:45,718 - INFO - Prepared product NFG05-GL-00001 with quantity 1.0 for batch creation
2025-11-28 11:10:45,718 - INFO - Move locations - Source: 4, Dest: 1200
2025-11-28 11:10:45,719 - INFO - Processing Excel row 18: {'partner_id': 'MOGEN_OB', 'scheduled_date': Timestamp('2025-11-30 00:00:00'), 'picking_type_id': 'RM03-OB', 'date_done': Timestamp('2025-11-30 00:00:00'), 'origin': 'คลังวัตถุดิบ Supplier', 'location_dest_id': 'RM03/WCG', 'default_code': 'NFG05-GL-00001', 'product_uom_qty': 1, 'price_unit': 5093, 'sequence': 67, 'date': Timestamp('2025-08-29 00:00:00'), 'scheduled_date_orig': Timestamp('2025-11-30 00:00:00'), 'product_id': 'NFG05-GL-00001'}
2025-11-28 11:10:45,719 - INFO - Using cached product ID for code: 'NFG05-GL-00001'
2025-11-28 11:10:45,719 - INFO - Prepared product NFG05-GL-00001 with quantity 1.0 for batch creation
2025-11-28 11:10:45,719 - INFO - Move locations - Source: 4, Dest: 1200
2025-11-28 11:10:45,720 - INFO - Processing Excel row 19: {'partner_id': 'MOGEN_OB', 'scheduled_date': Timestamp('2025-11-30 00:00:00'), 'picking_type_id': 'RM03-OB', 'date_done': Timestamp('2025-11-30 00:00:00'), 'origin': 'คลังวัตถุดิบ Supplier', 'location_dest_id': 'RM03/WCG', 'default_code': 'NFG05-GL-00001', 'product_uom_qty': 1, 'price_unit': 3384, 'sequence': 68, 'date': Timestamp('2025-08-29 00:00:00'), 'scheduled_date_orig': Timestamp('2025-11-30 00:00:00'), 'product_id': 'NFG05-GL-00001'}
2025-11-28 11:10:45,720 - INFO - Using cached product ID for code: 'NFG05-GL-00001'
2025-11-28 11:10:45,720 - INFO - Prepared product NFG05-GL-00001 with quantity 1.0 for batch creation
2025-11-28 11:10:45,720 - INFO - Move locations - Source: 4, Dest: 1200
2025-11-28 11:10:45,721 - INFO - Processing Excel row 20: {'partner_id': 'MOGEN_OB', 'scheduled_date': Timestamp('2025-11-30 00:00:00'), 'picking_type_id': 'RM03-OB', 'date_done': Timestamp('2025-11-30 00:00:00'), 'origin': 'คลังวัตถุดิบ Supplier', 'location_dest_id': 'RM03/WCG', 'default_code': 'NFG05-GL-00001', 'product_uom_qty': 1, 'price_unit': 3384, 'sequence': 69, 'date': Timestamp('2025-08-29 00:00:00'), 'scheduled_date_orig': Timestamp('2025-11-30 00:00:00'), 'product_id': 'NFG05-GL-00001'}
2025-11-28 11:10:45,721 - INFO - Using cached product ID for code: 'NFG05-GL-00001'
2025-11-28 11:10:45,721 - INFO - Prepared product NFG05-GL-00001 with quantity 1.0 for batch creation
2025-11-28 11:10:45,722 - INFO - Move locations - Source: 4, Dest: 1200
2025-11-28 11:10:45,722 - INFO - Processing Excel row 21: {'partner_id': 'MOGEN_OB', 'scheduled_date': Timestamp('2025-11-30 00:00:00'), 'picking_type_id': 'RM03-OB', 'date_done': Timestamp('2025-11-30 00:00:00'), 'origin': 'คลังวัตถุดิบ Supplier', 'location_dest_id': 'RM03/WCG', 'default_code': 'NFG05-GL-00001', 'product_uom_qty': 1, 'price_unit': 3986, 'sequence': 70, 'date': Timestamp('2025-08-29 00:00:00'), 'scheduled_date_orig': Timestamp('2025-11-30 00:00:00'), 'product_id': 'NFG05-GL-00001'}
2025-11-28 11:10:45,723 - INFO - Using cached product ID for code: 'NFG05-GL-00001'
2025-11-28 11:10:45,723 - INFO - Prepared product NFG05-GL-00001 with quantity 1.0 for batch creation
2025-11-28 11:10:45,723 - INFO - Move locations - Source: 4, Dest: 1200
2025-11-28 11:10:45,725 - INFO - Processing Excel row 22: {'partner_id': 'MOGEN_OB', 'scheduled_date': Timestamp('2025-11-30 00:00:00'), 'picking_type_id': 'RM03-OB', 'date_done': Timestamp('2025-11-30 00:00:00'), 'origin': 'คลังวัตถุดิบ Supplier', 'location_dest_id': 'RM03/WCG', 'default_code': 'NFG05-GL-00001', 'product_uom_qty': 1, 'price_unit': 4198, 'sequence': 71, 'date': Timestamp('2025-08-29 00:00:00'), 'scheduled_date_orig': Timestamp('2025-11-30 00:00:00'), 'product_id': 'NFG05-GL-00001'}
2025-11-28 11:10:45,725 - INFO - Using cached product ID for code: 'NFG05-GL-00001'
2025-11-28 11:10:45,725 - INFO - Prepared product NFG05-GL-00001 with quantity 1.0 for batch creation
2025-11-28 11:10:45,726 - INFO - Move locations - Source: 4, Dest: 1200
2025-11-28 11:10:45,726 - INFO - Processing Excel row 23: {'partner_id': 'MOGEN_OB', 'scheduled_date': Timestamp('2025-11-30 00:00:00'), 'picking_type_id': 'RM03-OB', 'date_done': Timestamp('2025-11-30 00:00:00'), 'origin': 'คลังวัตถุดิบ Supplier', 'location_dest_id': 'RM03/WCG', 'default_code': 'NFG05-GL-00001', 'product_uom_qty': 1, 'price_unit': 4405, 'sequence': 72, 'date': Timestamp('2025-08-29 00:00:00'), 'scheduled_date_orig': Timestamp('2025-11-30 00:00:00'), 'product_id': 'NFG05-GL-00001'}
2025-11-28 11:10:45,726 - INFO - Using cached product ID for code: 'NFG05-GL-00001'
2025-11-28 11:10:45,727 - INFO - Prepared product NFG05-GL-00001 with quantity 1.0 for batch creation
2025-11-28 11:10:45,727 - INFO - Move locations - Source: 4, Dest: 1200
2025-11-28 11:10:45,727 - INFO - Processing Excel row 24: {'partner_id': 'MOGEN_OB', 'scheduled_date': Timestamp('2025-11-30 00:00:00'), 'picking_type_id': 'RM03-OB', 'date_done': Timestamp('2025-11-30 00:00:00'), 'origin': 'คลังวัตถุดิบ Supplier', 'location_dest_id': 'RM03/WCG', 'default_code': 'NFG05-GL-00001', 'product_uom_qty': 1, 'price_unit': 4333, 'sequence': 73, 'date': Timestamp('2025-08-29 00:00:00'), 'scheduled_date_orig': Timestamp('2025-11-30 00:00:00'), 'product_id': 'NFG05-GL-00001'}
2025-11-28 11:10:45,728 - INFO - Using cached product ID for code: 'NFG05-GL-00001'
2025-11-28 11:10:45,728 - INFO - Prepared product NFG05-GL-00001 with quantity 1.0 for batch creation
2025-11-28 11:10:45,728 - INFO - Move locations - Source: 4, Dest: 1200
2025-11-28 11:10:45,729 - INFO - Processing Excel row 25: {'partner_id': 'MOGEN_OB', 'scheduled_date': Timestamp('2025-11-30 00:00:00'), 'picking_type_id': 'RM03-OB', 'date_done': Timestamp('2025-11-30 00:00:00'), 'origin': 'คลังวัตถุดิบ Supplier', 'location_dest_id': 'RM03/WCG', 'default_code': 'NFG05-GL-00001', 'product_uom_qty': 2, 'price_unit': 3971, 'sequence': 74, 'date': Timestamp('2025-08-29 00:00:00'), 'scheduled_date_orig': Timestamp('2025-11-30 00:00:00'), 'product_id': 'NFG05-GL-00001'}
2025-11-28 11:10:45,729 - INFO - Using cached product ID for code: 'NFG05-GL-00001'
2025-11-28 11:10:45,730 - INFO - Prepared product NFG05-GL-00001 with quantity 2.0 for batch creation
2025-11-28 11:10:45,730 - INFO - Move locations - Source: 4, Dest: 1200
2025-11-28 11:10:45,730 - INFO - Processing Excel row 26: {'partner_id': 'MOGEN_OB', 'scheduled_date': Timestamp('2025-11-30 00:00:00'), 'picking_type_id': 'RM03-OB', 'date_done': Timestamp('2025-11-30 00:00:00'), 'origin': 'คลังวัตถุดิบ Supplier', 'location_dest_id': 'RM03/WCG', 'default_code': 'NFG05-GL-00001', 'product_uom_qty': 5, 'price_unit': 3670, 'sequence': 75, 'date': Timestamp('2025-08-29 00:00:00'), 'scheduled_date_orig': Timestamp('2025-11-30 00:00:00'), 'product_id': 'NFG05-GL-00001'}
2025-11-28 11:10:45,731 - INFO - Using cached product ID for code: 'NFG05-GL-00001'
2025-11-28 11:10:45,731 - INFO - Prepared product NFG05-GL-00001 with quantity 5.0 for batch creation
2025-11-28 11:10:45,731 - INFO - Move locations - Source: 4, Dest: 1200
2025-11-28 11:10:45,732 - INFO - Processing Excel row 27: {'partner_id': 'MOGEN_OB', 'scheduled_date': Timestamp('2025-11-30 00:00:00'), 'picking_type_id': 'RM03-OB', 'date_done': Timestamp('2025-11-30 00:00:00'), 'origin': 'คลังวัตถุดิบ Supplier', 'location_dest_id': 'RM03/WCG', 'default_code': 'NFG05-GL-00001', 'product_uom_qty': 1, 'price_unit': 3764, 'sequence': 76, 'date': Timestamp('2025-08-29 00:00:00'), 'scheduled_date_orig': Timestamp('2025-11-30 00:00:00'), 'product_id': 'NFG05-GL-00001'}
2025-11-28 11:10:45,732 - INFO - Using cached product ID for code: 'NFG05-GL-00001'
2025-11-28 11:10:45,732 - INFO - Prepared product NFG05-GL-00001 with quantity 1.0 for batch creation
2025-11-28 11:10:45,732 - INFO - Move locations - Source: 4, Dest: 1200
2025-11-28 11:10:45,733 - INFO - Processing Excel row 28: {'partner_id': 'MOGEN_OB', 'scheduled_date': Timestamp('2025-11-30 00:00:00'), 'picking_type_id': 'RM03-OB', 'date_done': Timestamp('2025-11-30 00:00:00'), 'origin': 'คลังวัตถุดิบ Supplier', 'location_dest_id': 'RM03/WCG', 'default_code': 'NFG05-GL-00001', 'product_uom_qty': 1, 'price_unit': 4374, 'sequence': 77, 'date': Timestamp('2025-08-29 00:00:00'), 'scheduled_date_orig': Timestamp('2025-11-30 00:00:00'), 'product_id': 'NFG05-GL-00001'}
2025-11-28 11:10:45,733 - INFO - Using cached product ID for code: 'NFG05-GL-00001'
2025-11-28 11:10:45,733 - INFO - Prepared product NFG05-GL-00001 with quantity 1.0 for batch creation
2025-11-28 11:10:45,734 - INFO - Move locations - Source: 4, Dest: 1200
2025-11-28 11:10:45,734 - INFO - Processing Excel row 29: {'partner_id': 'MOGEN_OB', 'scheduled_date': Timestamp('2025-11-30 00:00:00'), 'picking_type_id': 'RM03-OB', 'date_done': Timestamp('2025-11-30 00:00:00'), 'origin': 'คลังวัตถุดิบ Supplier', 'location_dest_id': 'RM03/WCG', 'default_code': 'NFG05-GL-00001', 'product_uom_qty': 3, 'price_unit': 4543, 'sequence': 78, 'date': Timestamp('2025-08-29 00:00:00'), 'scheduled_date_orig': Timestamp('2025-11-30 00:00:00'), 'product_id': 'NFG05-GL-00001'}
2025-11-28 11:10:45,734 - INFO - Using cached product ID for code: 'NFG05-GL-00001'
2025-11-28 11:10:45,735 - INFO - Prepared product NFG05-GL-00001 with quantity 3.0 for batch creation
2025-11-28 11:10:45,735 - INFO - Move locations - Source: 4, Dest: 1200
2025-11-28 11:10:45,735 - INFO - Processing Excel row 30: {'partner_id': 'MOGEN_OB', 'scheduled_date': Timestamp('2025-11-30 00:00:00'), 'picking_type_id': 'RM03-OB', 'date_done': Timestamp('2025-11-30 00:00:00'), 'origin': 'คลังวัตถุดิบ Supplier', 'location_dest_id': 'RM03/WCG', 'default_code': 'NFG05-GL-00001', 'product_uom_qty': 4, 'price_unit': 3805, 'sequence': 79, 'date': Timestamp('2025-08-29 00:00:00'), 'scheduled_date_orig': Timestamp('2025-11-30 00:00:00'), 'product_id': 'NFG05-GL-00001'}
2025-11-28 11:10:45,736 - INFO - Using cached product ID for code: 'NFG05-GL-00001'
2025-11-28 11:10:45,736 - INFO - Prepared product NFG05-GL-00001 with quantity 4.0 for batch creation
2025-11-28 11:10:45,736 - INFO - Move locations - Source: 4, Dest: 1200
2025-11-28 11:10:45,737 - INFO - Processing Excel row 31: {'partner_id': 'MOGEN_OB', 'scheduled_date': Timestamp('2025-11-30 00:00:00'), 'picking_type_id': 'RM03-OB', 'date_done': Timestamp('2025-11-30 00:00:00'), 'origin': 'คลังวัตถุดิบ Supplier', 'location_dest_id': 'RM03/WCG', 'default_code': 'NFG05-GL-00001', 'product_uom_qty': 2, 'price_unit': 3971, 'sequence': 80, 'date': Timestamp('2025-08-29 00:00:00'), 'scheduled_date_orig': Timestamp('2025-11-30 00:00:00'), 'product_id': 'NFG05-GL-00001'}
2025-11-28 11:10:45,737 - INFO - Using cached product ID for code: 'NFG05-GL-00001'
2025-11-28 11:10:45,737 - INFO - Prepared product NFG05-GL-00001 with quantity 2.0 for batch creation
2025-11-28 11:10:45,737 - INFO - Move locations - Source: 4, Dest: 1200
2025-11-28 11:10:45,738 - INFO - Processing Excel row 32: {'partner_id': 'MOGEN_OB', 'scheduled_date': Timestamp('2025-11-30 00:00:00'), 'picking_type_id': 'RM03-OB', 'date_done': Timestamp('2025-11-30 00:00:00'), 'origin': 'คลังวัตถุดิบ Supplier', 'location_dest_id': 'RM03/WCG', 'default_code': 'NFG05-GL-00001', 'product_uom_qty': 1, 'price_unit': 4089, 'sequence': 81, 'date': Timestamp('2025-08-29 00:00:00'), 'scheduled_date_orig': Timestamp('2025-11-30 00:00:00'), 'product_id': 'NFG05-GL-00001'}
2025-11-28 11:10:45,738 - INFO - Using cached product ID for code: 'NFG05-GL-00001'
2025-11-28 11:10:45,738 - INFO - Prepared product NFG05-GL-00001 with quantity 1.0 for batch creation
2025-11-28 11:10:45,739 - INFO - Move locations - Source: 4, Dest: 1200
2025-11-28 11:10:45,739 - INFO - Processing Excel row 33: {'partner_id': 'MOGEN_OB', 'scheduled_date': Timestamp('2025-11-30 00:00:00'), 'picking_type_id': 'RM03-OB', 'date_done': Timestamp('2025-11-30 00:00:00'), 'origin': 'คลังวัตถุดิบ Supplier', 'location_dest_id': 'RM03/WCG', 'default_code': 'NFG05-GL-00001', 'product_uom_qty': 1, 'price_unit': 3140, 'sequence': 82, 'date': Timestamp('2025-08-29 00:00:00'), 'scheduled_date_orig': Timestamp('2025-11-30 00:00:00'), 'product_id': 'NFG05-GL-00001'}
2025-11-28 11:10:45,739 - INFO - Using cached product ID for code: 'NFG05-GL-00001'
2025-11-28 11:10:45,740 - INFO - Prepared product NFG05-GL-00001 with quantity 1.0 for batch creation
2025-11-28 11:10:45,740 - INFO - Move locations - Source: 4, Dest: 1200
2025-11-28 11:10:45,740 - INFO - Processing Excel row 34: {'partner_id': 'MOGEN_OB', 'scheduled_date': Timestamp('2025-11-30 00:00:00'), 'picking_type_id': 'RM03-OB', 'date_done': Timestamp('2025-11-30 00:00:00'), 'origin': 'คลังวัตถุดิบ Supplier', 'location_dest_id': 'RM03/WCG', 'default_code': 'NFG05-GL-00001', 'product_uom_qty': 2, 'price_unit': 2652, 'sequence': 83, 'date': Timestamp('2025-08-29 00:00:00'), 'scheduled_date_orig': Timestamp('2025-11-30 00:00:00'), 'product_id': 'NFG05-GL-00001'}
2025-11-28 11:10:45,741 - INFO - Using cached product ID for code: 'NFG05-GL-00001'
2025-11-28 11:10:45,741 - INFO - Prepared product NFG05-GL-00001 with quantity 2.0 for batch creation
2025-11-28 11:10:45,742 - INFO - Move locations - Source: 4, Dest: 1200
2025-11-28 11:10:45,743 - INFO - Processing Excel row 35: {'partner_id': 'MOGEN_OB', 'scheduled_date': Timestamp('2025-11-30 00:00:00'), 'picking_type_id': 'RM03-OB', 'date_done': Timestamp('2025-11-30 00:00:00'), 'origin': 'คลังวัตถุดิบ Supplier', 'location_dest_id': 'RM03/WCG', 'default_code': 'NFG05-GL-00001', 'product_uom_qty': 1, 'price_unit': 767, 'sequence': 84, 'date': Timestamp('2025-08-29 00:00:00'), 'scheduled_date_orig': Timestamp('2025-11-30 00:00:00'), 'product_id': 'NFG05-GL-00001'}
2025-11-28 11:10:45,743 - INFO - Using cached product ID for code: 'NFG05-GL-00001'
2025-11-28 11:10:45,743 - INFO - Prepared product NFG05-GL-00001 with quantity 1.0 for batch creation
2025-11-28 11:10:45,744 - INFO - Move locations - Source: 4, Dest: 1200
2025-11-28 11:10:45,744 - INFO - Processing Excel row 36: {'partner_id': 'MOGEN_OB', 'scheduled_date': Timestamp('2025-11-30 00:00:00'), 'picking_type_id': 'RM03-OB', 'date_done': Timestamp('2025-11-30 00:00:00'), 'origin': 'คลังวัตถุดิบ Supplier', 'location_dest_id': 'RM03/WCG', 'default_code': 'NFG05-GL-00001', 'product_uom_qty': 1, 'price_unit': 785, 'sequence': 85, 'date': Timestamp('2025-08-29 00:00:00'), 'scheduled_date_orig': Timestamp('2025-11-30 00:00:00'), 'product_id': 'NFG05-GL-00001'}
2025-11-28 11:10:45,744 - INFO - Using cached product ID for code: 'NFG05-GL-00001'
2025-11-28 11:10:45,745 - INFO - Prepared product NFG05-GL-00001 with quantity 1.0 for batch creation
2025-11-28 11:10:45,745 - INFO - Move locations - Source: 4, Dest: 1200
2025-11-28 11:10:45,745 - INFO - Processing Excel row 37: {'partner_id': 'MOGEN_OB', 'scheduled_date': Timestamp('2025-11-30 00:00:00'), 'picking_type_id': 'RM03-OB', 'date_done': Timestamp('2025-11-30 00:00:00'), 'origin': 'คลังวัตถุดิบ Supplier', 'location_dest_id': 'RM03/WCG', 'default_code': 'NFG05-GL-00001', 'product_uom_qty': 1, 'price_unit': 753, 'sequence': 86, 'date': Timestamp('2025-08-29 00:00:00'), 'scheduled_date_orig': Timestamp('2025-11-30 00:00:00'), 'product_id': 'NFG05-GL-00001'}
2025-11-28 11:10:45,746 - INFO - Using cached product ID for code: 'NFG05-GL-00001'
2025-11-28 11:10:45,746 - INFO - Prepared product NFG05-GL-00001 with quantity 1.0 for batch creation
2025-11-28 11:10:45,746 - INFO - Move locations - Source: 4, Dest: 1200
2025-11-28 11:10:45,747 - INFO - Processing Excel row 38: {'partner_id': 'MOGEN_OB', 'scheduled_date': Timestamp('2025-11-30 00:00:00'), 'picking_type_id': 'RM03-OB', 'date_done': Timestamp('2025-11-30 00:00:00'), 'origin': 'คลังวัตถุดิบ Supplier', 'location_dest_id': 'RM03/WCG', 'default_code': 'NFG05-GL-00001', 'product_uom_qty': 1, 'price_unit': 780, 'sequence': 87, 'date': Timestamp('2025-08-29 00:00:00'), 'scheduled_date_orig': Timestamp('2025-11-30 00:00:00'), 'product_id': 'NFG05-GL-00001'}
2025-11-28 11:10:45,747 - INFO - Using cached product ID for code: 'NFG05-GL-00001'
2025-11-28 11:10:45,748 - INFO - Prepared product NFG05-GL-00001 with quantity 1.0 for batch creation
2025-11-28 11:10:45,748 - INFO - Move locations - Source: 4, Dest: 1200
2025-11-28 11:10:45,749 - INFO - Processing Excel row 39: {'partner_id': 'MOGEN_OB', 'scheduled_date': Timestamp('2025-11-30 00:00:00'), 'picking_type_id': 'RM03-OB', 'date_done': Timestamp('2025-11-30 00:00:00'), 'origin': 'คลังวัตถุดิบ Supplier', 'location_dest_id': 'RM03/WCG', 'default_code': 'NFG05-GL-00001', 'product_uom_qty': 1, 'price_unit': 807, 'sequence': 88, 'date': Timestamp('2025-08-29 00:00:00'), 'scheduled_date_orig': Timestamp('2025-11-30 00:00:00'), 'product_id': 'NFG05-GL-00001'}
2025-11-28 11:10:45,749 - INFO - Using cached product ID for code: 'NFG05-GL-00001'
2025-11-28 11:10:45,749 - INFO - Prepared product NFG05-GL-00001 with quantity 1.0 for batch creation
2025-11-28 11:10:45,750 - INFO - Move locations - Source: 4, Dest: 1200
2025-11-28 11:10:45,750 - INFO - Processing Excel row 40: {'partner_id': 'MOGEN_OB', 'scheduled_date': Timestamp('2025-11-30 00:00:00'), 'picking_type_id': 'RM03-OB', 'date_done': Timestamp('2025-11-30 00:00:00'), 'origin': 'คลังวัตถุดิบ Supplier', 'location_dest_id': 'RM03/WCG', 'default_code': 'NFG05-GL-00001', 'product_uom_qty': 1, 'price_unit': 753, 'sequence': 89, 'date': Timestamp('2025-08-29 00:00:00'), 'scheduled_date_orig': Timestamp('2025-11-30 00:00:00'), 'product_id': 'NFG05-GL-00001'}
2025-11-28 11:10:45,750 - INFO - Using cached product ID for code: 'NFG05-GL-00001'
2025-11-28 11:10:45,751 - INFO - Prepared product NFG05-GL-00001 with quantity 1.0 for batch creation
2025-11-28 11:10:45,751 - INFO - Move locations - Source: 4, Dest: 1200
2025-11-28 11:10:45,751 - INFO - Processing Excel row 41: {'partner_id': 'MOGEN_OB', 'scheduled_date': Timestamp('2025-11-30 00:00:00'), 'picking_type_id': 'RM03-OB', 'date_done': Timestamp('2025-11-30 00:00:00'), 'origin': 'คลังวัตถุดิบ Supplier', 'location_dest_id': 'RM03/WCG', 'default_code': 'NFG05-GL-00001', 'product_uom_qty': 1, 'price_unit': 780, 'sequence': 90, 'date': Timestamp('2025-08-29 00:00:00'), 'scheduled_date_orig': Timestamp('2025-11-30 00:00:00'), 'product_id': 'NFG05-GL-00001'}
2025-11-28 11:10:45,752 - INFO - Using cached product ID for code: 'NFG05-GL-00001'
2025-11-28 11:10:45,752 - INFO - Prepared product NFG05-GL-00001 with quantity 1.0 for batch creation
2025-11-28 11:10:45,752 - INFO - Move locations - Source: 4, Dest: 1200
2025-11-28 11:10:45,753 - INFO - Processing Excel row 42: {'partner_id': 'MOGEN_OB', 'scheduled_date': Timestamp('2025-11-30 00:00:00'), 'picking_type_id': 'RM03-OB', 'date_done': Timestamp('2025-11-30 00:00:00'), 'origin': 'คลังวัตถุดิบ Supplier', 'location_dest_id': 'RM03/WCG', 'default_code': 'NFG05-GL-00001', 'product_uom_qty': 1, 'price_unit': 753, 'sequence': 91, 'date': Timestamp('2025-08-29 00:00:00'), 'scheduled_date_orig': Timestamp('2025-11-30 00:00:00'), 'product_id': 'NFG05-GL-00001'}
2025-11-28 11:10:45,753 - INFO - Using cached product ID for code: 'NFG05-GL-00001'
2025-11-28 11:10:45,754 - INFO - Prepared product NFG05-GL-00001 with quantity 1.0 for batch creation
2025-11-28 11:10:45,754 - INFO - Move locations - Source: 4, Dest: 1200
2025-11-28 11:10:45,754 - INFO - Processing Excel row 43: {'partner_id': 'MOGEN_OB', 'scheduled_date': Timestamp('2025-11-30 00:00:00'), 'picking_type_id': 'RM03-OB', 'date_done': Timestamp('2025-11-30 00:00:00'), 'origin': 'คลังวัตถุดิบ Supplier', 'location_dest_id': 'RM03/WCG', 'default_code': 'NFG05-GL-00001', 'product_uom_qty': 1, 'price_unit': 6590, 'sequence': 92, 'date': Timestamp('2025-08-29 00:00:00'), 'scheduled_date_orig': Timestamp('2025-11-30 00:00:00'), 'product_id': 'NFG05-GL-00001'}
2025-11-28 11:10:45,755 - INFO - Using cached product ID for code: 'NFG05-GL-00001'
2025-11-28 11:10:45,755 - INFO - Prepared product NFG05-GL-00001 with quantity 1.0 for batch creation
2025-11-28 11:10:45,755 - INFO - Move locations - Source: 4, Dest: 1200
2025-11-28 11:10:45,756 - INFO - Processing Excel row 44: {'partner_id': 'MOGEN_OB', 'scheduled_date': Timestamp('2025-11-30 00:00:00'), 'picking_type_id': 'RM03-OB', 'date_done': Timestamp('2025-11-30 00:00:00'), 'origin': 'คลังวัตถุดิบ Supplier', 'location_dest_id': 'RM03/WCG', 'default_code': 'NFG05-GL-00001', 'product_uom_qty': 1, 'price_unit': 5025, 'sequence': 93, 'date': Timestamp('2025-08-29 00:00:00'), 'scheduled_date_orig': Timestamp('2025-11-30 00:00:00'), 'product_id': 'NFG05-GL-00001'}
2025-11-28 11:10:45,757 - INFO - Using cached product ID for code: 'NFG05-GL-00001'
2025-11-28 11:10:45,758 - INFO - Prepared product NFG05-GL-00001 with quantity 1.0 for batch creation
2025-11-28 11:10:45,758 - INFO - Move locations - Source: 4, Dest: 1200
2025-11-28 11:10:45,759 - INFO - Processing Excel row 45: {'partner_id': 'MOGEN_OB', 'scheduled_date': Timestamp('2025-11-30 00:00:00'), 'picking_type_id': 'RM03-OB', 'date_done': Timestamp('2025-11-30 00:00:00'), 'origin': 'คลังวัตถุดิบ Supplier', 'location_dest_id': 'RM03/WCG', 'default_code': 'NFG05-GL-00001', 'product_uom_qty': 1, 'price_unit': 4408, 'sequence': 94, 'date': Timestamp('2025-08-29 00:00:00'), 'scheduled_date_orig': Timestamp('2025-11-30 00:00:00'), 'product_id': 'NFG05-GL-00001'}
2025-11-28 11:10:45,759 - INFO - Using cached product ID for code: 'NFG05-GL-00001'
2025-11-28 11:10:45,760 - INFO - Prepared product NFG05-GL-00001 with quantity 1.0 for batch creation
2025-11-28 11:10:45,760 - INFO - Move locations - Source: 4, Dest: 1200
2025-11-28 11:10:45,760 - INFO - Processing Excel row 46: {'partner_id': 'MOGEN_OB', 'scheduled_date': Timestamp('2025-11-30 00:00:00'), 'picking_type_id': 'RM03-OB', 'date_done': Timestamp('2025-11-30 00:00:00'), 'origin': 'คลังวัตถุดิบ Supplier', 'location_dest_id': 'RM03/WCG', 'default_code': 'NFG05-GL-00001', 'product_uom_qty': 1, 'price_unit': 4409, 'sequence': 95, 'date': Timestamp('2025-08-29 00:00:00'), 'scheduled_date_orig': Timestamp('2025-11-30 00:00:00'), 'product_id': 'NFG05-GL-00001'}
2025-11-28 11:10:45,761 - INFO - Using cached product ID for code: 'NFG05-GL-00001'
2025-11-28 11:10:45,761 - INFO - Prepared product NFG05-GL-00001 with quantity 1.0 for batch creation
2025-11-28 11:10:45,761 - INFO - Move locations - Source: 4, Dest: 1200
2025-11-28 11:10:45,762 - INFO - Processing Excel row 47: {'partner_id': 'MOGEN_OB', 'scheduled_date': Timestamp('2025-11-30 00:00:00'), 'picking_type_id': 'RM03-OB', 'date_done': Timestamp('2025-11-30 00:00:00'), 'origin': 'คลังวัตถุดิบ Supplier', 'location_dest_id': 'RM03/WCG', 'default_code': 'NFG05-GL-00001', 'product_uom_qty': 3, 'price_unit': 4531, 'sequence': 96, 'date': Timestamp('2025-08-29 00:00:00'), 'scheduled_date_orig': Timestamp('2025-11-30 00:00:00'), 'product_id': 'NFG05-GL-00001'}
2025-11-28 11:10:45,762 - INFO - Using cached product ID for code: 'NFG05-GL-00001'
2025-11-28 11:10:45,762 - INFO - Prepared product NFG05-GL-00001 with quantity 3.0 for batch creation
2025-11-28 11:10:45,762 - INFO - Move locations - Source: 4, Dest: 1200
2025-11-28 11:10:45,763 - INFO - Processing Excel row 48: {'partner_id': 'MOGEN_OB', 'scheduled_date': Timestamp('2025-11-30 00:00:00'), 'picking_type_id': 'RM03-OB', 'date_done': Timestamp('2025-11-30 00:00:00'), 'origin': 'คลังวัตถุดิบ Supplier', 'location_dest_id': 'RM03/WCG', 'default_code': 'NFG05-GL-00001', 'product_uom_qty': 1, 'price_unit': 5603, 'sequence': 97, 'date': Timestamp('2025-08-29 00:00:00'), 'scheduled_date_orig': Timestamp('2025-11-30 00:00:00'), 'product_id': 'NFG05-GL-00001'}
2025-11-28 11:10:45,763 - INFO - Using cached product ID for code: 'NFG05-GL-00001'
2025-11-28 11:10:45,764 - INFO - Prepared product NFG05-GL-00001 with quantity 1.0 for batch creation
2025-11-28 11:10:45,764 - INFO - Move locations - Source: 4, Dest: 1200
2025-11-28 11:10:45,764 - INFO - Processing Excel row 49: {'partner_id': 'MOGEN_OB', 'scheduled_date': Timestamp('2025-11-30 00:00:00'), 'picking_type_id': 'RM03-OB', 'date_done': Timestamp('2025-11-30 00:00:00'), 'origin': 'คลังวัตถุดิบ Supplier', 'location_dest_id': 'RM03/WCG', 'default_code': 'NFG05-GL-00001', 'product_uom_qty': 1, 'price_unit': 4551, 'sequence': 98, 'date': Timestamp('2025-08-29 00:00:00'), 'scheduled_date_orig': Timestamp('2025-11-30 00:00:00'), 'product_id': 'NFG05-GL-00001'}
2025-11-28 11:10:45,765 - INFO - Using cached product ID for code: 'NFG05-GL-00001'
2025-11-28 11:10:45,765 - INFO - Prepared product NFG05-GL-00001 with quantity 1.0 for batch creation
2025-11-28 11:10:45,765 - INFO - Move locations - Source: 4, Dest: 1200
2025-11-28 11:10:46,127 - INFO - Created 49 moves in batch for picking 24
2025-11-28 11:10:46,210 - INFO - Re-updated dates before confirming picking 24: 2025-11-30 00:00:00
2025-11-28 11:10:46,552 - INFO - Confirmed transfer 24 with forced date context
2025-11-28 11:10:46,553 - INFO - Import completed: 1 success, 0 failed.
