2025-11-28 11:05:30,443 - INFO - Successfully connected to Odoo as user ID: 2
2025-11-28 11:05:30,504 - INFO - Odoo version: 17.0.1.3
2025-11-28 11:05:30,654 - INFO - Available date fields in stock.picking: ['activity_date_deadline', 'my_activity_date_deadline', 'scheduled_date', 'date_deadline', 'date', 'date_done', 'delay_alert_date', 'create_date', 'write_date', 'date_notice', 'date_confirmed', 'date_start', 'operation_date']
2025-11-28 11:05:30,966 - INFO - Successfully read Excel file with 13 rows
2025-11-28 11:05:30,966 - INFO - Excel columns: ['partner_id', 'scheduled_date', 'picking_type_id', 'date_done', 'origin', 'location_dest_id', 'default_code', 'product_uom_qty', 'price_unit', 'sequence', 'date']
2025-11-28 11:05:30,969 - INFO - Processed sequence column
2025-11-28 11:05:30,970 - INFO - scheduled_date dtype: datetime64[ns]
2025-11-28 11:05:30,970 - INFO - scheduled_date sample: 2025-11-30 00:00:00
2025-11-28 11:05:30,972 - INFO - Converted scheduled_date to string format. Sample: 2025-11-30 00:00:00
2025-11-28 11:05:30,973 - INFO - Fixed picking type name from 'My Company: OB FIFO' and 'คลังวัตถุดิบ 2: OB FIFO' to 'OB FIFO'
2025-11-28 11:05:30,973 - INFO - Using 'default_code' column as 'product_id'
2025-11-28 11:05:30,974 - INFO - Using 'origin' column to identify transfer groups
2025-11-28 11:05:30,978 - INFO - Excel file validation and data filling completed successfully
2025-11-28 11:05:31,132 - INFO - Searching for location: 'RM03/QTL'
2025-11-28 11:05:31,317 - INFO - Found location with complete_name match: 'RM03/QTL' for 'RM03/QTL'
2025-11-28 11:05:31,391 - INFO - Found partner ID 4937 for 'MOGEN_OB'
2025-11-28 11:05:31,509 - INFO - Created transfer for date 2025-11-30 00:00:00 sequence 11 with picking ID 22
2025-11-28 11:05:31,511 - INFO - Processing Excel row 1: {'partner_id': 'MOGEN_OB', 'scheduled_date': Timestamp('2025-11-30 00:00:00'), 'picking_type_id': 'RM03-OB', 'date_done': Timestamp('2025-11-30 00:00:00'), 'origin': 'คลังวัตถุดิบ Supplier', 'location_dest_id': 'RM03/QTL', 'default_code': 'NMA01-120-HMR-2440-15', 'product_uom_qty': 42, 'price_unit': 401.87, 'sequence': 11, 'date': Timestamp('2024-12-18 00:00:00'), 'scheduled_date_orig': Timestamp('2025-11-30 00:00:00'), 'product_id': 'NMA01-120-HMR-2440-15'}
2025-11-28 11:05:31,511 - INFO - Searching for product with code: 'NMA01-120-HMR-2440-15' and old code: 'NMA01-120-HMR-2440-15'
2025-11-28 11:05:31,713 - INFO - Found product with exact match on old_product_code: 'NMA01-120-HMR-2440-15'
2025-11-28 11:05:31,784 - INFO - Prepared product NMA01-120-HMR-2440-15 with quantity 42.0 for batch creation
2025-11-28 11:05:31,785 - INFO - Move locations - Source: 4, Dest: 1187
2025-11-28 11:05:31,786 - INFO - Processing Excel row 2: {'partner_id': 'MOGEN_OB', 'scheduled_date': Timestamp('2025-11-30 00:00:00'), 'picking_type_id': 'RM03-OB', 'date_done': Timestamp('2025-11-30 00:00:00'), 'origin': 'คลังวัตถุดิบ Supplier', 'location_dest_id': 'RM03/QTL', 'default_code': 'NMA02-00000PP19-1250', 'product_uom_qty': 72, 'price_unit': 84.4, 'sequence': 12, 'date': Timestamp('2024-12-18 00:00:00'), 'scheduled_date_orig': Timestamp('2025-11-30 00:00:00'), 'product_id': 'NMA02-00000PP19-1250'}
2025-11-28 11:05:31,787 - INFO - Searching for product with code: 'NMA02-00000PP19-1250' and old code: 'NMA02-00000PP19-1250'
2025-11-28 11:05:31,999 - INFO - Found product with exact match on old_product_code: 'NMA02-00000PP19-1250'
2025-11-28 11:05:32,080 - INFO - Prepared product NMA02-00000PP19-1250 with quantity 72.0 for batch creation
2025-11-28 11:05:32,081 - INFO - Move locations - Source: 4, Dest: 1187
2025-11-28 11:05:32,081 - INFO - Processing Excel row 3: {'partner_id': 'MOGEN_OB', 'scheduled_date': Timestamp('2025-11-30 00:00:00'), 'picking_type_id': 'RM03-OB', 'date_done': Timestamp('2025-11-30 00:00:00'), 'origin': 'คลังวัตถุดิบ Supplier', 'location_dest_id': 'RM03/QTL', 'default_code': 'NMA02-131000x0.2-031', 'product_uom_qty': 250, 'price_unit': 46.0, 'sequence': 13, 'date': Timestamp('2024-12-18 00:00:00'), 'scheduled_date_orig': Timestamp('2025-11-30 00:00:00'), 'product_id': 'NMA02-131000x0.2-031'}
2025-11-28 11:05:32,082 - INFO - Searching for product with code: 'NMA02-131000x0.2-031' and old code: 'NMA02-131000x0.2-031'
2025-11-28 11:05:32,288 - INFO - Found product with exact match on old_product_code: 'NMA02-131000x0.2-031'
2025-11-28 11:05:32,367 - INFO - Prepared product NMA02-131000x0.2-031 with quantity 250.0 for batch creation
2025-11-28 11:05:32,368 - INFO - Move locations - Source: 4, Dest: 1187
2025-11-28 11:05:32,368 - INFO - Processing Excel row 4: {'partner_id': 'MOGEN_OB', 'scheduled_date': Timestamp('2025-11-30 00:00:00'), 'picking_type_id': 'RM03-OB', 'date_done': Timestamp('2025-11-30 00:00:00'), 'origin': 'คลังวัตถุดิบ Supplier', 'location_dest_id': 'RM03/QTL', 'default_code': 'NMA02-205-CB/2', 'product_uom_qty': 60, 'price_unit': 77.0, 'sequence': 14, 'date': Timestamp('2024-12-18 00:00:00'), 'scheduled_date_orig': Timestamp('2025-11-30 00:00:00'), 'product_id': 'NMA02-205-CB/2'}
2025-11-28 11:05:32,369 - INFO - Searching for product with code: 'NMA02-205-CB/2' and old code: 'NMA02-205-CB/2'
2025-11-28 11:05:32,587 - INFO - Found product with exact match on old_product_code: 'NMA02-205-CB/2'
2025-11-28 11:05:32,661 - INFO - Prepared product NMA02-205-CB/2 with quantity 60.0 for batch creation
2025-11-28 11:05:32,661 - INFO - Move locations - Source: 4, Dest: 1187
2025-11-28 11:05:32,663 - INFO - Processing Excel row 5: {'partner_id': 'MOGEN_OB', 'scheduled_date': Timestamp('2025-11-30 00:00:00'), 'picking_type_id': 'RM03-OB', 'date_done': Timestamp('2025-11-30 00:00:00'), 'origin': 'คลังวัตถุดิบ Supplier', 'location_dest_id': 'RM03/QTL', 'default_code': 'NMA02-00000PP36-1250-0.3', 'product_uom_qty': 208, 'price_unit': 122.20012884615383, 'sequence': 15, 'date': Timestamp('2025-01-14 00:00:00'), 'scheduled_date_orig': Timestamp('2025-11-30 00:00:00'), 'product_id': 'NMA02-00000PP36-1250-0.3'}
2025-11-28 11:05:32,664 - INFO - Searching for product with code: 'NMA02-00000PP36-1250-0.3' and old code: 'NMA02-00000PP36-1250-0.3'
2025-11-28 11:05:32,886 - INFO - Found product with exact match on old_product_code: 'NMA02-00000PP36-1250-0.3'
2025-11-28 11:05:32,953 - INFO - Prepared product NMA02-00000PP36-1250-0.3 with quantity 208.0 for batch creation
2025-11-28 11:05:32,953 - INFO - Move locations - Source: 4, Dest: 1187
2025-11-28 11:05:32,954 - INFO - Processing Excel row 6: {'partner_id': 'MOGEN_OB', 'scheduled_date': Timestamp('2025-11-30 00:00:00'), 'picking_type_id': 'RM03-OB', 'date_done': Timestamp('2025-11-30 00:00:00'), 'origin': 'คลังวัตถุดิบ Supplier', 'location_dest_id': 'RM03/QTL', 'default_code': 'NMA02-ขาวเรียบ-1250', 'product_uom_qty': 85, 'price_unit': 77.0, 'sequence': 16, 'date': Timestamp('2025-02-07 00:00:00'), 'scheduled_date_orig': Timestamp('2025-11-30 00:00:00'), 'product_id': 'NMA02-ขาวเรียบ-1250'}
2025-11-28 11:05:32,954 - INFO - Searching for product with code: 'NMA02-ขาวเรียบ-1250' and old code: 'NMA02-ขาวเรียบ-1250'
2025-11-28 11:05:33,163 - INFO - Found product with exact match on old_product_code: 'NMA02-ขาวเรียบ-1250'
2025-11-28 11:05:33,234 - INFO - Prepared product NMA02-ขาวเรียบ-1250 with quantity 85.0 for batch creation
2025-11-28 11:05:33,234 - INFO - Move locations - Source: 4, Dest: 1187
2025-11-28 11:05:33,234 - INFO - Processing Excel row 7: {'partner_id': 'MOGEN_OB', 'scheduled_date': Timestamp('2025-11-30 00:00:00'), 'picking_type_id': 'RM03-OB', 'date_done': Timestamp('2025-11-30 00:00:00'), 'origin': 'คลังวัตถุดิบ Supplier', 'location_dest_id': 'RM03/QTL', 'default_code': 'MA02-White-Gloss', 'product_uom_qty': 85, 'price_unit': 130.0, 'sequence': 17, 'date': Timestamp('2025-02-27 00:00:00'), 'scheduled_date_orig': Timestamp('2025-11-30 00:00:00'), 'product_id': 'MA02-White-Gloss'}
2025-11-28 11:05:33,235 - INFO - Searching for product with code: 'MA02-White-Gloss' and old code: 'MA02-White-Gloss'
2025-11-28 11:05:33,443 - INFO - Found product with exact match on old_product_code: 'MA02-White-Gloss'
2025-11-28 11:05:33,510 - INFO - Prepared product MA02-White-Gloss with quantity 85.0 for batch creation
2025-11-28 11:05:33,511 - INFO - Move locations - Source: 4, Dest: 1187
2025-11-28 11:05:33,511 - INFO - Processing Excel row 8: {'partner_id': 'MOGEN_OB', 'scheduled_date': Timestamp('2025-11-30 00:00:00'), 'picking_type_id': 'RM03-OB', 'date_done': Timestamp('2025-11-30 00:00:00'), 'origin': 'คลังวัตถุดิบ Supplier', 'location_dest_id': 'RM03/QTL', 'default_code': 'NMA01-H4-LMN1249-0.8', 'product_uom_qty': 4, 'price_unit': 1007.5, 'sequence': 18, 'date': Timestamp('2025-05-23 00:00:00'), 'scheduled_date_orig': Timestamp('2025-11-30 00:00:00'), 'product_id': 'NMA01-H4-LMN1249-0.8'}
2025-11-28 11:05:33,512 - INFO - Searching for product with code: 'NMA01-H4-LMN1249-0.8' and old code: 'NMA01-H4-LMN1249-0.8'
2025-11-28 11:05:33,748 - INFO - Found product with exact match on old_product_code: 'NMA01-H4-LMN1249-0.8'
2025-11-28 11:05:33,821 - INFO - Prepared product NMA01-H4-LMN1249-0.8 with quantity 4.0 for batch creation
2025-11-28 11:05:33,821 - INFO - Move locations - Source: 4, Dest: 1187
2025-11-28 11:05:33,822 - INFO - Processing Excel row 9: {'partner_id': 'MOGEN_OB', 'scheduled_date': Timestamp('2025-11-30 00:00:00'), 'picking_type_id': 'RM03-OB', 'date_done': Timestamp('2025-11-30 00:00:00'), 'origin': 'คลังวัตถุดิบ Supplier', 'location_dest_id': 'RM03/QTL', 'default_code': 'NMA02-131000x0.12-308', 'product_uom_qty': 213, 'price_unit': 46.0, 'sequence': 19, 'date': Timestamp('2025-09-08 00:00:00'), 'scheduled_date_orig': Timestamp('2025-11-30 00:00:00'), 'product_id': 'NMA02-131000x0.12-308'}
2025-11-28 11:05:33,822 - INFO - Searching for product with code: 'NMA02-131000x0.12-308' and old code: 'NMA02-131000x0.12-308'
2025-11-28 11:05:34,029 - INFO - Found product with exact match on old_product_code: 'NMA02-131000x0.12-308'
2025-11-28 11:05:34,099 - INFO - Prepared product NMA02-131000x0.12-308 with quantity 213.0 for batch creation
2025-11-28 11:05:34,100 - INFO - Move locations - Source: 4, Dest: 1187
2025-11-28 11:05:34,101 - INFO - Processing Excel row 10: {'partner_id': 'MOGEN_OB', 'scheduled_date': Timestamp('2025-11-30 00:00:00'), 'picking_type_id': 'RM03-OB', 'date_done': Timestamp('2025-11-30 00:00:00'), 'origin': 'คลังวัตถุดิบ Supplier', 'location_dest_id': 'RM03/QTL', 'default_code': 'NMA02-131000x0.12-308', 'product_uom_qty': 484, 'price_unit': 46.0, 'sequence': 20, 'date': Timestamp('2025-09-08 00:00:00'), 'scheduled_date_orig': Timestamp('2025-11-30 00:00:00'), 'product_id': 'NMA02-131000x0.12-308'}
2025-11-28 11:05:34,102 - INFO - Using cached product ID for code: 'NMA02-131000x0.12-308'
2025-11-28 11:05:34,103 - INFO - Prepared product NMA02-131000x0.12-308 with quantity 484.0 for batch creation
2025-11-28 11:05:34,103 - INFO - Move locations - Source: 4, Dest: 1187
2025-11-28 11:05:34,104 - INFO - Processing Excel row 11: {'partner_id': 'MOGEN_OB', 'scheduled_date': Timestamp('2025-11-30 00:00:00'), 'picking_type_id': 'RM03-OB', 'date_done': Timestamp('2025-11-30 00:00:00'), 'origin': 'คลังวัตถุดิบ Supplier', 'location_dest_id': 'RM03/QTL', 'default_code': 'NMA02-00000PP36-1250-0.3', 'product_uom_qty': 162, 'price_unit': 122.200129, 'sequence': 21, 'date': Timestamp('2025-09-09 00:00:00'), 'scheduled_date_orig': Timestamp('2025-11-30 00:00:00'), 'product_id': 'NMA02-00000PP36-1250-0.3'}
2025-11-28 11:05:34,105 - INFO - Using cached product ID for code: 'NMA02-00000PP36-1250-0.3'
2025-11-28 11:05:34,106 - INFO - Prepared product NMA02-00000PP36-1250-0.3 with quantity 162.0 for batch creation
2025-11-28 11:05:34,107 - INFO - Move locations - Source: 4, Dest: 1187
2025-11-28 11:05:34,109 - INFO - Processing Excel row 12: {'partner_id': 'MOGEN_OB', 'scheduled_date': Timestamp('2025-11-30 00:00:00'), 'picking_type_id': 'RM03-OB', 'date_done': Timestamp('2025-11-30 00:00:00'), 'origin': 'คลังวัตถุดิบ Supplier', 'location_dest_id': 'RM03/QTL', 'default_code': 'MA01-168A12202440A', 'product_uom_qty': 1, 'price_unit': 1423.553, 'sequence': 22, 'date': Timestamp('2025-10-22 00:00:00'), 'scheduled_date_orig': Timestamp('2025-11-30 00:00:00'), 'product_id': 'MA01-168A12202440A'}
2025-11-28 11:05:34,110 - INFO - Searching for product with code: 'MA01-168A12202440A' and old code: 'MA01-168A12202440A'
2025-11-28 11:05:34,353 - INFO - Found product with exact match on old_product_code: 'MA01-168A12202440A'
2025-11-28 11:05:34,430 - INFO - Prepared product MA01-168A12202440A with quantity 1.0 for batch creation
2025-11-28 11:05:34,431 - INFO - Move locations - Source: 4, Dest: 1187
2025-11-28 11:05:34,433 - INFO - Processing Excel row 13: {'partner_id': 'MOGEN_OB', 'scheduled_date': Timestamp('2025-11-30 00:00:00'), 'picking_type_id': 'RM03-OB', 'date_done': Timestamp('2025-11-30 00:00:00'), 'origin': 'คลังวัตถุดิบ Supplier', 'location_dest_id': 'RM03/QTL', 'default_code': 'NMA01-120-PB-HMR-2440-16', 'product_uom_qty': 10, 'price_unit': 340.0, 'sequence': 23, 'date': Timestamp('2025-10-22 00:00:00'), 'scheduled_date_orig': Timestamp('2025-11-30 00:00:00'), 'product_id': 'NMA01-120-PB-HMR-2440-16'}
2025-11-28 11:05:34,434 - INFO - Searching for product with code: 'NMA01-120-PB-HMR-2440-16' and old code: 'NMA01-120-PB-HMR-2440-16'
2025-11-28 11:05:34,646 - INFO - Found product with exact match on old_product_code: 'NMA01-120-PB-HMR-2440-16'
2025-11-28 11:05:34,714 - INFO - Prepared product NMA01-120-PB-HMR-2440-16 with quantity 10.0 for batch creation
2025-11-28 11:05:34,716 - INFO - Move locations - Source: 4, Dest: 1187
2025-11-28 11:05:34,900 - INFO - Created 13 moves in batch for picking 22
2025-11-28 11:05:34,995 - INFO - Re-updated dates before confirming picking 22: 2025-11-30 00:00:00
2025-11-28 11:05:35,201 - INFO - Confirmed transfer 22 with forced date context
2025-11-28 11:05:35,202 - INFO - Import completed: 1 success, 0 failed.
