2025-11-28 13:46:10,102 - INFO - Successfully connected to Odoo as user ID: 2
2025-11-28 13:46:10,181 - INFO - Odoo version: 17.0.1.3
2025-11-28 13:46:10,326 - INFO - Available date fields in stock.picking: ['activity_date_deadline', 'my_activity_date_deadline', 'scheduled_date', 'date_deadline', 'date', 'date_done', 'delay_alert_date', 'create_date', 'write_date', 'date_notice', 'date_confirmed', 'date_start', 'operation_date']
2025-11-28 13:46:10,648 - INFO - Successfully read Excel file with 11 rows
2025-11-28 13:46:10,648 - INFO - Excel columns: ['partner_id', 'scheduled_date', 'picking_type_id', 'date_done', 'origin', 'location_dest_id', 'default_code', 'product_uom_qty', 'price_unit', 'sequence', 'date']
2025-11-28 13:46:10,650 - INFO - Processed sequence column
2025-11-28 13:46:10,651 - INFO - scheduled_date dtype: datetime64[ns]
2025-11-28 13:46:10,651 - INFO - scheduled_date sample: 2025-11-30 00:00:00
2025-11-28 13:46:10,653 - INFO - Converted scheduled_date to string format. Sample: 2025-11-30 00:00:00
2025-11-28 13:46:10,654 - INFO - Fixed picking type name from 'My Company: OB FIFO' and 'คลังวัตถุดิบ 2: OB FIFO' to 'OB FIFO'
2025-11-28 13:46:10,655 - INFO - Using 'default_code' column as 'product_id'
2025-11-28 13:46:10,655 - INFO - Using 'origin' column to identify transfer groups
2025-11-28 13:46:10,660 - INFO - Excel file validation and data filling completed successfully
2025-11-28 13:46:10,803 - INFO - Searching for location: 'FG20/Stock'
2025-11-28 13:46:11,008 - INFO - Found location with complete_name match: 'FG20/Stock' for 'FG20/Stock'
2025-11-28 13:46:11,081 - INFO - Found partner ID 4937 for 'MOGEN_OB'
2025-11-28 13:46:11,173 - INFO - Created transfer for date 2025-11-30 00:00:00 sequence 1 with picking ID 49
2025-11-28 13:46:11,176 - INFO - Processing Excel row 1: {'partner_id': 'MOGEN_OB', 'scheduled_date': Timestamp('2025-11-30 00:00:00'), 'picking_type_id': 'FG20-OB', 'date_done': Timestamp('2025-11-30 00:00:00'), 'origin': 'คลังสินค้าสำเร็จรูป 2', 'location_dest_id': 'FG20/Stock', 'default_code': '3FG-553CD1-2-ราวตั้งพื้น', 'product_uom_qty': 0.0199999999999996, 'price_unit': 5621.615000000112, 'sequence': 1, 'date': Timestamp('2025-07-21 00:00:00'), 'scheduled_date_orig': Timestamp('2025-11-30 00:00:00'), 'product_id': '3FG-553CD1-2-ราวตั้งพื้น'}
2025-11-28 13:46:11,177 - INFO - Searching for product with code: '3FG-553CD1-2-ราวตั้งพื้น' and old code: '3FG-553CD1-2-ราวตั้งพื้น'
2025-11-28 13:46:11,245 - INFO - Found product with exact match on default_code: '3FG-553CD1-2-ราวตั้งพื้น'
2025-11-28 13:46:11,319 - INFO - Prepared product 3FG-553CD1-2-ราวตั้งพื้น with quantity 0.0199999999999996 for batch creation
2025-11-28 13:46:11,320 - INFO - Move locations - Source: 4, Dest: 60
2025-11-28 13:46:11,320 - INFO - Processing Excel row 2: {'partner_id': 'MOGEN_OB', 'scheduled_date': Timestamp('2025-11-30 00:00:00'), 'picking_type_id': 'FG20-OB', 'date_done': Timestamp('2025-11-30 00:00:00'), 'origin': 'คลังสินค้าสำเร็จรูป 2', 'location_dest_id': 'FG20/Stock', 'default_code': '3FG-LH-135MC1', 'product_uom_qty': 1.0, 'price_unit': 1797.7767, 'sequence': 2, 'date': Timestamp('2025-11-05 00:00:00'), 'scheduled_date_orig': Timestamp('2025-11-30 00:00:00'), 'product_id': '3FG-LH-135MC1'}
2025-11-28 13:46:11,321 - INFO - Searching for product with code: '3FG-LH-135MC1' and old code: '3FG-LH-135MC1'
2025-11-28 13:46:11,398 - INFO - Found product with exact match on default_code: '3FG-LH-135MC1'
2025-11-28 13:46:11,471 - INFO - Prepared product 3FG-LH-135MC1 with quantity 1.0 for batch creation
2025-11-28 13:46:11,472 - INFO - Move locations - Source: 4, Dest: 60
2025-11-28 13:46:11,472 - INFO - Processing Excel row 3: {'partner_id': 'MOGEN_OB', 'scheduled_date': Timestamp('2025-11-30 00:00:00'), 'picking_type_id': 'FG20-OB', 'date_done': Timestamp('2025-11-30 00:00:00'), 'origin': 'คลังสินค้าสำเร็จรูป 2', 'location_dest_id': 'FG20/Stock', 'default_code': '3FG-LH-135MC1', 'product_uom_qty': 1.0, 'price_unit': 2264.6326, 'sequence': 3, 'date': Timestamp('2025-11-05 00:00:00'), 'scheduled_date_orig': Timestamp('2025-11-30 00:00:00'), 'product_id': '3FG-LH-135MC1'}
2025-11-28 13:46:11,472 - INFO - Using cached product ID for code: '3FG-LH-135MC1'
2025-11-28 13:46:11,473 - INFO - Prepared product 3FG-LH-135MC1 with quantity 1.0 for batch creation
2025-11-28 13:46:11,473 - INFO - Move locations - Source: 4, Dest: 60
2025-11-28 13:46:11,474 - INFO - Processing Excel row 4: {'partner_id': 'MOGEN_OB', 'scheduled_date': Timestamp('2025-11-30 00:00:00'), 'picking_type_id': 'FG20-OB', 'date_done': Timestamp('2025-11-30 00:00:00'), 'origin': 'คลังสินค้าสำเร็จรูป 2', 'location_dest_id': 'FG20/Stock', 'default_code': '3FG-LH-152MC1', 'product_uom_qty': 1.0, 'price_unit': 4668.1187, 'sequence': 4, 'date': Timestamp('2025-11-05 00:00:00'), 'scheduled_date_orig': Timestamp('2025-11-30 00:00:00'), 'product_id': '3FG-LH-152MC1'}
2025-11-28 13:46:11,474 - INFO - Searching for product with code: '3FG-LH-152MC1' and old code: '3FG-LH-152MC1'
2025-11-28 13:46:11,539 - INFO - Found product with exact match on default_code: '3FG-LH-152MC1'
2025-11-28 13:46:11,607 - INFO - Prepared product 3FG-LH-152MC1 with quantity 1.0 for batch creation
2025-11-28 13:46:11,608 - INFO - Move locations - Source: 4, Dest: 60
2025-11-28 13:46:11,609 - INFO - Processing Excel row 5: {'partner_id': 'MOGEN_OB', 'scheduled_date': Timestamp('2025-11-30 00:00:00'), 'picking_type_id': 'FG20-OB', 'date_done': Timestamp('2025-11-30 00:00:00'), 'origin': 'คลังสินค้าสำเร็จรูป 2', 'location_dest_id': 'FG20/Stock', 'default_code': '3FG-0001-หอดูดาว2', 'product_uom_qty': 1.0, 'price_unit': 77943.7657, 'sequence': 5, 'date': Timestamp('2025-11-18 00:00:00'), 'scheduled_date_orig': Timestamp('2025-11-30 00:00:00'), 'product_id': '3FG-0001-หอดูดาว2'}
2025-11-28 13:46:11,610 - INFO - Searching for product with code: '3FG-0001-หอดูดาว2' and old code: '3FG-0001-หอดูดาว2'
2025-11-28 13:46:11,683 - INFO - Found product with exact match on default_code: '3FG-0001-หอดูดาว2'
2025-11-28 13:46:11,770 - INFO - Prepared product 3FG-0001-หอดูดาว2 with quantity 1.0 for batch creation
2025-11-28 13:46:11,771 - INFO - Move locations - Source: 4, Dest: 60
2025-11-28 13:46:11,773 - INFO - Processing Excel row 6: {'partner_id': 'MOGEN_OB', 'scheduled_date': Timestamp('2025-11-30 00:00:00'), 'picking_type_id': 'FG20-OB', 'date_done': Timestamp('2025-11-30 00:00:00'), 'origin': 'คลังสินค้าสำเร็จรูป 2', 'location_dest_id': 'FG20/Stock', 'default_code': '3FG-LH0045-289FE1-2', 'product_uom_qty': 1.0, 'price_unit': 24734.2873, 'sequence': 6, 'date': Timestamp('2025-11-18 00:00:00'), 'scheduled_date_orig': Timestamp('2025-11-30 00:00:00'), 'product_id': '3FG-LH0045-289FE1-2'}
2025-11-28 13:46:11,774 - INFO - Searching for product with code: '3FG-LH0045-289FE1-2' and old code: '3FG-LH0045-289FE1-2'
2025-11-28 13:46:11,845 - INFO - Found product with exact match on default_code: '3FG-LH0045-289FE1-2'
2025-11-28 13:46:11,926 - INFO - Prepared product 3FG-LH0045-289FE1-2 with quantity 1.0 for batch creation
2025-11-28 13:46:11,927 - INFO - Move locations - Source: 4, Dest: 60
2025-11-28 13:46:11,927 - INFO - Processing Excel row 7: {'partner_id': 'MOGEN_OB', 'scheduled_date': Timestamp('2025-11-30 00:00:00'), 'picking_type_id': 'FG20-OB', 'date_done': Timestamp('2025-11-30 00:00:00'), 'origin': 'คลังสินค้าสำเร็จรูป 2', 'location_dest_id': 'FG20/Stock', 'default_code': '3FG-0001-TYPE-C-2', 'product_uom_qty': 2.0, 'price_unit': 4350.5364, 'sequence': 7, 'date': Timestamp('2025-11-19 00:00:00'), 'scheduled_date_orig': Timestamp('2025-11-30 00:00:00'), 'product_id': '3FG-0001-TYPE-C-2'}
2025-11-28 13:46:11,928 - INFO - Searching for product with code: '3FG-0001-TYPE-C-2' and old code: '3FG-0001-TYPE-C-2'
2025-11-28 13:46:11,995 - INFO - Found product with exact match on default_code: '3FG-0001-TYPE-C-2'
2025-11-28 13:46:12,064 - INFO - Prepared product 3FG-0001-TYPE-C-2 with quantity 2.0 for batch creation
2025-11-28 13:46:12,065 - INFO - Move locations - Source: 4, Dest: 60
2025-11-28 13:46:12,066 - INFO - Processing Excel row 8: {'partner_id': 'MOGEN_OB', 'scheduled_date': Timestamp('2025-11-30 00:00:00'), 'picking_type_id': 'FG20-OB', 'date_done': Timestamp('2025-11-30 00:00:00'), 'origin': 'คลังสินค้าสำเร็จรูป 2', 'location_dest_id': 'FG20/Stock', 'default_code': '3FG-0001-TYPE-C-3', 'product_uom_qty': 2.0, 'price_unit': 2877.36125, 'sequence': 8, 'date': Timestamp('2025-11-19 00:00:00'), 'scheduled_date_orig': Timestamp('2025-11-30 00:00:00'), 'product_id': '3FG-0001-TYPE-C-3'}
2025-11-28 13:46:12,066 - INFO - Searching for product with code: '3FG-0001-TYPE-C-3' and old code: '3FG-0001-TYPE-C-3'
2025-11-28 13:46:12,134 - INFO - Found product with exact match on default_code: '3FG-0001-TYPE-C-3'
2025-11-28 13:46:12,205 - INFO - Prepared product 3FG-0001-TYPE-C-3 with quantity 2.0 for batch creation
2025-11-28 13:46:12,206 - INFO - Move locations - Source: 4, Dest: 60
2025-11-28 13:46:12,208 - INFO - Processing Excel row 9: {'partner_id': 'MOGEN_OB', 'scheduled_date': Timestamp('2025-11-30 00:00:00'), 'picking_type_id': 'FG20-OB', 'date_done': Timestamp('2025-11-30 00:00:00'), 'origin': 'คลังสินค้าสำเร็จรูป 2', 'location_dest_id': 'FG20/Stock', 'default_code': '3FG-0001-TYPE-C-3', 'product_uom_qty': 1.0, 'price_unit': 1144.5961, 'sequence': 9, 'date': Timestamp('2025-11-19 00:00:00'), 'scheduled_date_orig': Timestamp('2025-11-30 00:00:00'), 'product_id': '3FG-0001-TYPE-C-3'}
2025-11-28 13:46:12,208 - INFO - Using cached product ID for code: '3FG-0001-TYPE-C-3'
2025-11-28 13:46:12,209 - INFO - Prepared product 3FG-0001-TYPE-C-3 with quantity 1.0 for batch creation
2025-11-28 13:46:12,210 - INFO - Move locations - Source: 4, Dest: 60
2025-11-28 13:46:12,211 - INFO - Processing Excel row 10: {'partner_id': 'MOGEN_OB', 'scheduled_date': Timestamp('2025-11-30 00:00:00'), 'picking_type_id': 'FG20-OB', 'date_done': Timestamp('2025-11-30 00:00:00'), 'origin': 'คลังสินค้าสำเร็จรูป 2', 'location_dest_id': 'FG20/Stock', 'default_code': '3FG-0001-TYPE-C', 'product_uom_qty': 1.0, 'price_unit': 28645.7638, 'sequence': 10, 'date': Timestamp('2025-11-20 00:00:00'), 'scheduled_date_orig': Timestamp('2025-11-30 00:00:00'), 'product_id': '3FG-0001-TYPE-C'}
2025-11-28 13:46:12,211 - INFO - Searching for product with code: '3FG-0001-TYPE-C' and old code: '3FG-0001-TYPE-C'
2025-11-28 13:46:12,286 - INFO - Found product with exact match on default_code: '3FG-0001-TYPE-C'
2025-11-28 13:46:12,381 - INFO - Prepared product 3FG-0001-TYPE-C with quantity 1.0 for batch creation
2025-11-28 13:46:12,383 - INFO - Move locations - Source: 4, Dest: 60
2025-11-28 13:46:12,386 - INFO - Processing Excel row 11: {'partner_id': 'MOGEN_OB', 'scheduled_date': Timestamp('2025-11-30 00:00:00'), 'picking_type_id': 'FG20-OB', 'date_done': Timestamp('2025-11-30 00:00:00'), 'origin': 'คลังสินค้าสำเร็จรูป 2', 'location_dest_id': 'FG20/Stock', 'default_code': '3FG-0001-TYPE-C-1', 'product_uom_qty': 1.0, 'price_unit': 19097.1759, 'sequence': 11, 'date': Timestamp('2025-11-20 00:00:00'), 'scheduled_date_orig': Timestamp('2025-11-30 00:00:00'), 'product_id': '3FG-0001-TYPE-C-1'}
2025-11-28 13:46:12,387 - INFO - Searching for product with code: '3FG-0001-TYPE-C-1' and old code: '3FG-0001-TYPE-C-1'
2025-11-28 13:46:12,455 - INFO - Found product with exact match on default_code: '3FG-0001-TYPE-C-1'
2025-11-28 13:46:12,528 - INFO - Prepared product 3FG-0001-TYPE-C-1 with quantity 1.0 for batch creation
2025-11-28 13:46:12,528 - INFO - Move locations - Source: 4, Dest: 60
2025-11-28 13:46:12,701 - INFO - Created 11 moves in batch for picking 49
2025-11-28 13:46:12,792 - INFO - Re-updated dates before confirming picking 49: 2025-11-30 00:00:00
2025-11-28 13:46:13,740 - INFO - Confirmed transfer 49 with forced date context
2025-11-28 13:46:13,741 - INFO - Import completed: 1 success, 0 failed.
