2025-11-18 16:38:26,154 - INFO - Successfully connected to Odoo as user ID: 2
2025-11-18 16:38:26,198 - INFO - Odoo version: 17.0.1.3
2025-11-18 16:38:26,303 - INFO - Available date fields in stock.picking: ['activity_date_deadline', 'my_activity_date_deadline', 'scheduled_date', 'date_deadline', 'date', 'date_done', 'delay_alert_date', 'create_date', 'write_date', 'date_notice', 'date_confirmed', 'date_start', 'operation_date']
2025-11-18 16:38:26,644 - INFO - Successfully read Excel file with 92 rows
2025-11-18 16:38:26,644 - INFO - Excel columns: ['partner_id', 'scheduled_date', 'picking_type_id', 'date_done', 'origin', 'location_dest_id', 'default_code', 'product_uom_qty', 'price_unit', 'sequence']
2025-11-18 16:38:26,646 - INFO - Processed sequence column
2025-11-18 16:38:26,648 - INFO - scheduled_date dtype: datetime64[ns]
2025-11-18 16:38:26,649 - INFO - scheduled_date sample: 2025-11-18 00:00:00
2025-11-18 16:38:26,650 - INFO - Converted scheduled_date to string format. Sample: 2025-11-18 00:00:00
2025-11-18 16:38:26,651 - INFO - Fixed picking type name from 'My Company: OB FIFO' and 'คลังวัตถุดิบ 2: OB FIFO' to 'OB FIFO'
2025-11-18 16:38:26,651 - INFO - Using 'default_code' column as 'product_id'
2025-11-18 16:38:26,652 - INFO - Using 'origin' column to identify transfer groups
2025-11-18 16:38:26,655 - INFO - Excel file validation and data filling completed successfully
2025-11-18 16:38:26,768 - INFO - Searching for location: 'RM02/Stock'
2025-11-18 16:38:26,906 - INFO - Found location with complete_name match: 'RM02/Stock' for 'RM02/Stock'
2025-11-18 16:38:26,954 - INFO - Found partner ID 2160 for 'MOGEN_OB'
2025-11-18 16:38:27,032 - INFO - Created transfer for date 2025-11-18 00:00:00 sequence 1 with picking ID 65
2025-11-18 16:38:27,033 - INFO - Processing Excel row 1: {'partner_id': 'MOGEN_OB', 'scheduled_date': Timestamp('2025-11-18 00:00:00'), 'picking_type_id': 'OB FIFO', 'date_done': Timestamp('2025-11-18 00:00:00'), 'origin': 'คลังวัถุดิบ2', 'location_dest_id': 'RM02/Stock', 'default_code': 303020015, 'product_uom_qty': 100, 'price_unit': 100, 'sequence': 1, 'scheduled_date_orig': Timestamp('2025-11-18 00:00:00'), 'product_id': 303020015}
2025-11-18 16:38:27,034 - INFO - Searching for product with code: '303020015' and old code: '303020015'
2025-11-18 16:38:27,089 - INFO - Found product with exact match on default_code: '303020015'
2025-11-18 16:38:27,142 - INFO - Prepared product 303020015 with quantity 100.0 for batch creation
2025-11-18 16:38:27,142 - INFO - Move locations - Source: 4, Dest: 116
2025-11-18 16:38:27,143 - INFO - Processing Excel row 2: {'partner_id': 'MOGEN_OB', 'scheduled_date': Timestamp('2025-11-18 00:00:00'), 'picking_type_id': 'OB FIFO', 'date_done': Timestamp('2025-11-18 00:00:00'), 'origin': 'คลังวัถุดิบ2', 'location_dest_id': 'RM02/Stock', 'default_code': 406010066, 'product_uom_qty': 100, 'price_unit': 100, 'sequence': 2, 'scheduled_date_orig': Timestamp('2025-11-18 00:00:00'), 'product_id': 406010066}
2025-11-18 16:38:27,143 - INFO - Searching for product with code: '406010066' and old code: '406010066'
2025-11-18 16:38:27,193 - INFO - Found product with exact match on default_code: '406010066'
2025-11-18 16:38:27,254 - INFO - Prepared product 406010066 with quantity 100.0 for batch creation
2025-11-18 16:38:27,254 - INFO - Move locations - Source: 4, Dest: 116
2025-11-18 16:38:27,255 - INFO - Processing Excel row 3: {'partner_id': 'MOGEN_OB', 'scheduled_date': Timestamp('2025-11-18 00:00:00'), 'picking_type_id': 'OB FIFO', 'date_done': Timestamp('2025-11-18 00:00:00'), 'origin': 'คลังวัถุดิบ2', 'location_dest_id': 'RM02/Stock', 'default_code': 402020002, 'product_uom_qty': 100, 'price_unit': 100, 'sequence': 3, 'scheduled_date_orig': Timestamp('2025-11-18 00:00:00'), 'product_id': 402020002}
2025-11-18 16:38:27,255 - INFO - Searching for product with code: '402020002' and old code: '402020002'
2025-11-18 16:38:27,302 - INFO - Found product with exact match on default_code: '402020002'
2025-11-18 16:38:27,363 - INFO - Prepared product 402020002 with quantity 100.0 for batch creation
2025-11-18 16:38:27,363 - INFO - Move locations - Source: 4, Dest: 116
2025-11-18 16:38:27,364 - INFO - Processing Excel row 4: {'partner_id': 'MOGEN_OB', 'scheduled_date': Timestamp('2025-11-18 00:00:00'), 'picking_type_id': 'OB FIFO', 'date_done': Timestamp('2025-11-18 00:00:00'), 'origin': 'คลังวัถุดิบ2', 'location_dest_id': 'RM02/Stock', 'default_code': 402020003, 'product_uom_qty': 100, 'price_unit': 100, 'sequence': 4, 'scheduled_date_orig': Timestamp('2025-11-18 00:00:00'), 'product_id': 402020003}
2025-11-18 16:38:27,364 - INFO - Searching for product with code: '402020003' and old code: '402020003'
2025-11-18 16:38:27,455 - INFO - Found product with exact match on default_code: '402020003'
2025-11-18 16:38:27,510 - INFO - Prepared product 402020003 with quantity 100.0 for batch creation
2025-11-18 16:38:27,511 - INFO - Move locations - Source: 4, Dest: 116
2025-11-18 16:38:27,512 - INFO - Processing Excel row 5: {'partner_id': 'MOGEN_OB', 'scheduled_date': Timestamp('2025-11-18 00:00:00'), 'picking_type_id': 'OB FIFO', 'date_done': Timestamp('2025-11-18 00:00:00'), 'origin': 'คลังวัถุดิบ2', 'location_dest_id': 'RM02/Stock', 'default_code': 402020001, 'product_uom_qty': 100, 'price_unit': 100, 'sequence': 5, 'scheduled_date_orig': Timestamp('2025-11-18 00:00:00'), 'product_id': 402020001}
2025-11-18 16:38:27,512 - INFO - Searching for product with code: '402020001' and old code: '402020001'
2025-11-18 16:38:27,558 - INFO - Found product with exact match on default_code: '402020001'
2025-11-18 16:38:27,616 - INFO - Prepared product 402020001 with quantity 100.0 for batch creation
2025-11-18 16:38:27,616 - INFO - Move locations - Source: 4, Dest: 116
2025-11-18 16:38:27,617 - INFO - Processing Excel row 6: {'partner_id': 'MOGEN_OB', 'scheduled_date': Timestamp('2025-11-18 00:00:00'), 'picking_type_id': 'OB FIFO', 'date_done': Timestamp('2025-11-18 00:00:00'), 'origin': 'คลังวัถุดิบ2', 'location_dest_id': 'RM02/Stock', 'default_code': 409090004, 'product_uom_qty': 100, 'price_unit': 100, 'sequence': 6, 'scheduled_date_orig': Timestamp('2025-11-18 00:00:00'), 'product_id': 409090004}
2025-11-18 16:38:27,617 - INFO - Searching for product with code: '409090004' and old code: '409090004'
2025-11-18 16:38:27,662 - INFO - Found product with exact match on default_code: '409090004'
2025-11-18 16:38:27,715 - INFO - Prepared product 409090004 with quantity 100.0 for batch creation
2025-11-18 16:38:27,716 - INFO - Move locations - Source: 4, Dest: 116
2025-11-18 16:38:27,716 - INFO - Processing Excel row 7: {'partner_id': 'MOGEN_OB', 'scheduled_date': Timestamp('2025-11-18 00:00:00'), 'picking_type_id': 'OB FIFO', 'date_done': Timestamp('2025-11-18 00:00:00'), 'origin': 'คลังวัถุดิบ2', 'location_dest_id': 'RM02/Stock', 'default_code': 409060002, 'product_uom_qty': 100, 'price_unit': 100, 'sequence': 7, 'scheduled_date_orig': Timestamp('2025-11-18 00:00:00'), 'product_id': 409060002}
2025-11-18 16:38:27,716 - INFO - Searching for product with code: '409060002' and old code: '409060002'
2025-11-18 16:38:27,769 - INFO - Found product with exact match on default_code: '409060002'
2025-11-18 16:38:27,825 - INFO - Prepared product 409060002 with quantity 100.0 for batch creation
2025-11-18 16:38:27,825 - INFO - Move locations - Source: 4, Dest: 116
2025-11-18 16:38:27,825 - INFO - Processing Excel row 8: {'partner_id': 'MOGEN_OB', 'scheduled_date': Timestamp('2025-11-18 00:00:00'), 'picking_type_id': 'OB FIFO', 'date_done': Timestamp('2025-11-18 00:00:00'), 'origin': 'คลังวัถุดิบ2', 'location_dest_id': 'RM02/Stock', 'default_code': 409040001, 'product_uom_qty': 100, 'price_unit': 100, 'sequence': 8, 'scheduled_date_orig': Timestamp('2025-11-18 00:00:00'), 'product_id': 409040001}
2025-11-18 16:38:27,826 - INFO - Searching for product with code: '409040001' and old code: '409040001'
2025-11-18 16:38:27,874 - INFO - Found product with exact match on default_code: '409040001'
2025-11-18 16:38:27,931 - INFO - Prepared product 409040001 with quantity 100.0 for batch creation
2025-11-18 16:38:27,931 - INFO - Move locations - Source: 4, Dest: 116
2025-11-18 16:38:27,931 - INFO - Processing Excel row 9: {'partner_id': 'MOGEN_OB', 'scheduled_date': Timestamp('2025-11-18 00:00:00'), 'picking_type_id': 'OB FIFO', 'date_done': Timestamp('2025-11-18 00:00:00'), 'origin': 'คลังวัถุดิบ2', 'location_dest_id': 'RM02/Stock', 'default_code': 409230007, 'product_uom_qty': 100, 'price_unit': 100, 'sequence': 9, 'scheduled_date_orig': Timestamp('2025-11-18 00:00:00'), 'product_id': 409230007}
2025-11-18 16:38:27,931 - INFO - Searching for product with code: '409230007' and old code: '409230007'
2025-11-18 16:38:28,014 - INFO - Found product with exact match on default_code: '409230007'
2025-11-18 16:38:28,118 - INFO - Prepared product 409230007 with quantity 100.0 for batch creation
2025-11-18 16:38:28,119 - INFO - Move locations - Source: 4, Dest: 116
2025-11-18 16:38:28,119 - INFO - Processing Excel row 10: {'partner_id': 'MOGEN_OB', 'scheduled_date': Timestamp('2025-11-18 00:00:00'), 'picking_type_id': 'OB FIFO', 'date_done': Timestamp('2025-11-18 00:00:00'), 'origin': 'คลังวัถุดิบ2', 'location_dest_id': 'RM02/Stock', 'default_code': 409250068, 'product_uom_qty': 100, 'price_unit': 100, 'sequence': 10, 'scheduled_date_orig': Timestamp('2025-11-18 00:00:00'), 'product_id': 409250068}
2025-11-18 16:38:28,119 - INFO - Searching for product with code: '409250068' and old code: '409250068'
2025-11-18 16:38:28,169 - INFO - Found product with exact match on default_code: '409250068'
2025-11-18 16:38:28,229 - INFO - Prepared product 409250068 with quantity 100.0 for batch creation
2025-11-18 16:38:28,229 - INFO - Move locations - Source: 4, Dest: 116
2025-11-18 16:38:28,230 - INFO - Processing Excel row 11: {'partner_id': 'MOGEN_OB', 'scheduled_date': Timestamp('2025-11-18 00:00:00'), 'picking_type_id': 'OB FIFO', 'date_done': Timestamp('2025-11-18 00:00:00'), 'origin': 'คลังวัถุดิบ2', 'location_dest_id': 'RM02/Stock', 'default_code': 409110001, 'product_uom_qty': 100, 'price_unit': 100, 'sequence': 11, 'scheduled_date_orig': Timestamp('2025-11-18 00:00:00'), 'product_id': 409110001}
2025-11-18 16:38:28,230 - INFO - Searching for product with code: '409110001' and old code: '409110001'
2025-11-18 16:38:28,324 - INFO - Found product with exact match on default_code: '409110001'
2025-11-18 16:38:28,385 - INFO - Prepared product 409110001 with quantity 100.0 for batch creation
2025-11-18 16:38:28,385 - INFO - Move locations - Source: 4, Dest: 116
2025-11-18 16:38:28,386 - INFO - Processing Excel row 12: {'partner_id': 'MOGEN_OB', 'scheduled_date': Timestamp('2025-11-18 00:00:00'), 'picking_type_id': 'OB FIFO', 'date_done': Timestamp('2025-11-18 00:00:00'), 'origin': 'คลังวัถุดิบ2', 'location_dest_id': 'RM02/Stock', 'default_code': 409180005, 'product_uom_qty': 100, 'price_unit': 100, 'sequence': 12, 'scheduled_date_orig': Timestamp('2025-11-18 00:00:00'), 'product_id': 409180005}
2025-11-18 16:38:28,386 - INFO - Searching for product with code: '409180005' and old code: '409180005'
2025-11-18 16:38:28,474 - INFO - Found product with exact match on default_code: '409180005'
2025-11-18 16:38:28,538 - INFO - Prepared product 409180005 with quantity 100.0 for batch creation
2025-11-18 16:38:28,538 - INFO - Move locations - Source: 4, Dest: 116
2025-11-18 16:38:28,538 - INFO - Processing Excel row 13: {'partner_id': 'MOGEN_OB', 'scheduled_date': Timestamp('2025-11-18 00:00:00'), 'picking_type_id': 'OB FIFO', 'date_done': Timestamp('2025-11-18 00:00:00'), 'origin': 'คลังวัถุดิบ2', 'location_dest_id': 'RM02/Stock', 'default_code': 408010002, 'product_uom_qty': 100, 'price_unit': 100, 'sequence': 13, 'scheduled_date_orig': Timestamp('2025-11-18 00:00:00'), 'product_id': 408010002}
2025-11-18 16:38:28,538 - INFO - Searching for product with code: '408010002' and old code: '408010002'
2025-11-18 16:38:28,593 - INFO - Found product with exact match on default_code: '408010002'
2025-11-18 16:38:28,655 - INFO - Prepared product 408010002 with quantity 100.0 for batch creation
2025-11-18 16:38:28,655 - INFO - Move locations - Source: 4, Dest: 116
2025-11-18 16:38:28,656 - INFO - Processing Excel row 14: {'partner_id': 'MOGEN_OB', 'scheduled_date': Timestamp('2025-11-18 00:00:00'), 'picking_type_id': 'OB FIFO', 'date_done': Timestamp('2025-11-18 00:00:00'), 'origin': 'คลังวัถุดิบ2', 'location_dest_id': 'RM02/Stock', 'default_code': 409250031, 'product_uom_qty': 100, 'price_unit': 100, 'sequence': 14, 'scheduled_date_orig': Timestamp('2025-11-18 00:00:00'), 'product_id': 409250031}
2025-11-18 16:38:28,656 - INFO - Searching for product with code: '409250031' and old code: '409250031'
2025-11-18 16:38:28,719 - INFO - Found product with exact match on default_code: '409250031'
2025-11-18 16:38:28,787 - INFO - Prepared product 409250031 with quantity 100.0 for batch creation
2025-11-18 16:38:28,787 - INFO - Move locations - Source: 4, Dest: 116
2025-11-18 16:38:28,788 - INFO - Processing Excel row 15: {'partner_id': 'MOGEN_OB', 'scheduled_date': Timestamp('2025-11-18 00:00:00'), 'picking_type_id': 'OB FIFO', 'date_done': Timestamp('2025-11-18 00:00:00'), 'origin': 'คลังวัถุดิบ2', 'location_dest_id': 'RM02/Stock', 'default_code': 409150003, 'product_uom_qty': 100, 'price_unit': 100, 'sequence': 15, 'scheduled_date_orig': Timestamp('2025-11-18 00:00:00'), 'product_id': 409150003}
2025-11-18 16:38:28,788 - INFO - Searching for product with code: '409150003' and old code: '409150003'
2025-11-18 16:38:28,912 - INFO - Found product with exact match on default_code: '409150003'
2025-11-18 16:38:28,965 - INFO - Prepared product 409150003 with quantity 100.0 for batch creation
2025-11-18 16:38:28,966 - INFO - Move locations - Source: 4, Dest: 116
2025-11-18 16:38:28,966 - INFO - Processing Excel row 16: {'partner_id': 'MOGEN_OB', 'scheduled_date': Timestamp('2025-11-18 00:00:00'), 'picking_type_id': 'OB FIFO', 'date_done': Timestamp('2025-11-18 00:00:00'), 'origin': 'คลังวัถุดิบ2', 'location_dest_id': 'RM02/Stock', 'default_code': 409030003, 'product_uom_qty': 100, 'price_unit': 100, 'sequence': 16, 'scheduled_date_orig': Timestamp('2025-11-18 00:00:00'), 'product_id': 409030003}
2025-11-18 16:38:28,966 - INFO - Searching for product with code: '409030003' and old code: '409030003'
2025-11-18 16:38:29,011 - INFO - Found product with exact match on default_code: '409030003'
2025-11-18 16:38:29,064 - INFO - Prepared product 409030003 with quantity 100.0 for batch creation
2025-11-18 16:38:29,065 - INFO - Move locations - Source: 4, Dest: 116
2025-11-18 16:38:29,065 - INFO - Processing Excel row 17: {'partner_id': 'MOGEN_OB', 'scheduled_date': Timestamp('2025-11-18 00:00:00'), 'picking_type_id': 'OB FIFO', 'date_done': Timestamp('2025-11-18 00:00:00'), 'origin': 'คลังวัถุดิบ2', 'location_dest_id': 'RM02/Stock', 'default_code': 409050001, 'product_uom_qty': 100, 'price_unit': 100, 'sequence': 17, 'scheduled_date_orig': Timestamp('2025-11-18 00:00:00'), 'product_id': 409050001}
2025-11-18 16:38:29,065 - INFO - Searching for product with code: '409050001' and old code: '409050001'
2025-11-18 16:38:29,115 - INFO - Found product with exact match on default_code: '409050001'
2025-11-18 16:38:29,177 - INFO - Prepared product 409050001 with quantity 100.0 for batch creation
2025-11-18 16:38:29,177 - INFO - Move locations - Source: 4, Dest: 116
2025-11-18 16:38:29,178 - INFO - Processing Excel row 18: {'partner_id': 'MOGEN_OB', 'scheduled_date': Timestamp('2025-11-18 00:00:00'), 'picking_type_id': 'OB FIFO', 'date_done': Timestamp('2025-11-18 00:00:00'), 'origin': 'คลังวัถุดิบ2', 'location_dest_id': 'RM02/Stock', 'default_code': 409130001, 'product_uom_qty': 100, 'price_unit': 100, 'sequence': 18, 'scheduled_date_orig': Timestamp('2025-11-18 00:00:00'), 'product_id': 409130001}
2025-11-18 16:38:29,178 - INFO - Searching for product with code: '409130001' and old code: '409130001'
2025-11-18 16:38:29,255 - INFO - Found product with exact match on default_code: '409130001'
2025-11-18 16:38:29,313 - INFO - Prepared product 409130001 with quantity 100.0 for batch creation
2025-11-18 16:38:29,313 - INFO - Move locations - Source: 4, Dest: 116
2025-11-18 16:38:29,314 - INFO - Processing Excel row 19: {'partner_id': 'MOGEN_OB', 'scheduled_date': Timestamp('2025-11-18 00:00:00'), 'picking_type_id': 'OB FIFO', 'date_done': Timestamp('2025-11-18 00:00:00'), 'origin': 'คลังวัถุดิบ2', 'location_dest_id': 'RM02/Stock', 'default_code': 411040003, 'product_uom_qty': 100, 'price_unit': 100, 'sequence': 19, 'scheduled_date_orig': Timestamp('2025-11-18 00:00:00'), 'product_id': 411040003}
2025-11-18 16:38:29,314 - INFO - Searching for product with code: '411040003' and old code: '411040003'
2025-11-18 16:38:29,382 - INFO - Found product with exact match on default_code: '411040003'
2025-11-18 16:38:29,453 - INFO - Prepared product 411040003 with quantity 100.0 for batch creation
2025-11-18 16:38:29,453 - INFO - Move locations - Source: 4, Dest: 116
2025-11-18 16:38:29,454 - INFO - Processing Excel row 20: {'partner_id': 'MOGEN_OB', 'scheduled_date': Timestamp('2025-11-18 00:00:00'), 'picking_type_id': 'OB FIFO', 'date_done': Timestamp('2025-11-18 00:00:00'), 'origin': 'คลังวัถุดิบ2', 'location_dest_id': 'RM02/Stock', 'default_code': 301010006, 'product_uom_qty': 100, 'price_unit': 100, 'sequence': 20, 'scheduled_date_orig': Timestamp('2025-11-18 00:00:00'), 'product_id': 301010006}
2025-11-18 16:38:29,454 - INFO - Searching for product with code: '301010006' and old code: '301010006'
2025-11-18 16:38:29,504 - INFO - Found product with exact match on default_code: '301010006'
2025-11-18 16:38:29,562 - INFO - Prepared product 301010006 with quantity 100.0 for batch creation
2025-11-18 16:38:29,562 - INFO - Move locations - Source: 4, Dest: 116
2025-11-18 16:38:29,563 - INFO - Processing Excel row 21: {'partner_id': 'MOGEN_OB', 'scheduled_date': Timestamp('2025-11-18 00:00:00'), 'picking_type_id': 'OB FIFO', 'date_done': Timestamp('2025-11-18 00:00:00'), 'origin': 'คลังวัถุดิบ2', 'location_dest_id': 'RM02/Stock', 'default_code': 411050005, 'product_uom_qty': 100, 'price_unit': 100, 'sequence': 21, 'scheduled_date_orig': Timestamp('2025-11-18 00:00:00'), 'product_id': 411050005}
2025-11-18 16:38:29,563 - INFO - Searching for product with code: '411050005' and old code: '411050005'
2025-11-18 16:38:29,625 - INFO - Found product with exact match on default_code: '411050005'
2025-11-18 16:38:29,691 - INFO - Prepared product 411050005 with quantity 100.0 for batch creation
2025-11-18 16:38:29,692 - INFO - Move locations - Source: 4, Dest: 116
2025-11-18 16:38:29,692 - INFO - Processing Excel row 22: {'partner_id': 'MOGEN_OB', 'scheduled_date': Timestamp('2025-11-18 00:00:00'), 'picking_type_id': 'OB FIFO', 'date_done': Timestamp('2025-11-18 00:00:00'), 'origin': 'คลังวัถุดิบ2', 'location_dest_id': 'RM02/Stock', 'default_code': 410060007, 'product_uom_qty': 100, 'price_unit': 100, 'sequence': 22, 'scheduled_date_orig': Timestamp('2025-11-18 00:00:00'), 'product_id': 410060007}
2025-11-18 16:38:29,692 - INFO - Searching for product with code: '410060007' and old code: '410060007'
2025-11-18 16:38:29,747 - INFO - Found product with exact match on default_code: '410060007'
2025-11-18 16:38:29,825 - INFO - Prepared product 410060007 with quantity 100.0 for batch creation
2025-11-18 16:38:29,826 - INFO - Move locations - Source: 4, Dest: 116
2025-11-18 16:38:29,826 - INFO - Processing Excel row 23: {'partner_id': 'MOGEN_OB', 'scheduled_date': Timestamp('2025-11-18 00:00:00'), 'picking_type_id': 'OB FIFO', 'date_done': Timestamp('2025-11-18 00:00:00'), 'origin': 'คลังวัถุดิบ2', 'location_dest_id': 'RM02/Stock', 'default_code': 411050004, 'product_uom_qty': 100, 'price_unit': 100, 'sequence': 23, 'scheduled_date_orig': Timestamp('2025-11-18 00:00:00'), 'product_id': 411050004}
2025-11-18 16:38:29,826 - INFO - Searching for product with code: '411050004' and old code: '411050004'
2025-11-18 16:38:29,891 - INFO - Found product with exact match on default_code: '411050004'
2025-11-18 16:38:29,947 - INFO - Prepared product 411050004 with quantity 100.0 for batch creation
2025-11-18 16:38:29,947 - INFO - Move locations - Source: 4, Dest: 116
2025-11-18 16:38:29,947 - INFO - Processing Excel row 24: {'partner_id': 'MOGEN_OB', 'scheduled_date': Timestamp('2025-11-18 00:00:00'), 'picking_type_id': 'OB FIFO', 'date_done': Timestamp('2025-11-18 00:00:00'), 'origin': 'คลังวัถุดิบ2', 'location_dest_id': 'RM02/Stock', 'default_code': 411040004, 'product_uom_qty': 100, 'price_unit': 100, 'sequence': 24, 'scheduled_date_orig': Timestamp('2025-11-18 00:00:00'), 'product_id': 411040004}
2025-11-18 16:38:29,948 - INFO - Searching for product with code: '411040004' and old code: '411040004'
2025-11-18 16:38:30,013 - INFO - Found product with exact match on default_code: '411040004'
2025-11-18 16:38:30,076 - INFO - Prepared product 411040004 with quantity 100.0 for batch creation
2025-11-18 16:38:30,076 - INFO - Move locations - Source: 4, Dest: 116
2025-11-18 16:38:30,077 - INFO - Processing Excel row 25: {'partner_id': 'MOGEN_OB', 'scheduled_date': Timestamp('2025-11-18 00:00:00'), 'picking_type_id': 'OB FIFO', 'date_done': Timestamp('2025-11-18 00:00:00'), 'origin': 'คลังวัถุดิบ2', 'location_dest_id': 'RM02/Stock', 'default_code': 410060004, 'product_uom_qty': 100, 'price_unit': 100, 'sequence': 25, 'scheduled_date_orig': Timestamp('2025-11-18 00:00:00'), 'product_id': 410060004}
2025-11-18 16:38:30,077 - INFO - Searching for product with code: '410060004' and old code: '410060004'
2025-11-18 16:38:30,126 - INFO - Found product with exact match on default_code: '410060004'
2025-11-18 16:38:30,178 - INFO - Prepared product 410060004 with quantity 100.0 for batch creation
2025-11-18 16:38:30,178 - INFO - Move locations - Source: 4, Dest: 116
2025-11-18 16:38:30,178 - INFO - Processing Excel row 26: {'partner_id': 'MOGEN_OB', 'scheduled_date': Timestamp('2025-11-18 00:00:00'), 'picking_type_id': 'OB FIFO', 'date_done': Timestamp('2025-11-18 00:00:00'), 'origin': 'คลังวัถุดิบ2', 'location_dest_id': 'RM02/Stock', 'default_code': 409250051, 'product_uom_qty': 100, 'price_unit': 100, 'sequence': 26, 'scheduled_date_orig': Timestamp('2025-11-18 00:00:00'), 'product_id': 409250051}
2025-11-18 16:38:30,179 - INFO - Searching for product with code: '409250051' and old code: '409250051'
2025-11-18 16:38:30,225 - INFO - Found product with exact match on default_code: '409250051'
2025-11-18 16:38:30,284 - INFO - Prepared product 409250051 with quantity 100.0 for batch creation
2025-11-18 16:38:30,285 - INFO - Move locations - Source: 4, Dest: 116
2025-11-18 16:38:30,286 - INFO - Processing Excel row 27: {'partner_id': 'MOGEN_OB', 'scheduled_date': Timestamp('2025-11-18 00:00:00'), 'picking_type_id': 'OB FIFO', 'date_done': Timestamp('2025-11-18 00:00:00'), 'origin': 'คลังวัถุดิบ2', 'location_dest_id': 'RM02/Stock', 'default_code': 409250055, 'product_uom_qty': 100, 'price_unit': 100, 'sequence': 27, 'scheduled_date_orig': Timestamp('2025-11-18 00:00:00'), 'product_id': 409250055}
2025-11-18 16:38:30,286 - INFO - Searching for product with code: '409250055' and old code: '409250055'
2025-11-18 16:38:30,389 - INFO - Found product with exact match on default_code: '409250055'
2025-11-18 16:38:30,478 - INFO - Prepared product 409250055 with quantity 100.0 for batch creation
2025-11-18 16:38:30,479 - INFO - Move locations - Source: 4, Dest: 116
2025-11-18 16:38:30,479 - INFO - Processing Excel row 28: {'partner_id': 'MOGEN_OB', 'scheduled_date': Timestamp('2025-11-18 00:00:00'), 'picking_type_id': 'OB FIFO', 'date_done': Timestamp('2025-11-18 00:00:00'), 'origin': 'คลังวัถุดิบ2', 'location_dest_id': 'RM02/Stock', 'default_code': 409250050, 'product_uom_qty': 100, 'price_unit': 100, 'sequence': 28, 'scheduled_date_orig': Timestamp('2025-11-18 00:00:00'), 'product_id': 409250050}
2025-11-18 16:38:30,480 - INFO - Searching for product with code: '409250050' and old code: '409250050'
2025-11-18 16:38:30,557 - INFO - Found product with exact match on default_code: '409250050'
2025-11-18 16:38:30,658 - INFO - Prepared product 409250050 with quantity 100.0 for batch creation
2025-11-18 16:38:30,659 - INFO - Move locations - Source: 4, Dest: 116
2025-11-18 16:38:30,659 - INFO - Processing Excel row 29: {'partner_id': 'MOGEN_OB', 'scheduled_date': Timestamp('2025-11-18 00:00:00'), 'picking_type_id': 'OB FIFO', 'date_done': Timestamp('2025-11-18 00:00:00'), 'origin': 'คลังวัถุดิบ2', 'location_dest_id': 'RM02/Stock', 'default_code': 409170019, 'product_uom_qty': 100, 'price_unit': 100, 'sequence': 29, 'scheduled_date_orig': Timestamp('2025-11-18 00:00:00'), 'product_id': 409170019}
2025-11-18 16:38:30,659 - INFO - Searching for product with code: '409170019' and old code: '409170019'
2025-11-18 16:38:30,753 - INFO - Found product with exact match on default_code: '409170019'
2025-11-18 16:38:30,811 - INFO - Prepared product 409170019 with quantity 100.0 for batch creation
2025-11-18 16:38:30,811 - INFO - Move locations - Source: 4, Dest: 116
2025-11-18 16:38:30,811 - INFO - Processing Excel row 30: {'partner_id': 'MOGEN_OB', 'scheduled_date': Timestamp('2025-11-18 00:00:00'), 'picking_type_id': 'OB FIFO', 'date_done': Timestamp('2025-11-18 00:00:00'), 'origin': 'คลังวัถุดิบ2', 'location_dest_id': 'RM02/Stock', 'default_code': 303020015, 'product_uom_qty': 100, 'price_unit': 100, 'sequence': 30, 'scheduled_date_orig': Timestamp('2025-11-18 00:00:00'), 'product_id': 303020015}
2025-11-18 16:38:30,811 - INFO - Using cached product ID for code: '303020015'
2025-11-18 16:38:30,811 - INFO - Prepared product 303020015 with quantity 100.0 for batch creation
2025-11-18 16:38:30,811 - INFO - Move locations - Source: 4, Dest: 116
2025-11-18 16:38:30,812 - INFO - Processing Excel row 31: {'partner_id': 'MOGEN_OB', 'scheduled_date': Timestamp('2025-11-18 00:00:00'), 'picking_type_id': 'OB FIFO', 'date_done': Timestamp('2025-11-18 00:00:00'), 'origin': 'คลังวัถุดิบ2', 'location_dest_id': 'RM02/Stock', 'default_code': 406010066, 'product_uom_qty': 100, 'price_unit': 100, 'sequence': 31, 'scheduled_date_orig': Timestamp('2025-11-18 00:00:00'), 'product_id': 406010066}
2025-11-18 16:38:30,812 - INFO - Using cached product ID for code: '406010066'
2025-11-18 16:38:30,812 - INFO - Prepared product 406010066 with quantity 100.0 for batch creation
2025-11-18 16:38:30,812 - INFO - Move locations - Source: 4, Dest: 116
2025-11-18 16:38:30,812 - INFO - Processing Excel row 32: {'partner_id': 'MOGEN_OB', 'scheduled_date': Timestamp('2025-11-18 00:00:00'), 'picking_type_id': 'OB FIFO', 'date_done': Timestamp('2025-11-18 00:00:00'), 'origin': 'คลังวัถุดิบ2', 'location_dest_id': 'RM02/Stock', 'default_code': 402020002, 'product_uom_qty': 100, 'price_unit': 100, 'sequence': 32, 'scheduled_date_orig': Timestamp('2025-11-18 00:00:00'), 'product_id': 402020002}
2025-11-18 16:38:30,813 - INFO - Using cached product ID for code: '402020002'
2025-11-18 16:38:30,813 - INFO - Prepared product 402020002 with quantity 100.0 for batch creation
2025-11-18 16:38:30,813 - INFO - Move locations - Source: 4, Dest: 116
2025-11-18 16:38:30,813 - INFO - Processing Excel row 33: {'partner_id': 'MOGEN_OB', 'scheduled_date': Timestamp('2025-11-18 00:00:00'), 'picking_type_id': 'OB FIFO', 'date_done': Timestamp('2025-11-18 00:00:00'), 'origin': 'คลังวัถุดิบ2', 'location_dest_id': 'RM02/Stock', 'default_code': 402020003, 'product_uom_qty': 100, 'price_unit': 100, 'sequence': 33, 'scheduled_date_orig': Timestamp('2025-11-18 00:00:00'), 'product_id': 402020003}
2025-11-18 16:38:30,813 - INFO - Using cached product ID for code: '402020003'
2025-11-18 16:38:30,813 - INFO - Prepared product 402020003 with quantity 100.0 for batch creation
2025-11-18 16:38:30,813 - INFO - Move locations - Source: 4, Dest: 116
2025-11-18 16:38:30,814 - INFO - Processing Excel row 34: {'partner_id': 'MOGEN_OB', 'scheduled_date': Timestamp('2025-11-18 00:00:00'), 'picking_type_id': 'OB FIFO', 'date_done': Timestamp('2025-11-18 00:00:00'), 'origin': 'คลังวัถุดิบ2', 'location_dest_id': 'RM02/Stock', 'default_code': 402020001, 'product_uom_qty': 100, 'price_unit': 100, 'sequence': 34, 'scheduled_date_orig': Timestamp('2025-11-18 00:00:00'), 'product_id': 402020001}
2025-11-18 16:38:30,814 - INFO - Using cached product ID for code: '402020001'
2025-11-18 16:38:30,814 - INFO - Prepared product 402020001 with quantity 100.0 for batch creation
2025-11-18 16:38:30,814 - INFO - Move locations - Source: 4, Dest: 116
2025-11-18 16:38:30,814 - INFO - Processing Excel row 35: {'partner_id': 'MOGEN_OB', 'scheduled_date': Timestamp('2025-11-18 00:00:00'), 'picking_type_id': 'OB FIFO', 'date_done': Timestamp('2025-11-18 00:00:00'), 'origin': 'คลังวัถุดิบ2', 'location_dest_id': 'RM02/Stock', 'default_code': 409090004, 'product_uom_qty': 100, 'price_unit': 100, 'sequence': 35, 'scheduled_date_orig': Timestamp('2025-11-18 00:00:00'), 'product_id': 409090004}
2025-11-18 16:38:30,814 - INFO - Using cached product ID for code: '409090004'
2025-11-18 16:38:30,814 - INFO - Prepared product 409090004 with quantity 100.0 for batch creation
2025-11-18 16:38:30,815 - INFO - Move locations - Source: 4, Dest: 116
2025-11-18 16:38:30,815 - INFO - Processing Excel row 36: {'partner_id': 'MOGEN_OB', 'scheduled_date': Timestamp('2025-11-18 00:00:00'), 'picking_type_id': 'OB FIFO', 'date_done': Timestamp('2025-11-18 00:00:00'), 'origin': 'คลังวัถุดิบ2', 'location_dest_id': 'RM02/Stock', 'default_code': 409060002, 'product_uom_qty': 100, 'price_unit': 100, 'sequence': 36, 'scheduled_date_orig': Timestamp('2025-11-18 00:00:00'), 'product_id': 409060002}
2025-11-18 16:38:30,815 - INFO - Using cached product ID for code: '409060002'
2025-11-18 16:38:30,815 - INFO - Prepared product 409060002 with quantity 100.0 for batch creation
2025-11-18 16:38:30,815 - INFO - Move locations - Source: 4, Dest: 116
2025-11-18 16:38:30,815 - INFO - Processing Excel row 37: {'partner_id': 'MOGEN_OB', 'scheduled_date': Timestamp('2025-11-18 00:00:00'), 'picking_type_id': 'OB FIFO', 'date_done': Timestamp('2025-11-18 00:00:00'), 'origin': 'คลังวัถุดิบ2', 'location_dest_id': 'RM02/Stock', 'default_code': 409040001, 'product_uom_qty': 100, 'price_unit': 100, 'sequence': 37, 'scheduled_date_orig': Timestamp('2025-11-18 00:00:00'), 'product_id': 409040001}
2025-11-18 16:38:30,816 - INFO - Using cached product ID for code: '409040001'
2025-11-18 16:38:30,816 - INFO - Prepared product 409040001 with quantity 100.0 for batch creation
2025-11-18 16:38:30,816 - INFO - Move locations - Source: 4, Dest: 116
2025-11-18 16:38:30,816 - INFO - Processing Excel row 38: {'partner_id': 'MOGEN_OB', 'scheduled_date': Timestamp('2025-11-18 00:00:00'), 'picking_type_id': 'OB FIFO', 'date_done': Timestamp('2025-11-18 00:00:00'), 'origin': 'คลังวัถุดิบ2', 'location_dest_id': 'RM02/Stock', 'default_code': 409230007, 'product_uom_qty': 100, 'price_unit': 100, 'sequence': 38, 'scheduled_date_orig': Timestamp('2025-11-18 00:00:00'), 'product_id': 409230007}
2025-11-18 16:38:30,816 - INFO - Using cached product ID for code: '409230007'
2025-11-18 16:38:30,816 - INFO - Prepared product 409230007 with quantity 100.0 for batch creation
2025-11-18 16:38:30,816 - INFO - Move locations - Source: 4, Dest: 116
2025-11-18 16:38:30,817 - INFO - Processing Excel row 39: {'partner_id': 'MOGEN_OB', 'scheduled_date': Timestamp('2025-11-18 00:00:00'), 'picking_type_id': 'OB FIFO', 'date_done': Timestamp('2025-11-18 00:00:00'), 'origin': 'คลังวัถุดิบ2', 'location_dest_id': 'RM02/Stock', 'default_code': 409250068, 'product_uom_qty': 100, 'price_unit': 100, 'sequence': 39, 'scheduled_date_orig': Timestamp('2025-11-18 00:00:00'), 'product_id': 409250068}
2025-11-18 16:38:30,817 - INFO - Using cached product ID for code: '409250068'
2025-11-18 16:38:30,817 - INFO - Prepared product 409250068 with quantity 100.0 for batch creation
2025-11-18 16:38:30,817 - INFO - Move locations - Source: 4, Dest: 116
2025-11-18 16:38:30,817 - INFO - Processing Excel row 40: {'partner_id': 'MOGEN_OB', 'scheduled_date': Timestamp('2025-11-18 00:00:00'), 'picking_type_id': 'OB FIFO', 'date_done': Timestamp('2025-11-18 00:00:00'), 'origin': 'คลังวัถุดิบ2', 'location_dest_id': 'RM02/Stock', 'default_code': 409110001, 'product_uom_qty': 100, 'price_unit': 100, 'sequence': 40, 'scheduled_date_orig': Timestamp('2025-11-18 00:00:00'), 'product_id': 409110001}
2025-11-18 16:38:30,817 - INFO - Using cached product ID for code: '409110001'
2025-11-18 16:38:30,818 - INFO - Prepared product 409110001 with quantity 100.0 for batch creation
2025-11-18 16:38:30,818 - INFO - Move locations - Source: 4, Dest: 116
2025-11-18 16:38:30,818 - INFO - Processing Excel row 41: {'partner_id': 'MOGEN_OB', 'scheduled_date': Timestamp('2025-11-18 00:00:00'), 'picking_type_id': 'OB FIFO', 'date_done': Timestamp('2025-11-18 00:00:00'), 'origin': 'คลังวัถุดิบ2', 'location_dest_id': 'RM02/Stock', 'default_code': 409180005, 'product_uom_qty': 100, 'price_unit': 100, 'sequence': 41, 'scheduled_date_orig': Timestamp('2025-11-18 00:00:00'), 'product_id': 409180005}
2025-11-18 16:38:30,818 - INFO - Using cached product ID for code: '409180005'
2025-11-18 16:38:30,818 - INFO - Prepared product 409180005 with quantity 100.0 for batch creation
2025-11-18 16:38:30,818 - INFO - Move locations - Source: 4, Dest: 116
2025-11-18 16:38:30,818 - INFO - Processing Excel row 42: {'partner_id': 'MOGEN_OB', 'scheduled_date': Timestamp('2025-11-18 00:00:00'), 'picking_type_id': 'OB FIFO', 'date_done': Timestamp('2025-11-18 00:00:00'), 'origin': 'คลังวัถุดิบ2', 'location_dest_id': 'RM02/Stock', 'default_code': 408010002, 'product_uom_qty': 100, 'price_unit': 100, 'sequence': 42, 'scheduled_date_orig': Timestamp('2025-11-18 00:00:00'), 'product_id': 408010002}
2025-11-18 16:38:30,819 - INFO - Using cached product ID for code: '408010002'
2025-11-18 16:38:30,819 - INFO - Prepared product 408010002 with quantity 100.0 for batch creation
2025-11-18 16:38:30,819 - INFO - Move locations - Source: 4, Dest: 116
2025-11-18 16:38:30,819 - INFO - Processing Excel row 43: {'partner_id': 'MOGEN_OB', 'scheduled_date': Timestamp('2025-11-18 00:00:00'), 'picking_type_id': 'OB FIFO', 'date_done': Timestamp('2025-11-18 00:00:00'), 'origin': 'คลังวัถุดิบ2', 'location_dest_id': 'RM02/Stock', 'default_code': 409250031, 'product_uom_qty': 100, 'price_unit': 100, 'sequence': 43, 'scheduled_date_orig': Timestamp('2025-11-18 00:00:00'), 'product_id': 409250031}
2025-11-18 16:38:30,819 - INFO - Using cached product ID for code: '409250031'
2025-11-18 16:38:30,819 - INFO - Prepared product 409250031 with quantity 100.0 for batch creation
2025-11-18 16:38:30,819 - INFO - Move locations - Source: 4, Dest: 116
2025-11-18 16:38:30,819 - INFO - Processing Excel row 44: {'partner_id': 'MOGEN_OB', 'scheduled_date': Timestamp('2025-11-18 00:00:00'), 'picking_type_id': 'OB FIFO', 'date_done': Timestamp('2025-11-18 00:00:00'), 'origin': 'คลังวัถุดิบ2', 'location_dest_id': 'RM02/Stock', 'default_code': 409150003, 'product_uom_qty': 100, 'price_unit': 100, 'sequence': 44, 'scheduled_date_orig': Timestamp('2025-11-18 00:00:00'), 'product_id': 409150003}
2025-11-18 16:38:30,820 - INFO - Using cached product ID for code: '409150003'
2025-11-18 16:38:30,820 - INFO - Prepared product 409150003 with quantity 100.0 for batch creation
2025-11-18 16:38:30,820 - INFO - Move locations - Source: 4, Dest: 116
2025-11-18 16:38:30,820 - INFO - Processing Excel row 45: {'partner_id': 'MOGEN_OB', 'scheduled_date': Timestamp('2025-11-18 00:00:00'), 'picking_type_id': 'OB FIFO', 'date_done': Timestamp('2025-11-18 00:00:00'), 'origin': 'คลังวัถุดิบ2', 'location_dest_id': 'RM02/Stock', 'default_code': 409030003, 'product_uom_qty': 100, 'price_unit': 100, 'sequence': 45, 'scheduled_date_orig': Timestamp('2025-11-18 00:00:00'), 'product_id': 409030003}
2025-11-18 16:38:30,820 - INFO - Using cached product ID for code: '409030003'
2025-11-18 16:38:30,820 - INFO - Prepared product 409030003 with quantity 100.0 for batch creation
2025-11-18 16:38:30,820 - INFO - Move locations - Source: 4, Dest: 116
2025-11-18 16:38:30,821 - INFO - Processing Excel row 46: {'partner_id': 'MOGEN_OB', 'scheduled_date': Timestamp('2025-11-18 00:00:00'), 'picking_type_id': 'OB FIFO', 'date_done': Timestamp('2025-11-18 00:00:00'), 'origin': 'คลังวัถุดิบ2', 'location_dest_id': 'RM02/Stock', 'default_code': 409050001, 'product_uom_qty': 100, 'price_unit': 100, 'sequence': 46, 'scheduled_date_orig': Timestamp('2025-11-18 00:00:00'), 'product_id': 409050001}
2025-11-18 16:38:30,821 - INFO - Using cached product ID for code: '409050001'
2025-11-18 16:38:30,821 - INFO - Prepared product 409050001 with quantity 100.0 for batch creation
2025-11-18 16:38:30,821 - INFO - Move locations - Source: 4, Dest: 116
2025-11-18 16:38:30,821 - INFO - Processing Excel row 47: {'partner_id': 'MOGEN_OB', 'scheduled_date': Timestamp('2025-11-18 00:00:00'), 'picking_type_id': 'OB FIFO', 'date_done': Timestamp('2025-11-18 00:00:00'), 'origin': 'คลังวัถุดิบ2', 'location_dest_id': 'RM02/Stock', 'default_code': 409130001, 'product_uom_qty': 100, 'price_unit': 100, 'sequence': 47, 'scheduled_date_orig': Timestamp('2025-11-18 00:00:00'), 'product_id': 409130001}
2025-11-18 16:38:30,821 - INFO - Using cached product ID for code: '409130001'
2025-11-18 16:38:30,821 - INFO - Prepared product 409130001 with quantity 100.0 for batch creation
2025-11-18 16:38:30,821 - INFO - Move locations - Source: 4, Dest: 116
2025-11-18 16:38:30,822 - INFO - Processing Excel row 48: {'partner_id': 'MOGEN_OB', 'scheduled_date': Timestamp('2025-11-18 00:00:00'), 'picking_type_id': 'OB FIFO', 'date_done': Timestamp('2025-11-18 00:00:00'), 'origin': 'คลังวัถุดิบ2', 'location_dest_id': 'RM02/Stock', 'default_code': 411040003, 'product_uom_qty': 100, 'price_unit': 100, 'sequence': 48, 'scheduled_date_orig': Timestamp('2025-11-18 00:00:00'), 'product_id': 411040003}
2025-11-18 16:38:30,822 - INFO - Using cached product ID for code: '411040003'
2025-11-18 16:38:30,822 - INFO - Prepared product 411040003 with quantity 100.0 for batch creation
2025-11-18 16:38:30,822 - INFO - Move locations - Source: 4, Dest: 116
2025-11-18 16:38:30,822 - INFO - Processing Excel row 49: {'partner_id': 'MOGEN_OB', 'scheduled_date': Timestamp('2025-11-18 00:00:00'), 'picking_type_id': 'OB FIFO', 'date_done': Timestamp('2025-11-18 00:00:00'), 'origin': 'คลังวัถุดิบ2', 'location_dest_id': 'RM02/Stock', 'default_code': 301010006, 'product_uom_qty': 100, 'price_unit': 100, 'sequence': 49, 'scheduled_date_orig': Timestamp('2025-11-18 00:00:00'), 'product_id': 301010006}
2025-11-18 16:38:30,822 - INFO - Using cached product ID for code: '301010006'
2025-11-18 16:38:30,823 - INFO - Prepared product 301010006 with quantity 100.0 for batch creation
2025-11-18 16:38:30,823 - INFO - Move locations - Source: 4, Dest: 116
2025-11-18 16:38:30,823 - INFO - Processing Excel row 50: {'partner_id': 'MOGEN_OB', 'scheduled_date': Timestamp('2025-11-18 00:00:00'), 'picking_type_id': 'OB FIFO', 'date_done': Timestamp('2025-11-18 00:00:00'), 'origin': 'คลังวัถุดิบ2', 'location_dest_id': 'RM02/Stock', 'default_code': 411050005, 'product_uom_qty': 100, 'price_unit': 100, 'sequence': 50, 'scheduled_date_orig': Timestamp('2025-11-18 00:00:00'), 'product_id': 411050005}
2025-11-18 16:38:30,823 - INFO - Using cached product ID for code: '411050005'
2025-11-18 16:38:30,823 - INFO - Prepared product 411050005 with quantity 100.0 for batch creation
2025-11-18 16:38:30,823 - INFO - Move locations - Source: 4, Dest: 116
2025-11-18 16:38:30,823 - INFO - Processing Excel row 51: {'partner_id': 'MOGEN_OB', 'scheduled_date': Timestamp('2025-11-18 00:00:00'), 'picking_type_id': 'OB FIFO', 'date_done': Timestamp('2025-11-18 00:00:00'), 'origin': 'คลังวัถุดิบ2', 'location_dest_id': 'RM02/Stock', 'default_code': 410060007, 'product_uom_qty': 100, 'price_unit': 100, 'sequence': 51, 'scheduled_date_orig': Timestamp('2025-11-18 00:00:00'), 'product_id': 410060007}
2025-11-18 16:38:30,823 - INFO - Using cached product ID for code: '410060007'
2025-11-18 16:38:30,824 - INFO - Prepared product 410060007 with quantity 100.0 for batch creation
2025-11-18 16:38:30,824 - INFO - Move locations - Source: 4, Dest: 116
2025-11-18 16:38:30,824 - INFO - Processing Excel row 52: {'partner_id': 'MOGEN_OB', 'scheduled_date': Timestamp('2025-11-18 00:00:00'), 'picking_type_id': 'OB FIFO', 'date_done': Timestamp('2025-11-18 00:00:00'), 'origin': 'คลังวัถุดิบ2', 'location_dest_id': 'RM02/Stock', 'default_code': 411050004, 'product_uom_qty': 100, 'price_unit': 100, 'sequence': 52, 'scheduled_date_orig': Timestamp('2025-11-18 00:00:00'), 'product_id': 411050004}
2025-11-18 16:38:30,824 - INFO - Using cached product ID for code: '411050004'
2025-11-18 16:38:30,824 - INFO - Prepared product 411050004 with quantity 100.0 for batch creation
2025-11-18 16:38:30,824 - INFO - Move locations - Source: 4, Dest: 116
2025-11-18 16:38:30,824 - INFO - Processing Excel row 53: {'partner_id': 'MOGEN_OB', 'scheduled_date': Timestamp('2025-11-18 00:00:00'), 'picking_type_id': 'OB FIFO', 'date_done': Timestamp('2025-11-18 00:00:00'), 'origin': 'คลังวัถุดิบ2', 'location_dest_id': 'RM02/Stock', 'default_code': 411040004, 'product_uom_qty': 100, 'price_unit': 100, 'sequence': 53, 'scheduled_date_orig': Timestamp('2025-11-18 00:00:00'), 'product_id': 411040004}
2025-11-18 16:38:30,825 - INFO - Using cached product ID for code: '411040004'
2025-11-18 16:38:30,825 - INFO - Prepared product 411040004 with quantity 100.0 for batch creation
2025-11-18 16:38:30,825 - INFO - Move locations - Source: 4, Dest: 116
2025-11-18 16:38:30,825 - INFO - Processing Excel row 54: {'partner_id': 'MOGEN_OB', 'scheduled_date': Timestamp('2025-11-18 00:00:00'), 'picking_type_id': 'OB FIFO', 'date_done': Timestamp('2025-11-18 00:00:00'), 'origin': 'คลังวัถุดิบ2', 'location_dest_id': 'RM02/Stock', 'default_code': 410060004, 'product_uom_qty': 100, 'price_unit': 100, 'sequence': 54, 'scheduled_date_orig': Timestamp('2025-11-18 00:00:00'), 'product_id': 410060004}
2025-11-18 16:38:30,825 - INFO - Using cached product ID for code: '410060004'
2025-11-18 16:38:30,825 - INFO - Prepared product 410060004 with quantity 100.0 for batch creation
2025-11-18 16:38:30,825 - INFO - Move locations - Source: 4, Dest: 116
2025-11-18 16:38:30,826 - INFO - Processing Excel row 55: {'partner_id': 'MOGEN_OB', 'scheduled_date': Timestamp('2025-11-18 00:00:00'), 'picking_type_id': 'OB FIFO', 'date_done': Timestamp('2025-11-18 00:00:00'), 'origin': 'คลังวัถุดิบ2', 'location_dest_id': 'RM02/Stock', 'default_code': 409250051, 'product_uom_qty': 100, 'price_unit': 100, 'sequence': 55, 'scheduled_date_orig': Timestamp('2025-11-18 00:00:00'), 'product_id': 409250051}
2025-11-18 16:38:30,826 - INFO - Using cached product ID for code: '409250051'
2025-11-18 16:38:30,826 - INFO - Prepared product 409250051 with quantity 100.0 for batch creation
2025-11-18 16:38:30,826 - INFO - Move locations - Source: 4, Dest: 116
2025-11-18 16:38:30,826 - INFO - Processing Excel row 56: {'partner_id': 'MOGEN_OB', 'scheduled_date': Timestamp('2025-11-18 00:00:00'), 'picking_type_id': 'OB FIFO', 'date_done': Timestamp('2025-11-18 00:00:00'), 'origin': 'คลังวัถุดิบ2', 'location_dest_id': 'RM02/Stock', 'default_code': 409250055, 'product_uom_qty': 100, 'price_unit': 100, 'sequence': 56, 'scheduled_date_orig': Timestamp('2025-11-18 00:00:00'), 'product_id': 409250055}
2025-11-18 16:38:30,826 - INFO - Using cached product ID for code: '409250055'
2025-11-18 16:38:30,826 - INFO - Prepared product 409250055 with quantity 100.0 for batch creation
2025-11-18 16:38:30,826 - INFO - Move locations - Source: 4, Dest: 116
2025-11-18 16:38:30,827 - INFO - Processing Excel row 57: {'partner_id': 'MOGEN_OB', 'scheduled_date': Timestamp('2025-11-18 00:00:00'), 'picking_type_id': 'OB FIFO', 'date_done': Timestamp('2025-11-18 00:00:00'), 'origin': 'คลังวัถุดิบ2', 'location_dest_id': 'RM02/Stock', 'default_code': 409250050, 'product_uom_qty': 100, 'price_unit': 100, 'sequence': 57, 'scheduled_date_orig': Timestamp('2025-11-18 00:00:00'), 'product_id': 409250050}
2025-11-18 16:38:30,827 - INFO - Using cached product ID for code: '409250050'
2025-11-18 16:38:30,827 - INFO - Prepared product 409250050 with quantity 100.0 for batch creation
2025-11-18 16:38:30,827 - INFO - Move locations - Source: 4, Dest: 116
2025-11-18 16:38:30,827 - INFO - Processing Excel row 58: {'partner_id': 'MOGEN_OB', 'scheduled_date': Timestamp('2025-11-18 00:00:00'), 'picking_type_id': 'OB FIFO', 'date_done': Timestamp('2025-11-18 00:00:00'), 'origin': 'คลังวัถุดิบ2', 'location_dest_id': 'RM02/Stock', 'default_code': 409170019, 'product_uom_qty': 100, 'price_unit': 100, 'sequence': 58, 'scheduled_date_orig': Timestamp('2025-11-18 00:00:00'), 'product_id': 409170019}
2025-11-18 16:38:30,827 - INFO - Using cached product ID for code: '409170019'
2025-11-18 16:38:30,827 - INFO - Prepared product 409170019 with quantity 100.0 for batch creation
2025-11-18 16:38:30,827 - INFO - Move locations - Source: 4, Dest: 116
2025-11-18 16:38:30,827 - INFO - Processing Excel row 59: {'partner_id': 'MOGEN_OB', 'scheduled_date': Timestamp('2025-11-18 00:00:00'), 'picking_type_id': 'OB FIFO', 'date_done': Timestamp('2025-11-18 00:00:00'), 'origin': 'คลังวัถุดิบ2', 'location_dest_id': 'RM02/Stock', 'default_code': 409250054, 'product_uom_qty': 100, 'price_unit': 100, 'sequence': 59, 'scheduled_date_orig': Timestamp('2025-11-18 00:00:00'), 'product_id': 409250054}
2025-11-18 16:38:30,828 - INFO - Searching for product with code: '409250054' and old code: '409250054'
2025-11-18 16:38:30,885 - INFO - Found product with exact match on default_code: '409250054'
2025-11-18 16:38:30,949 - INFO - Prepared product 409250054 with quantity 100.0 for batch creation
2025-11-18 16:38:30,949 - INFO - Move locations - Source: 4, Dest: 116
2025-11-18 16:38:30,949 - INFO - Processing Excel row 60: {'partner_id': 'MOGEN_OB', 'scheduled_date': Timestamp('2025-11-18 00:00:00'), 'picking_type_id': 'OB FIFO', 'date_done': Timestamp('2025-11-18 00:00:00'), 'origin': 'คลังวัถุดิบ2', 'location_dest_id': 'RM02/Stock', 'default_code': 304010030, 'product_uom_qty': 100, 'price_unit': 100, 'sequence': 60, 'scheduled_date_orig': Timestamp('2025-11-18 00:00:00'), 'product_id': 304010030}
2025-11-18 16:38:30,949 - INFO - Searching for product with code: '304010030' and old code: '304010030'
2025-11-18 16:38:31,005 - INFO - Found product with exact match on default_code: '304010030'
2025-11-18 16:38:31,067 - INFO - Prepared product 304010030 with quantity 100.0 for batch creation
2025-11-18 16:38:31,067 - INFO - Move locations - Source: 4, Dest: 116
2025-11-18 16:38:31,068 - INFO - Processing Excel row 61: {'partner_id': 'MOGEN_OB', 'scheduled_date': Timestamp('2025-11-18 00:00:00'), 'picking_type_id': 'OB FIFO', 'date_done': Timestamp('2025-11-18 00:00:00'), 'origin': 'คลังวัถุดิบ2', 'location_dest_id': 'RM02/Stock', 'default_code': 406010104, 'product_uom_qty': 100, 'price_unit': 100, 'sequence': 61, 'scheduled_date_orig': Timestamp('2025-11-18 00:00:00'), 'product_id': 406010104}
2025-11-18 16:38:31,068 - INFO - Searching for product with code: '406010104' and old code: '406010104'
2025-11-18 16:38:31,118 - INFO - Found product with exact match on default_code: '406010104'
2025-11-18 16:38:31,171 - INFO - Prepared product 406010104 with quantity 100.0 for batch creation
2025-11-18 16:38:31,171 - INFO - Move locations - Source: 4, Dest: 116
2025-11-18 16:38:31,172 - INFO - Processing Excel row 62: {'partner_id': 'MOGEN_OB', 'scheduled_date': Timestamp('2025-11-18 00:00:00'), 'picking_type_id': 'OB FIFO', 'date_done': Timestamp('2025-11-18 00:00:00'), 'origin': 'คลังวัถุดิบ2', 'location_dest_id': 'RM02/Stock', 'default_code': 406010107, 'product_uom_qty': 100, 'price_unit': 100, 'sequence': 62, 'scheduled_date_orig': Timestamp('2025-11-18 00:00:00'), 'product_id': 406010107}
2025-11-18 16:38:31,172 - INFO - Searching for product with code: '406010107' and old code: '406010107'
2025-11-18 16:38:31,220 - INFO - Found product with exact match on default_code: '406010107'
2025-11-18 16:38:31,275 - INFO - Prepared product 406010107 with quantity 100.0 for batch creation
2025-11-18 16:38:31,275 - INFO - Move locations - Source: 4, Dest: 116
2025-11-18 16:38:31,276 - INFO - Processing Excel row 63: {'partner_id': 'MOGEN_OB', 'scheduled_date': Timestamp('2025-11-18 00:00:00'), 'picking_type_id': 'OB FIFO', 'date_done': Timestamp('2025-11-18 00:00:00'), 'origin': 'คลังวัถุดิบ2', 'location_dest_id': 'RM02/Stock', 'default_code': 413010293, 'product_uom_qty': 100, 'price_unit': 100, 'sequence': 63, 'scheduled_date_orig': Timestamp('2025-11-18 00:00:00'), 'product_id': 413010293}
2025-11-18 16:38:31,276 - INFO - Searching for product with code: '413010293' and old code: '413010293'
2025-11-18 16:38:31,344 - INFO - Found product with exact match on default_code: '413010293'
2025-11-18 16:38:31,404 - INFO - Prepared product 413010293 with quantity 100.0 for batch creation
2025-11-18 16:38:31,404 - INFO - Move locations - Source: 4, Dest: 116
2025-11-18 16:38:31,404 - INFO - Processing Excel row 64: {'partner_id': 'MOGEN_OB', 'scheduled_date': Timestamp('2025-11-18 00:00:00'), 'picking_type_id': 'OB FIFO', 'date_done': Timestamp('2025-11-18 00:00:00'), 'origin': 'คลังวัถุดิบ2', 'location_dest_id': 'RM02/Stock', 'default_code': 409040001, 'product_uom_qty': 100, 'price_unit': 100, 'sequence': 64, 'scheduled_date_orig': Timestamp('2025-11-18 00:00:00'), 'product_id': 409040001}
2025-11-18 16:38:31,404 - INFO - Using cached product ID for code: '409040001'
2025-11-18 16:38:31,405 - INFO - Prepared product 409040001 with quantity 100.0 for batch creation
2025-11-18 16:38:31,405 - INFO - Move locations - Source: 4, Dest: 116
2025-11-18 16:38:31,405 - INFO - Processing Excel row 65: {'partner_id': 'MOGEN_OB', 'scheduled_date': Timestamp('2025-11-18 00:00:00'), 'picking_type_id': 'OB FIFO', 'date_done': Timestamp('2025-11-18 00:00:00'), 'origin': 'คลังวัถุดิบ2', 'location_dest_id': 'RM02/Stock', 'default_code': 409150003, 'product_uom_qty': 100, 'price_unit': 100, 'sequence': 65, 'scheduled_date_orig': Timestamp('2025-11-18 00:00:00'), 'product_id': 409150003}
2025-11-18 16:38:31,405 - INFO - Using cached product ID for code: '409150003'
2025-11-18 16:38:31,405 - INFO - Prepared product 409150003 with quantity 100.0 for batch creation
2025-11-18 16:38:31,405 - INFO - Move locations - Source: 4, Dest: 116
2025-11-18 16:38:31,405 - INFO - Processing Excel row 66: {'partner_id': 'MOGEN_OB', 'scheduled_date': Timestamp('2025-11-18 00:00:00'), 'picking_type_id': 'OB FIFO', 'date_done': Timestamp('2025-11-18 00:00:00'), 'origin': 'คลังวัถุดิบ2', 'location_dest_id': 'RM02/Stock', 'default_code': 409030003, 'product_uom_qty': 100, 'price_unit': 100, 'sequence': 66, 'scheduled_date_orig': Timestamp('2025-11-18 00:00:00'), 'product_id': 409030003}
2025-11-18 16:38:31,406 - INFO - Using cached product ID for code: '409030003'
2025-11-18 16:38:31,406 - INFO - Prepared product 409030003 with quantity 100.0 for batch creation
2025-11-18 16:38:31,406 - INFO - Move locations - Source: 4, Dest: 116
2025-11-18 16:38:31,406 - INFO - Processing Excel row 67: {'partner_id': 'MOGEN_OB', 'scheduled_date': Timestamp('2025-11-18 00:00:00'), 'picking_type_id': 'OB FIFO', 'date_done': Timestamp('2025-11-18 00:00:00'), 'origin': 'คลังวัถุดิบ2', 'location_dest_id': 'RM02/Stock', 'default_code': 409050001, 'product_uom_qty': 100, 'price_unit': 100, 'sequence': 67, 'scheduled_date_orig': Timestamp('2025-11-18 00:00:00'), 'product_id': 409050001}
2025-11-18 16:38:31,406 - INFO - Using cached product ID for code: '409050001'
2025-11-18 16:38:31,406 - INFO - Prepared product 409050001 with quantity 100.0 for batch creation
2025-11-18 16:38:31,406 - INFO - Move locations - Source: 4, Dest: 116
2025-11-18 16:38:31,406 - INFO - Processing Excel row 68: {'partner_id': 'MOGEN_OB', 'scheduled_date': Timestamp('2025-11-18 00:00:00'), 'picking_type_id': 'OB FIFO', 'date_done': Timestamp('2025-11-18 00:00:00'), 'origin': 'คลังวัถุดิบ2', 'location_dest_id': 'RM02/Stock', 'default_code': 409180009, 'product_uom_qty': 100, 'price_unit': 100, 'sequence': 68, 'scheduled_date_orig': Timestamp('2025-11-18 00:00:00'), 'product_id': 409180009}
2025-11-18 16:38:31,406 - INFO - Searching for product with code: '409180009' and old code: '409180009'
2025-11-18 16:38:31,467 - INFO - Found product with exact match on default_code: '409180009'
2025-11-18 16:38:31,518 - INFO - Prepared product 409180009 with quantity 100.0 for batch creation
2025-11-18 16:38:31,519 - INFO - Move locations - Source: 4, Dest: 116
2025-11-18 16:38:31,519 - INFO - Processing Excel row 69: {'partner_id': 'MOGEN_OB', 'scheduled_date': Timestamp('2025-11-18 00:00:00'), 'picking_type_id': 'OB FIFO', 'date_done': Timestamp('2025-11-18 00:00:00'), 'origin': 'คลังวัถุดิบ2', 'location_dest_id': 'RM02/Stock', 'default_code': 409110001, 'product_uom_qty': 100, 'price_unit': 100, 'sequence': 69, 'scheduled_date_orig': Timestamp('2025-11-18 00:00:00'), 'product_id': 409110001}
2025-11-18 16:38:31,519 - INFO - Using cached product ID for code: '409110001'
2025-11-18 16:38:31,519 - INFO - Prepared product 409110001 with quantity 100.0 for batch creation
2025-11-18 16:38:31,519 - INFO - Move locations - Source: 4, Dest: 116
2025-11-18 16:38:31,520 - INFO - Processing Excel row 70: {'partner_id': 'MOGEN_OB', 'scheduled_date': Timestamp('2025-11-18 00:00:00'), 'picking_type_id': 'OB FIFO', 'date_done': Timestamp('2025-11-18 00:00:00'), 'origin': 'คลังวัถุดิบ2', 'location_dest_id': 'RM02/Stock', 'default_code': 409090004, 'product_uom_qty': 100, 'price_unit': 100, 'sequence': 70, 'scheduled_date_orig': Timestamp('2025-11-18 00:00:00'), 'product_id': 409090004}
2025-11-18 16:38:31,520 - INFO - Using cached product ID for code: '409090004'
2025-11-18 16:38:31,520 - INFO - Prepared product 409090004 with quantity 100.0 for batch creation
2025-11-18 16:38:31,520 - INFO - Move locations - Source: 4, Dest: 116
2025-11-18 16:38:31,520 - INFO - Processing Excel row 71: {'partner_id': 'MOGEN_OB', 'scheduled_date': Timestamp('2025-11-18 00:00:00'), 'picking_type_id': 'OB FIFO', 'date_done': Timestamp('2025-11-18 00:00:00'), 'origin': 'คลังวัถุดิบ2', 'location_dest_id': 'RM02/Stock', 'default_code': 409190001, 'product_uom_qty': 100, 'price_unit': 100, 'sequence': 71, 'scheduled_date_orig': Timestamp('2025-11-18 00:00:00'), 'product_id': 409190001}
2025-11-18 16:38:31,520 - INFO - Searching for product with code: '409190001' and old code: '409190001'
2025-11-18 16:38:31,569 - INFO - Found product with exact match on default_code: '409190001'
2025-11-18 16:38:31,619 - INFO - Prepared product 409190001 with quantity 100.0 for batch creation
2025-11-18 16:38:31,619 - INFO - Move locations - Source: 4, Dest: 116
2025-11-18 16:38:31,620 - INFO - Processing Excel row 72: {'partner_id': 'MOGEN_OB', 'scheduled_date': Timestamp('2025-11-18 00:00:00'), 'picking_type_id': 'OB FIFO', 'date_done': Timestamp('2025-11-18 00:00:00'), 'origin': 'คลังวัถุดิบ2', 'location_dest_id': 'RM02/Stock', 'default_code': 'SP0029810001', 'product_uom_qty': 100, 'price_unit': 100, 'sequence': 72, 'scheduled_date_orig': Timestamp('2025-11-18 00:00:00'), 'product_id': 'SP0029810001'}
2025-11-18 16:38:31,620 - INFO - Searching for product with code: 'SP0029810001' and old code: 'SP0029810001'
2025-11-18 16:38:31,672 - INFO - Found product with exact match on default_code: 'SP0029810001'
2025-11-18 16:38:31,723 - INFO - Prepared product SP0029810001 with quantity 100.0 for batch creation
2025-11-18 16:38:31,723 - INFO - Move locations - Source: 4, Dest: 116
2025-11-18 16:38:31,723 - INFO - Processing Excel row 73: {'partner_id': 'MOGEN_OB', 'scheduled_date': Timestamp('2025-11-18 00:00:00'), 'picking_type_id': 'OB FIFO', 'date_done': Timestamp('2025-11-18 00:00:00'), 'origin': 'คลังวัถุดิบ2', 'location_dest_id': 'RM02/Stock', 'default_code': 409230007, 'product_uom_qty': 100, 'price_unit': 100, 'sequence': 73, 'scheduled_date_orig': Timestamp('2025-11-18 00:00:00'), 'product_id': 409230007}
2025-11-18 16:38:31,723 - INFO - Using cached product ID for code: '409230007'
2025-11-18 16:38:31,723 - INFO - Prepared product 409230007 with quantity 100.0 for batch creation
2025-11-18 16:38:31,723 - INFO - Move locations - Source: 4, Dest: 116
2025-11-18 16:38:31,724 - INFO - Processing Excel row 74: {'partner_id': 'MOGEN_OB', 'scheduled_date': Timestamp('2025-11-18 00:00:00'), 'picking_type_id': 'OB FIFO', 'date_done': Timestamp('2025-11-18 00:00:00'), 'origin': 'คลังวัถุดิบ2', 'location_dest_id': 'RM02/Stock', 'default_code': 409060002, 'product_uom_qty': 100, 'price_unit': 100, 'sequence': 74, 'scheduled_date_orig': Timestamp('2025-11-18 00:00:00'), 'product_id': 409060002}
2025-11-18 16:38:31,724 - INFO - Using cached product ID for code: '409060002'
2025-11-18 16:38:31,724 - INFO - Prepared product 409060002 with quantity 100.0 for batch creation
2025-11-18 16:38:31,724 - INFO - Move locations - Source: 4, Dest: 116
2025-11-18 16:38:31,724 - INFO - Processing Excel row 75: {'partner_id': 'MOGEN_OB', 'scheduled_date': Timestamp('2025-11-18 00:00:00'), 'picking_type_id': 'OB FIFO', 'date_done': Timestamp('2025-11-18 00:00:00'), 'origin': 'คลังวัถุดิบ2', 'location_dest_id': 'RM02/Stock', 'default_code': 409170019, 'product_uom_qty': 100, 'price_unit': 100, 'sequence': 75, 'scheduled_date_orig': Timestamp('2025-11-18 00:00:00'), 'product_id': 409170019}
2025-11-18 16:38:31,724 - INFO - Using cached product ID for code: '409170019'
2025-11-18 16:38:31,724 - INFO - Prepared product 409170019 with quantity 100.0 for batch creation
2025-11-18 16:38:31,724 - INFO - Move locations - Source: 4, Dest: 116
2025-11-18 16:38:31,725 - INFO - Processing Excel row 76: {'partner_id': 'MOGEN_OB', 'scheduled_date': Timestamp('2025-11-18 00:00:00'), 'picking_type_id': 'OB FIFO', 'date_done': Timestamp('2025-11-18 00:00:00'), 'origin': 'คลังวัถุดิบ2', 'location_dest_id': 'RM02/Stock', 'default_code': 409090004, 'product_uom_qty': 100, 'price_unit': 100, 'sequence': 76, 'scheduled_date_orig': Timestamp('2025-11-18 00:00:00'), 'product_id': 409090004}
2025-11-18 16:38:31,725 - INFO - Using cached product ID for code: '409090004'
2025-11-18 16:38:31,725 - INFO - Prepared product 409090004 with quantity 100.0 for batch creation
2025-11-18 16:38:31,725 - INFO - Move locations - Source: 4, Dest: 116
2025-11-18 16:38:31,725 - INFO - Processing Excel row 77: {'partner_id': 'MOGEN_OB', 'scheduled_date': Timestamp('2025-11-18 00:00:00'), 'picking_type_id': 'OB FIFO', 'date_done': Timestamp('2025-11-18 00:00:00'), 'origin': 'คลังวัถุดิบ2', 'location_dest_id': 'RM02/Stock', 'default_code': 409190001, 'product_uom_qty': 100, 'price_unit': 100, 'sequence': 77, 'scheduled_date_orig': Timestamp('2025-11-18 00:00:00'), 'product_id': 409190001}
2025-11-18 16:38:31,725 - INFO - Using cached product ID for code: '409190001'
2025-11-18 16:38:31,725 - INFO - Prepared product 409190001 with quantity 100.0 for batch creation
2025-11-18 16:38:31,725 - INFO - Move locations - Source: 4, Dest: 116
2025-11-18 16:38:31,725 - INFO - Processing Excel row 78: {'partner_id': 'MOGEN_OB', 'scheduled_date': Timestamp('2025-11-18 00:00:00'), 'picking_type_id': 'OB FIFO', 'date_done': Timestamp('2025-11-18 00:00:00'), 'origin': 'คลังวัถุดิบ2', 'location_dest_id': 'RM02/Stock', 'default_code': 'SP0029810001', 'product_uom_qty': 100, 'price_unit': 100, 'sequence': 78, 'scheduled_date_orig': Timestamp('2025-11-18 00:00:00'), 'product_id': 'SP0029810001'}
2025-11-18 16:38:31,725 - INFO - Using cached product ID for code: 'SP0029810001'
2025-11-18 16:38:31,726 - INFO - Prepared product SP0029810001 with quantity 100.0 for batch creation
2025-11-18 16:38:31,726 - INFO - Move locations - Source: 4, Dest: 116
2025-11-18 16:38:31,726 - INFO - Processing Excel row 79: {'partner_id': 'MOGEN_OB', 'scheduled_date': Timestamp('2025-11-18 00:00:00'), 'picking_type_id': 'OB FIFO', 'date_done': Timestamp('2025-11-18 00:00:00'), 'origin': 'คลังวัถุดิบ2', 'location_dest_id': 'RM02/Stock', 'default_code': 409230007, 'product_uom_qty': 100, 'price_unit': 100, 'sequence': 79, 'scheduled_date_orig': Timestamp('2025-11-18 00:00:00'), 'product_id': 409230007}
2025-11-18 16:38:31,726 - INFO - Using cached product ID for code: '409230007'
2025-11-18 16:38:31,726 - INFO - Prepared product 409230007 with quantity 100.0 for batch creation
2025-11-18 16:38:31,726 - INFO - Move locations - Source: 4, Dest: 116
2025-11-18 16:38:31,726 - INFO - Processing Excel row 80: {'partner_id': 'MOGEN_OB', 'scheduled_date': Timestamp('2025-11-18 00:00:00'), 'picking_type_id': 'OB FIFO', 'date_done': Timestamp('2025-11-18 00:00:00'), 'origin': 'คลังวัถุดิบ2', 'location_dest_id': 'RM02/Stock', 'default_code': 409060002, 'product_uom_qty': 100, 'price_unit': 100, 'sequence': 80, 'scheduled_date_orig': Timestamp('2025-11-18 00:00:00'), 'product_id': 409060002}
2025-11-18 16:38:31,727 - INFO - Using cached product ID for code: '409060002'
2025-11-18 16:38:31,727 - INFO - Prepared product 409060002 with quantity 100.0 for batch creation
2025-11-18 16:38:31,727 - INFO - Move locations - Source: 4, Dest: 116
2025-11-18 16:38:31,727 - INFO - Processing Excel row 81: {'partner_id': 'MOGEN_OB', 'scheduled_date': Timestamp('2025-11-18 00:00:00'), 'picking_type_id': 'OB FIFO', 'date_done': Timestamp('2025-11-18 00:00:00'), 'origin': 'คลังวัถุดิบ2', 'location_dest_id': 'RM02/Stock', 'default_code': 409170019, 'product_uom_qty': 100, 'price_unit': 100, 'sequence': 81, 'scheduled_date_orig': Timestamp('2025-11-18 00:00:00'), 'product_id': 409170019}
2025-11-18 16:38:31,727 - INFO - Using cached product ID for code: '409170019'
2025-11-18 16:38:31,727 - INFO - Prepared product 409170019 with quantity 100.0 for batch creation
2025-11-18 16:38:31,727 - INFO - Move locations - Source: 4, Dest: 116
2025-11-18 16:38:31,728 - INFO - Processing Excel row 82: {'partner_id': 'MOGEN_OB', 'scheduled_date': Timestamp('2025-11-18 00:00:00'), 'picking_type_id': 'OB FIFO', 'date_done': Timestamp('2025-11-18 00:00:00'), 'origin': 'คลังวัถุดิบ2', 'location_dest_id': 'RM02/Stock', 'default_code': 409250054, 'product_uom_qty': 100, 'price_unit': 100, 'sequence': 82, 'scheduled_date_orig': Timestamp('2025-11-18 00:00:00'), 'product_id': 409250054}
2025-11-18 16:38:31,728 - INFO - Using cached product ID for code: '409250054'
2025-11-18 16:38:31,728 - INFO - Prepared product 409250054 with quantity 100.0 for batch creation
2025-11-18 16:38:31,728 - INFO - Move locations - Source: 4, Dest: 116
2025-11-18 16:38:31,728 - INFO - Processing Excel row 83: {'partner_id': 'MOGEN_OB', 'scheduled_date': Timestamp('2025-11-18 00:00:00'), 'picking_type_id': 'OB FIFO', 'date_done': Timestamp('2025-11-18 00:00:00'), 'origin': 'คลังวัถุดิบ2', 'location_dest_id': 'RM02/Stock', 'default_code': 304010030, 'product_uom_qty': 100, 'price_unit': 100, 'sequence': 83, 'scheduled_date_orig': Timestamp('2025-11-18 00:00:00'), 'product_id': 304010030}
2025-11-18 16:38:31,728 - INFO - Using cached product ID for code: '304010030'
2025-11-18 16:38:31,728 - INFO - Prepared product 304010030 with quantity 100.0 for batch creation
2025-11-18 16:38:31,729 - INFO - Move locations - Source: 4, Dest: 116
2025-11-18 16:38:31,729 - INFO - Processing Excel row 84: {'partner_id': 'MOGEN_OB', 'scheduled_date': Timestamp('2025-11-18 00:00:00'), 'picking_type_id': 'OB FIFO', 'date_done': Timestamp('2025-11-18 00:00:00'), 'origin': 'คลังวัถุดิบ2', 'location_dest_id': 'RM02/Stock', 'default_code': 406010104, 'product_uom_qty': 100, 'price_unit': 100, 'sequence': 84, 'scheduled_date_orig': Timestamp('2025-11-18 00:00:00'), 'product_id': 406010104}
2025-11-18 16:38:31,729 - INFO - Using cached product ID for code: '406010104'
2025-11-18 16:38:31,729 - INFO - Prepared product 406010104 with quantity 100.0 for batch creation
2025-11-18 16:38:31,729 - INFO - Move locations - Source: 4, Dest: 116
2025-11-18 16:38:31,729 - INFO - Processing Excel row 85: {'partner_id': 'MOGEN_OB', 'scheduled_date': Timestamp('2025-11-18 00:00:00'), 'picking_type_id': 'OB FIFO', 'date_done': Timestamp('2025-11-18 00:00:00'), 'origin': 'คลังวัถุดิบ2', 'location_dest_id': 'RM02/Stock', 'default_code': 406010107, 'product_uom_qty': 100, 'price_unit': 100, 'sequence': 85, 'scheduled_date_orig': Timestamp('2025-11-18 00:00:00'), 'product_id': 406010107}
2025-11-18 16:38:31,729 - INFO - Using cached product ID for code: '406010107'
2025-11-18 16:38:31,729 - INFO - Prepared product 406010107 with quantity 100.0 for batch creation
2025-11-18 16:38:31,730 - INFO - Move locations - Source: 4, Dest: 116
2025-11-18 16:38:31,730 - INFO - Processing Excel row 86: {'partner_id': 'MOGEN_OB', 'scheduled_date': Timestamp('2025-11-18 00:00:00'), 'picking_type_id': 'OB FIFO', 'date_done': Timestamp('2025-11-18 00:00:00'), 'origin': 'คลังวัถุดิบ2', 'location_dest_id': 'RM02/Stock', 'default_code': 413010293, 'product_uom_qty': 100, 'price_unit': 100, 'sequence': 86, 'scheduled_date_orig': Timestamp('2025-11-18 00:00:00'), 'product_id': 413010293}
2025-11-18 16:38:31,730 - INFO - Using cached product ID for code: '413010293'
2025-11-18 16:38:31,730 - INFO - Prepared product 413010293 with quantity 100.0 for batch creation
2025-11-18 16:38:31,730 - INFO - Move locations - Source: 4, Dest: 116
2025-11-18 16:38:31,730 - INFO - Processing Excel row 87: {'partner_id': 'MOGEN_OB', 'scheduled_date': Timestamp('2025-11-18 00:00:00'), 'picking_type_id': 'OB FIFO', 'date_done': Timestamp('2025-11-18 00:00:00'), 'origin': 'คลังวัถุดิบ2', 'location_dest_id': 'RM02/Stock', 'default_code': 409040001, 'product_uom_qty': 100, 'price_unit': 100, 'sequence': 87, 'scheduled_date_orig': Timestamp('2025-11-18 00:00:00'), 'product_id': 409040001}
2025-11-18 16:38:31,730 - INFO - Using cached product ID for code: '409040001'
2025-11-18 16:38:31,730 - INFO - Prepared product 409040001 with quantity 100.0 for batch creation
2025-11-18 16:38:31,730 - INFO - Move locations - Source: 4, Dest: 116
2025-11-18 16:38:31,731 - INFO - Processing Excel row 88: {'partner_id': 'MOGEN_OB', 'scheduled_date': Timestamp('2025-11-18 00:00:00'), 'picking_type_id': 'OB FIFO', 'date_done': Timestamp('2025-11-18 00:00:00'), 'origin': 'คลังวัถุดิบ2', 'location_dest_id': 'RM02/Stock', 'default_code': 409150003, 'product_uom_qty': 100, 'price_unit': 100, 'sequence': 88, 'scheduled_date_orig': Timestamp('2025-11-18 00:00:00'), 'product_id': 409150003}
2025-11-18 16:38:31,731 - INFO - Using cached product ID for code: '409150003'
2025-11-18 16:38:31,731 - INFO - Prepared product 409150003 with quantity 100.0 for batch creation
2025-11-18 16:38:31,731 - INFO - Move locations - Source: 4, Dest: 116
2025-11-18 16:38:31,731 - INFO - Processing Excel row 89: {'partner_id': 'MOGEN_OB', 'scheduled_date': Timestamp('2025-11-18 00:00:00'), 'picking_type_id': 'OB FIFO', 'date_done': Timestamp('2025-11-18 00:00:00'), 'origin': 'คลังวัถุดิบ2', 'location_dest_id': 'RM02/Stock', 'default_code': 409030003, 'product_uom_qty': 100, 'price_unit': 100, 'sequence': 89, 'scheduled_date_orig': Timestamp('2025-11-18 00:00:00'), 'product_id': 409030003}
2025-11-18 16:38:31,731 - INFO - Using cached product ID for code: '409030003'
2025-11-18 16:38:31,731 - INFO - Prepared product 409030003 with quantity 100.0 for batch creation
2025-11-18 16:38:31,731 - INFO - Move locations - Source: 4, Dest: 116
2025-11-18 16:38:31,732 - INFO - Processing Excel row 90: {'partner_id': 'MOGEN_OB', 'scheduled_date': Timestamp('2025-11-18 00:00:00'), 'picking_type_id': 'OB FIFO', 'date_done': Timestamp('2025-11-18 00:00:00'), 'origin': 'คลังวัถุดิบ2', 'location_dest_id': 'RM02/Stock', 'default_code': 409050001, 'product_uom_qty': 100, 'price_unit': 100, 'sequence': 90, 'scheduled_date_orig': Timestamp('2025-11-18 00:00:00'), 'product_id': 409050001}
2025-11-18 16:38:31,732 - INFO - Using cached product ID for code: '409050001'
2025-11-18 16:38:31,732 - INFO - Prepared product 409050001 with quantity 100.0 for batch creation
2025-11-18 16:38:31,732 - INFO - Move locations - Source: 4, Dest: 116
2025-11-18 16:38:31,732 - INFO - Processing Excel row 91: {'partner_id': 'MOGEN_OB', 'scheduled_date': Timestamp('2025-11-18 00:00:00'), 'picking_type_id': 'OB FIFO', 'date_done': Timestamp('2025-11-18 00:00:00'), 'origin': 'คลังวัถุดิบ2', 'location_dest_id': 'RM02/Stock', 'default_code': 409180009, 'product_uom_qty': 100, 'price_unit': 100, 'sequence': 91, 'scheduled_date_orig': Timestamp('2025-11-18 00:00:00'), 'product_id': 409180009}
2025-11-18 16:38:31,732 - INFO - Using cached product ID for code: '409180009'
2025-11-18 16:38:31,732 - INFO - Prepared product 409180009 with quantity 100.0 for batch creation
2025-11-18 16:38:31,732 - INFO - Move locations - Source: 4, Dest: 116
2025-11-18 16:38:31,733 - INFO - Processing Excel row 92: {'partner_id': 'MOGEN_OB', 'scheduled_date': Timestamp('2025-11-18 00:00:00'), 'picking_type_id': 'OB FIFO', 'date_done': Timestamp('2025-11-18 00:00:00'), 'origin': 'คลังวัถุดิบ2', 'location_dest_id': 'RM02/Stock', 'default_code': 409110001, 'product_uom_qty': 100, 'price_unit': 100, 'sequence': 92, 'scheduled_date_orig': Timestamp('2025-11-18 00:00:00'), 'product_id': 409110001}
2025-11-18 16:38:31,733 - INFO - Using cached product ID for code: '409110001'
2025-11-18 16:38:31,733 - INFO - Prepared product 409110001 with quantity 100.0 for batch creation
2025-11-18 16:38:31,733 - INFO - Move locations - Source: 4, Dest: 116
2025-11-18 16:38:32,064 - INFO - Created 92 moves in batch for picking 65
2025-11-18 16:38:32,184 - INFO - Re-updated dates before confirming picking 65: 2025-11-18 00:00:00
2025-11-18 16:38:33,535 - INFO - Confirmed transfer 65 with forced date context
2025-11-18 16:38:33,536 - INFO - Import completed: 1 success, 0 failed.
