2025-11-18 16:33:51,934 - INFO - Successfully connected to Odoo as user ID: 2
2025-11-18 16:33:51,976 - INFO - Odoo version: 17.0.1.3
2025-11-18 16:33:52,081 - INFO - Available date fields in stock.picking: ['activity_date_deadline', 'my_activity_date_deadline', 'scheduled_date', 'date_deadline', 'date', 'date_done', 'delay_alert_date', 'create_date', 'write_date', 'date_notice', 'date_confirmed', 'date_start', 'operation_date']
2025-11-18 16:33:52,512 - INFO - Successfully read Excel file with 92 rows
2025-11-18 16:33:52,512 - INFO - Excel columns: ['partner_id', 'scheduled_date', 'picking_type_id', 'date_done', 'origin', 'location_dest_id', 'default_code', 'product_uom_qty', 'price_unit', 'sequence']
2025-11-18 16:33:52,515 - INFO - Processed sequence column
2025-11-18 16:33:52,519 - INFO - scheduled_date dtype: datetime64[ns]
2025-11-18 16:33:52,519 - INFO - scheduled_date sample: 2025-11-18 00:00:00
2025-11-18 16:33:52,523 - INFO - Converted scheduled_date to string format. Sample: 2025-11-18 00:00:00
2025-11-18 16:33:52,524 - INFO - Fixed picking type name from 'My Company: OB FIFO' and 'คลังวัตถุดิบ 2: OB FIFO' to 'OB FIFO'
2025-11-18 16:33:52,524 - INFO - Using 'default_code' column as 'product_id'
2025-11-18 16:33:52,525 - INFO - Using 'origin' column to identify transfer groups
2025-11-18 16:33:52,529 - INFO - Excel file validation and data filling completed successfully
2025-11-18 16:33:52,654 - INFO - Searching for location: 'RM02/Stock'
2025-11-18 16:33:52,815 - INFO - Found location with complete_name match: 'RM02/Stock' for 'RM02/Stock'
2025-11-18 16:33:52,899 - INFO - Found partner ID 2160 for 'MOGEN_OB'
2025-11-18 16:33:53,019 - INFO - Created transfer for date 2025-11-18 00:00:00 sequence 1 with picking ID 63
2025-11-18 16:33:53,023 - INFO - Processing Excel row 1: {'partner_id': 'MOGEN_OB', 'scheduled_date': Timestamp('2025-11-18 00:00:00'), 'picking_type_id': 'OB FIFO', 'date_done': Timestamp('2025-11-18 00:00:00'), 'origin': 'คลังวัถุดิบ2', 'location_dest_id': 'RM02/Stock', 'default_code': 303020015, 'product_uom_qty': 100, 'price_unit': 100, 'sequence': 1, 'scheduled_date_orig': Timestamp('2025-11-18 00:00:00'), 'product_id': 303020015}
2025-11-18 16:33:53,024 - INFO - Searching for product with code: '303020015' and old code: '303020015'
2025-11-18 16:33:53,086 - INFO - Found product with exact match on default_code: '303020015'
2025-11-18 16:33:53,388 - INFO - Added product 303020015 with quantity 100.0 to picking 63
2025-11-18 16:33:53,388 - INFO - Move locations - Source: 4, Dest: 116
2025-11-18 16:33:53,388 - INFO - Processing Excel row 2: {'partner_id': 'MOGEN_OB', 'scheduled_date': Timestamp('2025-11-18 00:00:00'), 'picking_type_id': 'OB FIFO', 'date_done': Timestamp('2025-11-18 00:00:00'), 'origin': 'คลังวัถุดิบ2', 'location_dest_id': 'RM02/Stock', 'default_code': 406010066, 'product_uom_qty': 100, 'price_unit': 100, 'sequence': 2, 'scheduled_date_orig': Timestamp('2025-11-18 00:00:00'), 'product_id': 406010066}
2025-11-18 16:33:53,389 - INFO - Searching for product with code: '406010066' and old code: '406010066'
2025-11-18 16:33:53,485 - INFO - Found product with exact match on default_code: '406010066'
2025-11-18 16:33:53,682 - INFO - Added product 406010066 with quantity 100.0 to picking 63
2025-11-18 16:33:53,682 - INFO - Move locations - Source: 4, Dest: 116
2025-11-18 16:33:53,683 - INFO - Processing Excel row 3: {'partner_id': 'MOGEN_OB', 'scheduled_date': Timestamp('2025-11-18 00:00:00'), 'picking_type_id': 'OB FIFO', 'date_done': Timestamp('2025-11-18 00:00:00'), 'origin': 'คลังวัถุดิบ2', 'location_dest_id': 'RM02/Stock', 'default_code': 402020002, 'product_uom_qty': 100, 'price_unit': 100, 'sequence': 3, 'scheduled_date_orig': Timestamp('2025-11-18 00:00:00'), 'product_id': 402020002}
2025-11-18 16:33:53,684 - INFO - Searching for product with code: '402020002' and old code: '402020002'
2025-11-18 16:33:53,731 - INFO - Found product with exact match on default_code: '402020002'
2025-11-18 16:33:53,869 - INFO - Added product 402020002 with quantity 100.0 to picking 63
2025-11-18 16:33:53,869 - INFO - Move locations - Source: 4, Dest: 116
2025-11-18 16:33:53,869 - INFO - Processing Excel row 4: {'partner_id': 'MOGEN_OB', 'scheduled_date': Timestamp('2025-11-18 00:00:00'), 'picking_type_id': 'OB FIFO', 'date_done': Timestamp('2025-11-18 00:00:00'), 'origin': 'คลังวัถุดิบ2', 'location_dest_id': 'RM02/Stock', 'default_code': 402020003, 'product_uom_qty': 100, 'price_unit': 100, 'sequence': 4, 'scheduled_date_orig': Timestamp('2025-11-18 00:00:00'), 'product_id': 402020003}
2025-11-18 16:33:53,869 - INFO - Searching for product with code: '402020003' and old code: '402020003'
2025-11-18 16:33:53,923 - INFO - Found product with exact match on default_code: '402020003'
2025-11-18 16:33:54,079 - INFO - Added product 402020003 with quantity 100.0 to picking 63
2025-11-18 16:33:54,079 - INFO - Move locations - Source: 4, Dest: 116
2025-11-18 16:33:54,079 - INFO - Processing Excel row 5: {'partner_id': 'MOGEN_OB', 'scheduled_date': Timestamp('2025-11-18 00:00:00'), 'picking_type_id': 'OB FIFO', 'date_done': Timestamp('2025-11-18 00:00:00'), 'origin': 'คลังวัถุดิบ2', 'location_dest_id': 'RM02/Stock', 'default_code': 402020001, 'product_uom_qty': 100, 'price_unit': 100, 'sequence': 5, 'scheduled_date_orig': Timestamp('2025-11-18 00:00:00'), 'product_id': 402020001}
2025-11-18 16:33:54,080 - INFO - Searching for product with code: '402020001' and old code: '402020001'
2025-11-18 16:33:54,136 - INFO - Found product with exact match on default_code: '402020001'
2025-11-18 16:33:54,370 - INFO - Added product 402020001 with quantity 100.0 to picking 63
2025-11-18 16:33:54,370 - INFO - Move locations - Source: 4, Dest: 116
2025-11-18 16:33:54,371 - INFO - Processing Excel row 6: {'partner_id': 'MOGEN_OB', 'scheduled_date': Timestamp('2025-11-18 00:00:00'), 'picking_type_id': 'OB FIFO', 'date_done': Timestamp('2025-11-18 00:00:00'), 'origin': 'คลังวัถุดิบ2', 'location_dest_id': 'RM02/Stock', 'default_code': 409090004, 'product_uom_qty': 100, 'price_unit': 100, 'sequence': 6, 'scheduled_date_orig': Timestamp('2025-11-18 00:00:00'), 'product_id': 409090004}
2025-11-18 16:33:54,371 - INFO - Searching for product with code: '409090004' and old code: '409090004'
2025-11-18 16:33:55,781 - INFO - Found product with exact match on default_code: '409090004'
2025-11-18 16:33:55,921 - INFO - Added product 409090004 with quantity 100.0 to picking 63
2025-11-18 16:33:55,921 - INFO - Move locations - Source: 4, Dest: 116
2025-11-18 16:33:55,921 - INFO - Processing Excel row 7: {'partner_id': 'MOGEN_OB', 'scheduled_date': Timestamp('2025-11-18 00:00:00'), 'picking_type_id': 'OB FIFO', 'date_done': Timestamp('2025-11-18 00:00:00'), 'origin': 'คลังวัถุดิบ2', 'location_dest_id': 'RM02/Stock', 'default_code': 409060002, 'product_uom_qty': 100, 'price_unit': 100, 'sequence': 7, 'scheduled_date_orig': Timestamp('2025-11-18 00:00:00'), 'product_id': 409060002}
2025-11-18 16:33:55,921 - INFO - Searching for product with code: '409060002' and old code: '409060002'
2025-11-18 16:33:55,970 - INFO - Found product with exact match on default_code: '409060002'
2025-11-18 16:33:56,100 - INFO - Added product 409060002 with quantity 100.0 to picking 63
2025-11-18 16:33:56,100 - INFO - Move locations - Source: 4, Dest: 116
2025-11-18 16:33:56,100 - INFO - Processing Excel row 8: {'partner_id': 'MOGEN_OB', 'scheduled_date': Timestamp('2025-11-18 00:00:00'), 'picking_type_id': 'OB FIFO', 'date_done': Timestamp('2025-11-18 00:00:00'), 'origin': 'คลังวัถุดิบ2', 'location_dest_id': 'RM02/Stock', 'default_code': 409040001, 'product_uom_qty': 100, 'price_unit': 100, 'sequence': 8, 'scheduled_date_orig': Timestamp('2025-11-18 00:00:00'), 'product_id': 409040001}
2025-11-18 16:33:56,100 - INFO - Searching for product with code: '409040001' and old code: '409040001'
2025-11-18 16:33:56,145 - INFO - Found product with exact match on default_code: '409040001'
2025-11-18 16:33:56,290 - INFO - Added product 409040001 with quantity 100.0 to picking 63
2025-11-18 16:33:56,291 - INFO - Move locations - Source: 4, Dest: 116
2025-11-18 16:33:56,291 - INFO - Processing Excel row 9: {'partner_id': 'MOGEN_OB', 'scheduled_date': Timestamp('2025-11-18 00:00:00'), 'picking_type_id': 'OB FIFO', 'date_done': Timestamp('2025-11-18 00:00:00'), 'origin': 'คลังวัถุดิบ2', 'location_dest_id': 'RM02/Stock', 'default_code': 409230007, 'product_uom_qty': 100, 'price_unit': 100, 'sequence': 9, 'scheduled_date_orig': Timestamp('2025-11-18 00:00:00'), 'product_id': 409230007}
2025-11-18 16:33:56,291 - INFO - Searching for product with code: '409230007' and old code: '409230007'
2025-11-18 16:33:56,342 - INFO - Found product with exact match on default_code: '409230007'
2025-11-18 16:33:56,478 - INFO - Added product 409230007 with quantity 100.0 to picking 63
2025-11-18 16:33:56,478 - INFO - Move locations - Source: 4, Dest: 116
2025-11-18 16:33:56,478 - INFO - Processing Excel row 10: {'partner_id': 'MOGEN_OB', 'scheduled_date': Timestamp('2025-11-18 00:00:00'), 'picking_type_id': 'OB FIFO', 'date_done': Timestamp('2025-11-18 00:00:00'), 'origin': 'คลังวัถุดิบ2', 'location_dest_id': 'RM02/Stock', 'default_code': 409250068, 'product_uom_qty': 100, 'price_unit': 100, 'sequence': 10, 'scheduled_date_orig': Timestamp('2025-11-18 00:00:00'), 'product_id': 409250068}
2025-11-18 16:33:56,478 - INFO - Searching for product with code: '409250068' and old code: '409250068'
2025-11-18 16:33:56,533 - INFO - Found product with exact match on default_code: '409250068'
2025-11-18 16:33:56,695 - INFO - Added product 409250068 with quantity 100.0 to picking 63
2025-11-18 16:33:56,696 - INFO - Move locations - Source: 4, Dest: 116
2025-11-18 16:33:56,696 - INFO - Processing Excel row 11: {'partner_id': 'MOGEN_OB', 'scheduled_date': Timestamp('2025-11-18 00:00:00'), 'picking_type_id': 'OB FIFO', 'date_done': Timestamp('2025-11-18 00:00:00'), 'origin': 'คลังวัถุดิบ2', 'location_dest_id': 'RM02/Stock', 'default_code': 409110001, 'product_uom_qty': 100, 'price_unit': 100, 'sequence': 11, 'scheduled_date_orig': Timestamp('2025-11-18 00:00:00'), 'product_id': 409110001}
2025-11-18 16:33:56,696 - INFO - Searching for product with code: '409110001' and old code: '409110001'
2025-11-18 16:33:56,749 - INFO - Found product with exact match on default_code: '409110001'
2025-11-18 16:33:56,891 - INFO - Added product 409110001 with quantity 100.0 to picking 63
2025-11-18 16:33:56,892 - INFO - Move locations - Source: 4, Dest: 116
2025-11-18 16:33:56,892 - INFO - Processing Excel row 12: {'partner_id': 'MOGEN_OB', 'scheduled_date': Timestamp('2025-11-18 00:00:00'), 'picking_type_id': 'OB FIFO', 'date_done': Timestamp('2025-11-18 00:00:00'), 'origin': 'คลังวัถุดิบ2', 'location_dest_id': 'RM02/Stock', 'default_code': 409180005, 'product_uom_qty': 100, 'price_unit': 100, 'sequence': 12, 'scheduled_date_orig': Timestamp('2025-11-18 00:00:00'), 'product_id': 409180005}
2025-11-18 16:33:56,892 - INFO - Searching for product with code: '409180005' and old code: '409180005'
2025-11-18 16:33:56,942 - INFO - Found product with exact match on default_code: '409180005'
2025-11-18 16:33:57,090 - INFO - Added product 409180005 with quantity 100.0 to picking 63
2025-11-18 16:33:57,090 - INFO - Move locations - Source: 4, Dest: 116
2025-11-18 16:33:57,091 - INFO - Processing Excel row 13: {'partner_id': 'MOGEN_OB', 'scheduled_date': Timestamp('2025-11-18 00:00:00'), 'picking_type_id': 'OB FIFO', 'date_done': Timestamp('2025-11-18 00:00:00'), 'origin': 'คลังวัถุดิบ2', 'location_dest_id': 'RM02/Stock', 'default_code': 408010002, 'product_uom_qty': 100, 'price_unit': 100, 'sequence': 13, 'scheduled_date_orig': Timestamp('2025-11-18 00:00:00'), 'product_id': 408010002}
2025-11-18 16:33:57,091 - INFO - Searching for product with code: '408010002' and old code: '408010002'
2025-11-18 16:33:57,137 - INFO - Found product with exact match on default_code: '408010002'
2025-11-18 16:33:57,349 - INFO - Added product 408010002 with quantity 100.0 to picking 63
2025-11-18 16:33:57,349 - INFO - Move locations - Source: 4, Dest: 116
2025-11-18 16:33:57,350 - INFO - Processing Excel row 14: {'partner_id': 'MOGEN_OB', 'scheduled_date': Timestamp('2025-11-18 00:00:00'), 'picking_type_id': 'OB FIFO', 'date_done': Timestamp('2025-11-18 00:00:00'), 'origin': 'คลังวัถุดิบ2', 'location_dest_id': 'RM02/Stock', 'default_code': 409250031, 'product_uom_qty': 100, 'price_unit': 100, 'sequence': 14, 'scheduled_date_orig': Timestamp('2025-11-18 00:00:00'), 'product_id': 409250031}
2025-11-18 16:33:57,350 - INFO - Searching for product with code: '409250031' and old code: '409250031'
2025-11-18 16:33:57,465 - INFO - Found product with exact match on default_code: '409250031'
2025-11-18 16:33:57,795 - INFO - Added product 409250031 with quantity 100.0 to picking 63
2025-11-18 16:33:57,795 - INFO - Move locations - Source: 4, Dest: 116
2025-11-18 16:33:57,795 - INFO - Processing Excel row 15: {'partner_id': 'MOGEN_OB', 'scheduled_date': Timestamp('2025-11-18 00:00:00'), 'picking_type_id': 'OB FIFO', 'date_done': Timestamp('2025-11-18 00:00:00'), 'origin': 'คลังวัถุดิบ2', 'location_dest_id': 'RM02/Stock', 'default_code': 409150003, 'product_uom_qty': 100, 'price_unit': 100, 'sequence': 15, 'scheduled_date_orig': Timestamp('2025-11-18 00:00:00'), 'product_id': 409150003}
2025-11-18 16:33:57,795 - INFO - Searching for product with code: '409150003' and old code: '409150003'
2025-11-18 16:33:57,916 - INFO - Found product with exact match on default_code: '409150003'
2025-11-18 16:33:58,250 - INFO - Added product 409150003 with quantity 100.0 to picking 63
2025-11-18 16:33:58,250 - INFO - Move locations - Source: 4, Dest: 116
2025-11-18 16:33:58,250 - INFO - Processing Excel row 16: {'partner_id': 'MOGEN_OB', 'scheduled_date': Timestamp('2025-11-18 00:00:00'), 'picking_type_id': 'OB FIFO', 'date_done': Timestamp('2025-11-18 00:00:00'), 'origin': 'คลังวัถุดิบ2', 'location_dest_id': 'RM02/Stock', 'default_code': 409030003, 'product_uom_qty': 100, 'price_unit': 100, 'sequence': 16, 'scheduled_date_orig': Timestamp('2025-11-18 00:00:00'), 'product_id': 409030003}
2025-11-18 16:33:58,250 - INFO - Searching for product with code: '409030003' and old code: '409030003'
2025-11-18 16:33:58,365 - INFO - Found product with exact match on default_code: '409030003'
2025-11-18 16:33:58,731 - INFO - Added product 409030003 with quantity 100.0 to picking 63
2025-11-18 16:33:58,732 - INFO - Move locations - Source: 4, Dest: 116
2025-11-18 16:33:58,732 - INFO - Processing Excel row 17: {'partner_id': 'MOGEN_OB', 'scheduled_date': Timestamp('2025-11-18 00:00:00'), 'picking_type_id': 'OB FIFO', 'date_done': Timestamp('2025-11-18 00:00:00'), 'origin': 'คลังวัถุดิบ2', 'location_dest_id': 'RM02/Stock', 'default_code': 409050001, 'product_uom_qty': 100, 'price_unit': 100, 'sequence': 17, 'scheduled_date_orig': Timestamp('2025-11-18 00:00:00'), 'product_id': 409050001}
2025-11-18 16:33:58,733 - INFO - Searching for product with code: '409050001' and old code: '409050001'
2025-11-18 16:33:58,802 - INFO - Found product with exact match on default_code: '409050001'
2025-11-18 16:33:58,948 - INFO - Added product 409050001 with quantity 100.0 to picking 63
2025-11-18 16:33:58,948 - INFO - Move locations - Source: 4, Dest: 116
2025-11-18 16:33:58,948 - INFO - Processing Excel row 18: {'partner_id': 'MOGEN_OB', 'scheduled_date': Timestamp('2025-11-18 00:00:00'), 'picking_type_id': 'OB FIFO', 'date_done': Timestamp('2025-11-18 00:00:00'), 'origin': 'คลังวัถุดิบ2', 'location_dest_id': 'RM02/Stock', 'default_code': 409130001, 'product_uom_qty': 100, 'price_unit': 100, 'sequence': 18, 'scheduled_date_orig': Timestamp('2025-11-18 00:00:00'), 'product_id': 409130001}
2025-11-18 16:33:58,948 - INFO - Searching for product with code: '409130001' and old code: '409130001'
2025-11-18 16:33:58,998 - INFO - Found product with exact match on default_code: '409130001'
2025-11-18 16:33:59,164 - INFO - Added product 409130001 with quantity 100.0 to picking 63
2025-11-18 16:33:59,165 - INFO - Move locations - Source: 4, Dest: 116
2025-11-18 16:33:59,165 - INFO - Processing Excel row 19: {'partner_id': 'MOGEN_OB', 'scheduled_date': Timestamp('2025-11-18 00:00:00'), 'picking_type_id': 'OB FIFO', 'date_done': Timestamp('2025-11-18 00:00:00'), 'origin': 'คลังวัถุดิบ2', 'location_dest_id': 'RM02/Stock', 'default_code': 411040003, 'product_uom_qty': 100, 'price_unit': 100, 'sequence': 19, 'scheduled_date_orig': Timestamp('2025-11-18 00:00:00'), 'product_id': 411040003}
2025-11-18 16:33:59,165 - INFO - Searching for product with code: '411040003' and old code: '411040003'
2025-11-18 16:33:59,223 - INFO - Found product with exact match on default_code: '411040003'
2025-11-18 16:33:59,380 - INFO - Added product 411040003 with quantity 100.0 to picking 63
2025-11-18 16:33:59,381 - INFO - Move locations - Source: 4, Dest: 116
2025-11-18 16:33:59,382 - INFO - Processing Excel row 20: {'partner_id': 'MOGEN_OB', 'scheduled_date': Timestamp('2025-11-18 00:00:00'), 'picking_type_id': 'OB FIFO', 'date_done': Timestamp('2025-11-18 00:00:00'), 'origin': 'คลังวัถุดิบ2', 'location_dest_id': 'RM02/Stock', 'default_code': 301010006, 'product_uom_qty': 100, 'price_unit': 100, 'sequence': 20, 'scheduled_date_orig': Timestamp('2025-11-18 00:00:00'), 'product_id': 301010006}
2025-11-18 16:33:59,382 - INFO - Searching for product with code: '301010006' and old code: '301010006'
2025-11-18 16:33:59,450 - INFO - Found product with exact match on default_code: '301010006'
2025-11-18 16:33:59,592 - INFO - Added product 301010006 with quantity 100.0 to picking 63
2025-11-18 16:33:59,593 - INFO - Move locations - Source: 4, Dest: 116
2025-11-18 16:33:59,593 - INFO - Processing Excel row 21: {'partner_id': 'MOGEN_OB', 'scheduled_date': Timestamp('2025-11-18 00:00:00'), 'picking_type_id': 'OB FIFO', 'date_done': Timestamp('2025-11-18 00:00:00'), 'origin': 'คลังวัถุดิบ2', 'location_dest_id': 'RM02/Stock', 'default_code': 411050005, 'product_uom_qty': 100, 'price_unit': 100, 'sequence': 21, 'scheduled_date_orig': Timestamp('2025-11-18 00:00:00'), 'product_id': 411050005}
2025-11-18 16:33:59,594 - INFO - Searching for product with code: '411050005' and old code: '411050005'
2025-11-18 16:33:59,649 - INFO - Found product with exact match on default_code: '411050005'
2025-11-18 16:33:59,801 - INFO - Added product 411050005 with quantity 100.0 to picking 63
2025-11-18 16:33:59,801 - INFO - Move locations - Source: 4, Dest: 116
2025-11-18 16:33:59,802 - INFO - Processing Excel row 22: {'partner_id': 'MOGEN_OB', 'scheduled_date': Timestamp('2025-11-18 00:00:00'), 'picking_type_id': 'OB FIFO', 'date_done': Timestamp('2025-11-18 00:00:00'), 'origin': 'คลังวัถุดิบ2', 'location_dest_id': 'RM02/Stock', 'default_code': 410060007, 'product_uom_qty': 100, 'price_unit': 100, 'sequence': 22, 'scheduled_date_orig': Timestamp('2025-11-18 00:00:00'), 'product_id': 410060007}
2025-11-18 16:33:59,802 - INFO - Searching for product with code: '410060007' and old code: '410060007'
2025-11-18 16:33:59,855 - INFO - Found product with exact match on default_code: '410060007'
2025-11-18 16:34:00,064 - INFO - Added product 410060007 with quantity 100.0 to picking 63
2025-11-18 16:34:00,064 - INFO - Move locations - Source: 4, Dest: 116
2025-11-18 16:34:00,064 - INFO - Processing Excel row 23: {'partner_id': 'MOGEN_OB', 'scheduled_date': Timestamp('2025-11-18 00:00:00'), 'picking_type_id': 'OB FIFO', 'date_done': Timestamp('2025-11-18 00:00:00'), 'origin': 'คลังวัถุดิบ2', 'location_dest_id': 'RM02/Stock', 'default_code': 411050004, 'product_uom_qty': 100, 'price_unit': 100, 'sequence': 23, 'scheduled_date_orig': Timestamp('2025-11-18 00:00:00'), 'product_id': 411050004}
2025-11-18 16:34:00,065 - INFO - Searching for product with code: '411050004' and old code: '411050004'
2025-11-18 16:34:00,117 - INFO - Found product with exact match on default_code: '411050004'
2025-11-18 16:34:00,271 - INFO - Added product 411050004 with quantity 100.0 to picking 63
2025-11-18 16:34:00,271 - INFO - Move locations - Source: 4, Dest: 116
2025-11-18 16:34:00,272 - INFO - Processing Excel row 24: {'partner_id': 'MOGEN_OB', 'scheduled_date': Timestamp('2025-11-18 00:00:00'), 'picking_type_id': 'OB FIFO', 'date_done': Timestamp('2025-11-18 00:00:00'), 'origin': 'คลังวัถุดิบ2', 'location_dest_id': 'RM02/Stock', 'default_code': 411040004, 'product_uom_qty': 100, 'price_unit': 100, 'sequence': 24, 'scheduled_date_orig': Timestamp('2025-11-18 00:00:00'), 'product_id': 411040004}
2025-11-18 16:34:00,272 - INFO - Searching for product with code: '411040004' and old code: '411040004'
2025-11-18 16:34:00,323 - INFO - Found product with exact match on default_code: '411040004'
2025-11-18 16:34:00,477 - INFO - Added product 411040004 with quantity 100.0 to picking 63
2025-11-18 16:34:00,477 - INFO - Move locations - Source: 4, Dest: 116
2025-11-18 16:34:00,478 - INFO - Processing Excel row 25: {'partner_id': 'MOGEN_OB', 'scheduled_date': Timestamp('2025-11-18 00:00:00'), 'picking_type_id': 'OB FIFO', 'date_done': Timestamp('2025-11-18 00:00:00'), 'origin': 'คลังวัถุดิบ2', 'location_dest_id': 'RM02/Stock', 'default_code': 410060004, 'product_uom_qty': 100, 'price_unit': 100, 'sequence': 25, 'scheduled_date_orig': Timestamp('2025-11-18 00:00:00'), 'product_id': 410060004}
2025-11-18 16:34:00,479 - INFO - Searching for product with code: '410060004' and old code: '410060004'
2025-11-18 16:34:00,530 - INFO - Found product with exact match on default_code: '410060004'
2025-11-18 16:34:00,689 - INFO - Added product 410060004 with quantity 100.0 to picking 63
2025-11-18 16:34:00,689 - INFO - Move locations - Source: 4, Dest: 116
2025-11-18 16:34:00,689 - INFO - Processing Excel row 26: {'partner_id': 'MOGEN_OB', 'scheduled_date': Timestamp('2025-11-18 00:00:00'), 'picking_type_id': 'OB FIFO', 'date_done': Timestamp('2025-11-18 00:00:00'), 'origin': 'คลังวัถุดิบ2', 'location_dest_id': 'RM02/Stock', 'default_code': 409250051, 'product_uom_qty': 100, 'price_unit': 100, 'sequence': 26, 'scheduled_date_orig': Timestamp('2025-11-18 00:00:00'), 'product_id': 409250051}
2025-11-18 16:34:00,690 - INFO - Searching for product with code: '409250051' and old code: '409250051'
2025-11-18 16:34:00,743 - INFO - Found product with exact match on default_code: '409250051'
2025-11-18 16:34:00,889 - INFO - Added product 409250051 with quantity 100.0 to picking 63
2025-11-18 16:34:00,890 - INFO - Move locations - Source: 4, Dest: 116
2025-11-18 16:34:00,890 - INFO - Processing Excel row 27: {'partner_id': 'MOGEN_OB', 'scheduled_date': Timestamp('2025-11-18 00:00:00'), 'picking_type_id': 'OB FIFO', 'date_done': Timestamp('2025-11-18 00:00:00'), 'origin': 'คลังวัถุดิบ2', 'location_dest_id': 'RM02/Stock', 'default_code': 409250055, 'product_uom_qty': 100, 'price_unit': 100, 'sequence': 27, 'scheduled_date_orig': Timestamp('2025-11-18 00:00:00'), 'product_id': 409250055}
2025-11-18 16:34:00,890 - INFO - Searching for product with code: '409250055' and old code: '409250055'
2025-11-18 16:34:00,938 - INFO - Found product with exact match on default_code: '409250055'
2025-11-18 16:34:01,079 - INFO - Added product 409250055 with quantity 100.0 to picking 63
2025-11-18 16:34:01,079 - INFO - Move locations - Source: 4, Dest: 116
2025-11-18 16:34:01,080 - INFO - Processing Excel row 28: {'partner_id': 'MOGEN_OB', 'scheduled_date': Timestamp('2025-11-18 00:00:00'), 'picking_type_id': 'OB FIFO', 'date_done': Timestamp('2025-11-18 00:00:00'), 'origin': 'คลังวัถุดิบ2', 'location_dest_id': 'RM02/Stock', 'default_code': 409250050, 'product_uom_qty': 100, 'price_unit': 100, 'sequence': 28, 'scheduled_date_orig': Timestamp('2025-11-18 00:00:00'), 'product_id': 409250050}
2025-11-18 16:34:01,080 - INFO - Searching for product with code: '409250050' and old code: '409250050'
2025-11-18 16:34:01,136 - INFO - Found product with exact match on default_code: '409250050'
2025-11-18 16:34:01,294 - INFO - Added product 409250050 with quantity 100.0 to picking 63
2025-11-18 16:34:01,294 - INFO - Move locations - Source: 4, Dest: 116
2025-11-18 16:34:01,295 - INFO - Processing Excel row 29: {'partner_id': 'MOGEN_OB', 'scheduled_date': Timestamp('2025-11-18 00:00:00'), 'picking_type_id': 'OB FIFO', 'date_done': Timestamp('2025-11-18 00:00:00'), 'origin': 'คลังวัถุดิบ2', 'location_dest_id': 'RM02/Stock', 'default_code': 409170019, 'product_uom_qty': 100, 'price_unit': 100, 'sequence': 29, 'scheduled_date_orig': Timestamp('2025-11-18 00:00:00'), 'product_id': 409170019}
2025-11-18 16:34:01,295 - INFO - Searching for product with code: '409170019' and old code: '409170019'
2025-11-18 16:34:01,347 - INFO - Found product with exact match on default_code: '409170019'
2025-11-18 16:34:01,492 - INFO - Added product 409170019 with quantity 100.0 to picking 63
2025-11-18 16:34:01,492 - INFO - Move locations - Source: 4, Dest: 116
2025-11-18 16:34:01,492 - INFO - Processing Excel row 30: {'partner_id': 'MOGEN_OB', 'scheduled_date': Timestamp('2025-11-18 00:00:00'), 'picking_type_id': 'OB FIFO', 'date_done': Timestamp('2025-11-18 00:00:00'), 'origin': 'คลังวัถุดิบ2', 'location_dest_id': 'RM02/Stock', 'default_code': 303020015, 'product_uom_qty': 100, 'price_unit': 100, 'sequence': 30, 'scheduled_date_orig': Timestamp('2025-11-18 00:00:00'), 'product_id': 303020015}
2025-11-18 16:34:01,493 - INFO - Searching for product with code: '303020015' and old code: '303020015'
2025-11-18 16:34:01,541 - INFO - Found product with exact match on default_code: '303020015'
2025-11-18 16:34:01,700 - INFO - Added product 303020015 with quantity 100.0 to picking 63
2025-11-18 16:34:01,700 - INFO - Move locations - Source: 4, Dest: 116
2025-11-18 16:34:01,701 - INFO - Processing Excel row 31: {'partner_id': 'MOGEN_OB', 'scheduled_date': Timestamp('2025-11-18 00:00:00'), 'picking_type_id': 'OB FIFO', 'date_done': Timestamp('2025-11-18 00:00:00'), 'origin': 'คลังวัถุดิบ2', 'location_dest_id': 'RM02/Stock', 'default_code': 406010066, 'product_uom_qty': 100, 'price_unit': 100, 'sequence': 31, 'scheduled_date_orig': Timestamp('2025-11-18 00:00:00'), 'product_id': 406010066}
2025-11-18 16:34:01,701 - INFO - Searching for product with code: '406010066' and old code: '406010066'
2025-11-18 16:34:01,748 - INFO - Found product with exact match on default_code: '406010066'
2025-11-18 16:34:01,971 - INFO - Added product 406010066 with quantity 100.0 to picking 63
2025-11-18 16:34:01,971 - INFO - Move locations - Source: 4, Dest: 116
2025-11-18 16:34:01,972 - INFO - Processing Excel row 32: {'partner_id': 'MOGEN_OB', 'scheduled_date': Timestamp('2025-11-18 00:00:00'), 'picking_type_id': 'OB FIFO', 'date_done': Timestamp('2025-11-18 00:00:00'), 'origin': 'คลังวัถุดิบ2', 'location_dest_id': 'RM02/Stock', 'default_code': 402020002, 'product_uom_qty': 100, 'price_unit': 100, 'sequence': 32, 'scheduled_date_orig': Timestamp('2025-11-18 00:00:00'), 'product_id': 402020002}
2025-11-18 16:34:01,972 - INFO - Searching for product with code: '402020002' and old code: '402020002'
2025-11-18 16:34:02,029 - INFO - Found product with exact match on default_code: '402020002'
2025-11-18 16:34:02,174 - INFO - Added product 402020002 with quantity 100.0 to picking 63
2025-11-18 16:34:02,174 - INFO - Move locations - Source: 4, Dest: 116
2025-11-18 16:34:02,174 - INFO - Processing Excel row 33: {'partner_id': 'MOGEN_OB', 'scheduled_date': Timestamp('2025-11-18 00:00:00'), 'picking_type_id': 'OB FIFO', 'date_done': Timestamp('2025-11-18 00:00:00'), 'origin': 'คลังวัถุดิบ2', 'location_dest_id': 'RM02/Stock', 'default_code': 402020003, 'product_uom_qty': 100, 'price_unit': 100, 'sequence': 33, 'scheduled_date_orig': Timestamp('2025-11-18 00:00:00'), 'product_id': 402020003}
2025-11-18 16:34:02,175 - INFO - Searching for product with code: '402020003' and old code: '402020003'
2025-11-18 16:34:02,229 - INFO - Found product with exact match on default_code: '402020003'
2025-11-18 16:34:02,386 - INFO - Added product 402020003 with quantity 100.0 to picking 63
2025-11-18 16:34:02,386 - INFO - Move locations - Source: 4, Dest: 116
2025-11-18 16:34:02,386 - INFO - Processing Excel row 34: {'partner_id': 'MOGEN_OB', 'scheduled_date': Timestamp('2025-11-18 00:00:00'), 'picking_type_id': 'OB FIFO', 'date_done': Timestamp('2025-11-18 00:00:00'), 'origin': 'คลังวัถุดิบ2', 'location_dest_id': 'RM02/Stock', 'default_code': 402020001, 'product_uom_qty': 100, 'price_unit': 100, 'sequence': 34, 'scheduled_date_orig': Timestamp('2025-11-18 00:00:00'), 'product_id': 402020001}
2025-11-18 16:34:02,387 - INFO - Searching for product with code: '402020001' and old code: '402020001'
2025-11-18 16:34:02,439 - INFO - Found product with exact match on default_code: '402020001'
2025-11-18 16:34:02,581 - INFO - Added product 402020001 with quantity 100.0 to picking 63
2025-11-18 16:34:02,581 - INFO - Move locations - Source: 4, Dest: 116
2025-11-18 16:34:02,583 - INFO - Processing Excel row 35: {'partner_id': 'MOGEN_OB', 'scheduled_date': Timestamp('2025-11-18 00:00:00'), 'picking_type_id': 'OB FIFO', 'date_done': Timestamp('2025-11-18 00:00:00'), 'origin': 'คลังวัถุดิบ2', 'location_dest_id': 'RM02/Stock', 'default_code': 409090004, 'product_uom_qty': 100, 'price_unit': 100, 'sequence': 35, 'scheduled_date_orig': Timestamp('2025-11-18 00:00:00'), 'product_id': 409090004}
2025-11-18 16:34:02,584 - INFO - Searching for product with code: '409090004' and old code: '409090004'
2025-11-18 16:34:02,634 - INFO - Found product with exact match on default_code: '409090004'
2025-11-18 16:34:02,799 - INFO - Added product 409090004 with quantity 100.0 to picking 63
2025-11-18 16:34:02,800 - INFO - Move locations - Source: 4, Dest: 116
2025-11-18 16:34:02,801 - INFO - Processing Excel row 36: {'partner_id': 'MOGEN_OB', 'scheduled_date': Timestamp('2025-11-18 00:00:00'), 'picking_type_id': 'OB FIFO', 'date_done': Timestamp('2025-11-18 00:00:00'), 'origin': 'คลังวัถุดิบ2', 'location_dest_id': 'RM02/Stock', 'default_code': 409060002, 'product_uom_qty': 100, 'price_unit': 100, 'sequence': 36, 'scheduled_date_orig': Timestamp('2025-11-18 00:00:00'), 'product_id': 409060002}
2025-11-18 16:34:02,802 - INFO - Searching for product with code: '409060002' and old code: '409060002'
2025-11-18 16:34:02,919 - INFO - Found product with exact match on default_code: '409060002'
2025-11-18 16:34:03,278 - INFO - Added product 409060002 with quantity 100.0 to picking 63
2025-11-18 16:34:03,279 - INFO - Move locations - Source: 4, Dest: 116
2025-11-18 16:34:03,280 - INFO - Processing Excel row 37: {'partner_id': 'MOGEN_OB', 'scheduled_date': Timestamp('2025-11-18 00:00:00'), 'picking_type_id': 'OB FIFO', 'date_done': Timestamp('2025-11-18 00:00:00'), 'origin': 'คลังวัถุดิบ2', 'location_dest_id': 'RM02/Stock', 'default_code': 409040001, 'product_uom_qty': 100, 'price_unit': 100, 'sequence': 37, 'scheduled_date_orig': Timestamp('2025-11-18 00:00:00'), 'product_id': 409040001}
2025-11-18 16:34:03,281 - INFO - Searching for product with code: '409040001' and old code: '409040001'
2025-11-18 16:34:03,416 - INFO - Found product with exact match on default_code: '409040001'
2025-11-18 16:34:03,834 - INFO - Added product 409040001 with quantity 100.0 to picking 63
2025-11-18 16:34:03,835 - INFO - Move locations - Source: 4, Dest: 116
2025-11-18 16:34:03,837 - INFO - Processing Excel row 38: {'partner_id': 'MOGEN_OB', 'scheduled_date': Timestamp('2025-11-18 00:00:00'), 'picking_type_id': 'OB FIFO', 'date_done': Timestamp('2025-11-18 00:00:00'), 'origin': 'คลังวัถุดิบ2', 'location_dest_id': 'RM02/Stock', 'default_code': 409230007, 'product_uom_qty': 100, 'price_unit': 100, 'sequence': 38, 'scheduled_date_orig': Timestamp('2025-11-18 00:00:00'), 'product_id': 409230007}
2025-11-18 16:34:03,837 - INFO - Searching for product with code: '409230007' and old code: '409230007'
2025-11-18 16:34:03,946 - INFO - Found product with exact match on default_code: '409230007'
2025-11-18 16:34:04,293 - INFO - Added product 409230007 with quantity 100.0 to picking 63
2025-11-18 16:34:04,293 - INFO - Move locations - Source: 4, Dest: 116
2025-11-18 16:34:04,294 - INFO - Processing Excel row 39: {'partner_id': 'MOGEN_OB', 'scheduled_date': Timestamp('2025-11-18 00:00:00'), 'picking_type_id': 'OB FIFO', 'date_done': Timestamp('2025-11-18 00:00:00'), 'origin': 'คลังวัถุดิบ2', 'location_dest_id': 'RM02/Stock', 'default_code': 409250068, 'product_uom_qty': 100, 'price_unit': 100, 'sequence': 39, 'scheduled_date_orig': Timestamp('2025-11-18 00:00:00'), 'product_id': 409250068}
2025-11-18 16:34:04,295 - INFO - Searching for product with code: '409250068' and old code: '409250068'
2025-11-18 16:34:04,418 - INFO - Found product with exact match on default_code: '409250068'
2025-11-18 16:34:04,779 - INFO - Added product 409250068 with quantity 100.0 to picking 63
2025-11-18 16:34:04,780 - INFO - Move locations - Source: 4, Dest: 116
2025-11-18 16:34:04,781 - INFO - Processing Excel row 40: {'partner_id': 'MOGEN_OB', 'scheduled_date': Timestamp('2025-11-18 00:00:00'), 'picking_type_id': 'OB FIFO', 'date_done': Timestamp('2025-11-18 00:00:00'), 'origin': 'คลังวัถุดิบ2', 'location_dest_id': 'RM02/Stock', 'default_code': 409110001, 'product_uom_qty': 100, 'price_unit': 100, 'sequence': 40, 'scheduled_date_orig': Timestamp('2025-11-18 00:00:00'), 'product_id': 409110001}
2025-11-18 16:34:04,782 - INFO - Searching for product with code: '409110001' and old code: '409110001'
2025-11-18 16:34:04,893 - INFO - Found product with exact match on default_code: '409110001'
2025-11-18 16:34:05,235 - INFO - Added product 409110001 with quantity 100.0 to picking 63
2025-11-18 16:34:05,236 - INFO - Move locations - Source: 4, Dest: 116
2025-11-18 16:34:05,238 - INFO - Processing Excel row 41: {'partner_id': 'MOGEN_OB', 'scheduled_date': Timestamp('2025-11-18 00:00:00'), 'picking_type_id': 'OB FIFO', 'date_done': Timestamp('2025-11-18 00:00:00'), 'origin': 'คลังวัถุดิบ2', 'location_dest_id': 'RM02/Stock', 'default_code': 409180005, 'product_uom_qty': 100, 'price_unit': 100, 'sequence': 41, 'scheduled_date_orig': Timestamp('2025-11-18 00:00:00'), 'product_id': 409180005}
2025-11-18 16:34:05,238 - INFO - Searching for product with code: '409180005' and old code: '409180005'
2025-11-18 16:34:05,346 - INFO - Found product with exact match on default_code: '409180005'
2025-11-18 16:34:05,691 - INFO - Added product 409180005 with quantity 100.0 to picking 63
2025-11-18 16:34:05,692 - INFO - Move locations - Source: 4, Dest: 116
2025-11-18 16:34:05,693 - INFO - Processing Excel row 42: {'partner_id': 'MOGEN_OB', 'scheduled_date': Timestamp('2025-11-18 00:00:00'), 'picking_type_id': 'OB FIFO', 'date_done': Timestamp('2025-11-18 00:00:00'), 'origin': 'คลังวัถุดิบ2', 'location_dest_id': 'RM02/Stock', 'default_code': 408010002, 'product_uom_qty': 100, 'price_unit': 100, 'sequence': 42, 'scheduled_date_orig': Timestamp('2025-11-18 00:00:00'), 'product_id': 408010002}
2025-11-18 16:34:05,693 - INFO - Searching for product with code: '408010002' and old code: '408010002'
2025-11-18 16:34:05,784 - INFO - Found product with exact match on default_code: '408010002'
2025-11-18 16:34:05,925 - INFO - Added product 408010002 with quantity 100.0 to picking 63
2025-11-18 16:34:05,926 - INFO - Move locations - Source: 4, Dest: 116
2025-11-18 16:34:05,926 - INFO - Processing Excel row 43: {'partner_id': 'MOGEN_OB', 'scheduled_date': Timestamp('2025-11-18 00:00:00'), 'picking_type_id': 'OB FIFO', 'date_done': Timestamp('2025-11-18 00:00:00'), 'origin': 'คลังวัถุดิบ2', 'location_dest_id': 'RM02/Stock', 'default_code': 409250031, 'product_uom_qty': 100, 'price_unit': 100, 'sequence': 43, 'scheduled_date_orig': Timestamp('2025-11-18 00:00:00'), 'product_id': 409250031}
2025-11-18 16:34:05,927 - INFO - Searching for product with code: '409250031' and old code: '409250031'
2025-11-18 16:34:05,978 - INFO - Found product with exact match on default_code: '409250031'
2025-11-18 16:34:06,124 - INFO - Added product 409250031 with quantity 100.0 to picking 63
2025-11-18 16:34:06,124 - INFO - Move locations - Source: 4, Dest: 116
2025-11-18 16:34:06,124 - INFO - Processing Excel row 44: {'partner_id': 'MOGEN_OB', 'scheduled_date': Timestamp('2025-11-18 00:00:00'), 'picking_type_id': 'OB FIFO', 'date_done': Timestamp('2025-11-18 00:00:00'), 'origin': 'คลังวัถุดิบ2', 'location_dest_id': 'RM02/Stock', 'default_code': 409150003, 'product_uom_qty': 100, 'price_unit': 100, 'sequence': 44, 'scheduled_date_orig': Timestamp('2025-11-18 00:00:00'), 'product_id': 409150003}
2025-11-18 16:34:06,124 - INFO - Searching for product with code: '409150003' and old code: '409150003'
2025-11-18 16:34:06,176 - INFO - Found product with exact match on default_code: '409150003'
2025-11-18 16:34:06,331 - INFO - Added product 409150003 with quantity 100.0 to picking 63
2025-11-18 16:34:06,331 - INFO - Move locations - Source: 4, Dest: 116
2025-11-18 16:34:06,331 - INFO - Processing Excel row 45: {'partner_id': 'MOGEN_OB', 'scheduled_date': Timestamp('2025-11-18 00:00:00'), 'picking_type_id': 'OB FIFO', 'date_done': Timestamp('2025-11-18 00:00:00'), 'origin': 'คลังวัถุดิบ2', 'location_dest_id': 'RM02/Stock', 'default_code': 409030003, 'product_uom_qty': 100, 'price_unit': 100, 'sequence': 45, 'scheduled_date_orig': Timestamp('2025-11-18 00:00:00'), 'product_id': 409030003}
2025-11-18 16:34:06,331 - INFO - Searching for product with code: '409030003' and old code: '409030003'
2025-11-18 16:34:06,380 - INFO - Found product with exact match on default_code: '409030003'
2025-11-18 16:34:06,521 - INFO - Added product 409030003 with quantity 100.0 to picking 63
2025-11-18 16:34:06,521 - INFO - Move locations - Source: 4, Dest: 116
2025-11-18 16:34:06,522 - INFO - Processing Excel row 46: {'partner_id': 'MOGEN_OB', 'scheduled_date': Timestamp('2025-11-18 00:00:00'), 'picking_type_id': 'OB FIFO', 'date_done': Timestamp('2025-11-18 00:00:00'), 'origin': 'คลังวัถุดิบ2', 'location_dest_id': 'RM02/Stock', 'default_code': 409050001, 'product_uom_qty': 100, 'price_unit': 100, 'sequence': 46, 'scheduled_date_orig': Timestamp('2025-11-18 00:00:00'), 'product_id': 409050001}
2025-11-18 16:34:06,522 - INFO - Searching for product with code: '409050001' and old code: '409050001'
2025-11-18 16:34:06,572 - INFO - Found product with exact match on default_code: '409050001'
2025-11-18 16:34:06,721 - INFO - Added product 409050001 with quantity 100.0 to picking 63
2025-11-18 16:34:06,721 - INFO - Move locations - Source: 4, Dest: 116
2025-11-18 16:34:06,721 - INFO - Processing Excel row 47: {'partner_id': 'MOGEN_OB', 'scheduled_date': Timestamp('2025-11-18 00:00:00'), 'picking_type_id': 'OB FIFO', 'date_done': Timestamp('2025-11-18 00:00:00'), 'origin': 'คลังวัถุดิบ2', 'location_dest_id': 'RM02/Stock', 'default_code': 409130001, 'product_uom_qty': 100, 'price_unit': 100, 'sequence': 47, 'scheduled_date_orig': Timestamp('2025-11-18 00:00:00'), 'product_id': 409130001}
2025-11-18 16:34:06,722 - INFO - Searching for product with code: '409130001' and old code: '409130001'
2025-11-18 16:34:06,778 - INFO - Found product with exact match on default_code: '409130001'
2025-11-18 16:34:06,924 - INFO - Added product 409130001 with quantity 100.0 to picking 63
2025-11-18 16:34:06,924 - INFO - Move locations - Source: 4, Dest: 116
2025-11-18 16:34:06,925 - INFO - Processing Excel row 48: {'partner_id': 'MOGEN_OB', 'scheduled_date': Timestamp('2025-11-18 00:00:00'), 'picking_type_id': 'OB FIFO', 'date_done': Timestamp('2025-11-18 00:00:00'), 'origin': 'คลังวัถุดิบ2', 'location_dest_id': 'RM02/Stock', 'default_code': 411040003, 'product_uom_qty': 100, 'price_unit': 100, 'sequence': 48, 'scheduled_date_orig': Timestamp('2025-11-18 00:00:00'), 'product_id': 411040003}
2025-11-18 16:34:06,925 - INFO - Searching for product with code: '411040003' and old code: '411040003'
2025-11-18 16:34:06,971 - INFO - Found product with exact match on default_code: '411040003'
2025-11-18 16:34:07,119 - INFO - Added product 411040003 with quantity 100.0 to picking 63
2025-11-18 16:34:07,119 - INFO - Move locations - Source: 4, Dest: 116
2025-11-18 16:34:07,119 - INFO - Processing Excel row 49: {'partner_id': 'MOGEN_OB', 'scheduled_date': Timestamp('2025-11-18 00:00:00'), 'picking_type_id': 'OB FIFO', 'date_done': Timestamp('2025-11-18 00:00:00'), 'origin': 'คลังวัถุดิบ2', 'location_dest_id': 'RM02/Stock', 'default_code': 301010006, 'product_uom_qty': 100, 'price_unit': 100, 'sequence': 49, 'scheduled_date_orig': Timestamp('2025-11-18 00:00:00'), 'product_id': 301010006}
2025-11-18 16:34:07,119 - INFO - Searching for product with code: '301010006' and old code: '301010006'
2025-11-18 16:34:07,180 - INFO - Found product with exact match on default_code: '301010006'
2025-11-18 16:34:07,405 - INFO - Added product 301010006 with quantity 100.0 to picking 63
2025-11-18 16:34:07,406 - INFO - Move locations - Source: 4, Dest: 116
2025-11-18 16:34:07,406 - INFO - Processing Excel row 50: {'partner_id': 'MOGEN_OB', 'scheduled_date': Timestamp('2025-11-18 00:00:00'), 'picking_type_id': 'OB FIFO', 'date_done': Timestamp('2025-11-18 00:00:00'), 'origin': 'คลังวัถุดิบ2', 'location_dest_id': 'RM02/Stock', 'default_code': 411050005, 'product_uom_qty': 100, 'price_unit': 100, 'sequence': 50, 'scheduled_date_orig': Timestamp('2025-11-18 00:00:00'), 'product_id': 411050005}
2025-11-18 16:34:07,407 - INFO - Searching for product with code: '411050005' and old code: '411050005'
2025-11-18 16:34:07,510 - INFO - Found product with exact match on default_code: '411050005'
2025-11-18 16:34:07,812 - INFO - Added product 411050005 with quantity 100.0 to picking 63
2025-11-18 16:34:07,813 - INFO - Move locations - Source: 4, Dest: 116
2025-11-18 16:34:07,813 - INFO - Processing Excel row 51: {'partner_id': 'MOGEN_OB', 'scheduled_date': Timestamp('2025-11-18 00:00:00'), 'picking_type_id': 'OB FIFO', 'date_done': Timestamp('2025-11-18 00:00:00'), 'origin': 'คลังวัถุดิบ2', 'location_dest_id': 'RM02/Stock', 'default_code': 410060007, 'product_uom_qty': 100, 'price_unit': 100, 'sequence': 51, 'scheduled_date_orig': Timestamp('2025-11-18 00:00:00'), 'product_id': 410060007}
2025-11-18 16:34:07,814 - INFO - Searching for product with code: '410060007' and old code: '410060007'
2025-11-18 16:34:07,873 - INFO - Found product with exact match on default_code: '410060007'
2025-11-18 16:34:08,026 - INFO - Added product 410060007 with quantity 100.0 to picking 63
2025-11-18 16:34:08,027 - INFO - Move locations - Source: 4, Dest: 116
2025-11-18 16:34:08,028 - INFO - Processing Excel row 52: {'partner_id': 'MOGEN_OB', 'scheduled_date': Timestamp('2025-11-18 00:00:00'), 'picking_type_id': 'OB FIFO', 'date_done': Timestamp('2025-11-18 00:00:00'), 'origin': 'คลังวัถุดิบ2', 'location_dest_id': 'RM02/Stock', 'default_code': 411050004, 'product_uom_qty': 100, 'price_unit': 100, 'sequence': 52, 'scheduled_date_orig': Timestamp('2025-11-18 00:00:00'), 'product_id': 411050004}
2025-11-18 16:34:08,028 - INFO - Searching for product with code: '411050004' and old code: '411050004'
2025-11-18 16:34:08,084 - INFO - Found product with exact match on default_code: '411050004'
2025-11-18 16:34:08,249 - INFO - Added product 411050004 with quantity 100.0 to picking 63
2025-11-18 16:34:08,250 - INFO - Move locations - Source: 4, Dest: 116
2025-11-18 16:34:08,251 - INFO - Processing Excel row 53: {'partner_id': 'MOGEN_OB', 'scheduled_date': Timestamp('2025-11-18 00:00:00'), 'picking_type_id': 'OB FIFO', 'date_done': Timestamp('2025-11-18 00:00:00'), 'origin': 'คลังวัถุดิบ2', 'location_dest_id': 'RM02/Stock', 'default_code': 411040004, 'product_uom_qty': 100, 'price_unit': 100, 'sequence': 53, 'scheduled_date_orig': Timestamp('2025-11-18 00:00:00'), 'product_id': 411040004}
2025-11-18 16:34:08,251 - INFO - Searching for product with code: '411040004' and old code: '411040004'
2025-11-18 16:34:08,315 - INFO - Found product with exact match on default_code: '411040004'
2025-11-18 16:34:08,462 - INFO - Added product 411040004 with quantity 100.0 to picking 63
2025-11-18 16:34:08,463 - INFO - Move locations - Source: 4, Dest: 116
2025-11-18 16:34:08,464 - INFO - Processing Excel row 54: {'partner_id': 'MOGEN_OB', 'scheduled_date': Timestamp('2025-11-18 00:00:00'), 'picking_type_id': 'OB FIFO', 'date_done': Timestamp('2025-11-18 00:00:00'), 'origin': 'คลังวัถุดิบ2', 'location_dest_id': 'RM02/Stock', 'default_code': 410060004, 'product_uom_qty': 100, 'price_unit': 100, 'sequence': 54, 'scheduled_date_orig': Timestamp('2025-11-18 00:00:00'), 'product_id': 410060004}
2025-11-18 16:34:08,465 - INFO - Searching for product with code: '410060004' and old code: '410060004'
2025-11-18 16:34:08,516 - INFO - Found product with exact match on default_code: '410060004'
2025-11-18 16:34:08,677 - INFO - Added product 410060004 with quantity 100.0 to picking 63
2025-11-18 16:34:08,677 - INFO - Move locations - Source: 4, Dest: 116
2025-11-18 16:34:08,677 - INFO - Processing Excel row 55: {'partner_id': 'MOGEN_OB', 'scheduled_date': Timestamp('2025-11-18 00:00:00'), 'picking_type_id': 'OB FIFO', 'date_done': Timestamp('2025-11-18 00:00:00'), 'origin': 'คลังวัถุดิบ2', 'location_dest_id': 'RM02/Stock', 'default_code': 409250051, 'product_uom_qty': 100, 'price_unit': 100, 'sequence': 55, 'scheduled_date_orig': Timestamp('2025-11-18 00:00:00'), 'product_id': 409250051}
2025-11-18 16:34:08,677 - INFO - Searching for product with code: '409250051' and old code: '409250051'
2025-11-18 16:34:08,723 - INFO - Found product with exact match on default_code: '409250051'
2025-11-18 16:34:08,888 - INFO - Added product 409250051 with quantity 100.0 to picking 63
2025-11-18 16:34:08,888 - INFO - Move locations - Source: 4, Dest: 116
2025-11-18 16:34:08,889 - INFO - Processing Excel row 56: {'partner_id': 'MOGEN_OB', 'scheduled_date': Timestamp('2025-11-18 00:00:00'), 'picking_type_id': 'OB FIFO', 'date_done': Timestamp('2025-11-18 00:00:00'), 'origin': 'คลังวัถุดิบ2', 'location_dest_id': 'RM02/Stock', 'default_code': 409250055, 'product_uom_qty': 100, 'price_unit': 100, 'sequence': 56, 'scheduled_date_orig': Timestamp('2025-11-18 00:00:00'), 'product_id': 409250055}
2025-11-18 16:34:08,889 - INFO - Searching for product with code: '409250055' and old code: '409250055'
2025-11-18 16:34:08,939 - INFO - Found product with exact match on default_code: '409250055'
2025-11-18 16:34:09,085 - INFO - Added product 409250055 with quantity 100.0 to picking 63
2025-11-18 16:34:09,085 - INFO - Move locations - Source: 4, Dest: 116
2025-11-18 16:34:09,086 - INFO - Processing Excel row 57: {'partner_id': 'MOGEN_OB', 'scheduled_date': Timestamp('2025-11-18 00:00:00'), 'picking_type_id': 'OB FIFO', 'date_done': Timestamp('2025-11-18 00:00:00'), 'origin': 'คลังวัถุดิบ2', 'location_dest_id': 'RM02/Stock', 'default_code': 409250050, 'product_uom_qty': 100, 'price_unit': 100, 'sequence': 57, 'scheduled_date_orig': Timestamp('2025-11-18 00:00:00'), 'product_id': 409250050}
2025-11-18 16:34:09,086 - INFO - Searching for product with code: '409250050' and old code: '409250050'
2025-11-18 16:34:09,132 - INFO - Found product with exact match on default_code: '409250050'
2025-11-18 16:34:09,316 - INFO - Added product 409250050 with quantity 100.0 to picking 63
2025-11-18 16:34:09,316 - INFO - Move locations - Source: 4, Dest: 116
2025-11-18 16:34:09,318 - INFO - Processing Excel row 58: {'partner_id': 'MOGEN_OB', 'scheduled_date': Timestamp('2025-11-18 00:00:00'), 'picking_type_id': 'OB FIFO', 'date_done': Timestamp('2025-11-18 00:00:00'), 'origin': 'คลังวัถุดิบ2', 'location_dest_id': 'RM02/Stock', 'default_code': 409170019, 'product_uom_qty': 100, 'price_unit': 100, 'sequence': 58, 'scheduled_date_orig': Timestamp('2025-11-18 00:00:00'), 'product_id': 409170019}
2025-11-18 16:34:09,319 - INFO - Searching for product with code: '409170019' and old code: '409170019'
2025-11-18 16:34:09,414 - INFO - Found product with exact match on default_code: '409170019'
2025-11-18 16:34:09,746 - INFO - Added product 409170019 with quantity 100.0 to picking 63
2025-11-18 16:34:09,746 - INFO - Move locations - Source: 4, Dest: 116
2025-11-18 16:34:09,747 - INFO - Processing Excel row 59: {'partner_id': 'MOGEN_OB', 'scheduled_date': Timestamp('2025-11-18 00:00:00'), 'picking_type_id': 'OB FIFO', 'date_done': Timestamp('2025-11-18 00:00:00'), 'origin': 'คลังวัถุดิบ2', 'location_dest_id': 'RM02/Stock', 'default_code': 409250054, 'product_uom_qty': 100, 'price_unit': 100, 'sequence': 59, 'scheduled_date_orig': Timestamp('2025-11-18 00:00:00'), 'product_id': 409250054}
2025-11-18 16:34:09,747 - INFO - Searching for product with code: '409250054' and old code: '409250054'
2025-11-18 16:34:09,876 - INFO - Found product with exact match on default_code: '409250054'
2025-11-18 16:34:10,260 - INFO - Added product 409250054 with quantity 100.0 to picking 63
2025-11-18 16:34:10,261 - INFO - Move locations - Source: 4, Dest: 116
2025-11-18 16:34:10,261 - INFO - Processing Excel row 60: {'partner_id': 'MOGEN_OB', 'scheduled_date': Timestamp('2025-11-18 00:00:00'), 'picking_type_id': 'OB FIFO', 'date_done': Timestamp('2025-11-18 00:00:00'), 'origin': 'คลังวัถุดิบ2', 'location_dest_id': 'RM02/Stock', 'default_code': 304010030, 'product_uom_qty': 100, 'price_unit': 100, 'sequence': 60, 'scheduled_date_orig': Timestamp('2025-11-18 00:00:00'), 'product_id': 304010030}
2025-11-18 16:34:10,262 - INFO - Searching for product with code: '304010030' and old code: '304010030'
2025-11-18 16:34:10,383 - INFO - Found product with exact match on default_code: '304010030'
2025-11-18 16:34:10,766 - INFO - Added product 304010030 with quantity 100.0 to picking 63
2025-11-18 16:34:10,767 - INFO - Move locations - Source: 4, Dest: 116
2025-11-18 16:34:10,767 - INFO - Processing Excel row 61: {'partner_id': 'MOGEN_OB', 'scheduled_date': Timestamp('2025-11-18 00:00:00'), 'picking_type_id': 'OB FIFO', 'date_done': Timestamp('2025-11-18 00:00:00'), 'origin': 'คลังวัถุดิบ2', 'location_dest_id': 'RM02/Stock', 'default_code': 406010104, 'product_uom_qty': 100, 'price_unit': 100, 'sequence': 61, 'scheduled_date_orig': Timestamp('2025-11-18 00:00:00'), 'product_id': 406010104}
2025-11-18 16:34:10,768 - INFO - Searching for product with code: '406010104' and old code: '406010104'
2025-11-18 16:34:10,908 - INFO - Found product with exact match on default_code: '406010104'
2025-11-18 16:34:11,291 - INFO - Added product 406010104 with quantity 100.0 to picking 63
2025-11-18 16:34:11,292 - INFO - Move locations - Source: 4, Dest: 116
2025-11-18 16:34:11,293 - INFO - Processing Excel row 62: {'partner_id': 'MOGEN_OB', 'scheduled_date': Timestamp('2025-11-18 00:00:00'), 'picking_type_id': 'OB FIFO', 'date_done': Timestamp('2025-11-18 00:00:00'), 'origin': 'คลังวัถุดิบ2', 'location_dest_id': 'RM02/Stock', 'default_code': 406010107, 'product_uom_qty': 100, 'price_unit': 100, 'sequence': 62, 'scheduled_date_orig': Timestamp('2025-11-18 00:00:00'), 'product_id': 406010107}
2025-11-18 16:34:11,293 - INFO - Searching for product with code: '406010107' and old code: '406010107'
2025-11-18 16:34:11,407 - INFO - Found product with exact match on default_code: '406010107'
2025-11-18 16:34:11,775 - INFO - Added product 406010107 with quantity 100.0 to picking 63
2025-11-18 16:34:11,775 - INFO - Move locations - Source: 4, Dest: 116
2025-11-18 16:34:11,777 - INFO - Processing Excel row 63: {'partner_id': 'MOGEN_OB', 'scheduled_date': Timestamp('2025-11-18 00:00:00'), 'picking_type_id': 'OB FIFO', 'date_done': Timestamp('2025-11-18 00:00:00'), 'origin': 'คลังวัถุดิบ2', 'location_dest_id': 'RM02/Stock', 'default_code': 413010293, 'product_uom_qty': 100, 'price_unit': 100, 'sequence': 63, 'scheduled_date_orig': Timestamp('2025-11-18 00:00:00'), 'product_id': 413010293}
2025-11-18 16:34:11,777 - INFO - Searching for product with code: '413010293' and old code: '413010293'
2025-11-18 16:34:11,895 - INFO - Found product with exact match on default_code: '413010293'
2025-11-18 16:34:12,300 - INFO - Added product 413010293 with quantity 100.0 to picking 63
2025-11-18 16:34:12,301 - INFO - Move locations - Source: 4, Dest: 116
2025-11-18 16:34:12,302 - INFO - Processing Excel row 64: {'partner_id': 'MOGEN_OB', 'scheduled_date': Timestamp('2025-11-18 00:00:00'), 'picking_type_id': 'OB FIFO', 'date_done': Timestamp('2025-11-18 00:00:00'), 'origin': 'คลังวัถุดิบ2', 'location_dest_id': 'RM02/Stock', 'default_code': 409040001, 'product_uom_qty': 100, 'price_unit': 100, 'sequence': 64, 'scheduled_date_orig': Timestamp('2025-11-18 00:00:00'), 'product_id': 409040001}
2025-11-18 16:34:12,303 - INFO - Searching for product with code: '409040001' and old code: '409040001'
2025-11-18 16:34:12,427 - INFO - Found product with exact match on default_code: '409040001'
2025-11-18 16:34:12,797 - INFO - Added product 409040001 with quantity 100.0 to picking 63
2025-11-18 16:34:12,797 - INFO - Move locations - Source: 4, Dest: 116
2025-11-18 16:34:12,798 - INFO - Processing Excel row 65: {'partner_id': 'MOGEN_OB', 'scheduled_date': Timestamp('2025-11-18 00:00:00'), 'picking_type_id': 'OB FIFO', 'date_done': Timestamp('2025-11-18 00:00:00'), 'origin': 'คลังวัถุดิบ2', 'location_dest_id': 'RM02/Stock', 'default_code': 409150003, 'product_uom_qty': 100, 'price_unit': 100, 'sequence': 65, 'scheduled_date_orig': Timestamp('2025-11-18 00:00:00'), 'product_id': 409150003}
2025-11-18 16:34:12,798 - INFO - Searching for product with code: '409150003' and old code: '409150003'
2025-11-18 16:34:12,869 - INFO - Found product with exact match on default_code: '409150003'
2025-11-18 16:34:13,165 - INFO - Added product 409150003 with quantity 100.0 to picking 63
2025-11-18 16:34:13,165 - INFO - Move locations - Source: 4, Dest: 116
2025-11-18 16:34:13,165 - INFO - Processing Excel row 66: {'partner_id': 'MOGEN_OB', 'scheduled_date': Timestamp('2025-11-18 00:00:00'), 'picking_type_id': 'OB FIFO', 'date_done': Timestamp('2025-11-18 00:00:00'), 'origin': 'คลังวัถุดิบ2', 'location_dest_id': 'RM02/Stock', 'default_code': 409030003, 'product_uom_qty': 100, 'price_unit': 100, 'sequence': 66, 'scheduled_date_orig': Timestamp('2025-11-18 00:00:00'), 'product_id': 409030003}
2025-11-18 16:34:13,165 - INFO - Searching for product with code: '409030003' and old code: '409030003'
2025-11-18 16:34:13,248 - INFO - Found product with exact match on default_code: '409030003'
2025-11-18 16:34:13,570 - INFO - Added product 409030003 with quantity 100.0 to picking 63
2025-11-18 16:34:13,570 - INFO - Move locations - Source: 4, Dest: 116
2025-11-18 16:34:13,570 - INFO - Processing Excel row 67: {'partner_id': 'MOGEN_OB', 'scheduled_date': Timestamp('2025-11-18 00:00:00'), 'picking_type_id': 'OB FIFO', 'date_done': Timestamp('2025-11-18 00:00:00'), 'origin': 'คลังวัถุดิบ2', 'location_dest_id': 'RM02/Stock', 'default_code': 409050001, 'product_uom_qty': 100, 'price_unit': 100, 'sequence': 67, 'scheduled_date_orig': Timestamp('2025-11-18 00:00:00'), 'product_id': 409050001}
2025-11-18 16:34:13,570 - INFO - Searching for product with code: '409050001' and old code: '409050001'
2025-11-18 16:34:13,719 - INFO - Found product with exact match on default_code: '409050001'
2025-11-18 16:34:14,026 - INFO - Added product 409050001 with quantity 100.0 to picking 63
2025-11-18 16:34:14,026 - INFO - Move locations - Source: 4, Dest: 116
2025-11-18 16:34:14,027 - INFO - Processing Excel row 68: {'partner_id': 'MOGEN_OB', 'scheduled_date': Timestamp('2025-11-18 00:00:00'), 'picking_type_id': 'OB FIFO', 'date_done': Timestamp('2025-11-18 00:00:00'), 'origin': 'คลังวัถุดิบ2', 'location_dest_id': 'RM02/Stock', 'default_code': 409180009, 'product_uom_qty': 100, 'price_unit': 100, 'sequence': 68, 'scheduled_date_orig': Timestamp('2025-11-18 00:00:00'), 'product_id': 409180009}
2025-11-18 16:34:14,027 - INFO - Searching for product with code: '409180009' and old code: '409180009'
2025-11-18 16:34:14,169 - INFO - Found product with exact match on default_code: '409180009'
2025-11-18 16:34:14,713 - INFO - Added product 409180009 with quantity 100.0 to picking 63
2025-11-18 16:34:14,713 - INFO - Move locations - Source: 4, Dest: 116
2025-11-18 16:34:14,714 - INFO - Processing Excel row 69: {'partner_id': 'MOGEN_OB', 'scheduled_date': Timestamp('2025-11-18 00:00:00'), 'picking_type_id': 'OB FIFO', 'date_done': Timestamp('2025-11-18 00:00:00'), 'origin': 'คลังวัถุดิบ2', 'location_dest_id': 'RM02/Stock', 'default_code': 409110001, 'product_uom_qty': 100, 'price_unit': 100, 'sequence': 69, 'scheduled_date_orig': Timestamp('2025-11-18 00:00:00'), 'product_id': 409110001}
2025-11-18 16:34:14,714 - INFO - Searching for product with code: '409110001' and old code: '409110001'
2025-11-18 16:34:14,900 - INFO - Found product with exact match on default_code: '409110001'
2025-11-18 16:34:15,078 - INFO - Added product 409110001 with quantity 100.0 to picking 63
2025-11-18 16:34:15,078 - INFO - Move locations - Source: 4, Dest: 116
2025-11-18 16:34:15,079 - INFO - Processing Excel row 70: {'partner_id': 'MOGEN_OB', 'scheduled_date': Timestamp('2025-11-18 00:00:00'), 'picking_type_id': 'OB FIFO', 'date_done': Timestamp('2025-11-18 00:00:00'), 'origin': 'คลังวัถุดิบ2', 'location_dest_id': 'RM02/Stock', 'default_code': 409090004, 'product_uom_qty': 100, 'price_unit': 100, 'sequence': 70, 'scheduled_date_orig': Timestamp('2025-11-18 00:00:00'), 'product_id': 409090004}
2025-11-18 16:34:15,080 - INFO - Searching for product with code: '409090004' and old code: '409090004'
2025-11-18 16:34:15,160 - INFO - Found product with exact match on default_code: '409090004'
2025-11-18 16:34:15,344 - INFO - Added product 409090004 with quantity 100.0 to picking 63
2025-11-18 16:34:15,344 - INFO - Move locations - Source: 4, Dest: 116
2025-11-18 16:34:15,346 - INFO - Processing Excel row 71: {'partner_id': 'MOGEN_OB', 'scheduled_date': Timestamp('2025-11-18 00:00:00'), 'picking_type_id': 'OB FIFO', 'date_done': Timestamp('2025-11-18 00:00:00'), 'origin': 'คลังวัถุดิบ2', 'location_dest_id': 'RM02/Stock', 'default_code': 409190001, 'product_uom_qty': 100, 'price_unit': 100, 'sequence': 71, 'scheduled_date_orig': Timestamp('2025-11-18 00:00:00'), 'product_id': 409190001}
2025-11-18 16:34:15,346 - INFO - Searching for product with code: '409190001' and old code: '409190001'
2025-11-18 16:34:15,458 - INFO - Found product with exact match on default_code: '409190001'
2025-11-18 16:34:15,636 - INFO - Added product 409190001 with quantity 100.0 to picking 63
2025-11-18 16:34:15,637 - INFO - Move locations - Source: 4, Dest: 116
2025-11-18 16:34:15,638 - INFO - Processing Excel row 72: {'partner_id': 'MOGEN_OB', 'scheduled_date': Timestamp('2025-11-18 00:00:00'), 'picking_type_id': 'OB FIFO', 'date_done': Timestamp('2025-11-18 00:00:00'), 'origin': 'คลังวัถุดิบ2', 'location_dest_id': 'RM02/Stock', 'default_code': 'SP0029810001', 'product_uom_qty': 100, 'price_unit': 100, 'sequence': 72, 'scheduled_date_orig': Timestamp('2025-11-18 00:00:00'), 'product_id': 'SP0029810001'}
2025-11-18 16:34:15,638 - INFO - Searching for product with code: 'SP0029810001' and old code: 'SP0029810001'
2025-11-18 16:34:15,714 - INFO - Found product with exact match on default_code: 'SP0029810001'
2025-11-18 16:34:15,920 - INFO - Added product SP0029810001 with quantity 100.0 to picking 63
2025-11-18 16:34:15,921 - INFO - Move locations - Source: 4, Dest: 116
2025-11-18 16:34:15,922 - INFO - Processing Excel row 73: {'partner_id': 'MOGEN_OB', 'scheduled_date': Timestamp('2025-11-18 00:00:00'), 'picking_type_id': 'OB FIFO', 'date_done': Timestamp('2025-11-18 00:00:00'), 'origin': 'คลังวัถุดิบ2', 'location_dest_id': 'RM02/Stock', 'default_code': 409230007, 'product_uom_qty': 100, 'price_unit': 100, 'sequence': 73, 'scheduled_date_orig': Timestamp('2025-11-18 00:00:00'), 'product_id': 409230007}
2025-11-18 16:34:15,922 - INFO - Searching for product with code: '409230007' and old code: '409230007'
2025-11-18 16:34:15,985 - INFO - Found product with exact match on default_code: '409230007'
2025-11-18 16:34:16,148 - INFO - Added product 409230007 with quantity 100.0 to picking 63
2025-11-18 16:34:16,148 - INFO - Move locations - Source: 4, Dest: 116
2025-11-18 16:34:16,149 - INFO - Processing Excel row 74: {'partner_id': 'MOGEN_OB', 'scheduled_date': Timestamp('2025-11-18 00:00:00'), 'picking_type_id': 'OB FIFO', 'date_done': Timestamp('2025-11-18 00:00:00'), 'origin': 'คลังวัถุดิบ2', 'location_dest_id': 'RM02/Stock', 'default_code': 409060002, 'product_uom_qty': 100, 'price_unit': 100, 'sequence': 74, 'scheduled_date_orig': Timestamp('2025-11-18 00:00:00'), 'product_id': 409060002}
2025-11-18 16:34:16,149 - INFO - Searching for product with code: '409060002' and old code: '409060002'
2025-11-18 16:34:16,200 - INFO - Found product with exact match on default_code: '409060002'
2025-11-18 16:34:16,372 - INFO - Added product 409060002 with quantity 100.0 to picking 63
2025-11-18 16:34:16,373 - INFO - Move locations - Source: 4, Dest: 116
2025-11-18 16:34:16,373 - INFO - Processing Excel row 75: {'partner_id': 'MOGEN_OB', 'scheduled_date': Timestamp('2025-11-18 00:00:00'), 'picking_type_id': 'OB FIFO', 'date_done': Timestamp('2025-11-18 00:00:00'), 'origin': 'คลังวัถุดิบ2', 'location_dest_id': 'RM02/Stock', 'default_code': 409170019, 'product_uom_qty': 100, 'price_unit': 100, 'sequence': 75, 'scheduled_date_orig': Timestamp('2025-11-18 00:00:00'), 'product_id': 409170019}
2025-11-18 16:34:16,373 - INFO - Searching for product with code: '409170019' and old code: '409170019'
2025-11-18 16:34:16,591 - INFO - Found product with exact match on default_code: '409170019'
2025-11-18 16:34:16,816 - INFO - Added product 409170019 with quantity 100.0 to picking 63
2025-11-18 16:34:16,816 - INFO - Move locations - Source: 4, Dest: 116
2025-11-18 16:34:16,817 - INFO - Processing Excel row 76: {'partner_id': 'MOGEN_OB', 'scheduled_date': Timestamp('2025-11-18 00:00:00'), 'picking_type_id': 'OB FIFO', 'date_done': Timestamp('2025-11-18 00:00:00'), 'origin': 'คลังวัถุดิบ2', 'location_dest_id': 'RM02/Stock', 'default_code': 409090004, 'product_uom_qty': 100, 'price_unit': 100, 'sequence': 76, 'scheduled_date_orig': Timestamp('2025-11-18 00:00:00'), 'product_id': 409090004}
2025-11-18 16:34:16,817 - INFO - Searching for product with code: '409090004' and old code: '409090004'
2025-11-18 16:34:16,885 - INFO - Found product with exact match on default_code: '409090004'
2025-11-18 16:34:17,058 - INFO - Added product 409090004 with quantity 100.0 to picking 63
2025-11-18 16:34:17,058 - INFO - Move locations - Source: 4, Dest: 116
2025-11-18 16:34:17,059 - INFO - Processing Excel row 77: {'partner_id': 'MOGEN_OB', 'scheduled_date': Timestamp('2025-11-18 00:00:00'), 'picking_type_id': 'OB FIFO', 'date_done': Timestamp('2025-11-18 00:00:00'), 'origin': 'คลังวัถุดิบ2', 'location_dest_id': 'RM02/Stock', 'default_code': 409190001, 'product_uom_qty': 100, 'price_unit': 100, 'sequence': 77, 'scheduled_date_orig': Timestamp('2025-11-18 00:00:00'), 'product_id': 409190001}
2025-11-18 16:34:17,059 - INFO - Searching for product with code: '409190001' and old code: '409190001'
2025-11-18 16:34:17,132 - INFO - Found product with exact match on default_code: '409190001'
2025-11-18 16:34:17,343 - INFO - Added product 409190001 with quantity 100.0 to picking 63
2025-11-18 16:34:17,343 - INFO - Move locations - Source: 4, Dest: 116
2025-11-18 16:34:17,343 - INFO - Processing Excel row 78: {'partner_id': 'MOGEN_OB', 'scheduled_date': Timestamp('2025-11-18 00:00:00'), 'picking_type_id': 'OB FIFO', 'date_done': Timestamp('2025-11-18 00:00:00'), 'origin': 'คลังวัถุดิบ2', 'location_dest_id': 'RM02/Stock', 'default_code': 'SP0029810001', 'product_uom_qty': 100, 'price_unit': 100, 'sequence': 78, 'scheduled_date_orig': Timestamp('2025-11-18 00:00:00'), 'product_id': 'SP0029810001'}
2025-11-18 16:34:17,344 - INFO - Searching for product with code: 'SP0029810001' and old code: 'SP0029810001'
2025-11-18 16:34:17,402 - INFO - Found product with exact match on default_code: 'SP0029810001'
2025-11-18 16:34:17,585 - INFO - Added product SP0029810001 with quantity 100.0 to picking 63
2025-11-18 16:34:17,586 - INFO - Move locations - Source: 4, Dest: 116
2025-11-18 16:34:17,587 - INFO - Processing Excel row 79: {'partner_id': 'MOGEN_OB', 'scheduled_date': Timestamp('2025-11-18 00:00:00'), 'picking_type_id': 'OB FIFO', 'date_done': Timestamp('2025-11-18 00:00:00'), 'origin': 'คลังวัถุดิบ2', 'location_dest_id': 'RM02/Stock', 'default_code': 409230007, 'product_uom_qty': 100, 'price_unit': 100, 'sequence': 79, 'scheduled_date_orig': Timestamp('2025-11-18 00:00:00'), 'product_id': 409230007}
2025-11-18 16:34:17,588 - INFO - Searching for product with code: '409230007' and old code: '409230007'
2025-11-18 16:34:17,645 - INFO - Found product with exact match on default_code: '409230007'
2025-11-18 16:34:17,905 - INFO - Added product 409230007 with quantity 100.0 to picking 63
2025-11-18 16:34:17,905 - INFO - Move locations - Source: 4, Dest: 116
2025-11-18 16:34:17,905 - INFO - Processing Excel row 80: {'partner_id': 'MOGEN_OB', 'scheduled_date': Timestamp('2025-11-18 00:00:00'), 'picking_type_id': 'OB FIFO', 'date_done': Timestamp('2025-11-18 00:00:00'), 'origin': 'คลังวัถุดิบ2', 'location_dest_id': 'RM02/Stock', 'default_code': 409060002, 'product_uom_qty': 100, 'price_unit': 100, 'sequence': 80, 'scheduled_date_orig': Timestamp('2025-11-18 00:00:00'), 'product_id': 409060002}
2025-11-18 16:34:17,906 - INFO - Searching for product with code: '409060002' and old code: '409060002'
2025-11-18 16:34:17,963 - INFO - Found product with exact match on default_code: '409060002'
2025-11-18 16:34:18,159 - INFO - Added product 409060002 with quantity 100.0 to picking 63
2025-11-18 16:34:18,160 - INFO - Move locations - Source: 4, Dest: 116
2025-11-18 16:34:18,160 - INFO - Processing Excel row 81: {'partner_id': 'MOGEN_OB', 'scheduled_date': Timestamp('2025-11-18 00:00:00'), 'picking_type_id': 'OB FIFO', 'date_done': Timestamp('2025-11-18 00:00:00'), 'origin': 'คลังวัถุดิบ2', 'location_dest_id': 'RM02/Stock', 'default_code': 409170019, 'product_uom_qty': 100, 'price_unit': 100, 'sequence': 81, 'scheduled_date_orig': Timestamp('2025-11-18 00:00:00'), 'product_id': 409170019}
2025-11-18 16:34:18,161 - INFO - Searching for product with code: '409170019' and old code: '409170019'
2025-11-18 16:34:18,219 - INFO - Found product with exact match on default_code: '409170019'
2025-11-18 16:34:18,409 - INFO - Added product 409170019 with quantity 100.0 to picking 63
2025-11-18 16:34:18,409 - INFO - Move locations - Source: 4, Dest: 116
2025-11-18 16:34:18,410 - INFO - Processing Excel row 82: {'partner_id': 'MOGEN_OB', 'scheduled_date': Timestamp('2025-11-18 00:00:00'), 'picking_type_id': 'OB FIFO', 'date_done': Timestamp('2025-11-18 00:00:00'), 'origin': 'คลังวัถุดิบ2', 'location_dest_id': 'RM02/Stock', 'default_code': 409250054, 'product_uom_qty': 100, 'price_unit': 100, 'sequence': 82, 'scheduled_date_orig': Timestamp('2025-11-18 00:00:00'), 'product_id': 409250054}
2025-11-18 16:34:18,410 - INFO - Searching for product with code: '409250054' and old code: '409250054'
2025-11-18 16:34:18,496 - INFO - Found product with exact match on default_code: '409250054'
2025-11-18 16:34:18,690 - INFO - Added product 409250054 with quantity 100.0 to picking 63
2025-11-18 16:34:18,690 - INFO - Move locations - Source: 4, Dest: 116
2025-11-18 16:34:18,691 - INFO - Processing Excel row 83: {'partner_id': 'MOGEN_OB', 'scheduled_date': Timestamp('2025-11-18 00:00:00'), 'picking_type_id': 'OB FIFO', 'date_done': Timestamp('2025-11-18 00:00:00'), 'origin': 'คลังวัถุดิบ2', 'location_dest_id': 'RM02/Stock', 'default_code': 304010030, 'product_uom_qty': 100, 'price_unit': 100, 'sequence': 83, 'scheduled_date_orig': Timestamp('2025-11-18 00:00:00'), 'product_id': 304010030}
2025-11-18 16:34:18,691 - INFO - Searching for product with code: '304010030' and old code: '304010030'
2025-11-18 16:34:18,747 - INFO - Found product with exact match on default_code: '304010030'
2025-11-18 16:34:18,915 - INFO - Added product 304010030 with quantity 100.0 to picking 63
2025-11-18 16:34:18,916 - INFO - Move locations - Source: 4, Dest: 116
2025-11-18 16:34:18,916 - INFO - Processing Excel row 84: {'partner_id': 'MOGEN_OB', 'scheduled_date': Timestamp('2025-11-18 00:00:00'), 'picking_type_id': 'OB FIFO', 'date_done': Timestamp('2025-11-18 00:00:00'), 'origin': 'คลังวัถุดิบ2', 'location_dest_id': 'RM02/Stock', 'default_code': 406010104, 'product_uom_qty': 100, 'price_unit': 100, 'sequence': 84, 'scheduled_date_orig': Timestamp('2025-11-18 00:00:00'), 'product_id': 406010104}
2025-11-18 16:34:18,917 - INFO - Searching for product with code: '406010104' and old code: '406010104'
2025-11-18 16:34:18,968 - INFO - Found product with exact match on default_code: '406010104'
2025-11-18 16:34:19,145 - INFO - Added product 406010104 with quantity 100.0 to picking 63
2025-11-18 16:34:19,145 - INFO - Move locations - Source: 4, Dest: 116
2025-11-18 16:34:19,146 - INFO - Processing Excel row 85: {'partner_id': 'MOGEN_OB', 'scheduled_date': Timestamp('2025-11-18 00:00:00'), 'picking_type_id': 'OB FIFO', 'date_done': Timestamp('2025-11-18 00:00:00'), 'origin': 'คลังวัถุดิบ2', 'location_dest_id': 'RM02/Stock', 'default_code': 406010107, 'product_uom_qty': 100, 'price_unit': 100, 'sequence': 85, 'scheduled_date_orig': Timestamp('2025-11-18 00:00:00'), 'product_id': 406010107}
2025-11-18 16:34:19,146 - INFO - Searching for product with code: '406010107' and old code: '406010107'
2025-11-18 16:34:19,194 - INFO - Found product with exact match on default_code: '406010107'
2025-11-18 16:34:19,381 - INFO - Added product 406010107 with quantity 100.0 to picking 63
2025-11-18 16:34:19,382 - INFO - Move locations - Source: 4, Dest: 116
2025-11-18 16:34:19,382 - INFO - Processing Excel row 86: {'partner_id': 'MOGEN_OB', 'scheduled_date': Timestamp('2025-11-18 00:00:00'), 'picking_type_id': 'OB FIFO', 'date_done': Timestamp('2025-11-18 00:00:00'), 'origin': 'คลังวัถุดิบ2', 'location_dest_id': 'RM02/Stock', 'default_code': 413010293, 'product_uom_qty': 100, 'price_unit': 100, 'sequence': 86, 'scheduled_date_orig': Timestamp('2025-11-18 00:00:00'), 'product_id': 413010293}
2025-11-18 16:34:19,383 - INFO - Searching for product with code: '413010293' and old code: '413010293'
2025-11-18 16:34:19,443 - INFO - Found product with exact match on default_code: '413010293'
2025-11-18 16:34:19,584 - INFO - Added product 413010293 with quantity 100.0 to picking 63
2025-11-18 16:34:19,584 - INFO - Move locations - Source: 4, Dest: 116
2025-11-18 16:34:19,585 - INFO - Processing Excel row 87: {'partner_id': 'MOGEN_OB', 'scheduled_date': Timestamp('2025-11-18 00:00:00'), 'picking_type_id': 'OB FIFO', 'date_done': Timestamp('2025-11-18 00:00:00'), 'origin': 'คลังวัถุดิบ2', 'location_dest_id': 'RM02/Stock', 'default_code': 409040001, 'product_uom_qty': 100, 'price_unit': 100, 'sequence': 87, 'scheduled_date_orig': Timestamp('2025-11-18 00:00:00'), 'product_id': 409040001}
2025-11-18 16:34:19,585 - INFO - Searching for product with code: '409040001' and old code: '409040001'
2025-11-18 16:34:19,634 - INFO - Found product with exact match on default_code: '409040001'
2025-11-18 16:34:19,832 - INFO - Added product 409040001 with quantity 100.0 to picking 63
2025-11-18 16:34:19,833 - INFO - Move locations - Source: 4, Dest: 116
2025-11-18 16:34:19,833 - INFO - Processing Excel row 88: {'partner_id': 'MOGEN_OB', 'scheduled_date': Timestamp('2025-11-18 00:00:00'), 'picking_type_id': 'OB FIFO', 'date_done': Timestamp('2025-11-18 00:00:00'), 'origin': 'คลังวัถุดิบ2', 'location_dest_id': 'RM02/Stock', 'default_code': 409150003, 'product_uom_qty': 100, 'price_unit': 100, 'sequence': 88, 'scheduled_date_orig': Timestamp('2025-11-18 00:00:00'), 'product_id': 409150003}
2025-11-18 16:34:19,833 - INFO - Searching for product with code: '409150003' and old code: '409150003'
2025-11-18 16:34:19,884 - INFO - Found product with exact match on default_code: '409150003'
2025-11-18 16:34:20,040 - INFO - Added product 409150003 with quantity 100.0 to picking 63
2025-11-18 16:34:20,040 - INFO - Move locations - Source: 4, Dest: 116
2025-11-18 16:34:20,041 - INFO - Processing Excel row 89: {'partner_id': 'MOGEN_OB', 'scheduled_date': Timestamp('2025-11-18 00:00:00'), 'picking_type_id': 'OB FIFO', 'date_done': Timestamp('2025-11-18 00:00:00'), 'origin': 'คลังวัถุดิบ2', 'location_dest_id': 'RM02/Stock', 'default_code': 409030003, 'product_uom_qty': 100, 'price_unit': 100, 'sequence': 89, 'scheduled_date_orig': Timestamp('2025-11-18 00:00:00'), 'product_id': 409030003}
2025-11-18 16:34:20,041 - INFO - Searching for product with code: '409030003' and old code: '409030003'
2025-11-18 16:34:20,224 - INFO - Found product with exact match on default_code: '409030003'
2025-11-18 16:34:20,412 - INFO - Added product 409030003 with quantity 100.0 to picking 63
2025-11-18 16:34:20,412 - INFO - Move locations - Source: 4, Dest: 116
2025-11-18 16:34:20,414 - INFO - Processing Excel row 90: {'partner_id': 'MOGEN_OB', 'scheduled_date': Timestamp('2025-11-18 00:00:00'), 'picking_type_id': 'OB FIFO', 'date_done': Timestamp('2025-11-18 00:00:00'), 'origin': 'คลังวัถุดิบ2', 'location_dest_id': 'RM02/Stock', 'default_code': 409050001, 'product_uom_qty': 100, 'price_unit': 100, 'sequence': 90, 'scheduled_date_orig': Timestamp('2025-11-18 00:00:00'), 'product_id': 409050001}
2025-11-18 16:34:20,415 - INFO - Searching for product with code: '409050001' and old code: '409050001'
2025-11-18 16:34:20,469 - INFO - Found product with exact match on default_code: '409050001'
2025-11-18 16:34:20,718 - INFO - Added product 409050001 with quantity 100.0 to picking 63
2025-11-18 16:34:20,719 - INFO - Move locations - Source: 4, Dest: 116
2025-11-18 16:34:20,720 - INFO - Processing Excel row 91: {'partner_id': 'MOGEN_OB', 'scheduled_date': Timestamp('2025-11-18 00:00:00'), 'picking_type_id': 'OB FIFO', 'date_done': Timestamp('2025-11-18 00:00:00'), 'origin': 'คลังวัถุดิบ2', 'location_dest_id': 'RM02/Stock', 'default_code': 409180009, 'product_uom_qty': 100, 'price_unit': 100, 'sequence': 91, 'scheduled_date_orig': Timestamp('2025-11-18 00:00:00'), 'product_id': 409180009}
2025-11-18 16:34:20,721 - INFO - Searching for product with code: '409180009' and old code: '409180009'
2025-11-18 16:34:20,770 - INFO - Found product with exact match on default_code: '409180009'
2025-11-18 16:34:20,919 - INFO - Added product 409180009 with quantity 100.0 to picking 63
2025-11-18 16:34:20,919 - INFO - Move locations - Source: 4, Dest: 116
2025-11-18 16:34:20,920 - INFO - Processing Excel row 92: {'partner_id': 'MOGEN_OB', 'scheduled_date': Timestamp('2025-11-18 00:00:00'), 'picking_type_id': 'OB FIFO', 'date_done': Timestamp('2025-11-18 00:00:00'), 'origin': 'คลังวัถุดิบ2', 'location_dest_id': 'RM02/Stock', 'default_code': 409110001, 'product_uom_qty': 100, 'price_unit': 100, 'sequence': 92, 'scheduled_date_orig': Timestamp('2025-11-18 00:00:00'), 'product_id': 409110001}
2025-11-18 16:34:20,920 - INFO - Searching for product with code: '409110001' and old code: '409110001'
2025-11-18 16:34:20,983 - INFO - Found product with exact match on default_code: '409110001'
2025-11-18 16:34:21,163 - INFO - Added product 409110001 with quantity 100.0 to picking 63
2025-11-18 16:34:21,164 - INFO - Move locations - Source: 4, Dest: 116
2025-11-18 16:34:21,346 - INFO - Re-updated dates before confirming picking 63: 2025-11-18 00:00:00
2025-11-18 16:34:22,955 - INFO - Confirmed transfer 63 with forced date context
2025-11-18 16:34:22,955 - INFO - Import completed: 1 success, 0 failed.
