2025-11-18 16:43:26,068 - INFO - Successfully connected to Odoo as user ID: 2
2025-11-18 16:43:26,900 - INFO - Odoo version: 17.0.1.3
2025-11-18 16:43:27,000 - INFO - Available date fields in stock.picking: ['activity_date_deadline', 'my_activity_date_deadline', 'scheduled_date', 'date_deadline', 'date', 'date_done', 'delay_alert_date', 'create_date', 'write_date', 'date_notice', 'date_confirmed', 'date_start', 'operation_date']
2025-11-18 16:43:27,325 - INFO - Successfully read Excel file with 92 rows
2025-11-18 16:43:27,325 - INFO - Excel columns: ['partner_id', 'scheduled_date', 'picking_type_id', 'date_done', 'origin', 'location_dest_id', 'default_code', 'product_uom_qty', 'price_unit', 'sequence']
2025-11-18 16:43:27,327 - INFO - Processed sequence column
2025-11-18 16:43:27,329 - INFO - scheduled_date dtype: datetime64[ns]
2025-11-18 16:43:27,329 - INFO - scheduled_date sample: 2025-11-18 00:00:00
2025-11-18 16:43:27,331 - INFO - Converted scheduled_date to string format. Sample: 2025-11-18 00:00:00
2025-11-18 16:43:27,332 - INFO - Fixed picking type name from 'My Company: OB FIFO' and 'คลังวัตถุดิบ 2: OB FIFO' to 'OB FIFO'
2025-11-18 16:43:27,333 - INFO - Using 'default_code' column as 'product_id'
2025-11-18 16:43:27,334 - INFO - Using 'origin' column to identify transfer groups
2025-11-18 16:43:27,337 - INFO - Excel file validation and data filling completed successfully
2025-11-18 16:43:28,522 - INFO - Searching for location: 'RM02/Stock'
2025-11-18 16:43:28,679 - INFO - Found location with complete_name match: 'RM02/Stock' for 'RM02/Stock'
2025-11-18 16:43:29,532 - INFO - Found partner ID 2160 for 'MOGEN_OB'
2025-11-18 16:43:29,737 - INFO - Created transfer for date 2025-11-18 00:00:00 sequence 1 with picking ID 67
2025-11-18 16:43:29,740 - INFO - Processing Excel row 1: {'partner_id': 'MOGEN_OB', 'scheduled_date': Timestamp('2025-11-18 00:00:00'), 'picking_type_id': 'OB FIFO', 'date_done': Timestamp('2025-11-18 00:00:00'), 'origin': 'คลังวัถุดิบ2', 'location_dest_id': 'RM02/Stock', 'default_code': 303020015, 'product_uom_qty': 100, 'price_unit': 100, 'sequence': 1, 'scheduled_date_orig': Timestamp('2025-11-18 00:00:00'), 'product_id': 303020015}
2025-11-18 16:43:29,742 - INFO - Searching for product with code: '303020015' and old code: '303020015'
2025-11-18 16:43:30,669 - INFO - Found product with exact match on default_code: '303020015'
2025-11-18 16:43:30,739 - INFO - Prepared product 303020015 with quantity 100.0 for batch creation
2025-11-18 16:43:30,740 - INFO - Move locations - Source: 4, Dest: 116
2025-11-18 16:43:30,741 - INFO - Processing Excel row 2: {'partner_id': 'MOGEN_OB', 'scheduled_date': Timestamp('2025-11-18 00:00:00'), 'picking_type_id': 'OB FIFO', 'date_done': Timestamp('2025-11-18 00:00:00'), 'origin': 'คลังวัถุดิบ2', 'location_dest_id': 'RM02/Stock', 'default_code': 406010066, 'product_uom_qty': 100, 'price_unit': 100, 'sequence': 2, 'scheduled_date_orig': Timestamp('2025-11-18 00:00:00'), 'product_id': 406010066}
2025-11-18 16:43:30,742 - INFO - Searching for product with code: '406010066' and old code: '406010066'
2025-11-18 16:43:30,795 - INFO - Found product with exact match on default_code: '406010066'
2025-11-18 16:43:30,861 - INFO - Prepared product 406010066 with quantity 100.0 for batch creation
2025-11-18 16:43:30,862 - INFO - Move locations - Source: 4, Dest: 116
2025-11-18 16:43:30,863 - INFO - Processing Excel row 3: {'partner_id': 'MOGEN_OB', 'scheduled_date': Timestamp('2025-11-18 00:00:00'), 'picking_type_id': 'OB FIFO', 'date_done': Timestamp('2025-11-18 00:00:00'), 'origin': 'คลังวัถุดิบ2', 'location_dest_id': 'RM02/Stock', 'default_code': 402020002, 'product_uom_qty': 100, 'price_unit': 100, 'sequence': 3, 'scheduled_date_orig': Timestamp('2025-11-18 00:00:00'), 'product_id': 402020002}
2025-11-18 16:43:30,863 - INFO - Searching for product with code: '402020002' and old code: '402020002'
2025-11-18 16:43:30,954 - INFO - Found product with exact match on default_code: '402020002'
2025-11-18 16:43:31,035 - INFO - Prepared product 402020002 with quantity 100.0 for batch creation
2025-11-18 16:43:31,035 - INFO - Move locations - Source: 4, Dest: 116
2025-11-18 16:43:31,036 - INFO - Processing Excel row 4: {'partner_id': 'MOGEN_OB', 'scheduled_date': Timestamp('2025-11-18 00:00:00'), 'picking_type_id': 'OB FIFO', 'date_done': Timestamp('2025-11-18 00:00:00'), 'origin': 'คลังวัถุดิบ2', 'location_dest_id': 'RM02/Stock', 'default_code': 402020003, 'product_uom_qty': 100, 'price_unit': 100, 'sequence': 4, 'scheduled_date_orig': Timestamp('2025-11-18 00:00:00'), 'product_id': 402020003}
2025-11-18 16:43:31,036 - INFO - Searching for product with code: '402020003' and old code: '402020003'
2025-11-18 16:43:31,893 - INFO - Found product with exact match on default_code: '402020003'
2025-11-18 16:43:31,943 - INFO - Prepared product 402020003 with quantity 100.0 for batch creation
2025-11-18 16:43:31,944 - INFO - Move locations - Source: 4, Dest: 116
2025-11-18 16:43:31,945 - INFO - Processing Excel row 5: {'partner_id': 'MOGEN_OB', 'scheduled_date': Timestamp('2025-11-18 00:00:00'), 'picking_type_id': 'OB FIFO', 'date_done': Timestamp('2025-11-18 00:00:00'), 'origin': 'คลังวัถุดิบ2', 'location_dest_id': 'RM02/Stock', 'default_code': 402020001, 'product_uom_qty': 100, 'price_unit': 100, 'sequence': 5, 'scheduled_date_orig': Timestamp('2025-11-18 00:00:00'), 'product_id': 402020001}
2025-11-18 16:43:31,945 - INFO - Searching for product with code: '402020001' and old code: '402020001'
2025-11-18 16:43:31,993 - INFO - Found product with exact match on default_code: '402020001'
2025-11-18 16:43:32,047 - INFO - Prepared product 402020001 with quantity 100.0 for batch creation
2025-11-18 16:43:32,047 - INFO - Move locations - Source: 4, Dest: 116
2025-11-18 16:43:32,048 - INFO - Processing Excel row 6: {'partner_id': 'MOGEN_OB', 'scheduled_date': Timestamp('2025-11-18 00:00:00'), 'picking_type_id': 'OB FIFO', 'date_done': Timestamp('2025-11-18 00:00:00'), 'origin': 'คลังวัถุดิบ2', 'location_dest_id': 'RM02/Stock', 'default_code': 409090004, 'product_uom_qty': 100, 'price_unit': 100, 'sequence': 6, 'scheduled_date_orig': Timestamp('2025-11-18 00:00:00'), 'product_id': 409090004}
2025-11-18 16:43:32,048 - INFO - Searching for product with code: '409090004' and old code: '409090004'
2025-11-18 16:43:32,096 - INFO - Found product with exact match on default_code: '409090004'
2025-11-18 16:43:32,145 - INFO - Prepared product 409090004 with quantity 100.0 for batch creation
2025-11-18 16:43:32,145 - INFO - Move locations - Source: 4, Dest: 116
2025-11-18 16:43:32,146 - INFO - Processing Excel row 7: {'partner_id': 'MOGEN_OB', 'scheduled_date': Timestamp('2025-11-18 00:00:00'), 'picking_type_id': 'OB FIFO', 'date_done': Timestamp('2025-11-18 00:00:00'), 'origin': 'คลังวัถุดิบ2', 'location_dest_id': 'RM02/Stock', 'default_code': 409060002, 'product_uom_qty': 100, 'price_unit': 100, 'sequence': 7, 'scheduled_date_orig': Timestamp('2025-11-18 00:00:00'), 'product_id': 409060002}
2025-11-18 16:43:32,146 - INFO - Searching for product with code: '409060002' and old code: '409060002'
2025-11-18 16:43:32,193 - INFO - Found product with exact match on default_code: '409060002'
2025-11-18 16:43:32,244 - INFO - Prepared product 409060002 with quantity 100.0 for batch creation
2025-11-18 16:43:32,244 - INFO - Move locations - Source: 4, Dest: 116
2025-11-18 16:43:32,245 - INFO - Processing Excel row 8: {'partner_id': 'MOGEN_OB', 'scheduled_date': Timestamp('2025-11-18 00:00:00'), 'picking_type_id': 'OB FIFO', 'date_done': Timestamp('2025-11-18 00:00:00'), 'origin': 'คลังวัถุดิบ2', 'location_dest_id': 'RM02/Stock', 'default_code': 409040001, 'product_uom_qty': 100, 'price_unit': 100, 'sequence': 8, 'scheduled_date_orig': Timestamp('2025-11-18 00:00:00'), 'product_id': 409040001}
2025-11-18 16:43:32,245 - INFO - Searching for product with code: '409040001' and old code: '409040001'
2025-11-18 16:43:32,289 - INFO - Found product with exact match on default_code: '409040001'
2025-11-18 16:43:32,344 - INFO - Prepared product 409040001 with quantity 100.0 for batch creation
2025-11-18 16:43:32,344 - INFO - Move locations - Source: 4, Dest: 116
2025-11-18 16:43:32,345 - INFO - Processing Excel row 9: {'partner_id': 'MOGEN_OB', 'scheduled_date': Timestamp('2025-11-18 00:00:00'), 'picking_type_id': 'OB FIFO', 'date_done': Timestamp('2025-11-18 00:00:00'), 'origin': 'คลังวัถุดิบ2', 'location_dest_id': 'RM02/Stock', 'default_code': 409230007, 'product_uom_qty': 100, 'price_unit': 100, 'sequence': 9, 'scheduled_date_orig': Timestamp('2025-11-18 00:00:00'), 'product_id': 409230007}
2025-11-18 16:43:32,345 - INFO - Searching for product with code: '409230007' and old code: '409230007'
2025-11-18 16:43:32,395 - INFO - Found product with exact match on default_code: '409230007'
2025-11-18 16:43:32,453 - INFO - Prepared product 409230007 with quantity 100.0 for batch creation
2025-11-18 16:43:32,453 - INFO - Move locations - Source: 4, Dest: 116
2025-11-18 16:43:32,454 - INFO - Processing Excel row 10: {'partner_id': 'MOGEN_OB', 'scheduled_date': Timestamp('2025-11-18 00:00:00'), 'picking_type_id': 'OB FIFO', 'date_done': Timestamp('2025-11-18 00:00:00'), 'origin': 'คลังวัถุดิบ2', 'location_dest_id': 'RM02/Stock', 'default_code': 409250068, 'product_uom_qty': 100, 'price_unit': 100, 'sequence': 10, 'scheduled_date_orig': Timestamp('2025-11-18 00:00:00'), 'product_id': 409250068}
2025-11-18 16:43:32,454 - INFO - Searching for product with code: '409250068' and old code: '409250068'
2025-11-18 16:43:32,507 - INFO - Found product with exact match on default_code: '409250068'
2025-11-18 16:43:32,563 - INFO - Prepared product 409250068 with quantity 100.0 for batch creation
2025-11-18 16:43:32,564 - INFO - Move locations - Source: 4, Dest: 116
2025-11-18 16:43:32,564 - INFO - Processing Excel row 11: {'partner_id': 'MOGEN_OB', 'scheduled_date': Timestamp('2025-11-18 00:00:00'), 'picking_type_id': 'OB FIFO', 'date_done': Timestamp('2025-11-18 00:00:00'), 'origin': 'คลังวัถุดิบ2', 'location_dest_id': 'RM02/Stock', 'default_code': 409110001, 'product_uom_qty': 100, 'price_unit': 100, 'sequence': 11, 'scheduled_date_orig': Timestamp('2025-11-18 00:00:00'), 'product_id': 409110001}
2025-11-18 16:43:32,565 - INFO - Searching for product with code: '409110001' and old code: '409110001'
2025-11-18 16:43:32,611 - INFO - Found product with exact match on default_code: '409110001'
2025-11-18 16:43:32,671 - INFO - Prepared product 409110001 with quantity 100.0 for batch creation
2025-11-18 16:43:32,671 - INFO - Move locations - Source: 4, Dest: 116
2025-11-18 16:43:32,672 - INFO - Processing Excel row 12: {'partner_id': 'MOGEN_OB', 'scheduled_date': Timestamp('2025-11-18 00:00:00'), 'picking_type_id': 'OB FIFO', 'date_done': Timestamp('2025-11-18 00:00:00'), 'origin': 'คลังวัถุดิบ2', 'location_dest_id': 'RM02/Stock', 'default_code': 409180005, 'product_uom_qty': 100, 'price_unit': 100, 'sequence': 12, 'scheduled_date_orig': Timestamp('2025-11-18 00:00:00'), 'product_id': 409180005}
2025-11-18 16:43:32,672 - INFO - Searching for product with code: '409180005' and old code: '409180005'
2025-11-18 16:43:32,718 - INFO - Found product with exact match on default_code: '409180005'
2025-11-18 16:43:32,768 - INFO - Prepared product 409180005 with quantity 100.0 for batch creation
2025-11-18 16:43:32,768 - INFO - Move locations - Source: 4, Dest: 116
2025-11-18 16:43:32,769 - INFO - Processing Excel row 13: {'partner_id': 'MOGEN_OB', 'scheduled_date': Timestamp('2025-11-18 00:00:00'), 'picking_type_id': 'OB FIFO', 'date_done': Timestamp('2025-11-18 00:00:00'), 'origin': 'คลังวัถุดิบ2', 'location_dest_id': 'RM02/Stock', 'default_code': 408010002, 'product_uom_qty': 100, 'price_unit': 100, 'sequence': 13, 'scheduled_date_orig': Timestamp('2025-11-18 00:00:00'), 'product_id': 408010002}
2025-11-18 16:43:32,769 - INFO - Searching for product with code: '408010002' and old code: '408010002'
2025-11-18 16:43:32,818 - INFO - Found product with exact match on default_code: '408010002'
2025-11-18 16:43:32,872 - INFO - Prepared product 408010002 with quantity 100.0 for batch creation
2025-11-18 16:43:32,872 - INFO - Move locations - Source: 4, Dest: 116
2025-11-18 16:43:32,873 - INFO - Processing Excel row 14: {'partner_id': 'MOGEN_OB', 'scheduled_date': Timestamp('2025-11-18 00:00:00'), 'picking_type_id': 'OB FIFO', 'date_done': Timestamp('2025-11-18 00:00:00'), 'origin': 'คลังวัถุดิบ2', 'location_dest_id': 'RM02/Stock', 'default_code': 409250031, 'product_uom_qty': 100, 'price_unit': 100, 'sequence': 14, 'scheduled_date_orig': Timestamp('2025-11-18 00:00:00'), 'product_id': 409250031}
2025-11-18 16:43:32,874 - INFO - Searching for product with code: '409250031' and old code: '409250031'
2025-11-18 16:43:32,923 - INFO - Found product with exact match on default_code: '409250031'
2025-11-18 16:43:33,018 - INFO - Prepared product 409250031 with quantity 100.0 for batch creation
2025-11-18 16:43:33,019 - INFO - Move locations - Source: 4, Dest: 116
2025-11-18 16:43:33,019 - INFO - Processing Excel row 15: {'partner_id': 'MOGEN_OB', 'scheduled_date': Timestamp('2025-11-18 00:00:00'), 'picking_type_id': 'OB FIFO', 'date_done': Timestamp('2025-11-18 00:00:00'), 'origin': 'คลังวัถุดิบ2', 'location_dest_id': 'RM02/Stock', 'default_code': 409150003, 'product_uom_qty': 100, 'price_unit': 100, 'sequence': 15, 'scheduled_date_orig': Timestamp('2025-11-18 00:00:00'), 'product_id': 409150003}
2025-11-18 16:43:33,020 - INFO - Searching for product with code: '409150003' and old code: '409150003'
2025-11-18 16:43:33,082 - INFO - Found product with exact match on default_code: '409150003'
2025-11-18 16:43:33,141 - INFO - Prepared product 409150003 with quantity 100.0 for batch creation
2025-11-18 16:43:33,141 - INFO - Move locations - Source: 4, Dest: 116
2025-11-18 16:43:33,142 - INFO - Processing Excel row 16: {'partner_id': 'MOGEN_OB', 'scheduled_date': Timestamp('2025-11-18 00:00:00'), 'picking_type_id': 'OB FIFO', 'date_done': Timestamp('2025-11-18 00:00:00'), 'origin': 'คลังวัถุดิบ2', 'location_dest_id': 'RM02/Stock', 'default_code': 409030003, 'product_uom_qty': 100, 'price_unit': 100, 'sequence': 16, 'scheduled_date_orig': Timestamp('2025-11-18 00:00:00'), 'product_id': 409030003}
2025-11-18 16:43:33,142 - INFO - Searching for product with code: '409030003' and old code: '409030003'
2025-11-18 16:43:33,207 - INFO - Found product with exact match on default_code: '409030003'
2025-11-18 16:43:33,259 - INFO - Prepared product 409030003 with quantity 100.0 for batch creation
2025-11-18 16:43:33,259 - INFO - Move locations - Source: 4, Dest: 116
2025-11-18 16:43:33,260 - INFO - Processing Excel row 17: {'partner_id': 'MOGEN_OB', 'scheduled_date': Timestamp('2025-11-18 00:00:00'), 'picking_type_id': 'OB FIFO', 'date_done': Timestamp('2025-11-18 00:00:00'), 'origin': 'คลังวัถุดิบ2', 'location_dest_id': 'RM02/Stock', 'default_code': 409050001, 'product_uom_qty': 100, 'price_unit': 100, 'sequence': 17, 'scheduled_date_orig': Timestamp('2025-11-18 00:00:00'), 'product_id': 409050001}
2025-11-18 16:43:33,260 - INFO - Searching for product with code: '409050001' and old code: '409050001'
2025-11-18 16:43:33,316 - INFO - Found product with exact match on default_code: '409050001'
2025-11-18 16:43:33,370 - INFO - Prepared product 409050001 with quantity 100.0 for batch creation
2025-11-18 16:43:33,371 - INFO - Move locations - Source: 4, Dest: 116
2025-11-18 16:43:33,371 - INFO - Processing Excel row 18: {'partner_id': 'MOGEN_OB', 'scheduled_date': Timestamp('2025-11-18 00:00:00'), 'picking_type_id': 'OB FIFO', 'date_done': Timestamp('2025-11-18 00:00:00'), 'origin': 'คลังวัถุดิบ2', 'location_dest_id': 'RM02/Stock', 'default_code': 409130001, 'product_uom_qty': 100, 'price_unit': 100, 'sequence': 18, 'scheduled_date_orig': Timestamp('2025-11-18 00:00:00'), 'product_id': 409130001}
2025-11-18 16:43:33,372 - INFO - Searching for product with code: '409130001' and old code: '409130001'
2025-11-18 16:43:33,420 - INFO - Found product with exact match on default_code: '409130001'
2025-11-18 16:43:33,485 - INFO - Prepared product 409130001 with quantity 100.0 for batch creation
2025-11-18 16:43:33,485 - INFO - Move locations - Source: 4, Dest: 116
2025-11-18 16:43:33,486 - INFO - Processing Excel row 19: {'partner_id': 'MOGEN_OB', 'scheduled_date': Timestamp('2025-11-18 00:00:00'), 'picking_type_id': 'OB FIFO', 'date_done': Timestamp('2025-11-18 00:00:00'), 'origin': 'คลังวัถุดิบ2', 'location_dest_id': 'RM02/Stock', 'default_code': 411040003, 'product_uom_qty': 100, 'price_unit': 100, 'sequence': 19, 'scheduled_date_orig': Timestamp('2025-11-18 00:00:00'), 'product_id': 411040003}
2025-11-18 16:43:33,486 - INFO - Searching for product with code: '411040003' and old code: '411040003'
2025-11-18 16:43:33,537 - INFO - Found product with exact match on default_code: '411040003'
2025-11-18 16:43:33,605 - INFO - Prepared product 411040003 with quantity 100.0 for batch creation
2025-11-18 16:43:33,606 - INFO - Move locations - Source: 4, Dest: 116
2025-11-18 16:43:33,607 - INFO - Processing Excel row 20: {'partner_id': 'MOGEN_OB', 'scheduled_date': Timestamp('2025-11-18 00:00:00'), 'picking_type_id': 'OB FIFO', 'date_done': Timestamp('2025-11-18 00:00:00'), 'origin': 'คลังวัถุดิบ2', 'location_dest_id': 'RM02/Stock', 'default_code': 301010006, 'product_uom_qty': 100, 'price_unit': 100, 'sequence': 20, 'scheduled_date_orig': Timestamp('2025-11-18 00:00:00'), 'product_id': 301010006}
2025-11-18 16:43:33,608 - INFO - Searching for product with code: '301010006' and old code: '301010006'
2025-11-18 16:43:33,685 - INFO - Found product with exact match on default_code: '301010006'
2025-11-18 16:43:33,760 - INFO - Prepared product 301010006 with quantity 100.0 for batch creation
2025-11-18 16:43:33,761 - INFO - Move locations - Source: 4, Dest: 116
2025-11-18 16:43:33,762 - INFO - Processing Excel row 21: {'partner_id': 'MOGEN_OB', 'scheduled_date': Timestamp('2025-11-18 00:00:00'), 'picking_type_id': 'OB FIFO', 'date_done': Timestamp('2025-11-18 00:00:00'), 'origin': 'คลังวัถุดิบ2', 'location_dest_id': 'RM02/Stock', 'default_code': 411050005, 'product_uom_qty': 100, 'price_unit': 100, 'sequence': 21, 'scheduled_date_orig': Timestamp('2025-11-18 00:00:00'), 'product_id': 411050005}
2025-11-18 16:43:33,762 - INFO - Searching for product with code: '411050005' and old code: '411050005'
2025-11-18 16:43:33,836 - INFO - Found product with exact match on default_code: '411050005'
2025-11-18 16:43:33,910 - INFO - Prepared product 411050005 with quantity 100.0 for batch creation
2025-11-18 16:43:33,911 - INFO - Move locations - Source: 4, Dest: 116
2025-11-18 16:43:33,912 - INFO - Processing Excel row 22: {'partner_id': 'MOGEN_OB', 'scheduled_date': Timestamp('2025-11-18 00:00:00'), 'picking_type_id': 'OB FIFO', 'date_done': Timestamp('2025-11-18 00:00:00'), 'origin': 'คลังวัถุดิบ2', 'location_dest_id': 'RM02/Stock', 'default_code': 410060007, 'product_uom_qty': 100, 'price_unit': 100, 'sequence': 22, 'scheduled_date_orig': Timestamp('2025-11-18 00:00:00'), 'product_id': 410060007}
2025-11-18 16:43:33,913 - INFO - Searching for product with code: '410060007' and old code: '410060007'
2025-11-18 16:43:33,988 - INFO - Found product with exact match on default_code: '410060007'
2025-11-18 16:43:34,044 - INFO - Prepared product 410060007 with quantity 100.0 for batch creation
2025-11-18 16:43:34,045 - INFO - Move locations - Source: 4, Dest: 116
2025-11-18 16:43:34,046 - INFO - Processing Excel row 23: {'partner_id': 'MOGEN_OB', 'scheduled_date': Timestamp('2025-11-18 00:00:00'), 'picking_type_id': 'OB FIFO', 'date_done': Timestamp('2025-11-18 00:00:00'), 'origin': 'คลังวัถุดิบ2', 'location_dest_id': 'RM02/Stock', 'default_code': 411050004, 'product_uom_qty': 100, 'price_unit': 100, 'sequence': 23, 'scheduled_date_orig': Timestamp('2025-11-18 00:00:00'), 'product_id': 411050004}
2025-11-18 16:43:34,046 - INFO - Searching for product with code: '411050004' and old code: '411050004'
2025-11-18 16:43:34,098 - INFO - Found product with exact match on default_code: '411050004'
2025-11-18 16:43:34,164 - INFO - Prepared product 411050004 with quantity 100.0 for batch creation
2025-11-18 16:43:34,164 - INFO - Move locations - Source: 4, Dest: 116
2025-11-18 16:43:34,165 - INFO - Processing Excel row 24: {'partner_id': 'MOGEN_OB', 'scheduled_date': Timestamp('2025-11-18 00:00:00'), 'picking_type_id': 'OB FIFO', 'date_done': Timestamp('2025-11-18 00:00:00'), 'origin': 'คลังวัถุดิบ2', 'location_dest_id': 'RM02/Stock', 'default_code': 411040004, 'product_uom_qty': 100, 'price_unit': 100, 'sequence': 24, 'scheduled_date_orig': Timestamp('2025-11-18 00:00:00'), 'product_id': 411040004}
2025-11-18 16:43:34,165 - INFO - Searching for product with code: '411040004' and old code: '411040004'
2025-11-18 16:43:34,215 - INFO - Found product with exact match on default_code: '411040004'
2025-11-18 16:43:34,270 - INFO - Prepared product 411040004 with quantity 100.0 for batch creation
2025-11-18 16:43:34,270 - INFO - Move locations - Source: 4, Dest: 116
2025-11-18 16:43:34,271 - INFO - Processing Excel row 25: {'partner_id': 'MOGEN_OB', 'scheduled_date': Timestamp('2025-11-18 00:00:00'), 'picking_type_id': 'OB FIFO', 'date_done': Timestamp('2025-11-18 00:00:00'), 'origin': 'คลังวัถุดิบ2', 'location_dest_id': 'RM02/Stock', 'default_code': 410060004, 'product_uom_qty': 100, 'price_unit': 100, 'sequence': 25, 'scheduled_date_orig': Timestamp('2025-11-18 00:00:00'), 'product_id': 410060004}
2025-11-18 16:43:34,271 - INFO - Searching for product with code: '410060004' and old code: '410060004'
2025-11-18 16:43:34,323 - INFO - Found product with exact match on default_code: '410060004'
2025-11-18 16:43:34,378 - INFO - Prepared product 410060004 with quantity 100.0 for batch creation
2025-11-18 16:43:34,378 - INFO - Move locations - Source: 4, Dest: 116
2025-11-18 16:43:34,379 - INFO - Processing Excel row 26: {'partner_id': 'MOGEN_OB', 'scheduled_date': Timestamp('2025-11-18 00:00:00'), 'picking_type_id': 'OB FIFO', 'date_done': Timestamp('2025-11-18 00:00:00'), 'origin': 'คลังวัถุดิบ2', 'location_dest_id': 'RM02/Stock', 'default_code': 409250051, 'product_uom_qty': 100, 'price_unit': 100, 'sequence': 26, 'scheduled_date_orig': Timestamp('2025-11-18 00:00:00'), 'product_id': 409250051}
2025-11-18 16:43:34,379 - INFO - Searching for product with code: '409250051' and old code: '409250051'
2025-11-18 16:43:34,439 - INFO - Found product with exact match on default_code: '409250051'
2025-11-18 16:43:34,503 - INFO - Prepared product 409250051 with quantity 100.0 for batch creation
2025-11-18 16:43:34,504 - INFO - Move locations - Source: 4, Dest: 116
2025-11-18 16:43:34,504 - INFO - Processing Excel row 27: {'partner_id': 'MOGEN_OB', 'scheduled_date': Timestamp('2025-11-18 00:00:00'), 'picking_type_id': 'OB FIFO', 'date_done': Timestamp('2025-11-18 00:00:00'), 'origin': 'คลังวัถุดิบ2', 'location_dest_id': 'RM02/Stock', 'default_code': 409250055, 'product_uom_qty': 100, 'price_unit': 100, 'sequence': 27, 'scheduled_date_orig': Timestamp('2025-11-18 00:00:00'), 'product_id': 409250055}
2025-11-18 16:43:34,504 - INFO - Searching for product with code: '409250055' and old code: '409250055'
2025-11-18 16:43:34,549 - INFO - Found product with exact match on default_code: '409250055'
2025-11-18 16:43:34,604 - INFO - Prepared product 409250055 with quantity 100.0 for batch creation
2025-11-18 16:43:34,604 - INFO - Move locations - Source: 4, Dest: 116
2025-11-18 16:43:34,605 - INFO - Processing Excel row 28: {'partner_id': 'MOGEN_OB', 'scheduled_date': Timestamp('2025-11-18 00:00:00'), 'picking_type_id': 'OB FIFO', 'date_done': Timestamp('2025-11-18 00:00:00'), 'origin': 'คลังวัถุดิบ2', 'location_dest_id': 'RM02/Stock', 'default_code': 409250050, 'product_uom_qty': 100, 'price_unit': 100, 'sequence': 28, 'scheduled_date_orig': Timestamp('2025-11-18 00:00:00'), 'product_id': 409250050}
2025-11-18 16:43:34,605 - INFO - Searching for product with code: '409250050' and old code: '409250050'
2025-11-18 16:43:34,653 - INFO - Found product with exact match on default_code: '409250050'
2025-11-18 16:43:34,705 - INFO - Prepared product 409250050 with quantity 100.0 for batch creation
2025-11-18 16:43:34,705 - INFO - Move locations - Source: 4, Dest: 116
2025-11-18 16:43:34,706 - INFO - Processing Excel row 29: {'partner_id': 'MOGEN_OB', 'scheduled_date': Timestamp('2025-11-18 00:00:00'), 'picking_type_id': 'OB FIFO', 'date_done': Timestamp('2025-11-18 00:00:00'), 'origin': 'คลังวัถุดิบ2', 'location_dest_id': 'RM02/Stock', 'default_code': 409170019, 'product_uom_qty': 100, 'price_unit': 100, 'sequence': 29, 'scheduled_date_orig': Timestamp('2025-11-18 00:00:00'), 'product_id': 409170019}
2025-11-18 16:43:34,706 - INFO - Searching for product with code: '409170019' and old code: '409170019'
2025-11-18 16:43:34,758 - INFO - Found product with exact match on default_code: '409170019'
2025-11-18 16:43:34,810 - INFO - Prepared product 409170019 with quantity 100.0 for batch creation
2025-11-18 16:43:34,811 - INFO - Move locations - Source: 4, Dest: 116
2025-11-18 16:43:34,811 - INFO - Processing Excel row 30: {'partner_id': 'MOGEN_OB', 'scheduled_date': Timestamp('2025-11-18 00:00:00'), 'picking_type_id': 'OB FIFO', 'date_done': Timestamp('2025-11-18 00:00:00'), 'origin': 'คลังวัถุดิบ2', 'location_dest_id': 'RM02/Stock', 'default_code': 303020015, 'product_uom_qty': 100, 'price_unit': 100, 'sequence': 30, 'scheduled_date_orig': Timestamp('2025-11-18 00:00:00'), 'product_id': 303020015}
2025-11-18 16:43:34,812 - INFO - Using cached product ID for code: '303020015'
2025-11-18 16:43:34,812 - INFO - Prepared product 303020015 with quantity 100.0 for batch creation
2025-11-18 16:43:34,813 - INFO - Move locations - Source: 4, Dest: 116
2025-11-18 16:43:34,813 - INFO - Processing Excel row 31: {'partner_id': 'MOGEN_OB', 'scheduled_date': Timestamp('2025-11-18 00:00:00'), 'picking_type_id': 'OB FIFO', 'date_done': Timestamp('2025-11-18 00:00:00'), 'origin': 'คลังวัถุดิบ2', 'location_dest_id': 'RM02/Stock', 'default_code': 406010066, 'product_uom_qty': 100, 'price_unit': 100, 'sequence': 31, 'scheduled_date_orig': Timestamp('2025-11-18 00:00:00'), 'product_id': 406010066}
2025-11-18 16:43:34,813 - INFO - Using cached product ID for code: '406010066'
2025-11-18 16:43:34,814 - INFO - Prepared product 406010066 with quantity 100.0 for batch creation
2025-11-18 16:43:34,814 - INFO - Move locations - Source: 4, Dest: 116
2025-11-18 16:43:34,815 - INFO - Processing Excel row 32: {'partner_id': 'MOGEN_OB', 'scheduled_date': Timestamp('2025-11-18 00:00:00'), 'picking_type_id': 'OB FIFO', 'date_done': Timestamp('2025-11-18 00:00:00'), 'origin': 'คลังวัถุดิบ2', 'location_dest_id': 'RM02/Stock', 'default_code': 402020002, 'product_uom_qty': 100, 'price_unit': 100, 'sequence': 32, 'scheduled_date_orig': Timestamp('2025-11-18 00:00:00'), 'product_id': 402020002}
2025-11-18 16:43:34,815 - INFO - Using cached product ID for code: '402020002'
2025-11-18 16:43:34,816 - INFO - Prepared product 402020002 with quantity 100.0 for batch creation
2025-11-18 16:43:34,816 - INFO - Move locations - Source: 4, Dest: 116
2025-11-18 16:43:34,817 - INFO - Processing Excel row 33: {'partner_id': 'MOGEN_OB', 'scheduled_date': Timestamp('2025-11-18 00:00:00'), 'picking_type_id': 'OB FIFO', 'date_done': Timestamp('2025-11-18 00:00:00'), 'origin': 'คลังวัถุดิบ2', 'location_dest_id': 'RM02/Stock', 'default_code': 402020003, 'product_uom_qty': 100, 'price_unit': 100, 'sequence': 33, 'scheduled_date_orig': Timestamp('2025-11-18 00:00:00'), 'product_id': 402020003}
2025-11-18 16:43:34,818 - INFO - Using cached product ID for code: '402020003'
2025-11-18 16:43:34,818 - INFO - Prepared product 402020003 with quantity 100.0 for batch creation
2025-11-18 16:43:34,819 - INFO - Move locations - Source: 4, Dest: 116
2025-11-18 16:43:34,819 - INFO - Processing Excel row 34: {'partner_id': 'MOGEN_OB', 'scheduled_date': Timestamp('2025-11-18 00:00:00'), 'picking_type_id': 'OB FIFO', 'date_done': Timestamp('2025-11-18 00:00:00'), 'origin': 'คลังวัถุดิบ2', 'location_dest_id': 'RM02/Stock', 'default_code': 402020001, 'product_uom_qty': 100, 'price_unit': 100, 'sequence': 34, 'scheduled_date_orig': Timestamp('2025-11-18 00:00:00'), 'product_id': 402020001}
2025-11-18 16:43:34,820 - INFO - Using cached product ID for code: '402020001'
2025-11-18 16:43:34,820 - INFO - Prepared product 402020001 with quantity 100.0 for batch creation
2025-11-18 16:43:34,821 - INFO - Move locations - Source: 4, Dest: 116
2025-11-18 16:43:34,821 - INFO - Processing Excel row 35: {'partner_id': 'MOGEN_OB', 'scheduled_date': Timestamp('2025-11-18 00:00:00'), 'picking_type_id': 'OB FIFO', 'date_done': Timestamp('2025-11-18 00:00:00'), 'origin': 'คลังวัถุดิบ2', 'location_dest_id': 'RM02/Stock', 'default_code': 409090004, 'product_uom_qty': 100, 'price_unit': 100, 'sequence': 35, 'scheduled_date_orig': Timestamp('2025-11-18 00:00:00'), 'product_id': 409090004}
2025-11-18 16:43:34,822 - INFO - Using cached product ID for code: '409090004'
2025-11-18 16:43:34,822 - INFO - Prepared product 409090004 with quantity 100.0 for batch creation
2025-11-18 16:43:34,823 - INFO - Move locations - Source: 4, Dest: 116
2025-11-18 16:43:34,824 - INFO - Processing Excel row 36: {'partner_id': 'MOGEN_OB', 'scheduled_date': Timestamp('2025-11-18 00:00:00'), 'picking_type_id': 'OB FIFO', 'date_done': Timestamp('2025-11-18 00:00:00'), 'origin': 'คลังวัถุดิบ2', 'location_dest_id': 'RM02/Stock', 'default_code': 409060002, 'product_uom_qty': 100, 'price_unit': 100, 'sequence': 36, 'scheduled_date_orig': Timestamp('2025-11-18 00:00:00'), 'product_id': 409060002}
2025-11-18 16:43:34,824 - INFO - Using cached product ID for code: '409060002'
2025-11-18 16:43:34,825 - INFO - Prepared product 409060002 with quantity 100.0 for batch creation
2025-11-18 16:43:34,825 - INFO - Move locations - Source: 4, Dest: 116
2025-11-18 16:43:34,826 - INFO - Processing Excel row 37: {'partner_id': 'MOGEN_OB', 'scheduled_date': Timestamp('2025-11-18 00:00:00'), 'picking_type_id': 'OB FIFO', 'date_done': Timestamp('2025-11-18 00:00:00'), 'origin': 'คลังวัถุดิบ2', 'location_dest_id': 'RM02/Stock', 'default_code': 409040001, 'product_uom_qty': 100, 'price_unit': 100, 'sequence': 37, 'scheduled_date_orig': Timestamp('2025-11-18 00:00:00'), 'product_id': 409040001}
2025-11-18 16:43:34,826 - INFO - Using cached product ID for code: '409040001'
2025-11-18 16:43:34,827 - INFO - Prepared product 409040001 with quantity 100.0 for batch creation
2025-11-18 16:43:34,827 - INFO - Move locations - Source: 4, Dest: 116
2025-11-18 16:43:34,828 - INFO - Processing Excel row 38: {'partner_id': 'MOGEN_OB', 'scheduled_date': Timestamp('2025-11-18 00:00:00'), 'picking_type_id': 'OB FIFO', 'date_done': Timestamp('2025-11-18 00:00:00'), 'origin': 'คลังวัถุดิบ2', 'location_dest_id': 'RM02/Stock', 'default_code': 409230007, 'product_uom_qty': 100, 'price_unit': 100, 'sequence': 38, 'scheduled_date_orig': Timestamp('2025-11-18 00:00:00'), 'product_id': 409230007}
2025-11-18 16:43:34,828 - INFO - Using cached product ID for code: '409230007'
2025-11-18 16:43:34,828 - INFO - Prepared product 409230007 with quantity 100.0 for batch creation
2025-11-18 16:43:34,829 - INFO - Move locations - Source: 4, Dest: 116
2025-11-18 16:43:34,829 - INFO - Processing Excel row 39: {'partner_id': 'MOGEN_OB', 'scheduled_date': Timestamp('2025-11-18 00:00:00'), 'picking_type_id': 'OB FIFO', 'date_done': Timestamp('2025-11-18 00:00:00'), 'origin': 'คลังวัถุดิบ2', 'location_dest_id': 'RM02/Stock', 'default_code': 409250068, 'product_uom_qty': 100, 'price_unit': 100, 'sequence': 39, 'scheduled_date_orig': Timestamp('2025-11-18 00:00:00'), 'product_id': 409250068}
2025-11-18 16:43:34,830 - INFO - Using cached product ID for code: '409250068'
2025-11-18 16:43:34,830 - INFO - Prepared product 409250068 with quantity 100.0 for batch creation
2025-11-18 16:43:34,830 - INFO - Move locations - Source: 4, Dest: 116
2025-11-18 16:43:34,831 - INFO - Processing Excel row 40: {'partner_id': 'MOGEN_OB', 'scheduled_date': Timestamp('2025-11-18 00:00:00'), 'picking_type_id': 'OB FIFO', 'date_done': Timestamp('2025-11-18 00:00:00'), 'origin': 'คลังวัถุดิบ2', 'location_dest_id': 'RM02/Stock', 'default_code': 409110001, 'product_uom_qty': 100, 'price_unit': 100, 'sequence': 40, 'scheduled_date_orig': Timestamp('2025-11-18 00:00:00'), 'product_id': 409110001}
2025-11-18 16:43:34,831 - INFO - Using cached product ID for code: '409110001'
2025-11-18 16:43:34,831 - INFO - Prepared product 409110001 with quantity 100.0 for batch creation
2025-11-18 16:43:34,832 - INFO - Move locations - Source: 4, Dest: 116
2025-11-18 16:43:34,832 - INFO - Processing Excel row 41: {'partner_id': 'MOGEN_OB', 'scheduled_date': Timestamp('2025-11-18 00:00:00'), 'picking_type_id': 'OB FIFO', 'date_done': Timestamp('2025-11-18 00:00:00'), 'origin': 'คลังวัถุดิบ2', 'location_dest_id': 'RM02/Stock', 'default_code': 409180005, 'product_uom_qty': 100, 'price_unit': 100, 'sequence': 41, 'scheduled_date_orig': Timestamp('2025-11-18 00:00:00'), 'product_id': 409180005}
2025-11-18 16:43:34,833 - INFO - Using cached product ID for code: '409180005'
2025-11-18 16:43:34,833 - INFO - Prepared product 409180005 with quantity 100.0 for batch creation
2025-11-18 16:43:34,833 - INFO - Move locations - Source: 4, Dest: 116
2025-11-18 16:43:34,834 - INFO - Processing Excel row 42: {'partner_id': 'MOGEN_OB', 'scheduled_date': Timestamp('2025-11-18 00:00:00'), 'picking_type_id': 'OB FIFO', 'date_done': Timestamp('2025-11-18 00:00:00'), 'origin': 'คลังวัถุดิบ2', 'location_dest_id': 'RM02/Stock', 'default_code': 408010002, 'product_uom_qty': 100, 'price_unit': 100, 'sequence': 42, 'scheduled_date_orig': Timestamp('2025-11-18 00:00:00'), 'product_id': 408010002}
2025-11-18 16:43:34,835 - INFO - Using cached product ID for code: '408010002'
2025-11-18 16:43:34,835 - INFO - Prepared product 408010002 with quantity 100.0 for batch creation
2025-11-18 16:43:34,836 - INFO - Move locations - Source: 4, Dest: 116
2025-11-18 16:43:34,836 - INFO - Processing Excel row 43: {'partner_id': 'MOGEN_OB', 'scheduled_date': Timestamp('2025-11-18 00:00:00'), 'picking_type_id': 'OB FIFO', 'date_done': Timestamp('2025-11-18 00:00:00'), 'origin': 'คลังวัถุดิบ2', 'location_dest_id': 'RM02/Stock', 'default_code': 409250031, 'product_uom_qty': 100, 'price_unit': 100, 'sequence': 43, 'scheduled_date_orig': Timestamp('2025-11-18 00:00:00'), 'product_id': 409250031}
2025-11-18 16:43:34,836 - INFO - Using cached product ID for code: '409250031'
2025-11-18 16:43:34,837 - INFO - Prepared product 409250031 with quantity 100.0 for batch creation
2025-11-18 16:43:34,837 - INFO - Move locations - Source: 4, Dest: 116
2025-11-18 16:43:34,837 - INFO - Processing Excel row 44: {'partner_id': 'MOGEN_OB', 'scheduled_date': Timestamp('2025-11-18 00:00:00'), 'picking_type_id': 'OB FIFO', 'date_done': Timestamp('2025-11-18 00:00:00'), 'origin': 'คลังวัถุดิบ2', 'location_dest_id': 'RM02/Stock', 'default_code': 409150003, 'product_uom_qty': 100, 'price_unit': 100, 'sequence': 44, 'scheduled_date_orig': Timestamp('2025-11-18 00:00:00'), 'product_id': 409150003}
2025-11-18 16:43:34,838 - INFO - Using cached product ID for code: '409150003'
2025-11-18 16:43:34,838 - INFO - Prepared product 409150003 with quantity 100.0 for batch creation
2025-11-18 16:43:34,838 - INFO - Move locations - Source: 4, Dest: 116
2025-11-18 16:43:34,839 - INFO - Processing Excel row 45: {'partner_id': 'MOGEN_OB', 'scheduled_date': Timestamp('2025-11-18 00:00:00'), 'picking_type_id': 'OB FIFO', 'date_done': Timestamp('2025-11-18 00:00:00'), 'origin': 'คลังวัถุดิบ2', 'location_dest_id': 'RM02/Stock', 'default_code': 409030003, 'product_uom_qty': 100, 'price_unit': 100, 'sequence': 45, 'scheduled_date_orig': Timestamp('2025-11-18 00:00:00'), 'product_id': 409030003}
2025-11-18 16:43:34,839 - INFO - Using cached product ID for code: '409030003'
2025-11-18 16:43:34,839 - INFO - Prepared product 409030003 with quantity 100.0 for batch creation
2025-11-18 16:43:34,840 - INFO - Move locations - Source: 4, Dest: 116
2025-11-18 16:43:34,840 - INFO - Processing Excel row 46: {'partner_id': 'MOGEN_OB', 'scheduled_date': Timestamp('2025-11-18 00:00:00'), 'picking_type_id': 'OB FIFO', 'date_done': Timestamp('2025-11-18 00:00:00'), 'origin': 'คลังวัถุดิบ2', 'location_dest_id': 'RM02/Stock', 'default_code': 409050001, 'product_uom_qty': 100, 'price_unit': 100, 'sequence': 46, 'scheduled_date_orig': Timestamp('2025-11-18 00:00:00'), 'product_id': 409050001}
2025-11-18 16:43:34,840 - INFO - Using cached product ID for code: '409050001'
2025-11-18 16:43:34,841 - INFO - Prepared product 409050001 with quantity 100.0 for batch creation
2025-11-18 16:43:34,841 - INFO - Move locations - Source: 4, Dest: 116
2025-11-18 16:43:34,842 - INFO - Processing Excel row 47: {'partner_id': 'MOGEN_OB', 'scheduled_date': Timestamp('2025-11-18 00:00:00'), 'picking_type_id': 'OB FIFO', 'date_done': Timestamp('2025-11-18 00:00:00'), 'origin': 'คลังวัถุดิบ2', 'location_dest_id': 'RM02/Stock', 'default_code': 409130001, 'product_uom_qty': 100, 'price_unit': 100, 'sequence': 47, 'scheduled_date_orig': Timestamp('2025-11-18 00:00:00'), 'product_id': 409130001}
2025-11-18 16:43:34,842 - INFO - Using cached product ID for code: '409130001'
2025-11-18 16:43:34,843 - INFO - Prepared product 409130001 with quantity 100.0 for batch creation
2025-11-18 16:43:34,843 - INFO - Move locations - Source: 4, Dest: 116
2025-11-18 16:43:34,844 - INFO - Processing Excel row 48: {'partner_id': 'MOGEN_OB', 'scheduled_date': Timestamp('2025-11-18 00:00:00'), 'picking_type_id': 'OB FIFO', 'date_done': Timestamp('2025-11-18 00:00:00'), 'origin': 'คลังวัถุดิบ2', 'location_dest_id': 'RM02/Stock', 'default_code': 411040003, 'product_uom_qty': 100, 'price_unit': 100, 'sequence': 48, 'scheduled_date_orig': Timestamp('2025-11-18 00:00:00'), 'product_id': 411040003}
2025-11-18 16:43:34,844 - INFO - Using cached product ID for code: '411040003'
2025-11-18 16:43:34,845 - INFO - Prepared product 411040003 with quantity 100.0 for batch creation
2025-11-18 16:43:34,845 - INFO - Move locations - Source: 4, Dest: 116
2025-11-18 16:43:34,845 - INFO - Processing Excel row 49: {'partner_id': 'MOGEN_OB', 'scheduled_date': Timestamp('2025-11-18 00:00:00'), 'picking_type_id': 'OB FIFO', 'date_done': Timestamp('2025-11-18 00:00:00'), 'origin': 'คลังวัถุดิบ2', 'location_dest_id': 'RM02/Stock', 'default_code': 301010006, 'product_uom_qty': 100, 'price_unit': 100, 'sequence': 49, 'scheduled_date_orig': Timestamp('2025-11-18 00:00:00'), 'product_id': 301010006}
2025-11-18 16:43:34,846 - INFO - Using cached product ID for code: '301010006'
2025-11-18 16:43:34,846 - INFO - Prepared product 301010006 with quantity 100.0 for batch creation
2025-11-18 16:43:34,846 - INFO - Move locations - Source: 4, Dest: 116
2025-11-18 16:43:34,847 - INFO - Processing Excel row 50: {'partner_id': 'MOGEN_OB', 'scheduled_date': Timestamp('2025-11-18 00:00:00'), 'picking_type_id': 'OB FIFO', 'date_done': Timestamp('2025-11-18 00:00:00'), 'origin': 'คลังวัถุดิบ2', 'location_dest_id': 'RM02/Stock', 'default_code': 411050005, 'product_uom_qty': 100, 'price_unit': 100, 'sequence': 50, 'scheduled_date_orig': Timestamp('2025-11-18 00:00:00'), 'product_id': 411050005}
2025-11-18 16:43:34,847 - INFO - Using cached product ID for code: '411050005'
2025-11-18 16:43:34,848 - INFO - Prepared product 411050005 with quantity 100.0 for batch creation
2025-11-18 16:43:34,848 - INFO - Move locations - Source: 4, Dest: 116
2025-11-18 16:43:34,848 - INFO - Processing Excel row 51: {'partner_id': 'MOGEN_OB', 'scheduled_date': Timestamp('2025-11-18 00:00:00'), 'picking_type_id': 'OB FIFO', 'date_done': Timestamp('2025-11-18 00:00:00'), 'origin': 'คลังวัถุดิบ2', 'location_dest_id': 'RM02/Stock', 'default_code': 410060007, 'product_uom_qty': 100, 'price_unit': 100, 'sequence': 51, 'scheduled_date_orig': Timestamp('2025-11-18 00:00:00'), 'product_id': 410060007}
2025-11-18 16:43:34,849 - INFO - Using cached product ID for code: '410060007'
2025-11-18 16:43:34,849 - INFO - Prepared product 410060007 with quantity 100.0 for batch creation
2025-11-18 16:43:34,849 - INFO - Move locations - Source: 4, Dest: 116
2025-11-18 16:43:34,850 - INFO - Processing Excel row 52: {'partner_id': 'MOGEN_OB', 'scheduled_date': Timestamp('2025-11-18 00:00:00'), 'picking_type_id': 'OB FIFO', 'date_done': Timestamp('2025-11-18 00:00:00'), 'origin': 'คลังวัถุดิบ2', 'location_dest_id': 'RM02/Stock', 'default_code': 411050004, 'product_uom_qty': 100, 'price_unit': 100, 'sequence': 52, 'scheduled_date_orig': Timestamp('2025-11-18 00:00:00'), 'product_id': 411050004}
2025-11-18 16:43:34,850 - INFO - Using cached product ID for code: '411050004'
2025-11-18 16:43:34,850 - INFO - Prepared product 411050004 with quantity 100.0 for batch creation
2025-11-18 16:43:34,850 - INFO - Move locations - Source: 4, Dest: 116
2025-11-18 16:43:34,851 - INFO - Processing Excel row 53: {'partner_id': 'MOGEN_OB', 'scheduled_date': Timestamp('2025-11-18 00:00:00'), 'picking_type_id': 'OB FIFO', 'date_done': Timestamp('2025-11-18 00:00:00'), 'origin': 'คลังวัถุดิบ2', 'location_dest_id': 'RM02/Stock', 'default_code': 411040004, 'product_uom_qty': 100, 'price_unit': 100, 'sequence': 53, 'scheduled_date_orig': Timestamp('2025-11-18 00:00:00'), 'product_id': 411040004}
2025-11-18 16:43:34,851 - INFO - Using cached product ID for code: '411040004'
2025-11-18 16:43:34,852 - INFO - Prepared product 411040004 with quantity 100.0 for batch creation
2025-11-18 16:43:34,852 - INFO - Move locations - Source: 4, Dest: 116
2025-11-18 16:43:34,853 - INFO - Processing Excel row 54: {'partner_id': 'MOGEN_OB', 'scheduled_date': Timestamp('2025-11-18 00:00:00'), 'picking_type_id': 'OB FIFO', 'date_done': Timestamp('2025-11-18 00:00:00'), 'origin': 'คลังวัถุดิบ2', 'location_dest_id': 'RM02/Stock', 'default_code': 410060004, 'product_uom_qty': 100, 'price_unit': 100, 'sequence': 54, 'scheduled_date_orig': Timestamp('2025-11-18 00:00:00'), 'product_id': 410060004}
2025-11-18 16:43:34,853 - INFO - Using cached product ID for code: '410060004'
2025-11-18 16:43:34,853 - INFO - Prepared product 410060004 with quantity 100.0 for batch creation
2025-11-18 16:43:34,854 - INFO - Move locations - Source: 4, Dest: 116
2025-11-18 16:43:34,854 - INFO - Processing Excel row 55: {'partner_id': 'MOGEN_OB', 'scheduled_date': Timestamp('2025-11-18 00:00:00'), 'picking_type_id': 'OB FIFO', 'date_done': Timestamp('2025-11-18 00:00:00'), 'origin': 'คลังวัถุดิบ2', 'location_dest_id': 'RM02/Stock', 'default_code': 409250051, 'product_uom_qty': 100, 'price_unit': 100, 'sequence': 55, 'scheduled_date_orig': Timestamp('2025-11-18 00:00:00'), 'product_id': 409250051}
2025-11-18 16:43:34,854 - INFO - Using cached product ID for code: '409250051'
2025-11-18 16:43:34,855 - INFO - Prepared product 409250051 with quantity 100.0 for batch creation
2025-11-18 16:43:34,855 - INFO - Move locations - Source: 4, Dest: 116
2025-11-18 16:43:34,856 - INFO - Processing Excel row 56: {'partner_id': 'MOGEN_OB', 'scheduled_date': Timestamp('2025-11-18 00:00:00'), 'picking_type_id': 'OB FIFO', 'date_done': Timestamp('2025-11-18 00:00:00'), 'origin': 'คลังวัถุดิบ2', 'location_dest_id': 'RM02/Stock', 'default_code': 409250055, 'product_uom_qty': 100, 'price_unit': 100, 'sequence': 56, 'scheduled_date_orig': Timestamp('2025-11-18 00:00:00'), 'product_id': 409250055}
2025-11-18 16:43:34,857 - INFO - Using cached product ID for code: '409250055'
2025-11-18 16:43:34,857 - INFO - Prepared product 409250055 with quantity 100.0 for batch creation
2025-11-18 16:43:34,858 - INFO - Move locations - Source: 4, Dest: 116
2025-11-18 16:43:34,858 - INFO - Processing Excel row 57: {'partner_id': 'MOGEN_OB', 'scheduled_date': Timestamp('2025-11-18 00:00:00'), 'picking_type_id': 'OB FIFO', 'date_done': Timestamp('2025-11-18 00:00:00'), 'origin': 'คลังวัถุดิบ2', 'location_dest_id': 'RM02/Stock', 'default_code': 409250050, 'product_uom_qty': 100, 'price_unit': 100, 'sequence': 57, 'scheduled_date_orig': Timestamp('2025-11-18 00:00:00'), 'product_id': 409250050}
2025-11-18 16:43:34,859 - INFO - Using cached product ID for code: '409250050'
2025-11-18 16:43:34,859 - INFO - Prepared product 409250050 with quantity 100.0 for batch creation
2025-11-18 16:43:34,860 - INFO - Move locations - Source: 4, Dest: 116
2025-11-18 16:43:34,860 - INFO - Processing Excel row 58: {'partner_id': 'MOGEN_OB', 'scheduled_date': Timestamp('2025-11-18 00:00:00'), 'picking_type_id': 'OB FIFO', 'date_done': Timestamp('2025-11-18 00:00:00'), 'origin': 'คลังวัถุดิบ2', 'location_dest_id': 'RM02/Stock', 'default_code': 409170019, 'product_uom_qty': 100, 'price_unit': 100, 'sequence': 58, 'scheduled_date_orig': Timestamp('2025-11-18 00:00:00'), 'product_id': 409170019}
2025-11-18 16:43:34,861 - INFO - Using cached product ID for code: '409170019'
2025-11-18 16:43:34,861 - INFO - Prepared product 409170019 with quantity 100.0 for batch creation
2025-11-18 16:43:34,861 - INFO - Move locations - Source: 4, Dest: 116
2025-11-18 16:43:34,862 - INFO - Processing Excel row 59: {'partner_id': 'MOGEN_OB', 'scheduled_date': Timestamp('2025-11-18 00:00:00'), 'picking_type_id': 'OB FIFO', 'date_done': Timestamp('2025-11-18 00:00:00'), 'origin': 'คลังวัถุดิบ2', 'location_dest_id': 'RM02/Stock', 'default_code': 409250054, 'product_uom_qty': 100, 'price_unit': 100, 'sequence': 59, 'scheduled_date_orig': Timestamp('2025-11-18 00:00:00'), 'product_id': 409250054}
2025-11-18 16:43:34,862 - INFO - Searching for product with code: '409250054' and old code: '409250054'
2025-11-18 16:43:34,909 - INFO - Found product with exact match on default_code: '409250054'
2025-11-18 16:43:34,966 - INFO - Prepared product 409250054 with quantity 100.0 for batch creation
2025-11-18 16:43:34,966 - INFO - Move locations - Source: 4, Dest: 116
2025-11-18 16:43:34,967 - INFO - Processing Excel row 60: {'partner_id': 'MOGEN_OB', 'scheduled_date': Timestamp('2025-11-18 00:00:00'), 'picking_type_id': 'OB FIFO', 'date_done': Timestamp('2025-11-18 00:00:00'), 'origin': 'คลังวัถุดิบ2', 'location_dest_id': 'RM02/Stock', 'default_code': 304010030, 'product_uom_qty': 100, 'price_unit': 100, 'sequence': 60, 'scheduled_date_orig': Timestamp('2025-11-18 00:00:00'), 'product_id': 304010030}
2025-11-18 16:43:34,967 - INFO - Searching for product with code: '304010030' and old code: '304010030'
2025-11-18 16:43:35,016 - INFO - Found product with exact match on default_code: '304010030'
2025-11-18 16:43:35,073 - INFO - Prepared product 304010030 with quantity 100.0 for batch creation
2025-11-18 16:43:35,073 - INFO - Move locations - Source: 4, Dest: 116
2025-11-18 16:43:35,074 - INFO - Processing Excel row 61: {'partner_id': 'MOGEN_OB', 'scheduled_date': Timestamp('2025-11-18 00:00:00'), 'picking_type_id': 'OB FIFO', 'date_done': Timestamp('2025-11-18 00:00:00'), 'origin': 'คลังวัถุดิบ2', 'location_dest_id': 'RM02/Stock', 'default_code': 406010104, 'product_uom_qty': 100, 'price_unit': 100, 'sequence': 61, 'scheduled_date_orig': Timestamp('2025-11-18 00:00:00'), 'product_id': 406010104}
2025-11-18 16:43:35,074 - INFO - Searching for product with code: '406010104' and old code: '406010104'
2025-11-18 16:43:35,130 - INFO - Found product with exact match on default_code: '406010104'
2025-11-18 16:43:35,195 - INFO - Prepared product 406010104 with quantity 100.0 for batch creation
2025-11-18 16:43:35,195 - INFO - Move locations - Source: 4, Dest: 116
2025-11-18 16:43:35,196 - INFO - Processing Excel row 62: {'partner_id': 'MOGEN_OB', 'scheduled_date': Timestamp('2025-11-18 00:00:00'), 'picking_type_id': 'OB FIFO', 'date_done': Timestamp('2025-11-18 00:00:00'), 'origin': 'คลังวัถุดิบ2', 'location_dest_id': 'RM02/Stock', 'default_code': 406010107, 'product_uom_qty': 100, 'price_unit': 100, 'sequence': 62, 'scheduled_date_orig': Timestamp('2025-11-18 00:00:00'), 'product_id': 406010107}
2025-11-18 16:43:35,197 - INFO - Searching for product with code: '406010107' and old code: '406010107'
2025-11-18 16:43:35,243 - INFO - Found product with exact match on default_code: '406010107'
2025-11-18 16:43:35,290 - INFO - Prepared product 406010107 with quantity 100.0 for batch creation
2025-11-18 16:43:35,291 - INFO - Move locations - Source: 4, Dest: 116
2025-11-18 16:43:35,292 - INFO - Processing Excel row 63: {'partner_id': 'MOGEN_OB', 'scheduled_date': Timestamp('2025-11-18 00:00:00'), 'picking_type_id': 'OB FIFO', 'date_done': Timestamp('2025-11-18 00:00:00'), 'origin': 'คลังวัถุดิบ2', 'location_dest_id': 'RM02/Stock', 'default_code': 413010293, 'product_uom_qty': 100, 'price_unit': 100, 'sequence': 63, 'scheduled_date_orig': Timestamp('2025-11-18 00:00:00'), 'product_id': 413010293}
2025-11-18 16:43:35,292 - INFO - Searching for product with code: '413010293' and old code: '413010293'
2025-11-18 16:43:35,338 - INFO - Found product with exact match on default_code: '413010293'
2025-11-18 16:43:35,387 - INFO - Prepared product 413010293 with quantity 100.0 for batch creation
2025-11-18 16:43:35,387 - INFO - Move locations - Source: 4, Dest: 116
2025-11-18 16:43:35,387 - INFO - Processing Excel row 64: {'partner_id': 'MOGEN_OB', 'scheduled_date': Timestamp('2025-11-18 00:00:00'), 'picking_type_id': 'OB FIFO', 'date_done': Timestamp('2025-11-18 00:00:00'), 'origin': 'คลังวัถุดิบ2', 'location_dest_id': 'RM02/Stock', 'default_code': 409040001, 'product_uom_qty': 100, 'price_unit': 100, 'sequence': 64, 'scheduled_date_orig': Timestamp('2025-11-18 00:00:00'), 'product_id': 409040001}
2025-11-18 16:43:35,388 - INFO - Using cached product ID for code: '409040001'
2025-11-18 16:43:35,388 - INFO - Prepared product 409040001 with quantity 100.0 for batch creation
2025-11-18 16:43:35,388 - INFO - Move locations - Source: 4, Dest: 116
2025-11-18 16:43:35,389 - INFO - Processing Excel row 65: {'partner_id': 'MOGEN_OB', 'scheduled_date': Timestamp('2025-11-18 00:00:00'), 'picking_type_id': 'OB FIFO', 'date_done': Timestamp('2025-11-18 00:00:00'), 'origin': 'คลังวัถุดิบ2', 'location_dest_id': 'RM02/Stock', 'default_code': 409150003, 'product_uom_qty': 100, 'price_unit': 100, 'sequence': 65, 'scheduled_date_orig': Timestamp('2025-11-18 00:00:00'), 'product_id': 409150003}
2025-11-18 16:43:35,389 - INFO - Using cached product ID for code: '409150003'
2025-11-18 16:43:35,389 - INFO - Prepared product 409150003 with quantity 100.0 for batch creation
2025-11-18 16:43:35,390 - INFO - Move locations - Source: 4, Dest: 116
2025-11-18 16:43:35,390 - INFO - Processing Excel row 66: {'partner_id': 'MOGEN_OB', 'scheduled_date': Timestamp('2025-11-18 00:00:00'), 'picking_type_id': 'OB FIFO', 'date_done': Timestamp('2025-11-18 00:00:00'), 'origin': 'คลังวัถุดิบ2', 'location_dest_id': 'RM02/Stock', 'default_code': 409030003, 'product_uom_qty': 100, 'price_unit': 100, 'sequence': 66, 'scheduled_date_orig': Timestamp('2025-11-18 00:00:00'), 'product_id': 409030003}
2025-11-18 16:43:35,390 - INFO - Using cached product ID for code: '409030003'
2025-11-18 16:43:35,391 - INFO - Prepared product 409030003 with quantity 100.0 for batch creation
2025-11-18 16:43:35,391 - INFO - Move locations - Source: 4, Dest: 116
2025-11-18 16:43:35,391 - INFO - Processing Excel row 67: {'partner_id': 'MOGEN_OB', 'scheduled_date': Timestamp('2025-11-18 00:00:00'), 'picking_type_id': 'OB FIFO', 'date_done': Timestamp('2025-11-18 00:00:00'), 'origin': 'คลังวัถุดิบ2', 'location_dest_id': 'RM02/Stock', 'default_code': 409050001, 'product_uom_qty': 100, 'price_unit': 100, 'sequence': 67, 'scheduled_date_orig': Timestamp('2025-11-18 00:00:00'), 'product_id': 409050001}
2025-11-18 16:43:35,392 - INFO - Using cached product ID for code: '409050001'
2025-11-18 16:43:35,392 - INFO - Prepared product 409050001 with quantity 100.0 for batch creation
2025-11-18 16:43:35,392 - INFO - Move locations - Source: 4, Dest: 116
2025-11-18 16:43:35,393 - INFO - Processing Excel row 68: {'partner_id': 'MOGEN_OB', 'scheduled_date': Timestamp('2025-11-18 00:00:00'), 'picking_type_id': 'OB FIFO', 'date_done': Timestamp('2025-11-18 00:00:00'), 'origin': 'คลังวัถุดิบ2', 'location_dest_id': 'RM02/Stock', 'default_code': 409180009, 'product_uom_qty': 100, 'price_unit': 100, 'sequence': 68, 'scheduled_date_orig': Timestamp('2025-11-18 00:00:00'), 'product_id': 409180009}
2025-11-18 16:43:35,393 - INFO - Searching for product with code: '409180009' and old code: '409180009'
2025-11-18 16:43:35,446 - INFO - Found product with exact match on default_code: '409180009'
2025-11-18 16:43:35,495 - INFO - Prepared product 409180009 with quantity 100.0 for batch creation
2025-11-18 16:43:35,495 - INFO - Move locations - Source: 4, Dest: 116
2025-11-18 16:43:35,496 - INFO - Processing Excel row 69: {'partner_id': 'MOGEN_OB', 'scheduled_date': Timestamp('2025-11-18 00:00:00'), 'picking_type_id': 'OB FIFO', 'date_done': Timestamp('2025-11-18 00:00:00'), 'origin': 'คลังวัถุดิบ2', 'location_dest_id': 'RM02/Stock', 'default_code': 409110001, 'product_uom_qty': 100, 'price_unit': 100, 'sequence': 69, 'scheduled_date_orig': Timestamp('2025-11-18 00:00:00'), 'product_id': 409110001}
2025-11-18 16:43:35,496 - INFO - Using cached product ID for code: '409110001'
2025-11-18 16:43:35,496 - INFO - Prepared product 409110001 with quantity 100.0 for batch creation
2025-11-18 16:43:35,496 - INFO - Move locations - Source: 4, Dest: 116
2025-11-18 16:43:35,497 - INFO - Processing Excel row 70: {'partner_id': 'MOGEN_OB', 'scheduled_date': Timestamp('2025-11-18 00:00:00'), 'picking_type_id': 'OB FIFO', 'date_done': Timestamp('2025-11-18 00:00:00'), 'origin': 'คลังวัถุดิบ2', 'location_dest_id': 'RM02/Stock', 'default_code': 409090004, 'product_uom_qty': 100, 'price_unit': 100, 'sequence': 70, 'scheduled_date_orig': Timestamp('2025-11-18 00:00:00'), 'product_id': 409090004}
2025-11-18 16:43:35,497 - INFO - Using cached product ID for code: '409090004'
2025-11-18 16:43:35,497 - INFO - Prepared product 409090004 with quantity 100.0 for batch creation
2025-11-18 16:43:35,498 - INFO - Move locations - Source: 4, Dest: 116
2025-11-18 16:43:35,498 - INFO - Processing Excel row 71: {'partner_id': 'MOGEN_OB', 'scheduled_date': Timestamp('2025-11-18 00:00:00'), 'picking_type_id': 'OB FIFO', 'date_done': Timestamp('2025-11-18 00:00:00'), 'origin': 'คลังวัถุดิบ2', 'location_dest_id': 'RM02/Stock', 'default_code': 409190001, 'product_uom_qty': 100, 'price_unit': 100, 'sequence': 71, 'scheduled_date_orig': Timestamp('2025-11-18 00:00:00'), 'product_id': 409190001}
2025-11-18 16:43:35,498 - INFO - Searching for product with code: '409190001' and old code: '409190001'
2025-11-18 16:43:35,549 - INFO - Found product with exact match on default_code: '409190001'
2025-11-18 16:43:35,600 - INFO - Prepared product 409190001 with quantity 100.0 for batch creation
2025-11-18 16:43:35,600 - INFO - Move locations - Source: 4, Dest: 116
2025-11-18 16:43:35,601 - INFO - Processing Excel row 72: {'partner_id': 'MOGEN_OB', 'scheduled_date': Timestamp('2025-11-18 00:00:00'), 'picking_type_id': 'OB FIFO', 'date_done': Timestamp('2025-11-18 00:00:00'), 'origin': 'คลังวัถุดิบ2', 'location_dest_id': 'RM02/Stock', 'default_code': 'SP0029810001', 'product_uom_qty': 100, 'price_unit': 100, 'sequence': 72, 'scheduled_date_orig': Timestamp('2025-11-18 00:00:00'), 'product_id': 'SP0029810001'}
2025-11-18 16:43:35,601 - INFO - Searching for product with code: 'SP0029810001' and old code: 'SP0029810001'
2025-11-18 16:43:35,647 - INFO - Found product with exact match on default_code: 'SP0029810001'
2025-11-18 16:43:35,707 - INFO - Prepared product SP0029810001 with quantity 100.0 for batch creation
2025-11-18 16:43:35,707 - INFO - Move locations - Source: 4, Dest: 116
2025-11-18 16:43:35,709 - INFO - Processing Excel row 73: {'partner_id': 'MOGEN_OB', 'scheduled_date': Timestamp('2025-11-18 00:00:00'), 'picking_type_id': 'OB FIFO', 'date_done': Timestamp('2025-11-18 00:00:00'), 'origin': 'คลังวัถุดิบ2', 'location_dest_id': 'RM02/Stock', 'default_code': 409230007, 'product_uom_qty': 100, 'price_unit': 100, 'sequence': 73, 'scheduled_date_orig': Timestamp('2025-11-18 00:00:00'), 'product_id': 409230007}
2025-11-18 16:43:35,709 - INFO - Using cached product ID for code: '409230007'
2025-11-18 16:43:35,711 - INFO - Prepared product 409230007 with quantity 100.0 for batch creation
2025-11-18 16:43:35,711 - INFO - Move locations - Source: 4, Dest: 116
2025-11-18 16:43:35,715 - INFO - Processing Excel row 74: {'partner_id': 'MOGEN_OB', 'scheduled_date': Timestamp('2025-11-18 00:00:00'), 'picking_type_id': 'OB FIFO', 'date_done': Timestamp('2025-11-18 00:00:00'), 'origin': 'คลังวัถุดิบ2', 'location_dest_id': 'RM02/Stock', 'default_code': 409060002, 'product_uom_qty': 100, 'price_unit': 100, 'sequence': 74, 'scheduled_date_orig': Timestamp('2025-11-18 00:00:00'), 'product_id': 409060002}
2025-11-18 16:43:35,717 - INFO - Using cached product ID for code: '409060002'
2025-11-18 16:43:35,720 - INFO - Prepared product 409060002 with quantity 100.0 for batch creation
2025-11-18 16:43:35,720 - INFO - Move locations - Source: 4, Dest: 116
2025-11-18 16:43:35,721 - INFO - Processing Excel row 75: {'partner_id': 'MOGEN_OB', 'scheduled_date': Timestamp('2025-11-18 00:00:00'), 'picking_type_id': 'OB FIFO', 'date_done': Timestamp('2025-11-18 00:00:00'), 'origin': 'คลังวัถุดิบ2', 'location_dest_id': 'RM02/Stock', 'default_code': 409170019, 'product_uom_qty': 100, 'price_unit': 100, 'sequence': 75, 'scheduled_date_orig': Timestamp('2025-11-18 00:00:00'), 'product_id': 409170019}
2025-11-18 16:43:35,723 - INFO - Using cached product ID for code: '409170019'
2025-11-18 16:43:35,724 - INFO - Prepared product 409170019 with quantity 100.0 for batch creation
2025-11-18 16:43:35,724 - INFO - Move locations - Source: 4, Dest: 116
2025-11-18 16:43:35,725 - INFO - Processing Excel row 76: {'partner_id': 'MOGEN_OB', 'scheduled_date': Timestamp('2025-11-18 00:00:00'), 'picking_type_id': 'OB FIFO', 'date_done': Timestamp('2025-11-18 00:00:00'), 'origin': 'คลังวัถุดิบ2', 'location_dest_id': 'RM02/Stock', 'default_code': 409090004, 'product_uom_qty': 100, 'price_unit': 100, 'sequence': 76, 'scheduled_date_orig': Timestamp('2025-11-18 00:00:00'), 'product_id': 409090004}
2025-11-18 16:43:35,726 - INFO - Using cached product ID for code: '409090004'
2025-11-18 16:43:35,727 - INFO - Prepared product 409090004 with quantity 100.0 for batch creation
2025-11-18 16:43:35,728 - INFO - Move locations - Source: 4, Dest: 116
2025-11-18 16:43:35,729 - INFO - Processing Excel row 77: {'partner_id': 'MOGEN_OB', 'scheduled_date': Timestamp('2025-11-18 00:00:00'), 'picking_type_id': 'OB FIFO', 'date_done': Timestamp('2025-11-18 00:00:00'), 'origin': 'คลังวัถุดิบ2', 'location_dest_id': 'RM02/Stock', 'default_code': 409190001, 'product_uom_qty': 100, 'price_unit': 100, 'sequence': 77, 'scheduled_date_orig': Timestamp('2025-11-18 00:00:00'), 'product_id': 409190001}
2025-11-18 16:43:35,730 - INFO - Using cached product ID for code: '409190001'
2025-11-18 16:43:35,731 - INFO - Prepared product 409190001 with quantity 100.0 for batch creation
2025-11-18 16:43:35,731 - INFO - Move locations - Source: 4, Dest: 116
2025-11-18 16:43:35,732 - INFO - Processing Excel row 78: {'partner_id': 'MOGEN_OB', 'scheduled_date': Timestamp('2025-11-18 00:00:00'), 'picking_type_id': 'OB FIFO', 'date_done': Timestamp('2025-11-18 00:00:00'), 'origin': 'คลังวัถุดิบ2', 'location_dest_id': 'RM02/Stock', 'default_code': 'SP0029810001', 'product_uom_qty': 100, 'price_unit': 100, 'sequence': 78, 'scheduled_date_orig': Timestamp('2025-11-18 00:00:00'), 'product_id': 'SP0029810001'}
2025-11-18 16:43:35,734 - INFO - Using cached product ID for code: 'SP0029810001'
2025-11-18 16:43:35,735 - INFO - Prepared product SP0029810001 with quantity 100.0 for batch creation
2025-11-18 16:43:35,736 - INFO - Move locations - Source: 4, Dest: 116
2025-11-18 16:43:35,737 - INFO - Processing Excel row 79: {'partner_id': 'MOGEN_OB', 'scheduled_date': Timestamp('2025-11-18 00:00:00'), 'picking_type_id': 'OB FIFO', 'date_done': Timestamp('2025-11-18 00:00:00'), 'origin': 'คลังวัถุดิบ2', 'location_dest_id': 'RM02/Stock', 'default_code': 409230007, 'product_uom_qty': 100, 'price_unit': 100, 'sequence': 79, 'scheduled_date_orig': Timestamp('2025-11-18 00:00:00'), 'product_id': 409230007}
2025-11-18 16:43:35,737 - INFO - Using cached product ID for code: '409230007'
2025-11-18 16:43:35,741 - INFO - Prepared product 409230007 with quantity 100.0 for batch creation
2025-11-18 16:43:35,742 - INFO - Move locations - Source: 4, Dest: 116
2025-11-18 16:43:35,745 - INFO - Processing Excel row 80: {'partner_id': 'MOGEN_OB', 'scheduled_date': Timestamp('2025-11-18 00:00:00'), 'picking_type_id': 'OB FIFO', 'date_done': Timestamp('2025-11-18 00:00:00'), 'origin': 'คลังวัถุดิบ2', 'location_dest_id': 'RM02/Stock', 'default_code': 409060002, 'product_uom_qty': 100, 'price_unit': 100, 'sequence': 80, 'scheduled_date_orig': Timestamp('2025-11-18 00:00:00'), 'product_id': 409060002}
2025-11-18 16:43:35,746 - INFO - Using cached product ID for code: '409060002'
2025-11-18 16:43:35,747 - INFO - Prepared product 409060002 with quantity 100.0 for batch creation
2025-11-18 16:43:35,747 - INFO - Move locations - Source: 4, Dest: 116
2025-11-18 16:43:35,749 - INFO - Processing Excel row 81: {'partner_id': 'MOGEN_OB', 'scheduled_date': Timestamp('2025-11-18 00:00:00'), 'picking_type_id': 'OB FIFO', 'date_done': Timestamp('2025-11-18 00:00:00'), 'origin': 'คลังวัถุดิบ2', 'location_dest_id': 'RM02/Stock', 'default_code': 409170019, 'product_uom_qty': 100, 'price_unit': 100, 'sequence': 81, 'scheduled_date_orig': Timestamp('2025-11-18 00:00:00'), 'product_id': 409170019}
2025-11-18 16:43:35,749 - INFO - Using cached product ID for code: '409170019'
2025-11-18 16:43:35,751 - INFO - Prepared product 409170019 with quantity 100.0 for batch creation
2025-11-18 16:43:35,752 - INFO - Move locations - Source: 4, Dest: 116
2025-11-18 16:43:35,752 - INFO - Processing Excel row 82: {'partner_id': 'MOGEN_OB', 'scheduled_date': Timestamp('2025-11-18 00:00:00'), 'picking_type_id': 'OB FIFO', 'date_done': Timestamp('2025-11-18 00:00:00'), 'origin': 'คลังวัถุดิบ2', 'location_dest_id': 'RM02/Stock', 'default_code': 409250054, 'product_uom_qty': 100, 'price_unit': 100, 'sequence': 82, 'scheduled_date_orig': Timestamp('2025-11-18 00:00:00'), 'product_id': 409250054}
2025-11-18 16:43:35,753 - INFO - Using cached product ID for code: '409250054'
2025-11-18 16:43:35,753 - INFO - Prepared product 409250054 with quantity 100.0 for batch creation
2025-11-18 16:43:35,754 - INFO - Move locations - Source: 4, Dest: 116
2025-11-18 16:43:35,755 - INFO - Processing Excel row 83: {'partner_id': 'MOGEN_OB', 'scheduled_date': Timestamp('2025-11-18 00:00:00'), 'picking_type_id': 'OB FIFO', 'date_done': Timestamp('2025-11-18 00:00:00'), 'origin': 'คลังวัถุดิบ2', 'location_dest_id': 'RM02/Stock', 'default_code': 304010030, 'product_uom_qty': 100, 'price_unit': 100, 'sequence': 83, 'scheduled_date_orig': Timestamp('2025-11-18 00:00:00'), 'product_id': 304010030}
2025-11-18 16:43:35,762 - INFO - Using cached product ID for code: '304010030'
2025-11-18 16:43:35,764 - INFO - Prepared product 304010030 with quantity 100.0 for batch creation
2025-11-18 16:43:35,765 - INFO - Move locations - Source: 4, Dest: 116
2025-11-18 16:43:35,766 - INFO - Processing Excel row 84: {'partner_id': 'MOGEN_OB', 'scheduled_date': Timestamp('2025-11-18 00:00:00'), 'picking_type_id': 'OB FIFO', 'date_done': Timestamp('2025-11-18 00:00:00'), 'origin': 'คลังวัถุดิบ2', 'location_dest_id': 'RM02/Stock', 'default_code': 406010104, 'product_uom_qty': 100, 'price_unit': 100, 'sequence': 84, 'scheduled_date_orig': Timestamp('2025-11-18 00:00:00'), 'product_id': 406010104}
2025-11-18 16:43:35,766 - INFO - Using cached product ID for code: '406010104'
2025-11-18 16:43:35,767 - INFO - Prepared product 406010104 with quantity 100.0 for batch creation
2025-11-18 16:43:35,767 - INFO - Move locations - Source: 4, Dest: 116
2025-11-18 16:43:35,768 - INFO - Processing Excel row 85: {'partner_id': 'MOGEN_OB', 'scheduled_date': Timestamp('2025-11-18 00:00:00'), 'picking_type_id': 'OB FIFO', 'date_done': Timestamp('2025-11-18 00:00:00'), 'origin': 'คลังวัถุดิบ2', 'location_dest_id': 'RM02/Stock', 'default_code': 406010107, 'product_uom_qty': 100, 'price_unit': 100, 'sequence': 85, 'scheduled_date_orig': Timestamp('2025-11-18 00:00:00'), 'product_id': 406010107}
2025-11-18 16:43:35,769 - INFO - Using cached product ID for code: '406010107'
2025-11-18 16:43:35,769 - INFO - Prepared product 406010107 with quantity 100.0 for batch creation
2025-11-18 16:43:35,769 - INFO - Move locations - Source: 4, Dest: 116
2025-11-18 16:43:35,770 - INFO - Processing Excel row 86: {'partner_id': 'MOGEN_OB', 'scheduled_date': Timestamp('2025-11-18 00:00:00'), 'picking_type_id': 'OB FIFO', 'date_done': Timestamp('2025-11-18 00:00:00'), 'origin': 'คลังวัถุดิบ2', 'location_dest_id': 'RM02/Stock', 'default_code': 413010293, 'product_uom_qty': 100, 'price_unit': 100, 'sequence': 86, 'scheduled_date_orig': Timestamp('2025-11-18 00:00:00'), 'product_id': 413010293}
2025-11-18 16:43:35,771 - INFO - Using cached product ID for code: '413010293'
2025-11-18 16:43:35,771 - INFO - Prepared product 413010293 with quantity 100.0 for batch creation
2025-11-18 16:43:35,771 - INFO - Move locations - Source: 4, Dest: 116
2025-11-18 16:43:35,774 - INFO - Processing Excel row 87: {'partner_id': 'MOGEN_OB', 'scheduled_date': Timestamp('2025-11-18 00:00:00'), 'picking_type_id': 'OB FIFO', 'date_done': Timestamp('2025-11-18 00:00:00'), 'origin': 'คลังวัถุดิบ2', 'location_dest_id': 'RM02/Stock', 'default_code': 409040001, 'product_uom_qty': 100, 'price_unit': 100, 'sequence': 87, 'scheduled_date_orig': Timestamp('2025-11-18 00:00:00'), 'product_id': 409040001}
2025-11-18 16:43:35,774 - INFO - Using cached product ID for code: '409040001'
2025-11-18 16:43:35,775 - INFO - Prepared product 409040001 with quantity 100.0 for batch creation
2025-11-18 16:43:35,775 - INFO - Move locations - Source: 4, Dest: 116
2025-11-18 16:43:35,776 - INFO - Processing Excel row 88: {'partner_id': 'MOGEN_OB', 'scheduled_date': Timestamp('2025-11-18 00:00:00'), 'picking_type_id': 'OB FIFO', 'date_done': Timestamp('2025-11-18 00:00:00'), 'origin': 'คลังวัถุดิบ2', 'location_dest_id': 'RM02/Stock', 'default_code': 409150003, 'product_uom_qty': 100, 'price_unit': 100, 'sequence': 88, 'scheduled_date_orig': Timestamp('2025-11-18 00:00:00'), 'product_id': 409150003}
2025-11-18 16:43:35,776 - INFO - Using cached product ID for code: '409150003'
2025-11-18 16:43:35,777 - INFO - Prepared product 409150003 with quantity 100.0 for batch creation
2025-11-18 16:43:35,778 - INFO - Move locations - Source: 4, Dest: 116
2025-11-18 16:43:35,779 - INFO - Processing Excel row 89: {'partner_id': 'MOGEN_OB', 'scheduled_date': Timestamp('2025-11-18 00:00:00'), 'picking_type_id': 'OB FIFO', 'date_done': Timestamp('2025-11-18 00:00:00'), 'origin': 'คลังวัถุดิบ2', 'location_dest_id': 'RM02/Stock', 'default_code': 409030003, 'product_uom_qty': 100, 'price_unit': 100, 'sequence': 89, 'scheduled_date_orig': Timestamp('2025-11-18 00:00:00'), 'product_id': 409030003}
2025-11-18 16:43:35,780 - INFO - Using cached product ID for code: '409030003'
2025-11-18 16:43:35,780 - INFO - Prepared product 409030003 with quantity 100.0 for batch creation
2025-11-18 16:43:35,781 - INFO - Move locations - Source: 4, Dest: 116
2025-11-18 16:43:35,781 - INFO - Processing Excel row 90: {'partner_id': 'MOGEN_OB', 'scheduled_date': Timestamp('2025-11-18 00:00:00'), 'picking_type_id': 'OB FIFO', 'date_done': Timestamp('2025-11-18 00:00:00'), 'origin': 'คลังวัถุดิบ2', 'location_dest_id': 'RM02/Stock', 'default_code': 409050001, 'product_uom_qty': 100, 'price_unit': 100, 'sequence': 90, 'scheduled_date_orig': Timestamp('2025-11-18 00:00:00'), 'product_id': 409050001}
2025-11-18 16:43:35,782 - INFO - Using cached product ID for code: '409050001'
2025-11-18 16:43:35,782 - INFO - Prepared product 409050001 with quantity 100.0 for batch creation
2025-11-18 16:43:35,782 - INFO - Move locations - Source: 4, Dest: 116
2025-11-18 16:43:35,782 - INFO - Processing Excel row 91: {'partner_id': 'MOGEN_OB', 'scheduled_date': Timestamp('2025-11-18 00:00:00'), 'picking_type_id': 'OB FIFO', 'date_done': Timestamp('2025-11-18 00:00:00'), 'origin': 'คลังวัถุดิบ2', 'location_dest_id': 'RM02/Stock', 'default_code': 409180009, 'product_uom_qty': 100, 'price_unit': 100, 'sequence': 91, 'scheduled_date_orig': Timestamp('2025-11-18 00:00:00'), 'product_id': 409180009}
2025-11-18 16:43:35,783 - INFO - Using cached product ID for code: '409180009'
2025-11-18 16:43:35,783 - INFO - Prepared product 409180009 with quantity 100.0 for batch creation
2025-11-18 16:43:35,783 - INFO - Move locations - Source: 4, Dest: 116
2025-11-18 16:43:35,784 - INFO - Processing Excel row 92: {'partner_id': 'MOGEN_OB', 'scheduled_date': Timestamp('2025-11-18 00:00:00'), 'picking_type_id': 'OB FIFO', 'date_done': Timestamp('2025-11-18 00:00:00'), 'origin': 'คลังวัถุดิบ2', 'location_dest_id': 'RM02/Stock', 'default_code': 409110001, 'product_uom_qty': 100, 'price_unit': 100, 'sequence': 92, 'scheduled_date_orig': Timestamp('2025-11-18 00:00:00'), 'product_id': 409110001}
2025-11-18 16:43:35,784 - INFO - Using cached product ID for code: '409110001'
2025-11-18 16:43:35,785 - INFO - Prepared product 409110001 with quantity 100.0 for batch creation
2025-11-18 16:43:35,785 - INFO - Move locations - Source: 4, Dest: 116
2025-11-18 16:43:36,233 - INFO - Created 92 moves in batch for picking 67
2025-11-18 16:43:36,528 - INFO - Re-updated dates before confirming picking 67: 2025-11-18 00:00:00
2025-11-18 16:43:38,207 - INFO - Confirmed transfer 67 with forced date context
2025-11-18 16:43:38,207 - INFO - Import completed: 1 success, 0 failed.
