2025-08-28 13:31:47,527 - INFO - Successfully connected to Odoo as user ID: 2
2025-08-28 13:31:48,333 - INFO - Odoo version: 17.0.1.3
2025-08-28 13:31:49,358 - INFO - Available date fields in stock.picking: ['activity_date_deadline', 'my_activity_date_deadline', 'scheduled_date', 'date_deadline', 'date', 'date_done', 'delay_alert_date', 'create_date', 'write_date', 'date_notice', 'date_confirmed', 'date_start', 'operation_date']
2025-08-28 13:31:49,962 - INFO - Successfully read Excel file with 1 rows
2025-08-28 13:31:49,963 - INFO - Excel columns: ['partner_id', 'scheduled_date', 'picking_type_id', 'date_done', 'origin', 'location_dest_id', 'product_id', 'product_uom_qty', 'price_unit', 'sequence']
2025-08-28 13:31:49,972 - INFO - Processed sequence column
2025-08-28 13:31:49,973 - INFO - scheduled_date dtype: datetime64[ns]
2025-08-28 13:31:49,974 - INFO - scheduled_date sample: 2025-02-28 00:00:00
2025-08-28 13:31:49,978 - INFO - Converted scheduled_date to string format. Sample: 2025-02-28 00:00:00
2025-08-28 13:31:49,979 - INFO - Fixed picking type name from 'My Company: OB FIFO' to 'OB FIFO'
2025-08-28 13:31:49,980 - INFO - Using 'origin' column to identify transfer groups
2025-08-28 13:31:49,998 - INFO - Excel file validation and data filling completed successfully
2025-08-28 13:31:51,678 - INFO - Searching for location: 'FG30/Stock'
2025-08-28 13:31:51,748 - INFO - Found location with complete_name match: 'FG30/Stock' for 'FG30/Stock'
2025-08-28 13:31:51,778 - INFO - Found partner ID 14295 for 'MOG-สินค้าโชว์'
2025-08-28 13:31:51,843 - INFO - Created transfer for date 2025-02-28 00:00:00 sequence 1 with picking ID 15351
2025-08-28 13:31:51,845 - INFO - Processing Excel row 1: {'partner_id': 'MOG-สินค้าโชว์', 'scheduled_date': '2025-02-28 00:00:00', 'picking_type_id': 'OB FIFO', 'date_done': Timestamp('2025-02-28 00:00:00'), 'origin': 'สินค้าโชว์1-8', 'location_dest_id': 'FG30/Stock', 'product_id': 'MU0006NF101', 'product_uom_qty': 1, 'price_unit': 2445, 'sequence': 1, 'scheduled_date_orig': Timestamp('2025-02-28 00:00:00')}
2025-08-28 13:31:51,845 - INFO - Searching for product with code: 'MU0006NF101' and old code: 'MU0006NF101'
2025-08-28 13:31:51,874 - INFO - Found product with exact match on default_code: 'MU0006NF101'
2025-08-28 13:31:52,018 - INFO - Added product MU0006NF101 with quantity 1.0 to picking 15351
2025-08-28 13:31:52,019 - INFO - Move locations - Source: 14, Dest: 1022
2025-08-28 13:31:52,081 - INFO - Re-updated dates before confirming picking 15351: 2025-02-28 00:00:00
2025-08-28 13:31:52,536 - INFO - Confirmed transfer 15351 with forced date context
2025-08-28 13:31:52,537 - INFO - Import completed: 1 success, 0 failed.
