2026-04-12 12:55:34,936 - INFO - Successfully connected to Odoo as user ID: 2
2026-04-12 12:55:35,023 - INFO - Odoo version: 17.0.1.3
2026-04-12 12:55:35,297 - INFO - Available date fields in stock.picking: ['activity_date_deadline', 'my_activity_date_deadline', 'scheduled_date', 'date_deadline', 'date', 'date_done', 'delay_alert_date', 'create_date', 'write_date', 'date_notice', 'date_confirmed', 'date_start', 'operation_date']
2026-04-12 12:55:35,435 - INFO - Successfully read Excel file with 1 rows
2026-04-12 12:55:35,435 - INFO - Excel columns: ['partner_id', 'scheduled_date', 'picking_type_id', 'date_done', 'origin', 'location_dest_id', 'default_code', 'product_uom_qty', 'price_unit', 'sequence', 'date']
2026-04-12 12:55:35,436 - INFO - Processed sequence column
2026-04-12 12:55:35,437 - INFO - scheduled_date dtype: datetime64[ns]
2026-04-12 12:55:35,437 - INFO - scheduled_date sample: 2026-03-31 08:00:00
2026-04-12 12:55:35,438 - INFO - Converted scheduled_date to string format. Sample: 2026-03-31 08:00:00
2026-04-12 12:55:35,438 - INFO - Fixed picking type name from 'My Company: OB FIFO' and 'คลังวัตถุดิบ 2: OB FIFO' to 'OB FIFO'
2026-04-12 12:55:35,439 - INFO - Using 'default_code' column as 'product_id'
2026-04-12 12:55:35,439 - INFO - Using 'origin' column to identify transfer groups
2026-04-12 12:55:35,442 - INFO - Excel file validation and data filling completed successfully
2026-04-12 12:55:35,661 - INFO - Searching for location: 'RM03/KPB'
2026-04-12 12:55:35,974 - INFO - Found location with complete_name match: 'RM03/KPB' for 'RM03/KPB'
2026-04-12 12:55:36,065 - INFO - Found partner ID 4937 for 'MOGEN_OB'
2026-04-12 12:55:36,172 - INFO - Created transfer for date 2026-03-31 08:00:00 sequence 1 with picking ID 15016
2026-04-12 12:55:36,173 - INFO - Processing Excel row 1: {'partner_id': 'MOGEN_OB', 'scheduled_date': '2026-03-31 08:00:00', 'picking_type_id': 'RM03-RE', 'date_done': Timestamp('2026-03-31 08:00:00'), 'origin': 'คลังวัตถุดิบ Supplier', 'location_dest_id': 'RM03/KPB', 'default_code': 'NMS02-250-0030-2', 'product_uom_qty': 1, 'price_unit': 220, 'sequence': 1, 'date': Timestamp('2026-03-04 00:00:00'), 'scheduled_date_orig': Timestamp('2026-03-31 08:00:00'), 'product_id': 'NMS02-250-0030-2'}
2026-04-12 12:55:36,173 - INFO - Searching for product with code: 'NMS02-250-0030-2' and old code: 'NMS02-250-0030-2'
2026-04-12 12:55:36,454 - INFO - Found product with exact match on old_product_code: 'NMS02-250-0030-2'
2026-04-12 12:55:36,587 - INFO - Prepared product NMS02-250-0030-2 with quantity 1.0 for batch creation
2026-04-12 12:55:36,587 - INFO - Move locations - Source: 4, Dest: 1185
2026-04-12 12:55:36,731 - INFO - Created 1 moves in batch for picking 15016
2026-04-12 12:55:36,838 - INFO - Re-updated dates before confirming picking 15016: 2026-03-31 08:00:00
2026-04-12 12:55:37,018 - INFO - Confirmed transfer 15016 with forced date context
2026-04-12 12:55:37,018 - INFO - Import completed: 1 success, 0 failed.
