2025-11-29 08:42:44,950 - INFO - Successfully connected to Odoo as user ID: 2
2025-11-29 08:42:45,024 - INFO - Odoo version: 17.0.1.3
2025-11-29 08:42:45,496 - INFO - Available date fields in stock.picking: ['activity_date_deadline', 'my_activity_date_deadline', 'scheduled_date', 'date_deadline', 'date', 'date_done', 'delay_alert_date', 'create_date', 'write_date', 'date_notice', 'date_confirmed', 'date_start', 'operation_date']
2025-11-29 08:42:45,666 - INFO - Successfully read Excel file with 104 rows
2025-11-29 08:42:45,666 - INFO - Excel columns: ['partner_id', 'scheduled_date', 'picking_type_id', 'date_done', 'origin', 'location_dest_id', 'default_code', 'product_uom_qty', 'price_unit', 'sequence', 'date']
2025-11-29 08:42:45,667 - INFO - Processed sequence column
2025-11-29 08:42:45,669 - INFO - scheduled_date dtype: datetime64[ns]
2025-11-29 08:42:45,670 - INFO - scheduled_date sample: 2025-11-30 00:00:00
2025-11-29 08:42:45,671 - INFO - Converted scheduled_date to string format. Sample: 2025-11-30 00:00:00
2025-11-29 08:42:45,671 - INFO - Fixed picking type name from 'My Company: OB FIFO' and 'คลังวัตถุดิบ 2: OB FIFO' to 'OB FIFO'
2025-11-29 08:42:45,671 - INFO - Using 'default_code' column as 'product_id'
2025-11-29 08:42:45,671 - INFO - Using 'origin' column to identify transfer groups
2025-11-29 08:42:45,673 - INFO - Excel file validation and data filling completed successfully
2025-11-29 08:42:45,909 - INFO - Searching for location: 'PJ01/Stock'
2025-11-29 08:42:46,245 - INFO - Found location with complete_name match: 'PJ01/Stock' for 'PJ01/Stock'
2025-11-29 08:42:46,337 - INFO - Found partner ID 4937 for 'MOGEN_OB'
2025-11-29 08:42:46,478 - INFO - Created transfer for date 2025-11-30 00:00:00 sequence 1 with picking ID 86
2025-11-29 08:42:46,481 - INFO - Processing Excel row 1: {'partner_id': 'MOGEN_OB', 'scheduled_date': Timestamp('2025-11-30 00:00:00'), 'picking_type_id': 'PJ01-OB', 'date_done': Timestamp('2025-11-30 00:00:00'), 'origin': 'คลังโครงการ', 'location_dest_id': 'PJ01/Stock', 'default_code': '3FG-LH0023-1930W126A', 'product_uom_qty': 4.0, 'price_unit': 15594.12, 'sequence': 1, 'date': Timestamp('2024-12-07 00:00:00'), 'scheduled_date_orig': Timestamp('2025-11-30 00:00:00'), 'product_id': '3FG-LH0023-1930W126A'}
2025-11-29 08:42:46,482 - INFO - Searching for product with code: '3FG-LH0023-1930W126A' and old code: '3FG-LH0023-1930W126A'
2025-11-29 08:42:46,631 - INFO - Found product with exact match on default_code: '3FG-LH0023-1930W126A'
2025-11-29 08:42:46,740 - INFO - Prepared product 3FG-LH0023-1930W126A with quantity 4.0 for batch creation
2025-11-29 08:42:46,740 - INFO - Move locations - Source: 4, Dest: 100
2025-11-29 08:42:46,741 - INFO - Processing Excel row 2: {'partner_id': 'MOGEN_OB', 'scheduled_date': Timestamp('2025-11-30 00:00:00'), 'picking_type_id': 'PJ01-OB', 'date_done': Timestamp('2025-11-30 00:00:00'), 'origin': 'คลังโครงการ', 'location_dest_id': 'PJ01/Stock', 'default_code': '3FG-LH0031-119', 'product_uom_qty': 5.0, 'price_unit': 659.609, 'sequence': 2, 'date': Timestamp('2024-12-07 00:00:00'), 'scheduled_date_orig': Timestamp('2025-11-30 00:00:00'), 'product_id': '3FG-LH0031-119'}
2025-11-29 08:42:46,741 - INFO - Searching for product with code: '3FG-LH0031-119' and old code: '3FG-LH0031-119'
2025-11-29 08:42:46,840 - INFO - Found product with exact match on default_code: '3FG-LH0031-119'
2025-11-29 08:42:46,916 - INFO - Prepared product 3FG-LH0031-119 with quantity 5.0 for batch creation
2025-11-29 08:42:46,916 - INFO - Move locations - Source: 4, Dest: 100
2025-11-29 08:42:46,917 - INFO - Processing Excel row 3: {'partner_id': 'MOGEN_OB', 'scheduled_date': Timestamp('2025-11-30 00:00:00'), 'picking_type_id': 'PJ01-OB', 'date_done': Timestamp('2025-11-30 00:00:00'), 'origin': 'คลังโครงการ', 'location_dest_id': 'PJ01/Stock', 'default_code': '3FG-LH0060-1930W126A', 'product_uom_qty': 1.0, 'price_unit': 24056.5663, 'sequence': 3, 'date': Timestamp('2024-12-07 00:00:00'), 'scheduled_date_orig': Timestamp('2025-11-30 00:00:00'), 'product_id': '3FG-LH0060-1930W126A'}
2025-11-29 08:42:46,918 - INFO - Searching for product with code: '3FG-LH0060-1930W126A' and old code: '3FG-LH0060-1930W126A'
2025-11-29 08:42:47,040 - INFO - Found product with exact match on default_code: '3FG-LH0060-1930W126A'
2025-11-29 08:42:47,209 - INFO - Prepared product 3FG-LH0060-1930W126A with quantity 1.0 for batch creation
2025-11-29 08:42:47,209 - INFO - Move locations - Source: 4, Dest: 100
2025-11-29 08:42:47,210 - INFO - Processing Excel row 4: {'partner_id': 'MOGEN_OB', 'scheduled_date': Timestamp('2025-11-30 00:00:00'), 'picking_type_id': 'PJ01-OB', 'date_done': Timestamp('2025-11-30 00:00:00'), 'origin': 'คลังโครงการ', 'location_dest_id': 'PJ01/Stock', 'default_code': '3FG-LH-1980WM-1', 'product_uom_qty': 1.0, 'price_unit': 6027.7003, 'sequence': 4, 'date': Timestamp('2024-12-23 00:00:00'), 'scheduled_date_orig': Timestamp('2025-11-30 00:00:00'), 'product_id': '3FG-LH-1980WM-1'}
2025-11-29 08:42:47,210 - INFO - Searching for product with code: '3FG-LH-1980WM-1' and old code: '3FG-LH-1980WM-1'
2025-11-29 08:42:47,308 - INFO - Found product with exact match on default_code: '3FG-LH-1980WM-1'
2025-11-29 08:42:47,532 - INFO - Prepared product 3FG-LH-1980WM-1 with quantity 1.0 for batch creation
2025-11-29 08:42:47,532 - INFO - Move locations - Source: 4, Dest: 100
2025-11-29 08:42:47,533 - INFO - Processing Excel row 5: {'partner_id': 'MOGEN_OB', 'scheduled_date': Timestamp('2025-11-30 00:00:00'), 'picking_type_id': 'PJ01-OB', 'date_done': Timestamp('2025-11-30 00:00:00'), 'origin': 'คลังโครงการ', 'location_dest_id': 'PJ01/Stock', 'default_code': '3FG-LH0006-150', 'product_uom_qty': 1.0, 'price_unit': 1955.5294, 'sequence': 5, 'date': Timestamp('2024-12-24 00:00:00'), 'scheduled_date_orig': Timestamp('2025-11-30 00:00:00'), 'product_id': '3FG-LH0006-150'}
2025-11-29 08:42:47,533 - INFO - Searching for product with code: '3FG-LH0006-150' and old code: '3FG-LH0006-150'
2025-11-29 08:42:47,754 - INFO - Found product with exact match on default_code: '3FG-LH0006-150'
2025-11-29 08:42:47,883 - INFO - Prepared product 3FG-LH0006-150 with quantity 1.0 for batch creation
2025-11-29 08:42:47,883 - INFO - Move locations - Source: 4, Dest: 100
2025-11-29 08:42:47,884 - INFO - Processing Excel row 6: {'partner_id': 'MOGEN_OB', 'scheduled_date': Timestamp('2025-11-30 00:00:00'), 'picking_type_id': 'PJ01-OB', 'date_done': Timestamp('2025-11-30 00:00:00'), 'origin': 'คลังโครงการ', 'location_dest_id': 'PJ01/Stock', 'default_code': '3FG-JMN0003/3-XL', 'product_uom_qty': 8.0, 'price_unit': 32579.5043125, 'sequence': 6, 'date': Timestamp('2025-03-05 00:00:00'), 'scheduled_date_orig': Timestamp('2025-11-30 00:00:00'), 'product_id': '3FG-JMN0003/3-XL'}
2025-11-29 08:42:47,884 - INFO - Searching for product with code: '3FG-JMN0003/3-XL' and old code: '3FG-JMN0003/3-XL'
2025-11-29 08:42:47,998 - INFO - Found product with exact match on default_code: '3FG-JMN0003/3-XL'
2025-11-29 08:42:48,105 - INFO - Prepared product 3FG-JMN0003/3-XL with quantity 8.0 for batch creation
2025-11-29 08:42:48,105 - INFO - Move locations - Source: 4, Dest: 100
2025-11-29 08:42:48,106 - INFO - Processing Excel row 7: {'partner_id': 'MOGEN_OB', 'scheduled_date': Timestamp('2025-11-30 00:00:00'), 'picking_type_id': 'PJ01-OB', 'date_done': Timestamp('2025-11-30 00:00:00'), 'origin': 'คลังโครงการ', 'location_dest_id': 'PJ01/Stock', 'default_code': '3FG-614CD1-1600x3350x25', 'product_uom_qty': 2.0, 'price_unit': 2066.59085, 'sequence': 7, 'date': Timestamp('2025-04-10 00:00:00'), 'scheduled_date_orig': Timestamp('2025-11-30 00:00:00'), 'product_id': '3FG-614CD1-1600x3350x25'}
2025-11-29 08:42:48,107 - INFO - Searching for product with code: '3FG-614CD1-1600x3350x25' and old code: '3FG-614CD1-1600x3350x25'
2025-11-29 08:42:48,190 - INFO - Found product with exact match on default_code: '3FG-614CD1-1600x3350x25'
2025-11-29 08:42:48,295 - INFO - Prepared product 3FG-614CD1-1600x3350x25 with quantity 2.0 for batch creation
2025-11-29 08:42:48,295 - INFO - Move locations - Source: 4, Dest: 100
2025-11-29 08:42:48,296 - INFO - Processing Excel row 8: {'partner_id': 'MOGEN_OB', 'scheduled_date': Timestamp('2025-11-30 00:00:00'), 'picking_type_id': 'PJ01-OB', 'date_done': Timestamp('2025-11-30 00:00:00'), 'origin': 'คลังโครงการ', 'location_dest_id': 'PJ01/Stock', 'default_code': '3FG-614CD1-195x1450x8', 'product_uom_qty': 54.0, 'price_unit': 254.6354962962963, 'sequence': 8, 'date': Timestamp('2025-04-10 00:00:00'), 'scheduled_date_orig': Timestamp('2025-11-30 00:00:00'), 'product_id': '3FG-614CD1-195x1450x8'}
2025-11-29 08:42:48,296 - INFO - Searching for product with code: '3FG-614CD1-195x1450x8' and old code: '3FG-614CD1-195x1450x8'
2025-11-29 08:42:48,438 - INFO - Found product with exact match on default_code: '3FG-614CD1-195x1450x8'
2025-11-29 08:42:48,535 - INFO - Prepared product 3FG-614CD1-195x1450x8 with quantity 54.0 for batch creation
2025-11-29 08:42:48,536 - INFO - Move locations - Source: 4, Dest: 100
2025-11-29 08:42:48,537 - INFO - Processing Excel row 9: {'partner_id': 'MOGEN_OB', 'scheduled_date': Timestamp('2025-11-30 00:00:00'), 'picking_type_id': 'PJ01-OB', 'date_done': Timestamp('2025-11-30 00:00:00'), 'origin': 'คลังโครงการ', 'location_dest_id': 'PJ01/Stock', 'default_code': '3FG-614CD1-200x1400x25', 'product_uom_qty': 6.0, 'price_unit': 413.7343, 'sequence': 9, 'date': Timestamp('2025-04-10 00:00:00'), 'scheduled_date_orig': Timestamp('2025-11-30 00:00:00'), 'product_id': '3FG-614CD1-200x1400x25'}
2025-11-29 08:42:48,537 - INFO - Searching for product with code: '3FG-614CD1-200x1400x25' and old code: '3FG-614CD1-200x1400x25'
2025-11-29 08:42:48,628 - INFO - Found product with exact match on default_code: '3FG-614CD1-200x1400x25'
2025-11-29 08:42:48,727 - INFO - Prepared product 3FG-614CD1-200x1400x25 with quantity 6.0 for batch creation
2025-11-29 08:42:48,728 - INFO - Move locations - Source: 4, Dest: 100
2025-11-29 08:42:48,728 - INFO - Processing Excel row 10: {'partner_id': 'MOGEN_OB', 'scheduled_date': Timestamp('2025-11-30 00:00:00'), 'picking_type_id': 'PJ01-OB', 'date_done': Timestamp('2025-11-30 00:00:00'), 'origin': 'คลังโครงการ', 'location_dest_id': 'PJ01/Stock', 'default_code': '3FG-614CD1-230x1400x8', 'product_uom_qty': 3.0, 'price_unit': 307.2241666666667, 'sequence': 10, 'date': Timestamp('2025-04-10 00:00:00'), 'scheduled_date_orig': Timestamp('2025-11-30 00:00:00'), 'product_id': '3FG-614CD1-230x1400x8'}
2025-11-29 08:42:48,728 - INFO - Searching for product with code: '3FG-614CD1-230x1400x8' and old code: '3FG-614CD1-230x1400x8'
2025-11-29 08:42:48,844 - INFO - Found product with exact match on default_code: '3FG-614CD1-230x1400x8'
2025-11-29 08:42:48,964 - INFO - Prepared product 3FG-614CD1-230x1400x8 with quantity 3.0 for batch creation
2025-11-29 08:42:48,965 - INFO - Move locations - Source: 4, Dest: 100
2025-11-29 08:42:48,965 - INFO - Processing Excel row 11: {'partner_id': 'MOGEN_OB', 'scheduled_date': Timestamp('2025-11-30 00:00:00'), 'picking_type_id': 'PJ01-OB', 'date_done': Timestamp('2025-11-30 00:00:00'), 'origin': 'คลังโครงการ', 'location_dest_id': 'PJ01/Stock', 'default_code': '3FG-614CD1-350x1400x25', 'product_uom_qty': 51.0, 'price_unit': 649.208831372549, 'sequence': 11, 'date': Timestamp('2025-04-10 00:00:00'), 'scheduled_date_orig': Timestamp('2025-11-30 00:00:00'), 'product_id': '3FG-614CD1-350x1400x25'}
2025-11-29 08:42:48,966 - INFO - Searching for product with code: '3FG-614CD1-350x1400x25' and old code: '3FG-614CD1-350x1400x25'
2025-11-29 08:42:49,084 - INFO - Found product with exact match on default_code: '3FG-614CD1-350x1400x25'
2025-11-29 08:42:49,180 - INFO - Prepared product 3FG-614CD1-350x1400x25 with quantity 51.0 for batch creation
2025-11-29 08:42:49,181 - INFO - Move locations - Source: 4, Dest: 100
2025-11-29 08:42:49,181 - INFO - Processing Excel row 12: {'partner_id': 'MOGEN_OB', 'scheduled_date': Timestamp('2025-11-30 00:00:00'), 'picking_type_id': 'PJ01-OB', 'date_done': Timestamp('2025-11-30 00:00:00'), 'origin': 'คลังโครงการ', 'location_dest_id': 'PJ01/Stock', 'default_code': '3FG-JMN0003/3-M', 'product_uom_qty': 7.0, 'price_unit': 23985.268257142856, 'sequence': 12, 'date': Timestamp('2025-04-10 00:00:00'), 'scheduled_date_orig': Timestamp('2025-11-30 00:00:00'), 'product_id': '3FG-JMN0003/3-M'}
2025-11-29 08:42:49,182 - INFO - Searching for product with code: '3FG-JMN0003/3-M' and old code: '3FG-JMN0003/3-M'
2025-11-29 08:42:49,274 - INFO - Found product with exact match on default_code: '3FG-JMN0003/3-M'
2025-11-29 08:42:49,365 - INFO - Prepared product 3FG-JMN0003/3-M with quantity 7.0 for batch creation
2025-11-29 08:42:49,365 - INFO - Move locations - Source: 4, Dest: 100
2025-11-29 08:42:49,366 - INFO - Processing Excel row 13: {'partner_id': 'MOGEN_OB', 'scheduled_date': Timestamp('2025-11-30 00:00:00'), 'picking_type_id': 'PJ01-OB', 'date_done': Timestamp('2025-11-30 00:00:00'), 'origin': 'คลังโครงการ', 'location_dest_id': 'PJ01/Stock', 'default_code': '3FG-LH-1980W2-1', 'product_uom_qty': 1.0, 'price_unit': 25340.9564, 'sequence': 13, 'date': Timestamp('2025-04-10 00:00:00'), 'scheduled_date_orig': Timestamp('2025-11-30 00:00:00'), 'product_id': '3FG-LH-1980W2-1'}
2025-11-29 08:42:49,366 - INFO - Searching for product with code: '3FG-LH-1980W2-1' and old code: '3FG-LH-1980W2-1'
2025-11-29 08:42:49,463 - INFO - Found product with exact match on default_code: '3FG-LH-1980W2-1'
2025-11-29 08:42:49,571 - INFO - Prepared product 3FG-LH-1980W2-1 with quantity 1.0 for batch creation
2025-11-29 08:42:49,571 - INFO - Move locations - Source: 4, Dest: 100
2025-11-29 08:42:49,571 - INFO - Processing Excel row 14: {'partner_id': 'MOGEN_OB', 'scheduled_date': Timestamp('2025-11-30 00:00:00'), 'picking_type_id': 'PJ01-OB', 'date_done': Timestamp('2025-11-30 00:00:00'), 'origin': 'คลังโครงการ', 'location_dest_id': 'PJ01/Stock', 'default_code': '3FG-LH0023-1600W126A', 'product_uom_qty': 2.0, 'price_unit': 3857.01235, 'sequence': 14, 'date': Timestamp('2025-04-21 00:00:00'), 'scheduled_date_orig': Timestamp('2025-11-30 00:00:00'), 'product_id': '3FG-LH0023-1600W126A'}
2025-11-29 08:42:49,571 - INFO - Searching for product with code: '3FG-LH0023-1600W126A' and old code: '3FG-LH0023-1600W126A'
2025-11-29 08:42:49,681 - INFO - Found product with exact match on default_code: '3FG-LH0023-1600W126A'
2025-11-29 08:42:49,838 - INFO - Prepared product 3FG-LH0023-1600W126A with quantity 2.0 for batch creation
2025-11-29 08:42:49,838 - INFO - Move locations - Source: 4, Dest: 100
2025-11-29 08:42:49,839 - INFO - Processing Excel row 15: {'partner_id': 'MOGEN_OB', 'scheduled_date': Timestamp('2025-11-30 00:00:00'), 'picking_type_id': 'PJ01-OB', 'date_done': Timestamp('2025-11-30 00:00:00'), 'origin': 'คลังโครงการ', 'location_dest_id': 'PJ01/Stock', 'default_code': '3FG-PSS107-PM468-05', 'product_uom_qty': 1.0, 'price_unit': 101287.8478, 'sequence': 15, 'date': Timestamp('2025-05-09 00:00:00'), 'scheduled_date_orig': Timestamp('2025-11-30 00:00:00'), 'product_id': '3FG-PSS107-PM468-05'}
2025-11-29 08:42:49,839 - INFO - Searching for product with code: '3FG-PSS107-PM468-05' and old code: '3FG-PSS107-PM468-05'
2025-11-29 08:42:50,332 - INFO - Found product with exact match on default_code: '3FG-PSS107-PM468-05'
2025-11-29 08:42:50,685 - INFO - Prepared product 3FG-PSS107-PM468-05 with quantity 1.0 for batch creation
2025-11-29 08:42:50,685 - INFO - Move locations - Source: 4, Dest: 100
2025-11-29 08:42:50,686 - INFO - Processing Excel row 16: {'partner_id': 'MOGEN_OB', 'scheduled_date': Timestamp('2025-11-30 00:00:00'), 'picking_type_id': 'PJ01-OB', 'date_done': Timestamp('2025-11-30 00:00:00'), 'origin': 'คลังโครงการ', 'location_dest_id': 'PJ01/Stock', 'default_code': '3FG-474CD1-3-ราวติดพื้น', 'product_uom_qty': 1.0, 'price_unit': 74948.1233, 'sequence': 16, 'date': Timestamp('2025-05-16 00:00:00'), 'scheduled_date_orig': Timestamp('2025-11-30 00:00:00'), 'product_id': '3FG-474CD1-3-ราวติดพื้น'}
2025-11-29 08:42:50,686 - INFO - Searching for product with code: '3FG-474CD1-3-ราวติดพื้น' and old code: '3FG-474CD1-3-ราวติดพื้น'
2025-11-29 08:42:50,943 - INFO - Found product with exact match on default_code: '3FG-474CD1-3-ราวติดพื้น'
2025-11-29 08:42:51,075 - INFO - Prepared product 3FG-474CD1-3-ราวติดพื้น with quantity 1.0 for batch creation
2025-11-29 08:42:51,076 - INFO - Move locations - Source: 4, Dest: 100
2025-11-29 08:42:51,076 - INFO - Processing Excel row 17: {'partner_id': 'MOGEN_OB', 'scheduled_date': Timestamp('2025-11-30 00:00:00'), 'picking_type_id': 'PJ01-OB', 'date_done': Timestamp('2025-11-30 00:00:00'), 'origin': 'คลังโครงการ', 'location_dest_id': 'PJ01/Stock', 'default_code': '3FG-614CD1-3-ราวตรง', 'product_uom_qty': 1.0, 'price_unit': 72884.0173, 'sequence': 17, 'date': Timestamp('2025-05-16 00:00:00'), 'scheduled_date_orig': Timestamp('2025-11-30 00:00:00'), 'product_id': '3FG-614CD1-3-ราวตรง'}
2025-11-29 08:42:51,077 - INFO - Searching for product with code: '3FG-614CD1-3-ราวตรง' and old code: '3FG-614CD1-3-ราวตรง'
2025-11-29 08:42:51,178 - INFO - Found product with exact match on default_code: '3FG-614CD1-3-ราวตรง'
2025-11-29 08:42:51,281 - INFO - Prepared product 3FG-614CD1-3-ราวตรง with quantity 1.0 for batch creation
2025-11-29 08:42:51,282 - INFO - Move locations - Source: 4, Dest: 100
2025-11-29 08:42:51,283 - INFO - Processing Excel row 18: {'partner_id': 'MOGEN_OB', 'scheduled_date': Timestamp('2025-11-30 00:00:00'), 'picking_type_id': 'PJ01-OB', 'date_done': Timestamp('2025-11-30 00:00:00'), 'origin': 'คลังโครงการ', 'location_dest_id': 'PJ01/Stock', 'default_code': '3FG-LH-251MV1', 'product_uom_qty': 1.0, 'price_unit': 11387.312, 'sequence': 18, 'date': Timestamp('2025-05-20 00:00:00'), 'scheduled_date_orig': Timestamp('2025-11-30 00:00:00'), 'product_id': '3FG-LH-251MV1'}
2025-11-29 08:42:51,283 - INFO - Searching for product with code: '3FG-LH-251MV1' and old code: '3FG-LH-251MV1'
2025-11-29 08:42:51,373 - INFO - Found product with exact match on default_code: '3FG-LH-251MV1'
2025-11-29 08:42:51,484 - INFO - Prepared product 3FG-LH-251MV1 with quantity 1.0 for batch creation
2025-11-29 08:42:51,484 - INFO - Move locations - Source: 4, Dest: 100
2025-11-29 08:42:51,485 - INFO - Processing Excel row 19: {'partner_id': 'MOGEN_OB', 'scheduled_date': Timestamp('2025-11-30 00:00:00'), 'picking_type_id': 'PJ01-OB', 'date_done': Timestamp('2025-11-30 00:00:00'), 'origin': 'คลังโครงการ', 'location_dest_id': 'PJ01/Stock', 'default_code': '3FG-614CD1-3-ราวตรง', 'product_uom_qty': 1.0, 'price_unit': 120725.5798, 'sequence': 19, 'date': Timestamp('2025-06-11 00:00:00'), 'scheduled_date_orig': Timestamp('2025-11-30 00:00:00'), 'product_id': '3FG-614CD1-3-ราวตรง'}
2025-11-29 08:42:51,485 - INFO - Using cached product ID for code: '3FG-614CD1-3-ราวตรง'
2025-11-29 08:42:51,485 - INFO - Prepared product 3FG-614CD1-3-ราวตรง with quantity 1.0 for batch creation
2025-11-29 08:42:51,486 - INFO - Move locations - Source: 4, Dest: 100
2025-11-29 08:42:51,486 - INFO - Processing Excel row 20: {'partner_id': 'MOGEN_OB', 'scheduled_date': Timestamp('2025-11-30 00:00:00'), 'picking_type_id': 'PJ01-OB', 'date_done': Timestamp('2025-11-30 00:00:00'), 'origin': 'คลังโครงการ', 'location_dest_id': 'PJ01/Stock', 'default_code': '3FG-LH-1980W2-1', 'product_uom_qty': 1.0, 'price_unit': 25340.9565, 'sequence': 20, 'date': Timestamp('2025-06-11 00:00:00'), 'scheduled_date_orig': Timestamp('2025-11-30 00:00:00'), 'product_id': '3FG-LH-1980W2-1'}
2025-11-29 08:42:51,486 - INFO - Using cached product ID for code: '3FG-LH-1980W2-1'
2025-11-29 08:42:51,486 - INFO - Prepared product 3FG-LH-1980W2-1 with quantity 1.0 for batch creation
2025-11-29 08:42:51,486 - INFO - Move locations - Source: 4, Dest: 100
2025-11-29 08:42:51,487 - INFO - Processing Excel row 21: {'partner_id': 'MOGEN_OB', 'scheduled_date': Timestamp('2025-11-30 00:00:00'), 'picking_type_id': 'PJ01-OB', 'date_done': Timestamp('2025-11-30 00:00:00'), 'origin': 'คลังโครงการ', 'location_dest_id': 'PJ01/Stock', 'default_code': '3FG-LH-251MV1-1', 'product_uom_qty': 1.0, 'price_unit': 5681.9083, 'sequence': 21, 'date': Timestamp('2025-06-12 00:00:00'), 'scheduled_date_orig': Timestamp('2025-11-30 00:00:00'), 'product_id': '3FG-LH-251MV1-1'}
2025-11-29 08:42:51,487 - INFO - Searching for product with code: '3FG-LH-251MV1-1' and old code: '3FG-LH-251MV1-1'
2025-11-29 08:42:51,600 - INFO - Found product with exact match on default_code: '3FG-LH-251MV1-1'
2025-11-29 08:42:51,700 - INFO - Prepared product 3FG-LH-251MV1-1 with quantity 1.0 for batch creation
2025-11-29 08:42:51,700 - INFO - Move locations - Source: 4, Dest: 100
2025-11-29 08:42:51,701 - INFO - Processing Excel row 22: {'partner_id': 'MOGEN_OB', 'scheduled_date': Timestamp('2025-11-30 00:00:00'), 'picking_type_id': 'PJ01-OB', 'date_done': Timestamp('2025-11-30 00:00:00'), 'origin': 'คลังโครงการ', 'location_dest_id': 'PJ01/Stock', 'default_code': '3FG-LH-178MV1-1', 'product_uom_qty': 1.0, 'price_unit': 7020.293, 'sequence': 22, 'date': Timestamp('2025-06-13 00:00:00'), 'scheduled_date_orig': Timestamp('2025-11-30 00:00:00'), 'product_id': '3FG-LH-178MV1-1'}
2025-11-29 08:42:51,702 - INFO - Searching for product with code: '3FG-LH-178MV1-1' and old code: '3FG-LH-178MV1-1'
2025-11-29 08:42:51,794 - INFO - Found product with exact match on default_code: '3FG-LH-178MV1-1'
2025-11-29 08:42:51,898 - INFO - Prepared product 3FG-LH-178MV1-1 with quantity 1.0 for batch creation
2025-11-29 08:42:51,898 - INFO - Move locations - Source: 4, Dest: 100
2025-11-29 08:42:51,899 - INFO - Processing Excel row 23: {'partner_id': 'MOGEN_OB', 'scheduled_date': Timestamp('2025-11-30 00:00:00'), 'picking_type_id': 'PJ01-OB', 'date_done': Timestamp('2025-11-30 00:00:00'), 'origin': 'คลังโครงการ', 'location_dest_id': 'PJ01/Stock', 'default_code': '3FG-LH-251MV1', 'product_uom_qty': 1.0, 'price_unit': 8270.5785, 'sequence': 23, 'date': Timestamp('2025-06-16 00:00:00'), 'scheduled_date_orig': Timestamp('2025-11-30 00:00:00'), 'product_id': '3FG-LH-251MV1'}
2025-11-29 08:42:51,899 - INFO - Using cached product ID for code: '3FG-LH-251MV1'
2025-11-29 08:42:51,899 - INFO - Prepared product 3FG-LH-251MV1 with quantity 1.0 for batch creation
2025-11-29 08:42:51,899 - INFO - Move locations - Source: 4, Dest: 100
2025-11-29 08:42:51,899 - INFO - Processing Excel row 24: {'partner_id': 'MOGEN_OB', 'scheduled_date': Timestamp('2025-11-30 00:00:00'), 'picking_type_id': 'PJ01-OB', 'date_done': Timestamp('2025-11-30 00:00:00'), 'origin': 'คลังโครงการ', 'location_dest_id': 'PJ01/Stock', 'default_code': '3FG-LH-251MV1-1', 'product_uom_qty': 1.0, 'price_unit': 6050.8825, 'sequence': 24, 'date': Timestamp('2025-06-16 00:00:00'), 'scheduled_date_orig': Timestamp('2025-11-30 00:00:00'), 'product_id': '3FG-LH-251MV1-1'}
2025-11-29 08:42:51,899 - INFO - Using cached product ID for code: '3FG-LH-251MV1-1'
2025-11-29 08:42:51,900 - INFO - Prepared product 3FG-LH-251MV1-1 with quantity 1.0 for batch creation
2025-11-29 08:42:51,900 - INFO - Move locations - Source: 4, Dest: 100
2025-11-29 08:42:51,900 - INFO - Processing Excel row 25: {'partner_id': 'MOGEN_OB', 'scheduled_date': Timestamp('2025-11-30 00:00:00'), 'picking_type_id': 'PJ01-OB', 'date_done': Timestamp('2025-11-30 00:00:00'), 'origin': 'คลังโครงการ', 'location_dest_id': 'PJ01/Stock', 'default_code': '3FG-LH-251MV1-1', 'product_uom_qty': 1.0, 'price_unit': 10152.7958, 'sequence': 25, 'date': Timestamp('2025-06-16 00:00:00'), 'scheduled_date_orig': Timestamp('2025-11-30 00:00:00'), 'product_id': '3FG-LH-251MV1-1'}
2025-11-29 08:42:51,900 - INFO - Using cached product ID for code: '3FG-LH-251MV1-1'
2025-11-29 08:42:51,900 - INFO - Prepared product 3FG-LH-251MV1-1 with quantity 1.0 for batch creation
2025-11-29 08:42:51,900 - INFO - Move locations - Source: 4, Dest: 100
2025-11-29 08:42:51,901 - INFO - Processing Excel row 26: {'partner_id': 'MOGEN_OB', 'scheduled_date': Timestamp('2025-11-30 00:00:00'), 'picking_type_id': 'PJ01-OB', 'date_done': Timestamp('2025-11-30 00:00:00'), 'origin': 'คลังโครงการ', 'location_dest_id': 'PJ01/Stock', 'default_code': '3FG-474CD1-1450x1520x25', 'product_uom_qty': 1.0, 'price_unit': 2438.5911, 'sequence': 26, 'date': Timestamp('2025-06-26 00:00:00'), 'scheduled_date_orig': Timestamp('2025-11-30 00:00:00'), 'product_id': '3FG-474CD1-1450x1520x25'}
2025-11-29 08:42:51,901 - INFO - Searching for product with code: '3FG-474CD1-1450x1520x25' and old code: '3FG-474CD1-1450x1520x25'
2025-11-29 08:42:52,014 - INFO - Found product with exact match on default_code: '3FG-474CD1-1450x1520x25'
2025-11-29 08:42:52,104 - INFO - Prepared product 3FG-474CD1-1450x1520x25 with quantity 1.0 for batch creation
2025-11-29 08:42:52,104 - INFO - Move locations - Source: 4, Dest: 100
2025-11-29 08:42:52,105 - INFO - Processing Excel row 27: {'partner_id': 'MOGEN_OB', 'scheduled_date': Timestamp('2025-11-30 00:00:00'), 'picking_type_id': 'PJ01-OB', 'date_done': Timestamp('2025-11-30 00:00:00'), 'origin': 'คลังโครงการ', 'location_dest_id': 'PJ01/Stock', 'default_code': '3FG-474CD1-1550x1400x25', 'product_uom_qty': 1.0, 'price_unit': 2585.658, 'sequence': 27, 'date': Timestamp('2025-06-26 00:00:00'), 'scheduled_date_orig': Timestamp('2025-11-30 00:00:00'), 'product_id': '3FG-474CD1-1550x1400x25'}
2025-11-29 08:42:52,105 - INFO - Searching for product with code: '3FG-474CD1-1550x1400x25' and old code: '3FG-474CD1-1550x1400x25'
2025-11-29 08:42:52,200 - INFO - Found product with exact match on default_code: '3FG-474CD1-1550x1400x25'
2025-11-29 08:42:52,311 - INFO - Prepared product 3FG-474CD1-1550x1400x25 with quantity 1.0 for batch creation
2025-11-29 08:42:52,312 - INFO - Move locations - Source: 4, Dest: 100
2025-11-29 08:42:52,312 - INFO - Processing Excel row 28: {'partner_id': 'MOGEN_OB', 'scheduled_date': Timestamp('2025-11-30 00:00:00'), 'picking_type_id': 'PJ01-OB', 'date_done': Timestamp('2025-11-30 00:00:00'), 'origin': 'คลังโครงการ', 'location_dest_id': 'PJ01/Stock', 'default_code': '3FG-474CD1-195x1450x8', 'product_uom_qty': 18.0, 'price_unit': 300.92654999999996, 'sequence': 28, 'date': Timestamp('2025-06-26 00:00:00'), 'scheduled_date_orig': Timestamp('2025-11-30 00:00:00'), 'product_id': '3FG-474CD1-195x1450x8'}
2025-11-29 08:42:52,313 - INFO - Searching for product with code: '3FG-474CD1-195x1450x8' and old code: '3FG-474CD1-195x1450x8'
2025-11-29 08:42:52,408 - INFO - Found product with exact match on default_code: '3FG-474CD1-195x1450x8'
2025-11-29 08:42:52,504 - INFO - Prepared product 3FG-474CD1-195x1450x8 with quantity 18.0 for batch creation
2025-11-29 08:42:52,504 - INFO - Move locations - Source: 4, Dest: 100
2025-11-29 08:42:52,505 - INFO - Processing Excel row 29: {'partner_id': 'MOGEN_OB', 'scheduled_date': Timestamp('2025-11-30 00:00:00'), 'picking_type_id': 'PJ01-OB', 'date_done': Timestamp('2025-11-30 00:00:00'), 'origin': 'คลังโครงการ', 'location_dest_id': 'PJ01/Stock', 'default_code': '3FG-474CD1-200x1450x25', 'product_uom_qty': 1.0, 'price_unit': 489.7318, 'sequence': 29, 'date': Timestamp('2025-06-26 00:00:00'), 'scheduled_date_orig': Timestamp('2025-11-30 00:00:00'), 'product_id': '3FG-474CD1-200x1450x25'}
2025-11-29 08:42:52,505 - INFO - Searching for product with code: '3FG-474CD1-200x1450x25' and old code: '3FG-474CD1-200x1450x25'
2025-11-29 08:42:52,600 - INFO - Found product with exact match on default_code: '3FG-474CD1-200x1450x25'
2025-11-29 08:42:52,690 - INFO - Prepared product 3FG-474CD1-200x1450x25 with quantity 1.0 for batch creation
2025-11-29 08:42:52,691 - INFO - Move locations - Source: 4, Dest: 100
2025-11-29 08:42:52,692 - INFO - Processing Excel row 30: {'partner_id': 'MOGEN_OB', 'scheduled_date': Timestamp('2025-11-30 00:00:00'), 'picking_type_id': 'PJ01-OB', 'date_done': Timestamp('2025-11-30 00:00:00'), 'origin': 'คลังโครงการ', 'location_dest_id': 'PJ01/Stock', 'default_code': '3FG-474CD1-220x1450x8', 'product_uom_qty': 1.0, 'price_unit': 362.2504, 'sequence': 30, 'date': Timestamp('2025-06-26 00:00:00'), 'scheduled_date_orig': Timestamp('2025-11-30 00:00:00'), 'product_id': '3FG-474CD1-220x1450x8'}
2025-11-29 08:42:52,692 - INFO - Searching for product with code: '3FG-474CD1-220x1450x8' and old code: '3FG-474CD1-220x1450x8'
2025-11-29 08:42:52,781 - INFO - Found product with exact match on default_code: '3FG-474CD1-220x1450x8'
2025-11-29 08:42:52,884 - INFO - Prepared product 3FG-474CD1-220x1450x8 with quantity 1.0 for batch creation
2025-11-29 08:42:52,885 - INFO - Move locations - Source: 4, Dest: 100
2025-11-29 08:42:52,886 - INFO - Processing Excel row 31: {'partner_id': 'MOGEN_OB', 'scheduled_date': Timestamp('2025-11-30 00:00:00'), 'picking_type_id': 'PJ01-OB', 'date_done': Timestamp('2025-11-30 00:00:00'), 'origin': 'คลังโครงการ', 'location_dest_id': 'PJ01/Stock', 'default_code': '3FG-474CD1-300x1450x25', 'product_uom_qty': 16.0, 'price_unit': 692.63861875, 'sequence': 31, 'date': Timestamp('2025-06-26 00:00:00'), 'scheduled_date_orig': Timestamp('2025-11-30 00:00:00'), 'product_id': '3FG-474CD1-300x1450x25'}
2025-11-29 08:42:52,886 - INFO - Searching for product with code: '3FG-474CD1-300x1450x25' and old code: '3FG-474CD1-300x1450x25'
2025-11-29 08:42:53,208 - INFO - Found product with exact match on default_code: '3FG-474CD1-300x1450x25'
2025-11-29 08:42:53,564 - INFO - Prepared product 3FG-474CD1-300x1450x25 with quantity 16.0 for batch creation
2025-11-29 08:42:53,564 - INFO - Move locations - Source: 4, Dest: 100
2025-11-29 08:42:53,565 - INFO - Processing Excel row 32: {'partner_id': 'MOGEN_OB', 'scheduled_date': Timestamp('2025-11-30 00:00:00'), 'picking_type_id': 'PJ01-OB', 'date_done': Timestamp('2025-11-30 00:00:00'), 'origin': 'คลังโครงการ', 'location_dest_id': 'PJ01/Stock', 'default_code': '3FG-614CD1-1-ราวตรง', 'product_uom_qty': 1.0, 'price_unit': 6720.2032, 'sequence': 32, 'date': Timestamp('2025-06-26 00:00:00'), 'scheduled_date_orig': Timestamp('2025-11-30 00:00:00'), 'product_id': '3FG-614CD1-1-ราวตรง'}
2025-11-29 08:42:53,565 - INFO - Searching for product with code: '3FG-614CD1-1-ราวตรง' and old code: '3FG-614CD1-1-ราวตรง'
2025-11-29 08:42:53,661 - INFO - Found product with exact match on default_code: '3FG-614CD1-1-ราวตรง'
2025-11-29 08:42:53,756 - INFO - Prepared product 3FG-614CD1-1-ราวตรง with quantity 1.0 for batch creation
2025-11-29 08:42:53,756 - INFO - Move locations - Source: 4, Dest: 100
2025-11-29 08:42:53,757 - INFO - Processing Excel row 33: {'partner_id': 'MOGEN_OB', 'scheduled_date': Timestamp('2025-11-30 00:00:00'), 'picking_type_id': 'PJ01-OB', 'date_done': Timestamp('2025-11-30 00:00:00'), 'origin': 'คลังโครงการ', 'location_dest_id': 'PJ01/Stock', 'default_code': '3FG-614CD1-2-ราวโค้ง', 'product_uom_qty': 1.0, 'price_unit': 10996.5455, 'sequence': 33, 'date': Timestamp('2025-06-26 00:00:00'), 'scheduled_date_orig': Timestamp('2025-11-30 00:00:00'), 'product_id': '3FG-614CD1-2-ราวโค้ง'}
2025-11-29 08:42:53,757 - INFO - Searching for product with code: '3FG-614CD1-2-ราวโค้ง' and old code: '3FG-614CD1-2-ราวโค้ง'
2025-11-29 08:42:53,840 - INFO - Found product with exact match on default_code: '3FG-614CD1-2-ราวโค้ง'
2025-11-29 08:42:53,933 - INFO - Prepared product 3FG-614CD1-2-ราวโค้ง with quantity 1.0 for batch creation
2025-11-29 08:42:53,934 - INFO - Move locations - Source: 4, Dest: 100
2025-11-29 08:42:53,934 - INFO - Processing Excel row 34: {'partner_id': 'MOGEN_OB', 'scheduled_date': Timestamp('2025-11-30 00:00:00'), 'picking_type_id': 'PJ01-OB', 'date_done': Timestamp('2025-11-30 00:00:00'), 'origin': 'คลังโครงการ', 'location_dest_id': 'PJ01/Stock', 'default_code': '3FG-614CD1-3-ราวตรง', 'product_uom_qty': 1.0, 'price_unit': 72884.0173, 'sequence': 34, 'date': Timestamp('2025-06-26 00:00:00'), 'scheduled_date_orig': Timestamp('2025-11-30 00:00:00'), 'product_id': '3FG-614CD1-3-ราวตรง'}
2025-11-29 08:42:53,934 - INFO - Using cached product ID for code: '3FG-614CD1-3-ราวตรง'
2025-11-29 08:42:53,935 - INFO - Prepared product 3FG-614CD1-3-ราวตรง with quantity 1.0 for batch creation
2025-11-29 08:42:53,935 - INFO - Move locations - Source: 4, Dest: 100
2025-11-29 08:42:53,935 - INFO - Processing Excel row 35: {'partner_id': 'MOGEN_OB', 'scheduled_date': Timestamp('2025-11-30 00:00:00'), 'picking_type_id': 'PJ01-OB', 'date_done': Timestamp('2025-11-30 00:00:00'), 'origin': 'คลังโครงการ', 'location_dest_id': 'PJ01/Stock', 'default_code': '3FG-LH-178MV1-1', 'product_uom_qty': 1.0, 'price_unit': 12529.2417, 'sequence': 35, 'date': Timestamp('2025-06-26 00:00:00'), 'scheduled_date_orig': Timestamp('2025-11-30 00:00:00'), 'product_id': '3FG-LH-178MV1-1'}
2025-11-29 08:42:53,935 - INFO - Using cached product ID for code: '3FG-LH-178MV1-1'
2025-11-29 08:42:53,935 - INFO - Prepared product 3FG-LH-178MV1-1 with quantity 1.0 for batch creation
2025-11-29 08:42:53,935 - INFO - Move locations - Source: 4, Dest: 100
2025-11-29 08:42:53,936 - INFO - Processing Excel row 36: {'partner_id': 'MOGEN_OB', 'scheduled_date': Timestamp('2025-11-30 00:00:00'), 'picking_type_id': 'PJ01-OB', 'date_done': Timestamp('2025-11-30 00:00:00'), 'origin': 'คลังโครงการ', 'location_dest_id': 'PJ01/Stock', 'default_code': '3FG-LH-203MV1-1', 'product_uom_qty': 1.0, 'price_unit': 10561.3989, 'sequence': 36, 'date': Timestamp('2025-06-26 00:00:00'), 'scheduled_date_orig': Timestamp('2025-11-30 00:00:00'), 'product_id': '3FG-LH-203MV1-1'}
2025-11-29 08:42:53,936 - INFO - Searching for product with code: '3FG-LH-203MV1-1' and old code: '3FG-LH-203MV1-1'
2025-11-29 08:42:54,028 - INFO - Found product with exact match on default_code: '3FG-LH-203MV1-1'
2025-11-29 08:42:54,175 - INFO - Prepared product 3FG-LH-203MV1-1 with quantity 1.0 for batch creation
2025-11-29 08:42:54,175 - INFO - Move locations - Source: 4, Dest: 100
2025-11-29 08:42:54,176 - INFO - Processing Excel row 37: {'partner_id': 'MOGEN_OB', 'scheduled_date': Timestamp('2025-11-30 00:00:00'), 'picking_type_id': 'PJ01-OB', 'date_done': Timestamp('2025-11-30 00:00:00'), 'origin': 'คลังโครงการ', 'location_dest_id': 'PJ01/Stock', 'default_code': '3FG-LH-251MV1-1', 'product_uom_qty': 1.0, 'price_unit': 8312.9641, 'sequence': 37, 'date': Timestamp('2025-06-26 00:00:00'), 'scheduled_date_orig': Timestamp('2025-11-30 00:00:00'), 'product_id': '3FG-LH-251MV1-1'}
2025-11-29 08:42:54,176 - INFO - Using cached product ID for code: '3FG-LH-251MV1-1'
2025-11-29 08:42:54,176 - INFO - Prepared product 3FG-LH-251MV1-1 with quantity 1.0 for batch creation
2025-11-29 08:42:54,176 - INFO - Move locations - Source: 4, Dest: 100
2025-11-29 08:42:54,177 - INFO - Processing Excel row 38: {'partner_id': 'MOGEN_OB', 'scheduled_date': Timestamp('2025-11-30 00:00:00'), 'picking_type_id': 'PJ01-OB', 'date_done': Timestamp('2025-11-30 00:00:00'), 'origin': 'คลังโครงการ', 'location_dest_id': 'PJ01/Stock', 'default_code': '3FG-614CD1-1600x3350x25', 'product_uom_qty': 1.0, 'price_unit': 49908.6906, 'sequence': 38, 'date': Timestamp('2025-07-02 00:00:00'), 'scheduled_date_orig': Timestamp('2025-11-30 00:00:00'), 'product_id': '3FG-614CD1-1600x3350x25'}
2025-11-29 08:42:54,177 - INFO - Using cached product ID for code: '3FG-614CD1-1600x3350x25'
2025-11-29 08:42:54,177 - INFO - Prepared product 3FG-614CD1-1600x3350x25 with quantity 1.0 for batch creation
2025-11-29 08:42:54,177 - INFO - Move locations - Source: 4, Dest: 100
2025-11-29 08:42:54,178 - INFO - Processing Excel row 39: {'partner_id': 'MOGEN_OB', 'scheduled_date': Timestamp('2025-11-30 00:00:00'), 'picking_type_id': 'PJ01-OB', 'date_done': Timestamp('2025-11-30 00:00:00'), 'origin': 'คลังโครงการ', 'location_dest_id': 'PJ01/Stock', 'default_code': '3FG-LH-1980W2-1', 'product_uom_qty': 1.0, 'price_unit': 34497.0, 'sequence': 39, 'date': Timestamp('2025-07-10 00:00:00'), 'scheduled_date_orig': Timestamp('2025-11-30 00:00:00'), 'product_id': '3FG-LH-1980W2-1'}
2025-11-29 08:42:54,178 - INFO - Using cached product ID for code: '3FG-LH-1980W2-1'
2025-11-29 08:42:54,178 - INFO - Prepared product 3FG-LH-1980W2-1 with quantity 1.0 for batch creation
2025-11-29 08:42:54,178 - INFO - Move locations - Source: 4, Dest: 100
2025-11-29 08:42:54,178 - INFO - Processing Excel row 40: {'partner_id': 'MOGEN_OB', 'scheduled_date': Timestamp('2025-11-30 00:00:00'), 'picking_type_id': 'PJ01-OB', 'date_done': Timestamp('2025-11-30 00:00:00'), 'origin': 'คลังโครงการ', 'location_dest_id': 'PJ01/Stock', 'default_code': '3FG-LH-1980W2-1', 'product_uom_qty': 1.0, 'price_unit': 34497.0, 'sequence': 40, 'date': Timestamp('2025-07-14 00:00:00'), 'scheduled_date_orig': Timestamp('2025-11-30 00:00:00'), 'product_id': '3FG-LH-1980W2-1'}
2025-11-29 08:42:54,178 - INFO - Using cached product ID for code: '3FG-LH-1980W2-1'
2025-11-29 08:42:54,179 - INFO - Prepared product 3FG-LH-1980W2-1 with quantity 1.0 for batch creation
2025-11-29 08:42:54,179 - INFO - Move locations - Source: 4, Dest: 100
2025-11-29 08:42:54,179 - INFO - Processing Excel row 41: {'partner_id': 'MOGEN_OB', 'scheduled_date': Timestamp('2025-11-30 00:00:00'), 'picking_type_id': 'PJ01-OB', 'date_done': Timestamp('2025-11-30 00:00:00'), 'origin': 'คลังโครงการ', 'location_dest_id': 'PJ01/Stock', 'default_code': 'NFG03-SPC-1851150-8019', 'product_uom_qty': 7.0, 'price_unit': 230.00022857142858, 'sequence': 41, 'date': Timestamp('2025-07-14 00:00:00'), 'scheduled_date_orig': Timestamp('2025-11-30 00:00:00'), 'product_id': 'NFG03-SPC-1851150-8019'}
2025-11-29 08:42:54,179 - INFO - Searching for product with code: 'NFG03-SPC-1851150-8019' and old code: 'NFG03-SPC-1851150-8019'
2025-11-29 08:42:54,455 - INFO - Found product with exact match on old_product_code: 'NFG03-SPC-1851150-8019'
2025-11-29 08:42:54,543 - INFO - Prepared product NFG03-SPC-1851150-8019 with quantity 7.0 for batch creation
2025-11-29 08:42:54,544 - INFO - Move locations - Source: 4, Dest: 100
2025-11-29 08:42:54,544 - INFO - Processing Excel row 42: {'partner_id': 'MOGEN_OB', 'scheduled_date': Timestamp('2025-11-30 00:00:00'), 'picking_type_id': 'PJ01-OB', 'date_done': Timestamp('2025-11-30 00:00:00'), 'origin': 'คลังโครงการ', 'location_dest_id': 'PJ01/Stock', 'default_code': 'NFG03-SPC-2751150-8019', 'product_uom_qty': 7.0, 'price_unit': 600.0006000000001, 'sequence': 42, 'date': Timestamp('2025-07-14 00:00:00'), 'scheduled_date_orig': Timestamp('2025-11-30 00:00:00'), 'product_id': 'NFG03-SPC-2751150-8019'}
2025-11-29 08:42:54,544 - INFO - Searching for product with code: 'NFG03-SPC-2751150-8019' and old code: 'NFG03-SPC-2751150-8019'
2025-11-29 08:42:54,813 - INFO - Found product with exact match on old_product_code: 'NFG03-SPC-2751150-8019'
2025-11-29 08:42:54,893 - INFO - Prepared product NFG03-SPC-2751150-8019 with quantity 7.0 for batch creation
2025-11-29 08:42:54,894 - INFO - Move locations - Source: 4, Dest: 100
2025-11-29 08:42:54,894 - INFO - Processing Excel row 43: {'partner_id': 'MOGEN_OB', 'scheduled_date': Timestamp('2025-11-30 00:00:00'), 'picking_type_id': 'PJ01-OB', 'date_done': Timestamp('2025-11-30 00:00:00'), 'origin': 'คลังโครงการ', 'location_dest_id': 'PJ01/Stock', 'default_code': 'NRFC9-920-0001-101', 'product_uom_qty': 3.0, 'price_unit': 116.0, 'sequence': 43, 'date': Timestamp('2025-07-14 00:00:00'), 'scheduled_date_orig': Timestamp('2025-11-30 00:00:00'), 'product_id': 'NRFC9-920-0001-101'}
2025-11-29 08:42:54,894 - INFO - Searching for product with code: 'NRFC9-920-0001-101' and old code: 'NRFC9-920-0001-101'
2025-11-29 08:42:55,164 - INFO - Found product with exact match on old_product_code: 'NRFC9-920-0001-101'
2025-11-29 08:42:55,285 - INFO - Prepared product NRFC9-920-0001-101 with quantity 3.0 for batch creation
2025-11-29 08:42:55,285 - INFO - Move locations - Source: 4, Dest: 100
2025-11-29 08:42:55,286 - INFO - Processing Excel row 44: {'partner_id': 'MOGEN_OB', 'scheduled_date': Timestamp('2025-11-30 00:00:00'), 'picking_type_id': 'PJ01-OB', 'date_done': Timestamp('2025-11-30 00:00:00'), 'origin': 'คลังโครงการ', 'location_dest_id': 'PJ01/Stock', 'default_code': '3FG-614CD1-1600x3350x25', 'product_uom_qty': 1.0, 'price_unit': 1306.5207, 'sequence': 44, 'date': Timestamp('2025-07-21 00:00:00'), 'scheduled_date_orig': Timestamp('2025-11-30 00:00:00'), 'product_id': '3FG-614CD1-1600x3350x25'}
2025-11-29 08:42:55,286 - INFO - Using cached product ID for code: '3FG-614CD1-1600x3350x25'
2025-11-29 08:42:55,286 - INFO - Prepared product 3FG-614CD1-1600x3350x25 with quantity 1.0 for batch creation
2025-11-29 08:42:55,287 - INFO - Move locations - Source: 4, Dest: 100
2025-11-29 08:42:55,287 - INFO - Processing Excel row 45: {'partner_id': 'MOGEN_OB', 'scheduled_date': Timestamp('2025-11-30 00:00:00'), 'picking_type_id': 'PJ01-OB', 'date_done': Timestamp('2025-11-30 00:00:00'), 'origin': 'คลังโครงการ', 'location_dest_id': 'PJ01/Stock', 'default_code': '3FG-614CD1-195x1450x8', 'product_uom_qty': 18.0, 'price_unit': 160.98332222222223, 'sequence': 45, 'date': Timestamp('2025-07-21 00:00:00'), 'scheduled_date_orig': Timestamp('2025-11-30 00:00:00'), 'product_id': '3FG-614CD1-195x1450x8'}
2025-11-29 08:42:55,287 - INFO - Using cached product ID for code: '3FG-614CD1-195x1450x8'
2025-11-29 08:42:55,287 - INFO - Prepared product 3FG-614CD1-195x1450x8 with quantity 18.0 for batch creation
2025-11-29 08:42:55,287 - INFO - Move locations - Source: 4, Dest: 100
2025-11-29 08:42:55,288 - INFO - Processing Excel row 46: {'partner_id': 'MOGEN_OB', 'scheduled_date': Timestamp('2025-11-30 00:00:00'), 'picking_type_id': 'PJ01-OB', 'date_done': Timestamp('2025-11-30 00:00:00'), 'origin': 'คลังโครงการ', 'location_dest_id': 'PJ01/Stock', 'default_code': '3FG-614CD1-200x1400x25', 'product_uom_qty': 2.0, 'price_unit': 261.5672, 'sequence': 46, 'date': Timestamp('2025-07-21 00:00:00'), 'scheduled_date_orig': Timestamp('2025-11-30 00:00:00'), 'product_id': '3FG-614CD1-200x1400x25'}
2025-11-29 08:42:55,288 - INFO - Using cached product ID for code: '3FG-614CD1-200x1400x25'
2025-11-29 08:42:55,288 - INFO - Prepared product 3FG-614CD1-200x1400x25 with quantity 2.0 for batch creation
2025-11-29 08:42:55,288 - INFO - Move locations - Source: 4, Dest: 100
2025-11-29 08:42:55,288 - INFO - Processing Excel row 47: {'partner_id': 'MOGEN_OB', 'scheduled_date': Timestamp('2025-11-30 00:00:00'), 'picking_type_id': 'PJ01-OB', 'date_done': Timestamp('2025-11-30 00:00:00'), 'origin': 'คลังโครงการ', 'location_dest_id': 'PJ01/Stock', 'default_code': '3FG-614CD1-230x1400x8', 'product_uom_qty': 1.0, 'price_unit': 194.2305, 'sequence': 47, 'date': Timestamp('2025-07-21 00:00:00'), 'scheduled_date_orig': Timestamp('2025-11-30 00:00:00'), 'product_id': '3FG-614CD1-230x1400x8'}
2025-11-29 08:42:55,288 - INFO - Using cached product ID for code: '3FG-614CD1-230x1400x8'
2025-11-29 08:42:55,289 - INFO - Prepared product 3FG-614CD1-230x1400x8 with quantity 1.0 for batch creation
2025-11-29 08:42:55,289 - INFO - Move locations - Source: 4, Dest: 100
2025-11-29 08:42:55,289 - INFO - Processing Excel row 48: {'partner_id': 'MOGEN_OB', 'scheduled_date': Timestamp('2025-11-30 00:00:00'), 'picking_type_id': 'PJ01-OB', 'date_done': Timestamp('2025-11-30 00:00:00'), 'origin': 'คลังโครงการ', 'location_dest_id': 'PJ01/Stock', 'default_code': '3FG-614CD1-350x1400x25', 'product_uom_qty': 17.0, 'price_unit': 410.4367411764706, 'sequence': 48, 'date': Timestamp('2025-07-21 00:00:00'), 'scheduled_date_orig': Timestamp('2025-11-30 00:00:00'), 'product_id': '3FG-614CD1-350x1400x25'}
2025-11-29 08:42:55,289 - INFO - Using cached product ID for code: '3FG-614CD1-350x1400x25'
2025-11-29 08:42:55,289 - INFO - Prepared product 3FG-614CD1-350x1400x25 with quantity 17.0 for batch creation
2025-11-29 08:42:55,289 - INFO - Move locations - Source: 4, Dest: 100
2025-11-29 08:42:55,290 - INFO - Processing Excel row 49: {'partner_id': 'MOGEN_OB', 'scheduled_date': Timestamp('2025-11-30 00:00:00'), 'picking_type_id': 'PJ01-OB', 'date_done': Timestamp('2025-11-30 00:00:00'), 'origin': 'คลังโครงการ', 'location_dest_id': 'PJ01/Stock', 'default_code': '3FG-JMN0003/3-S', 'product_uom_qty': 7.0, 'price_unit': 23868.777042857142, 'sequence': 49, 'date': Timestamp('2025-07-21 00:00:00'), 'scheduled_date_orig': Timestamp('2025-11-30 00:00:00'), 'product_id': '3FG-JMN0003/3-S'}
2025-11-29 08:42:55,290 - INFO - Searching for product with code: '3FG-JMN0003/3-S' and old code: '3FG-JMN0003/3-S'
2025-11-29 08:42:55,393 - INFO - Found product with exact match on default_code: '3FG-JMN0003/3-S'
2025-11-29 08:42:55,489 - INFO - Prepared product 3FG-JMN0003/3-S with quantity 7.0 for batch creation
2025-11-29 08:42:55,489 - INFO - Move locations - Source: 4, Dest: 100
2025-11-29 08:42:55,490 - INFO - Processing Excel row 50: {'partner_id': 'MOGEN_OB', 'scheduled_date': Timestamp('2025-11-30 00:00:00'), 'picking_type_id': 'PJ01-OB', 'date_done': Timestamp('2025-11-30 00:00:00'), 'origin': 'คลังโครงการ', 'location_dest_id': 'PJ01/Stock', 'default_code': '3FG-LH-251MV1-1', 'product_uom_qty': 1.0, 'price_unit': 11123.0083, 'sequence': 50, 'date': Timestamp('2025-08-19 00:00:00'), 'scheduled_date_orig': Timestamp('2025-11-30 00:00:00'), 'product_id': '3FG-LH-251MV1-1'}
2025-11-29 08:42:55,490 - INFO - Using cached product ID for code: '3FG-LH-251MV1-1'
2025-11-29 08:42:55,490 - INFO - Prepared product 3FG-LH-251MV1-1 with quantity 1.0 for batch creation
2025-11-29 08:42:55,490 - INFO - Move locations - Source: 4, Dest: 100
2025-11-29 08:42:55,491 - INFO - Processing Excel row 51: {'partner_id': 'MOGEN_OB', 'scheduled_date': Timestamp('2025-11-30 00:00:00'), 'picking_type_id': 'PJ01-OB', 'date_done': Timestamp('2025-11-30 00:00:00'), 'origin': 'คลังโครงการ', 'location_dest_id': 'PJ01/Stock', 'default_code': 'LAM0044DPC22115', 'product_uom_qty': 1.0, 'price_unit': 10312.8572, 'sequence': 51, 'date': Timestamp('2025-09-23 00:00:00'), 'scheduled_date_orig': Timestamp('2025-11-30 00:00:00'), 'product_id': 'LAM0044DPC22115'}
2025-11-29 08:42:55,491 - INFO - Searching for product with code: 'LAM0044DPC22115' and old code: 'LAM0044DPC22115'
2025-11-29 08:42:55,571 - INFO - Found product with exact match on default_code: 'LAM0044DPC22115'
2025-11-29 08:42:55,645 - INFO - Prepared product LAM0044DPC22115 with quantity 1.0 for batch creation
2025-11-29 08:42:55,645 - INFO - Move locations - Source: 4, Dest: 100
2025-11-29 08:42:55,646 - INFO - Processing Excel row 52: {'partner_id': 'MOGEN_OB', 'scheduled_date': Timestamp('2025-11-30 00:00:00'), 'picking_type_id': 'PJ01-OB', 'date_done': Timestamp('2025-11-30 00:00:00'), 'origin': 'คลังโครงการ', 'location_dest_id': 'PJ01/Stock', 'default_code': 'LAM0054DGC12115', 'product_uom_qty': 4.0, 'price_unit': 4078.1037, 'sequence': 52, 'date': Timestamp('2025-09-23 00:00:00'), 'scheduled_date_orig': Timestamp('2025-11-30 00:00:00'), 'product_id': 'LAM0054DGC12115'}
2025-11-29 08:42:55,646 - INFO - Searching for product with code: 'LAM0054DGC12115' and old code: 'LAM0054DGC12115'
2025-11-29 08:42:55,751 - INFO - Found product with exact match on default_code: 'LAM0054DGC12115'
2025-11-29 08:42:55,866 - INFO - Prepared product LAM0054DGC12115 with quantity 4.0 for batch creation
2025-11-29 08:42:55,866 - INFO - Move locations - Source: 4, Dest: 100
2025-11-29 08:42:55,867 - INFO - Processing Excel row 53: {'partner_id': 'MOGEN_OB', 'scheduled_date': Timestamp('2025-11-30 00:00:00'), 'picking_type_id': 'PJ01-OB', 'date_done': Timestamp('2025-11-30 00:00:00'), 'origin': 'คลังโครงการ', 'location_dest_id': 'PJ01/Stock', 'default_code': 'FTQ0003DJC10000', 'product_uom_qty': 1.0, 'price_unit': 3469.3606, 'sequence': 53, 'date': Timestamp('2025-09-24 00:00:00'), 'scheduled_date_orig': Timestamp('2025-11-30 00:00:00'), 'product_id': 'FTQ0003DJC10000'}
2025-11-29 08:42:55,868 - INFO - Searching for product with code: 'FTQ0003DJC10000' and old code: 'FTQ0003DJC10000'
2025-11-29 08:42:55,950 - INFO - Found product with exact match on default_code: 'FTQ0003DJC10000'
2025-11-29 08:42:56,042 - INFO - Prepared product FTQ0003DJC10000 with quantity 1.0 for batch creation
2025-11-29 08:42:56,043 - INFO - Move locations - Source: 4, Dest: 100
2025-11-29 08:42:56,043 - INFO - Processing Excel row 54: {'partner_id': 'MOGEN_OB', 'scheduled_date': Timestamp('2025-11-30 00:00:00'), 'picking_type_id': 'PJ01-OB', 'date_done': Timestamp('2025-11-30 00:00:00'), 'origin': 'คลังโครงการ', 'location_dest_id': 'PJ01/Stock', 'default_code': '3FG-AF0001-0170-L', 'product_uom_qty': 1.0, 'price_unit': 39687.9675, 'sequence': 54, 'date': Timestamp('2025-09-25 00:00:00'), 'scheduled_date_orig': Timestamp('2025-11-30 00:00:00'), 'product_id': '3FG-AF0001-0170-L'}
2025-11-29 08:42:56,043 - INFO - Searching for product with code: '3FG-AF0001-0170-L' and old code: '3FG-AF0001-0170-L'
2025-11-29 08:42:56,139 - INFO - Found product with exact match on default_code: '3FG-AF0001-0170-L'
2025-11-29 08:42:56,264 - INFO - Prepared product 3FG-AF0001-0170-L with quantity 1.0 for batch creation
2025-11-29 08:42:56,264 - INFO - Move locations - Source: 4, Dest: 100
2025-11-29 08:42:56,265 - INFO - Processing Excel row 55: {'partner_id': 'MOGEN_OB', 'scheduled_date': Timestamp('2025-11-30 00:00:00'), 'picking_type_id': 'PJ01-OB', 'date_done': Timestamp('2025-11-30 00:00:00'), 'origin': 'คลังโครงการ', 'location_dest_id': 'PJ01/Stock', 'default_code': '3FG-LH-203MV1-1', 'product_uom_qty': 1.0, 'price_unit': 9625.0224, 'sequence': 55, 'date': Timestamp('2025-10-02 00:00:00'), 'scheduled_date_orig': Timestamp('2025-11-30 00:00:00'), 'product_id': '3FG-LH-203MV1-1'}
2025-11-29 08:42:56,265 - INFO - Using cached product ID for code: '3FG-LH-203MV1-1'
2025-11-29 08:42:56,266 - INFO - Prepared product 3FG-LH-203MV1-1 with quantity 1.0 for batch creation
2025-11-29 08:42:56,266 - INFO - Move locations - Source: 4, Dest: 100
2025-11-29 08:42:56,266 - INFO - Processing Excel row 56: {'partner_id': 'MOGEN_OB', 'scheduled_date': Timestamp('2025-11-30 00:00:00'), 'picking_type_id': 'PJ01-OB', 'date_done': Timestamp('2025-11-30 00:00:00'), 'origin': 'คลังโครงการ', 'location_dest_id': 'PJ01/Stock', 'default_code': '3FG-LH-203MV1-1', 'product_uom_qty': 1.0, 'price_unit': 10561.3989, 'sequence': 56, 'date': Timestamp('2025-10-08 00:00:00'), 'scheduled_date_orig': Timestamp('2025-11-30 00:00:00'), 'product_id': '3FG-LH-203MV1-1'}
2025-11-29 08:42:56,266 - INFO - Using cached product ID for code: '3FG-LH-203MV1-1'
2025-11-29 08:42:56,266 - INFO - Prepared product 3FG-LH-203MV1-1 with quantity 1.0 for batch creation
2025-11-29 08:42:56,267 - INFO - Move locations - Source: 4, Dest: 100
2025-11-29 08:42:56,267 - INFO - Processing Excel row 57: {'partner_id': 'MOGEN_OB', 'scheduled_date': Timestamp('2025-11-30 00:00:00'), 'picking_type_id': 'PJ01-OB', 'date_done': Timestamp('2025-11-30 00:00:00'), 'origin': 'คลังโครงการ', 'location_dest_id': 'PJ01/Stock', 'default_code': '3FG-LH0045-243FE1', 'product_uom_qty': 1.0, 'price_unit': 35451.0, 'sequence': 57, 'date': Timestamp('2025-10-10 00:00:00'), 'scheduled_date_orig': Timestamp('2025-11-30 00:00:00'), 'product_id': '3FG-LH0045-243FE1'}
2025-11-29 08:42:56,267 - INFO - Searching for product with code: '3FG-LH0045-243FE1' and old code: '3FG-LH0045-243FE1'
2025-11-29 08:42:56,393 - INFO - Found product with exact match on default_code: '3FG-LH0045-243FE1'
2025-11-29 08:42:56,518 - INFO - Prepared product 3FG-LH0045-243FE1 with quantity 1.0 for batch creation
2025-11-29 08:42:56,519 - INFO - Move locations - Source: 4, Dest: 100
2025-11-29 08:42:56,519 - INFO - Processing Excel row 58: {'partner_id': 'MOGEN_OB', 'scheduled_date': Timestamp('2025-11-30 00:00:00'), 'picking_type_id': 'PJ01-OB', 'date_done': Timestamp('2025-11-30 00:00:00'), 'origin': 'คลังโครงการ', 'location_dest_id': 'PJ01/Stock', 'default_code': '3FG-341CD1-1-ราวติดผนัง', 'product_uom_qty': 0.0800000000000005, 'price_unit': 3464.4849999999783, 'sequence': 58, 'date': Timestamp('2025-10-17 00:00:00'), 'scheduled_date_orig': Timestamp('2025-11-30 00:00:00'), 'product_id': '3FG-341CD1-1-ราวติดผนัง'}
2025-11-29 08:42:56,519 - INFO - Searching for product with code: '3FG-341CD1-1-ราวติดผนัง' and old code: '3FG-341CD1-1-ราวติดผนัง'
2025-11-29 08:42:56,609 - INFO - Found product with exact match on default_code: '3FG-341CD1-1-ราวติดผนัง'
2025-11-29 08:42:56,720 - INFO - Prepared product 3FG-341CD1-1-ราวติดผนัง with quantity 0.0800000000000005 for batch creation
2025-11-29 08:42:56,721 - INFO - Move locations - Source: 4, Dest: 100
2025-11-29 08:42:56,722 - INFO - Processing Excel row 59: {'partner_id': 'MOGEN_OB', 'scheduled_date': Timestamp('2025-11-30 00:00:00'), 'picking_type_id': 'PJ01-OB', 'date_done': Timestamp('2025-11-30 00:00:00'), 'origin': 'คลังโครงการ', 'location_dest_id': 'PJ01/Stock', 'default_code': '3FG-456CD1-2-ราวตั้งพื้น', 'product_uom_qty': 2.19999999999998, 'price_unit': 3990.1207727273086, 'sequence': 59, 'date': Timestamp('2025-10-17 00:00:00'), 'scheduled_date_orig': Timestamp('2025-11-30 00:00:00'), 'product_id': '3FG-456CD1-2-ราวตั้งพื้น'}
2025-11-29 08:42:56,722 - INFO - Searching for product with code: '3FG-456CD1-2-ราวตั้งพื้น' and old code: '3FG-456CD1-2-ราวตั้งพื้น'
2025-11-29 08:42:56,834 - INFO - Found product with exact match on default_code: '3FG-456CD1-2-ราวตั้งพื้น'
2025-11-29 08:42:56,939 - INFO - Prepared product 3FG-456CD1-2-ราวตั้งพื้น with quantity 2.19999999999998 for batch creation
2025-11-29 08:42:56,940 - INFO - Move locations - Source: 4, Dest: 100
2025-11-29 08:42:56,941 - INFO - Processing Excel row 60: {'partner_id': 'MOGEN_OB', 'scheduled_date': Timestamp('2025-11-30 00:00:00'), 'picking_type_id': 'PJ01-OB', 'date_done': Timestamp('2025-11-30 00:00:00'), 'origin': 'คลังโครงการ', 'location_dest_id': 'PJ01/Stock', 'default_code': '3FG-LH0045-243FE1', 'product_uom_qty': 1.0, 'price_unit': 35451.0, 'sequence': 60, 'date': Timestamp('2025-10-29 00:00:00'), 'scheduled_date_orig': Timestamp('2025-11-30 00:00:00'), 'product_id': '3FG-LH0045-243FE1'}
2025-11-29 08:42:56,941 - INFO - Using cached product ID for code: '3FG-LH0045-243FE1'
2025-11-29 08:42:56,941 - INFO - Prepared product 3FG-LH0045-243FE1 with quantity 1.0 for batch creation
2025-11-29 08:42:56,941 - INFO - Move locations - Source: 4, Dest: 100
2025-11-29 08:42:56,942 - INFO - Processing Excel row 61: {'partner_id': 'MOGEN_OB', 'scheduled_date': Timestamp('2025-11-30 00:00:00'), 'picking_type_id': 'PJ01-OB', 'date_done': Timestamp('2025-11-30 00:00:00'), 'origin': 'คลังโครงการ', 'location_dest_id': 'PJ01/Stock', 'default_code': '3FG-LH0045-289FE1', 'product_uom_qty': 1.0, 'price_unit': 42354.0, 'sequence': 61, 'date': Timestamp('2025-10-29 00:00:00'), 'scheduled_date_orig': Timestamp('2025-11-30 00:00:00'), 'product_id': '3FG-LH0045-289FE1'}
2025-11-29 08:42:56,942 - INFO - Searching for product with code: '3FG-LH0045-289FE1' and old code: '3FG-LH0045-289FE1'
2025-11-29 08:42:57,033 - INFO - Found product with exact match on default_code: '3FG-LH0045-289FE1'
2025-11-29 08:42:57,134 - INFO - Prepared product 3FG-LH0045-289FE1 with quantity 1.0 for batch creation
2025-11-29 08:42:57,134 - INFO - Move locations - Source: 4, Dest: 100
2025-11-29 08:42:57,135 - INFO - Processing Excel row 62: {'partner_id': 'MOGEN_OB', 'scheduled_date': Timestamp('2025-11-30 00:00:00'), 'picking_type_id': 'PJ01-OB', 'date_done': Timestamp('2025-11-30 00:00:00'), 'origin': 'คลังโครงการ', 'location_dest_id': 'PJ01/Stock', 'default_code': '3FG-LH-203MV1-1', 'product_uom_qty': 1.0, 'price_unit': 10018.1245, 'sequence': 62, 'date': Timestamp('2025-10-31 00:00:00'), 'scheduled_date_orig': Timestamp('2025-11-30 00:00:00'), 'product_id': '3FG-LH-203MV1-1'}
2025-11-29 08:42:57,136 - INFO - Using cached product ID for code: '3FG-LH-203MV1-1'
2025-11-29 08:42:57,136 - INFO - Prepared product 3FG-LH-203MV1-1 with quantity 1.0 for batch creation
2025-11-29 08:42:57,136 - INFO - Move locations - Source: 4, Dest: 100
2025-11-29 08:42:57,137 - INFO - Processing Excel row 63: {'partner_id': 'MOGEN_OB', 'scheduled_date': Timestamp('2025-11-30 00:00:00'), 'picking_type_id': 'PJ01-OB', 'date_done': Timestamp('2025-11-30 00:00:00'), 'origin': 'คลังโครงการ', 'location_dest_id': 'PJ01/Stock', 'default_code': '3FG-LH-1980W2-1', 'product_uom_qty': 1.0, 'price_unit': 25340.9564, 'sequence': 63, 'date': Timestamp('2025-11-06 00:00:00'), 'scheduled_date_orig': Timestamp('2025-11-30 00:00:00'), 'product_id': '3FG-LH-1980W2-1'}
2025-11-29 08:42:57,137 - INFO - Using cached product ID for code: '3FG-LH-1980W2-1'
2025-11-29 08:42:57,137 - INFO - Prepared product 3FG-LH-1980W2-1 with quantity 1.0 for batch creation
2025-11-29 08:42:57,137 - INFO - Move locations - Source: 4, Dest: 100
2025-11-29 08:42:57,137 - INFO - Processing Excel row 64: {'partner_id': 'MOGEN_OB', 'scheduled_date': Timestamp('2025-11-30 00:00:00'), 'picking_type_id': 'PJ01-OB', 'date_done': Timestamp('2025-11-30 00:00:00'), 'origin': 'คลังโครงการ', 'location_dest_id': 'PJ01/Stock', 'default_code': '3FG-LH-203MV1-1', 'product_uom_qty': 1.0, 'price_unit': 12925.5054, 'sequence': 64, 'date': Timestamp('2025-11-07 00:00:00'), 'scheduled_date_orig': Timestamp('2025-11-30 00:00:00'), 'product_id': '3FG-LH-203MV1-1'}
2025-11-29 08:42:57,138 - INFO - Using cached product ID for code: '3FG-LH-203MV1-1'
2025-11-29 08:42:57,138 - INFO - Prepared product 3FG-LH-203MV1-1 with quantity 1.0 for batch creation
2025-11-29 08:42:57,138 - INFO - Move locations - Source: 4, Dest: 100
2025-11-29 08:42:57,138 - INFO - Processing Excel row 65: {'partner_id': 'MOGEN_OB', 'scheduled_date': Timestamp('2025-11-30 00:00:00'), 'picking_type_id': 'PJ01-OB', 'date_done': Timestamp('2025-11-30 00:00:00'), 'origin': 'คลังโครงการ', 'location_dest_id': 'PJ01/Stock', 'default_code': '3FG-LH0064-496FE1', 'product_uom_qty': 1.0, 'price_unit': 33174.3783, 'sequence': 65, 'date': Timestamp('2025-11-13 00:00:00'), 'scheduled_date_orig': Timestamp('2025-11-30 00:00:00'), 'product_id': '3FG-LH0064-496FE1'}
2025-11-29 08:42:57,138 - INFO - Searching for product with code: '3FG-LH0064-496FE1' and old code: '3FG-LH0064-496FE1'
2025-11-29 08:42:57,229 - INFO - Found product with exact match on default_code: '3FG-LH0064-496FE1'
2025-11-29 08:42:57,335 - INFO - Prepared product 3FG-LH0064-496FE1 with quantity 1.0 for batch creation
2025-11-29 08:42:57,335 - INFO - Move locations - Source: 4, Dest: 100
2025-11-29 08:42:57,336 - INFO - Processing Excel row 66: {'partner_id': 'MOGEN_OB', 'scheduled_date': Timestamp('2025-11-30 00:00:00'), 'picking_type_id': 'PJ01-OB', 'date_done': Timestamp('2025-11-30 00:00:00'), 'origin': 'คลังโครงการ', 'location_dest_id': 'PJ01/Stock', 'default_code': '3FG-LH0064-496FE1', 'product_uom_qty': 1.0, 'price_unit': 33174.3783, 'sequence': 66, 'date': Timestamp('2025-11-13 00:00:00'), 'scheduled_date_orig': Timestamp('2025-11-30 00:00:00'), 'product_id': '3FG-LH0064-496FE1'}
2025-11-29 08:42:57,337 - INFO - Using cached product ID for code: '3FG-LH0064-496FE1'
2025-11-29 08:42:57,337 - INFO - Prepared product 3FG-LH0064-496FE1 with quantity 1.0 for batch creation
2025-11-29 08:42:57,337 - INFO - Move locations - Source: 4, Dest: 100
2025-11-29 08:42:57,337 - INFO - Processing Excel row 67: {'partner_id': 'MOGEN_OB', 'scheduled_date': Timestamp('2025-11-30 00:00:00'), 'picking_type_id': 'PJ01-OB', 'date_done': Timestamp('2025-11-30 00:00:00'), 'origin': 'คลังโครงการ', 'location_dest_id': 'PJ01/Stock', 'default_code': '3FG-0001-TYPE-C-1', 'product_uom_qty': 2.0, 'price_unit': 23589.6899, 'sequence': 67, 'date': Timestamp('2025-11-17 00:00:00'), 'scheduled_date_orig': Timestamp('2025-11-30 00:00:00'), 'product_id': '3FG-0001-TYPE-C-1'}
2025-11-29 08:42:57,338 - INFO - Searching for product with code: '3FG-0001-TYPE-C-1' and old code: '3FG-0001-TYPE-C-1'
2025-11-29 08:42:57,431 - INFO - Found product with exact match on default_code: '3FG-0001-TYPE-C-1'
2025-11-29 08:42:57,515 - INFO - Prepared product 3FG-0001-TYPE-C-1 with quantity 2.0 for batch creation
2025-11-29 08:42:57,515 - INFO - Move locations - Source: 4, Dest: 100
2025-11-29 08:42:57,516 - INFO - Processing Excel row 68: {'partner_id': 'MOGEN_OB', 'scheduled_date': Timestamp('2025-11-30 00:00:00'), 'picking_type_id': 'PJ01-OB', 'date_done': Timestamp('2025-11-30 00:00:00'), 'origin': 'คลังโครงการ', 'location_dest_id': 'PJ01/Stock', 'default_code': '3FG-243FE-100x1200x25', 'product_uom_qty': 4.0, 'price_unit': 866.9808, 'sequence': 68, 'date': Timestamp('2025-11-17 00:00:00'), 'scheduled_date_orig': Timestamp('2025-11-30 00:00:00'), 'product_id': '3FG-243FE-100x1200x25'}
2025-11-29 08:42:57,516 - INFO - Searching for product with code: '3FG-243FE-100x1200x25' and old code: '3FG-243FE-100x1200x25'
2025-11-29 08:42:57,605 - INFO - Found product with exact match on default_code: '3FG-243FE-100x1200x25'
2025-11-29 08:42:57,700 - INFO - Prepared product 3FG-243FE-100x1200x25 with quantity 4.0 for batch creation
2025-11-29 08:42:57,700 - INFO - Move locations - Source: 4, Dest: 100
2025-11-29 08:42:57,701 - INFO - Processing Excel row 69: {'partner_id': 'MOGEN_OB', 'scheduled_date': Timestamp('2025-11-30 00:00:00'), 'picking_type_id': 'PJ01-OB', 'date_done': Timestamp('2025-11-30 00:00:00'), 'origin': 'คลังโครงการ', 'location_dest_id': 'PJ01/Stock', 'default_code': '3FG-243FE-1200x1200x25', 'product_uom_qty': 8.0, 'price_unit': 1260.0138625, 'sequence': 69, 'date': Timestamp('2025-11-17 00:00:00'), 'scheduled_date_orig': Timestamp('2025-11-30 00:00:00'), 'product_id': '3FG-243FE-1200x1200x25'}
2025-11-29 08:42:57,702 - INFO - Searching for product with code: '3FG-243FE-1200x1200x25' and old code: '3FG-243FE-1200x1200x25'
2025-11-29 08:42:57,793 - INFO - Found product with exact match on default_code: '3FG-243FE-1200x1200x25'
2025-11-29 08:42:57,899 - INFO - Prepared product 3FG-243FE-1200x1200x25 with quantity 8.0 for batch creation
2025-11-29 08:42:57,900 - INFO - Move locations - Source: 4, Dest: 100
2025-11-29 08:42:57,900 - INFO - Processing Excel row 70: {'partner_id': 'MOGEN_OB', 'scheduled_date': Timestamp('2025-11-30 00:00:00'), 'picking_type_id': 'PJ01-OB', 'date_done': Timestamp('2025-11-30 00:00:00'), 'origin': 'คลังโครงการ', 'location_dest_id': 'PJ01/Stock', 'default_code': '3FG-243FE-195x1050x8 mm.', 'product_uom_qty': 48.0, 'price_unit': 463.47602708333335, 'sequence': 70, 'date': Timestamp('2025-11-17 00:00:00'), 'scheduled_date_orig': Timestamp('2025-11-30 00:00:00'), 'product_id': '3FG-243FE-195x1050x8 mm.'}
2025-11-29 08:42:57,900 - INFO - Searching for product with code: '3FG-243FE-195x1050x8 mm.' and old code: '3FG-243FE-195x1050x8 mm.'
2025-11-29 08:42:58,016 - INFO - Found product with exact match on default_code: '3FG-243FE-195x1050x8 mm.'
2025-11-29 08:42:58,099 - INFO - Prepared product 3FG-243FE-195x1050x8 mm. with quantity 48.0 for batch creation
2025-11-29 08:42:58,099 - INFO - Move locations - Source: 4, Dest: 100
2025-11-29 08:42:58,100 - INFO - Processing Excel row 71: {'partner_id': 'MOGEN_OB', 'scheduled_date': Timestamp('2025-11-30 00:00:00'), 'picking_type_id': 'PJ01-OB', 'date_done': Timestamp('2025-11-30 00:00:00'), 'origin': 'คลังโครงการ', 'location_dest_id': 'PJ01/Stock', 'default_code': '3FG-243FE-195x1500x8 mm.', 'product_uom_qty': 4.0, 'price_unit': 898.4725, 'sequence': 71, 'date': Timestamp('2025-11-17 00:00:00'), 'scheduled_date_orig': Timestamp('2025-11-30 00:00:00'), 'product_id': '3FG-243FE-195x1500x8 mm.'}
2025-11-29 08:42:58,100 - INFO - Searching for product with code: '3FG-243FE-195x1500x8 mm.' and old code: '3FG-243FE-195x1500x8 mm.'
2025-11-29 08:42:58,184 - INFO - Found product with exact match on default_code: '3FG-243FE-195x1500x8 mm.'
2025-11-29 08:42:58,265 - INFO - Prepared product 3FG-243FE-195x1500x8 mm. with quantity 4.0 for batch creation
2025-11-29 08:42:58,265 - INFO - Move locations - Source: 4, Dest: 100
2025-11-29 08:42:58,266 - INFO - Processing Excel row 72: {'partner_id': 'MOGEN_OB', 'scheduled_date': Timestamp('2025-11-30 00:00:00'), 'picking_type_id': 'PJ01-OB', 'date_done': Timestamp('2025-11-30 00:00:00'), 'origin': 'คลังโครงการ', 'location_dest_id': 'PJ01/Stock', 'default_code': '3FG-243FE-195x1625x5', 'product_uom_qty': 4.0, 'price_unit': 898.4725, 'sequence': 72, 'date': Timestamp('2025-11-17 00:00:00'), 'scheduled_date_orig': Timestamp('2025-11-30 00:00:00'), 'product_id': '3FG-243FE-195x1625x5'}
2025-11-29 08:42:58,266 - INFO - Searching for product with code: '3FG-243FE-195x1625x5' and old code: '3FG-243FE-195x1625x5'
2025-11-29 08:42:58,345 - INFO - Found product with exact match on default_code: '3FG-243FE-195x1625x5'
2025-11-29 08:42:58,439 - INFO - Prepared product 3FG-243FE-195x1625x5 with quantity 4.0 for batch creation
2025-11-29 08:42:58,440 - INFO - Move locations - Source: 4, Dest: 100
2025-11-29 08:42:58,440 - INFO - Processing Excel row 73: {'partner_id': 'MOGEN_OB', 'scheduled_date': Timestamp('2025-11-30 00:00:00'), 'picking_type_id': 'PJ01-OB', 'date_done': Timestamp('2025-11-30 00:00:00'), 'origin': 'คลังโครงการ', 'location_dest_id': 'PJ01/Stock', 'default_code': '3FG-243FE-195x2730x8 mm.', 'product_uom_qty': 8.0, 'price_unit': 511.37025, 'sequence': 73, 'date': Timestamp('2025-11-17 00:00:00'), 'scheduled_date_orig': Timestamp('2025-11-30 00:00:00'), 'product_id': '3FG-243FE-195x2730x8 mm.'}
2025-11-29 08:42:58,441 - INFO - Searching for product with code: '3FG-243FE-195x2730x8 mm.' and old code: '3FG-243FE-195x2730x8 mm.'
2025-11-29 08:42:58,530 - INFO - Found product with exact match on default_code: '3FG-243FE-195x2730x8 mm.'
2025-11-29 08:42:58,616 - INFO - Prepared product 3FG-243FE-195x2730x8 mm. with quantity 8.0 for batch creation
2025-11-29 08:42:58,617 - INFO - Move locations - Source: 4, Dest: 100
2025-11-29 08:42:58,617 - INFO - Processing Excel row 74: {'partner_id': 'MOGEN_OB', 'scheduled_date': Timestamp('2025-11-30 00:00:00'), 'picking_type_id': 'PJ01-OB', 'date_done': Timestamp('2025-11-30 00:00:00'), 'origin': 'คลังโครงการ', 'location_dest_id': 'PJ01/Stock', 'default_code': '3FG-243FE-195x3050x8 mm.', 'product_uom_qty': 4.0, 'price_unit': 511.37025, 'sequence': 74, 'date': Timestamp('2025-11-17 00:00:00'), 'scheduled_date_orig': Timestamp('2025-11-30 00:00:00'), 'product_id': '3FG-243FE-195x3050x8 mm.'}
2025-11-29 08:42:58,618 - INFO - Searching for product with code: '3FG-243FE-195x3050x8 mm.' and old code: '3FG-243FE-195x3050x8 mm.'
2025-11-29 08:42:58,709 - INFO - Found product with exact match on default_code: '3FG-243FE-195x3050x8 mm.'
2025-11-29 08:42:58,804 - INFO - Prepared product 3FG-243FE-195x3050x8 mm. with quantity 4.0 for batch creation
2025-11-29 08:42:58,804 - INFO - Move locations - Source: 4, Dest: 100
2025-11-29 08:42:58,805 - INFO - Processing Excel row 75: {'partner_id': 'MOGEN_OB', 'scheduled_date': Timestamp('2025-11-30 00:00:00'), 'picking_type_id': 'PJ01-OB', 'date_done': Timestamp('2025-11-30 00:00:00'), 'origin': 'คลังโครงการ', 'location_dest_id': 'PJ01/Stock', 'default_code': '3FG-243FE-220x3050x8 mm.', 'product_uom_qty': 4.0, 'price_unit': 511.37035, 'sequence': 75, 'date': Timestamp('2025-11-17 00:00:00'), 'scheduled_date_orig': Timestamp('2025-11-30 00:00:00'), 'product_id': '3FG-243FE-220x3050x8 mm.'}
2025-11-29 08:42:58,805 - INFO - Searching for product with code: '3FG-243FE-220x3050x8 mm.' and old code: '3FG-243FE-220x3050x8 mm.'
2025-11-29 08:42:58,928 - INFO - Found product with exact match on default_code: '3FG-243FE-220x3050x8 mm.'
2025-11-29 08:42:59,009 - INFO - Prepared product 3FG-243FE-220x3050x8 mm. with quantity 4.0 for batch creation
2025-11-29 08:42:59,009 - INFO - Move locations - Source: 4, Dest: 100
2025-11-29 08:42:59,010 - INFO - Processing Excel row 76: {'partner_id': 'MOGEN_OB', 'scheduled_date': Timestamp('2025-11-30 00:00:00'), 'picking_type_id': 'PJ01-OB', 'date_done': Timestamp('2025-11-30 00:00:00'), 'origin': 'คลังโครงการ', 'location_dest_id': 'PJ01/Stock', 'default_code': '3FG-243FE-2400x1800x25', 'product_uom_qty': 4.0, 'price_unit': 2638.0071, 'sequence': 76, 'date': Timestamp('2025-11-17 00:00:00'), 'scheduled_date_orig': Timestamp('2025-11-30 00:00:00'), 'product_id': '3FG-243FE-2400x1800x25'}
2025-11-29 08:42:59,010 - INFO - Searching for product with code: '3FG-243FE-2400x1800x25' and old code: '3FG-243FE-2400x1800x25'
2025-11-29 08:42:59,084 - INFO - Found product with exact match on default_code: '3FG-243FE-2400x1800x25'
2025-11-29 08:42:59,164 - INFO - Prepared product 3FG-243FE-2400x1800x25 with quantity 4.0 for batch creation
2025-11-29 08:42:59,164 - INFO - Move locations - Source: 4, Dest: 100
2025-11-29 08:42:59,165 - INFO - Processing Excel row 77: {'partner_id': 'MOGEN_OB', 'scheduled_date': Timestamp('2025-11-30 00:00:00'), 'picking_type_id': 'PJ01-OB', 'date_done': Timestamp('2025-11-30 00:00:00'), 'origin': 'คลังโครงการ', 'location_dest_id': 'PJ01/Stock', 'default_code': '3FG-243FE-275x1050x25 mm.', 'product_uom_qty': 40.0, 'price_unit': 344.17123000000004, 'sequence': 77, 'date': Timestamp('2025-11-17 00:00:00'), 'scheduled_date_orig': Timestamp('2025-11-30 00:00:00'), 'product_id': '3FG-243FE-275x1050x25 mm.'}
2025-11-29 08:42:59,165 - INFO - Searching for product with code: '3FG-243FE-275x1050x25 mm.' and old code: '3FG-243FE-275x1050x25 mm.'
2025-11-29 08:42:59,266 - INFO - Found product with exact match on default_code: '3FG-243FE-275x1050x25 mm.'
2025-11-29 08:42:59,354 - INFO - Prepared product 3FG-243FE-275x1050x25 mm. with quantity 40.0 for batch creation
2025-11-29 08:42:59,354 - INFO - Move locations - Source: 4, Dest: 100
2025-11-29 08:42:59,355 - INFO - Processing Excel row 78: {'partner_id': 'MOGEN_OB', 'scheduled_date': Timestamp('2025-11-30 00:00:00'), 'picking_type_id': 'PJ01-OB', 'date_done': Timestamp('2025-11-30 00:00:00'), 'origin': 'คลังโครงการ', 'location_dest_id': 'PJ01/Stock', 'default_code': '3FG-243FE-275x2370x25', 'product_uom_qty': 4.0, 'price_unit': 577.3205, 'sequence': 78, 'date': Timestamp('2025-11-17 00:00:00'), 'scheduled_date_orig': Timestamp('2025-11-30 00:00:00'), 'product_id': '3FG-243FE-275x2370x25'}
2025-11-29 08:42:59,355 - INFO - Searching for product with code: '3FG-243FE-275x2370x25' and old code: '3FG-243FE-275x2370x25'
2025-11-29 08:42:59,445 - INFO - Found product with exact match on default_code: '3FG-243FE-275x2370x25'
2025-11-29 08:42:59,554 - INFO - Prepared product 3FG-243FE-275x2370x25 with quantity 4.0 for batch creation
2025-11-29 08:42:59,554 - INFO - Move locations - Source: 4, Dest: 100
2025-11-29 08:42:59,555 - INFO - Processing Excel row 79: {'partner_id': 'MOGEN_OB', 'scheduled_date': Timestamp('2025-11-30 00:00:00'), 'picking_type_id': 'PJ01-OB', 'date_done': Timestamp('2025-11-30 00:00:00'), 'origin': 'คลังโครงการ', 'location_dest_id': 'PJ01/Stock', 'default_code': '3FG-243FE-275x3050x25', 'product_uom_qty': 8.0, 'price_unit': 577.3205375, 'sequence': 79, 'date': Timestamp('2025-11-17 00:00:00'), 'scheduled_date_orig': Timestamp('2025-11-30 00:00:00'), 'product_id': '3FG-243FE-275x3050x25'}
2025-11-29 08:42:59,555 - INFO - Searching for product with code: '3FG-243FE-275x3050x25' and old code: '3FG-243FE-275x3050x25'
2025-11-29 08:42:59,644 - INFO - Found product with exact match on default_code: '3FG-243FE-275x3050x25'
2025-11-29 08:42:59,728 - INFO - Prepared product 3FG-243FE-275x3050x25 with quantity 8.0 for batch creation
2025-11-29 08:42:59,729 - INFO - Move locations - Source: 4, Dest: 100
2025-11-29 08:42:59,729 - INFO - Processing Excel row 80: {'partner_id': 'MOGEN_OB', 'scheduled_date': Timestamp('2025-11-30 00:00:00'), 'picking_type_id': 'PJ01-OB', 'date_done': Timestamp('2025-11-30 00:00:00'), 'origin': 'คลังโครงการ', 'location_dest_id': 'PJ01/Stock', 'default_code': '3FG-243FE-325x1300x25', 'product_uom_qty': 4.0, 'price_unit': 577.3205, 'sequence': 80, 'date': Timestamp('2025-11-17 00:00:00'), 'scheduled_date_orig': Timestamp('2025-11-30 00:00:00'), 'product_id': '3FG-243FE-325x1300x25'}
2025-11-29 08:42:59,730 - INFO - Searching for product with code: '3FG-243FE-325x1300x25' and old code: '3FG-243FE-325x1300x25'
2025-11-29 08:42:59,814 - INFO - Found product with exact match on default_code: '3FG-243FE-325x1300x25'
2025-11-29 08:42:59,900 - INFO - Prepared product 3FG-243FE-325x1300x25 with quantity 4.0 for batch creation
2025-11-29 08:42:59,900 - INFO - Move locations - Source: 4, Dest: 100
2025-11-29 08:42:59,901 - INFO - Processing Excel row 81: {'partner_id': 'MOGEN_OB', 'scheduled_date': Timestamp('2025-11-30 00:00:00'), 'picking_type_id': 'PJ01-OB', 'date_done': Timestamp('2025-11-30 00:00:00'), 'origin': 'คลังโครงการ', 'location_dest_id': 'PJ01/Stock', 'default_code': '3FG-243FE-370x850x8 mm.', 'product_uom_qty': 4.0, 'price_unit': 511.37025, 'sequence': 81, 'date': Timestamp('2025-11-17 00:00:00'), 'scheduled_date_orig': Timestamp('2025-11-30 00:00:00'), 'product_id': '3FG-243FE-370x850x8 mm.'}
2025-11-29 08:42:59,902 - INFO - Searching for product with code: '3FG-243FE-370x850x8 mm.' and old code: '3FG-243FE-370x850x8 mm.'
2025-11-29 08:43:00,003 - INFO - Found product with exact match on default_code: '3FG-243FE-370x850x8 mm.'
2025-11-29 08:43:00,114 - INFO - Prepared product 3FG-243FE-370x850x8 mm. with quantity 4.0 for batch creation
2025-11-29 08:43:00,114 - INFO - Move locations - Source: 4, Dest: 100
2025-11-29 08:43:00,115 - INFO - Processing Excel row 82: {'partner_id': 'MOGEN_OB', 'scheduled_date': Timestamp('2025-11-30 00:00:00'), 'picking_type_id': 'PJ01-OB', 'date_done': Timestamp('2025-11-30 00:00:00'), 'origin': 'คลังโครงการ', 'location_dest_id': 'PJ01/Stock', 'default_code': '3FG-243FE-850x750x25', 'product_uom_qty': 4.0, 'price_unit': 577.3205, 'sequence': 82, 'date': Timestamp('2025-11-17 00:00:00'), 'scheduled_date_orig': Timestamp('2025-11-30 00:00:00'), 'product_id': '3FG-243FE-850x750x25'}
2025-11-29 08:43:00,115 - INFO - Searching for product with code: '3FG-243FE-850x750x25' and old code: '3FG-243FE-850x750x25'
2025-11-29 08:43:00,206 - INFO - Found product with exact match on default_code: '3FG-243FE-850x750x25'
2025-11-29 08:43:00,284 - INFO - Prepared product 3FG-243FE-850x750x25 with quantity 4.0 for batch creation
2025-11-29 08:43:00,284 - INFO - Move locations - Source: 4, Dest: 100
2025-11-29 08:43:00,285 - INFO - Processing Excel row 83: {'partner_id': 'MOGEN_OB', 'scheduled_date': Timestamp('2025-11-30 00:00:00'), 'picking_type_id': 'PJ01-OB', 'date_done': Timestamp('2025-11-30 00:00:00'), 'origin': 'คลังโครงการ', 'location_dest_id': 'PJ01/Stock', 'default_code': '3FG-LH0064-496FE1', 'product_uom_qty': 2.0, 'price_unit': 42280.0, 'sequence': 83, 'date': Timestamp('2025-11-17 00:00:00'), 'scheduled_date_orig': Timestamp('2025-11-30 00:00:00'), 'product_id': '3FG-LH0064-496FE1'}
2025-11-29 08:43:00,285 - INFO - Using cached product ID for code: '3FG-LH0064-496FE1'
2025-11-29 08:43:00,285 - INFO - Prepared product 3FG-LH0064-496FE1 with quantity 2.0 for batch creation
2025-11-29 08:43:00,285 - INFO - Move locations - Source: 4, Dest: 100
2025-11-29 08:43:00,285 - INFO - Processing Excel row 84: {'partner_id': 'MOGEN_OB', 'scheduled_date': Timestamp('2025-11-30 00:00:00'), 'picking_type_id': 'PJ01-OB', 'date_done': Timestamp('2025-11-30 00:00:00'), 'origin': 'คลังโครงการ', 'location_dest_id': 'PJ01/Stock', 'default_code': '3FG-LH0064-496FE1.', 'product_uom_qty': 2.0, 'price_unit': 21415.2206, 'sequence': 84, 'date': Timestamp('2025-11-17 00:00:00'), 'scheduled_date_orig': Timestamp('2025-11-30 00:00:00'), 'product_id': '3FG-LH0064-496FE1.'}
2025-11-29 08:43:00,286 - INFO - Searching for product with code: '3FG-LH0064-496FE1.' and old code: '3FG-LH0064-496FE1.'
2025-11-29 08:43:00,360 - INFO - Found product with exact match on default_code: '3FG-LH0064-496FE1.'
2025-11-29 08:43:00,475 - INFO - Prepared product 3FG-LH0064-496FE1. with quantity 2.0 for batch creation
2025-11-29 08:43:00,475 - INFO - Move locations - Source: 4, Dest: 100
2025-11-29 08:43:00,476 - INFO - Processing Excel row 85: {'partner_id': 'MOGEN_OB', 'scheduled_date': Timestamp('2025-11-30 00:00:00'), 'picking_type_id': 'PJ01-OB', 'date_done': Timestamp('2025-11-30 00:00:00'), 'origin': 'คลังโครงการ', 'location_dest_id': 'PJ01/Stock', 'default_code': '3FG-LH-203MV1-1', 'product_uom_qty': 1.0, 'price_unit': 2576.1105, 'sequence': 85, 'date': Timestamp('2025-11-17 00:00:00'), 'scheduled_date_orig': Timestamp('2025-11-30 00:00:00'), 'product_id': '3FG-LH-203MV1-1'}
2025-11-29 08:43:00,476 - INFO - Using cached product ID for code: '3FG-LH-203MV1-1'
2025-11-29 08:43:00,476 - INFO - Prepared product 3FG-LH-203MV1-1 with quantity 1.0 for batch creation
2025-11-29 08:43:00,477 - INFO - Move locations - Source: 4, Dest: 100
2025-11-29 08:43:00,477 - INFO - Processing Excel row 86: {'partner_id': 'MOGEN_OB', 'scheduled_date': Timestamp('2025-11-30 00:00:00'), 'picking_type_id': 'PJ01-OB', 'date_done': Timestamp('2025-11-30 00:00:00'), 'origin': 'คลังโครงการ', 'location_dest_id': 'PJ01/Stock', 'default_code': '3FG-LH-203MV1-1', 'product_uom_qty': 1.0, 'price_unit': 8684.806, 'sequence': 86, 'date': Timestamp('2025-11-18 00:00:00'), 'scheduled_date_orig': Timestamp('2025-11-30 00:00:00'), 'product_id': '3FG-LH-203MV1-1'}
2025-11-29 08:43:00,477 - INFO - Using cached product ID for code: '3FG-LH-203MV1-1'
2025-11-29 08:43:00,477 - INFO - Prepared product 3FG-LH-203MV1-1 with quantity 1.0 for batch creation
2025-11-29 08:43:00,477 - INFO - Move locations - Source: 4, Dest: 100
2025-11-29 08:43:00,478 - INFO - Processing Excel row 87: {'partner_id': 'MOGEN_OB', 'scheduled_date': Timestamp('2025-11-30 00:00:00'), 'picking_type_id': 'PJ01-OB', 'date_done': Timestamp('2025-11-30 00:00:00'), 'origin': 'คลังโครงการ', 'location_dest_id': 'PJ01/Stock', 'default_code': 'NFG02-11-NTW-496-1', 'product_uom_qty': 2.0, 'price_unit': 18.4211, 'sequence': 87, 'date': Timestamp('2025-11-18 00:00:00'), 'scheduled_date_orig': Timestamp('2025-11-30 00:00:00'), 'product_id': 'NFG02-11-NTW-496-1'}
2025-11-29 08:43:00,478 - INFO - Searching for product with code: 'NFG02-11-NTW-496-1' and old code: 'NFG02-11-NTW-496-1'
2025-11-29 08:43:00,754 - INFO - Found product with exact match on old_product_code: 'NFG02-11-NTW-496-1'
2025-11-29 08:43:00,838 - INFO - Prepared product NFG02-11-NTW-496-1 with quantity 2.0 for batch creation
2025-11-29 08:43:00,839 - INFO - Move locations - Source: 4, Dest: 100
2025-11-29 08:43:00,840 - INFO - Processing Excel row 88: {'partner_id': 'MOGEN_OB', 'scheduled_date': Timestamp('2025-11-30 00:00:00'), 'picking_type_id': 'PJ01-OB', 'date_done': Timestamp('2025-11-30 00:00:00'), 'origin': 'คลังโครงการ', 'location_dest_id': 'PJ01/Stock', 'default_code': 'NFG02-11-NTW-496-1', 'product_uom_qty': 2.0, 'price_unit': 18.4211, 'sequence': 88, 'date': Timestamp('2025-11-18 00:00:00'), 'scheduled_date_orig': Timestamp('2025-11-30 00:00:00'), 'product_id': 'NFG02-11-NTW-496-1'}
2025-11-29 08:43:00,840 - INFO - Using cached product ID for code: 'NFG02-11-NTW-496-1'
2025-11-29 08:43:00,840 - INFO - Prepared product NFG02-11-NTW-496-1 with quantity 2.0 for batch creation
2025-11-29 08:43:00,840 - INFO - Move locations - Source: 4, Dest: 100
2025-11-29 08:43:00,841 - INFO - Processing Excel row 89: {'partner_id': 'MOGEN_OB', 'scheduled_date': Timestamp('2025-11-30 00:00:00'), 'picking_type_id': 'PJ01-OB', 'date_done': Timestamp('2025-11-30 00:00:00'), 'origin': 'คลังโครงการ', 'location_dest_id': 'PJ01/Stock', 'default_code': 'NFG02-11-NTW-496-2', 'product_uom_qty': 3.0, 'price_unit': 19.555933333333332, 'sequence': 89, 'date': Timestamp('2025-11-18 00:00:00'), 'scheduled_date_orig': Timestamp('2025-11-30 00:00:00'), 'product_id': 'NFG02-11-NTW-496-2'}
2025-11-29 08:43:00,841 - INFO - Searching for product with code: 'NFG02-11-NTW-496-2' and old code: 'NFG02-11-NTW-496-2'
2025-11-29 08:43:01,178 - INFO - Found product with exact match on old_product_code: 'NFG02-11-NTW-496-2'
2025-11-29 08:43:01,262 - INFO - Prepared product NFG02-11-NTW-496-2 with quantity 3.0 for batch creation
2025-11-29 08:43:01,262 - INFO - Move locations - Source: 4, Dest: 100
2025-11-29 08:43:01,263 - INFO - Processing Excel row 90: {'partner_id': 'MOGEN_OB', 'scheduled_date': Timestamp('2025-11-30 00:00:00'), 'picking_type_id': 'PJ01-OB', 'date_done': Timestamp('2025-11-30 00:00:00'), 'origin': 'คลังโครงการ', 'location_dest_id': 'PJ01/Stock', 'default_code': 'NFG02-11-NTW-496-2', 'product_uom_qty': 3.0, 'price_unit': 19.555933333333332, 'sequence': 90, 'date': Timestamp('2025-11-18 00:00:00'), 'scheduled_date_orig': Timestamp('2025-11-30 00:00:00'), 'product_id': 'NFG02-11-NTW-496-2'}
2025-11-29 08:43:01,263 - INFO - Using cached product ID for code: 'NFG02-11-NTW-496-2'
2025-11-29 08:43:01,264 - INFO - Prepared product NFG02-11-NTW-496-2 with quantity 3.0 for batch creation
2025-11-29 08:43:01,264 - INFO - Move locations - Source: 4, Dest: 100
2025-11-29 08:43:01,264 - INFO - Processing Excel row 91: {'partner_id': 'MOGEN_OB', 'scheduled_date': Timestamp('2025-11-30 00:00:00'), 'picking_type_id': 'PJ01-OB', 'date_done': Timestamp('2025-11-30 00:00:00'), 'origin': 'คลังโครงการ', 'location_dest_id': 'PJ01/Stock', 'default_code': 'NFG02-11-NTW-496-3', 'product_uom_qty': 1.0, 'price_unit': 20.6908, 'sequence': 91, 'date': Timestamp('2025-11-18 00:00:00'), 'scheduled_date_orig': Timestamp('2025-11-30 00:00:00'), 'product_id': 'NFG02-11-NTW-496-3'}
2025-11-29 08:43:01,264 - INFO - Searching for product with code: 'NFG02-11-NTW-496-3' and old code: 'NFG02-11-NTW-496-3'
2025-11-29 08:43:01,540 - INFO - Found product with exact match on old_product_code: 'NFG02-11-NTW-496-3'
2025-11-29 08:43:01,659 - INFO - Prepared product NFG02-11-NTW-496-3 with quantity 1.0 for batch creation
2025-11-29 08:43:01,660 - INFO - Move locations - Source: 4, Dest: 100
2025-11-29 08:43:01,660 - INFO - Processing Excel row 92: {'partner_id': 'MOGEN_OB', 'scheduled_date': Timestamp('2025-11-30 00:00:00'), 'picking_type_id': 'PJ01-OB', 'date_done': Timestamp('2025-11-30 00:00:00'), 'origin': 'คลังโครงการ', 'location_dest_id': 'PJ01/Stock', 'default_code': 'NFG02-11-NTW-496-3', 'product_uom_qty': 1.0, 'price_unit': 20.6908, 'sequence': 92, 'date': Timestamp('2025-11-18 00:00:00'), 'scheduled_date_orig': Timestamp('2025-11-30 00:00:00'), 'product_id': 'NFG02-11-NTW-496-3'}
2025-11-29 08:43:01,661 - INFO - Using cached product ID for code: 'NFG02-11-NTW-496-3'
2025-11-29 08:43:01,661 - INFO - Prepared product NFG02-11-NTW-496-3 with quantity 1.0 for batch creation
2025-11-29 08:43:01,661 - INFO - Move locations - Source: 4, Dest: 100
2025-11-29 08:43:01,661 - INFO - Processing Excel row 93: {'partner_id': 'MOGEN_OB', 'scheduled_date': Timestamp('2025-11-30 00:00:00'), 'picking_type_id': 'PJ01-OB', 'date_done': Timestamp('2025-11-30 00:00:00'), 'origin': 'คลังโครงการ', 'location_dest_id': 'PJ01/Stock', 'default_code': 'NFG02-11-NTW-496-4', 'product_uom_qty': 1.0, 'price_unit': 20.4071, 'sequence': 93, 'date': Timestamp('2025-11-18 00:00:00'), 'scheduled_date_orig': Timestamp('2025-11-30 00:00:00'), 'product_id': 'NFG02-11-NTW-496-4'}
2025-11-29 08:43:01,662 - INFO - Searching for product with code: 'NFG02-11-NTW-496-4' and old code: 'NFG02-11-NTW-496-4'
2025-11-29 08:43:01,969 - INFO - Found product with exact match on old_product_code: 'NFG02-11-NTW-496-4'
2025-11-29 08:43:02,060 - INFO - Prepared product NFG02-11-NTW-496-4 with quantity 1.0 for batch creation
2025-11-29 08:43:02,061 - INFO - Move locations - Source: 4, Dest: 100
2025-11-29 08:43:02,062 - INFO - Processing Excel row 94: {'partner_id': 'MOGEN_OB', 'scheduled_date': Timestamp('2025-11-30 00:00:00'), 'picking_type_id': 'PJ01-OB', 'date_done': Timestamp('2025-11-30 00:00:00'), 'origin': 'คลังโครงการ', 'location_dest_id': 'PJ01/Stock', 'default_code': 'NFG02-11-NTW-496-4', 'product_uom_qty': 1.0, 'price_unit': 20.4071, 'sequence': 94, 'date': Timestamp('2025-11-18 00:00:00'), 'scheduled_date_orig': Timestamp('2025-11-30 00:00:00'), 'product_id': 'NFG02-11-NTW-496-4'}
2025-11-29 08:43:02,062 - INFO - Using cached product ID for code: 'NFG02-11-NTW-496-4'
2025-11-29 08:43:02,062 - INFO - Prepared product NFG02-11-NTW-496-4 with quantity 1.0 for batch creation
2025-11-29 08:43:02,062 - INFO - Move locations - Source: 4, Dest: 100
2025-11-29 08:43:02,063 - INFO - Processing Excel row 95: {'partner_id': 'MOGEN_OB', 'scheduled_date': Timestamp('2025-11-30 00:00:00'), 'picking_type_id': 'PJ01-OB', 'date_done': Timestamp('2025-11-30 00:00:00'), 'origin': 'คลังโครงการ', 'location_dest_id': 'PJ01/Stock', 'default_code': 'NFG02-11-NTW-496-5', 'product_uom_qty': 2.0, 'price_unit': 20.97445, 'sequence': 95, 'date': Timestamp('2025-11-18 00:00:00'), 'scheduled_date_orig': Timestamp('2025-11-30 00:00:00'), 'product_id': 'NFG02-11-NTW-496-5'}
2025-11-29 08:43:02,063 - INFO - Searching for product with code: 'NFG02-11-NTW-496-5' and old code: 'NFG02-11-NTW-496-5'
2025-11-29 08:43:02,379 - INFO - Found product with exact match on old_product_code: 'NFG02-11-NTW-496-5'
2025-11-29 08:43:02,479 - INFO - Prepared product NFG02-11-NTW-496-5 with quantity 2.0 for batch creation
2025-11-29 08:43:02,479 - INFO - Move locations - Source: 4, Dest: 100
2025-11-29 08:43:02,480 - INFO - Processing Excel row 96: {'partner_id': 'MOGEN_OB', 'scheduled_date': Timestamp('2025-11-30 00:00:00'), 'picking_type_id': 'PJ01-OB', 'date_done': Timestamp('2025-11-30 00:00:00'), 'origin': 'คลังโครงการ', 'location_dest_id': 'PJ01/Stock', 'default_code': 'NFG02-11-NTW-496-5', 'product_uom_qty': 2.0, 'price_unit': 20.97445, 'sequence': 96, 'date': Timestamp('2025-11-18 00:00:00'), 'scheduled_date_orig': Timestamp('2025-11-30 00:00:00'), 'product_id': 'NFG02-11-NTW-496-5'}
2025-11-29 08:43:02,480 - INFO - Using cached product ID for code: 'NFG02-11-NTW-496-5'
2025-11-29 08:43:02,481 - INFO - Prepared product NFG02-11-NTW-496-5 with quantity 2.0 for batch creation
2025-11-29 08:43:02,481 - INFO - Move locations - Source: 4, Dest: 100
2025-11-29 08:43:02,481 - INFO - Processing Excel row 97: {'partner_id': 'MOGEN_OB', 'scheduled_date': Timestamp('2025-11-30 00:00:00'), 'picking_type_id': 'PJ01-OB', 'date_done': Timestamp('2025-11-30 00:00:00'), 'origin': 'คลังโครงการ', 'location_dest_id': 'PJ01/Stock', 'default_code': 'NFG02-11-NTW-496-6', 'product_uom_qty': 3.0, 'price_unit': 21.258133333333333, 'sequence': 97, 'date': Timestamp('2025-11-18 00:00:00'), 'scheduled_date_orig': Timestamp('2025-11-30 00:00:00'), 'product_id': 'NFG02-11-NTW-496-6'}
2025-11-29 08:43:02,481 - INFO - Searching for product with code: 'NFG02-11-NTW-496-6' and old code: 'NFG02-11-NTW-496-6'
2025-11-29 08:43:02,794 - INFO - Found product with exact match on old_product_code: 'NFG02-11-NTW-496-6'
2025-11-29 08:43:02,875 - INFO - Prepared product NFG02-11-NTW-496-6 with quantity 3.0 for batch creation
2025-11-29 08:43:02,875 - INFO - Move locations - Source: 4, Dest: 100
2025-11-29 08:43:02,876 - INFO - Processing Excel row 98: {'partner_id': 'MOGEN_OB', 'scheduled_date': Timestamp('2025-11-30 00:00:00'), 'picking_type_id': 'PJ01-OB', 'date_done': Timestamp('2025-11-30 00:00:00'), 'origin': 'คลังโครงการ', 'location_dest_id': 'PJ01/Stock', 'default_code': 'NFG02-11-NTW-496-6', 'product_uom_qty': 3.0, 'price_unit': 21.258133333333333, 'sequence': 98, 'date': Timestamp('2025-11-18 00:00:00'), 'scheduled_date_orig': Timestamp('2025-11-30 00:00:00'), 'product_id': 'NFG02-11-NTW-496-6'}
2025-11-29 08:43:02,876 - INFO - Using cached product ID for code: 'NFG02-11-NTW-496-6'
2025-11-29 08:43:02,876 - INFO - Prepared product NFG02-11-NTW-496-6 with quantity 3.0 for batch creation
2025-11-29 08:43:02,876 - INFO - Move locations - Source: 4, Dest: 100
2025-11-29 08:43:02,876 - INFO - Processing Excel row 99: {'partner_id': 'MOGEN_OB', 'scheduled_date': Timestamp('2025-11-30 00:00:00'), 'picking_type_id': 'PJ01-OB', 'date_done': Timestamp('2025-11-30 00:00:00'), 'origin': 'คลังโครงการ', 'location_dest_id': 'PJ01/Stock', 'default_code': 'NFG02-11-NTW-496-7', 'product_uom_qty': 1.0, 'price_unit': 21.5418, 'sequence': 99, 'date': Timestamp('2025-11-18 00:00:00'), 'scheduled_date_orig': Timestamp('2025-11-30 00:00:00'), 'product_id': 'NFG02-11-NTW-496-7'}
2025-11-29 08:43:02,877 - INFO - Searching for product with code: 'NFG02-11-NTW-496-7' and old code: 'NFG02-11-NTW-496-7'
2025-11-29 08:43:03,194 - INFO - Found product with exact match on old_product_code: 'NFG02-11-NTW-496-7'
2025-11-29 08:43:03,305 - INFO - Prepared product NFG02-11-NTW-496-7 with quantity 1.0 for batch creation
2025-11-29 08:43:03,306 - INFO - Move locations - Source: 4, Dest: 100
2025-11-29 08:43:03,306 - INFO - Processing Excel row 100: {'partner_id': 'MOGEN_OB', 'scheduled_date': Timestamp('2025-11-30 00:00:00'), 'picking_type_id': 'PJ01-OB', 'date_done': Timestamp('2025-11-30 00:00:00'), 'origin': 'คลังโครงการ', 'location_dest_id': 'PJ01/Stock', 'default_code': 'NFG02-11-NTW-496-7', 'product_uom_qty': 1.0, 'price_unit': 21.5418, 'sequence': 100, 'date': Timestamp('2025-11-18 00:00:00'), 'scheduled_date_orig': Timestamp('2025-11-30 00:00:00'), 'product_id': 'NFG02-11-NTW-496-7'}
2025-11-29 08:43:03,307 - INFO - Using cached product ID for code: 'NFG02-11-NTW-496-7'
2025-11-29 08:43:03,307 - INFO - Prepared product NFG02-11-NTW-496-7 with quantity 1.0 for batch creation
2025-11-29 08:43:03,307 - INFO - Move locations - Source: 4, Dest: 100
2025-11-29 08:43:03,308 - INFO - Processing Excel row 101: {'partner_id': 'MOGEN_OB', 'scheduled_date': Timestamp('2025-11-30 00:00:00'), 'picking_type_id': 'PJ01-OB', 'date_done': Timestamp('2025-11-30 00:00:00'), 'origin': 'คลังโครงการ', 'location_dest_id': 'PJ01/Stock', 'default_code': 'NFG02-11-NTW-496-8', 'product_uom_qty': 3.0, 'price_unit': 18.1374, 'sequence': 101, 'date': Timestamp('2025-11-18 00:00:00'), 'scheduled_date_orig': Timestamp('2025-11-30 00:00:00'), 'product_id': 'NFG02-11-NTW-496-8'}
2025-11-29 08:43:03,308 - INFO - Searching for product with code: 'NFG02-11-NTW-496-8' and old code: 'NFG02-11-NTW-496-8'
2025-11-29 08:43:03,578 - INFO - Found product with exact match on old_product_code: 'NFG02-11-NTW-496-8'
2025-11-29 08:43:03,679 - INFO - Prepared product NFG02-11-NTW-496-8 with quantity 3.0 for batch creation
2025-11-29 08:43:03,679 - INFO - Move locations - Source: 4, Dest: 100
2025-11-29 08:43:03,680 - INFO - Processing Excel row 102: {'partner_id': 'MOGEN_OB', 'scheduled_date': Timestamp('2025-11-30 00:00:00'), 'picking_type_id': 'PJ01-OB', 'date_done': Timestamp('2025-11-30 00:00:00'), 'origin': 'คลังโครงการ', 'location_dest_id': 'PJ01/Stock', 'default_code': 'NFG02-11-NTW-496-8', 'product_uom_qty': 3.0, 'price_unit': 18.1374, 'sequence': 102, 'date': Timestamp('2025-11-18 00:00:00'), 'scheduled_date_orig': Timestamp('2025-11-30 00:00:00'), 'product_id': 'NFG02-11-NTW-496-8'}
2025-11-29 08:43:03,680 - INFO - Using cached product ID for code: 'NFG02-11-NTW-496-8'
2025-11-29 08:43:03,680 - INFO - Prepared product NFG02-11-NTW-496-8 with quantity 3.0 for batch creation
2025-11-29 08:43:03,681 - INFO - Move locations - Source: 4, Dest: 100
2025-11-29 08:43:03,681 - INFO - Processing Excel row 103: {'partner_id': 'MOGEN_OB', 'scheduled_date': Timestamp('2025-11-30 00:00:00'), 'picking_type_id': 'PJ01-OB', 'date_done': Timestamp('2025-11-30 00:00:00'), 'origin': 'คลังโครงการ', 'location_dest_id': 'PJ01/Stock', 'default_code': 'NRSF8-801-P003-03', 'product_uom_qty': 62.0, 'price_unit': 1.4021, 'sequence': 103, 'date': Timestamp('2025-11-18 00:00:00'), 'scheduled_date_orig': Timestamp('2025-11-30 00:00:00'), 'product_id': 'NRSF8-801-P003-03'}
2025-11-29 08:43:03,681 - INFO - Searching for product with code: 'NRSF8-801-P003-03' and old code: 'NRSF8-801-P003-03'
2025-11-29 08:43:03,959 - INFO - Found product with exact match on old_product_code: 'NRSF8-801-P003-03'
2025-11-29 08:43:04,055 - INFO - Prepared product NRSF8-801-P003-03 with quantity 62.0 for batch creation
2025-11-29 08:43:04,055 - INFO - Move locations - Source: 4, Dest: 100
2025-11-29 08:43:04,056 - INFO - Processing Excel row 104: {'partner_id': 'MOGEN_OB', 'scheduled_date': Timestamp('2025-11-30 00:00:00'), 'picking_type_id': 'PJ01-OB', 'date_done': Timestamp('2025-11-30 00:00:00'), 'origin': 'คลังโครงการ', 'location_dest_id': 'PJ01/Stock', 'default_code': 'NRSF8-801-P003-03', 'product_uom_qty': 62.0, 'price_unit': 1.4021, 'sequence': 104, 'date': Timestamp('2025-11-18 00:00:00'), 'scheduled_date_orig': Timestamp('2025-11-30 00:00:00'), 'product_id': 'NRSF8-801-P003-03'}
2025-11-29 08:43:04,056 - INFO - Using cached product ID for code: 'NRSF8-801-P003-03'
2025-11-29 08:43:04,056 - INFO - Prepared product NRSF8-801-P003-03 with quantity 62.0 for batch creation
2025-11-29 08:43:04,057 - INFO - Move locations - Source: 4, Dest: 100
2025-11-29 08:43:05,158 - INFO - Created 104 moves in batch for picking 86
2025-11-29 08:43:05,289 - INFO - Re-updated dates before confirming picking 86: 2025-11-30 00:00:00
2025-11-29 08:43:11,323 - INFO - Confirmed transfer 86 with forced date context
2025-11-29 08:43:11,323 - INFO - Import completed: 1 success, 0 failed.
