2026-03-29 15:25:42,249 - INFO - Successfully connected to Odoo as user ID: 2
2026-03-29 15:25:42,383 - INFO - Odoo version: 17.0.1.3
2026-03-29 15:25:42,680 - INFO - Available date fields in stock.picking: ['activity_date_deadline', 'my_activity_date_deadline', 'scheduled_date', 'date_deadline', 'date', 'date_done', 'delay_alert_date', 'create_date', 'write_date', 'date_notice', 'date_confirmed', 'date_start', 'operation_date']
2026-03-29 15:25:42,836 - INFO - Successfully read Excel file with 67 rows
2026-03-29 15:25:42,836 - INFO - Excel columns: ['name', 'partner_id', 'scheduled_date', 'picking_type_id', 'date_done', 'origin', 'location_dest_id', 'default_code', 'product_uom_qty', 'price_unit']
2026-03-29 15:25:42,838 - INFO - Forward filled 'name' column
2026-03-29 15:25:42,840 - INFO - scheduled_date dtype: datetime64[ns]
2026-03-29 15:25:42,840 - INFO - scheduled_date sample: 2026-01-05 00:00:00
2026-03-29 15:25:42,841 - INFO - Converted scheduled_date to string format. Sample: 2026-01-05 00:00:00
2026-03-29 15:25:42,841 - INFO - Fixed picking type name from 'My Company: OB FIFO' and 'คลังวัตถุดิบ 2: OB FIFO' to 'OB FIFO'
2026-03-29 15:25:42,841 - INFO - Using 'default_code' column as 'product_id'
2026-03-29 15:25:42,841 - INFO - Using 'origin' column to identify transfer groups
2026-03-29 15:25:42,843 - INFO - Excel file validation and data filling completed successfully
2026-03-29 15:25:43,058 - ERROR - Source location not found for picking type: RM02-Receipts
2026-03-29 15:25:43,306 - ERROR - Source location not found for picking type: RM02-Receipts
2026-03-29 15:25:43,519 - ERROR - Source location not found for picking type: RM02-Receipts
2026-03-29 15:25:43,745 - ERROR - Source location not found for picking type: RM02-Receipts
2026-03-29 15:25:43,974 - ERROR - Source location not found for picking type: RM02-Receipts
2026-03-29 15:25:44,222 - ERROR - Source location not found for picking type: RM02-Receipts
2026-03-29 15:25:44,490 - ERROR - Source location not found for picking type: RM02-Receipts
2026-03-29 15:25:44,684 - ERROR - Source location not found for picking type: RM02-Receipts
2026-03-29 15:25:44,859 - ERROR - Source location not found for picking type: RM02-Receipts
2026-03-29 15:25:45,072 - ERROR - Source location not found for picking type: RM02-Receipts
2026-03-29 15:25:45,296 - ERROR - Source location not found for picking type: RM02-Receipts
2026-03-29 15:25:45,487 - ERROR - Source location not found for picking type: RM02-Receipts
2026-03-29 15:25:45,751 - ERROR - Source location not found for picking type: RM02-Receipts
2026-03-29 15:25:45,968 - ERROR - Source location not found for picking type: RM02-Receipts
2026-03-29 15:25:46,177 - ERROR - Source location not found for picking type: RM02-Receipts
2026-03-29 15:25:46,368 - ERROR - Source location not found for picking type: RM02-Receipts
2026-03-29 15:25:46,568 - ERROR - Source location not found for picking type: RM02-Receipts
2026-03-29 15:25:46,746 - ERROR - Source location not found for picking type: RM02-Receipts
2026-03-29 15:25:46,946 - ERROR - Source location not found for picking type: RM02-Receipts
2026-03-29 15:25:47,181 - ERROR - Source location not found for picking type: RM02-Receipts
2026-03-29 15:25:47,383 - ERROR - Source location not found for picking type: RM02-Receipts
2026-03-29 15:25:47,662 - ERROR - Source location not found for picking type: RM02-Receipts
2026-03-29 15:25:47,851 - ERROR - Source location not found for picking type: RM02-Receipts
2026-03-29 15:25:48,067 - ERROR - Source location not found for picking type: RM02-Receipts
2026-03-29 15:25:48,297 - ERROR - Source location not found for picking type: RM02-Receipts
2026-03-29 15:25:48,481 - ERROR - Source location not found for picking type: RM02-Receipts
2026-03-29 15:25:48,725 - ERROR - Source location not found for picking type: RM02-Receipts
2026-03-29 15:25:48,919 - ERROR - Source location not found for picking type: RM02-Receipts
2026-03-29 15:25:49,125 - ERROR - Source location not found for picking type: RM02-Receipts
2026-03-29 15:25:49,341 - ERROR - Source location not found for picking type: RM02-Receipts
2026-03-29 15:25:49,557 - ERROR - Source location not found for picking type: RM02-Receipts
2026-03-29 15:25:49,788 - ERROR - Source location not found for picking type: RM02-Receipts
2026-03-29 15:25:49,960 - ERROR - Source location not found for picking type: RM02-Receipts
