2026-03-29 15:24:48,960 - INFO - Successfully connected to Odoo as user ID: 2
2026-03-29 15:24:49,056 - INFO - Odoo version: 17.0.1.3
2026-03-29 15:24:49,339 - INFO - Available date fields in stock.picking: ['activity_date_deadline', 'my_activity_date_deadline', 'scheduled_date', 'date_deadline', 'date', 'date_done', 'delay_alert_date', 'create_date', 'write_date', 'date_notice', 'date_confirmed', 'date_start', 'operation_date']
2026-03-29 15:24:49,476 - INFO - Successfully read Excel file with 67 rows
2026-03-29 15:24:49,477 - INFO - Excel columns: ['name', 'partner_id', 'scheduled_date', 'picking_type_id', 'date_done', 'origin', 'location_dest_id', 'default_code', 'product_uom_qty', 'price_unit']
2026-03-29 15:24:49,478 - INFO - Forward filled 'name' column
2026-03-29 15:24:49,480 - INFO - scheduled_date dtype: datetime64[ns]
2026-03-29 15:24:49,481 - INFO - scheduled_date sample: 2026-01-05 00:00:00
2026-03-29 15:24:49,481 - INFO - Converted scheduled_date to string format. Sample: 2026-01-05 00:00:00
2026-03-29 15:24:49,481 - INFO - Fixed picking type name from 'My Company: OB FIFO' and 'คลังวัตถุดิบ 2: OB FIFO' to 'OB FIFO'
2026-03-29 15:24:49,482 - INFO - Using 'default_code' column as 'product_id'
2026-03-29 15:24:49,482 - INFO - Using 'origin' column to identify transfer groups
2026-03-29 15:24:49,484 - INFO - Excel file validation and data filling completed successfully
2026-03-29 15:24:49,648 - ERROR - Source location not found for picking type: RM02-Receipts
2026-03-29 15:24:49,801 - ERROR - Source location not found for picking type: RM02-Receipts
2026-03-29 15:24:49,975 - ERROR - Source location not found for picking type: RM02-Receipts
2026-03-29 15:24:50,134 - ERROR - Source location not found for picking type: RM02-Receipts
2026-03-29 15:24:50,323 - ERROR - Source location not found for picking type: RM02-Receipts
2026-03-29 15:24:50,511 - ERROR - Source location not found for picking type: RM02-Receipts
2026-03-29 15:24:50,690 - ERROR - Source location not found for picking type: RM02-Receipts
2026-03-29 15:24:50,868 - ERROR - Source location not found for picking type: RM02-Receipts
2026-03-29 15:24:51,065 - ERROR - Source location not found for picking type: RM02-Receipts
2026-03-29 15:24:51,222 - ERROR - Source location not found for picking type: RM02-Receipts
2026-03-29 15:24:51,403 - ERROR - Source location not found for picking type: RM02-Receipts
2026-03-29 15:24:51,574 - ERROR - Source location not found for picking type: RM02-Receipts
2026-03-29 15:24:51,749 - ERROR - Source location not found for picking type: RM02-Receipts
2026-03-29 15:24:51,900 - ERROR - Source location not found for picking type: RM02-Receipts
2026-03-29 15:24:52,069 - ERROR - Source location not found for picking type: RM02-Receipts
2026-03-29 15:24:52,219 - ERROR - Source location not found for picking type: RM02-Receipts
2026-03-29 15:24:52,392 - ERROR - Source location not found for picking type: RM02-Receipts
2026-03-29 15:24:52,569 - ERROR - Source location not found for picking type: RM02-Receipts
2026-03-29 15:24:52,751 - ERROR - Source location not found for picking type: RM02-Receipts
2026-03-29 15:24:52,912 - ERROR - Source location not found for picking type: RM02-Receipts
2026-03-29 15:24:53,081 - ERROR - Source location not found for picking type: RM02-Receipts
2026-03-29 15:24:53,243 - ERROR - Source location not found for picking type: RM02-Receipts
2026-03-29 15:24:53,398 - ERROR - Source location not found for picking type: RM02-Receipts
2026-03-29 15:24:53,559 - ERROR - Source location not found for picking type: RM02-Receipts
2026-03-29 15:24:53,737 - ERROR - Source location not found for picking type: RM02-Receipts
2026-03-29 15:24:53,916 - ERROR - Source location not found for picking type: RM02-Receipts
2026-03-29 15:24:54,096 - ERROR - Source location not found for picking type: RM02-Receipts
2026-03-29 15:24:54,258 - ERROR - Source location not found for picking type: RM02-Receipts
2026-03-29 15:24:54,429 - ERROR - Source location not found for picking type: RM02-Receipts
2026-03-29 15:24:54,595 - ERROR - Source location not found for picking type: RM02-Receipts
2026-03-29 15:24:54,747 - ERROR - Source location not found for picking type: RM02-Receipts
2026-03-29 15:24:54,898 - ERROR - Source location not found for picking type: RM02-Receipts
2026-03-29 15:24:55,049 - ERROR - Source location not found for picking type: RM02-Receipts
2026-03-29 15:24:55,215 - ERROR - Source location not found for picking type: RM02-Receipts
2026-03-29 15:24:55,365 - ERROR - Source location not found for picking type: RM02-Receipts
2026-03-29 15:24:55,529 - ERROR - Source location not found for picking type: RM02-Receipts
