2026-03-29 11:53:19,646 - INFO - Successfully connected to Odoo as user ID: 2
2026-03-29 11:53:20,177 - INFO - Odoo version: 17.0.1.3
2026-03-29 11:53:20,405 - INFO - Available date fields in stock.picking: ['activity_date_deadline', 'my_activity_date_deadline', 'scheduled_date', 'date_deadline', 'date', 'date_done', 'delay_alert_date', 'create_date', 'write_date', 'date_notice', 'date_confirmed', 'date_start', 'operation_date']
2026-03-29 11:53:20,542 - INFO - Successfully read Excel file with 33 rows
2026-03-29 11:53:20,542 - INFO - Excel columns: ['name', 'partner_id', 'scheduled_date', 'picking_type_id', 'date_done', 'origin', 'location_dest_id', 'default_code', 'product_uom_qty', 'price_unit']
2026-03-29 11:53:20,544 - INFO - Forward filled 'name' column
2026-03-29 11:53:20,544 - INFO - scheduled_date dtype: datetime64[ns]
2026-03-29 11:53:20,545 - INFO - scheduled_date sample: 2025-12-02 00:00:00
2026-03-29 11:53:20,546 - INFO - Converted scheduled_date to string format. Sample: 2025-12-02 00:00:00
2026-03-29 11:53:20,546 - INFO - Fixed picking type name from 'My Company: OB FIFO' and 'คลังวัตถุดิบ 2: OB FIFO' to 'OB FIFO'
2026-03-29 11:53:20,546 - INFO - Using 'default_code' column as 'product_id'
2026-03-29 11:53:20,546 - INFO - Using 'origin' column to identify transfer groups
2026-03-29 11:53:20,548 - INFO - Excel file validation and data filling completed successfully
2026-03-29 11:53:21,182 - ERROR - Picking type not found: PJ01-OB
2026-03-29 11:53:21,796 - ERROR - Picking type not found: PJ01-OB
2026-03-29 11:53:22,410 - ERROR - Picking type not found: PJ01-OB
2026-03-29 11:53:22,515 - ERROR - Picking type not found: PJ01-OB
2026-03-29 11:53:22,603 - ERROR - Picking type not found: PJ01-OB
2026-03-29 11:53:23,095 - ERROR - Picking type not found: PJ01-OB
2026-03-29 11:53:23,173 - ERROR - Picking type not found: PJ01-OB
2026-03-29 11:53:23,251 - ERROR - Picking type not found: PJ01-OB
2026-03-29 11:53:23,336 - ERROR - Picking type not found: PJ01-OB
2026-03-29 11:53:23,404 - ERROR - Picking type not found: PJ01-OB
2026-03-29 11:53:23,405 - INFO - Import completed: 0 success, 0 failed.
