2026-03-30 10:20:15,394 - INFO - Successfully connected to Odoo as user ID: 2
2026-03-30 10:20:15,455 - INFO - Odoo version: 17.0.1.3
2026-03-30 10:20:15,565 - INFO - Available date fields in stock.picking: ['activity_date_deadline', 'my_activity_date_deadline', 'scheduled_date', 'date_deadline', 'date', 'date_done', 'delay_alert_date', 'create_date', 'write_date', 'date_notice', 'date_confirmed', 'date_start', 'operation_date']
2026-03-30 10:20:16,117 - INFO - Successfully read Excel file with 1 rows
2026-03-30 10:20:16,117 - INFO - Excel columns: ['name', 'partner_id', 'scheduled_date', 'picking_type_id', 'date_done', 'origin', 'location_dest_id', 'default_code', 'product_uom_qty', 'price_unit']
2026-03-30 10:20:16,118 - INFO - Forward filled 'name' column
2026-03-30 10:20:16,119 - INFO - scheduled_date dtype: datetime64[ns]
2026-03-30 10:20:16,120 - INFO - scheduled_date sample: 2026-02-24 00:00:00
2026-03-30 10:20:16,123 - INFO - Converted scheduled_date to string format. Sample: 2026-02-24 00:00:00
2026-03-30 10:20:16,125 - INFO - Fixed picking type name to 'PD01-Re'
2026-03-30 10:20:16,126 - INFO - Using 'default_code' column as 'product_id'
2026-03-30 10:20:16,127 - INFO - Using 'origin' column to identify transfer groups
2026-03-30 10:20:16,130 - INFO - Filling missing picking_type_id with 'PD01-Re' for 1 rows in group RM02 TO FG20
2026-03-30 10:20:16,134 - INFO - Excel file validation and data filling completed successfully
2026-03-30 10:20:16,274 - INFO - Searching for location: 'FG20/Stock'
2026-03-30 10:20:16,476 - INFO - Found location with complete_name match: 'FG20/Stock' for 'FG20/Stock'
2026-03-30 10:20:16,554 - INFO - Found partner ID 9259 for 'MOG-OB'
2026-03-30 10:20:16,640 - WARNING - Transfer reference 'RM02TOFG20' already exists. Trying with suffix -1
2026-03-30 10:20:16,706 - INFO - Using new transfer reference: 'RM02TOFG20-1'
2026-03-30 10:20:16,792 - INFO - Created transfer for date 2026-02-24 00:00:00 sequence  with picking ID 13843
2026-03-30 10:20:16,793 - INFO - Processing Excel row 1: {'name': 'RM02TOFG20', 'partner_id': 'MOG-OB', 'scheduled_date': '2026-02-24 00:00:00', 'picking_type_id': 'PD01-Re', 'date_done': Timestamp('2026-02-24 00:00:00'), 'origin': 'RM02 TO FG20', 'location_dest_id': 'FG20/Stock', 'default_code': 'FG01-1111-PS-S-03', 'product_uom_qty': 3, 'price_unit': nan, 'scheduled_date_orig': Timestamp('2026-02-24 00:00:00'), 'product_id': 'FG01-1111-PS-S-03'}
2026-03-30 10:20:16,794 - INFO - Searching for product with code: 'FG01-1111-PS-S-03' and old code: 'FG01-1111-PS-S-03'
2026-03-30 10:20:17,097 - INFO - Found product with exact match on old_product_code: 'FG01-1111-PS-S-03'
2026-03-30 10:20:17,200 - INFO - Prepared product FG01-1111-PS-S-03 with quantity 3.0 for batch creation
2026-03-30 10:20:17,200 - INFO - Move locations - Source: 4, Dest: 60
2026-03-30 10:20:17,426 - INFO - Created 1 moves in batch for picking 13843
2026-03-30 10:20:17,664 - INFO - Re-updated dates before confirming picking 13843: 2026-02-24 00:00:00
2026-03-30 10:20:17,818 - INFO - Confirmed transfer 13843 with forced date context
2026-03-30 10:20:17,819 - INFO - Import completed: 1 success, 0 failed.
