2025-12-26 09:21:36,538 - INFO - Successfully connected to Odoo as user ID: 2
2025-12-26 09:21:36,605 - INFO - Odoo version: 17.0.1.3
2025-12-26 09:21:36,735 - INFO - Available date fields in stock.picking: ['activity_date_deadline', 'my_activity_date_deadline', 'scheduled_date', 'date_deadline', 'date', 'date_done', 'delay_alert_date', 'create_date', 'write_date', 'date_notice', 'date_confirmed', 'date_start', 'operation_date']
2025-12-26 09:21:37,115 - INFO - Successfully read Excel file with 78 rows
2025-12-26 09:21:37,115 - INFO - Excel columns: ['partner_id', 'scheduled_date', 'picking_type_id', 'date_done', 'origin', 'location_dest_id', 'default_code', 'product_uom_qty', 'price_unit', 'sequence']
2025-12-26 09:21:37,131 - INFO - Processed sequence column
2025-12-26 09:21:37,157 - INFO - scheduled_date dtype: datetime64[ns]
2025-12-26 09:21:37,159 - INFO - scheduled_date sample: 2025-12-26 00:00:00
2025-12-26 09:21:37,164 - INFO - Converted scheduled_date to string format. Sample: 2025-12-26 00:00:00
2025-12-26 09:21:37,167 - INFO - Fixed picking type name from 'My Company: OB FIFO' and 'คลังวัตถุดิบ 2: OB FIFO' to 'OB FIFO'
2025-12-26 09:21:37,168 - INFO - Using 'default_code' column as 'product_id'
2025-12-26 09:21:37,169 - INFO - Using 'origin' column to identify transfer groups
2025-12-26 09:21:37,182 - INFO - Excel file validation and data filling completed successfully
2025-12-26 09:21:37,340 - INFO - Searching for location: 'ST02/Stock'
2025-12-26 09:21:37,546 - INFO - Found location with complete_name match: 'ST02/Stock' for 'ST02/Stock'
2025-12-26 09:21:37,617 - INFO - Found partner ID 4937 for 'MOGEN_OB'
2025-12-26 09:21:37,719 - INFO - Created transfer for date 2025-12-26 00:00:00 sequence 1 with picking ID 2963
2025-12-26 09:21:37,720 - INFO - Processing Excel row 1: {'partner_id': 'MOGEN_OB', 'scheduled_date': Timestamp('2025-12-26 00:00:00'), 'picking_type_id': 'ST02-OB', 'date_done': Timestamp('2025-12-26 00:00:00'), 'origin': 'คลังสิ้นเปลืองสำนักงาน', 'location_dest_id': 'ST02/Stock', 'default_code': 'HSA0001', 'product_uom_qty': 63, 'price_unit': 78.0, 'sequence': 1, 'scheduled_date_orig': Timestamp('2025-12-26 00:00:00'), 'product_id': 'HSA0001'}
2025-12-26 09:21:37,720 - INFO - Searching for product with code: 'HSA0001' and old code: 'HSA0001'
2025-12-26 09:21:37,788 - INFO - Found product with exact match on default_code: 'HSA0001'
2025-12-26 09:21:37,868 - INFO - Prepared product HSA0001 with quantity 63.0 for batch creation
2025-12-26 09:21:37,868 - INFO - Move locations - Source: 4, Dest: 164
2025-12-26 09:21:37,869 - INFO - Processing Excel row 2: {'partner_id': 'MOGEN_OB', 'scheduled_date': Timestamp('2025-12-26 00:00:00'), 'picking_type_id': 'ST02-OB', 'date_done': Timestamp('2025-12-26 00:00:00'), 'origin': 'คลังสิ้นเปลืองสำนักงาน', 'location_dest_id': 'ST02/Stock', 'default_code': 'HSA0002', 'product_uom_qty': 2, 'price_unit': 285.0, 'sequence': 2, 'scheduled_date_orig': Timestamp('2025-12-26 00:00:00'), 'product_id': 'HSA0002'}
2025-12-26 09:21:37,869 - INFO - Searching for product with code: 'HSA0002' and old code: 'HSA0002'
2025-12-26 09:21:37,938 - INFO - Found product with exact match on default_code: 'HSA0002'
2025-12-26 09:21:38,019 - INFO - Prepared product HSA0002 with quantity 2.0 for batch creation
2025-12-26 09:21:38,019 - INFO - Move locations - Source: 4, Dest: 164
2025-12-26 09:21:38,020 - INFO - Processing Excel row 3: {'partner_id': 'MOGEN_OB', 'scheduled_date': Timestamp('2025-12-26 00:00:00'), 'picking_type_id': 'ST02-OB', 'date_done': Timestamp('2025-12-26 00:00:00'), 'origin': 'คลังสิ้นเปลืองสำนักงาน', 'location_dest_id': 'ST02/Stock', 'default_code': 'HSA0003', 'product_uom_qty': 1, 'price_unit': 165.0, 'sequence': 3, 'scheduled_date_orig': Timestamp('2025-12-26 00:00:00'), 'product_id': 'HSA0003'}
2025-12-26 09:21:38,021 - INFO - Searching for product with code: 'HSA0003' and old code: 'HSA0003'
2025-12-26 09:21:38,092 - INFO - Found product with exact match on default_code: 'HSA0003'
2025-12-26 09:21:38,162 - INFO - Prepared product HSA0003 with quantity 1.0 for batch creation
2025-12-26 09:21:38,162 - INFO - Move locations - Source: 4, Dest: 164
2025-12-26 09:21:38,163 - INFO - Processing Excel row 4: {'partner_id': 'MOGEN_OB', 'scheduled_date': Timestamp('2025-12-26 00:00:00'), 'picking_type_id': 'ST02-OB', 'date_done': Timestamp('2025-12-26 00:00:00'), 'origin': 'คลังสิ้นเปลืองสำนักงาน', 'location_dest_id': 'ST02/Stock', 'default_code': 'HSA0006', 'product_uom_qty': 3, 'price_unit': 25.0, 'sequence': 4, 'scheduled_date_orig': Timestamp('2025-12-26 00:00:00'), 'product_id': 'HSA0006'}
2025-12-26 09:21:38,164 - INFO - Searching for product with code: 'HSA0006' and old code: 'HSA0006'
2025-12-26 09:21:38,238 - INFO - Found product with exact match on default_code: 'HSA0006'
2025-12-26 09:21:38,315 - INFO - Prepared product HSA0006 with quantity 3.0 for batch creation
2025-12-26 09:21:38,316 - INFO - Move locations - Source: 4, Dest: 164
2025-12-26 09:21:38,317 - INFO - Processing Excel row 5: {'partner_id': 'MOGEN_OB', 'scheduled_date': Timestamp('2025-12-26 00:00:00'), 'picking_type_id': 'ST02-OB', 'date_done': Timestamp('2025-12-26 00:00:00'), 'origin': 'คลังสิ้นเปลืองสำนักงาน', 'location_dest_id': 'ST02/Stock', 'default_code': 'HSA0007', 'product_uom_qty': 4, 'price_unit': 63.0, 'sequence': 5, 'scheduled_date_orig': Timestamp('2025-12-26 00:00:00'), 'product_id': 'HSA0007'}
2025-12-26 09:21:38,318 - INFO - Searching for product with code: 'HSA0007' and old code: 'HSA0007'
2025-12-26 09:21:38,390 - INFO - Found product with exact match on default_code: 'HSA0007'
2025-12-26 09:21:38,465 - INFO - Prepared product HSA0007 with quantity 4.0 for batch creation
2025-12-26 09:21:38,465 - INFO - Move locations - Source: 4, Dest: 164
2025-12-26 09:21:38,466 - INFO - Processing Excel row 6: {'partner_id': 'MOGEN_OB', 'scheduled_date': Timestamp('2025-12-26 00:00:00'), 'picking_type_id': 'ST02-OB', 'date_done': Timestamp('2025-12-26 00:00:00'), 'origin': 'คลังสิ้นเปลืองสำนักงาน', 'location_dest_id': 'ST02/Stock', 'default_code': 'HSA0008', 'product_uom_qty': 15, 'price_unit': 49.0, 'sequence': 6, 'scheduled_date_orig': Timestamp('2025-12-26 00:00:00'), 'product_id': 'HSA0008'}
2025-12-26 09:21:38,467 - INFO - Searching for product with code: 'HSA0008' and old code: 'HSA0008'
2025-12-26 09:21:38,536 - INFO - Found product with exact match on default_code: 'HSA0008'
2025-12-26 09:21:38,614 - INFO - Prepared product HSA0008 with quantity 15.0 for batch creation
2025-12-26 09:21:38,614 - INFO - Move locations - Source: 4, Dest: 164
2025-12-26 09:21:38,615 - INFO - Processing Excel row 7: {'partner_id': 'MOGEN_OB', 'scheduled_date': Timestamp('2025-12-26 00:00:00'), 'picking_type_id': 'ST02-OB', 'date_done': Timestamp('2025-12-26 00:00:00'), 'origin': 'คลังสิ้นเปลืองสำนักงาน', 'location_dest_id': 'ST02/Stock', 'default_code': 'HSA0009', 'product_uom_qty': 9, 'price_unit': 75.0, 'sequence': 7, 'scheduled_date_orig': Timestamp('2025-12-26 00:00:00'), 'product_id': 'HSA0009'}
2025-12-26 09:21:38,616 - INFO - Searching for product with code: 'HSA0009' and old code: 'HSA0009'
2025-12-26 09:21:38,683 - INFO - Found product with exact match on default_code: 'HSA0009'
2025-12-26 09:21:38,758 - INFO - Prepared product HSA0009 with quantity 9.0 for batch creation
2025-12-26 09:21:38,758 - INFO - Move locations - Source: 4, Dest: 164
2025-12-26 09:21:38,759 - INFO - Processing Excel row 8: {'partner_id': 'MOGEN_OB', 'scheduled_date': Timestamp('2025-12-26 00:00:00'), 'picking_type_id': 'ST02-OB', 'date_done': Timestamp('2025-12-26 00:00:00'), 'origin': 'คลังสิ้นเปลืองสำนักงาน', 'location_dest_id': 'ST02/Stock', 'default_code': 'HSA0010', 'product_uom_qty': 10, 'price_unit': 33.0, 'sequence': 8, 'scheduled_date_orig': Timestamp('2025-12-26 00:00:00'), 'product_id': 'HSA0010'}
2025-12-26 09:21:38,760 - INFO - Searching for product with code: 'HSA0010' and old code: 'HSA0010'
2025-12-26 09:21:38,832 - INFO - Found product with exact match on default_code: 'HSA0010'
2025-12-26 09:21:38,904 - INFO - Prepared product HSA0010 with quantity 10.0 for batch creation
2025-12-26 09:21:38,905 - INFO - Move locations - Source: 4, Dest: 164
2025-12-26 09:21:38,906 - INFO - Processing Excel row 9: {'partner_id': 'MOGEN_OB', 'scheduled_date': Timestamp('2025-12-26 00:00:00'), 'picking_type_id': 'ST02-OB', 'date_done': Timestamp('2025-12-26 00:00:00'), 'origin': 'คลังสิ้นเปลืองสำนักงาน', 'location_dest_id': 'ST02/Stock', 'default_code': 'HSA0011', 'product_uom_qty': 8, 'price_unit': 25.0, 'sequence': 9, 'scheduled_date_orig': Timestamp('2025-12-26 00:00:00'), 'product_id': 'HSA0011'}
2025-12-26 09:21:38,907 - INFO - Searching for product with code: 'HSA0011' and old code: 'HSA0011'
2025-12-26 09:21:38,978 - INFO - Found product with exact match on default_code: 'HSA0011'
2025-12-26 09:21:39,053 - INFO - Prepared product HSA0011 with quantity 8.0 for batch creation
2025-12-26 09:21:39,053 - INFO - Move locations - Source: 4, Dest: 164
2025-12-26 09:21:39,054 - INFO - Processing Excel row 10: {'partner_id': 'MOGEN_OB', 'scheduled_date': Timestamp('2025-12-26 00:00:00'), 'picking_type_id': 'ST02-OB', 'date_done': Timestamp('2025-12-26 00:00:00'), 'origin': 'คลังสิ้นเปลืองสำนักงาน', 'location_dest_id': 'ST02/Stock', 'default_code': 'HSA0012', 'product_uom_qty': 1, 'price_unit': 17.0, 'sequence': 10, 'scheduled_date_orig': Timestamp('2025-12-26 00:00:00'), 'product_id': 'HSA0012'}
2025-12-26 09:21:39,055 - INFO - Searching for product with code: 'HSA0012' and old code: 'HSA0012'
2025-12-26 09:21:39,135 - INFO - Found product with exact match on default_code: 'HSA0012'
2025-12-26 09:21:39,209 - INFO - Prepared product HSA0012 with quantity 1.0 for batch creation
2025-12-26 09:21:39,210 - INFO - Move locations - Source: 4, Dest: 164
2025-12-26 09:21:39,212 - INFO - Processing Excel row 11: {'partner_id': 'MOGEN_OB', 'scheduled_date': Timestamp('2025-12-26 00:00:00'), 'picking_type_id': 'ST02-OB', 'date_done': Timestamp('2025-12-26 00:00:00'), 'origin': 'คลังสิ้นเปลืองสำนักงาน', 'location_dest_id': 'ST02/Stock', 'default_code': 'HSA0016', 'product_uom_qty': 675, 'price_unit': 0.68, 'sequence': 11, 'scheduled_date_orig': Timestamp('2025-12-26 00:00:00'), 'product_id': 'HSA0016'}
2025-12-26 09:21:39,213 - INFO - Searching for product with code: 'HSA0016' and old code: 'HSA0016'
2025-12-26 09:21:39,288 - INFO - Found product with exact match on default_code: 'HSA0016'
2025-12-26 09:21:39,362 - INFO - Prepared product HSA0016 with quantity 675.0 for batch creation
2025-12-26 09:21:39,362 - INFO - Move locations - Source: 4, Dest: 164
2025-12-26 09:21:39,363 - INFO - Processing Excel row 12: {'partner_id': 'MOGEN_OB', 'scheduled_date': Timestamp('2025-12-26 00:00:00'), 'picking_type_id': 'ST02-OB', 'date_done': Timestamp('2025-12-26 00:00:00'), 'origin': 'คลังสิ้นเปลืองสำนักงาน', 'location_dest_id': 'ST02/Stock', 'default_code': 'HSA0017', 'product_uom_qty': 1200, 'price_unit': 1.52, 'sequence': 12, 'scheduled_date_orig': Timestamp('2025-12-26 00:00:00'), 'product_id': 'HSA0017'}
2025-12-26 09:21:39,364 - INFO - Searching for product with code: 'HSA0017' and old code: 'HSA0017'
2025-12-26 09:21:39,439 - INFO - Found product with exact match on default_code: 'HSA0017'
2025-12-26 09:21:39,507 - INFO - Prepared product HSA0017 with quantity 1200.0 for batch creation
2025-12-26 09:21:39,507 - INFO - Move locations - Source: 4, Dest: 164
2025-12-26 09:21:39,508 - INFO - Processing Excel row 13: {'partner_id': 'MOGEN_OB', 'scheduled_date': Timestamp('2025-12-26 00:00:00'), 'picking_type_id': 'ST02-OB', 'date_done': Timestamp('2025-12-26 00:00:00'), 'origin': 'คลังสิ้นเปลืองสำนักงาน', 'location_dest_id': 'ST02/Stock', 'default_code': 'HSA0018', 'product_uom_qty': 5, 'price_unit': 30.0, 'sequence': 13, 'scheduled_date_orig': Timestamp('2025-12-26 00:00:00'), 'product_id': 'HSA0018'}
2025-12-26 09:21:39,509 - INFO - Searching for product with code: 'HSA0018' and old code: 'HSA0018'
2025-12-26 09:21:39,576 - INFO - Found product with exact match on default_code: 'HSA0018'
2025-12-26 09:21:39,648 - INFO - Prepared product HSA0018 with quantity 5.0 for batch creation
2025-12-26 09:21:39,649 - INFO - Move locations - Source: 4, Dest: 164
2025-12-26 09:21:39,650 - INFO - Processing Excel row 14: {'partner_id': 'MOGEN_OB', 'scheduled_date': Timestamp('2025-12-26 00:00:00'), 'picking_type_id': 'ST02-OB', 'date_done': Timestamp('2025-12-26 00:00:00'), 'origin': 'คลังสิ้นเปลืองสำนักงาน', 'location_dest_id': 'ST02/Stock', 'default_code': 'HSA0019', 'product_uom_qty': 52, 'price_unit': 6.75, 'sequence': 14, 'scheduled_date_orig': Timestamp('2025-12-26 00:00:00'), 'product_id': 'HSA0019'}
2025-12-26 09:21:39,650 - INFO - Searching for product with code: 'HSA0019' and old code: 'HSA0019'
2025-12-26 09:21:39,722 - INFO - Found product with exact match on default_code: 'HSA0019'
2025-12-26 09:21:39,793 - INFO - Prepared product HSA0019 with quantity 52.0 for batch creation
2025-12-26 09:21:39,793 - INFO - Move locations - Source: 4, Dest: 164
2025-12-26 09:21:39,794 - INFO - Processing Excel row 15: {'partner_id': 'MOGEN_OB', 'scheduled_date': Timestamp('2025-12-26 00:00:00'), 'picking_type_id': 'ST02-OB', 'date_done': Timestamp('2025-12-26 00:00:00'), 'origin': 'คลังสิ้นเปลืองสำนักงาน', 'location_dest_id': 'ST02/Stock', 'default_code': 'HSA0020', 'product_uom_qty': 72, 'price_unit': 6.75, 'sequence': 15, 'scheduled_date_orig': Timestamp('2025-12-26 00:00:00'), 'product_id': 'HSA0020'}
2025-12-26 09:21:39,794 - INFO - Searching for product with code: 'HSA0020' and old code: 'HSA0020'
2025-12-26 09:21:39,864 - INFO - Found product with exact match on default_code: 'HSA0020'
2025-12-26 09:21:39,940 - INFO - Prepared product HSA0020 with quantity 72.0 for batch creation
2025-12-26 09:21:39,941 - INFO - Move locations - Source: 4, Dest: 164
2025-12-26 09:21:39,942 - INFO - Processing Excel row 16: {'partner_id': 'MOGEN_OB', 'scheduled_date': Timestamp('2025-12-26 00:00:00'), 'picking_type_id': 'ST02-OB', 'date_done': Timestamp('2025-12-26 00:00:00'), 'origin': 'คลังสิ้นเปลืองสำนักงาน', 'location_dest_id': 'ST02/Stock', 'default_code': 'HSA0021', 'product_uom_qty': 39, 'price_unit': 3.25, 'sequence': 16, 'scheduled_date_orig': Timestamp('2025-12-26 00:00:00'), 'product_id': 'HSA0021'}
2025-12-26 09:21:39,943 - INFO - Searching for product with code: 'HSA0021' and old code: 'HSA0021'
2025-12-26 09:21:40,011 - INFO - Found product with exact match on default_code: 'HSA0021'
2025-12-26 09:21:40,080 - INFO - Prepared product HSA0021 with quantity 39.0 for batch creation
2025-12-26 09:21:40,081 - INFO - Move locations - Source: 4, Dest: 164
2025-12-26 09:21:40,081 - INFO - Processing Excel row 17: {'partner_id': 'MOGEN_OB', 'scheduled_date': Timestamp('2025-12-26 00:00:00'), 'picking_type_id': 'ST02-OB', 'date_done': Timestamp('2025-12-26 00:00:00'), 'origin': 'คลังสิ้นเปลืองสำนักงาน', 'location_dest_id': 'ST02/Stock', 'default_code': 'HSA0022', 'product_uom_qty': 4, 'price_unit': 130.0, 'sequence': 17, 'scheduled_date_orig': Timestamp('2025-12-26 00:00:00'), 'product_id': 'HSA0022'}
2025-12-26 09:21:40,082 - INFO - Searching for product with code: 'HSA0022' and old code: 'HSA0022'
2025-12-26 09:21:40,150 - INFO - Found product with exact match on default_code: 'HSA0022'
2025-12-26 09:21:40,228 - INFO - Prepared product HSA0022 with quantity 4.0 for batch creation
2025-12-26 09:21:40,228 - INFO - Move locations - Source: 4, Dest: 164
2025-12-26 09:21:40,230 - INFO - Processing Excel row 18: {'partner_id': 'MOGEN_OB', 'scheduled_date': Timestamp('2025-12-26 00:00:00'), 'picking_type_id': 'ST02-OB', 'date_done': Timestamp('2025-12-26 00:00:00'), 'origin': 'คลังสิ้นเปลืองสำนักงาน', 'location_dest_id': 'ST02/Stock', 'default_code': 'HSA0023', 'product_uom_qty': 4, 'price_unit': 40.0, 'sequence': 18, 'scheduled_date_orig': Timestamp('2025-12-26 00:00:00'), 'product_id': 'HSA0023'}
2025-12-26 09:21:40,231 - INFO - Searching for product with code: 'HSA0023' and old code: 'HSA0023'
2025-12-26 09:21:40,302 - INFO - Found product with exact match on default_code: 'HSA0023'
2025-12-26 09:21:40,384 - INFO - Prepared product HSA0023 with quantity 4.0 for batch creation
2025-12-26 09:21:40,385 - INFO - Move locations - Source: 4, Dest: 164
2025-12-26 09:21:40,385 - INFO - Processing Excel row 19: {'partner_id': 'MOGEN_OB', 'scheduled_date': Timestamp('2025-12-26 00:00:00'), 'picking_type_id': 'ST02-OB', 'date_done': Timestamp('2025-12-26 00:00:00'), 'origin': 'คลังสิ้นเปลืองสำนักงาน', 'location_dest_id': 'ST02/Stock', 'default_code': 'HSA0026', 'product_uom_qty': 9, 'price_unit': 7.5, 'sequence': 19, 'scheduled_date_orig': Timestamp('2025-12-26 00:00:00'), 'product_id': 'HSA0026'}
2025-12-26 09:21:40,386 - INFO - Searching for product with code: 'HSA0026' and old code: 'HSA0026'
2025-12-26 09:21:40,453 - INFO - Found product with exact match on default_code: 'HSA0026'
2025-12-26 09:21:40,522 - INFO - Prepared product HSA0026 with quantity 9.0 for batch creation
2025-12-26 09:21:40,523 - INFO - Move locations - Source: 4, Dest: 164
2025-12-26 09:21:40,524 - INFO - Processing Excel row 20: {'partner_id': 'MOGEN_OB', 'scheduled_date': Timestamp('2025-12-26 00:00:00'), 'picking_type_id': 'ST02-OB', 'date_done': Timestamp('2025-12-26 00:00:00'), 'origin': 'คลังสิ้นเปลืองสำนักงาน', 'location_dest_id': 'ST02/Stock', 'default_code': 'HSA0028', 'product_uom_qty': 10, 'price_unit': 43.0, 'sequence': 20, 'scheduled_date_orig': Timestamp('2025-12-26 00:00:00'), 'product_id': 'HSA0028'}
2025-12-26 09:21:40,525 - INFO - Searching for product with code: 'HSA0028' and old code: 'HSA0028'
2025-12-26 09:21:40,596 - INFO - Found product with exact match on default_code: 'HSA0028'
2025-12-26 09:21:40,670 - INFO - Prepared product HSA0028 with quantity 10.0 for batch creation
2025-12-26 09:21:40,671 - INFO - Move locations - Source: 4, Dest: 164
2025-12-26 09:21:40,672 - INFO - Processing Excel row 21: {'partner_id': 'MOGEN_OB', 'scheduled_date': Timestamp('2025-12-26 00:00:00'), 'picking_type_id': 'ST02-OB', 'date_done': Timestamp('2025-12-26 00:00:00'), 'origin': 'คลังสิ้นเปลืองสำนักงาน', 'location_dest_id': 'ST02/Stock', 'default_code': 'HSA0029', 'product_uom_qty': 5, 'price_unit': 43.0, 'sequence': 21, 'scheduled_date_orig': Timestamp('2025-12-26 00:00:00'), 'product_id': 'HSA0029'}
2025-12-26 09:21:40,673 - INFO - Searching for product with code: 'HSA0029' and old code: 'HSA0029'
2025-12-26 09:21:40,737 - INFO - Found product with exact match on default_code: 'HSA0029'
2025-12-26 09:21:40,814 - INFO - Prepared product HSA0029 with quantity 5.0 for batch creation
2025-12-26 09:21:40,815 - INFO - Move locations - Source: 4, Dest: 164
2025-12-26 09:21:40,817 - INFO - Processing Excel row 22: {'partner_id': 'MOGEN_OB', 'scheduled_date': Timestamp('2025-12-26 00:00:00'), 'picking_type_id': 'ST02-OB', 'date_done': Timestamp('2025-12-26 00:00:00'), 'origin': 'คลังสิ้นเปลืองสำนักงาน', 'location_dest_id': 'ST02/Stock', 'default_code': 'HSA0030', 'product_uom_qty': 34, 'price_unit': 43.0, 'sequence': 22, 'scheduled_date_orig': Timestamp('2025-12-26 00:00:00'), 'product_id': 'HSA0030'}
2025-12-26 09:21:40,818 - INFO - Searching for product with code: 'HSA0030' and old code: 'HSA0030'
2025-12-26 09:21:40,892 - INFO - Found product with exact match on default_code: 'HSA0030'
2025-12-26 09:21:40,971 - INFO - Prepared product HSA0030 with quantity 34.0 for batch creation
2025-12-26 09:21:40,971 - INFO - Move locations - Source: 4, Dest: 164
2025-12-26 09:21:40,971 - INFO - Processing Excel row 23: {'partner_id': 'MOGEN_OB', 'scheduled_date': Timestamp('2025-12-26 00:00:00'), 'picking_type_id': 'ST02-OB', 'date_done': Timestamp('2025-12-26 00:00:00'), 'origin': 'คลังสิ้นเปลืองสำนักงาน', 'location_dest_id': 'ST02/Stock', 'default_code': 'HSA0032', 'product_uom_qty': 16, 'price_unit': 7.25, 'sequence': 23, 'scheduled_date_orig': Timestamp('2025-12-26 00:00:00'), 'product_id': 'HSA0032'}
2025-12-26 09:21:40,972 - INFO - Searching for product with code: 'HSA0032' and old code: 'HSA0032'
2025-12-26 09:21:41,038 - INFO - Found product with exact match on default_code: 'HSA0032'
2025-12-26 09:21:41,108 - INFO - Prepared product HSA0032 with quantity 16.0 for batch creation
2025-12-26 09:21:41,108 - INFO - Move locations - Source: 4, Dest: 164
2025-12-26 09:21:41,109 - INFO - Processing Excel row 24: {'partner_id': 'MOGEN_OB', 'scheduled_date': Timestamp('2025-12-26 00:00:00'), 'picking_type_id': 'ST02-OB', 'date_done': Timestamp('2025-12-26 00:00:00'), 'origin': 'คลังสิ้นเปลืองสำนักงาน', 'location_dest_id': 'ST02/Stock', 'default_code': 'HSA0033', 'product_uom_qty': 38, 'price_unit': 7.25, 'sequence': 24, 'scheduled_date_orig': Timestamp('2025-12-26 00:00:00'), 'product_id': 'HSA0033'}
2025-12-26 09:21:41,110 - INFO - Searching for product with code: 'HSA0033' and old code: 'HSA0033'
2025-12-26 09:21:41,178 - INFO - Found product with exact match on default_code: 'HSA0033'
2025-12-26 09:21:41,247 - INFO - Prepared product HSA0033 with quantity 38.0 for batch creation
2025-12-26 09:21:41,248 - INFO - Move locations - Source: 4, Dest: 164
2025-12-26 09:21:41,248 - INFO - Processing Excel row 25: {'partner_id': 'MOGEN_OB', 'scheduled_date': Timestamp('2025-12-26 00:00:00'), 'picking_type_id': 'ST02-OB', 'date_done': Timestamp('2025-12-26 00:00:00'), 'origin': 'คลังสิ้นเปลืองสำนักงาน', 'location_dest_id': 'ST02/Stock', 'default_code': 'HSA0034', 'product_uom_qty': 33, 'price_unit': 8.75, 'sequence': 25, 'scheduled_date_orig': Timestamp('2025-12-26 00:00:00'), 'product_id': 'HSA0034'}
2025-12-26 09:21:41,249 - INFO - Searching for product with code: 'HSA0034' and old code: 'HSA0034'
2025-12-26 09:21:41,321 - INFO - Found product with exact match on default_code: 'HSA0034'
2025-12-26 09:21:41,402 - INFO - Prepared product HSA0034 with quantity 33.0 for batch creation
2025-12-26 09:21:41,402 - INFO - Move locations - Source: 4, Dest: 164
2025-12-26 09:21:41,403 - INFO - Processing Excel row 26: {'partner_id': 'MOGEN_OB', 'scheduled_date': Timestamp('2025-12-26 00:00:00'), 'picking_type_id': 'ST02-OB', 'date_done': Timestamp('2025-12-26 00:00:00'), 'origin': 'คลังสิ้นเปลืองสำนักงาน', 'location_dest_id': 'ST02/Stock', 'default_code': 'HSA0035', 'product_uom_qty': 38, 'price_unit': 8.75, 'sequence': 26, 'scheduled_date_orig': Timestamp('2025-12-26 00:00:00'), 'product_id': 'HSA0035'}
2025-12-26 09:21:41,403 - INFO - Searching for product with code: 'HSA0035' and old code: 'HSA0035'
2025-12-26 09:21:41,469 - INFO - Found product with exact match on default_code: 'HSA0035'
2025-12-26 09:21:41,536 - INFO - Prepared product HSA0035 with quantity 38.0 for batch creation
2025-12-26 09:21:41,536 - INFO - Move locations - Source: 4, Dest: 164
2025-12-26 09:21:41,536 - INFO - Processing Excel row 27: {'partner_id': 'MOGEN_OB', 'scheduled_date': Timestamp('2025-12-26 00:00:00'), 'picking_type_id': 'ST02-OB', 'date_done': Timestamp('2025-12-26 00:00:00'), 'origin': 'คลังสิ้นเปลืองสำนักงาน', 'location_dest_id': 'ST02/Stock', 'default_code': 'HSA0036', 'product_uom_qty': 19, 'price_unit': 8.75, 'sequence': 27, 'scheduled_date_orig': Timestamp('2025-12-26 00:00:00'), 'product_id': 'HSA0036'}
2025-12-26 09:21:41,537 - INFO - Searching for product with code: 'HSA0036' and old code: 'HSA0036'
2025-12-26 09:21:41,605 - INFO - Found product with exact match on default_code: 'HSA0036'
2025-12-26 09:21:41,678 - INFO - Prepared product HSA0036 with quantity 19.0 for batch creation
2025-12-26 09:21:41,678 - INFO - Move locations - Source: 4, Dest: 164
2025-12-26 09:21:41,679 - INFO - Processing Excel row 28: {'partner_id': 'MOGEN_OB', 'scheduled_date': Timestamp('2025-12-26 00:00:00'), 'picking_type_id': 'ST02-OB', 'date_done': Timestamp('2025-12-26 00:00:00'), 'origin': 'คลังสิ้นเปลืองสำนักงาน', 'location_dest_id': 'ST02/Stock', 'default_code': 'HSA0037', 'product_uom_qty': 34, 'price_unit': 3.75, 'sequence': 28, 'scheduled_date_orig': Timestamp('2025-12-26 00:00:00'), 'product_id': 'HSA0037'}
2025-12-26 09:21:41,679 - INFO - Searching for product with code: 'HSA0037' and old code: 'HSA0037'
2025-12-26 09:21:41,749 - INFO - Found product with exact match on default_code: 'HSA0037'
2025-12-26 09:21:41,825 - INFO - Prepared product HSA0037 with quantity 34.0 for batch creation
2025-12-26 09:21:41,825 - INFO - Move locations - Source: 4, Dest: 164
2025-12-26 09:21:41,826 - INFO - Processing Excel row 29: {'partner_id': 'MOGEN_OB', 'scheduled_date': Timestamp('2025-12-26 00:00:00'), 'picking_type_id': 'ST02-OB', 'date_done': Timestamp('2025-12-26 00:00:00'), 'origin': 'คลังสิ้นเปลืองสำนักงาน', 'location_dest_id': 'ST02/Stock', 'default_code': 'HSA0039', 'product_uom_qty': 1, 'price_unit': 15.5, 'sequence': 29, 'scheduled_date_orig': Timestamp('2025-12-26 00:00:00'), 'product_id': 'HSA0039'}
2025-12-26 09:21:41,826 - INFO - Searching for product with code: 'HSA0039' and old code: 'HSA0039'
2025-12-26 09:21:41,896 - INFO - Found product with exact match on default_code: 'HSA0039'
2025-12-26 09:21:41,969 - INFO - Prepared product HSA0039 with quantity 1.0 for batch creation
2025-12-26 09:21:41,970 - INFO - Move locations - Source: 4, Dest: 164
2025-12-26 09:21:41,972 - INFO - Processing Excel row 30: {'partner_id': 'MOGEN_OB', 'scheduled_date': Timestamp('2025-12-26 00:00:00'), 'picking_type_id': 'ST02-OB', 'date_done': Timestamp('2025-12-26 00:00:00'), 'origin': 'คลังสิ้นเปลืองสำนักงาน', 'location_dest_id': 'ST02/Stock', 'default_code': 'HSA0040', 'product_uom_qty': 9, 'price_unit': 15.5, 'sequence': 30, 'scheduled_date_orig': Timestamp('2025-12-26 00:00:00'), 'product_id': 'HSA0040'}
2025-12-26 09:21:41,973 - INFO - Searching for product with code: 'HSA0040' and old code: 'HSA0040'
2025-12-26 09:21:42,048 - INFO - Found product with exact match on default_code: 'HSA0040'
2025-12-26 09:21:42,120 - INFO - Prepared product HSA0040 with quantity 9.0 for batch creation
2025-12-26 09:21:42,121 - INFO - Move locations - Source: 4, Dest: 164
2025-12-26 09:21:42,122 - INFO - Processing Excel row 31: {'partner_id': 'MOGEN_OB', 'scheduled_date': Timestamp('2025-12-26 00:00:00'), 'picking_type_id': 'ST02-OB', 'date_done': Timestamp('2025-12-26 00:00:00'), 'origin': 'คลังสิ้นเปลืองสำนักงาน', 'location_dest_id': 'ST02/Stock', 'default_code': 'HSA0041', 'product_uom_qty': 8, 'price_unit': 15.5, 'sequence': 31, 'scheduled_date_orig': Timestamp('2025-12-26 00:00:00'), 'product_id': 'HSA0041'}
2025-12-26 09:21:42,122 - INFO - Searching for product with code: 'HSA0041' and old code: 'HSA0041'
2025-12-26 09:21:42,193 - INFO - Found product with exact match on default_code: 'HSA0041'
2025-12-26 09:21:42,264 - INFO - Prepared product HSA0041 with quantity 8.0 for batch creation
2025-12-26 09:21:42,265 - INFO - Move locations - Source: 4, Dest: 164
2025-12-26 09:21:42,265 - INFO - Processing Excel row 32: {'partner_id': 'MOGEN_OB', 'scheduled_date': Timestamp('2025-12-26 00:00:00'), 'picking_type_id': 'ST02-OB', 'date_done': Timestamp('2025-12-26 00:00:00'), 'origin': 'คลังสิ้นเปลืองสำนักงาน', 'location_dest_id': 'ST02/Stock', 'default_code': 'HSA0044', 'product_uom_qty': 1, 'price_unit': 460.0, 'sequence': 32, 'scheduled_date_orig': Timestamp('2025-12-26 00:00:00'), 'product_id': 'HSA0044'}
2025-12-26 09:21:42,266 - INFO - Searching for product with code: 'HSA0044' and old code: 'HSA0044'
2025-12-26 09:21:42,333 - INFO - Found product with exact match on default_code: 'HSA0044'
2025-12-26 09:21:42,402 - INFO - Prepared product HSA0044 with quantity 1.0 for batch creation
2025-12-26 09:21:42,402 - INFO - Move locations - Source: 4, Dest: 164
2025-12-26 09:21:42,403 - INFO - Processing Excel row 33: {'partner_id': 'MOGEN_OB', 'scheduled_date': Timestamp('2025-12-26 00:00:00'), 'picking_type_id': 'ST02-OB', 'date_done': Timestamp('2025-12-26 00:00:00'), 'origin': 'คลังสิ้นเปลืองสำนักงาน', 'location_dest_id': 'ST02/Stock', 'default_code': 'HSA0045', 'product_uom_qty': 34, 'price_unit': 100.0, 'sequence': 33, 'scheduled_date_orig': Timestamp('2025-12-26 00:00:00'), 'product_id': 'HSA0045'}
2025-12-26 09:21:42,403 - INFO - Searching for product with code: 'HSA0045' and old code: 'HSA0045'
2025-12-26 09:21:42,472 - INFO - Found product with exact match on default_code: 'HSA0045'
2025-12-26 09:21:42,550 - INFO - Prepared product HSA0045 with quantity 34.0 for batch creation
2025-12-26 09:21:42,551 - INFO - Move locations - Source: 4, Dest: 164
2025-12-26 09:21:42,551 - INFO - Processing Excel row 34: {'partner_id': 'MOGEN_OB', 'scheduled_date': Timestamp('2025-12-26 00:00:00'), 'picking_type_id': 'ST02-OB', 'date_done': Timestamp('2025-12-26 00:00:00'), 'origin': 'คลังสิ้นเปลืองสำนักงาน', 'location_dest_id': 'ST02/Stock', 'default_code': 'HSA0046', 'product_uom_qty': 3, 'price_unit': 145.0, 'sequence': 34, 'scheduled_date_orig': Timestamp('2025-12-26 00:00:00'), 'product_id': 'HSA0046'}
2025-12-26 09:21:42,552 - INFO - Searching for product with code: 'HSA0046' and old code: 'HSA0046'
2025-12-26 09:21:42,617 - INFO - Found product with exact match on default_code: 'HSA0046'
2025-12-26 09:21:42,694 - INFO - Prepared product HSA0046 with quantity 3.0 for batch creation
2025-12-26 09:21:42,694 - INFO - Move locations - Source: 4, Dest: 164
2025-12-26 09:21:42,696 - INFO - Processing Excel row 35: {'partner_id': 'MOGEN_OB', 'scheduled_date': Timestamp('2025-12-26 00:00:00'), 'picking_type_id': 'ST02-OB', 'date_done': Timestamp('2025-12-26 00:00:00'), 'origin': 'คลังสิ้นเปลืองสำนักงาน', 'location_dest_id': 'ST02/Stock', 'default_code': 'HSA0047', 'product_uom_qty': 23, 'price_unit': 26.0, 'sequence': 35, 'scheduled_date_orig': Timestamp('2025-12-26 00:00:00'), 'product_id': 'HSA0047'}
2025-12-26 09:21:42,696 - INFO - Searching for product with code: 'HSA0047' and old code: 'HSA0047'
2025-12-26 09:21:42,763 - INFO - Found product with exact match on default_code: 'HSA0047'
2025-12-26 09:21:42,833 - INFO - Prepared product HSA0047 with quantity 23.0 for batch creation
2025-12-26 09:21:42,834 - INFO - Move locations - Source: 4, Dest: 164
2025-12-26 09:21:42,834 - INFO - Processing Excel row 36: {'partner_id': 'MOGEN_OB', 'scheduled_date': Timestamp('2025-12-26 00:00:00'), 'picking_type_id': 'ST02-OB', 'date_done': Timestamp('2025-12-26 00:00:00'), 'origin': 'คลังสิ้นเปลืองสำนักงาน', 'location_dest_id': 'ST02/Stock', 'default_code': 'HSA0048', 'product_uom_qty': 1, 'price_unit': 71.0, 'sequence': 36, 'scheduled_date_orig': Timestamp('2025-12-26 00:00:00'), 'product_id': 'HSA0048'}
2025-12-26 09:21:42,835 - INFO - Searching for product with code: 'HSA0048' and old code: 'HSA0048'
2025-12-26 09:21:42,906 - INFO - Found product with exact match on default_code: 'HSA0048'
2025-12-26 09:21:42,978 - INFO - Prepared product HSA0048 with quantity 1.0 for batch creation
2025-12-26 09:21:42,978 - INFO - Move locations - Source: 4, Dest: 164
2025-12-26 09:21:42,979 - INFO - Processing Excel row 37: {'partner_id': 'MOGEN_OB', 'scheduled_date': Timestamp('2025-12-26 00:00:00'), 'picking_type_id': 'ST02-OB', 'date_done': Timestamp('2025-12-26 00:00:00'), 'origin': 'คลังสิ้นเปลืองสำนักงาน', 'location_dest_id': 'ST02/Stock', 'default_code': 'HSA0050', 'product_uom_qty': 6, 'price_unit': 12.0, 'sequence': 37, 'scheduled_date_orig': Timestamp('2025-12-26 00:00:00'), 'product_id': 'HSA0050'}
2025-12-26 09:21:42,979 - INFO - Searching for product with code: 'HSA0050' and old code: 'HSA0050'
2025-12-26 09:21:43,046 - INFO - Found product with exact match on default_code: 'HSA0050'
2025-12-26 09:21:43,117 - INFO - Prepared product HSA0050 with quantity 6.0 for batch creation
2025-12-26 09:21:43,118 - INFO - Move locations - Source: 4, Dest: 164
2025-12-26 09:21:43,118 - INFO - Processing Excel row 38: {'partner_id': 'MOGEN_OB', 'scheduled_date': Timestamp('2025-12-26 00:00:00'), 'picking_type_id': 'ST02-OB', 'date_done': Timestamp('2025-12-26 00:00:00'), 'origin': 'คลังสิ้นเปลืองสำนักงาน', 'location_dest_id': 'ST02/Stock', 'default_code': 'HSA0051', 'product_uom_qty': 28, 'price_unit': 4.8, 'sequence': 38, 'scheduled_date_orig': Timestamp('2025-12-26 00:00:00'), 'product_id': 'HSA0051'}
2025-12-26 09:21:43,119 - INFO - Searching for product with code: 'HSA0051' and old code: 'HSA0051'
2025-12-26 09:21:43,190 - INFO - Found product with exact match on default_code: 'HSA0051'
2025-12-26 09:21:43,279 - INFO - Prepared product HSA0051 with quantity 28.0 for batch creation
2025-12-26 09:21:43,280 - INFO - Move locations - Source: 4, Dest: 164
2025-12-26 09:21:43,282 - INFO - Processing Excel row 39: {'partner_id': 'MOGEN_OB', 'scheduled_date': Timestamp('2025-12-26 00:00:00'), 'picking_type_id': 'ST02-OB', 'date_done': Timestamp('2025-12-26 00:00:00'), 'origin': 'คลังสิ้นเปลืองสำนักงาน', 'location_dest_id': 'ST02/Stock', 'default_code': 'HSA0052', 'product_uom_qty': 40, 'price_unit': 8.0, 'sequence': 39, 'scheduled_date_orig': Timestamp('2025-12-26 00:00:00'), 'product_id': 'HSA0052'}
2025-12-26 09:21:43,282 - INFO - Searching for product with code: 'HSA0052' and old code: 'HSA0052'
2025-12-26 09:21:43,353 - INFO - Found product with exact match on default_code: 'HSA0052'
2025-12-26 09:21:43,427 - INFO - Prepared product HSA0052 with quantity 40.0 for batch creation
2025-12-26 09:21:43,428 - INFO - Move locations - Source: 4, Dest: 164
2025-12-26 09:21:43,429 - INFO - Processing Excel row 40: {'partner_id': 'MOGEN_OB', 'scheduled_date': Timestamp('2025-12-26 00:00:00'), 'picking_type_id': 'ST02-OB', 'date_done': Timestamp('2025-12-26 00:00:00'), 'origin': 'คลังสิ้นเปลืองสำนักงาน', 'location_dest_id': 'ST02/Stock', 'default_code': 'HSA0053', 'product_uom_qty': 21, 'price_unit': 18.0, 'sequence': 40, 'scheduled_date_orig': Timestamp('2025-12-26 00:00:00'), 'product_id': 'HSA0053'}
2025-12-26 09:21:43,429 - INFO - Searching for product with code: 'HSA0053' and old code: 'HSA0053'
2025-12-26 09:21:43,495 - INFO - Found product with exact match on default_code: 'HSA0053'
2025-12-26 09:21:43,563 - INFO - Prepared product HSA0053 with quantity 21.0 for batch creation
2025-12-26 09:21:43,564 - INFO - Move locations - Source: 4, Dest: 164
2025-12-26 09:21:43,565 - INFO - Processing Excel row 41: {'partner_id': 'MOGEN_OB', 'scheduled_date': Timestamp('2025-12-26 00:00:00'), 'picking_type_id': 'ST02-OB', 'date_done': Timestamp('2025-12-26 00:00:00'), 'origin': 'คลังสิ้นเปลืองสำนักงาน', 'location_dest_id': 'ST02/Stock', 'default_code': 'HSA0054', 'product_uom_qty': 12, 'price_unit': 7.5, 'sequence': 41, 'scheduled_date_orig': Timestamp('2025-12-26 00:00:00'), 'product_id': 'HSA0054'}
2025-12-26 09:21:43,566 - INFO - Searching for product with code: 'HSA0054' and old code: 'HSA0054'
2025-12-26 09:21:43,639 - INFO - Found product with exact match on default_code: 'HSA0054'
2025-12-26 09:21:43,714 - INFO - Prepared product HSA0054 with quantity 12.0 for batch creation
2025-12-26 09:21:43,714 - INFO - Move locations - Source: 4, Dest: 164
2025-12-26 09:21:43,715 - INFO - Processing Excel row 42: {'partner_id': 'MOGEN_OB', 'scheduled_date': Timestamp('2025-12-26 00:00:00'), 'picking_type_id': 'ST02-OB', 'date_done': Timestamp('2025-12-26 00:00:00'), 'origin': 'คลังสิ้นเปลืองสำนักงาน', 'location_dest_id': 'ST02/Stock', 'default_code': 'HSA0055', 'product_uom_qty': 37, 'price_unit': 18.0, 'sequence': 42, 'scheduled_date_orig': Timestamp('2025-12-26 00:00:00'), 'product_id': 'HSA0055'}
2025-12-26 09:21:43,715 - INFO - Searching for product with code: 'HSA0055' and old code: 'HSA0055'
2025-12-26 09:21:43,783 - INFO - Found product with exact match on default_code: 'HSA0055'
2025-12-26 09:21:43,855 - INFO - Prepared product HSA0055 with quantity 37.0 for batch creation
2025-12-26 09:21:43,855 - INFO - Move locations - Source: 4, Dest: 164
2025-12-26 09:21:43,856 - INFO - Processing Excel row 43: {'partner_id': 'MOGEN_OB', 'scheduled_date': Timestamp('2025-12-26 00:00:00'), 'picking_type_id': 'ST02-OB', 'date_done': Timestamp('2025-12-26 00:00:00'), 'origin': 'คลังสิ้นเปลืองสำนักงาน', 'location_dest_id': 'ST02/Stock', 'default_code': 'HSA0056', 'product_uom_qty': 3, 'price_unit': 104.0, 'sequence': 43, 'scheduled_date_orig': Timestamp('2025-12-26 00:00:00'), 'product_id': 'HSA0056'}
2025-12-26 09:21:43,856 - INFO - Searching for product with code: 'HSA0056' and old code: 'HSA0056'
2025-12-26 09:21:43,923 - INFO - Found product with exact match on default_code: 'HSA0056'
2025-12-26 09:21:43,995 - INFO - Prepared product HSA0056 with quantity 3.0 for batch creation
2025-12-26 09:21:43,996 - INFO - Move locations - Source: 4, Dest: 164
2025-12-26 09:21:43,996 - INFO - Processing Excel row 44: {'partner_id': 'MOGEN_OB', 'scheduled_date': Timestamp('2025-12-26 00:00:00'), 'picking_type_id': 'ST02-OB', 'date_done': Timestamp('2025-12-26 00:00:00'), 'origin': 'คลังสิ้นเปลืองสำนักงาน', 'location_dest_id': 'ST02/Stock', 'default_code': 'HSA0057', 'product_uom_qty': 3, 'price_unit': 55.0, 'sequence': 44, 'scheduled_date_orig': Timestamp('2025-12-26 00:00:00'), 'product_id': 'HSA0057'}
2025-12-26 09:21:43,997 - INFO - Searching for product with code: 'HSA0057' and old code: 'HSA0057'
2025-12-26 09:21:44,063 - INFO - Found product with exact match on default_code: 'HSA0057'
2025-12-26 09:21:44,135 - INFO - Prepared product HSA0057 with quantity 3.0 for batch creation
2025-12-26 09:21:44,135 - INFO - Move locations - Source: 4, Dest: 164
2025-12-26 09:21:44,136 - INFO - Processing Excel row 45: {'partner_id': 'MOGEN_OB', 'scheduled_date': Timestamp('2025-12-26 00:00:00'), 'picking_type_id': 'ST02-OB', 'date_done': Timestamp('2025-12-26 00:00:00'), 'origin': 'คลังสิ้นเปลืองสำนักงาน', 'location_dest_id': 'ST02/Stock', 'default_code': 'HSA0058', 'product_uom_qty': 3, 'price_unit': 116.0, 'sequence': 45, 'scheduled_date_orig': Timestamp('2025-12-26 00:00:00'), 'product_id': 'HSA0058'}
2025-12-26 09:21:44,137 - INFO - Searching for product with code: 'HSA0058' and old code: 'HSA0058'
2025-12-26 09:21:44,207 - INFO - Found product with exact match on default_code: 'HSA0058'
2025-12-26 09:21:44,276 - INFO - Prepared product HSA0058 with quantity 3.0 for batch creation
2025-12-26 09:21:44,277 - INFO - Move locations - Source: 4, Dest: 164
2025-12-26 09:21:44,278 - INFO - Processing Excel row 46: {'partner_id': 'MOGEN_OB', 'scheduled_date': Timestamp('2025-12-26 00:00:00'), 'picking_type_id': 'ST02-OB', 'date_done': Timestamp('2025-12-26 00:00:00'), 'origin': 'คลังสิ้นเปลืองสำนักงาน', 'location_dest_id': 'ST02/Stock', 'default_code': 'HSA0059', 'product_uom_qty': 1, 'price_unit': 167.0, 'sequence': 46, 'scheduled_date_orig': Timestamp('2025-12-26 00:00:00'), 'product_id': 'HSA0059'}
2025-12-26 09:21:44,278 - INFO - Searching for product with code: 'HSA0059' and old code: 'HSA0059'
2025-12-26 09:21:44,353 - INFO - Found product with exact match on default_code: 'HSA0059'
2025-12-26 09:21:44,431 - INFO - Prepared product HSA0059 with quantity 1.0 for batch creation
2025-12-26 09:21:44,431 - INFO - Move locations - Source: 4, Dest: 164
2025-12-26 09:21:44,432 - INFO - Processing Excel row 47: {'partner_id': 'MOGEN_OB', 'scheduled_date': Timestamp('2025-12-26 00:00:00'), 'picking_type_id': 'ST02-OB', 'date_done': Timestamp('2025-12-26 00:00:00'), 'origin': 'คลังสิ้นเปลืองสำนักงาน', 'location_dest_id': 'ST02/Stock', 'default_code': 'HSB0038', 'product_uom_qty': 7, 'price_unit': 44.0, 'sequence': 47, 'scheduled_date_orig': Timestamp('2025-12-26 00:00:00'), 'product_id': 'HSB0038'}
2025-12-26 09:21:44,432 - INFO - Searching for product with code: 'HSB0038' and old code: 'HSB0038'
2025-12-26 09:21:44,502 - INFO - Found product with exact match on default_code: 'HSB0038'
2025-12-26 09:21:44,575 - INFO - Prepared product HSB0038 with quantity 7.0 for batch creation
2025-12-26 09:21:44,576 - INFO - Move locations - Source: 4, Dest: 164
2025-12-26 09:21:44,578 - INFO - Processing Excel row 48: {'partner_id': 'MOGEN_OB', 'scheduled_date': Timestamp('2025-12-26 00:00:00'), 'picking_type_id': 'ST02-OB', 'date_done': Timestamp('2025-12-26 00:00:00'), 'origin': 'คลังสิ้นเปลืองสำนักงาน', 'location_dest_id': 'ST02/Stock', 'default_code': 'HSB0039', 'product_uom_qty': 4, 'price_unit': 89.0, 'sequence': 48, 'scheduled_date_orig': Timestamp('2025-12-26 00:00:00'), 'product_id': 'HSB0039'}
2025-12-26 09:21:44,579 - INFO - Searching for product with code: 'HSB0039' and old code: 'HSB0039'
2025-12-26 09:21:44,648 - INFO - Found product with exact match on default_code: 'HSB0039'
2025-12-26 09:21:44,719 - INFO - Prepared product HSB0039 with quantity 4.0 for batch creation
2025-12-26 09:21:44,719 - INFO - Move locations - Source: 4, Dest: 164
2025-12-26 09:21:44,721 - INFO - Processing Excel row 49: {'partner_id': 'MOGEN_OB', 'scheduled_date': Timestamp('2025-12-26 00:00:00'), 'picking_type_id': 'ST02-OB', 'date_done': Timestamp('2025-12-26 00:00:00'), 'origin': 'คลังสิ้นเปลืองสำนักงาน', 'location_dest_id': 'ST02/Stock', 'default_code': 'HSB0001', 'product_uom_qty': 72, 'price_unit': 44.0, 'sequence': 49, 'scheduled_date_orig': Timestamp('2025-12-26 00:00:00'), 'product_id': 'HSB0001'}
2025-12-26 09:21:44,721 - INFO - Searching for product with code: 'HSB0001' and old code: 'HSB0001'
2025-12-26 09:21:44,792 - INFO - Found product with exact match on default_code: 'HSB0001'
2025-12-26 09:21:44,863 - INFO - Prepared product HSB0001 with quantity 72.0 for batch creation
2025-12-26 09:21:44,864 - INFO - Move locations - Source: 4, Dest: 164
2025-12-26 09:21:44,865 - INFO - Processing Excel row 50: {'partner_id': 'MOGEN_OB', 'scheduled_date': Timestamp('2025-12-26 00:00:00'), 'picking_type_id': 'ST02-OB', 'date_done': Timestamp('2025-12-26 00:00:00'), 'origin': 'คลังสิ้นเปลืองสำนักงาน', 'location_dest_id': 'ST02/Stock', 'default_code': 'HSB0003', 'product_uom_qty': 2, 'price_unit': 49.0, 'sequence': 50, 'scheduled_date_orig': Timestamp('2025-12-26 00:00:00'), 'product_id': 'HSB0003'}
2025-12-26 09:21:44,865 - INFO - Searching for product with code: 'HSB0003' and old code: 'HSB0003'
2025-12-26 09:21:44,931 - INFO - Found product with exact match on default_code: 'HSB0003'
2025-12-26 09:21:45,001 - INFO - Prepared product HSB0003 with quantity 2.0 for batch creation
2025-12-26 09:21:45,002 - INFO - Move locations - Source: 4, Dest: 164
2025-12-26 09:21:45,003 - INFO - Processing Excel row 51: {'partner_id': 'MOGEN_OB', 'scheduled_date': Timestamp('2025-12-26 00:00:00'), 'picking_type_id': 'ST02-OB', 'date_done': Timestamp('2025-12-26 00:00:00'), 'origin': 'คลังสิ้นเปลืองสำนักงาน', 'location_dest_id': 'ST02/Stock', 'default_code': 'HSB0004', 'product_uom_qty': 4, 'price_unit': 32.0, 'sequence': 51, 'scheduled_date_orig': Timestamp('2025-12-26 00:00:00'), 'product_id': 'HSB0004'}
2025-12-26 09:21:45,003 - INFO - Searching for product with code: 'HSB0004' and old code: 'HSB0004'
2025-12-26 09:21:45,077 - INFO - Found product with exact match on default_code: 'HSB0004'
2025-12-26 09:21:45,177 - INFO - Prepared product HSB0004 with quantity 4.0 for batch creation
2025-12-26 09:21:45,177 - INFO - Move locations - Source: 4, Dest: 164
2025-12-26 09:21:45,179 - INFO - Processing Excel row 52: {'partner_id': 'MOGEN_OB', 'scheduled_date': Timestamp('2025-12-26 00:00:00'), 'picking_type_id': 'ST02-OB', 'date_done': Timestamp('2025-12-26 00:00:00'), 'origin': 'คลังสิ้นเปลืองสำนักงาน', 'location_dest_id': 'ST02/Stock', 'default_code': 'HSB0005', 'product_uom_qty': 17, 'price_unit': 36.0, 'sequence': 52, 'scheduled_date_orig': Timestamp('2025-12-26 00:00:00'), 'product_id': 'HSB0005'}
2025-12-26 09:21:45,180 - INFO - Searching for product with code: 'HSB0005' and old code: 'HSB0005'
2025-12-26 09:21:45,251 - INFO - Found product with exact match on default_code: 'HSB0005'
2025-12-26 09:21:45,324 - INFO - Prepared product HSB0005 with quantity 17.0 for batch creation
2025-12-26 09:21:45,324 - INFO - Move locations - Source: 4, Dest: 164
2025-12-26 09:21:45,325 - INFO - Processing Excel row 53: {'partner_id': 'MOGEN_OB', 'scheduled_date': Timestamp('2025-12-26 00:00:00'), 'picking_type_id': 'ST02-OB', 'date_done': Timestamp('2025-12-26 00:00:00'), 'origin': 'คลังสิ้นเปลืองสำนักงาน', 'location_dest_id': 'ST02/Stock', 'default_code': 'HSB0006', 'product_uom_qty': 20, 'price_unit': 36.0, 'sequence': 53, 'scheduled_date_orig': Timestamp('2025-12-26 00:00:00'), 'product_id': 'HSB0006'}
2025-12-26 09:21:45,326 - INFO - Searching for product with code: 'HSB0006' and old code: 'HSB0006'
2025-12-26 09:21:45,393 - INFO - Found product with exact match on default_code: 'HSB0006'
2025-12-26 09:21:45,463 - INFO - Prepared product HSB0006 with quantity 20.0 for batch creation
2025-12-26 09:21:45,464 - INFO - Move locations - Source: 4, Dest: 164
2025-12-26 09:21:45,464 - INFO - Processing Excel row 54: {'partner_id': 'MOGEN_OB', 'scheduled_date': Timestamp('2025-12-26 00:00:00'), 'picking_type_id': 'ST02-OB', 'date_done': Timestamp('2025-12-26 00:00:00'), 'origin': 'คลังสิ้นเปลืองสำนักงาน', 'location_dest_id': 'ST02/Stock', 'default_code': 'HSB0007', 'product_uom_qty': 18, 'price_unit': 36.0, 'sequence': 54, 'scheduled_date_orig': Timestamp('2025-12-26 00:00:00'), 'product_id': 'HSB0007'}
2025-12-26 09:21:45,465 - INFO - Searching for product with code: 'HSB0007' and old code: 'HSB0007'
2025-12-26 09:21:45,533 - INFO - Found product with exact match on default_code: 'HSB0007'
2025-12-26 09:21:45,606 - INFO - Prepared product HSB0007 with quantity 18.0 for batch creation
2025-12-26 09:21:45,606 - INFO - Move locations - Source: 4, Dest: 164
2025-12-26 09:21:45,607 - INFO - Processing Excel row 55: {'partner_id': 'MOGEN_OB', 'scheduled_date': Timestamp('2025-12-26 00:00:00'), 'picking_type_id': 'ST02-OB', 'date_done': Timestamp('2025-12-26 00:00:00'), 'origin': 'คลังสิ้นเปลืองสำนักงาน', 'location_dest_id': 'ST02/Stock', 'default_code': 'HSB0008', 'product_uom_qty': 2, 'price_unit': 125.0, 'sequence': 55, 'scheduled_date_orig': Timestamp('2025-12-26 00:00:00'), 'product_id': 'HSB0008'}
2025-12-26 09:21:45,607 - INFO - Searching for product with code: 'HSB0008' and old code: 'HSB0008'
2025-12-26 09:21:45,676 - INFO - Found product with exact match on default_code: 'HSB0008'
2025-12-26 09:21:45,750 - INFO - Prepared product HSB0008 with quantity 2.0 for batch creation
2025-12-26 09:21:45,751 - INFO - Move locations - Source: 4, Dest: 164
2025-12-26 09:21:45,752 - INFO - Processing Excel row 56: {'partner_id': 'MOGEN_OB', 'scheduled_date': Timestamp('2025-12-26 00:00:00'), 'picking_type_id': 'ST02-OB', 'date_done': Timestamp('2025-12-26 00:00:00'), 'origin': 'คลังสิ้นเปลืองสำนักงาน', 'location_dest_id': 'ST02/Stock', 'default_code': 'HSB0009', 'product_uom_qty': 7, 'price_unit': 79.0, 'sequence': 56, 'scheduled_date_orig': Timestamp('2025-12-26 00:00:00'), 'product_id': 'HSB0009'}
2025-12-26 09:21:45,752 - INFO - Searching for product with code: 'HSB0009' and old code: 'HSB0009'
2025-12-26 09:21:45,818 - INFO - Found product with exact match on default_code: 'HSB0009'
2025-12-26 09:21:45,886 - INFO - Prepared product HSB0009 with quantity 7.0 for batch creation
2025-12-26 09:21:45,886 - INFO - Move locations - Source: 4, Dest: 164
2025-12-26 09:21:45,887 - INFO - Processing Excel row 57: {'partner_id': 'MOGEN_OB', 'scheduled_date': Timestamp('2025-12-26 00:00:00'), 'picking_type_id': 'ST02-OB', 'date_done': Timestamp('2025-12-26 00:00:00'), 'origin': 'คลังสิ้นเปลืองสำนักงาน', 'location_dest_id': 'ST02/Stock', 'default_code': 'HSB0010', 'product_uom_qty': 4, 'price_unit': 59.0, 'sequence': 57, 'scheduled_date_orig': Timestamp('2025-12-26 00:00:00'), 'product_id': 'HSB0010'}
2025-12-26 09:21:45,887 - INFO - Searching for product with code: 'HSB0010' and old code: 'HSB0010'
2025-12-26 09:21:46,009 - INFO - Found product with exact match on default_code: 'HSB0010'
2025-12-26 09:21:46,083 - INFO - Prepared product HSB0010 with quantity 4.0 for batch creation
2025-12-26 09:21:46,084 - INFO - Move locations - Source: 4, Dest: 164
2025-12-26 09:21:46,085 - INFO - Processing Excel row 58: {'partner_id': 'MOGEN_OB', 'scheduled_date': Timestamp('2025-12-26 00:00:00'), 'picking_type_id': 'ST02-OB', 'date_done': Timestamp('2025-12-26 00:00:00'), 'origin': 'คลังสิ้นเปลืองสำนักงาน', 'location_dest_id': 'ST02/Stock', 'default_code': 'HSB0013', 'product_uom_qty': 5, 'price_unit': 160.0, 'sequence': 58, 'scheduled_date_orig': Timestamp('2025-12-26 00:00:00'), 'product_id': 'HSB0013'}
2025-12-26 09:21:46,086 - INFO - Searching for product with code: 'HSB0013' and old code: 'HSB0013'
2025-12-26 09:21:46,156 - INFO - Found product with exact match on default_code: 'HSB0013'
2025-12-26 09:21:46,229 - INFO - Prepared product HSB0013 with quantity 5.0 for batch creation
2025-12-26 09:21:46,230 - INFO - Move locations - Source: 4, Dest: 164
2025-12-26 09:21:46,230 - INFO - Processing Excel row 59: {'partner_id': 'MOGEN_OB', 'scheduled_date': Timestamp('2025-12-26 00:00:00'), 'picking_type_id': 'ST02-OB', 'date_done': Timestamp('2025-12-26 00:00:00'), 'origin': 'คลังสิ้นเปลืองสำนักงาน', 'location_dest_id': 'ST02/Stock', 'default_code': 'HSB0014', 'product_uom_qty': 3, 'price_unit': 165.0, 'sequence': 59, 'scheduled_date_orig': Timestamp('2025-12-26 00:00:00'), 'product_id': 'HSB0014'}
2025-12-26 09:21:46,231 - INFO - Searching for product with code: 'HSB0014' and old code: 'HSB0014'
2025-12-26 09:21:46,296 - INFO - Found product with exact match on default_code: 'HSB0014'
2025-12-26 09:21:46,368 - INFO - Prepared product HSB0014 with quantity 3.0 for batch creation
2025-12-26 09:21:46,369 - INFO - Move locations - Source: 4, Dest: 164
2025-12-26 09:21:46,370 - INFO - Processing Excel row 60: {'partner_id': 'MOGEN_OB', 'scheduled_date': Timestamp('2025-12-26 00:00:00'), 'picking_type_id': 'ST02-OB', 'date_done': Timestamp('2025-12-26 00:00:00'), 'origin': 'คลังสิ้นเปลืองสำนักงาน', 'location_dest_id': 'ST02/Stock', 'default_code': 'HSB0016', 'product_uom_qty': 5, 'price_unit': 165.0, 'sequence': 60, 'scheduled_date_orig': Timestamp('2025-12-26 00:00:00'), 'product_id': 'HSB0016'}
2025-12-26 09:21:46,371 - INFO - Searching for product with code: 'HSB0016' and old code: 'HSB0016'
2025-12-26 09:21:46,438 - INFO - Found product with exact match on default_code: 'HSB0016'
2025-12-26 09:21:46,510 - INFO - Prepared product HSB0016 with quantity 5.0 for batch creation
2025-12-26 09:21:46,510 - INFO - Move locations - Source: 4, Dest: 164
2025-12-26 09:21:46,511 - INFO - Processing Excel row 61: {'partner_id': 'MOGEN_OB', 'scheduled_date': Timestamp('2025-12-26 00:00:00'), 'picking_type_id': 'ST02-OB', 'date_done': Timestamp('2025-12-26 00:00:00'), 'origin': 'คลังสิ้นเปลืองสำนักงาน', 'location_dest_id': 'ST02/Stock', 'default_code': 'HSB0017', 'product_uom_qty': 2, 'price_unit': 133.0, 'sequence': 61, 'scheduled_date_orig': Timestamp('2025-12-26 00:00:00'), 'product_id': 'HSB0017'}
2025-12-26 09:21:46,512 - INFO - Searching for product with code: 'HSB0017' and old code: 'HSB0017'
2025-12-26 09:21:46,584 - INFO - Found product with exact match on default_code: 'HSB0017'
2025-12-26 09:21:46,658 - INFO - Prepared product HSB0017 with quantity 2.0 for batch creation
2025-12-26 09:21:46,658 - INFO - Move locations - Source: 4, Dest: 164
2025-12-26 09:21:46,659 - INFO - Processing Excel row 62: {'partner_id': 'MOGEN_OB', 'scheduled_date': Timestamp('2025-12-26 00:00:00'), 'picking_type_id': 'ST02-OB', 'date_done': Timestamp('2025-12-26 00:00:00'), 'origin': 'คลังสิ้นเปลืองสำนักงาน', 'location_dest_id': 'ST02/Stock', 'default_code': 'HSB0019', 'product_uom_qty': 4, 'price_unit': 49.0, 'sequence': 62, 'scheduled_date_orig': Timestamp('2025-12-26 00:00:00'), 'product_id': 'HSB0019'}
2025-12-26 09:21:46,660 - INFO - Searching for product with code: 'HSB0019' and old code: 'HSB0019'
2025-12-26 09:21:46,729 - INFO - Found product with exact match on default_code: 'HSB0019'
2025-12-26 09:21:46,809 - INFO - Prepared product HSB0019 with quantity 4.0 for batch creation
2025-12-26 09:21:46,809 - INFO - Move locations - Source: 4, Dest: 164
2025-12-26 09:21:46,810 - INFO - Processing Excel row 63: {'partner_id': 'MOGEN_OB', 'scheduled_date': Timestamp('2025-12-26 00:00:00'), 'picking_type_id': 'ST02-OB', 'date_done': Timestamp('2025-12-26 00:00:00'), 'origin': 'คลังสิ้นเปลืองสำนักงาน', 'location_dest_id': 'ST02/Stock', 'default_code': 'HSB0021', 'product_uom_qty': 2, 'price_unit': 79.0, 'sequence': 63, 'scheduled_date_orig': Timestamp('2025-12-26 00:00:00'), 'product_id': 'HSB0021'}
2025-12-26 09:21:46,811 - INFO - Searching for product with code: 'HSB0021' and old code: 'HSB0021'
2025-12-26 09:21:46,878 - INFO - Found product with exact match on default_code: 'HSB0021'
2025-12-26 09:21:46,952 - INFO - Prepared product HSB0021 with quantity 2.0 for batch creation
2025-12-26 09:21:46,952 - INFO - Move locations - Source: 4, Dest: 164
2025-12-26 09:21:46,953 - INFO - Processing Excel row 64: {'partner_id': 'MOGEN_OB', 'scheduled_date': Timestamp('2025-12-26 00:00:00'), 'picking_type_id': 'ST02-OB', 'date_done': Timestamp('2025-12-26 00:00:00'), 'origin': 'คลังสิ้นเปลืองสำนักงาน', 'location_dest_id': 'ST02/Stock', 'default_code': 'HSB0022', 'product_uom_qty': 4, 'price_unit': 17.5, 'sequence': 64, 'scheduled_date_orig': Timestamp('2025-12-26 00:00:00'), 'product_id': 'HSB0022'}
2025-12-26 09:21:46,953 - INFO - Searching for product with code: 'HSB0022' and old code: 'HSB0022'
2025-12-26 09:21:47,020 - INFO - Found product with exact match on default_code: 'HSB0022'
2025-12-26 09:21:47,090 - INFO - Prepared product HSB0022 with quantity 4.0 for batch creation
2025-12-26 09:21:47,091 - INFO - Move locations - Source: 4, Dest: 164
2025-12-26 09:21:47,091 - INFO - Processing Excel row 65: {'partner_id': 'MOGEN_OB', 'scheduled_date': Timestamp('2025-12-26 00:00:00'), 'picking_type_id': 'ST02-OB', 'date_done': Timestamp('2025-12-26 00:00:00'), 'origin': 'คลังสิ้นเปลืองสำนักงาน', 'location_dest_id': 'ST02/Stock', 'default_code': 'HSB0023', 'product_uom_qty': 5, 'price_unit': 20.0, 'sequence': 65, 'scheduled_date_orig': Timestamp('2025-12-26 00:00:00'), 'product_id': 'HSB0023'}
2025-12-26 09:21:47,092 - INFO - Searching for product with code: 'HSB0023' and old code: 'HSB0023'
2025-12-26 09:21:47,159 - INFO - Found product with exact match on default_code: 'HSB0023'
2025-12-26 09:21:47,226 - INFO - Prepared product HSB0023 with quantity 5.0 for batch creation
2025-12-26 09:21:47,227 - INFO - Move locations - Source: 4, Dest: 164
2025-12-26 09:21:47,228 - INFO - Processing Excel row 66: {'partner_id': 'MOGEN_OB', 'scheduled_date': Timestamp('2025-12-26 00:00:00'), 'picking_type_id': 'ST02-OB', 'date_done': Timestamp('2025-12-26 00:00:00'), 'origin': 'คลังสิ้นเปลืองสำนักงาน', 'location_dest_id': 'ST02/Stock', 'default_code': 'HSB0024', 'product_uom_qty': 8, 'price_unit': 15.0, 'sequence': 66, 'scheduled_date_orig': Timestamp('2025-12-26 00:00:00'), 'product_id': 'HSB0024'}
2025-12-26 09:21:47,228 - INFO - Searching for product with code: 'HSB0024' and old code: 'HSB0024'
2025-12-26 09:21:47,296 - INFO - Found product with exact match on default_code: 'HSB0024'
2025-12-26 09:21:47,369 - INFO - Prepared product HSB0024 with quantity 8.0 for batch creation
2025-12-26 09:21:47,369 - INFO - Move locations - Source: 4, Dest: 164
2025-12-26 09:21:47,370 - INFO - Processing Excel row 67: {'partner_id': 'MOGEN_OB', 'scheduled_date': Timestamp('2025-12-26 00:00:00'), 'picking_type_id': 'ST02-OB', 'date_done': Timestamp('2025-12-26 00:00:00'), 'origin': 'คลังสิ้นเปลืองสำนักงาน', 'location_dest_id': 'ST02/Stock', 'default_code': 'HSB0025', 'product_uom_qty': 4, 'price_unit': 130.0, 'sequence': 67, 'scheduled_date_orig': Timestamp('2025-12-26 00:00:00'), 'product_id': 'HSB0025'}
2025-12-26 09:21:47,371 - INFO - Searching for product with code: 'HSB0025' and old code: 'HSB0025'
2025-12-26 09:21:47,439 - INFO - Found product with exact match on default_code: 'HSB0025'
2025-12-26 09:21:47,510 - INFO - Prepared product HSB0025 with quantity 4.0 for batch creation
2025-12-26 09:21:47,511 - INFO - Move locations - Source: 4, Dest: 164
2025-12-26 09:21:47,511 - INFO - Processing Excel row 68: {'partner_id': 'MOGEN_OB', 'scheduled_date': Timestamp('2025-12-26 00:00:00'), 'picking_type_id': 'ST02-OB', 'date_done': Timestamp('2025-12-26 00:00:00'), 'origin': 'คลังสิ้นเปลืองสำนักงาน', 'location_dest_id': 'ST02/Stock', 'default_code': 'HSB0026', 'product_uom_qty': 12, 'price_unit': 55.0, 'sequence': 68, 'scheduled_date_orig': Timestamp('2025-12-26 00:00:00'), 'product_id': 'HSB0026'}
2025-12-26 09:21:47,512 - INFO - Searching for product with code: 'HSB0026' and old code: 'HSB0026'
2025-12-26 09:21:47,580 - INFO - Found product with exact match on default_code: 'HSB0026'
2025-12-26 09:21:47,654 - INFO - Prepared product HSB0026 with quantity 12.0 for batch creation
2025-12-26 09:21:47,655 - INFO - Move locations - Source: 4, Dest: 164
2025-12-26 09:21:47,656 - INFO - Processing Excel row 69: {'partner_id': 'MOGEN_OB', 'scheduled_date': Timestamp('2025-12-26 00:00:00'), 'picking_type_id': 'ST02-OB', 'date_done': Timestamp('2025-12-26 00:00:00'), 'origin': 'คลังสิ้นเปลืองสำนักงาน', 'location_dest_id': 'ST02/Stock', 'default_code': 'HSB0027', 'product_uom_qty': 3, 'price_unit': 0.0001, 'sequence': 69, 'scheduled_date_orig': Timestamp('2025-12-26 00:00:00'), 'product_id': 'HSB0027'}
2025-12-26 09:21:47,657 - INFO - Searching for product with code: 'HSB0027' and old code: 'HSB0027'
2025-12-26 09:21:47,728 - INFO - Found product with exact match on default_code: 'HSB0027'
2025-12-26 09:21:47,795 - INFO - Prepared product HSB0027 with quantity 3.0 for batch creation
2025-12-26 09:21:47,796 - INFO - Move locations - Source: 4, Dest: 164
2025-12-26 09:21:47,797 - INFO - Processing Excel row 70: {'partner_id': 'MOGEN_OB', 'scheduled_date': Timestamp('2025-12-26 00:00:00'), 'picking_type_id': 'ST02-OB', 'date_done': Timestamp('2025-12-26 00:00:00'), 'origin': 'คลังสิ้นเปลืองสำนักงาน', 'location_dest_id': 'ST02/Stock', 'default_code': 'HSB0028', 'product_uom_qty': 2, 'price_unit': 335.0, 'sequence': 70, 'scheduled_date_orig': Timestamp('2025-12-26 00:00:00'), 'product_id': 'HSB0028'}
2025-12-26 09:21:47,798 - INFO - Searching for product with code: 'HSB0028' and old code: 'HSB0028'
2025-12-26 09:21:47,866 - INFO - Found product with exact match on default_code: 'HSB0028'
2025-12-26 09:21:47,937 - INFO - Prepared product HSB0028 with quantity 2.0 for batch creation
2025-12-26 09:21:47,938 - INFO - Move locations - Source: 4, Dest: 164
2025-12-26 09:21:47,940 - INFO - Processing Excel row 71: {'partner_id': 'MOGEN_OB', 'scheduled_date': Timestamp('2025-12-26 00:00:00'), 'picking_type_id': 'ST02-OB', 'date_done': Timestamp('2025-12-26 00:00:00'), 'origin': 'คลังสิ้นเปลืองสำนักงาน', 'location_dest_id': 'ST02/Stock', 'default_code': 'HSB0033', 'product_uom_qty': 2, 'price_unit': 120.0, 'sequence': 71, 'scheduled_date_orig': Timestamp('2025-12-26 00:00:00'), 'product_id': 'HSB0033'}
2025-12-26 09:21:47,941 - INFO - Searching for product with code: 'HSB0033' and old code: 'HSB0033'
2025-12-26 09:21:48,018 - INFO - Found product with exact match on default_code: 'HSB0033'
2025-12-26 09:21:48,091 - INFO - Prepared product HSB0033 with quantity 2.0 for batch creation
2025-12-26 09:21:48,092 - INFO - Move locations - Source: 4, Dest: 164
2025-12-26 09:21:48,093 - INFO - Processing Excel row 72: {'partner_id': 'MOGEN_OB', 'scheduled_date': Timestamp('2025-12-26 00:00:00'), 'picking_type_id': 'ST02-OB', 'date_done': Timestamp('2025-12-26 00:00:00'), 'origin': 'คลังสิ้นเปลืองสำนักงาน', 'location_dest_id': 'ST02/Stock', 'default_code': 'HSB0034', 'product_uom_qty': 3, 'price_unit': 110.0, 'sequence': 72, 'scheduled_date_orig': Timestamp('2025-12-26 00:00:00'), 'product_id': 'HSB0034'}
2025-12-26 09:21:48,094 - INFO - Searching for product with code: 'HSB0034' and old code: 'HSB0034'
2025-12-26 09:21:48,161 - INFO - Found product with exact match on default_code: 'HSB0034'
2025-12-26 09:21:48,231 - INFO - Prepared product HSB0034 with quantity 3.0 for batch creation
2025-12-26 09:21:48,231 - INFO - Move locations - Source: 4, Dest: 164
2025-12-26 09:21:48,232 - INFO - Processing Excel row 73: {'partner_id': 'MOGEN_OB', 'scheduled_date': Timestamp('2025-12-26 00:00:00'), 'picking_type_id': 'ST02-OB', 'date_done': Timestamp('2025-12-26 00:00:00'), 'origin': 'คลังสิ้นเปลืองสำนักงาน', 'location_dest_id': 'ST02/Stock', 'default_code': 'HSB0035', 'product_uom_qty': 14, 'price_unit': 129.0, 'sequence': 73, 'scheduled_date_orig': Timestamp('2025-12-26 00:00:00'), 'product_id': 'HSB0035'}
2025-12-26 09:21:48,233 - INFO - Searching for product with code: 'HSB0035' and old code: 'HSB0035'
2025-12-26 09:21:48,298 - INFO - Found product with exact match on default_code: 'HSB0035'
2025-12-26 09:21:48,370 - INFO - Prepared product HSB0035 with quantity 14.0 for batch creation
2025-12-26 09:21:48,370 - INFO - Move locations - Source: 4, Dest: 164
2025-12-26 09:21:48,371 - INFO - Processing Excel row 74: {'partner_id': 'MOGEN_OB', 'scheduled_date': Timestamp('2025-12-26 00:00:00'), 'picking_type_id': 'ST02-OB', 'date_done': Timestamp('2025-12-26 00:00:00'), 'origin': 'คลังสิ้นเปลืองสำนักงาน', 'location_dest_id': 'ST02/Stock', 'default_code': 'HSB0036', 'product_uom_qty': 11, 'price_unit': 129.0, 'sequence': 74, 'scheduled_date_orig': Timestamp('2025-12-26 00:00:00'), 'product_id': 'HSB0036'}
2025-12-26 09:21:48,372 - INFO - Searching for product with code: 'HSB0036' and old code: 'HSB0036'
2025-12-26 09:21:48,442 - INFO - Found product with exact match on default_code: 'HSB0036'
2025-12-26 09:21:48,512 - INFO - Prepared product HSB0036 with quantity 11.0 for batch creation
2025-12-26 09:21:48,512 - INFO - Move locations - Source: 4, Dest: 164
2025-12-26 09:21:48,513 - INFO - Processing Excel row 75: {'partner_id': 'MOGEN_OB', 'scheduled_date': Timestamp('2025-12-26 00:00:00'), 'picking_type_id': 'ST02-OB', 'date_done': Timestamp('2025-12-26 00:00:00'), 'origin': 'คลังสิ้นเปลืองสำนักงาน', 'location_dest_id': 'ST02/Stock', 'default_code': 'HSB0037', 'product_uom_qty': 3, 'price_unit': 140.0, 'sequence': 75, 'scheduled_date_orig': Timestamp('2025-12-26 00:00:00'), 'product_id': 'HSB0037'}
2025-12-26 09:21:48,513 - INFO - Searching for product with code: 'HSB0037' and old code: 'HSB0037'
2025-12-26 09:21:48,582 - INFO - Found product with exact match on default_code: 'HSB0037'
2025-12-26 09:21:48,652 - INFO - Prepared product HSB0037 with quantity 3.0 for batch creation
2025-12-26 09:21:48,653 - INFO - Move locations - Source: 4, Dest: 164
2025-12-26 09:21:48,654 - INFO - Processing Excel row 76: {'partner_id': 'MOGEN_OB', 'scheduled_date': Timestamp('2025-12-26 00:00:00'), 'picking_type_id': 'ST02-OB', 'date_done': Timestamp('2025-12-26 00:00:00'), 'origin': 'คลังสิ้นเปลืองสำนักงาน', 'location_dest_id': 'ST02/Stock', 'default_code': 'HSB0012', 'product_uom_qty': 6, 'price_unit': 135.0, 'sequence': 76, 'scheduled_date_orig': Timestamp('2025-12-26 00:00:00'), 'product_id': 'HSB0012'}
2025-12-26 09:21:48,655 - INFO - Searching for product with code: 'HSB0012' and old code: 'HSB0012'
2025-12-26 09:21:48,722 - INFO - Found product with exact match on default_code: 'HSB0012'
2025-12-26 09:21:48,792 - INFO - Prepared product HSB0012 with quantity 6.0 for batch creation
2025-12-26 09:21:48,793 - INFO - Move locations - Source: 4, Dest: 164
2025-12-26 09:21:48,794 - INFO - Processing Excel row 77: {'partner_id': 'MOGEN_OB', 'scheduled_date': Timestamp('2025-12-26 00:00:00'), 'picking_type_id': 'ST02-OB', 'date_done': Timestamp('2025-12-26 00:00:00'), 'origin': 'คลังสิ้นเปลืองสำนักงาน', 'location_dest_id': 'ST02/Stock', 'default_code': 'HSA0061', 'product_uom_qty': 1, 'price_unit': 199.0, 'sequence': 77, 'scheduled_date_orig': Timestamp('2025-12-26 00:00:00'), 'product_id': 'HSA0061'}
2025-12-26 09:21:48,794 - INFO - Searching for product with code: 'HSA0061' and old code: 'HSA0061'
2025-12-26 09:21:48,859 - INFO - Found product with exact match on default_code: 'HSA0061'
2025-12-26 09:21:48,930 - INFO - Prepared product HSA0061 with quantity 1.0 for batch creation
2025-12-26 09:21:48,931 - INFO - Move locations - Source: 4, Dest: 164
2025-12-26 09:21:48,931 - INFO - Processing Excel row 78: {'partner_id': 'MOGEN_OB', 'scheduled_date': Timestamp('2025-12-26 00:00:00'), 'picking_type_id': 'ST02-OB', 'date_done': Timestamp('2025-12-26 00:00:00'), 'origin': 'คลังสิ้นเปลืองสำนักงาน', 'location_dest_id': 'ST02/Stock', 'default_code': 'HSB0011', 'product_uom_qty': 4, 'price_unit': 120.0, 'sequence': 78, 'scheduled_date_orig': Timestamp('2025-12-26 00:00:00'), 'product_id': 'HSB0011'}
2025-12-26 09:21:48,932 - INFO - Searching for product with code: 'HSB0011' and old code: 'HSB0011'
2025-12-26 09:21:48,999 - INFO - Found product with exact match on default_code: 'HSB0011'
2025-12-26 09:21:49,071 - INFO - Prepared product HSB0011 with quantity 4.0 for batch creation
2025-12-26 09:21:49,072 - INFO - Move locations - Source: 4, Dest: 164
2025-12-26 09:21:50,074 - INFO - Created 78 moves in batch for picking 2963
2025-12-26 09:21:50,204 - INFO - Re-updated dates before confirming picking 2963: 2025-12-26 00:00:00
2025-12-26 09:21:50,775 - INFO - Confirmed transfer 2963 with forced date context
2025-12-26 09:21:50,775 - INFO - Import completed: 1 success, 0 failed.
