2025-07-24 15:06:12,332 - INFO - Successfully connected to Odoo as user ID: 2
2025-07-24 15:06:14,917 - INFO - Odoo version: 17.0.1.3
2025-07-24 15:06:17,422 - INFO - Available date fields in stock.picking: ['activity_date_deadline', 'my_activity_date_deadline', 'scheduled_date', 'date_deadline', 'date', 'date_done', 'delay_alert_date', 'create_date', 'write_date', 'date_notice', 'date_confirmed', 'date_start', 'operation_date']
2025-07-24 15:06:18,074 - INFO - Successfully read Excel file with 1 rows
2025-07-24 15:06:18,074 - INFO - Excel columns: ['partner_id', 'scheduled_date', 'picking_type_id', 'date_done', 'origin', 'location_dest_id', 'product_id', 'product_uom_qty', 'price_unit', 'sequence']
2025-07-24 15:06:18,082 - INFO - Processed sequence column
2025-07-24 15:06:18,084 - INFO - scheduled_date dtype: datetime64[ns]
2025-07-24 15:06:18,085 - INFO - scheduled_date sample: 2025-03-05 00:00:00
2025-07-24 15:06:18,089 - INFO - Converted scheduled_date to string format. Sample: 2025-03-05 00:00:00
2025-07-24 15:06:18,091 - INFO - Fixed picking type name from 'My Company: OB FIFO' to 'OB FIFO'
2025-07-24 15:06:18,092 - INFO - Using 'origin' column to identify transfer groups
2025-07-24 15:06:18,124 - INFO - Excel file validation and data filling completed successfully
2025-07-24 15:06:18,230 - INFO - Searching for location: 'FG40/Stock'
2025-07-24 15:06:18,310 - INFO - Found location with complete_name match: 'FG40/Stock' for 'FG40/Stock'
2025-07-24 15:06:18,342 - INFO - Found partner ID 16630 for 'MOG-OB'
2025-07-24 15:06:18,429 - INFO - Created transfer for date 2025-03-05 00:00:00 sequence 1 with picking ID 11333
2025-07-24 15:06:18,431 - INFO - Processing Excel row 1: {'partner_id': 'MOG-OB', 'scheduled_date': '2025-03-05 00:00:00', 'picking_type_id': 'OB FIFO', 'date_done': Timestamp('2025-03-05 00:00:00'), 'origin': 'AJ2503001', 'location_dest_id': 'FG40/Stock', 'product_id': 'MO031N101', 'product_uom_qty': 1, 'price_unit': 3124.3686, 'sequence': 1, 'scheduled_date_orig': Timestamp('2025-03-05 00:00:00')}
2025-07-24 15:06:18,432 - INFO - Searching for product with code: 'MO031N101' and old code: 'MO031N101'
2025-07-24 15:06:18,466 - INFO - Found product with exact match on default_code: 'MO031N101'
2025-07-24 15:06:19,527 - INFO - Added product MO031N101 with quantity 1.0 to picking 11333
2025-07-24 15:06:19,528 - INFO - Move locations - Source: 14, Dest: 293
2025-07-24 15:06:19,617 - INFO - Re-updated dates before confirming picking 11333: 2025-03-05 00:00:00
2025-07-24 15:06:19,850 - INFO - Confirmed transfer 11333 with forced date context
2025-07-24 15:06:19,850 - INFO - Import completed: 1 success, 0 failed.
