2026-03-19 14:45:23,461 - INFO - Successfully connected to Odoo as user ID: 2
2026-03-19 14:45:23,519 - INFO - Odoo version: 17.0.1.3
2026-03-19 14:45:23,621 - INFO - Available date fields in stock.picking: ['activity_date_deadline', 'my_activity_date_deadline', 'scheduled_date', 'date_deadline', 'date', 'date_done', 'delay_alert_date', 'create_date', 'write_date', 'date_notice', 'date_confirmed', 'date_start', 'operation_date']
2026-03-19 14:45:24,068 - INFO - Successfully read Excel file with 18 rows
2026-03-19 14:45:24,069 - INFO - Excel columns: ['partner_id', 'scheduled_date', 'picking_type_id', 'date_done', 'origin', 'location_dest_id', 'default_code', 'product_uom_qty', 'price_unit', 'sequence', 'date']
2026-03-19 14:45:24,076 - INFO - Processed sequence column
2026-03-19 14:45:24,077 - INFO - scheduled_date dtype: datetime64[ns]
2026-03-19 14:45:24,077 - INFO - scheduled_date sample: 2025-12-01 00:00:00
2026-03-19 14:45:24,080 - INFO - Converted scheduled_date to string format. Sample: 2025-12-01 00:00:00
2026-03-19 14:45:24,081 - INFO - Fixed picking type name from 'My Company: OB FIFO' and 'คลังวัตถุดิบ 2: OB FIFO' to 'OB FIFO'
2026-03-19 14:45:24,081 - INFO - Using 'default_code' column as 'product_id'
2026-03-19 14:45:24,082 - INFO - Using 'origin' column to identify transfer groups
2026-03-19 14:45:24,087 - INFO - Excel file validation and data filling completed successfully
2026-03-19 14:45:24,224 - INFO - Searching for location: 'Partners/Customers'
2026-03-19 14:45:24,286 - INFO - Found customer location for 'Partners/Customers'
2026-03-19 14:45:24,348 - INFO - Found partner ID 9259 for 'MOG-OB'
2026-03-19 14:45:24,423 - INFO - Created transfer for date 2025-12-01 00:00:00 sequence 0.0 with picking ID 10371
2026-03-19 14:45:24,424 - INFO - Processing Excel row 1: {'partner_id': 'MOG-OB', 'scheduled_date': Timestamp('2025-12-01 00:00:00'), 'picking_type_id': 'DELI-FG10', 'date_done': Timestamp('2025-12-01 00:00:00'), 'origin': 'MO OUT FG10', 'location_dest_id': 'Partners/Customers', 'default_code': 'NXMS0901001', 'product_uom_qty': 2, 'price_unit': nan, 'sequence': 0.0, 'date': nan, 'scheduled_date_orig': Timestamp('2025-12-01 00:00:00'), 'product_id': 'NXMS0901001'}
2026-03-19 14:45:24,424 - INFO - Searching for product with code: 'NXMS0901001' and old code: 'NXMS0901001'
2026-03-19 14:45:24,482 - INFO - Found product with exact match on default_code: 'NXMS0901001'
2026-03-19 14:45:24,547 - INFO - Prepared product NXMS0901001 with quantity 2.0 for batch creation
2026-03-19 14:45:24,547 - INFO - Move locations - Source: 8, Dest: 5
2026-03-19 14:45:24,636 - INFO - Created 1 moves in batch for picking 10371
2026-03-19 14:45:24,711 - INFO - Re-updated dates before confirming picking 10371: 2025-12-01 00:00:00
2026-03-19 14:45:24,829 - INFO - Confirmed transfer 10371 with forced date context
2026-03-19 14:45:24,958 - INFO - Using cached location ID for: 'Partners/Customers'
2026-03-19 14:45:25,024 - INFO - Found partner ID 9259 for 'MOG-OB'
2026-03-19 14:45:25,106 - INFO - Created transfer for date 2025-12-02 00:00:00 sequence 0.0 with picking ID 10372
2026-03-19 14:45:25,107 - INFO - Processing Excel row 1: {'partner_id': 'MOG-OB', 'scheduled_date': Timestamp('2025-12-02 00:00:00'), 'picking_type_id': 'DELI-FG10', 'date_done': Timestamp('2025-12-02 00:00:00'), 'origin': 'MO OUT FG10', 'location_dest_id': 'Partners/Customers', 'default_code': 'MT057EX1210', 'product_uom_qty': 1, 'price_unit': nan, 'sequence': 0.0, 'date': nan, 'scheduled_date_orig': Timestamp('2025-12-02 00:00:00'), 'product_id': 'MT057EX1210'}
2026-03-19 14:45:25,107 - INFO - Searching for product with code: 'MT057EX1210' and old code: 'MT057EX1210'
2026-03-19 14:45:25,175 - INFO - Found product with exact match on default_code: 'MT057EX1210'
2026-03-19 14:45:25,243 - INFO - Prepared product MT057EX1210 with quantity 1.0 for batch creation
2026-03-19 14:45:25,243 - INFO - Move locations - Source: 8, Dest: 5
2026-03-19 14:45:25,244 - INFO - Processing Excel row 2: {'partner_id': 'MOG-OB', 'scheduled_date': Timestamp('2025-12-02 00:00:00'), 'picking_type_id': 'DELI-FG10', 'date_done': Timestamp('2025-12-02 00:00:00'), 'origin': 'MO OUT FG10', 'location_dest_id': 'Partners/Customers', 'default_code': 'MT00811210', 'product_uom_qty': 1, 'price_unit': nan, 'sequence': 0.0, 'date': nan, 'scheduled_date_orig': Timestamp('2025-12-02 00:00:00'), 'product_id': 'MT00811210'}
2026-03-19 14:45:25,244 - INFO - Searching for product with code: 'MT00811210' and old code: 'MT00811210'
2026-03-19 14:45:25,307 - INFO - Found product with exact match on default_code: 'MT00811210'
2026-03-19 14:45:25,371 - INFO - Prepared product MT00811210 with quantity 1.0 for batch creation
2026-03-19 14:45:25,371 - INFO - Move locations - Source: 8, Dest: 5
2026-03-19 14:45:25,474 - INFO - Created 2 moves in batch for picking 10372
2026-03-19 14:45:25,558 - INFO - Re-updated dates before confirming picking 10372: 2025-12-02 00:00:00
2026-03-19 14:45:25,687 - INFO - Confirmed transfer 10372 with forced date context
2026-03-19 14:45:25,809 - INFO - Using cached location ID for: 'Partners/Customers'
2026-03-19 14:45:25,904 - INFO - Found partner ID 9259 for 'MOG-OB'
2026-03-19 14:45:25,985 - INFO - Created transfer for date 2025-12-03 00:00:00 sequence 0.0 with picking ID 10373
2026-03-19 14:45:25,987 - INFO - Processing Excel row 1: {'partner_id': 'MOG-OB', 'scheduled_date': Timestamp('2025-12-03 00:00:00'), 'picking_type_id': 'DELI-FG10', 'date_done': Timestamp('2025-12-03 00:00:00'), 'origin': 'MO OUT FG10', 'location_dest_id': 'Partners/Customers', 'default_code': 'MT411S101', 'product_uom_qty': 14, 'price_unit': nan, 'sequence': 0.0, 'date': nan, 'scheduled_date_orig': Timestamp('2025-12-03 00:00:00'), 'product_id': 'MT411S101'}
2026-03-19 14:45:25,988 - INFO - Searching for product with code: 'MT411S101' and old code: 'MT411S101'
2026-03-19 14:45:26,055 - INFO - Found product with exact match on default_code: 'MT411S101'
2026-03-19 14:45:26,121 - INFO - Prepared product MT411S101 with quantity 14.0 for batch creation
2026-03-19 14:45:26,121 - INFO - Move locations - Source: 8, Dest: 5
2026-03-19 14:45:26,122 - INFO - Processing Excel row 2: {'partner_id': 'MOG-OB', 'scheduled_date': Timestamp('2025-12-03 00:00:00'), 'picking_type_id': 'DELI-FG10', 'date_done': Timestamp('2025-12-03 00:00:00'), 'origin': 'MO OUT FG10', 'location_dest_id': 'Partners/Customers', 'default_code': 'MT44TC101', 'product_uom_qty': 7, 'price_unit': nan, 'sequence': 0.0, 'date': nan, 'scheduled_date_orig': Timestamp('2025-12-03 00:00:00'), 'product_id': 'MT44TC101'}
2026-03-19 14:45:26,122 - INFO - Searching for product with code: 'MT44TC101' and old code: 'MT44TC101'
2026-03-19 14:45:26,190 - INFO - Found product with exact match on default_code: 'MT44TC101'
2026-03-19 14:45:26,257 - INFO - Prepared product MT44TC101 with quantity 7.0 for batch creation
2026-03-19 14:45:26,257 - INFO - Move locations - Source: 8, Dest: 5
2026-03-19 14:45:26,381 - INFO - Created 2 moves in batch for picking 10373
2026-03-19 14:45:26,484 - INFO - Re-updated dates before confirming picking 10373: 2025-12-03 00:00:00
2026-03-19 14:45:26,632 - INFO - Confirmed transfer 10373 with forced date context
2026-03-19 14:45:26,752 - INFO - Using cached location ID for: 'Partners/Customers'
2026-03-19 14:45:26,814 - INFO - Found partner ID 9259 for 'MOG-OB'
2026-03-19 14:45:26,893 - INFO - Created transfer for date 2025-12-08 00:00:00 sequence 0.0 with picking ID 10374
2026-03-19 14:45:26,894 - INFO - Processing Excel row 1: {'partner_id': 'MOG-OB', 'scheduled_date': Timestamp('2025-12-08 00:00:00'), 'picking_type_id': 'DELI-FG10', 'date_done': Timestamp('2025-12-08 00:00:00'), 'origin': 'MO OUT FG10', 'location_dest_id': 'Partners/Customers', 'default_code': 'NX6MT541S101', 'product_uom_qty': 1, 'price_unit': nan, 'sequence': 0.0, 'date': nan, 'scheduled_date_orig': Timestamp('2025-12-08 00:00:00'), 'product_id': 'NX6MT541S101'}
2026-03-19 14:45:26,894 - INFO - Searching for product with code: 'NX6MT541S101' and old code: 'NX6MT541S101'
2026-03-19 14:45:26,958 - INFO - Found product with exact match on default_code: 'NX6MT541S101'
2026-03-19 14:45:27,032 - INFO - Prepared product NX6MT541S101 with quantity 1.0 for batch creation
2026-03-19 14:45:27,033 - INFO - Move locations - Source: 8, Dest: 5
2026-03-19 14:45:27,120 - INFO - Created 1 moves in batch for picking 10374
2026-03-19 14:45:27,199 - INFO - Re-updated dates before confirming picking 10374: 2025-12-08 00:00:00
2026-03-19 14:45:27,312 - INFO - Confirmed transfer 10374 with forced date context
2026-03-19 14:45:27,438 - INFO - Using cached location ID for: 'Partners/Customers'
2026-03-19 14:45:27,503 - INFO - Found partner ID 9259 for 'MOG-OB'
2026-03-19 14:45:27,582 - INFO - Created transfer for date 2025-12-09 00:00:00 sequence 0.0 with picking ID 10375
2026-03-19 14:45:27,584 - INFO - Processing Excel row 1: {'partner_id': 'MOG-OB', 'scheduled_date': Timestamp('2025-12-09 00:00:00'), 'picking_type_id': 'DELI-FG10', 'date_done': Timestamp('2025-12-09 00:00:00'), 'origin': 'MO OUT FG10', 'location_dest_id': 'Partners/Customers', 'default_code': 'SPW041N100', 'product_uom_qty': 1, 'price_unit': nan, 'sequence': 0.0, 'date': nan, 'scheduled_date_orig': Timestamp('2025-12-09 00:00:00'), 'product_id': 'SPW041N100'}
2026-03-19 14:45:27,586 - INFO - Searching for product with code: 'SPW041N100' and old code: 'SPW041N100'
2026-03-19 14:45:27,648 - INFO - Found product with exact match on default_code: 'SPW041N100'
2026-03-19 14:45:27,713 - INFO - Prepared product SPW041N100 with quantity 1.0 for batch creation
2026-03-19 14:45:27,713 - INFO - Move locations - Source: 8, Dest: 5
2026-03-19 14:45:27,714 - INFO - Processing Excel row 2: {'partner_id': 'MOG-OB', 'scheduled_date': Timestamp('2025-12-09 00:00:00'), 'picking_type_id': 'DELI-FG10', 'date_done': Timestamp('2025-12-09 00:00:00'), 'origin': 'MO OUT FG10', 'location_dest_id': 'Partners/Customers', 'default_code': 'SPW041N100', 'product_uom_qty': 2, 'price_unit': nan, 'sequence': 0.0, 'date': nan, 'scheduled_date_orig': Timestamp('2025-12-09 00:00:00'), 'product_id': 'SPW041N100'}
2026-03-19 14:45:27,714 - INFO - Using cached product ID for code: 'SPW041N100'
2026-03-19 14:45:27,715 - INFO - Prepared product SPW041N100 with quantity 2.0 for batch creation
2026-03-19 14:45:27,715 - INFO - Move locations - Source: 8, Dest: 5
2026-03-19 14:45:27,716 - INFO - Processing Excel row 3: {'partner_id': 'MOG-OB', 'scheduled_date': Timestamp('2025-12-09 00:00:00'), 'picking_type_id': 'DELI-FG10', 'date_done': Timestamp('2025-12-09 00:00:00'), 'origin': 'MO OUT FG10', 'location_dest_id': 'Partners/Customers', 'default_code': 'FU0043E8C161', 'product_uom_qty': 5, 'price_unit': nan, 'sequence': 0.0, 'date': nan, 'scheduled_date_orig': Timestamp('2025-12-09 00:00:00'), 'product_id': 'FU0043E8C161'}
2026-03-19 14:45:27,716 - INFO - Searching for product with code: 'FU0043E8C161' and old code: 'FU0043E8C161'
2026-03-19 14:45:27,780 - INFO - Found product with exact match on default_code: 'FU0043E8C161'
2026-03-19 14:45:27,843 - INFO - Prepared product FU0043E8C161 with quantity 5.0 for batch creation
2026-03-19 14:45:27,843 - INFO - Move locations - Source: 8, Dest: 5
2026-03-19 14:45:27,949 - INFO - Created 3 moves in batch for picking 10375
2026-03-19 14:45:28,029 - INFO - Re-updated dates before confirming picking 10375: 2025-12-09 00:00:00
2026-03-19 14:45:28,158 - INFO - Confirmed transfer 10375 with forced date context
2026-03-19 14:45:28,282 - INFO - Using cached location ID for: 'Partners/Customers'
2026-03-19 14:45:28,346 - INFO - Found partner ID 9259 for 'MOG-OB'
2026-03-19 14:45:28,434 - INFO - Created transfer for date 2025-12-10 00:00:00 sequence 0.0 with picking ID 10376
2026-03-19 14:45:28,435 - INFO - Processing Excel row 1: {'partner_id': 'MOG-OB', 'scheduled_date': Timestamp('2025-12-10 00:00:00'), 'picking_type_id': 'DELI-FG10', 'date_done': Timestamp('2025-12-10 00:00:00'), 'origin': 'MO OUT FG10', 'location_dest_id': 'Partners/Customers', 'default_code': 'FU00033DFC22024', 'product_uom_qty': 2, 'price_unit': nan, 'sequence': 0.0, 'date': nan, 'scheduled_date_orig': Timestamp('2025-12-10 00:00:00'), 'product_id': 'FU00033DFC22024'}
2026-03-19 14:45:28,435 - INFO - Searching for product with code: 'FU00033DFC22024' and old code: 'FU00033DFC22024'
2026-03-19 14:45:28,501 - INFO - Found product with exact match on default_code: 'FU00033DFC22024'
2026-03-19 14:45:28,579 - INFO - Prepared product FU00033DFC22024 with quantity 2.0 for batch creation
2026-03-19 14:45:28,580 - INFO - Move locations - Source: 8, Dest: 5
2026-03-19 14:45:28,678 - INFO - Created 1 moves in batch for picking 10376
2026-03-19 14:45:28,754 - INFO - Re-updated dates before confirming picking 10376: 2025-12-10 00:00:00
2026-03-19 14:45:28,871 - INFO - Confirmed transfer 10376 with forced date context
2026-03-19 14:45:28,999 - INFO - Using cached location ID for: 'Partners/Customers'
2026-03-19 14:45:29,082 - INFO - Found partner ID 9259 for 'MOG-OB'
2026-03-19 14:45:29,159 - INFO - Created transfer for date 2025-12-11 00:00:00 sequence 0.0 with picking ID 10377
2026-03-19 14:45:29,161 - INFO - Processing Excel row 1: {'partner_id': 'MOG-OB', 'scheduled_date': Timestamp('2025-12-11 00:00:00'), 'picking_type_id': 'DELI-FG10', 'date_done': Timestamp('2025-12-11 00:00:00'), 'origin': 'MO OUT FG10', 'location_dest_id': 'Partners/Customers', 'default_code': 'AC0051101', 'product_uom_qty': 2, 'price_unit': nan, 'sequence': 0.0, 'date': nan, 'scheduled_date_orig': Timestamp('2025-12-11 00:00:00'), 'product_id': 'AC0051101'}
2026-03-19 14:45:29,161 - INFO - Searching for product with code: 'AC0051101' and old code: 'AC0051101'
2026-03-19 14:45:29,225 - INFO - Found product with exact match on default_code: 'AC0051101'
2026-03-19 14:45:29,293 - INFO - Prepared product AC0051101 with quantity 2.0 for batch creation
2026-03-19 14:45:29,293 - INFO - Move locations - Source: 8, Dest: 5
2026-03-19 14:45:29,405 - INFO - Created 1 moves in batch for picking 10377
2026-03-19 14:45:29,510 - INFO - Re-updated dates before confirming picking 10377: 2025-12-11 00:00:00
2026-03-19 14:45:29,634 - INFO - Confirmed transfer 10377 with forced date context
2026-03-19 14:45:29,758 - INFO - Using cached location ID for: 'Partners/Customers'
2026-03-19 14:45:29,825 - INFO - Found partner ID 9259 for 'MOG-OB'
2026-03-19 14:45:29,899 - INFO - Created transfer for date 2025-12-12 00:00:00 sequence 0.0 with picking ID 10378
2026-03-19 14:45:29,900 - INFO - Processing Excel row 1: {'partner_id': 'MOG-OB', 'scheduled_date': Timestamp('2025-12-12 00:00:00'), 'picking_type_id': 'DELI-FG10', 'date_done': Timestamp('2025-12-12 00:00:00'), 'origin': 'MO OUT FG10', 'location_dest_id': 'Partners/Customers', 'default_code': 'SWH006100', 'product_uom_qty': 10, 'price_unit': nan, 'sequence': 0.0, 'date': nan, 'scheduled_date_orig': Timestamp('2025-12-12 00:00:00'), 'product_id': 'SWH006100'}
2026-03-19 14:45:29,901 - INFO - Searching for product with code: 'SWH006100' and old code: 'SWH006100'
2026-03-19 14:45:29,969 - INFO - Found product with exact match on default_code: 'SWH006100'
2026-03-19 14:45:30,033 - INFO - Prepared product SWH006100 with quantity 10.0 for batch creation
2026-03-19 14:45:30,034 - INFO - Move locations - Source: 8, Dest: 5
2026-03-19 14:45:30,150 - INFO - Created 1 moves in batch for picking 10378
2026-03-19 14:45:30,256 - INFO - Re-updated dates before confirming picking 10378: 2025-12-12 00:00:00
2026-03-19 14:45:30,373 - INFO - Confirmed transfer 10378 with forced date context
2026-03-19 14:45:30,497 - INFO - Using cached location ID for: 'Partners/Customers'
2026-03-19 14:45:30,566 - INFO - Found partner ID 9259 for 'MOG-OB'
2026-03-19 14:45:30,642 - INFO - Created transfer for date 2025-12-15 00:00:00 sequence 0.0 with picking ID 10379
2026-03-19 14:45:30,643 - INFO - Processing Excel row 1: {'partner_id': 'MOG-OB', 'scheduled_date': Timestamp('2025-12-15 00:00:00'), 'picking_type_id': 'DELI-FG10', 'date_done': Timestamp('2025-12-15 00:00:00'), 'origin': 'MO OUT FG10', 'location_dest_id': 'Partners/Customers', 'default_code': 'NX5AC0052101', 'product_uom_qty': 3, 'price_unit': nan, 'sequence': 0.0, 'date': nan, 'scheduled_date_orig': Timestamp('2025-12-15 00:00:00'), 'product_id': 'NX5AC0052101'}
2026-03-19 14:45:30,644 - INFO - Searching for product with code: 'NX5AC0052101' and old code: 'NX5AC0052101'
2026-03-19 14:45:30,707 - INFO - Found product with exact match on default_code: 'NX5AC0052101'
2026-03-19 14:45:30,772 - INFO - Prepared product NX5AC0052101 with quantity 3.0 for batch creation
2026-03-19 14:45:30,772 - INFO - Move locations - Source: 8, Dest: 5
2026-03-19 14:45:30,857 - INFO - Created 1 moves in batch for picking 10379
2026-03-19 14:45:30,936 - INFO - Re-updated dates before confirming picking 10379: 2025-12-15 00:00:00
2026-03-19 14:45:31,051 - INFO - Confirmed transfer 10379 with forced date context
2026-03-19 14:45:31,177 - INFO - Using cached location ID for: 'Partners/Customers'
2026-03-19 14:45:31,239 - INFO - Found partner ID 9259 for 'MOG-OB'
2026-03-19 14:45:31,317 - INFO - Created transfer for date 2025-12-17 00:00:00 sequence 0.0 with picking ID 10380
2026-03-19 14:45:31,318 - INFO - Processing Excel row 1: {'partner_id': 'MOG-OB', 'scheduled_date': Timestamp('2025-12-17 00:00:00'), 'picking_type_id': 'DELI-FG10', 'date_done': Timestamp('2025-12-17 00:00:00'), 'origin': 'MO OUT FG10', 'location_dest_id': 'Partners/Customers', 'default_code': 'AC0051101', 'product_uom_qty': 20, 'price_unit': nan, 'sequence': 0.0, 'date': nan, 'scheduled_date_orig': Timestamp('2025-12-17 00:00:00'), 'product_id': 'AC0051101'}
2026-03-19 14:45:31,318 - INFO - Using cached product ID for code: 'AC0051101'
2026-03-19 14:45:31,319 - INFO - Prepared product AC0051101 with quantity 20.0 for batch creation
2026-03-19 14:45:31,319 - INFO - Move locations - Source: 8, Dest: 5
2026-03-19 14:45:31,320 - INFO - Processing Excel row 2: {'partner_id': 'MOG-OB', 'scheduled_date': Timestamp('2025-12-17 00:00:00'), 'picking_type_id': 'DELI-FG10', 'date_done': Timestamp('2025-12-17 00:00:00'), 'origin': 'MO OUT FG10', 'location_dest_id': 'Partners/Customers', 'default_code': 'MT00068110', 'product_uom_qty': 2, 'price_unit': nan, 'sequence': 0.0, 'date': nan, 'scheduled_date_orig': Timestamp('2025-12-17 00:00:00'), 'product_id': 'MT00068110'}
2026-03-19 14:45:31,320 - INFO - Searching for product with code: 'MT00068110' and old code: 'MT00068110'
2026-03-19 14:45:31,380 - INFO - Found product with exact match on default_code: 'MT00068110'
2026-03-19 14:45:31,444 - INFO - Prepared product MT00068110 with quantity 2.0 for batch creation
2026-03-19 14:45:31,444 - INFO - Move locations - Source: 8, Dest: 5
2026-03-19 14:45:31,566 - INFO - Created 2 moves in batch for picking 10380
2026-03-19 14:45:31,669 - INFO - Re-updated dates before confirming picking 10380: 2025-12-17 00:00:00
2026-03-19 14:45:31,811 - INFO - Confirmed transfer 10380 with forced date context
2026-03-19 14:45:31,932 - INFO - Using cached location ID for: 'Partners/Customers'
2026-03-19 14:45:31,995 - INFO - Found partner ID 9259 for 'MOG-OB'
2026-03-19 14:45:32,087 - INFO - Created transfer for date 2025-12-18 00:00:00 sequence 0.0 with picking ID 10381
2026-03-19 14:45:32,087 - INFO - Processing Excel row 1: {'partner_id': 'MOG-OB', 'scheduled_date': Timestamp('2025-12-18 00:00:00'), 'picking_type_id': 'DELI-FG10', 'date_done': Timestamp('2025-12-18 00:00:00'), 'origin': 'MO OUT FG10', 'location_dest_id': 'Partners/Customers', 'default_code': 'MO031N101', 'product_uom_qty': 1, 'price_unit': nan, 'sequence': 0.0, 'date': nan, 'scheduled_date_orig': Timestamp('2025-12-18 00:00:00'), 'product_id': 'MO031N101'}
2026-03-19 14:45:32,088 - INFO - Searching for product with code: 'MO031N101' and old code: 'MO031N101'
2026-03-19 14:45:32,152 - INFO - Found product with exact match on default_code: 'MO031N101'
2026-03-19 14:45:32,218 - INFO - Prepared product MO031N101 with quantity 1.0 for batch creation
2026-03-19 14:45:32,219 - INFO - Move locations - Source: 8, Dest: 5
2026-03-19 14:45:32,220 - INFO - Processing Excel row 2: {'partner_id': 'MOG-OB', 'scheduled_date': Timestamp('2025-12-18 00:00:00'), 'picking_type_id': 'DELI-FG10', 'date_done': Timestamp('2025-12-18 00:00:00'), 'origin': 'MO OUT FG10', 'location_dest_id': 'Partners/Customers', 'default_code': 'MO00421210', 'product_uom_qty': 1, 'price_unit': nan, 'sequence': 0.0, 'date': nan, 'scheduled_date_orig': Timestamp('2025-12-18 00:00:00'), 'product_id': 'MO00421210'}
2026-03-19 14:45:32,221 - INFO - Searching for product with code: 'MO00421210' and old code: 'MO00421210'
2026-03-19 14:45:32,282 - INFO - Found product with exact match on default_code: 'MO00421210'
2026-03-19 14:45:32,345 - INFO - Prepared product MO00421210 with quantity 1.0 for batch creation
2026-03-19 14:45:32,345 - INFO - Move locations - Source: 8, Dest: 5
2026-03-19 14:45:32,471 - INFO - Created 2 moves in batch for picking 10381
2026-03-19 14:45:32,580 - INFO - Re-updated dates before confirming picking 10381: 2025-12-18 00:00:00
2026-03-19 14:45:32,713 - INFO - Confirmed transfer 10381 with forced date context
2026-03-19 14:45:32,832 - INFO - Using cached location ID for: 'Partners/Customers'
2026-03-19 14:45:32,897 - INFO - Found partner ID 9259 for 'MOG-OB'
2026-03-19 14:45:32,976 - INFO - Created transfer for date 2025-12-19 00:00:00 sequence 0.0 with picking ID 10382
2026-03-19 14:45:32,976 - INFO - Processing Excel row 1: {'partner_id': 'MOG-OB', 'scheduled_date': Timestamp('2025-12-19 00:00:00'), 'picking_type_id': 'DELI-FG10', 'date_done': Timestamp('2025-12-19 00:00:00'), 'origin': 'MO OUT FG10', 'location_dest_id': 'Partners/Customers', 'default_code': 'ACS4825120', 'product_uom_qty': 3, 'price_unit': nan, 'sequence': 0.0, 'date': nan, 'scheduled_date_orig': Timestamp('2025-12-19 00:00:00'), 'product_id': 'ACS4825120'}
2026-03-19 14:45:32,977 - INFO - Searching for product with code: 'ACS4825120' and old code: 'ACS4825120'
2026-03-19 14:45:33,044 - INFO - Found product with exact match on default_code: 'ACS4825120'
2026-03-19 14:45:33,106 - INFO - Prepared product ACS4825120 with quantity 3.0 for batch creation
2026-03-19 14:45:33,107 - INFO - Move locations - Source: 8, Dest: 5
2026-03-19 14:45:33,199 - INFO - Created 1 moves in batch for picking 10382
2026-03-19 14:45:33,276 - INFO - Re-updated dates before confirming picking 10382: 2025-12-19 00:00:00
2026-03-19 14:45:33,390 - INFO - Confirmed transfer 10382 with forced date context
2026-03-19 14:45:33,391 - INFO - Import completed: 12 success, 0 failed.
