2026-03-29 11:39:31,386 - INFO - Successfully connected to Odoo as user ID: 2
2026-03-29 11:39:31,886 - INFO - Odoo version: 17.0.1.3
2026-03-29 11:39:32,515 - INFO - Available date fields in stock.picking: ['activity_date_deadline', 'my_activity_date_deadline', 'scheduled_date', 'date_deadline', 'date', 'date_done', 'delay_alert_date', 'create_date', 'write_date', 'date_notice', 'date_confirmed', 'date_start', 'operation_date']
2026-03-29 11:39:32,701 - INFO - Successfully read Excel file with 33 rows
2026-03-29 11:39:32,701 - INFO - Excel columns: ['name', 'partner_id', 'scheduled_date', 'picking_type_id', 'date_done', 'origin', 'location_dest_id', 'default_code', 'product_uom_qty', 'price_unit']
2026-03-29 11:39:32,702 - INFO - Forward filled 'name' column
2026-03-29 11:39:32,702 - INFO - scheduled_date dtype: datetime64[ns]
2026-03-29 11:39:32,702 - INFO - scheduled_date sample: 2025-12-02 00:00:00
2026-03-29 11:39:32,703 - INFO - Converted scheduled_date to string format. Sample: 2025-12-02 00:00:00
2026-03-29 11:39:32,703 - INFO - Fixed picking type name from 'My Company: OB FIFO' and 'คลังวัตถุดิบ 2: OB FIFO' to 'OB FIFO'
2026-03-29 11:39:32,703 - INFO - Using 'default_code' column as 'product_id'
2026-03-29 11:39:32,703 - INFO - Using 'origin' column to identify transfer groups
2026-03-29 11:39:32,704 - INFO - Excel file validation and data filling completed successfully
2026-03-29 11:39:33,976 - INFO - Searching for location: 'PJ01/Stock'
2026-03-29 11:39:34,855 - INFO - Found location with complete_name match: 'PJ01/Stock' for 'PJ01/Stock'
2026-03-29 11:39:34,960 - INFO - Found partner ID 7615 for 'MOG-OB'
2026-03-29 11:39:35,093 - INFO - Created transfer for date 2025-12-02 00:00:00 sequence  with picking ID 4259
2026-03-29 11:39:35,095 - INFO - Processing Excel row 1: {'name': 'BOJ0003011', 'partner_id': 'MOG-OB', 'scheduled_date': Timestamp('2025-12-02 00:00:00'), 'picking_type_id': 'PJ01-OB', 'date_done': Timestamp('2025-12-02 00:00:00'), 'origin': 'คลังหน้าไซต์เดือน12', 'location_dest_id': 'PJ01/Stock', 'default_code': '3FG-AF0001-0170-M', 'product_uom_qty': 1, 'price_unit': 8640.1574, 'scheduled_date_orig': Timestamp('2025-12-02 00:00:00'), 'product_id': '3FG-AF0001-0170-M'}
2026-03-29 11:39:35,095 - INFO - Searching for product with code: '3FG-AF0001-0170-M' and old code: '3FG-AF0001-0170-M'
2026-03-29 11:39:35,180 - INFO - Found product with exact match on default_code: '3FG-AF0001-0170-M'
2026-03-29 11:39:35,258 - ERROR - Error processing row 1: 'sequence'
2026-03-29 11:39:35,259 - INFO - Processing Excel row 2: {'name': 'BOJ0003011', 'partner_id': 'MOG-OB', 'scheduled_date': Timestamp('2025-12-02 00:00:00'), 'picking_type_id': 'PJ01-OB', 'date_done': Timestamp('2025-12-02 00:00:00'), 'origin': 'คลังหน้าไซต์เดือน12', 'location_dest_id': 'PJ01/Stock', 'default_code': '3FG-AF0001-0171-M', 'product_uom_qty': 1, 'price_unit': 8640.1574, 'scheduled_date_orig': Timestamp('2025-12-02 00:00:00'), 'product_id': '3FG-AF0001-0171-M'}
2026-03-29 11:39:35,259 - INFO - Searching for product with code: '3FG-AF0001-0171-M' and old code: '3FG-AF0001-0171-M'
2026-03-29 11:39:35,341 - INFO - Found product with exact match on default_code: '3FG-AF0001-0171-M'
2026-03-29 11:39:35,462 - ERROR - Error processing row 2: 'sequence'
2026-03-29 11:39:35,463 - INFO - Processing Excel row 3: {'name': 'BOJ0003011', 'partner_id': 'MOG-OB', 'scheduled_date': Timestamp('2025-12-02 00:00:00'), 'picking_type_id': 'PJ01-OB', 'date_done': Timestamp('2025-12-02 00:00:00'), 'origin': 'คลังหน้าไซต์เดือน12', 'location_dest_id': 'PJ01/Stock', 'default_code': '3FG-AF0001-0172-M', 'product_uom_qty': 1, 'price_unit': 17280.3149, 'scheduled_date_orig': Timestamp('2025-12-02 00:00:00'), 'product_id': '3FG-AF0001-0172-M'}
2026-03-29 11:39:35,464 - INFO - Searching for product with code: '3FG-AF0001-0172-M' and old code: '3FG-AF0001-0172-M'
2026-03-29 11:39:35,547 - INFO - Found product with exact match on default_code: '3FG-AF0001-0172-M'
2026-03-29 11:39:35,627 - ERROR - Error processing row 3: 'sequence'
2026-03-29 11:39:35,707 - INFO - Re-updated dates before confirming picking 4259: 2025-12-02 00:00:00
2026-03-29 11:39:35,791 - INFO - Confirmed transfer 4259 with forced date context
2026-03-29 11:39:36,391 - INFO - Using cached location ID for: 'PJ01/Stock'
2026-03-29 11:39:36,477 - INFO - Found partner ID 7615 for 'MOG-OB'
2026-03-29 11:39:36,607 - INFO - Created transfer for date 2025-12-02 00:00:00 sequence  with picking ID 4260
2026-03-29 11:39:36,609 - INFO - Processing Excel row 1: {'name': 'BOJ0003012', 'partner_id': 'MOG-OB', 'scheduled_date': Timestamp('2025-12-02 00:00:00'), 'picking_type_id': 'PJ01-OB', 'date_done': Timestamp('2025-12-02 00:00:00'), 'origin': 'คลังหน้าไซต์เดือน12', 'location_dest_id': 'PJ01/Stock', 'default_code': '3FG-AF0001-0170-M', 'product_uom_qty': 1, 'price_unit': 7378.7473, 'scheduled_date_orig': Timestamp('2025-12-02 00:00:00'), 'product_id': '3FG-AF0001-0170-M'}
2026-03-29 11:39:36,609 - INFO - Using cached product ID for code: '3FG-AF0001-0170-M'
2026-03-29 11:39:36,609 - ERROR - Error processing row 1: 'sequence'
2026-03-29 11:39:36,610 - INFO - Processing Excel row 2: {'name': 'BOJ0003012', 'partner_id': 'MOG-OB', 'scheduled_date': Timestamp('2025-12-02 00:00:00'), 'picking_type_id': 'PJ01-OB', 'date_done': Timestamp('2025-12-02 00:00:00'), 'origin': 'คลังหน้าไซต์เดือน12', 'location_dest_id': 'PJ01/Stock', 'default_code': '3FG-AF0001-0171-M', 'product_uom_qty': 1, 'price_unit': 7378.7473, 'scheduled_date_orig': Timestamp('2025-12-02 00:00:00'), 'product_id': '3FG-AF0001-0171-M'}
2026-03-29 11:39:36,610 - INFO - Using cached product ID for code: '3FG-AF0001-0171-M'
2026-03-29 11:39:36,610 - ERROR - Error processing row 2: 'sequence'
2026-03-29 11:39:36,610 - INFO - Processing Excel row 3: {'name': 'BOJ0003012', 'partner_id': 'MOG-OB', 'scheduled_date': Timestamp('2025-12-02 00:00:00'), 'picking_type_id': 'PJ01-OB', 'date_done': Timestamp('2025-12-02 00:00:00'), 'origin': 'คลังหน้าไซต์เดือน12', 'location_dest_id': 'PJ01/Stock', 'default_code': '3FG-AF0001-0172-M', 'product_uom_qty': 1, 'price_unit': 14757.4947, 'scheduled_date_orig': Timestamp('2025-12-02 00:00:00'), 'product_id': '3FG-AF0001-0172-M'}
2026-03-29 11:39:36,610 - INFO - Using cached product ID for code: '3FG-AF0001-0172-M'
2026-03-29 11:39:36,611 - ERROR - Error processing row 3: 'sequence'
2026-03-29 11:39:36,757 - INFO - Re-updated dates before confirming picking 4260: 2025-12-02 00:00:00
2026-03-29 11:39:36,845 - INFO - Confirmed transfer 4260 with forced date context
2026-03-29 11:39:37,005 - INFO - Using cached location ID for: 'PJ01/Stock'
2026-03-29 11:39:37,096 - INFO - Found partner ID 7615 for 'MOG-OB'
2026-03-29 11:39:37,217 - INFO - Created transfer for date 2025-12-09 00:00:00 sequence  with picking ID 4261
2026-03-29 11:39:37,219 - INFO - Processing Excel row 1: {'name': 'BOJ0003036', 'partner_id': 'MOG-OB', 'scheduled_date': Timestamp('2025-12-09 00:00:00'), 'picking_type_id': 'PJ01-OB', 'date_done': Timestamp('2025-12-09 00:00:00'), 'origin': 'คลังหน้าไซต์เดือน12', 'location_dest_id': 'PJ01/Stock', 'default_code': '3FG-PSS109-PM340-01', 'product_uom_qty': 1, 'price_unit': 42177.6864, 'scheduled_date_orig': Timestamp('2025-12-09 00:00:00'), 'product_id': '3FG-PSS109-PM340-01'}
2026-03-29 11:39:37,219 - INFO - Searching for product with code: '3FG-PSS109-PM340-01' and old code: '3FG-PSS109-PM340-01'
2026-03-29 11:39:37,312 - INFO - Found product with exact match on default_code: '3FG-PSS109-PM340-01'
2026-03-29 11:39:37,392 - ERROR - Error processing row 1: 'sequence'
2026-03-29 11:39:37,472 - INFO - Re-updated dates before confirming picking 4261: 2025-12-09 00:00:00
2026-03-29 11:39:37,547 - INFO - Confirmed transfer 4261 with forced date context
2026-03-29 11:39:37,711 - INFO - Using cached location ID for: 'PJ01/Stock'
2026-03-29 11:39:37,788 - INFO - Found partner ID 7615 for 'MOG-OB'
2026-03-29 11:39:37,892 - INFO - Created transfer for date 2025-12-12 00:00:00 sequence  with picking ID 4262
2026-03-29 11:39:37,894 - INFO - Processing Excel row 1: {'name': 'BOJ0003052', 'partner_id': 'MOG-OB', 'scheduled_date': Timestamp('2025-12-12 00:00:00'), 'picking_type_id': 'PJ01-OB', 'date_done': Timestamp('2025-12-12 00:00:00'), 'origin': 'คลังหน้าไซต์เดือน12', 'location_dest_id': 'PJ01/Stock', 'default_code': '3FG-496FE-195x1280x8มม.', 'product_uom_qty': 10, 'price_unit': 354.35006, 'scheduled_date_orig': Timestamp('2025-12-12 00:00:00'), 'product_id': '3FG-496FE-195x1280x8มม.'}
2026-03-29 11:39:37,894 - INFO - Searching for product with code: '3FG-496FE-195x1280x8มม.' and old code: '3FG-496FE-195x1280x8มม.'
2026-03-29 11:39:37,970 - INFO - Found product with exact match on default_code: '3FG-496FE-195x1280x8มม.'
2026-03-29 11:39:38,075 - ERROR - Error processing row 1: 'sequence'
2026-03-29 11:39:38,076 - INFO - Processing Excel row 2: {'name': 'BOJ0003052', 'partner_id': 'MOG-OB', 'scheduled_date': Timestamp('2025-12-12 00:00:00'), 'picking_type_id': 'PJ01-OB', 'date_done': Timestamp('2025-12-12 00:00:00'), 'origin': 'คลังหน้าไซต์เดือน12', 'location_dest_id': 'PJ01/Stock', 'default_code': '3FG-496FE-195x1350x8มม.', 'product_uom_qty': 10, 'price_unit': 354.35006, 'scheduled_date_orig': Timestamp('2025-12-12 00:00:00'), 'product_id': '3FG-496FE-195x1350x8มม.'}
2026-03-29 11:39:38,076 - INFO - Searching for product with code: '3FG-496FE-195x1350x8มม.' and old code: '3FG-496FE-195x1350x8มม.'
2026-03-29 11:39:38,154 - INFO - Found product with exact match on default_code: '3FG-496FE-195x1350x8มม.'
2026-03-29 11:39:38,246 - ERROR - Error processing row 2: 'sequence'
2026-03-29 11:39:38,247 - INFO - Processing Excel row 3: {'name': 'BOJ0003052', 'partner_id': 'MOG-OB', 'scheduled_date': Timestamp('2025-12-12 00:00:00'), 'picking_type_id': 'PJ01-OB', 'date_done': Timestamp('2025-12-12 00:00:00'), 'origin': 'คลังหน้าไซต์เดือน12', 'location_dest_id': 'PJ01/Stock', 'default_code': '3FG-496FE-195x1400x8มม.', 'product_uom_qty': 4, 'price_unit': 1281.39115, 'scheduled_date_orig': Timestamp('2025-12-12 00:00:00'), 'product_id': '3FG-496FE-195x1400x8มม.'}
2026-03-29 11:39:38,248 - INFO - Searching for product with code: '3FG-496FE-195x1400x8มม.' and old code: '3FG-496FE-195x1400x8มม.'
2026-03-29 11:39:38,336 - INFO - Found product with exact match on default_code: '3FG-496FE-195x1400x8มม.'
2026-03-29 11:39:38,422 - ERROR - Error processing row 3: 'sequence'
2026-03-29 11:39:38,423 - INFO - Processing Excel row 4: {'name': 'BOJ0003052', 'partner_id': 'MOG-OB', 'scheduled_date': Timestamp('2025-12-12 00:00:00'), 'picking_type_id': 'PJ01-OB', 'date_done': Timestamp('2025-12-12 00:00:00'), 'origin': 'คลังหน้าไซต์เดือน12', 'location_dest_id': 'PJ01/Stock', 'default_code': '3FG-496FE-195x1450x8มม.', 'product_uom_qty': 2, 'price_unit': 733.0684, 'scheduled_date_orig': Timestamp('2025-12-12 00:00:00'), 'product_id': '3FG-496FE-195x1450x8มม.'}
2026-03-29 11:39:38,424 - INFO - Searching for product with code: '3FG-496FE-195x1450x8มม.' and old code: '3FG-496FE-195x1450x8มม.'
2026-03-29 11:39:38,519 - INFO - Found product with exact match on default_code: '3FG-496FE-195x1450x8มม.'
2026-03-29 11:39:38,616 - ERROR - Error processing row 4: 'sequence'
2026-03-29 11:39:38,617 - INFO - Processing Excel row 5: {'name': 'BOJ0003052', 'partner_id': 'MOG-OB', 'scheduled_date': Timestamp('2025-12-12 00:00:00'), 'picking_type_id': 'PJ01-OB', 'date_done': Timestamp('2025-12-12 00:00:00'), 'origin': 'คลังหน้าไซต์เดือน12', 'location_dest_id': 'PJ01/Stock', 'default_code': '3FG-496FE-195x1500x8มม.', 'product_uom_qty': 6, 'price_unit': 1281.39115, 'scheduled_date_orig': Timestamp('2025-12-12 00:00:00'), 'product_id': '3FG-496FE-195x1500x8มม.'}
2026-03-29 11:39:38,617 - INFO - Searching for product with code: '3FG-496FE-195x1500x8มม.' and old code: '3FG-496FE-195x1500x8มม.'
2026-03-29 11:39:38,717 - INFO - Found product with exact match on default_code: '3FG-496FE-195x1500x8มม.'
2026-03-29 11:39:38,787 - ERROR - Error processing row 5: 'sequence'
2026-03-29 11:39:38,788 - INFO - Processing Excel row 6: {'name': 'BOJ0003052', 'partner_id': 'MOG-OB', 'scheduled_date': Timestamp('2025-12-12 00:00:00'), 'picking_type_id': 'PJ01-OB', 'date_done': Timestamp('2025-12-12 00:00:00'), 'origin': 'คลังหน้าไซต์เดือน12', 'location_dest_id': 'PJ01/Stock', 'default_code': '3FG-496FE-300x1300x25มม.', 'product_uom_qty': 10, 'price_unit': 1270.64282, 'scheduled_date_orig': Timestamp('2025-12-12 00:00:00'), 'product_id': '3FG-496FE-300x1300x25มม.'}
2026-03-29 11:39:38,789 - INFO - Searching for product with code: '3FG-496FE-300x1300x25มม.' and old code: '3FG-496FE-300x1300x25มม.'
2026-03-29 11:39:38,857 - INFO - Found product with exact match on default_code: '3FG-496FE-300x1300x25มม.'
2026-03-29 11:39:38,930 - ERROR - Error processing row 6: 'sequence'
2026-03-29 11:39:38,931 - INFO - Processing Excel row 7: {'name': 'BOJ0003052', 'partner_id': 'MOG-OB', 'scheduled_date': Timestamp('2025-12-12 00:00:00'), 'picking_type_id': 'PJ01-OB', 'date_done': Timestamp('2025-12-12 00:00:00'), 'origin': 'คลังหน้าไซต์เดือน12', 'location_dest_id': 'PJ01/Stock', 'default_code': '3FG-496FE-300x1400x25มม.', 'product_uom_qty': 2, 'price_unit': 1802.97885, 'scheduled_date_orig': Timestamp('2025-12-12 00:00:00'), 'product_id': '3FG-496FE-300x1400x25มม.'}
2026-03-29 11:39:38,931 - INFO - Searching for product with code: '3FG-496FE-300x1400x25มม.' and old code: '3FG-496FE-300x1400x25มม.'
2026-03-29 11:39:39,027 - INFO - Found product with exact match on default_code: '3FG-496FE-300x1400x25มม.'
2026-03-29 11:39:39,106 - ERROR - Error processing row 7: 'sequence'
2026-03-29 11:39:39,107 - INFO - Processing Excel row 8: {'name': 'BOJ0003052', 'partner_id': 'MOG-OB', 'scheduled_date': Timestamp('2025-12-12 00:00:00'), 'picking_type_id': 'PJ01-OB', 'date_done': Timestamp('2025-12-12 00:00:00'), 'origin': 'คลังหน้าไซต์เดือน12', 'location_dest_id': 'PJ01/Stock', 'default_code': '3FG-496FE-300x1450x25มม.', 'product_uom_qty': 2, 'price_unit': 1524.4501, 'scheduled_date_orig': Timestamp('2025-12-12 00:00:00'), 'product_id': '3FG-496FE-300x1450x25มม.'}
2026-03-29 11:39:39,107 - INFO - Searching for product with code: '3FG-496FE-300x1450x25มม.' and old code: '3FG-496FE-300x1450x25มม.'
2026-03-29 11:39:39,202 - INFO - Found product with exact match on default_code: '3FG-496FE-300x1450x25มม.'
2026-03-29 11:39:39,281 - ERROR - Error processing row 8: 'sequence'
2026-03-29 11:39:39,282 - INFO - Processing Excel row 9: {'name': 'BOJ0003052', 'partner_id': 'MOG-OB', 'scheduled_date': Timestamp('2025-12-12 00:00:00'), 'picking_type_id': 'PJ01-OB', 'date_done': Timestamp('2025-12-12 00:00:00'), 'origin': 'คลังหน้าไซต์เดือน12', 'location_dest_id': 'PJ01/Stock', 'default_code': '3FG-496FE-450x1350x25มม.', 'product_uom_qty': 10, 'price_unit': 2301.70804, 'scheduled_date_orig': Timestamp('2025-12-12 00:00:00'), 'product_id': '3FG-496FE-450x1350x25มม.'}
2026-03-29 11:39:39,282 - INFO - Searching for product with code: '3FG-496FE-450x1350x25มม.' and old code: '3FG-496FE-450x1350x25มม.'
2026-03-29 11:39:39,360 - INFO - Found product with exact match on default_code: '3FG-496FE-450x1350x25มม.'
2026-03-29 11:39:39,441 - ERROR - Error processing row 9: 'sequence'
2026-03-29 11:39:39,442 - INFO - Processing Excel row 10: {'name': 'BOJ0003052', 'partner_id': 'MOG-OB', 'scheduled_date': Timestamp('2025-12-12 00:00:00'), 'picking_type_id': 'PJ01-OB', 'date_done': Timestamp('2025-12-12 00:00:00'), 'origin': 'คลังหน้าไซต์เดือน12', 'location_dest_id': 'PJ01/Stock', 'default_code': '3FG-496FE-450x1520x25มม.', 'product_uom_qty': 6, 'price_unit': 465.870516666667, 'scheduled_date_orig': Timestamp('2025-12-12 00:00:00'), 'product_id': '3FG-496FE-450x1520x25มม.'}
2026-03-29 11:39:39,442 - INFO - Searching for product with code: '3FG-496FE-450x1520x25มม.' and old code: '3FG-496FE-450x1520x25มม.'
2026-03-29 11:39:39,521 - INFO - Found product with exact match on default_code: '3FG-496FE-450x1520x25มม.'
2026-03-29 11:39:39,595 - ERROR - Error processing row 10: 'sequence'
2026-03-29 11:39:39,595 - INFO - Processing Excel row 11: {'name': 'BOJ0003052', 'partner_id': 'MOG-OB', 'scheduled_date': Timestamp('2025-12-12 00:00:00'), 'picking_type_id': 'PJ01-OB', 'date_done': Timestamp('2025-12-12 00:00:00'), 'origin': 'คลังหน้าไซต์เดือน12', 'location_dest_id': 'PJ01/Stock', 'default_code': '3FG-496FE-100x1520x25มม.', 'product_uom_qty': 2, 'price_unit': 770.32715, 'scheduled_date_orig': Timestamp('2025-12-12 00:00:00'), 'product_id': '3FG-496FE-100x1520x25มม.'}
2026-03-29 11:39:39,596 - INFO - Searching for product with code: '3FG-496FE-100x1520x25มม.' and old code: '3FG-496FE-100x1520x25มม.'
2026-03-29 11:39:39,670 - INFO - Found product with exact match on default_code: '3FG-496FE-100x1520x25มม.'
2026-03-29 11:39:39,744 - ERROR - Error processing row 11: 'sequence'
2026-03-29 11:39:39,827 - INFO - Re-updated dates before confirming picking 4262: 2025-12-12 00:00:00
2026-03-29 11:39:39,917 - INFO - Confirmed transfer 4262 with forced date context
2026-03-29 11:39:40,070 - INFO - Using cached location ID for: 'PJ01/Stock'
2026-03-29 11:39:40,147 - INFO - Found partner ID 7615 for 'MOG-OB'
2026-03-29 11:39:40,243 - INFO - Created transfer for date 2025-12-18 00:00:00 sequence  with picking ID 4263
2026-03-29 11:39:40,245 - INFO - Processing Excel row 1: {'name': 'BOJ0003090', 'partner_id': 'MOG-OB', 'scheduled_date': Timestamp('2025-12-18 00:00:00'), 'picking_type_id': 'PJ01-OB', 'date_done': Timestamp('2025-12-18 00:00:00'), 'origin': 'คลังหน้าไซต์เดือน12', 'location_dest_id': 'PJ01/Stock', 'default_code': '3FG-LH-171-CM', 'product_uom_qty': 1, 'price_unit': 33723.9185, 'scheduled_date_orig': Timestamp('2025-12-18 00:00:00'), 'product_id': '3FG-LH-171-CM'}
2026-03-29 11:39:40,245 - INFO - Searching for product with code: '3FG-LH-171-CM' and old code: '3FG-LH-171-CM'
2026-03-29 11:39:40,312 - INFO - Found product with exact match on default_code: '3FG-LH-171-CM'
2026-03-29 11:39:40,396 - ERROR - Error processing row 1: 'sequence'
2026-03-29 11:39:40,482 - INFO - Re-updated dates before confirming picking 4263: 2025-12-18 00:00:00
2026-03-29 11:39:40,577 - INFO - Confirmed transfer 4263 with forced date context
2026-03-29 11:39:40,742 - INFO - Using cached location ID for: 'PJ01/Stock'
2026-03-29 11:39:40,818 - INFO - Found partner ID 7615 for 'MOG-OB'
2026-03-29 11:39:40,914 - INFO - Created transfer for date 2025-12-18 00:00:00 sequence  with picking ID 4264
2026-03-29 11:39:40,916 - INFO - Processing Excel row 1: {'name': 'BOJ0003091', 'partner_id': 'MOG-OB', 'scheduled_date': Timestamp('2025-12-18 00:00:00'), 'picking_type_id': 'PJ01-OB', 'date_done': Timestamp('2025-12-18 00:00:00'), 'origin': 'คลังหน้าไซต์เดือน12', 'location_dest_id': 'PJ01/Stock', 'default_code': '3FG-LH-171-CM', 'product_uom_qty': 1, 'price_unit': 34023.836, 'scheduled_date_orig': Timestamp('2025-12-18 00:00:00'), 'product_id': '3FG-LH-171-CM'}
2026-03-29 11:39:40,916 - INFO - Using cached product ID for code: '3FG-LH-171-CM'
2026-03-29 11:39:40,916 - ERROR - Error processing row 1: 'sequence'
2026-03-29 11:39:41,006 - INFO - Re-updated dates before confirming picking 4264: 2025-12-18 00:00:00
2026-03-29 11:39:41,100 - INFO - Confirmed transfer 4264 with forced date context
2026-03-29 11:39:41,402 - INFO - Using cached location ID for: 'PJ01/Stock'
2026-03-29 11:39:41,500 - INFO - Found partner ID 7615 for 'MOG-OB'
2026-03-29 11:39:41,612 - INFO - Created transfer for date 2025-12-18 00:00:00 sequence  with picking ID 4265
2026-03-29 11:39:41,614 - INFO - Processing Excel row 1: {'name': 'BOJ0003092', 'partner_id': 'MOG-OB', 'scheduled_date': Timestamp('2025-12-18 00:00:00'), 'picking_type_id': 'PJ01-OB', 'date_done': Timestamp('2025-12-18 00:00:00'), 'origin': 'คลังหน้าไซต์เดือน12', 'location_dest_id': 'PJ01/Stock', 'default_code': '3FG-LH-171-CM', 'product_uom_qty': 1, 'price_unit': 34023.8361, 'scheduled_date_orig': Timestamp('2025-12-18 00:00:00'), 'product_id': '3FG-LH-171-CM'}
2026-03-29 11:39:41,614 - INFO - Using cached product ID for code: '3FG-LH-171-CM'
2026-03-29 11:39:41,614 - ERROR - Error processing row 1: 'sequence'
2026-03-29 11:39:41,695 - INFO - Re-updated dates before confirming picking 4265: 2025-12-18 00:00:00
2026-03-29 11:39:41,795 - INFO - Confirmed transfer 4265 with forced date context
2026-03-29 11:39:41,960 - INFO - Using cached location ID for: 'PJ01/Stock'
2026-03-29 11:39:42,047 - INFO - Found partner ID 7615 for 'MOG-OB'
2026-03-29 11:39:42,147 - INFO - Created transfer for date 2025-12-18 00:00:00 sequence  with picking ID 4266
2026-03-29 11:39:42,149 - INFO - Processing Excel row 1: {'name': 'BOJ0003093', 'partner_id': 'MOG-OB', 'scheduled_date': Timestamp('2025-12-18 00:00:00'), 'picking_type_id': 'PJ01-OB', 'date_done': Timestamp('2025-12-18 00:00:00'), 'origin': 'คลังหน้าไซต์เดือน12', 'location_dest_id': 'PJ01/Stock', 'default_code': '3FG-LH-191-CM', 'product_uom_qty': 1, 'price_unit': 25305.1681, 'scheduled_date_orig': Timestamp('2025-12-18 00:00:00'), 'product_id': '3FG-LH-191-CM'}
2026-03-29 11:39:42,149 - INFO - Searching for product with code: '3FG-LH-191-CM' and old code: '3FG-LH-191-CM'
2026-03-29 11:39:42,222 - INFO - Found product with exact match on default_code: '3FG-LH-191-CM'
2026-03-29 11:39:42,315 - ERROR - Error processing row 1: 'sequence'
2026-03-29 11:39:42,401 - INFO - Re-updated dates before confirming picking 4266: 2025-12-18 00:00:00
2026-03-29 11:39:42,491 - INFO - Confirmed transfer 4266 with forced date context
2026-03-29 11:39:42,647 - INFO - Using cached location ID for: 'PJ01/Stock'
2026-03-29 11:39:42,716 - INFO - Found partner ID 7615 for 'MOG-OB'
2026-03-29 11:39:42,815 - INFO - Created transfer for date 2025-12-18 00:00:00 sequence  with picking ID 4267
2026-03-29 11:39:42,817 - INFO - Processing Excel row 1: {'name': 'BOJ0003094', 'partner_id': 'MOG-OB', 'scheduled_date': Timestamp('2025-12-18 00:00:00'), 'picking_type_id': 'PJ01-OB', 'date_done': Timestamp('2025-12-18 00:00:00'), 'origin': 'คลังหน้าไซต์เดือน12', 'location_dest_id': 'PJ01/Stock', 'default_code': '3FG-LH-191-CM', 'product_uom_qty': 1, 'price_unit': 25535.9575, 'scheduled_date_orig': Timestamp('2025-12-18 00:00:00'), 'product_id': '3FG-LH-191-CM'}
2026-03-29 11:39:42,817 - INFO - Using cached product ID for code: '3FG-LH-191-CM'
2026-03-29 11:39:42,817 - ERROR - Error processing row 1: 'sequence'
2026-03-29 11:39:42,887 - INFO - Re-updated dates before confirming picking 4267: 2025-12-18 00:00:00
2026-03-29 11:39:42,976 - INFO - Confirmed transfer 4267 with forced date context
2026-03-29 11:39:43,140 - INFO - Using cached location ID for: 'PJ01/Stock'
2026-03-29 11:39:43,227 - INFO - Found partner ID 7615 for 'MOG-OB'
2026-03-29 11:39:43,327 - INFO - Created transfer for date 2025-12-18 00:00:00 sequence  with picking ID 4268
2026-03-29 11:39:43,329 - INFO - Processing Excel row 1: {'name': 'BOJ0003104', 'partner_id': 'MOG-OB', 'scheduled_date': Timestamp('2025-12-18 00:00:00'), 'picking_type_id': 'PJ01-OB', 'date_done': Timestamp('2025-12-18 00:00:00'), 'origin': 'คลังหน้าไซต์เดือน12', 'location_dest_id': 'PJ01/Stock', 'default_code': '3FG-289FE-275x1120x25', 'product_uom_qty': 15, 'price_unit': 441.329273333333, 'scheduled_date_orig': Timestamp('2025-12-18 00:00:00'), 'product_id': '3FG-289FE-275x1120x25'}
2026-03-29 11:39:43,329 - INFO - Searching for product with code: '3FG-289FE-275x1120x25' and old code: '3FG-289FE-275x1120x25'
2026-03-29 11:39:43,412 - INFO - Found product with exact match on default_code: '3FG-289FE-275x1120x25'
2026-03-29 11:39:43,492 - ERROR - Error processing row 1: 'sequence'
2026-03-29 11:39:43,493 - INFO - Processing Excel row 2: {'name': 'BOJ0003104', 'partner_id': 'MOG-OB', 'scheduled_date': Timestamp('2025-12-18 00:00:00'), 'picking_type_id': 'PJ01-OB', 'date_done': Timestamp('2025-12-18 00:00:00'), 'origin': 'คลังหน้าไซต์เดือน12', 'location_dest_id': 'PJ01/Stock', 'default_code': '3FG-289FE-195x1650x5', 'product_uom_qty': 1, 'price_unit': 635.9992, 'scheduled_date_orig': Timestamp('2025-12-18 00:00:00'), 'product_id': '3FG-289FE-195x1650x5'}
2026-03-29 11:39:43,494 - INFO - Searching for product with code: '3FG-289FE-195x1650x5' and old code: '3FG-289FE-195x1650x5'
2026-03-29 11:39:43,570 - INFO - Found product with exact match on default_code: '3FG-289FE-195x1650x5'
2026-03-29 11:39:43,660 - ERROR - Error processing row 2: 'sequence'
2026-03-29 11:39:43,661 - INFO - Processing Excel row 3: {'name': 'BOJ0003104', 'partner_id': 'MOG-OB', 'scheduled_date': Timestamp('2025-12-18 00:00:00'), 'picking_type_id': 'PJ01-OB', 'date_done': Timestamp('2025-12-18 00:00:00'), 'origin': 'คลังหน้าไซต์เดือน12', 'location_dest_id': 'PJ01/Stock', 'default_code': '3FG-289FE-275x1250x25', 'product_uom_qty': 1, 'price_unit': 540.7376, 'scheduled_date_orig': Timestamp('2025-12-18 00:00:00'), 'product_id': '3FG-289FE-275x1250x25'}
2026-03-29 11:39:43,661 - INFO - Searching for product with code: '3FG-289FE-275x1250x25' and old code: '3FG-289FE-275x1250x25'
2026-03-29 11:39:43,752 - INFO - Found product with exact match on default_code: '3FG-289FE-275x1250x25'
2026-03-29 11:39:43,831 - ERROR - Error processing row 3: 'sequence'
2026-03-29 11:39:43,831 - INFO - Processing Excel row 4: {'name': 'BOJ0003104', 'partner_id': 'MOG-OB', 'scheduled_date': Timestamp('2025-12-18 00:00:00'), 'picking_type_id': 'PJ01-OB', 'date_done': Timestamp('2025-12-18 00:00:00'), 'origin': 'คลังหน้าไซต์เดือน12', 'location_dest_id': 'PJ01/Stock', 'default_code': '3FG-289FE-195x1120x8', 'product_uom_qty': 16, 'price_unit': 635.99914375, 'scheduled_date_orig': Timestamp('2025-12-18 00:00:00'), 'product_id': '3FG-289FE-195x1120x8'}
2026-03-29 11:39:43,831 - INFO - Searching for product with code: '3FG-289FE-195x1120x8' and old code: '3FG-289FE-195x1120x8'
2026-03-29 11:39:43,911 - INFO - Found product with exact match on default_code: '3FG-289FE-195x1120x8'
2026-03-29 11:39:44,019 - ERROR - Error processing row 4: 'sequence'
2026-03-29 11:39:44,019 - INFO - Processing Excel row 5: {'name': 'BOJ0003104', 'partner_id': 'MOG-OB', 'scheduled_date': Timestamp('2025-12-18 00:00:00'), 'picking_type_id': 'PJ01-OB', 'date_done': Timestamp('2025-12-18 00:00:00'), 'origin': 'คลังหน้าไซต์เดือน12', 'location_dest_id': 'PJ01/Stock', 'default_code': '3FG-289FE-190x1250x8', 'product_uom_qty': 2, 'price_unit': 635.99915, 'scheduled_date_orig': Timestamp('2025-12-18 00:00:00'), 'product_id': '3FG-289FE-190x1250x8'}
2026-03-29 11:39:44,019 - INFO - Searching for product with code: '3FG-289FE-190x1250x8' and old code: '3FG-289FE-190x1250x8'
2026-03-29 11:39:44,105 - INFO - Found product with exact match on default_code: '3FG-289FE-190x1250x8'
2026-03-29 11:39:44,198 - ERROR - Error processing row 5: 'sequence'
2026-03-29 11:39:44,199 - INFO - Processing Excel row 6: {'name': 'BOJ0003104', 'partner_id': 'MOG-OB', 'scheduled_date': Timestamp('2025-12-18 00:00:00'), 'picking_type_id': 'PJ01-OB', 'date_done': Timestamp('2025-12-18 00:00:00'), 'origin': 'คลังหน้าไซต์เดือน12', 'location_dest_id': 'PJ01/Stock', 'default_code': '3FG-289FE-220x1120x8', 'product_uom_qty': 1, 'price_unit': 223.8217, 'scheduled_date_orig': Timestamp('2025-12-18 00:00:00'), 'product_id': '3FG-289FE-220x1120x8'}
2026-03-29 11:39:44,199 - INFO - Searching for product with code: '3FG-289FE-220x1120x8' and old code: '3FG-289FE-220x1120x8'
2026-03-29 11:39:44,274 - INFO - Found product with exact match on default_code: '3FG-289FE-220x1120x8'
2026-03-29 11:39:44,341 - ERROR - Error processing row 6: 'sequence'
2026-03-29 11:39:44,341 - INFO - Processing Excel row 7: {'name': 'BOJ0003104', 'partner_id': 'MOG-OB', 'scheduled_date': Timestamp('2025-12-18 00:00:00'), 'picking_type_id': 'PJ01-OB', 'date_done': Timestamp('2025-12-18 00:00:00'), 'origin': 'คลังหน้าไซต์เดือน12', 'location_dest_id': 'PJ01/Stock', 'default_code': '3FG-289FE-1400x1250x25', 'product_uom_qty': 1, 'price_unit': 2840.2404, 'scheduled_date_orig': Timestamp('2025-12-18 00:00:00'), 'product_id': '3FG-289FE-1400x1250x25'}
2026-03-29 11:39:44,341 - INFO - Searching for product with code: '3FG-289FE-1400x1250x25' and old code: '3FG-289FE-1400x1250x25'
2026-03-29 11:39:44,419 - INFO - Found product with exact match on default_code: '3FG-289FE-1400x1250x25'
2026-03-29 11:39:44,489 - ERROR - Error processing row 7: 'sequence'
2026-03-29 11:39:44,489 - INFO - Processing Excel row 8: {'name': 'BOJ0003104', 'partner_id': 'MOG-OB', 'scheduled_date': Timestamp('2025-12-18 00:00:00'), 'picking_type_id': 'PJ01-OB', 'date_done': Timestamp('2025-12-18 00:00:00'), 'origin': 'คลังหน้าไซต์เดือน12', 'location_dest_id': 'PJ01/Stock', 'default_code': '3FG-289FE-1300x1400x25', 'product_uom_qty': 1, 'price_unit': 3242.7016, 'scheduled_date_orig': Timestamp('2025-12-18 00:00:00'), 'product_id': '3FG-289FE-1300x1400x25'}
2026-03-29 11:39:44,489 - INFO - Searching for product with code: '3FG-289FE-1300x1400x25' and old code: '3FG-289FE-1300x1400x25'
2026-03-29 11:39:44,575 - INFO - Found product with exact match on default_code: '3FG-289FE-1300x1400x25'
2026-03-29 11:39:44,661 - ERROR - Error processing row 8: 'sequence'
2026-03-29 11:39:44,661 - INFO - Processing Excel row 9: {'name': 'BOJ0003104', 'partner_id': 'MOG-OB', 'scheduled_date': Timestamp('2025-12-18 00:00:00'), 'picking_type_id': 'PJ01-OB', 'date_done': Timestamp('2025-12-18 00:00:00'), 'origin': 'คลังหน้าไซต์เดือน12', 'location_dest_id': 'PJ01/Stock', 'default_code': '3FG-289FE-325x1320x25', 'product_uom_qty': 1, 'price_unit': 630.6644, 'scheduled_date_orig': Timestamp('2025-12-18 00:00:00'), 'product_id': '3FG-289FE-325x1320x25'}
2026-03-29 11:39:44,662 - INFO - Searching for product with code: '3FG-289FE-325x1320x25' and old code: '3FG-289FE-325x1320x25'
2026-03-29 11:39:44,739 - INFO - Found product with exact match on default_code: '3FG-289FE-325x1320x25'
2026-03-29 11:39:44,815 - ERROR - Error processing row 9: 'sequence'
2026-03-29 11:39:44,815 - INFO - Processing Excel row 10: {'name': 'BOJ0003104', 'partner_id': 'MOG-OB', 'scheduled_date': Timestamp('2025-12-18 00:00:00'), 'picking_type_id': 'PJ01-OB', 'date_done': Timestamp('2025-12-18 00:00:00'), 'origin': 'คลังหน้าไซต์เดือน12', 'location_dest_id': 'PJ01/Stock', 'default_code': '3FG-289FE-100x1100x25', 'product_uom_qty': 1, 'price_unit': 284.7338, 'scheduled_date_orig': Timestamp('2025-12-18 00:00:00'), 'product_id': '3FG-289FE-100x1100x25'}
2026-03-29 11:39:44,816 - INFO - Searching for product with code: '3FG-289FE-100x1100x25' and old code: '3FG-289FE-100x1100x25'
2026-03-29 11:39:44,891 - INFO - Found product with exact match on default_code: '3FG-289FE-100x1100x25'
2026-03-29 11:39:44,968 - ERROR - Error processing row 10: 'sequence'
2026-03-29 11:39:45,041 - INFO - Re-updated dates before confirming picking 4268: 2025-12-18 00:00:00
2026-03-29 11:39:45,136 - INFO - Confirmed transfer 4268 with forced date context
2026-03-29 11:39:45,136 - INFO - Import completed: 10 success, 33 failed.
