2025-07-25 10:55:39,706 - INFO - Successfully connected to Odoo as user ID: 2
2025-07-25 10:55:39,728 - INFO - Odoo version: 17.0.1.3
2025-07-25 10:55:39,803 - INFO - Available date fields in stock.picking: ['activity_date_deadline', 'my_activity_date_deadline', 'scheduled_date', 'date_deadline', 'date', 'date_done', 'delay_alert_date', 'create_date', 'write_date', 'date_notice', 'date_confirmed', 'date_start', 'operation_date']
2025-07-25 10:55:40,111 - INFO - Successfully read Excel file with 2 rows
2025-07-25 10:55:40,112 - INFO - Excel columns: ['partner_id', 'scheduled_date', 'picking_type_id', 'date_done', 'origin', 'location_dest_id', 'product_id', 'product_uom_qty', 'price_unit', 'sequence']
2025-07-25 10:55:40,113 - INFO - Processed sequence column
2025-07-25 10:55:40,114 - INFO - scheduled_date dtype: datetime64[ns]
2025-07-25 10:55:40,115 - INFO - scheduled_date sample: 2025-03-05 00:00:00
2025-07-25 10:55:40,116 - INFO - Converted scheduled_date to string format. Sample: 2025-03-05 00:00:00
2025-07-25 10:55:40,117 - INFO - Fixed picking type name from 'My Company: OB FIFO' to 'OB FIFO'
2025-07-25 10:55:40,118 - INFO - Using 'origin' column to identify transfer groups
2025-07-25 10:55:40,123 - INFO - Excel file validation and data filling completed successfully
2025-07-25 10:55:40,193 - INFO - Searching for location: 'RM02/Stock'
2025-07-25 10:55:40,268 - INFO - Found location with complete_name match: 'RM02/Stock' for 'RM02/Stock'
2025-07-25 10:55:40,297 - INFO - Found partner ID 16630 for 'MOG-OB'
2025-07-25 10:55:40,355 - INFO - Created transfer for date 2025-03-05 00:00:00 sequence 91 with picking ID 11413
2025-07-25 10:55:40,356 - INFO - Processing Excel row 1: {'partner_id': 'MOG-OB', 'scheduled_date': Timestamp('2025-03-05 00:00:00'), 'picking_type_id': 'OB FIFO', 'date_done': Timestamp('2025-03-05 00:00:00'), 'origin': 'BOJ0001609', 'location_dest_id': 'RM02/Stock', 'product_id': 'NFGH4-SF-0001-248', 'product_uom_qty': 1, 'price_unit': 2500.1482, 'sequence': 91, 'scheduled_date_orig': Timestamp('2025-03-05 00:00:00')}
2025-07-25 10:55:40,357 - INFO - Searching for product with code: 'NFGH4-SF-0001-248' and old code: 'NFGH4-SF-0001-248'
2025-07-25 10:55:40,541 - ERROR - Product not found with code or name: 'NFGH4-SF-0001-248' or old code: 'NFGH4-SF-0001-248'
2025-07-25 10:55:40,542 - WARNING - Product not found in Odoo: NFGH4-SF-0001-248
2025-07-25 10:55:40,542 - INFO - Processing Excel row 2: {'partner_id': 'MOG-OB', 'scheduled_date': Timestamp('2025-03-05 00:00:00'), 'picking_type_id': 'OB FIFO', 'date_done': Timestamp('2025-03-05 00:00:00'), 'origin': 'BOJ0001612', 'location_dest_id': 'RM02/Stock', 'product_id': 'NFGH4-SF-0001-248', 'product_uom_qty': 3, 'price_unit': 833.3828, 'sequence': 92, 'scheduled_date_orig': Timestamp('2025-03-05 00:00:00')}
2025-07-25 10:55:40,543 - INFO - Searching for product with code: 'NFGH4-SF-0001-248' and old code: 'NFGH4-SF-0001-248'
2025-07-25 10:55:41,759 - ERROR - Product not found with code or name: 'NFGH4-SF-0001-248' or old code: 'NFGH4-SF-0001-248'
2025-07-25 10:55:41,760 - WARNING - Product not found in Odoo: NFGH4-SF-0001-248
2025-07-25 10:55:41,788 - INFO - Re-updated dates before confirming picking 11413: 2025-03-05 00:00:00
2025-07-25 10:55:41,832 - INFO - Confirmed transfer 11413 with forced date context
2025-07-25 10:55:41,832 - INFO - Import completed: 1 success, 0 failed.
