2025-11-27 12:10:31,367 - INFO - Successfully connected to Odoo as user ID: 2
2025-11-27 12:10:31,434 - INFO - Odoo version: 17.0.1.3
2025-11-27 12:10:31,594 - INFO - Available date fields in stock.picking: ['activity_date_deadline', 'my_activity_date_deadline', 'scheduled_date', 'date_deadline', 'date', 'date_done', 'delay_alert_date', 'create_date', 'write_date', 'date_notice', 'date_confirmed', 'date_start', 'operation_date']
2025-11-27 12:10:31,932 - INFO - Successfully read Excel file with 98 rows
2025-11-27 12:10:31,933 - INFO - Excel columns: ['partner_id', 'scheduled_date', 'picking_type_id', 'date_done', 'origin', 'location_dest_id', 'default_code', 'product_uom_qty', 'price_unit', 'sequence', 'date']
2025-11-27 12:10:31,940 - INFO - Processed sequence column
2025-11-27 12:10:31,942 - INFO - scheduled_date dtype: datetime64[ns]
2025-11-27 12:10:31,943 - INFO - scheduled_date sample: 2025-11-30 00:00:00
2025-11-27 12:10:31,945 - INFO - Converted scheduled_date to string format. Sample: 2025-11-30 00:00:00
2025-11-27 12:10:31,946 - INFO - Fixed picking type name from 'My Company: OB FIFO' and 'คลังวัตถุดิบ 2: OB FIFO' to 'OB FIFO'
2025-11-27 12:10:31,947 - INFO - Using 'default_code' column as 'product_id'
2025-11-27 12:10:31,948 - INFO - Using 'origin' column to identify transfer groups
2025-11-27 12:10:31,952 - INFO - Excel file validation and data filling completed successfully
2025-11-27 12:10:32,103 - INFO - Searching for location: 'RM03/CSI'
2025-11-27 12:10:32,454 - INFO - Found location with complete_name match: 'RM03/CSI' for 'RM03/CSI'
2025-11-27 12:10:32,552 - INFO - Found partner ID 4956 for 'MOGEN_OB'
2025-11-27 12:10:32,669 - INFO - Created transfer for date 2025-11-30 00:00:00 sequence 1 with picking ID 32
2025-11-27 12:10:32,671 - INFO - Processing Excel row 1: {'partner_id': 'MOGEN_OB', 'scheduled_date': Timestamp('2025-11-30 00:00:00'), 'picking_type_id': 'RM03CSI-OB', 'date_done': Timestamp('2025-11-30 00:00:00'), 'origin': 'คลังวัตถุดิบ Supplier', 'location_dest_id': 'RM03/CSI', 'default_code': 'NMA02-046-106-1250', 'product_uom_qty': 73, 'price_unit': 83.0, 'sequence': 1, 'date': Timestamp('2025-01-27 00:00:00'), 'scheduled_date_orig': Timestamp('2025-11-30 00:00:00'), 'product_id': 'NMA02-046-106-1250'}
2025-11-27 12:10:32,672 - INFO - Searching for product with code: 'NMA02-046-106-1250' and old code: 'NMA02-046-106-1250'
2025-11-27 12:10:33,006 - INFO - Found product with exact match on old_product_code: 'NMA02-046-106-1250'
2025-11-27 12:10:33,117 - INFO - Prepared product NMA02-046-106-1250 with quantity 73.0 for batch creation
2025-11-27 12:10:33,118 - INFO - Move locations - Source: 14, Dest: 1184
2025-11-27 12:10:33,119 - INFO - Processing Excel row 2: {'partner_id': 'MOGEN_OB', 'scheduled_date': Timestamp('2025-11-30 00:00:00'), 'picking_type_id': 'RM03CSI-OB', 'date_done': Timestamp('2025-11-30 00:00:00'), 'origin': 'คลังวัตถุดิบ Supplier', 'location_dest_id': 'RM03/CSI', 'default_code': 'NMA02-046-106-1250', 'product_uom_qty': 200, 'price_unit': 83.0, 'sequence': 2, 'date': Timestamp('2025-02-07 00:00:00'), 'scheduled_date_orig': Timestamp('2025-11-30 00:00:00'), 'product_id': 'NMA02-046-106-1250'}
2025-11-27 12:10:33,119 - INFO - Using cached product ID for code: 'NMA02-046-106-1250'
2025-11-27 12:10:33,120 - INFO - Prepared product NMA02-046-106-1250 with quantity 200.0 for batch creation
2025-11-27 12:10:33,121 - INFO - Move locations - Source: 14, Dest: 1184
2025-11-27 12:10:33,121 - INFO - Processing Excel row 3: {'partner_id': 'MOGEN_OB', 'scheduled_date': Timestamp('2025-11-30 00:00:00'), 'picking_type_id': 'RM03CSI-OB', 'date_done': Timestamp('2025-11-30 00:00:00'), 'origin': 'คลังวัตถุดิบ Supplier', 'location_dest_id': 'RM03/CSI', 'default_code': 'NMA02-ขาวเรียบ-1250', 'product_uom_qty': 90, 'price_unit': 77.0, 'sequence': 3, 'date': Timestamp('2025-02-07 00:00:00'), 'scheduled_date_orig': Timestamp('2025-11-30 00:00:00'), 'product_id': 'NMA02-ขาวเรียบ-1250'}
2025-11-27 12:10:33,122 - INFO - Searching for product with code: 'NMA02-ขาวเรียบ-1250' and old code: 'NMA02-ขาวเรียบ-1250'
2025-11-27 12:10:33,341 - INFO - Found product with exact match on old_product_code: 'NMA02-ขาวเรียบ-1250'
2025-11-27 12:10:33,413 - INFO - Prepared product NMA02-ขาวเรียบ-1250 with quantity 90.0 for batch creation
2025-11-27 12:10:33,414 - INFO - Move locations - Source: 14, Dest: 1184
2025-11-27 12:10:33,415 - INFO - Processing Excel row 4: {'partner_id': 'MOGEN_OB', 'scheduled_date': Timestamp('2025-11-30 00:00:00'), 'picking_type_id': 'RM03CSI-OB', 'date_done': Timestamp('2025-11-30 00:00:00'), 'origin': 'คลังวัตถุดิบ Supplier', 'location_dest_id': 'RM03/CSI', 'default_code': 'NMA02-ขาวเรียบ-1250', 'product_uom_qty': 130, 'price_unit': 77.0, 'sequence': 4, 'date': Timestamp('2025-05-27 00:00:00'), 'scheduled_date_orig': Timestamp('2025-11-30 00:00:00'), 'product_id': 'NMA02-ขาวเรียบ-1250'}
2025-11-27 12:10:33,416 - INFO - Using cached product ID for code: 'NMA02-ขาวเรียบ-1250'
2025-11-27 12:10:33,417 - INFO - Prepared product NMA02-ขาวเรียบ-1250 with quantity 130.0 for batch creation
2025-11-27 12:10:33,418 - INFO - Move locations - Source: 14, Dest: 1184
2025-11-27 12:10:33,420 - INFO - Processing Excel row 5: {'partner_id': 'MOGEN_OB', 'scheduled_date': Timestamp('2025-11-30 00:00:00'), 'picking_type_id': 'RM03CSI-OB', 'date_done': Timestamp('2025-11-30 00:00:00'), 'origin': 'คลังวัตถุดิบ Supplier', 'location_dest_id': 'RM03/CSI', 'default_code': 'NMA02-131000x0.12-308', 'product_uom_qty': 16, 'price_unit': 46.0, 'sequence': 5, 'date': Timestamp('2025-09-08 00:00:00'), 'scheduled_date_orig': Timestamp('2025-11-30 00:00:00'), 'product_id': 'NMA02-131000x0.12-308'}
2025-11-27 12:10:33,421 - INFO - Searching for product with code: 'NMA02-131000x0.12-308' and old code: 'NMA02-131000x0.12-308'
2025-11-27 12:10:33,627 - INFO - Found product with exact match on old_product_code: 'NMA02-131000x0.12-308'
2025-11-27 12:10:33,695 - INFO - Prepared product NMA02-131000x0.12-308 with quantity 16.0 for batch creation
2025-11-27 12:10:33,696 - INFO - Move locations - Source: 14, Dest: 1184
2025-11-27 12:10:33,698 - INFO - Processing Excel row 6: {'partner_id': 'MOGEN_OB', 'scheduled_date': Timestamp('2025-11-30 00:00:00'), 'picking_type_id': 'RM03CSI-OB', 'date_done': Timestamp('2025-11-30 00:00:00'), 'origin': 'คลังวัตถุดิบ Supplier', 'location_dest_id': 'RM03/CSI', 'default_code': 'NMA02-00000PP36-1250-0.3', 'product_uom_qty': 138, 'price_unit': 122.200129, 'sequence': 6, 'date': Timestamp('2025-09-09 00:00:00'), 'scheduled_date_orig': Timestamp('2025-11-30 00:00:00'), 'product_id': 'NMA02-00000PP36-1250-0.3'}
2025-11-27 12:10:33,699 - INFO - Searching for product with code: 'NMA02-00000PP36-1250-0.3' and old code: 'NMA02-00000PP36-1250-0.3'
2025-11-27 12:10:33,921 - INFO - Found product with exact match on old_product_code: 'NMA02-00000PP36-1250-0.3'
2025-11-27 12:10:34,000 - INFO - Prepared product NMA02-00000PP36-1250-0.3 with quantity 138.0 for batch creation
2025-11-27 12:10:34,001 - INFO - Move locations - Source: 14, Dest: 1184
2025-11-27 12:10:34,002 - INFO - Processing Excel row 7: {'partner_id': 'MOGEN_OB', 'scheduled_date': Timestamp('2025-11-30 00:00:00'), 'picking_type_id': 'RM03CSI-OB', 'date_done': Timestamp('2025-11-30 00:00:00'), 'origin': 'คลังวัตถุดิบ Supplier', 'location_dest_id': 'RM03/CSI', 'default_code': 'NMA02-131000x0.2-48', 'product_uom_qty': 343, 'price_unit': 48.0, 'sequence': 7, 'date': Timestamp('2025-09-18 00:00:00'), 'scheduled_date_orig': Timestamp('2025-11-30 00:00:00'), 'product_id': 'NMA02-131000x0.2-48'}
2025-11-27 12:10:34,003 - INFO - Searching for product with code: 'NMA02-131000x0.2-48' and old code: 'NMA02-131000x0.2-48'
2025-11-27 12:10:34,199 - INFO - Found product with exact match on old_product_code: 'NMA02-131000x0.2-48'
2025-11-27 12:10:34,264 - INFO - Prepared product NMA02-131000x0.2-48 with quantity 343.0 for batch creation
2025-11-27 12:10:34,265 - INFO - Move locations - Source: 14, Dest: 1184
2025-11-27 12:10:34,265 - INFO - Processing Excel row 8: {'partner_id': 'MOGEN_OB', 'scheduled_date': Timestamp('2025-11-30 00:00:00'), 'picking_type_id': 'RM03CSI-OB', 'date_done': Timestamp('2025-11-30 00:00:00'), 'origin': 'คลังวัตถุดิบ Supplier', 'location_dest_id': 'RM03/CSI', 'default_code': 'NMA02-205-GF50#10', 'product_uom_qty': 88, 'price_unit': 77.0, 'sequence': 8, 'date': Timestamp('2025-10-07 00:00:00'), 'scheduled_date_orig': Timestamp('2025-11-30 00:00:00'), 'product_id': 'NMA02-205-GF50#10'}
2025-11-27 12:10:34,266 - INFO - Searching for product with code: 'NMA02-205-GF50#10' and old code: 'NMA02-205-GF50#10'
2025-11-27 12:10:34,475 - INFO - Found product with exact match on old_product_code: 'NMA02-205-GF50#10'
2025-11-27 12:10:34,539 - INFO - Prepared product NMA02-205-GF50#10 with quantity 88.0 for batch creation
2025-11-27 12:10:34,540 - INFO - Move locations - Source: 14, Dest: 1184
2025-11-27 12:10:34,542 - INFO - Processing Excel row 9: {'partner_id': 'MOGEN_OB', 'scheduled_date': Timestamp('2025-11-30 00:00:00'), 'picking_type_id': 'RM03CSI-OB', 'date_done': Timestamp('2025-11-30 00:00:00'), 'origin': 'คลังวัตถุดิบ Supplier', 'location_dest_id': 'RM03/CSI', 'default_code': 'NMA01-H03-GT12002400x15', 'product_uom_qty': 5, 'price_unit': 775.0, 'sequence': 9, 'date': Timestamp('2025-10-10 00:00:00'), 'scheduled_date_orig': Timestamp('2025-11-30 00:00:00'), 'product_id': 'NMA01-H03-GT12002400x15'}
2025-11-27 12:10:34,543 - INFO - Searching for product with code: 'NMA01-H03-GT12002400x15' and old code: 'NMA01-H03-GT12002400x15'
2025-11-27 12:10:34,886 - ERROR - Product not found with code or name: 'NMA01-H03-GT12002400x15' or old code: 'NMA01-H03-GT12002400x15'
2025-11-27 12:10:34,887 - WARNING - Product not found in Odoo: NMA01-H03-GT12002400x15
2025-11-27 12:10:34,889 - INFO - Processing Excel row 10: {'partner_id': 'MOGEN_OB', 'scheduled_date': Timestamp('2025-11-30 00:00:00'), 'picking_type_id': 'RM03CSI-OB', 'date_done': Timestamp('2025-11-30 00:00:00'), 'origin': 'คลังวัตถุดิบ Supplier', 'location_dest_id': 'RM03/CSI', 'default_code': 'NMA02-131000x0.12-308', 'product_uom_qty': 75, 'price_unit': 46.0, 'sequence': 10, 'date': Timestamp('2025-10-22 00:00:00'), 'scheduled_date_orig': Timestamp('2025-11-30 00:00:00'), 'product_id': 'NMA02-131000x0.12-308'}
2025-11-27 12:10:34,890 - INFO - Using cached product ID for code: 'NMA02-131000x0.12-308'
2025-11-27 12:10:34,891 - INFO - Prepared product NMA02-131000x0.12-308 with quantity 75.0 for batch creation
2025-11-27 12:10:34,892 - INFO - Move locations - Source: 14, Dest: 1184
2025-11-27 12:10:34,895 - INFO - Processing Excel row 11: {'partner_id': 'MOGEN_OB', 'scheduled_date': Timestamp('2025-11-30 00:00:00'), 'picking_type_id': 'RM03CSI-OB', 'date_done': Timestamp('2025-11-30 00:00:00'), 'origin': 'คลังวัตถุดิบ Supplier', 'location_dest_id': 'RM03/QTL', 'default_code': 'NMA01-120-HMR-2440-15', 'product_uom_qty': 42, 'price_unit': 401.87, 'sequence': 11, 'date': Timestamp('2024-12-18 00:00:00'), 'scheduled_date_orig': Timestamp('2025-11-30 00:00:00'), 'product_id': 'NMA01-120-HMR-2440-15'}
2025-11-27 12:10:34,896 - INFO - Searching for product with code: 'NMA01-120-HMR-2440-15' and old code: 'NMA01-120-HMR-2440-15'
2025-11-27 12:10:35,096 - INFO - Found product with exact match on old_product_code: 'NMA01-120-HMR-2440-15'
2025-11-27 12:10:35,161 - INFO - Searching for location: 'RM03/QTL'
2025-11-27 12:10:35,360 - INFO - Found location with complete_name match: 'RM03/QTL' for 'RM03/QTL'
2025-11-27 12:10:35,361 - INFO - Row 11 has different destination: RM03/QTL
2025-11-27 12:10:35,362 - INFO - Prepared product NMA01-120-HMR-2440-15 with quantity 42.0 for batch creation
2025-11-27 12:10:35,363 - INFO - Move locations - Source: 14, Dest: 1187
2025-11-27 12:10:35,365 - INFO - Processing Excel row 12: {'partner_id': 'MOGEN_OB', 'scheduled_date': Timestamp('2025-11-30 00:00:00'), 'picking_type_id': 'RM03CSI-OB', 'date_done': Timestamp('2025-11-30 00:00:00'), 'origin': 'คลังวัตถุดิบ Supplier', 'location_dest_id': 'RM03/QTL', 'default_code': 'NMA02-00000PP19-1250', 'product_uom_qty': 72, 'price_unit': 84.4, 'sequence': 12, 'date': Timestamp('2024-12-18 00:00:00'), 'scheduled_date_orig': Timestamp('2025-11-30 00:00:00'), 'product_id': 'NMA02-00000PP19-1250'}
2025-11-27 12:10:35,366 - INFO - Searching for product with code: 'NMA02-00000PP19-1250' and old code: 'NMA02-00000PP19-1250'
2025-11-27 12:10:35,566 - INFO - Found product with exact match on old_product_code: 'NMA02-00000PP19-1250'
2025-11-27 12:10:35,634 - INFO - Using cached location ID for: 'RM03/QTL'
2025-11-27 12:10:35,635 - INFO - Row 12 has different destination: RM03/QTL
2025-11-27 12:10:35,636 - INFO - Prepared product NMA02-00000PP19-1250 with quantity 72.0 for batch creation
2025-11-27 12:10:35,637 - INFO - Move locations - Source: 14, Dest: 1187
2025-11-27 12:10:35,638 - INFO - Processing Excel row 13: {'partner_id': 'MOGEN_OB', 'scheduled_date': Timestamp('2025-11-30 00:00:00'), 'picking_type_id': 'RM03CSI-OB', 'date_done': Timestamp('2025-11-30 00:00:00'), 'origin': 'คลังวัตถุดิบ Supplier', 'location_dest_id': 'RM03/QTL', 'default_code': 'NMA02-131000x0.2-031', 'product_uom_qty': 250, 'price_unit': 46.0, 'sequence': 13, 'date': Timestamp('2024-12-18 00:00:00'), 'scheduled_date_orig': Timestamp('2025-11-30 00:00:00'), 'product_id': 'NMA02-131000x0.2-031'}
2025-11-27 12:10:35,639 - INFO - Searching for product with code: 'NMA02-131000x0.2-031' and old code: 'NMA02-131000x0.2-031'
2025-11-27 12:10:35,849 - INFO - Found product with exact match on old_product_code: 'NMA02-131000x0.2-031'
2025-11-27 12:10:35,916 - INFO - Using cached location ID for: 'RM03/QTL'
2025-11-27 12:10:35,916 - INFO - Row 13 has different destination: RM03/QTL
2025-11-27 12:10:35,916 - INFO - Prepared product NMA02-131000x0.2-031 with quantity 250.0 for batch creation
2025-11-27 12:10:35,917 - INFO - Move locations - Source: 14, Dest: 1187
2025-11-27 12:10:35,917 - INFO - Processing Excel row 14: {'partner_id': 'MOGEN_OB', 'scheduled_date': Timestamp('2025-11-30 00:00:00'), 'picking_type_id': 'RM03CSI-OB', 'date_done': Timestamp('2025-11-30 00:00:00'), 'origin': 'คลังวัตถุดิบ Supplier', 'location_dest_id': 'RM03/QTL', 'default_code': 'NMA02-205-CB/2', 'product_uom_qty': 60, 'price_unit': 77.0, 'sequence': 14, 'date': Timestamp('2024-12-18 00:00:00'), 'scheduled_date_orig': Timestamp('2025-11-30 00:00:00'), 'product_id': 'NMA02-205-CB/2'}
2025-11-27 12:10:35,918 - INFO - Searching for product with code: 'NMA02-205-CB/2' and old code: 'NMA02-205-CB/2'
2025-11-27 12:10:36,114 - INFO - Found product with exact match on old_product_code: 'NMA02-205-CB/2'
2025-11-27 12:10:36,184 - INFO - Using cached location ID for: 'RM03/QTL'
2025-11-27 12:10:36,185 - INFO - Row 14 has different destination: RM03/QTL
2025-11-27 12:10:36,185 - INFO - Prepared product NMA02-205-CB/2 with quantity 60.0 for batch creation
2025-11-27 12:10:36,186 - INFO - Move locations - Source: 14, Dest: 1187
2025-11-27 12:10:36,186 - INFO - Processing Excel row 15: {'partner_id': 'MOGEN_OB', 'scheduled_date': Timestamp('2025-11-30 00:00:00'), 'picking_type_id': 'RM03CSI-OB', 'date_done': Timestamp('2025-11-30 00:00:00'), 'origin': 'คลังวัตถุดิบ Supplier', 'location_dest_id': 'RM03/QTL', 'default_code': 'NMA02-00000PP36-1250-0.3', 'product_uom_qty': 208, 'price_unit': 122.20012884615383, 'sequence': 15, 'date': Timestamp('2025-01-14 00:00:00'), 'scheduled_date_orig': Timestamp('2025-11-30 00:00:00'), 'product_id': 'NMA02-00000PP36-1250-0.3'}
2025-11-27 12:10:36,187 - INFO - Using cached product ID for code: 'NMA02-00000PP36-1250-0.3'
2025-11-27 12:10:36,188 - INFO - Using cached location ID for: 'RM03/QTL'
2025-11-27 12:10:36,188 - INFO - Row 15 has different destination: RM03/QTL
2025-11-27 12:10:36,189 - INFO - Prepared product NMA02-00000PP36-1250-0.3 with quantity 208.0 for batch creation
2025-11-27 12:10:36,189 - INFO - Move locations - Source: 14, Dest: 1187
2025-11-27 12:10:36,190 - INFO - Processing Excel row 16: {'partner_id': 'MOGEN_OB', 'scheduled_date': Timestamp('2025-11-30 00:00:00'), 'picking_type_id': 'RM03CSI-OB', 'date_done': Timestamp('2025-11-30 00:00:00'), 'origin': 'คลังวัตถุดิบ Supplier', 'location_dest_id': 'RM03/QTL', 'default_code': 'NMA02-ขาวเรียบ-1250', 'product_uom_qty': 85, 'price_unit': 77.0, 'sequence': 16, 'date': Timestamp('2025-02-07 00:00:00'), 'scheduled_date_orig': Timestamp('2025-11-30 00:00:00'), 'product_id': 'NMA02-ขาวเรียบ-1250'}
2025-11-27 12:10:36,191 - INFO - Using cached product ID for code: 'NMA02-ขาวเรียบ-1250'
2025-11-27 12:10:36,192 - INFO - Using cached location ID for: 'RM03/QTL'
2025-11-27 12:10:36,193 - INFO - Row 16 has different destination: RM03/QTL
2025-11-27 12:10:36,193 - INFO - Prepared product NMA02-ขาวเรียบ-1250 with quantity 85.0 for batch creation
2025-11-27 12:10:36,194 - INFO - Move locations - Source: 14, Dest: 1187
2025-11-27 12:10:36,195 - INFO - Processing Excel row 17: {'partner_id': 'MOGEN_OB', 'scheduled_date': Timestamp('2025-11-30 00:00:00'), 'picking_type_id': 'RM03CSI-OB', 'date_done': Timestamp('2025-11-30 00:00:00'), 'origin': 'คลังวัตถุดิบ Supplier', 'location_dest_id': 'RM03/QTL', 'default_code': 'MA02-White-Gloss', 'product_uom_qty': 85, 'price_unit': 130.0, 'sequence': 17, 'date': Timestamp('2025-02-27 00:00:00'), 'scheduled_date_orig': Timestamp('2025-11-30 00:00:00'), 'product_id': 'MA02-White-Gloss'}
2025-11-27 12:10:36,196 - INFO - Searching for product with code: 'MA02-White-Gloss' and old code: 'MA02-White-Gloss'
2025-11-27 12:10:36,425 - INFO - Found product with exact match on old_product_code: 'MA02-White-Gloss'
2025-11-27 12:10:36,492 - INFO - Using cached location ID for: 'RM03/QTL'
2025-11-27 12:10:36,493 - INFO - Row 17 has different destination: RM03/QTL
2025-11-27 12:10:36,493 - INFO - Prepared product MA02-White-Gloss with quantity 85.0 for batch creation
2025-11-27 12:10:36,494 - INFO - Move locations - Source: 14, Dest: 1187
2025-11-27 12:10:36,495 - INFO - Processing Excel row 18: {'partner_id': 'MOGEN_OB', 'scheduled_date': Timestamp('2025-11-30 00:00:00'), 'picking_type_id': 'RM03CSI-OB', 'date_done': Timestamp('2025-11-30 00:00:00'), 'origin': 'คลังวัตถุดิบ Supplier', 'location_dest_id': 'RM03/QTL', 'default_code': 'NMA01-H4-LMN1249-0.8', 'product_uom_qty': 4, 'price_unit': 1007.5, 'sequence': 18, 'date': Timestamp('2025-05-23 00:00:00'), 'scheduled_date_orig': Timestamp('2025-11-30 00:00:00'), 'product_id': 'NMA01-H4-LMN1249-0.8'}
2025-11-27 12:10:36,496 - INFO - Searching for product with code: 'NMA01-H4-LMN1249-0.8' and old code: 'NMA01-H4-LMN1249-0.8'
2025-11-27 12:10:36,702 - INFO - Found product with exact match on old_product_code: 'NMA01-H4-LMN1249-0.8'
2025-11-27 12:10:36,770 - INFO - Using cached location ID for: 'RM03/QTL'
2025-11-27 12:10:36,770 - INFO - Row 18 has different destination: RM03/QTL
2025-11-27 12:10:36,771 - INFO - Prepared product NMA01-H4-LMN1249-0.8 with quantity 4.0 for batch creation
2025-11-27 12:10:36,771 - INFO - Move locations - Source: 14, Dest: 1187
2025-11-27 12:10:36,772 - INFO - Processing Excel row 19: {'partner_id': 'MOGEN_OB', 'scheduled_date': Timestamp('2025-11-30 00:00:00'), 'picking_type_id': 'RM03CSI-OB', 'date_done': Timestamp('2025-11-30 00:00:00'), 'origin': 'คลังวัตถุดิบ Supplier', 'location_dest_id': 'RM03/QTL', 'default_code': 'NMA02-131000x0.12-308', 'product_uom_qty': 213, 'price_unit': 46.0, 'sequence': 19, 'date': Timestamp('2025-09-08 00:00:00'), 'scheduled_date_orig': Timestamp('2025-11-30 00:00:00'), 'product_id': 'NMA02-131000x0.12-308'}
2025-11-27 12:10:36,772 - INFO - Using cached product ID for code: 'NMA02-131000x0.12-308'
2025-11-27 12:10:36,772 - INFO - Using cached location ID for: 'RM03/QTL'
2025-11-27 12:10:36,773 - INFO - Row 19 has different destination: RM03/QTL
2025-11-27 12:10:36,773 - INFO - Prepared product NMA02-131000x0.12-308 with quantity 213.0 for batch creation
2025-11-27 12:10:36,773 - INFO - Move locations - Source: 14, Dest: 1187
2025-11-27 12:10:36,774 - INFO - Processing Excel row 20: {'partner_id': 'MOGEN_OB', 'scheduled_date': Timestamp('2025-11-30 00:00:00'), 'picking_type_id': 'RM03CSI-OB', 'date_done': Timestamp('2025-11-30 00:00:00'), 'origin': 'คลังวัตถุดิบ Supplier', 'location_dest_id': 'RM03/QTL', 'default_code': 'NMA02-131000x0.12-308', 'product_uom_qty': 484, 'price_unit': 46.0, 'sequence': 20, 'date': Timestamp('2025-09-08 00:00:00'), 'scheduled_date_orig': Timestamp('2025-11-30 00:00:00'), 'product_id': 'NMA02-131000x0.12-308'}
2025-11-27 12:10:36,774 - INFO - Using cached product ID for code: 'NMA02-131000x0.12-308'
2025-11-27 12:10:36,774 - INFO - Using cached location ID for: 'RM03/QTL'
2025-11-27 12:10:36,775 - INFO - Row 20 has different destination: RM03/QTL
2025-11-27 12:10:36,775 - INFO - Prepared product NMA02-131000x0.12-308 with quantity 484.0 for batch creation
2025-11-27 12:10:36,775 - INFO - Move locations - Source: 14, Dest: 1187
2025-11-27 12:10:36,776 - INFO - Processing Excel row 21: {'partner_id': 'MOGEN_OB', 'scheduled_date': Timestamp('2025-11-30 00:00:00'), 'picking_type_id': 'RM03CSI-OB', 'date_done': Timestamp('2025-11-30 00:00:00'), 'origin': 'คลังวัตถุดิบ Supplier', 'location_dest_id': 'RM03/QTL', 'default_code': 'NMA02-00000PP36-1250-0.3', 'product_uom_qty': 162, 'price_unit': 122.200129, 'sequence': 21, 'date': Timestamp('2025-09-09 00:00:00'), 'scheduled_date_orig': Timestamp('2025-11-30 00:00:00'), 'product_id': 'NMA02-00000PP36-1250-0.3'}
2025-11-27 12:10:36,776 - INFO - Using cached product ID for code: 'NMA02-00000PP36-1250-0.3'
2025-11-27 12:10:36,776 - INFO - Using cached location ID for: 'RM03/QTL'
2025-11-27 12:10:36,776 - INFO - Row 21 has different destination: RM03/QTL
2025-11-27 12:10:36,777 - INFO - Prepared product NMA02-00000PP36-1250-0.3 with quantity 162.0 for batch creation
2025-11-27 12:10:36,777 - INFO - Move locations - Source: 14, Dest: 1187
2025-11-27 12:10:36,777 - INFO - Processing Excel row 22: {'partner_id': 'MOGEN_OB', 'scheduled_date': Timestamp('2025-11-30 00:00:00'), 'picking_type_id': 'RM03CSI-OB', 'date_done': Timestamp('2025-11-30 00:00:00'), 'origin': 'คลังวัตถุดิบ Supplier', 'location_dest_id': 'RM03/QTL', 'default_code': 'MA01-168A12202440A', 'product_uom_qty': 1, 'price_unit': 1423.553, 'sequence': 22, 'date': Timestamp('2025-10-22 00:00:00'), 'scheduled_date_orig': Timestamp('2025-11-30 00:00:00'), 'product_id': 'MA01-168A12202440A'}
2025-11-27 12:10:36,778 - INFO - Searching for product with code: 'MA01-168A12202440A' and old code: 'MA01-168A12202440A'
2025-11-27 12:10:36,994 - INFO - Found product with exact match on old_product_code: 'MA01-168A12202440A'
2025-11-27 12:10:37,062 - INFO - Using cached location ID for: 'RM03/QTL'
2025-11-27 12:10:37,062 - INFO - Row 22 has different destination: RM03/QTL
2025-11-27 12:10:37,063 - INFO - Prepared product MA01-168A12202440A with quantity 1.0 for batch creation
2025-11-27 12:10:37,063 - INFO - Move locations - Source: 14, Dest: 1187
2025-11-27 12:10:37,063 - INFO - Processing Excel row 23: {'partner_id': 'MOGEN_OB', 'scheduled_date': Timestamp('2025-11-30 00:00:00'), 'picking_type_id': 'RM03CSI-OB', 'date_done': Timestamp('2025-11-30 00:00:00'), 'origin': 'คลังวัตถุดิบ Supplier', 'location_dest_id': 'RM03/QTL', 'default_code': 'NMA01-120-PB-HMR-2440-16', 'product_uom_qty': 10, 'price_unit': 340.0, 'sequence': 23, 'date': Timestamp('2025-10-22 00:00:00'), 'scheduled_date_orig': Timestamp('2025-11-30 00:00:00'), 'product_id': 'NMA01-120-PB-HMR-2440-16'}
2025-11-27 12:10:37,064 - INFO - Searching for product with code: 'NMA01-120-PB-HMR-2440-16' and old code: 'NMA01-120-PB-HMR-2440-16'
2025-11-27 12:10:37,277 - INFO - Found product with exact match on old_product_code: 'NMA01-120-PB-HMR-2440-16'
2025-11-27 12:10:37,346 - INFO - Using cached location ID for: 'RM03/QTL'
2025-11-27 12:10:37,347 - INFO - Row 23 has different destination: RM03/QTL
2025-11-27 12:10:37,348 - INFO - Prepared product NMA01-120-PB-HMR-2440-16 with quantity 10.0 for batch creation
2025-11-27 12:10:37,349 - INFO - Move locations - Source: 14, Dest: 1187
2025-11-27 12:10:37,350 - INFO - Processing Excel row 24: {'partner_id': 'MOGEN_OB', 'scheduled_date': Timestamp('2025-11-30 00:00:00'), 'picking_type_id': 'RM03CSI-OB', 'date_done': Timestamp('2025-11-30 00:00:00'), 'origin': 'คลังวัตถุดิบ Supplier', 'location_dest_id': 'RM03/TCI', 'default_code': 'BAC11', 'product_uom_qty': 89, 'price_unit': 9.0, 'sequence': 24, 'date': Timestamp('2019-01-01 00:00:00'), 'scheduled_date_orig': Timestamp('2025-11-30 00:00:00'), 'product_id': 'BAC11'}
2025-11-27 12:10:37,350 - INFO - Searching for product with code: 'BAC11' and old code: 'BAC11'
2025-11-27 12:10:37,549 - INFO - Found product with exact match on old_product_code: 'BAC11'
2025-11-27 12:10:37,617 - INFO - Searching for location: 'RM03/TCI'
2025-11-27 12:10:37,810 - INFO - Found location with complete_name match: 'RM03/TCI' for 'RM03/TCI'
2025-11-27 12:10:37,811 - INFO - Row 24 has different destination: RM03/TCI
2025-11-27 12:10:37,812 - INFO - Prepared product BAC11 with quantity 89.0 for batch creation
2025-11-27 12:10:37,813 - INFO - Move locations - Source: 14, Dest: 1188
2025-11-27 12:10:37,815 - INFO - Processing Excel row 25: {'partner_id': 'MOGEN_OB', 'scheduled_date': Timestamp('2025-11-30 00:00:00'), 'picking_type_id': 'RM03CSI-OB', 'date_done': Timestamp('2025-11-30 00:00:00'), 'origin': 'คลังวัตถุดิบ Supplier', 'location_dest_id': 'RM03/TCI', 'default_code': 'BAC11', 'product_uom_qty': 18, 'price_unit': 9.0, 'sequence': 25, 'date': Timestamp('2019-07-29 00:00:00'), 'scheduled_date_orig': Timestamp('2025-11-30 00:00:00'), 'product_id': 'BAC11'}
2025-11-27 12:10:37,816 - INFO - Using cached product ID for code: 'BAC11'
2025-11-27 12:10:37,817 - INFO - Using cached location ID for: 'RM03/TCI'
2025-11-27 12:10:37,818 - INFO - Row 25 has different destination: RM03/TCI
2025-11-27 12:10:37,820 - INFO - Prepared product BAC11 with quantity 18.0 for batch creation
2025-11-27 12:10:37,821 - INFO - Move locations - Source: 14, Dest: 1188
2025-11-27 12:10:37,822 - INFO - Processing Excel row 26: {'partner_id': 'MOGEN_OB', 'scheduled_date': Timestamp('2025-11-30 00:00:00'), 'picking_type_id': 'RM03CSI-OB', 'date_done': Timestamp('2025-11-30 00:00:00'), 'origin': 'คลังวัตถุดิบ Supplier', 'location_dest_id': 'RM03/TCI', 'default_code': 'BMA014', 'product_uom_qty': 75, 'price_unit': 78.5, 'sequence': 26, 'date': Timestamp('2023-04-08 00:00:00'), 'scheduled_date_orig': Timestamp('2025-11-30 00:00:00'), 'product_id': 'BMA014'}
2025-11-27 12:10:37,823 - INFO - Searching for product with code: 'BMA014' and old code: 'BMA014'
2025-11-27 12:10:38,023 - INFO - Found product with exact match on old_product_code: 'BMA014'
2025-11-27 12:10:38,092 - INFO - Using cached location ID for: 'RM03/TCI'
2025-11-27 12:10:38,092 - INFO - Row 26 has different destination: RM03/TCI
2025-11-27 12:10:38,093 - INFO - Prepared product BMA014 with quantity 75.0 for batch creation
2025-11-27 12:10:38,093 - INFO - Move locations - Source: 14, Dest: 1188
2025-11-27 12:10:38,094 - INFO - Processing Excel row 27: {'partner_id': 'MOGEN_OB', 'scheduled_date': Timestamp('2025-11-30 00:00:00'), 'picking_type_id': 'RM03CSI-OB', 'date_done': Timestamp('2025-11-30 00:00:00'), 'origin': 'คลังวัตถุดิบ Supplier', 'location_dest_id': 'RM03/TCI', 'default_code': 'BMA014', 'product_uom_qty': 10, 'price_unit': 78.5, 'sequence': 27, 'date': Timestamp('2023-11-30 00:00:00'), 'scheduled_date_orig': Timestamp('2025-11-30 00:00:00'), 'product_id': 'BMA014'}
2025-11-27 12:10:38,094 - INFO - Using cached product ID for code: 'BMA014'
2025-11-27 12:10:38,095 - INFO - Using cached location ID for: 'RM03/TCI'
2025-11-27 12:10:38,095 - INFO - Row 27 has different destination: RM03/TCI
2025-11-27 12:10:38,095 - INFO - Prepared product BMA014 with quantity 10.0 for batch creation
2025-11-27 12:10:38,096 - INFO - Move locations - Source: 14, Dest: 1188
2025-11-27 12:10:38,096 - INFO - Processing Excel row 28: {'partner_id': 'MOGEN_OB', 'scheduled_date': Timestamp('2025-11-30 00:00:00'), 'picking_type_id': 'RM03CSI-OB', 'date_done': Timestamp('2025-11-30 00:00:00'), 'origin': 'คลังวัตถุดิบ Supplier', 'location_dest_id': 'RM03/TCI', 'default_code': 'SP0017100', 'product_uom_qty': 2, 'price_unit': 71.9416424731183, 'sequence': 28, 'date': Timestamp('2024-01-31 00:00:00'), 'scheduled_date_orig': Timestamp('2025-11-30 00:00:00'), 'product_id': 'SP0017100'}
2025-11-27 12:10:38,097 - INFO - Searching for product with code: 'SP0017100' and old code: 'SP0017100'
2025-11-27 12:10:38,164 - INFO - Found product with exact match on default_code: 'SP0017100'
2025-11-27 12:10:38,234 - INFO - Using cached location ID for: 'RM03/TCI'
2025-11-27 12:10:38,235 - INFO - Row 28 has different destination: RM03/TCI
2025-11-27 12:10:38,235 - INFO - Prepared product SP0017100 with quantity 2.0 for batch creation
2025-11-27 12:10:38,236 - INFO - Move locations - Source: 14, Dest: 1188
2025-11-27 12:10:38,236 - INFO - Processing Excel row 29: {'partner_id': 'MOGEN_OB', 'scheduled_date': Timestamp('2025-11-30 00:00:00'), 'picking_type_id': 'RM03CSI-OB', 'date_done': Timestamp('2025-11-30 00:00:00'), 'origin': 'คลังวัตถุดิบ Supplier', 'location_dest_id': 'RM03/TCI', 'default_code': 'BAC13', 'product_uom_qty': 243, 'price_unit': 7.0, 'sequence': 29, 'date': Timestamp('2024-10-28 00:00:00'), 'scheduled_date_orig': Timestamp('2025-11-30 00:00:00'), 'product_id': 'BAC13'}
2025-11-27 12:10:38,237 - INFO - Searching for product with code: 'BAC13' and old code: 'BAC13'
2025-11-27 12:10:38,436 - INFO - Found product with exact match on old_product_code: 'BAC13'
2025-11-27 12:10:38,499 - INFO - Using cached location ID for: 'RM03/TCI'
2025-11-27 12:10:38,500 - INFO - Row 29 has different destination: RM03/TCI
2025-11-27 12:10:38,500 - INFO - Prepared product BAC13 with quantity 243.0 for batch creation
2025-11-27 12:10:38,501 - INFO - Move locations - Source: 14, Dest: 1188
2025-11-27 12:10:38,501 - INFO - Processing Excel row 30: {'partner_id': 'MOGEN_OB', 'scheduled_date': Timestamp('2025-11-30 00:00:00'), 'picking_type_id': 'RM03CSI-OB', 'date_done': Timestamp('2025-11-30 00:00:00'), 'origin': 'คลังวัตถุดิบ Supplier', 'location_dest_id': 'RM03/TCI', 'default_code': 'BMT056ECO', 'product_uom_qty': 123, 'price_unit': 145.07, 'sequence': 30, 'date': Timestamp('2024-12-18 00:00:00'), 'scheduled_date_orig': Timestamp('2025-11-30 00:00:00'), 'product_id': 'BMT056ECO'}
2025-11-27 12:10:38,502 - INFO - Searching for product with code: 'BMT056ECO' and old code: 'BMT056ECO'
2025-11-27 12:10:38,705 - INFO - Found product with exact match on old_product_code: 'BMT056ECO'
2025-11-27 12:10:38,779 - INFO - Using cached location ID for: 'RM03/TCI'
2025-11-27 12:10:38,779 - INFO - Row 30 has different destination: RM03/TCI
2025-11-27 12:10:38,780 - INFO - Prepared product BMT056ECO with quantity 123.0 for batch creation
2025-11-27 12:10:38,780 - INFO - Move locations - Source: 14, Dest: 1188
2025-11-27 12:10:38,781 - INFO - Processing Excel row 31: {'partner_id': 'MOGEN_OB', 'scheduled_date': Timestamp('2025-11-30 00:00:00'), 'picking_type_id': 'RM03CSI-OB', 'date_done': Timestamp('2025-11-30 00:00:00'), 'origin': 'คลังวัตถุดิบ Supplier', 'location_dest_id': 'RM03/TCI', 'default_code': 'BAC051', 'product_uom_qty': 235, 'price_unit': 6.0, 'sequence': 31, 'date': Timestamp('2025-04-28 00:00:00'), 'scheduled_date_orig': Timestamp('2025-11-30 00:00:00'), 'product_id': 'BAC051'}
2025-11-27 12:10:38,782 - INFO - Searching for product with code: 'BAC051' and old code: 'BAC051'
2025-11-27 12:10:38,978 - INFO - Found product with exact match on old_product_code: 'BAC051'
2025-11-27 12:10:39,045 - INFO - Using cached location ID for: 'RM03/TCI'
2025-11-27 12:10:39,046 - INFO - Row 31 has different destination: RM03/TCI
2025-11-27 12:10:39,046 - INFO - Prepared product BAC051 with quantity 235.0 for batch creation
2025-11-27 12:10:39,047 - INFO - Move locations - Source: 14, Dest: 1188
2025-11-27 12:10:39,047 - INFO - Processing Excel row 32: {'partner_id': 'MOGEN_OB', 'scheduled_date': Timestamp('2025-11-30 00:00:00'), 'picking_type_id': 'RM03CSI-OB', 'date_done': Timestamp('2025-11-30 00:00:00'), 'origin': 'คลังวัตถุดิบ Supplier', 'location_dest_id': 'RM03/TCI', 'default_code': 'BAC23335363', 'product_uom_qty': 241, 'price_unit': 9.0, 'sequence': 32, 'date': Timestamp('2025-04-28 00:00:00'), 'scheduled_date_orig': Timestamp('2025-11-30 00:00:00'), 'product_id': 'BAC23335363'}
2025-11-27 12:10:39,048 - INFO - Searching for product with code: 'BAC23335363' and old code: 'BAC23335363'
2025-11-27 12:10:39,254 - INFO - Found product with exact match on old_product_code: 'BAC23335363'
2025-11-27 12:10:39,321 - INFO - Using cached location ID for: 'RM03/TCI'
2025-11-27 12:10:39,322 - INFO - Row 32 has different destination: RM03/TCI
2025-11-27 12:10:39,323 - INFO - Prepared product BAC23335363 with quantity 241.0 for batch creation
2025-11-27 12:10:39,324 - INFO - Move locations - Source: 14, Dest: 1188
2025-11-27 12:10:39,325 - INFO - Processing Excel row 33: {'partner_id': 'MOGEN_OB', 'scheduled_date': Timestamp('2025-11-30 00:00:00'), 'picking_type_id': 'RM03CSI-OB', 'date_done': Timestamp('2025-11-30 00:00:00'), 'origin': 'คลังวัตถุดิบ Supplier', 'location_dest_id': 'RM03/TCI', 'default_code': 'BMTK03', 'product_uom_qty': 6, 'price_unit': 139.2, 'sequence': 33, 'date': Timestamp('2025-05-21 00:00:00'), 'scheduled_date_orig': Timestamp('2025-11-30 00:00:00'), 'product_id': 'BMTK03'}
2025-11-27 12:10:39,326 - INFO - Searching for product with code: 'BMTK03' and old code: 'BMTK03'
2025-11-27 12:10:39,529 - INFO - Found product with exact match on old_product_code: 'BMTK03'
2025-11-27 12:10:39,597 - INFO - Using cached location ID for: 'RM03/TCI'
2025-11-27 12:10:39,597 - INFO - Row 33 has different destination: RM03/TCI
2025-11-27 12:10:39,598 - INFO - Prepared product BMTK03 with quantity 6.0 for batch creation
2025-11-27 12:10:39,598 - INFO - Move locations - Source: 14, Dest: 1188
2025-11-27 12:10:39,599 - INFO - Processing Excel row 34: {'partner_id': 'MOGEN_OB', 'scheduled_date': Timestamp('2025-11-30 00:00:00'), 'picking_type_id': 'RM03CSI-OB', 'date_done': Timestamp('2025-11-30 00:00:00'), 'origin': 'คลังวัตถุดิบ Supplier', 'location_dest_id': 'RM03/TCI', 'default_code': 'BMT057ECOTCI', 'product_uom_qty': 6, 'price_unit': 161.0, 'sequence': 34, 'date': Timestamp('2025-06-05 00:00:00'), 'scheduled_date_orig': Timestamp('2025-11-30 00:00:00'), 'product_id': 'BMT057ECOTCI'}
2025-11-27 12:10:39,600 - INFO - Searching for product with code: 'BMT057ECOTCI' and old code: 'BMT057ECOTCI'
2025-11-27 12:10:39,804 - INFO - Found product with exact match on old_product_code: 'BMT057ECOTCI'
2025-11-27 12:10:39,874 - INFO - Using cached location ID for: 'RM03/TCI'
2025-11-27 12:10:39,874 - INFO - Row 34 has different destination: RM03/TCI
2025-11-27 12:10:39,874 - INFO - Prepared product BMT057ECOTCI with quantity 6.0 for batch creation
2025-11-27 12:10:39,875 - INFO - Move locations - Source: 14, Dest: 1188
2025-11-27 12:10:39,875 - INFO - Processing Excel row 35: {'partner_id': 'MOGEN_OB', 'scheduled_date': Timestamp('2025-11-30 00:00:00'), 'picking_type_id': 'RM03CSI-OB', 'date_done': Timestamp('2025-11-30 00:00:00'), 'origin': 'คลังวัตถุดิบ Supplier', 'location_dest_id': 'RM03/TCI', 'default_code': 'SPW0054110', 'product_uom_qty': 38, 'price_unit': 211.088578378378, 'sequence': 35, 'date': Timestamp('2025-06-20 00:00:00'), 'scheduled_date_orig': Timestamp('2025-11-30 00:00:00'), 'product_id': 'SPW0054110'}
2025-11-27 12:10:39,876 - INFO - Searching for product with code: 'SPW0054110' and old code: 'SPW0054110'
2025-11-27 12:10:39,939 - INFO - Found product with exact match on default_code: 'SPW0054110'
2025-11-27 12:10:40,007 - INFO - Using cached location ID for: 'RM03/TCI'
2025-11-27 12:10:40,008 - INFO - Row 35 has different destination: RM03/TCI
2025-11-27 12:10:40,010 - INFO - Prepared product SPW0054110 with quantity 38.0 for batch creation
2025-11-27 12:10:40,011 - INFO - Move locations - Source: 14, Dest: 1188
2025-11-27 12:10:40,013 - INFO - Processing Excel row 36: {'partner_id': 'MOGEN_OB', 'scheduled_date': Timestamp('2025-11-30 00:00:00'), 'picking_type_id': 'RM03CSI-OB', 'date_done': Timestamp('2025-11-30 00:00:00'), 'origin': 'คลังวัตถุดิบ Supplier', 'location_dest_id': 'RM03/TCI', 'default_code': 'BMA183A', 'product_uom_qty': 160, 'price_unit': 53.0, 'sequence': 36, 'date': Timestamp('2025-06-30 00:00:00'), 'scheduled_date_orig': Timestamp('2025-11-30 00:00:00'), 'product_id': 'BMA183A'}
2025-11-27 12:10:40,013 - INFO - Searching for product with code: 'BMA183A' and old code: 'BMA183A'
2025-11-27 12:10:40,218 - INFO - Found product with exact match on old_product_code: 'BMA183A'
2025-11-27 12:10:40,287 - INFO - Using cached location ID for: 'RM03/TCI'
2025-11-27 12:10:40,287 - INFO - Row 36 has different destination: RM03/TCI
2025-11-27 12:10:40,288 - INFO - Prepared product BMA183A with quantity 160.0 for batch creation
2025-11-27 12:10:40,288 - INFO - Move locations - Source: 14, Dest: 1188
2025-11-27 12:10:40,289 - INFO - Processing Excel row 37: {'partner_id': 'MOGEN_OB', 'scheduled_date': Timestamp('2025-11-30 00:00:00'), 'picking_type_id': 'RM03CSI-OB', 'date_done': Timestamp('2025-11-30 00:00:00'), 'origin': 'คลังวัตถุดิบ Supplier', 'location_dest_id': 'RM03/TCI', 'default_code': 'BAC052', 'product_uom_qty': 772, 'price_unit': 5.5, 'sequence': 37, 'date': Timestamp('2025-07-17 00:00:00'), 'scheduled_date_orig': Timestamp('2025-11-30 00:00:00'), 'product_id': 'BAC052'}
2025-11-27 12:10:40,289 - INFO - Searching for product with code: 'BAC052' and old code: 'BAC052'
2025-11-27 12:10:40,488 - INFO - Found product with exact match on old_product_code: 'BAC052'
2025-11-27 12:10:40,554 - INFO - Using cached location ID for: 'RM03/TCI'
2025-11-27 12:10:40,555 - INFO - Row 37 has different destination: RM03/TCI
2025-11-27 12:10:40,556 - INFO - Prepared product BAC052 with quantity 772.0 for batch creation
2025-11-27 12:10:40,557 - INFO - Move locations - Source: 14, Dest: 1188
2025-11-27 12:10:40,559 - INFO - Processing Excel row 38: {'partner_id': 'MOGEN_OB', 'scheduled_date': Timestamp('2025-11-30 00:00:00'), 'picking_type_id': 'RM03CSI-OB', 'date_done': Timestamp('2025-11-30 00:00:00'), 'origin': 'คลังวัตถุดิบ Supplier', 'location_dest_id': 'RM03/TCI', 'default_code': 'MT541S101', 'product_uom_qty': 129, 'price_unit': 351.1988519379845, 'sequence': 38, 'date': Timestamp('2025-08-22 00:00:00'), 'scheduled_date_orig': Timestamp('2025-11-30 00:00:00'), 'product_id': 'MT541S101'}
2025-11-27 12:10:40,560 - INFO - Searching for product with code: 'MT541S101' and old code: 'MT541S101'
2025-11-27 12:10:40,628 - INFO - Found product with exact match on default_code: 'MT541S101'
2025-11-27 12:10:40,698 - INFO - Using cached location ID for: 'RM03/TCI'
2025-11-27 12:10:40,698 - INFO - Row 38 has different destination: RM03/TCI
2025-11-27 12:10:40,699 - INFO - Prepared product MT541S101 with quantity 129.0 for batch creation
2025-11-27 12:10:40,699 - INFO - Move locations - Source: 14, Dest: 1188
2025-11-27 12:10:40,699 - INFO - Processing Excel row 39: {'partner_id': 'MOGEN_OB', 'scheduled_date': Timestamp('2025-11-30 00:00:00'), 'picking_type_id': 'RM03CSI-OB', 'date_done': Timestamp('2025-11-30 00:00:00'), 'origin': 'คลังวัตถุดิบ Supplier', 'location_dest_id': 'RM03/TCI', 'default_code': 'PACK000239', 'product_uom_qty': 150, 'price_unit': 63.771737333333334, 'sequence': 39, 'date': Timestamp('2025-08-22 00:00:00'), 'scheduled_date_orig': Timestamp('2025-11-30 00:00:00'), 'product_id': 'PACK000239'}
2025-11-27 12:10:40,700 - INFO - Searching for product with code: 'PACK000239' and old code: 'PACK000239'
2025-11-27 12:10:40,764 - INFO - Found product with exact match on default_code: 'PACK000239'
2025-11-27 12:10:40,828 - INFO - Using cached location ID for: 'RM03/TCI'
2025-11-27 12:10:40,829 - INFO - Row 39 has different destination: RM03/TCI
2025-11-27 12:10:40,830 - INFO - Prepared product PACK000239 with quantity 150.0 for batch creation
2025-11-27 12:10:40,831 - INFO - Move locations - Source: 14, Dest: 1188
2025-11-27 12:10:40,831 - INFO - Processing Excel row 40: {'partner_id': 'MOGEN_OB', 'scheduled_date': Timestamp('2025-11-30 00:00:00'), 'picking_type_id': 'RM03CSI-OB', 'date_done': Timestamp('2025-11-30 00:00:00'), 'origin': 'คลังวัตถุดิบ Supplier', 'location_dest_id': 'RM03/TCI', 'default_code': 'SPW0056200', 'product_uom_qty': 50, 'price_unit': 204.171846428571, 'sequence': 40, 'date': Timestamp('2025-08-22 00:00:00'), 'scheduled_date_orig': Timestamp('2025-11-30 00:00:00'), 'product_id': 'SPW0056200'}
2025-11-27 12:10:40,832 - INFO - Searching for product with code: 'SPW0056200' and old code: 'SPW0056200'
2025-11-27 12:10:40,896 - INFO - Found product with exact match on default_code: 'SPW0056200'
2025-11-27 12:10:40,964 - INFO - Using cached location ID for: 'RM03/TCI'
2025-11-27 12:10:40,964 - INFO - Row 40 has different destination: RM03/TCI
2025-11-27 12:10:40,965 - INFO - Prepared product SPW0056200 with quantity 50.0 for batch creation
2025-11-27 12:10:40,965 - INFO - Move locations - Source: 14, Dest: 1188
2025-11-27 12:10:40,965 - INFO - Processing Excel row 41: {'partner_id': 'MOGEN_OB', 'scheduled_date': Timestamp('2025-11-30 00:00:00'), 'picking_type_id': 'RM03CSI-OB', 'date_done': Timestamp('2025-11-30 00:00:00'), 'origin': 'คลังวัตถุดิบ Supplier', 'location_dest_id': 'RM03/TCI', 'default_code': 'MA575C110', 'product_uom_qty': 1, 'price_unit': 820.0, 'sequence': 41, 'date': Timestamp('2025-08-25 00:00:00'), 'scheduled_date_orig': Timestamp('2025-11-30 00:00:00'), 'product_id': 'MA575C110'}
2025-11-27 12:10:40,966 - INFO - Searching for product with code: 'MA575C110' and old code: 'MA575C110'
2025-11-27 12:10:41,028 - INFO - Found product with exact match on default_code: 'MA575C110'
2025-11-27 12:10:41,099 - INFO - Using cached location ID for: 'RM03/TCI'
2025-11-27 12:10:41,100 - INFO - Row 41 has different destination: RM03/TCI
2025-11-27 12:10:41,101 - INFO - Prepared product MA575C110 with quantity 1.0 for batch creation
2025-11-27 12:10:41,102 - INFO - Move locations - Source: 14, Dest: 1188
2025-11-27 12:10:41,104 - INFO - Processing Excel row 42: {'partner_id': 'MOGEN_OB', 'scheduled_date': Timestamp('2025-11-30 00:00:00'), 'picking_type_id': 'RM03CSI-OB', 'date_done': Timestamp('2025-11-30 00:00:00'), 'origin': 'คลังวัตถุดิบ Supplier', 'location_dest_id': 'RM03/TCI', 'default_code': 'BMT055ECO', 'product_uom_qty': 134, 'price_unit': 131.22, 'sequence': 42, 'date': Timestamp('2025-08-27 00:00:00'), 'scheduled_date_orig': Timestamp('2025-11-30 00:00:00'), 'product_id': 'BMT055ECO'}
2025-11-27 12:10:41,105 - INFO - Searching for product with code: 'BMT055ECO' and old code: 'BMT055ECO'
2025-11-27 12:10:41,324 - INFO - Found product with exact match on old_product_code: 'BMT055ECO'
2025-11-27 12:10:41,390 - INFO - Using cached location ID for: 'RM03/TCI'
2025-11-27 12:10:41,390 - INFO - Row 42 has different destination: RM03/TCI
2025-11-27 12:10:41,391 - INFO - Prepared product BMT055ECO with quantity 134.0 for batch creation
2025-11-27 12:10:41,391 - INFO - Move locations - Source: 14, Dest: 1188
2025-11-27 12:10:41,392 - INFO - Processing Excel row 43: {'partner_id': 'MOGEN_OB', 'scheduled_date': Timestamp('2025-11-30 00:00:00'), 'picking_type_id': 'RM03CSI-OB', 'date_done': Timestamp('2025-11-30 00:00:00'), 'origin': 'คลังวัตถุดิบ Supplier', 'location_dest_id': 'RM03/TCI', 'default_code': 'BMT055ECO', 'product_uom_qty': 38, 'price_unit': 131.22, 'sequence': 43, 'date': Timestamp('2025-08-27 00:00:00'), 'scheduled_date_orig': Timestamp('2025-11-30 00:00:00'), 'product_id': 'BMT055ECO'}
2025-11-27 12:10:41,392 - INFO - Using cached product ID for code: 'BMT055ECO'
2025-11-27 12:10:41,392 - INFO - Using cached location ID for: 'RM03/TCI'
2025-11-27 12:10:41,393 - INFO - Row 43 has different destination: RM03/TCI
2025-11-27 12:10:41,393 - INFO - Prepared product BMT055ECO with quantity 38.0 for batch creation
2025-11-27 12:10:41,394 - INFO - Move locations - Source: 14, Dest: 1188
2025-11-27 12:10:41,394 - INFO - Processing Excel row 44: {'partner_id': 'MOGEN_OB', 'scheduled_date': Timestamp('2025-11-30 00:00:00'), 'picking_type_id': 'RM03CSI-OB', 'date_done': Timestamp('2025-11-30 00:00:00'), 'origin': 'คลังวัตถุดิบ Supplier', 'location_dest_id': 'RM03/TCI', 'default_code': 'BMA174', 'product_uom_qty': 242, 'price_unit': 31.85, 'sequence': 44, 'date': Timestamp('2025-09-23 00:00:00'), 'scheduled_date_orig': Timestamp('2025-11-30 00:00:00'), 'product_id': 'BMA174'}
2025-11-27 12:10:41,395 - INFO - Searching for product with code: 'BMA174' and old code: 'BMA174'
2025-11-27 12:10:41,602 - INFO - Found product with exact match on old_product_code: 'BMA174'
2025-11-27 12:10:41,671 - INFO - Using cached location ID for: 'RM03/TCI'
2025-11-27 12:10:41,672 - INFO - Row 44 has different destination: RM03/TCI
2025-11-27 12:10:41,672 - INFO - Prepared product BMA174 with quantity 242.0 for batch creation
2025-11-27 12:10:41,672 - INFO - Move locations - Source: 14, Dest: 1188
2025-11-27 12:10:41,673 - INFO - Processing Excel row 45: {'partner_id': 'MOGEN_OB', 'scheduled_date': Timestamp('2025-11-30 00:00:00'), 'picking_type_id': 'RM03CSI-OB', 'date_done': Timestamp('2025-11-30 00:00:00'), 'origin': 'คลังวัตถุดิบ Supplier', 'location_dest_id': 'RM03/TCI', 'default_code': 'SP0032100', 'product_uom_qty': 215, 'price_unit': 6.5, 'sequence': 45, 'date': Timestamp('2025-09-26 00:00:00'), 'scheduled_date_orig': Timestamp('2025-11-30 00:00:00'), 'product_id': 'SP0032100'}
2025-11-27 12:10:41,673 - INFO - Searching for product with code: 'SP0032100' and old code: 'SP0032100'
2025-11-27 12:10:41,752 - INFO - Found product with exact match on default_code: 'SP0032100'
2025-11-27 12:10:41,828 - INFO - Using cached location ID for: 'RM03/TCI'
2025-11-27 12:10:41,829 - INFO - Row 45 has different destination: RM03/TCI
2025-11-27 12:10:41,831 - INFO - Prepared product SP0032100 with quantity 215.0 for batch creation
2025-11-27 12:10:41,832 - INFO - Move locations - Source: 14, Dest: 1188
2025-11-27 12:10:41,833 - INFO - Processing Excel row 46: {'partner_id': 'MOGEN_OB', 'scheduled_date': Timestamp('2025-11-30 00:00:00'), 'picking_type_id': 'RM03CSI-OB', 'date_done': Timestamp('2025-11-30 00:00:00'), 'origin': 'คลังวัตถุดิบ Supplier', 'location_dest_id': 'RM03/TCI', 'default_code': 'BMT414344TCI', 'product_uom_qty': 226, 'price_unit': 99.0, 'sequence': 46, 'date': Timestamp('2025-10-20 00:00:00'), 'scheduled_date_orig': Timestamp('2025-11-30 00:00:00'), 'product_id': 'BMT414344TCI'}
2025-11-27 12:10:41,834 - INFO - Searching for product with code: 'BMT414344TCI' and old code: 'BMT414344TCI'
2025-11-27 12:10:42,042 - INFO - Found product with exact match on old_product_code: 'BMT414344TCI'
2025-11-27 12:10:42,112 - INFO - Using cached location ID for: 'RM03/TCI'
2025-11-27 12:10:42,113 - INFO - Row 46 has different destination: RM03/TCI
2025-11-27 12:10:42,114 - INFO - Prepared product BMT414344TCI with quantity 226.0 for batch creation
2025-11-27 12:10:42,115 - INFO - Move locations - Source: 14, Dest: 1188
2025-11-27 12:10:42,116 - INFO - Processing Excel row 47: {'partner_id': 'MOGEN_OB', 'scheduled_date': Timestamp('2025-11-30 00:00:00'), 'picking_type_id': 'RM03CSI-OB', 'date_done': Timestamp('2025-11-30 00:00:00'), 'origin': 'คลังวัตถุดิบ Supplier', 'location_dest_id': 'RM03/TCI', 'default_code': 'SPO004100', 'product_uom_qty': 100, 'price_unit': 63.0, 'sequence': 47, 'date': Timestamp('2025-11-14 00:00:00'), 'scheduled_date_orig': Timestamp('2025-11-30 00:00:00'), 'product_id': 'SPO004100'}
2025-11-27 12:10:42,117 - INFO - Searching for product with code: 'SPO004100' and old code: 'SPO004100'
2025-11-27 12:10:42,189 - INFO - Found product with exact match on default_code: 'SPO004100'
2025-11-27 12:10:42,260 - INFO - Using cached location ID for: 'RM03/TCI'
2025-11-27 12:10:42,261 - INFO - Row 47 has different destination: RM03/TCI
2025-11-27 12:10:42,262 - INFO - Prepared product SPO004100 with quantity 100.0 for batch creation
2025-11-27 12:10:42,263 - INFO - Move locations - Source: 14, Dest: 1188
2025-11-27 12:10:42,265 - INFO - Processing Excel row 48: {'partner_id': 'MOGEN_OB', 'scheduled_date': Timestamp('2025-11-30 00:00:00'), 'picking_type_id': 'RM03CSI-OB', 'date_done': Timestamp('2025-11-30 00:00:00'), 'origin': 'คลังวัตถุดิบ Supplier', 'location_dest_id': 'RM03/TCI', 'default_code': 'BAC051', 'product_uom_qty': 1000, 'price_unit': 6.0, 'sequence': 48, 'date': Timestamp('2025-11-20 00:00:00'), 'scheduled_date_orig': Timestamp('2025-11-30 00:00:00'), 'product_id': 'BAC051'}
2025-11-27 12:10:42,266 - INFO - Using cached product ID for code: 'BAC051'
2025-11-27 12:10:42,266 - INFO - Using cached location ID for: 'RM03/TCI'
2025-11-27 12:10:42,267 - INFO - Row 48 has different destination: RM03/TCI
2025-11-27 12:10:42,269 - INFO - Prepared product BAC051 with quantity 1000.0 for batch creation
2025-11-27 12:10:42,270 - INFO - Move locations - Source: 14, Dest: 1188
2025-11-27 12:10:42,271 - INFO - Processing Excel row 49: {'partner_id': 'MOGEN_OB', 'scheduled_date': Timestamp('2025-11-30 00:00:00'), 'picking_type_id': 'RM03CSI-OB', 'date_done': Timestamp('2025-11-30 00:00:00'), 'origin': 'คลังวัตถุดิบ Supplier', 'location_dest_id': 'RM03/TCI', 'default_code': 'BMT414344TCI', 'product_uom_qty': 300, 'price_unit': 100.0, 'sequence': 49, 'date': Timestamp('2025-11-20 00:00:00'), 'scheduled_date_orig': Timestamp('2025-11-30 00:00:00'), 'product_id': 'BMT414344TCI'}
2025-11-27 12:10:42,272 - INFO - Using cached product ID for code: 'BMT414344TCI'
2025-11-27 12:10:42,273 - INFO - Using cached location ID for: 'RM03/TCI'
2025-11-27 12:10:42,274 - INFO - Row 49 has different destination: RM03/TCI
2025-11-27 12:10:42,275 - INFO - Prepared product BMT414344TCI with quantity 300.0 for batch creation
2025-11-27 12:10:42,276 - INFO - Move locations - Source: 14, Dest: 1188
2025-11-27 12:10:42,278 - INFO - Processing Excel row 50: {'partner_id': 'MOGEN_OB', 'scheduled_date': Timestamp('2025-11-30 00:00:00'), 'picking_type_id': 'RM03CSI-OB', 'date_done': Timestamp('2025-11-30 00:00:00'), 'origin': 'คลังวัตถุดิบ Supplier', 'location_dest_id': 'RM03/WCG', 'default_code': 'NFG05-GL-00001', 'product_uom_qty': 1, 'price_unit': 4559.0, 'sequence': 50, 'date': Timestamp('2025-08-29 00:00:00'), 'scheduled_date_orig': Timestamp('2025-11-30 00:00:00'), 'product_id': 'NFG05-GL-00001'}
2025-11-27 12:10:42,279 - INFO - Searching for product with code: 'NFG05-GL-00001' and old code: 'NFG05-GL-00001'
2025-11-27 12:10:42,478 - INFO - Found product with exact match on old_product_code: 'NFG05-GL-00001'
2025-11-27 12:10:42,545 - INFO - Searching for location: 'RM03/WCG'
2025-11-27 12:10:42,742 - INFO - Found location with complete_name match: 'RM03/WCG' for 'RM03/WCG'
2025-11-27 12:10:42,744 - INFO - Row 50 has different destination: RM03/WCG
2025-11-27 12:10:42,745 - INFO - Prepared product NFG05-GL-00001 with quantity 1.0 for batch creation
2025-11-27 12:10:42,746 - INFO - Move locations - Source: 14, Dest: 1200
2025-11-27 12:10:42,748 - INFO - Processing Excel row 51: {'partner_id': 'MOGEN_OB', 'scheduled_date': Timestamp('2025-11-30 00:00:00'), 'picking_type_id': 'RM03CSI-OB', 'date_done': Timestamp('2025-11-30 00:00:00'), 'origin': 'คลังวัตถุดิบ Supplier', 'location_dest_id': 'RM03/WCG', 'default_code': 'NFG05-GL-00001', 'product_uom_qty': 1, 'price_unit': 4537.0, 'sequence': 51, 'date': Timestamp('2025-08-29 00:00:00'), 'scheduled_date_orig': Timestamp('2025-11-30 00:00:00'), 'product_id': 'NFG05-GL-00001'}
2025-11-27 12:10:42,750 - INFO - Using cached product ID for code: 'NFG05-GL-00001'
2025-11-27 12:10:42,751 - INFO - Using cached location ID for: 'RM03/WCG'
2025-11-27 12:10:42,752 - INFO - Row 51 has different destination: RM03/WCG
2025-11-27 12:10:42,753 - INFO - Prepared product NFG05-GL-00001 with quantity 1.0 for batch creation
2025-11-27 12:10:42,754 - INFO - Move locations - Source: 14, Dest: 1200
2025-11-27 12:10:42,756 - INFO - Processing Excel row 52: {'partner_id': 'MOGEN_OB', 'scheduled_date': Timestamp('2025-11-30 00:00:00'), 'picking_type_id': 'RM03CSI-OB', 'date_done': Timestamp('2025-11-30 00:00:00'), 'origin': 'คลังวัตถุดิบ Supplier', 'location_dest_id': 'RM03/WCG', 'default_code': 'NFG05-GL-00001', 'product_uom_qty': 2, 'price_unit': 4618.0, 'sequence': 52, 'date': Timestamp('2025-08-29 00:00:00'), 'scheduled_date_orig': Timestamp('2025-11-30 00:00:00'), 'product_id': 'NFG05-GL-00001'}
2025-11-27 12:10:42,758 - INFO - Using cached product ID for code: 'NFG05-GL-00001'
2025-11-27 12:10:42,759 - INFO - Using cached location ID for: 'RM03/WCG'
2025-11-27 12:10:42,760 - INFO - Row 52 has different destination: RM03/WCG
2025-11-27 12:10:42,761 - INFO - Prepared product NFG05-GL-00001 with quantity 2.0 for batch creation
2025-11-27 12:10:42,762 - INFO - Move locations - Source: 14, Dest: 1200
2025-11-27 12:10:42,764 - INFO - Processing Excel row 53: {'partner_id': 'MOGEN_OB', 'scheduled_date': Timestamp('2025-11-30 00:00:00'), 'picking_type_id': 'RM03CSI-OB', 'date_done': Timestamp('2025-11-30 00:00:00'), 'origin': 'คลังวัตถุดิบ Supplier', 'location_dest_id': 'RM03/WCG', 'default_code': 'NFG05-GL-00001', 'product_uom_qty': 1, 'price_unit': 5063.0, 'sequence': 53, 'date': Timestamp('2025-08-29 00:00:00'), 'scheduled_date_orig': Timestamp('2025-11-30 00:00:00'), 'product_id': 'NFG05-GL-00001'}
2025-11-27 12:10:42,766 - INFO - Using cached product ID for code: 'NFG05-GL-00001'
2025-11-27 12:10:42,767 - INFO - Using cached location ID for: 'RM03/WCG'
2025-11-27 12:10:42,768 - INFO - Row 53 has different destination: RM03/WCG
2025-11-27 12:10:42,769 - INFO - Prepared product NFG05-GL-00001 with quantity 1.0 for batch creation
2025-11-27 12:10:42,769 - INFO - Move locations - Source: 14, Dest: 1200
2025-11-27 12:10:42,770 - INFO - Processing Excel row 54: {'partner_id': 'MOGEN_OB', 'scheduled_date': Timestamp('2025-11-30 00:00:00'), 'picking_type_id': 'RM03CSI-OB', 'date_done': Timestamp('2025-11-30 00:00:00'), 'origin': 'คลังวัตถุดิบ Supplier', 'location_dest_id': 'RM03/WCG', 'default_code': 'NFG05-GL-00001', 'product_uom_qty': 1, 'price_unit': 4610.0, 'sequence': 54, 'date': Timestamp('2025-08-29 00:00:00'), 'scheduled_date_orig': Timestamp('2025-11-30 00:00:00'), 'product_id': 'NFG05-GL-00001'}
2025-11-27 12:10:42,771 - INFO - Using cached product ID for code: 'NFG05-GL-00001'
2025-11-27 12:10:42,771 - INFO - Using cached location ID for: 'RM03/WCG'
2025-11-27 12:10:42,772 - INFO - Row 54 has different destination: RM03/WCG
2025-11-27 12:10:42,773 - INFO - Prepared product NFG05-GL-00001 with quantity 1.0 for batch creation
2025-11-27 12:10:42,773 - INFO - Move locations - Source: 14, Dest: 1200
2025-11-27 12:10:42,774 - INFO - Processing Excel row 55: {'partner_id': 'MOGEN_OB', 'scheduled_date': Timestamp('2025-11-30 00:00:00'), 'picking_type_id': 'RM03CSI-OB', 'date_done': Timestamp('2025-11-30 00:00:00'), 'origin': 'คลังวัตถุดิบ Supplier', 'location_dest_id': 'RM03/WCG', 'default_code': 'NFG05-GL-00001', 'product_uom_qty': 3, 'price_unit': 4584.0, 'sequence': 55, 'date': Timestamp('2025-08-29 00:00:00'), 'scheduled_date_orig': Timestamp('2025-11-30 00:00:00'), 'product_id': 'NFG05-GL-00001'}
2025-11-27 12:10:42,774 - INFO - Using cached product ID for code: 'NFG05-GL-00001'
2025-11-27 12:10:42,775 - INFO - Using cached location ID for: 'RM03/WCG'
2025-11-27 12:10:42,775 - INFO - Row 55 has different destination: RM03/WCG
2025-11-27 12:10:42,776 - INFO - Prepared product NFG05-GL-00001 with quantity 3.0 for batch creation
2025-11-27 12:10:42,776 - INFO - Move locations - Source: 14, Dest: 1200
2025-11-27 12:10:42,777 - INFO - Processing Excel row 56: {'partner_id': 'MOGEN_OB', 'scheduled_date': Timestamp('2025-11-30 00:00:00'), 'picking_type_id': 'RM03CSI-OB', 'date_done': Timestamp('2025-11-30 00:00:00'), 'origin': 'คลังวัตถุดิบ Supplier', 'location_dest_id': 'RM03/WCG', 'default_code': 'NFG05-GL-00001', 'product_uom_qty': 1, 'price_unit': 6303.0, 'sequence': 56, 'date': Timestamp('2025-08-29 00:00:00'), 'scheduled_date_orig': Timestamp('2025-11-30 00:00:00'), 'product_id': 'NFG05-GL-00001'}
2025-11-27 12:10:42,777 - INFO - Using cached product ID for code: 'NFG05-GL-00001'
2025-11-27 12:10:42,778 - INFO - Using cached location ID for: 'RM03/WCG'
2025-11-27 12:10:42,778 - INFO - Row 56 has different destination: RM03/WCG
2025-11-27 12:10:42,779 - INFO - Prepared product NFG05-GL-00001 with quantity 1.0 for batch creation
2025-11-27 12:10:42,779 - INFO - Move locations - Source: 14, Dest: 1200
2025-11-27 12:10:42,780 - INFO - Processing Excel row 57: {'partner_id': 'MOGEN_OB', 'scheduled_date': Timestamp('2025-11-30 00:00:00'), 'picking_type_id': 'RM03CSI-OB', 'date_done': Timestamp('2025-11-30 00:00:00'), 'origin': 'คลังวัตถุดิบ Supplier', 'location_dest_id': 'RM03/WCG', 'default_code': 'NFG05-GL-00001', 'product_uom_qty': 1, 'price_unit': 4844.0, 'sequence': 57, 'date': Timestamp('2025-08-29 00:00:00'), 'scheduled_date_orig': Timestamp('2025-11-30 00:00:00'), 'product_id': 'NFG05-GL-00001'}
2025-11-27 12:10:42,780 - INFO - Using cached product ID for code: 'NFG05-GL-00001'
2025-11-27 12:10:42,780 - INFO - Using cached location ID for: 'RM03/WCG'
2025-11-27 12:10:42,781 - INFO - Row 57 has different destination: RM03/WCG
2025-11-27 12:10:42,781 - INFO - Prepared product NFG05-GL-00001 with quantity 1.0 for batch creation
2025-11-27 12:10:42,782 - INFO - Move locations - Source: 14, Dest: 1200
2025-11-27 12:10:42,782 - INFO - Processing Excel row 58: {'partner_id': 'MOGEN_OB', 'scheduled_date': Timestamp('2025-11-30 00:00:00'), 'picking_type_id': 'RM03CSI-OB', 'date_done': Timestamp('2025-11-30 00:00:00'), 'origin': 'คลังวัตถุดิบ Supplier', 'location_dest_id': 'RM03/WCG', 'default_code': 'NFG05-GL-00001', 'product_uom_qty': 1, 'price_unit': 5390.0, 'sequence': 58, 'date': Timestamp('2025-08-29 00:00:00'), 'scheduled_date_orig': Timestamp('2025-11-30 00:00:00'), 'product_id': 'NFG05-GL-00001'}
2025-11-27 12:10:42,783 - INFO - Using cached product ID for code: 'NFG05-GL-00001'
2025-11-27 12:10:42,783 - INFO - Using cached location ID for: 'RM03/WCG'
2025-11-27 12:10:42,783 - INFO - Row 58 has different destination: RM03/WCG
2025-11-27 12:10:42,784 - INFO - Prepared product NFG05-GL-00001 with quantity 1.0 for batch creation
2025-11-27 12:10:42,784 - INFO - Move locations - Source: 14, Dest: 1200
2025-11-27 12:10:42,784 - INFO - Processing Excel row 59: {'partner_id': 'MOGEN_OB', 'scheduled_date': Timestamp('2025-11-30 00:00:00'), 'picking_type_id': 'RM03CSI-OB', 'date_done': Timestamp('2025-11-30 00:00:00'), 'origin': 'คลังวัตถุดิบ Supplier', 'location_dest_id': 'RM03/WCG', 'default_code': 'NFG05-GL-00001', 'product_uom_qty': 1, 'price_unit': 5613.0, 'sequence': 59, 'date': Timestamp('2025-08-29 00:00:00'), 'scheduled_date_orig': Timestamp('2025-11-30 00:00:00'), 'product_id': 'NFG05-GL-00001'}
2025-11-27 12:10:42,785 - INFO - Using cached product ID for code: 'NFG05-GL-00001'
2025-11-27 12:10:42,785 - INFO - Using cached location ID for: 'RM03/WCG'
2025-11-27 12:10:42,785 - INFO - Row 59 has different destination: RM03/WCG
2025-11-27 12:10:42,786 - INFO - Prepared product NFG05-GL-00001 with quantity 1.0 for batch creation
2025-11-27 12:10:42,786 - INFO - Move locations - Source: 14, Dest: 1200
2025-11-27 12:10:42,787 - INFO - Processing Excel row 60: {'partner_id': 'MOGEN_OB', 'scheduled_date': Timestamp('2025-11-30 00:00:00'), 'picking_type_id': 'RM03CSI-OB', 'date_done': Timestamp('2025-11-30 00:00:00'), 'origin': 'คลังวัตถุดิบ Supplier', 'location_dest_id': 'RM03/WCG', 'default_code': 'NFG05-GL-00001', 'product_uom_qty': 1, 'price_unit': 5394.0, 'sequence': 60, 'date': Timestamp('2025-08-29 00:00:00'), 'scheduled_date_orig': Timestamp('2025-11-30 00:00:00'), 'product_id': 'NFG05-GL-00001'}
2025-11-27 12:10:42,787 - INFO - Using cached product ID for code: 'NFG05-GL-00001'
2025-11-27 12:10:42,787 - INFO - Using cached location ID for: 'RM03/WCG'
2025-11-27 12:10:42,787 - INFO - Row 60 has different destination: RM03/WCG
2025-11-27 12:10:42,788 - INFO - Prepared product NFG05-GL-00001 with quantity 1.0 for batch creation
2025-11-27 12:10:42,788 - INFO - Move locations - Source: 14, Dest: 1200
2025-11-27 12:10:42,788 - INFO - Processing Excel row 61: {'partner_id': 'MOGEN_OB', 'scheduled_date': Timestamp('2025-11-30 00:00:00'), 'picking_type_id': 'RM03CSI-OB', 'date_done': Timestamp('2025-11-30 00:00:00'), 'origin': 'คลังวัตถุดิบ Supplier', 'location_dest_id': 'RM03/WCG', 'default_code': 'NFG05-GL-00001', 'product_uom_qty': 1, 'price_unit': 6595.0, 'sequence': 61, 'date': Timestamp('2025-08-29 00:00:00'), 'scheduled_date_orig': Timestamp('2025-11-30 00:00:00'), 'product_id': 'NFG05-GL-00001'}
2025-11-27 12:10:42,789 - INFO - Using cached product ID for code: 'NFG05-GL-00001'
2025-11-27 12:10:42,789 - INFO - Using cached location ID for: 'RM03/WCG'
2025-11-27 12:10:42,789 - INFO - Row 61 has different destination: RM03/WCG
2025-11-27 12:10:42,789 - INFO - Prepared product NFG05-GL-00001 with quantity 1.0 for batch creation
2025-11-27 12:10:42,790 - INFO - Move locations - Source: 14, Dest: 1200
2025-11-27 12:10:42,790 - INFO - Processing Excel row 62: {'partner_id': 'MOGEN_OB', 'scheduled_date': Timestamp('2025-11-30 00:00:00'), 'picking_type_id': 'RM03CSI-OB', 'date_done': Timestamp('2025-11-30 00:00:00'), 'origin': 'คลังวัตถุดิบ Supplier', 'location_dest_id': 'RM03/WCG', 'default_code': 'NFG05-GL-00001', 'product_uom_qty': 1, 'price_unit': 5823.0, 'sequence': 62, 'date': Timestamp('2025-08-29 00:00:00'), 'scheduled_date_orig': Timestamp('2025-11-30 00:00:00'), 'product_id': 'NFG05-GL-00001'}
2025-11-27 12:10:42,790 - INFO - Using cached product ID for code: 'NFG05-GL-00001'
2025-11-27 12:10:42,791 - INFO - Using cached location ID for: 'RM03/WCG'
2025-11-27 12:10:42,791 - INFO - Row 62 has different destination: RM03/WCG
2025-11-27 12:10:42,791 - INFO - Prepared product NFG05-GL-00001 with quantity 1.0 for batch creation
2025-11-27 12:10:42,791 - INFO - Move locations - Source: 14, Dest: 1200
2025-11-27 12:10:42,792 - INFO - Processing Excel row 63: {'partner_id': 'MOGEN_OB', 'scheduled_date': Timestamp('2025-11-30 00:00:00'), 'picking_type_id': 'RM03CSI-OB', 'date_done': Timestamp('2025-11-30 00:00:00'), 'origin': 'คลังวัตถุดิบ Supplier', 'location_dest_id': 'RM03/WCG', 'default_code': 'NFG05-GL-00001', 'product_uom_qty': 1, 'price_unit': 5510.0, 'sequence': 63, 'date': Timestamp('2025-08-29 00:00:00'), 'scheduled_date_orig': Timestamp('2025-11-30 00:00:00'), 'product_id': 'NFG05-GL-00001'}
2025-11-27 12:10:42,792 - INFO - Using cached product ID for code: 'NFG05-GL-00001'
2025-11-27 12:10:42,792 - INFO - Using cached location ID for: 'RM03/WCG'
2025-11-27 12:10:42,792 - INFO - Row 63 has different destination: RM03/WCG
2025-11-27 12:10:42,793 - INFO - Prepared product NFG05-GL-00001 with quantity 1.0 for batch creation
2025-11-27 12:10:42,793 - INFO - Move locations - Source: 14, Dest: 1200
2025-11-27 12:10:42,794 - INFO - Processing Excel row 64: {'partner_id': 'MOGEN_OB', 'scheduled_date': Timestamp('2025-11-30 00:00:00'), 'picking_type_id': 'RM03CSI-OB', 'date_done': Timestamp('2025-11-30 00:00:00'), 'origin': 'คลังวัตถุดิบ Supplier', 'location_dest_id': 'RM03/WCG', 'default_code': 'NFG05-GL-00001', 'product_uom_qty': 1, 'price_unit': 5278.0, 'sequence': 64, 'date': Timestamp('2025-08-29 00:00:00'), 'scheduled_date_orig': Timestamp('2025-11-30 00:00:00'), 'product_id': 'NFG05-GL-00001'}
2025-11-27 12:10:42,795 - INFO - Using cached product ID for code: 'NFG05-GL-00001'
2025-11-27 12:10:42,795 - INFO - Using cached location ID for: 'RM03/WCG'
2025-11-27 12:10:42,795 - INFO - Row 64 has different destination: RM03/WCG
2025-11-27 12:10:42,796 - INFO - Prepared product NFG05-GL-00001 with quantity 1.0 for batch creation
2025-11-27 12:10:42,796 - INFO - Move locations - Source: 14, Dest: 1200
2025-11-27 12:10:42,797 - INFO - Processing Excel row 65: {'partner_id': 'MOGEN_OB', 'scheduled_date': Timestamp('2025-11-30 00:00:00'), 'picking_type_id': 'RM03CSI-OB', 'date_done': Timestamp('2025-11-30 00:00:00'), 'origin': 'คลังวัตถุดิบ Supplier', 'location_dest_id': 'RM03/WCG', 'default_code': 'NFG05-GL-00001', 'product_uom_qty': 1, 'price_unit': 6411.0, 'sequence': 65, 'date': Timestamp('2025-08-29 00:00:00'), 'scheduled_date_orig': Timestamp('2025-11-30 00:00:00'), 'product_id': 'NFG05-GL-00001'}
2025-11-27 12:10:42,797 - INFO - Using cached product ID for code: 'NFG05-GL-00001'
2025-11-27 12:10:42,797 - INFO - Using cached location ID for: 'RM03/WCG'
2025-11-27 12:10:42,798 - INFO - Row 65 has different destination: RM03/WCG
2025-11-27 12:10:42,798 - INFO - Prepared product NFG05-GL-00001 with quantity 1.0 for batch creation
2025-11-27 12:10:42,798 - INFO - Move locations - Source: 14, Dest: 1200
2025-11-27 12:10:42,798 - INFO - Processing Excel row 66: {'partner_id': 'MOGEN_OB', 'scheduled_date': Timestamp('2025-11-30 00:00:00'), 'picking_type_id': 'RM03CSI-OB', 'date_done': Timestamp('2025-11-30 00:00:00'), 'origin': 'คลังวัตถุดิบ Supplier', 'location_dest_id': 'RM03/WCG', 'default_code': 'NFG05-GL-00001', 'product_uom_qty': 1, 'price_unit': 5585.0, 'sequence': 66, 'date': Timestamp('2025-08-29 00:00:00'), 'scheduled_date_orig': Timestamp('2025-11-30 00:00:00'), 'product_id': 'NFG05-GL-00001'}
2025-11-27 12:10:42,799 - INFO - Using cached product ID for code: 'NFG05-GL-00001'
2025-11-27 12:10:42,799 - INFO - Using cached location ID for: 'RM03/WCG'
2025-11-27 12:10:42,799 - INFO - Row 66 has different destination: RM03/WCG
2025-11-27 12:10:42,799 - INFO - Prepared product NFG05-GL-00001 with quantity 1.0 for batch creation
2025-11-27 12:10:42,800 - INFO - Move locations - Source: 14, Dest: 1200
2025-11-27 12:10:42,800 - INFO - Processing Excel row 67: {'partner_id': 'MOGEN_OB', 'scheduled_date': Timestamp('2025-11-30 00:00:00'), 'picking_type_id': 'RM03CSI-OB', 'date_done': Timestamp('2025-11-30 00:00:00'), 'origin': 'คลังวัตถุดิบ Supplier', 'location_dest_id': 'RM03/WCG', 'default_code': 'NFG05-GL-00001', 'product_uom_qty': 1, 'price_unit': 5093.0, 'sequence': 67, 'date': Timestamp('2025-08-29 00:00:00'), 'scheduled_date_orig': Timestamp('2025-11-30 00:00:00'), 'product_id': 'NFG05-GL-00001'}
2025-11-27 12:10:42,800 - INFO - Using cached product ID for code: 'NFG05-GL-00001'
2025-11-27 12:10:42,801 - INFO - Using cached location ID for: 'RM03/WCG'
2025-11-27 12:10:42,801 - INFO - Row 67 has different destination: RM03/WCG
2025-11-27 12:10:42,801 - INFO - Prepared product NFG05-GL-00001 with quantity 1.0 for batch creation
2025-11-27 12:10:42,801 - INFO - Move locations - Source: 14, Dest: 1200
2025-11-27 12:10:42,802 - INFO - Processing Excel row 68: {'partner_id': 'MOGEN_OB', 'scheduled_date': Timestamp('2025-11-30 00:00:00'), 'picking_type_id': 'RM03CSI-OB', 'date_done': Timestamp('2025-11-30 00:00:00'), 'origin': 'คลังวัตถุดิบ Supplier', 'location_dest_id': 'RM03/WCG', 'default_code': 'NFG05-GL-00001', 'product_uom_qty': 1, 'price_unit': 3384.0, 'sequence': 68, 'date': Timestamp('2025-08-29 00:00:00'), 'scheduled_date_orig': Timestamp('2025-11-30 00:00:00'), 'product_id': 'NFG05-GL-00001'}
2025-11-27 12:10:42,802 - INFO - Using cached product ID for code: 'NFG05-GL-00001'
2025-11-27 12:10:42,802 - INFO - Using cached location ID for: 'RM03/WCG'
2025-11-27 12:10:42,803 - INFO - Row 68 has different destination: RM03/WCG
2025-11-27 12:10:42,803 - INFO - Prepared product NFG05-GL-00001 with quantity 1.0 for batch creation
2025-11-27 12:10:42,803 - INFO - Move locations - Source: 14, Dest: 1200
2025-11-27 12:10:42,803 - INFO - Processing Excel row 69: {'partner_id': 'MOGEN_OB', 'scheduled_date': Timestamp('2025-11-30 00:00:00'), 'picking_type_id': 'RM03CSI-OB', 'date_done': Timestamp('2025-11-30 00:00:00'), 'origin': 'คลังวัตถุดิบ Supplier', 'location_dest_id': 'RM03/WCG', 'default_code': 'NFG05-GL-00001', 'product_uom_qty': 1, 'price_unit': 3384.0, 'sequence': 69, 'date': Timestamp('2025-08-29 00:00:00'), 'scheduled_date_orig': Timestamp('2025-11-30 00:00:00'), 'product_id': 'NFG05-GL-00001'}
2025-11-27 12:10:42,804 - INFO - Using cached product ID for code: 'NFG05-GL-00001'
2025-11-27 12:10:42,804 - INFO - Using cached location ID for: 'RM03/WCG'
2025-11-27 12:10:42,804 - INFO - Row 69 has different destination: RM03/WCG
2025-11-27 12:10:42,804 - INFO - Prepared product NFG05-GL-00001 with quantity 1.0 for batch creation
2025-11-27 12:10:42,804 - INFO - Move locations - Source: 14, Dest: 1200
2025-11-27 12:10:42,805 - INFO - Processing Excel row 70: {'partner_id': 'MOGEN_OB', 'scheduled_date': Timestamp('2025-11-30 00:00:00'), 'picking_type_id': 'RM03CSI-OB', 'date_done': Timestamp('2025-11-30 00:00:00'), 'origin': 'คลังวัตถุดิบ Supplier', 'location_dest_id': 'RM03/WCG', 'default_code': 'NFG05-GL-00001', 'product_uom_qty': 1, 'price_unit': 3986.0, 'sequence': 70, 'date': Timestamp('2025-08-29 00:00:00'), 'scheduled_date_orig': Timestamp('2025-11-30 00:00:00'), 'product_id': 'NFG05-GL-00001'}
2025-11-27 12:10:42,805 - INFO - Using cached product ID for code: 'NFG05-GL-00001'
2025-11-27 12:10:42,805 - INFO - Using cached location ID for: 'RM03/WCG'
2025-11-27 12:10:42,806 - INFO - Row 70 has different destination: RM03/WCG
2025-11-27 12:10:42,806 - INFO - Prepared product NFG05-GL-00001 with quantity 1.0 for batch creation
2025-11-27 12:10:42,806 - INFO - Move locations - Source: 14, Dest: 1200
2025-11-27 12:10:42,806 - INFO - Processing Excel row 71: {'partner_id': 'MOGEN_OB', 'scheduled_date': Timestamp('2025-11-30 00:00:00'), 'picking_type_id': 'RM03CSI-OB', 'date_done': Timestamp('2025-11-30 00:00:00'), 'origin': 'คลังวัตถุดิบ Supplier', 'location_dest_id': 'RM03/WCG', 'default_code': 'NFG05-GL-00001', 'product_uom_qty': 1, 'price_unit': 4198.0, 'sequence': 71, 'date': Timestamp('2025-08-29 00:00:00'), 'scheduled_date_orig': Timestamp('2025-11-30 00:00:00'), 'product_id': 'NFG05-GL-00001'}
2025-11-27 12:10:42,807 - INFO - Using cached product ID for code: 'NFG05-GL-00001'
2025-11-27 12:10:42,807 - INFO - Using cached location ID for: 'RM03/WCG'
2025-11-27 12:10:42,807 - INFO - Row 71 has different destination: RM03/WCG
2025-11-27 12:10:42,807 - INFO - Prepared product NFG05-GL-00001 with quantity 1.0 for batch creation
2025-11-27 12:10:42,807 - INFO - Move locations - Source: 14, Dest: 1200
2025-11-27 12:10:42,808 - INFO - Processing Excel row 72: {'partner_id': 'MOGEN_OB', 'scheduled_date': Timestamp('2025-11-30 00:00:00'), 'picking_type_id': 'RM03CSI-OB', 'date_done': Timestamp('2025-11-30 00:00:00'), 'origin': 'คลังวัตถุดิบ Supplier', 'location_dest_id': 'RM03/WCG', 'default_code': 'NFG05-GL-00001', 'product_uom_qty': 1, 'price_unit': 4405.0, 'sequence': 72, 'date': Timestamp('2025-08-29 00:00:00'), 'scheduled_date_orig': Timestamp('2025-11-30 00:00:00'), 'product_id': 'NFG05-GL-00001'}
2025-11-27 12:10:42,808 - INFO - Using cached product ID for code: 'NFG05-GL-00001'
2025-11-27 12:10:42,808 - INFO - Using cached location ID for: 'RM03/WCG'
2025-11-27 12:10:42,808 - INFO - Row 72 has different destination: RM03/WCG
2025-11-27 12:10:42,808 - INFO - Prepared product NFG05-GL-00001 with quantity 1.0 for batch creation
2025-11-27 12:10:42,809 - INFO - Move locations - Source: 14, Dest: 1200
2025-11-27 12:10:42,809 - INFO - Processing Excel row 73: {'partner_id': 'MOGEN_OB', 'scheduled_date': Timestamp('2025-11-30 00:00:00'), 'picking_type_id': 'RM03CSI-OB', 'date_done': Timestamp('2025-11-30 00:00:00'), 'origin': 'คลังวัตถุดิบ Supplier', 'location_dest_id': 'RM03/WCG', 'default_code': 'NFG05-GL-00001', 'product_uom_qty': 1, 'price_unit': 4333.0, 'sequence': 73, 'date': Timestamp('2025-08-29 00:00:00'), 'scheduled_date_orig': Timestamp('2025-11-30 00:00:00'), 'product_id': 'NFG05-GL-00001'}
2025-11-27 12:10:42,809 - INFO - Using cached product ID for code: 'NFG05-GL-00001'
2025-11-27 12:10:42,809 - INFO - Using cached location ID for: 'RM03/WCG'
2025-11-27 12:10:42,810 - INFO - Row 73 has different destination: RM03/WCG
2025-11-27 12:10:42,810 - INFO - Prepared product NFG05-GL-00001 with quantity 1.0 for batch creation
2025-11-27 12:10:42,810 - INFO - Move locations - Source: 14, Dest: 1200
2025-11-27 12:10:42,811 - INFO - Processing Excel row 74: {'partner_id': 'MOGEN_OB', 'scheduled_date': Timestamp('2025-11-30 00:00:00'), 'picking_type_id': 'RM03CSI-OB', 'date_done': Timestamp('2025-11-30 00:00:00'), 'origin': 'คลังวัตถุดิบ Supplier', 'location_dest_id': 'RM03/WCG', 'default_code': 'NFG05-GL-00001', 'product_uom_qty': 2, 'price_unit': 3971.0, 'sequence': 74, 'date': Timestamp('2025-08-29 00:00:00'), 'scheduled_date_orig': Timestamp('2025-11-30 00:00:00'), 'product_id': 'NFG05-GL-00001'}
2025-11-27 12:10:42,812 - INFO - Using cached product ID for code: 'NFG05-GL-00001'
2025-11-27 12:10:42,812 - INFO - Using cached location ID for: 'RM03/WCG'
2025-11-27 12:10:42,813 - INFO - Row 74 has different destination: RM03/WCG
2025-11-27 12:10:42,813 - INFO - Prepared product NFG05-GL-00001 with quantity 2.0 for batch creation
2025-11-27 12:10:42,813 - INFO - Move locations - Source: 14, Dest: 1200
2025-11-27 12:10:42,814 - INFO - Processing Excel row 75: {'partner_id': 'MOGEN_OB', 'scheduled_date': Timestamp('2025-11-30 00:00:00'), 'picking_type_id': 'RM03CSI-OB', 'date_done': Timestamp('2025-11-30 00:00:00'), 'origin': 'คลังวัตถุดิบ Supplier', 'location_dest_id': 'RM03/WCG', 'default_code': 'NFG05-GL-00001', 'product_uom_qty': 5, 'price_unit': 3670.0, 'sequence': 75, 'date': Timestamp('2025-08-29 00:00:00'), 'scheduled_date_orig': Timestamp('2025-11-30 00:00:00'), 'product_id': 'NFG05-GL-00001'}
2025-11-27 12:10:42,814 - INFO - Using cached product ID for code: 'NFG05-GL-00001'
2025-11-27 12:10:42,814 - INFO - Using cached location ID for: 'RM03/WCG'
2025-11-27 12:10:42,815 - INFO - Row 75 has different destination: RM03/WCG
2025-11-27 12:10:42,815 - INFO - Prepared product NFG05-GL-00001 with quantity 5.0 for batch creation
2025-11-27 12:10:42,815 - INFO - Move locations - Source: 14, Dest: 1200
2025-11-27 12:10:42,815 - INFO - Processing Excel row 76: {'partner_id': 'MOGEN_OB', 'scheduled_date': Timestamp('2025-11-30 00:00:00'), 'picking_type_id': 'RM03CSI-OB', 'date_done': Timestamp('2025-11-30 00:00:00'), 'origin': 'คลังวัตถุดิบ Supplier', 'location_dest_id': 'RM03/WCG', 'default_code': 'NFG05-GL-00001', 'product_uom_qty': 1, 'price_unit': 3764.0, 'sequence': 76, 'date': Timestamp('2025-08-29 00:00:00'), 'scheduled_date_orig': Timestamp('2025-11-30 00:00:00'), 'product_id': 'NFG05-GL-00001'}
2025-11-27 12:10:42,816 - INFO - Using cached product ID for code: 'NFG05-GL-00001'
2025-11-27 12:10:42,816 - INFO - Using cached location ID for: 'RM03/WCG'
2025-11-27 12:10:42,816 - INFO - Row 76 has different destination: RM03/WCG
2025-11-27 12:10:42,816 - INFO - Prepared product NFG05-GL-00001 with quantity 1.0 for batch creation
2025-11-27 12:10:42,817 - INFO - Move locations - Source: 14, Dest: 1200
2025-11-27 12:10:42,817 - INFO - Processing Excel row 77: {'partner_id': 'MOGEN_OB', 'scheduled_date': Timestamp('2025-11-30 00:00:00'), 'picking_type_id': 'RM03CSI-OB', 'date_done': Timestamp('2025-11-30 00:00:00'), 'origin': 'คลังวัตถุดิบ Supplier', 'location_dest_id': 'RM03/WCG', 'default_code': 'NFG05-GL-00001', 'product_uom_qty': 1, 'price_unit': 4374.0, 'sequence': 77, 'date': Timestamp('2025-08-29 00:00:00'), 'scheduled_date_orig': Timestamp('2025-11-30 00:00:00'), 'product_id': 'NFG05-GL-00001'}
2025-11-27 12:10:42,817 - INFO - Using cached product ID for code: 'NFG05-GL-00001'
2025-11-27 12:10:42,817 - INFO - Using cached location ID for: 'RM03/WCG'
2025-11-27 12:10:42,818 - INFO - Row 77 has different destination: RM03/WCG
2025-11-27 12:10:42,818 - INFO - Prepared product NFG05-GL-00001 with quantity 1.0 for batch creation
2025-11-27 12:10:42,818 - INFO - Move locations - Source: 14, Dest: 1200
2025-11-27 12:10:42,818 - INFO - Processing Excel row 78: {'partner_id': 'MOGEN_OB', 'scheduled_date': Timestamp('2025-11-30 00:00:00'), 'picking_type_id': 'RM03CSI-OB', 'date_done': Timestamp('2025-11-30 00:00:00'), 'origin': 'คลังวัตถุดิบ Supplier', 'location_dest_id': 'RM03/WCG', 'default_code': 'NFG05-GL-00001', 'product_uom_qty': 3, 'price_unit': 4543.0, 'sequence': 78, 'date': Timestamp('2025-08-29 00:00:00'), 'scheduled_date_orig': Timestamp('2025-11-30 00:00:00'), 'product_id': 'NFG05-GL-00001'}
2025-11-27 12:10:42,819 - INFO - Using cached product ID for code: 'NFG05-GL-00001'
2025-11-27 12:10:42,819 - INFO - Using cached location ID for: 'RM03/WCG'
2025-11-27 12:10:42,819 - INFO - Row 78 has different destination: RM03/WCG
2025-11-27 12:10:42,819 - INFO - Prepared product NFG05-GL-00001 with quantity 3.0 for batch creation
2025-11-27 12:10:42,819 - INFO - Move locations - Source: 14, Dest: 1200
2025-11-27 12:10:42,820 - INFO - Processing Excel row 79: {'partner_id': 'MOGEN_OB', 'scheduled_date': Timestamp('2025-11-30 00:00:00'), 'picking_type_id': 'RM03CSI-OB', 'date_done': Timestamp('2025-11-30 00:00:00'), 'origin': 'คลังวัตถุดิบ Supplier', 'location_dest_id': 'RM03/WCG', 'default_code': 'NFG05-GL-00001', 'product_uom_qty': 4, 'price_unit': 3805.0, 'sequence': 79, 'date': Timestamp('2025-08-29 00:00:00'), 'scheduled_date_orig': Timestamp('2025-11-30 00:00:00'), 'product_id': 'NFG05-GL-00001'}
2025-11-27 12:10:42,820 - INFO - Using cached product ID for code: 'NFG05-GL-00001'
2025-11-27 12:10:42,820 - INFO - Using cached location ID for: 'RM03/WCG'
2025-11-27 12:10:42,821 - INFO - Row 79 has different destination: RM03/WCG
2025-11-27 12:10:42,821 - INFO - Prepared product NFG05-GL-00001 with quantity 4.0 for batch creation
2025-11-27 12:10:42,821 - INFO - Move locations - Source: 14, Dest: 1200
2025-11-27 12:10:42,821 - INFO - Processing Excel row 80: {'partner_id': 'MOGEN_OB', 'scheduled_date': Timestamp('2025-11-30 00:00:00'), 'picking_type_id': 'RM03CSI-OB', 'date_done': Timestamp('2025-11-30 00:00:00'), 'origin': 'คลังวัตถุดิบ Supplier', 'location_dest_id': 'RM03/WCG', 'default_code': 'NFG05-GL-00001', 'product_uom_qty': 2, 'price_unit': 3971.0, 'sequence': 80, 'date': Timestamp('2025-08-29 00:00:00'), 'scheduled_date_orig': Timestamp('2025-11-30 00:00:00'), 'product_id': 'NFG05-GL-00001'}
2025-11-27 12:10:42,822 - INFO - Using cached product ID for code: 'NFG05-GL-00001'
2025-11-27 12:10:42,822 - INFO - Using cached location ID for: 'RM03/WCG'
2025-11-27 12:10:42,822 - INFO - Row 80 has different destination: RM03/WCG
2025-11-27 12:10:42,822 - INFO - Prepared product NFG05-GL-00001 with quantity 2.0 for batch creation
2025-11-27 12:10:42,822 - INFO - Move locations - Source: 14, Dest: 1200
2025-11-27 12:10:42,823 - INFO - Processing Excel row 81: {'partner_id': 'MOGEN_OB', 'scheduled_date': Timestamp('2025-11-30 00:00:00'), 'picking_type_id': 'RM03CSI-OB', 'date_done': Timestamp('2025-11-30 00:00:00'), 'origin': 'คลังวัตถุดิบ Supplier', 'location_dest_id': 'RM03/WCG', 'default_code': 'NFG05-GL-00001', 'product_uom_qty': 1, 'price_unit': 4089.0, 'sequence': 81, 'date': Timestamp('2025-08-29 00:00:00'), 'scheduled_date_orig': Timestamp('2025-11-30 00:00:00'), 'product_id': 'NFG05-GL-00001'}
2025-11-27 12:10:42,823 - INFO - Using cached product ID for code: 'NFG05-GL-00001'
2025-11-27 12:10:42,823 - INFO - Using cached location ID for: 'RM03/WCG'
2025-11-27 12:10:42,823 - INFO - Row 81 has different destination: RM03/WCG
2025-11-27 12:10:42,823 - INFO - Prepared product NFG05-GL-00001 with quantity 1.0 for batch creation
2025-11-27 12:10:42,824 - INFO - Move locations - Source: 14, Dest: 1200
2025-11-27 12:10:42,824 - INFO - Processing Excel row 82: {'partner_id': 'MOGEN_OB', 'scheduled_date': Timestamp('2025-11-30 00:00:00'), 'picking_type_id': 'RM03CSI-OB', 'date_done': Timestamp('2025-11-30 00:00:00'), 'origin': 'คลังวัตถุดิบ Supplier', 'location_dest_id': 'RM03/WCG', 'default_code': 'NFG05-GL-00001', 'product_uom_qty': 1, 'price_unit': 3140.0, 'sequence': 82, 'date': Timestamp('2025-08-29 00:00:00'), 'scheduled_date_orig': Timestamp('2025-11-30 00:00:00'), 'product_id': 'NFG05-GL-00001'}
2025-11-27 12:10:42,824 - INFO - Using cached product ID for code: 'NFG05-GL-00001'
2025-11-27 12:10:42,824 - INFO - Using cached location ID for: 'RM03/WCG'
2025-11-27 12:10:42,824 - INFO - Row 82 has different destination: RM03/WCG
2025-11-27 12:10:42,825 - INFO - Prepared product NFG05-GL-00001 with quantity 1.0 for batch creation
2025-11-27 12:10:42,825 - INFO - Move locations - Source: 14, Dest: 1200
2025-11-27 12:10:42,825 - INFO - Processing Excel row 83: {'partner_id': 'MOGEN_OB', 'scheduled_date': Timestamp('2025-11-30 00:00:00'), 'picking_type_id': 'RM03CSI-OB', 'date_done': Timestamp('2025-11-30 00:00:00'), 'origin': 'คลังวัตถุดิบ Supplier', 'location_dest_id': 'RM03/WCG', 'default_code': 'NFG05-GL-00001', 'product_uom_qty': 2, 'price_unit': 2652.0, 'sequence': 83, 'date': Timestamp('2025-08-29 00:00:00'), 'scheduled_date_orig': Timestamp('2025-11-30 00:00:00'), 'product_id': 'NFG05-GL-00001'}
2025-11-27 12:10:42,825 - INFO - Using cached product ID for code: 'NFG05-GL-00001'
2025-11-27 12:10:42,826 - INFO - Using cached location ID for: 'RM03/WCG'
2025-11-27 12:10:42,826 - INFO - Row 83 has different destination: RM03/WCG
2025-11-27 12:10:42,826 - INFO - Prepared product NFG05-GL-00001 with quantity 2.0 for batch creation
2025-11-27 12:10:42,827 - INFO - Move locations - Source: 14, Dest: 1200
2025-11-27 12:10:42,827 - INFO - Processing Excel row 84: {'partner_id': 'MOGEN_OB', 'scheduled_date': Timestamp('2025-11-30 00:00:00'), 'picking_type_id': 'RM03CSI-OB', 'date_done': Timestamp('2025-11-30 00:00:00'), 'origin': 'คลังวัตถุดิบ Supplier', 'location_dest_id': 'RM03/WCG', 'default_code': 'NFG05-GL-00001', 'product_uom_qty': 1, 'price_unit': 767.0, 'sequence': 84, 'date': Timestamp('2025-08-29 00:00:00'), 'scheduled_date_orig': Timestamp('2025-11-30 00:00:00'), 'product_id': 'NFG05-GL-00001'}
2025-11-27 12:10:42,828 - INFO - Using cached product ID for code: 'NFG05-GL-00001'
2025-11-27 12:10:42,829 - INFO - Using cached location ID for: 'RM03/WCG'
2025-11-27 12:10:42,829 - INFO - Row 84 has different destination: RM03/WCG
2025-11-27 12:10:42,829 - INFO - Prepared product NFG05-GL-00001 with quantity 1.0 for batch creation
2025-11-27 12:10:42,830 - INFO - Move locations - Source: 14, Dest: 1200
2025-11-27 12:10:42,830 - INFO - Processing Excel row 85: {'partner_id': 'MOGEN_OB', 'scheduled_date': Timestamp('2025-11-30 00:00:00'), 'picking_type_id': 'RM03CSI-OB', 'date_done': Timestamp('2025-11-30 00:00:00'), 'origin': 'คลังวัตถุดิบ Supplier', 'location_dest_id': 'RM03/WCG', 'default_code': 'NFG05-GL-00001', 'product_uom_qty': 1, 'price_unit': 785.0, 'sequence': 85, 'date': Timestamp('2025-08-29 00:00:00'), 'scheduled_date_orig': Timestamp('2025-11-30 00:00:00'), 'product_id': 'NFG05-GL-00001'}
2025-11-27 12:10:42,830 - INFO - Using cached product ID for code: 'NFG05-GL-00001'
2025-11-27 12:10:42,831 - INFO - Using cached location ID for: 'RM03/WCG'
2025-11-27 12:10:42,831 - INFO - Row 85 has different destination: RM03/WCG
2025-11-27 12:10:42,831 - INFO - Prepared product NFG05-GL-00001 with quantity 1.0 for batch creation
2025-11-27 12:10:42,831 - INFO - Move locations - Source: 14, Dest: 1200
2025-11-27 12:10:42,832 - INFO - Processing Excel row 86: {'partner_id': 'MOGEN_OB', 'scheduled_date': Timestamp('2025-11-30 00:00:00'), 'picking_type_id': 'RM03CSI-OB', 'date_done': Timestamp('2025-11-30 00:00:00'), 'origin': 'คลังวัตถุดิบ Supplier', 'location_dest_id': 'RM03/WCG', 'default_code': 'NFG05-GL-00001', 'product_uom_qty': 1, 'price_unit': 753.0, 'sequence': 86, 'date': Timestamp('2025-08-29 00:00:00'), 'scheduled_date_orig': Timestamp('2025-11-30 00:00:00'), 'product_id': 'NFG05-GL-00001'}
2025-11-27 12:10:42,832 - INFO - Using cached product ID for code: 'NFG05-GL-00001'
2025-11-27 12:10:42,832 - INFO - Using cached location ID for: 'RM03/WCG'
2025-11-27 12:10:42,832 - INFO - Row 86 has different destination: RM03/WCG
2025-11-27 12:10:42,832 - INFO - Prepared product NFG05-GL-00001 with quantity 1.0 for batch creation
2025-11-27 12:10:42,833 - INFO - Move locations - Source: 14, Dest: 1200
2025-11-27 12:10:42,833 - INFO - Processing Excel row 87: {'partner_id': 'MOGEN_OB', 'scheduled_date': Timestamp('2025-11-30 00:00:00'), 'picking_type_id': 'RM03CSI-OB', 'date_done': Timestamp('2025-11-30 00:00:00'), 'origin': 'คลังวัตถุดิบ Supplier', 'location_dest_id': 'RM03/WCG', 'default_code': 'NFG05-GL-00001', 'product_uom_qty': 1, 'price_unit': 780.0, 'sequence': 87, 'date': Timestamp('2025-08-29 00:00:00'), 'scheduled_date_orig': Timestamp('2025-11-30 00:00:00'), 'product_id': 'NFG05-GL-00001'}
2025-11-27 12:10:42,834 - INFO - Using cached product ID for code: 'NFG05-GL-00001'
2025-11-27 12:10:42,834 - INFO - Using cached location ID for: 'RM03/WCG'
2025-11-27 12:10:42,834 - INFO - Row 87 has different destination: RM03/WCG
2025-11-27 12:10:42,834 - INFO - Prepared product NFG05-GL-00001 with quantity 1.0 for batch creation
2025-11-27 12:10:42,834 - INFO - Move locations - Source: 14, Dest: 1200
2025-11-27 12:10:42,835 - INFO - Processing Excel row 88: {'partner_id': 'MOGEN_OB', 'scheduled_date': Timestamp('2025-11-30 00:00:00'), 'picking_type_id': 'RM03CSI-OB', 'date_done': Timestamp('2025-11-30 00:00:00'), 'origin': 'คลังวัตถุดิบ Supplier', 'location_dest_id': 'RM03/WCG', 'default_code': 'NFG05-GL-00001', 'product_uom_qty': 1, 'price_unit': 807.0, 'sequence': 88, 'date': Timestamp('2025-08-29 00:00:00'), 'scheduled_date_orig': Timestamp('2025-11-30 00:00:00'), 'product_id': 'NFG05-GL-00001'}
2025-11-27 12:10:42,835 - INFO - Using cached product ID for code: 'NFG05-GL-00001'
2025-11-27 12:10:42,835 - INFO - Using cached location ID for: 'RM03/WCG'
2025-11-27 12:10:42,836 - INFO - Row 88 has different destination: RM03/WCG
2025-11-27 12:10:42,836 - INFO - Prepared product NFG05-GL-00001 with quantity 1.0 for batch creation
2025-11-27 12:10:42,836 - INFO - Move locations - Source: 14, Dest: 1200
2025-11-27 12:10:42,837 - INFO - Processing Excel row 89: {'partner_id': 'MOGEN_OB', 'scheduled_date': Timestamp('2025-11-30 00:00:00'), 'picking_type_id': 'RM03CSI-OB', 'date_done': Timestamp('2025-11-30 00:00:00'), 'origin': 'คลังวัตถุดิบ Supplier', 'location_dest_id': 'RM03/WCG', 'default_code': 'NFG05-GL-00001', 'product_uom_qty': 1, 'price_unit': 753.0, 'sequence': 89, 'date': Timestamp('2025-08-29 00:00:00'), 'scheduled_date_orig': Timestamp('2025-11-30 00:00:00'), 'product_id': 'NFG05-GL-00001'}
2025-11-27 12:10:42,837 - INFO - Using cached product ID for code: 'NFG05-GL-00001'
2025-11-27 12:10:42,837 - INFO - Using cached location ID for: 'RM03/WCG'
2025-11-27 12:10:42,837 - INFO - Row 89 has different destination: RM03/WCG
2025-11-27 12:10:42,837 - INFO - Prepared product NFG05-GL-00001 with quantity 1.0 for batch creation
2025-11-27 12:10:42,837 - INFO - Move locations - Source: 14, Dest: 1200
2025-11-27 12:10:42,838 - INFO - Processing Excel row 90: {'partner_id': 'MOGEN_OB', 'scheduled_date': Timestamp('2025-11-30 00:00:00'), 'picking_type_id': 'RM03CSI-OB', 'date_done': Timestamp('2025-11-30 00:00:00'), 'origin': 'คลังวัตถุดิบ Supplier', 'location_dest_id': 'RM03/WCG', 'default_code': 'NFG05-GL-00001', 'product_uom_qty': 1, 'price_unit': 780.0, 'sequence': 90, 'date': Timestamp('2025-08-29 00:00:00'), 'scheduled_date_orig': Timestamp('2025-11-30 00:00:00'), 'product_id': 'NFG05-GL-00001'}
2025-11-27 12:10:42,838 - INFO - Using cached product ID for code: 'NFG05-GL-00001'
2025-11-27 12:10:42,838 - INFO - Using cached location ID for: 'RM03/WCG'
2025-11-27 12:10:42,838 - INFO - Row 90 has different destination: RM03/WCG
2025-11-27 12:10:42,839 - INFO - Prepared product NFG05-GL-00001 with quantity 1.0 for batch creation
2025-11-27 12:10:42,839 - INFO - Move locations - Source: 14, Dest: 1200
2025-11-27 12:10:42,839 - INFO - Processing Excel row 91: {'partner_id': 'MOGEN_OB', 'scheduled_date': Timestamp('2025-11-30 00:00:00'), 'picking_type_id': 'RM03CSI-OB', 'date_done': Timestamp('2025-11-30 00:00:00'), 'origin': 'คลังวัตถุดิบ Supplier', 'location_dest_id': 'RM03/WCG', 'default_code': 'NFG05-GL-00001', 'product_uom_qty': 1, 'price_unit': 753.0, 'sequence': 91, 'date': Timestamp('2025-08-29 00:00:00'), 'scheduled_date_orig': Timestamp('2025-11-30 00:00:00'), 'product_id': 'NFG05-GL-00001'}
2025-11-27 12:10:42,839 - INFO - Using cached product ID for code: 'NFG05-GL-00001'
2025-11-27 12:10:42,840 - INFO - Using cached location ID for: 'RM03/WCG'
2025-11-27 12:10:42,840 - INFO - Row 91 has different destination: RM03/WCG
2025-11-27 12:10:42,840 - INFO - Prepared product NFG05-GL-00001 with quantity 1.0 for batch creation
2025-11-27 12:10:42,840 - INFO - Move locations - Source: 14, Dest: 1200
2025-11-27 12:10:42,841 - INFO - Processing Excel row 92: {'partner_id': 'MOGEN_OB', 'scheduled_date': Timestamp('2025-11-30 00:00:00'), 'picking_type_id': 'RM03CSI-OB', 'date_done': Timestamp('2025-11-30 00:00:00'), 'origin': 'คลังวัตถุดิบ Supplier', 'location_dest_id': 'RM03/WCG', 'default_code': 'NFG05-GL-00001', 'product_uom_qty': 1, 'price_unit': 6590.0, 'sequence': 92, 'date': Timestamp('2025-08-29 00:00:00'), 'scheduled_date_orig': Timestamp('2025-11-30 00:00:00'), 'product_id': 'NFG05-GL-00001'}
2025-11-27 12:10:42,841 - INFO - Using cached product ID for code: 'NFG05-GL-00001'
2025-11-27 12:10:42,841 - INFO - Using cached location ID for: 'RM03/WCG'
2025-11-27 12:10:42,841 - INFO - Row 92 has different destination: RM03/WCG
2025-11-27 12:10:42,842 - INFO - Prepared product NFG05-GL-00001 with quantity 1.0 for batch creation
2025-11-27 12:10:42,842 - INFO - Move locations - Source: 14, Dest: 1200
2025-11-27 12:10:42,842 - INFO - Processing Excel row 93: {'partner_id': 'MOGEN_OB', 'scheduled_date': Timestamp('2025-11-30 00:00:00'), 'picking_type_id': 'RM03CSI-OB', 'date_done': Timestamp('2025-11-30 00:00:00'), 'origin': 'คลังวัตถุดิบ Supplier', 'location_dest_id': 'RM03/WCG', 'default_code': 'NFG05-GL-00001', 'product_uom_qty': 1, 'price_unit': 5025.0, 'sequence': 93, 'date': Timestamp('2025-08-29 00:00:00'), 'scheduled_date_orig': Timestamp('2025-11-30 00:00:00'), 'product_id': 'NFG05-GL-00001'}
2025-11-27 12:10:42,842 - INFO - Using cached product ID for code: 'NFG05-GL-00001'
2025-11-27 12:10:42,843 - INFO - Using cached location ID for: 'RM03/WCG'
2025-11-27 12:10:42,843 - INFO - Row 93 has different destination: RM03/WCG
2025-11-27 12:10:42,843 - INFO - Prepared product NFG05-GL-00001 with quantity 1.0 for batch creation
2025-11-27 12:10:42,844 - INFO - Move locations - Source: 14, Dest: 1200
2025-11-27 12:10:42,844 - INFO - Processing Excel row 94: {'partner_id': 'MOGEN_OB', 'scheduled_date': Timestamp('2025-11-30 00:00:00'), 'picking_type_id': 'RM03CSI-OB', 'date_done': Timestamp('2025-11-30 00:00:00'), 'origin': 'คลังวัตถุดิบ Supplier', 'location_dest_id': 'RM03/WCG', 'default_code': 'NFG05-GL-00001', 'product_uom_qty': 1, 'price_unit': 4408.0, 'sequence': 94, 'date': Timestamp('2025-08-29 00:00:00'), 'scheduled_date_orig': Timestamp('2025-11-30 00:00:00'), 'product_id': 'NFG05-GL-00001'}
2025-11-27 12:10:42,845 - INFO - Using cached product ID for code: 'NFG05-GL-00001'
2025-11-27 12:10:42,846 - INFO - Using cached location ID for: 'RM03/WCG'
2025-11-27 12:10:42,846 - INFO - Row 94 has different destination: RM03/WCG
2025-11-27 12:10:42,847 - INFO - Prepared product NFG05-GL-00001 with quantity 1.0 for batch creation
2025-11-27 12:10:42,847 - INFO - Move locations - Source: 14, Dest: 1200
2025-11-27 12:10:42,847 - INFO - Processing Excel row 95: {'partner_id': 'MOGEN_OB', 'scheduled_date': Timestamp('2025-11-30 00:00:00'), 'picking_type_id': 'RM03CSI-OB', 'date_done': Timestamp('2025-11-30 00:00:00'), 'origin': 'คลังวัตถุดิบ Supplier', 'location_dest_id': 'RM03/WCG', 'default_code': 'NFG05-GL-00001', 'product_uom_qty': 1, 'price_unit': 4409.0, 'sequence': 95, 'date': Timestamp('2025-08-29 00:00:00'), 'scheduled_date_orig': Timestamp('2025-11-30 00:00:00'), 'product_id': 'NFG05-GL-00001'}
2025-11-27 12:10:42,848 - INFO - Using cached product ID for code: 'NFG05-GL-00001'
2025-11-27 12:10:42,848 - INFO - Using cached location ID for: 'RM03/WCG'
2025-11-27 12:10:42,848 - INFO - Row 95 has different destination: RM03/WCG
2025-11-27 12:10:42,848 - INFO - Prepared product NFG05-GL-00001 with quantity 1.0 for batch creation
2025-11-27 12:10:42,849 - INFO - Move locations - Source: 14, Dest: 1200
2025-11-27 12:10:42,849 - INFO - Processing Excel row 96: {'partner_id': 'MOGEN_OB', 'scheduled_date': Timestamp('2025-11-30 00:00:00'), 'picking_type_id': 'RM03CSI-OB', 'date_done': Timestamp('2025-11-30 00:00:00'), 'origin': 'คลังวัตถุดิบ Supplier', 'location_dest_id': 'RM03/WCG', 'default_code': 'NFG05-GL-00001', 'product_uom_qty': 3, 'price_unit': 4531.0, 'sequence': 96, 'date': Timestamp('2025-08-29 00:00:00'), 'scheduled_date_orig': Timestamp('2025-11-30 00:00:00'), 'product_id': 'NFG05-GL-00001'}
2025-11-27 12:10:42,849 - INFO - Using cached product ID for code: 'NFG05-GL-00001'
2025-11-27 12:10:42,850 - INFO - Using cached location ID for: 'RM03/WCG'
2025-11-27 12:10:42,850 - INFO - Row 96 has different destination: RM03/WCG
2025-11-27 12:10:42,850 - INFO - Prepared product NFG05-GL-00001 with quantity 3.0 for batch creation
2025-11-27 12:10:42,850 - INFO - Move locations - Source: 14, Dest: 1200
2025-11-27 12:10:42,851 - INFO - Processing Excel row 97: {'partner_id': 'MOGEN_OB', 'scheduled_date': Timestamp('2025-11-30 00:00:00'), 'picking_type_id': 'RM03CSI-OB', 'date_done': Timestamp('2025-11-30 00:00:00'), 'origin': 'คลังวัตถุดิบ Supplier', 'location_dest_id': 'RM03/WCG', 'default_code': 'NFG05-GL-00001', 'product_uom_qty': 1, 'price_unit': 5603.0, 'sequence': 97, 'date': Timestamp('2025-08-29 00:00:00'), 'scheduled_date_orig': Timestamp('2025-11-30 00:00:00'), 'product_id': 'NFG05-GL-00001'}
2025-11-27 12:10:42,851 - INFO - Using cached product ID for code: 'NFG05-GL-00001'
2025-11-27 12:10:42,851 - INFO - Using cached location ID for: 'RM03/WCG'
2025-11-27 12:10:42,851 - INFO - Row 97 has different destination: RM03/WCG
2025-11-27 12:10:42,852 - INFO - Prepared product NFG05-GL-00001 with quantity 1.0 for batch creation
2025-11-27 12:10:42,852 - INFO - Move locations - Source: 14, Dest: 1200
2025-11-27 12:10:42,852 - INFO - Processing Excel row 98: {'partner_id': 'MOGEN_OB', 'scheduled_date': Timestamp('2025-11-30 00:00:00'), 'picking_type_id': 'RM03CSI-OB', 'date_done': Timestamp('2025-11-30 00:00:00'), 'origin': 'คลังวัตถุดิบ Supplier', 'location_dest_id': 'RM03/WCG', 'default_code': 'NFG05-GL-00001', 'product_uom_qty': 1, 'price_unit': 4551.0, 'sequence': 98, 'date': Timestamp('2025-08-29 00:00:00'), 'scheduled_date_orig': Timestamp('2025-11-30 00:00:00'), 'product_id': 'NFG05-GL-00001'}
2025-11-27 12:10:42,853 - INFO - Using cached product ID for code: 'NFG05-GL-00001'
2025-11-27 12:10:42,853 - INFO - Using cached location ID for: 'RM03/WCG'
2025-11-27 12:10:42,853 - INFO - Row 98 has different destination: RM03/WCG
2025-11-27 12:10:42,853 - INFO - Prepared product NFG05-GL-00001 with quantity 1.0 for batch creation
2025-11-27 12:10:42,854 - INFO - Move locations - Source: 14, Dest: 1200
2025-11-27 12:10:43,714 - INFO - Created 97 moves in batch for picking 32
2025-11-27 12:10:43,827 - INFO - Re-updated dates before confirming picking 32: 2025-11-30 00:00:00
2025-11-27 12:10:44,456 - INFO - Confirmed transfer 32 with forced date context
2025-11-27 12:10:44,457 - INFO - Import completed: 1 success, 0 failed.
