2025-11-28 11:03:15,336 - INFO - Successfully connected to Odoo as user ID: 2
2025-11-28 11:03:15,416 - INFO - Odoo version: 17.0.1.3
2025-11-28 11:03:15,532 - INFO - Available date fields in stock.picking: ['activity_date_deadline', 'my_activity_date_deadline', 'scheduled_date', 'date_deadline', 'date', 'date_done', 'delay_alert_date', 'create_date', 'write_date', 'date_notice', 'date_confirmed', 'date_start', 'operation_date']
2025-11-28 11:03:15,848 - INFO - Successfully read Excel file with 10 rows
2025-11-28 11:03:15,848 - INFO - Excel columns: ['partner_id', 'scheduled_date', 'picking_type_id', 'date_done', 'origin', 'location_dest_id', 'default_code', 'product_uom_qty', 'price_unit', 'sequence', 'date']
2025-11-28 11:03:15,855 - INFO - Processed sequence column
2025-11-28 11:03:15,856 - INFO - scheduled_date dtype: datetime64[ns]
2025-11-28 11:03:15,857 - INFO - scheduled_date sample: 2025-11-30 00:00:00
2025-11-28 11:03:15,858 - INFO - Converted scheduled_date to string format. Sample: 2025-11-30 00:00:00
2025-11-28 11:03:15,859 - INFO - Fixed picking type name from 'My Company: OB FIFO' and 'คลังวัตถุดิบ 2: OB FIFO' to 'OB FIFO'
2025-11-28 11:03:15,860 - INFO - Using 'default_code' column as 'product_id'
2025-11-28 11:03:15,861 - INFO - Using 'origin' column to identify transfer groups
2025-11-28 11:03:15,865 - INFO - Excel file validation and data filling completed successfully
2025-11-28 11:03:16,032 - INFO - Searching for location: 'RM03/CSI'
2025-11-28 11:03:16,270 - INFO - Found location with complete_name match: 'RM03/CSI' for 'RM03/CSI'
2025-11-28 11:03:16,343 - INFO - Found partner ID 4937 for 'MOGEN_OB'
2025-11-28 11:03:16,447 - INFO - Created transfer for date 2025-11-30 00:00:00 sequence 1 with picking ID 21
2025-11-28 11:03:16,451 - INFO - Processing Excel row 1: {'partner_id': 'MOGEN_OB', 'scheduled_date': Timestamp('2025-11-30 00:00:00'), 'picking_type_id': 'RM03-OB', 'date_done': Timestamp('2025-11-30 00:00:00'), 'origin': 'คลังวัตถุดิบ Supplier', 'location_dest_id': 'RM03/CSI', 'default_code': 'NMA02-046-106-1250', 'product_uom_qty': 73, 'price_unit': 83.0, 'sequence': 1, 'date': Timestamp('2025-01-27 00:00:00'), 'scheduled_date_orig': Timestamp('2025-11-30 00:00:00'), 'product_id': 'NMA02-046-106-1250'}
2025-11-28 11:03:16,453 - INFO - Searching for product with code: 'NMA02-046-106-1250' and old code: 'NMA02-046-106-1250'
2025-11-28 11:03:16,722 - INFO - Found product with exact match on old_product_code: 'NMA02-046-106-1250'
2025-11-28 11:03:16,798 - INFO - Prepared product NMA02-046-106-1250 with quantity 73.0 for batch creation
2025-11-28 11:03:16,799 - INFO - Move locations - Source: 4, Dest: 1184
2025-11-28 11:03:16,800 - INFO - Processing Excel row 2: {'partner_id': 'MOGEN_OB', 'scheduled_date': Timestamp('2025-11-30 00:00:00'), 'picking_type_id': 'RM03-OB', 'date_done': Timestamp('2025-11-30 00:00:00'), 'origin': 'คลังวัตถุดิบ Supplier', 'location_dest_id': 'RM03/CSI', 'default_code': 'NMA02-046-106-1250', 'product_uom_qty': 200, 'price_unit': 83.0, 'sequence': 2, 'date': Timestamp('2025-02-07 00:00:00'), 'scheduled_date_orig': Timestamp('2025-11-30 00:00:00'), 'product_id': 'NMA02-046-106-1250'}
2025-11-28 11:03:16,800 - INFO - Using cached product ID for code: 'NMA02-046-106-1250'
2025-11-28 11:03:16,801 - INFO - Prepared product NMA02-046-106-1250 with quantity 200.0 for batch creation
2025-11-28 11:03:16,801 - INFO - Move locations - Source: 4, Dest: 1184
2025-11-28 11:03:16,802 - INFO - Processing Excel row 3: {'partner_id': 'MOGEN_OB', 'scheduled_date': Timestamp('2025-11-30 00:00:00'), 'picking_type_id': 'RM03-OB', 'date_done': Timestamp('2025-11-30 00:00:00'), 'origin': 'คลังวัตถุดิบ Supplier', 'location_dest_id': 'RM03/CSI', 'default_code': 'NMA02-ขาวเรียบ-1250', 'product_uom_qty': 90, 'price_unit': 77.0, 'sequence': 3, 'date': Timestamp('2025-02-07 00:00:00'), 'scheduled_date_orig': Timestamp('2025-11-30 00:00:00'), 'product_id': 'NMA02-ขาวเรียบ-1250'}
2025-11-28 11:03:16,803 - INFO - Searching for product with code: 'NMA02-ขาวเรียบ-1250' and old code: 'NMA02-ขาวเรียบ-1250'
2025-11-28 11:03:17,055 - INFO - Found product with exact match on old_product_code: 'NMA02-ขาวเรียบ-1250'
2025-11-28 11:03:17,146 - INFO - Prepared product NMA02-ขาวเรียบ-1250 with quantity 90.0 for batch creation
2025-11-28 11:03:17,147 - INFO - Move locations - Source: 4, Dest: 1184
2025-11-28 11:03:17,147 - INFO - Processing Excel row 4: {'partner_id': 'MOGEN_OB', 'scheduled_date': Timestamp('2025-11-30 00:00:00'), 'picking_type_id': 'RM03-OB', 'date_done': Timestamp('2025-11-30 00:00:00'), 'origin': 'คลังวัตถุดิบ Supplier', 'location_dest_id': 'RM03/CSI', 'default_code': 'NMA02-ขาวเรียบ-1250', 'product_uom_qty': 130, 'price_unit': 77.0, 'sequence': 4, 'date': Timestamp('2025-05-27 00:00:00'), 'scheduled_date_orig': Timestamp('2025-11-30 00:00:00'), 'product_id': 'NMA02-ขาวเรียบ-1250'}
2025-11-28 11:03:17,148 - INFO - Using cached product ID for code: 'NMA02-ขาวเรียบ-1250'
2025-11-28 11:03:17,148 - INFO - Prepared product NMA02-ขาวเรียบ-1250 with quantity 130.0 for batch creation
2025-11-28 11:03:17,148 - INFO - Move locations - Source: 4, Dest: 1184
2025-11-28 11:03:17,149 - INFO - Processing Excel row 5: {'partner_id': 'MOGEN_OB', 'scheduled_date': Timestamp('2025-11-30 00:00:00'), 'picking_type_id': 'RM03-OB', 'date_done': Timestamp('2025-11-30 00:00:00'), 'origin': 'คลังวัตถุดิบ Supplier', 'location_dest_id': 'RM03/CSI', 'default_code': 'NMA02-131000x0.12-308', 'product_uom_qty': 16, 'price_unit': 46.0, 'sequence': 5, 'date': Timestamp('2025-09-08 00:00:00'), 'scheduled_date_orig': Timestamp('2025-11-30 00:00:00'), 'product_id': 'NMA02-131000x0.12-308'}
2025-11-28 11:03:17,149 - INFO - Searching for product with code: 'NMA02-131000x0.12-308' and old code: 'NMA02-131000x0.12-308'
2025-11-28 11:03:17,367 - INFO - Found product with exact match on old_product_code: 'NMA02-131000x0.12-308'
2025-11-28 11:03:17,466 - INFO - Prepared product NMA02-131000x0.12-308 with quantity 16.0 for batch creation
2025-11-28 11:03:17,466 - INFO - Move locations - Source: 4, Dest: 1184
2025-11-28 11:03:17,467 - INFO - Processing Excel row 6: {'partner_id': 'MOGEN_OB', 'scheduled_date': Timestamp('2025-11-30 00:00:00'), 'picking_type_id': 'RM03-OB', 'date_done': Timestamp('2025-11-30 00:00:00'), 'origin': 'คลังวัตถุดิบ Supplier', 'location_dest_id': 'RM03/CSI', 'default_code': 'NMA02-00000PP36-1250-0.3', 'product_uom_qty': 138, 'price_unit': 122.200129, 'sequence': 6, 'date': Timestamp('2025-09-09 00:00:00'), 'scheduled_date_orig': Timestamp('2025-11-30 00:00:00'), 'product_id': 'NMA02-00000PP36-1250-0.3'}
2025-11-28 11:03:17,468 - INFO - Searching for product with code: 'NMA02-00000PP36-1250-0.3' and old code: 'NMA02-00000PP36-1250-0.3'
2025-11-28 11:03:17,717 - INFO - Found product with exact match on old_product_code: 'NMA02-00000PP36-1250-0.3'
2025-11-28 11:03:17,794 - INFO - Prepared product NMA02-00000PP36-1250-0.3 with quantity 138.0 for batch creation
2025-11-28 11:03:17,794 - INFO - Move locations - Source: 4, Dest: 1184
2025-11-28 11:03:17,795 - INFO - Processing Excel row 7: {'partner_id': 'MOGEN_OB', 'scheduled_date': Timestamp('2025-11-30 00:00:00'), 'picking_type_id': 'RM03-OB', 'date_done': Timestamp('2025-11-30 00:00:00'), 'origin': 'คลังวัตถุดิบ Supplier', 'location_dest_id': 'RM03/CSI', 'default_code': 'NMA02-131000x0.2-48', 'product_uom_qty': 343, 'price_unit': 48.0, 'sequence': 7, 'date': Timestamp('2025-09-18 00:00:00'), 'scheduled_date_orig': Timestamp('2025-11-30 00:00:00'), 'product_id': 'NMA02-131000x0.2-48'}
2025-11-28 11:03:17,795 - INFO - Searching for product with code: 'NMA02-131000x0.2-48' and old code: 'NMA02-131000x0.2-48'
2025-11-28 11:03:18,033 - INFO - Found product with exact match on old_product_code: 'NMA02-131000x0.2-48'
2025-11-28 11:03:18,136 - INFO - Prepared product NMA02-131000x0.2-48 with quantity 343.0 for batch creation
2025-11-28 11:03:18,136 - INFO - Move locations - Source: 4, Dest: 1184
2025-11-28 11:03:18,138 - INFO - Processing Excel row 8: {'partner_id': 'MOGEN_OB', 'scheduled_date': Timestamp('2025-11-30 00:00:00'), 'picking_type_id': 'RM03-OB', 'date_done': Timestamp('2025-11-30 00:00:00'), 'origin': 'คลังวัตถุดิบ Supplier', 'location_dest_id': 'RM03/CSI', 'default_code': 'NMA02-205-GF50#10', 'product_uom_qty': 88, 'price_unit': 77.0, 'sequence': 8, 'date': Timestamp('2025-10-07 00:00:00'), 'scheduled_date_orig': Timestamp('2025-11-30 00:00:00'), 'product_id': 'NMA02-205-GF50#10'}
2025-11-28 11:03:18,138 - INFO - Searching for product with code: 'NMA02-205-GF50#10' and old code: 'NMA02-205-GF50#10'
2025-11-28 11:03:18,383 - INFO - Found product with exact match on old_product_code: 'NMA02-205-GF50#10'
2025-11-28 11:03:18,461 - INFO - Prepared product NMA02-205-GF50#10 with quantity 88.0 for batch creation
2025-11-28 11:03:18,461 - INFO - Move locations - Source: 4, Dest: 1184
2025-11-28 11:03:18,462 - INFO - Processing Excel row 9: {'partner_id': 'MOGEN_OB', 'scheduled_date': Timestamp('2025-11-30 00:00:00'), 'picking_type_id': 'RM03-OB', 'date_done': Timestamp('2025-11-30 00:00:00'), 'origin': 'คลังวัตถุดิบ Supplier', 'location_dest_id': 'RM03/CSI', 'default_code': 'NMA01-H03-GT12002400x15', 'product_uom_qty': 5, 'price_unit': 775.0, 'sequence': 9, 'date': Timestamp('2025-10-10 00:00:00'), 'scheduled_date_orig': Timestamp('2025-11-30 00:00:00'), 'product_id': 'NMA01-H03-GT12002400x15'}
2025-11-28 11:03:18,462 - INFO - Searching for product with code: 'NMA01-H03-GT12002400x15' and old code: 'NMA01-H03-GT12002400x15'
2025-11-28 11:03:18,914 - ERROR - Product not found with code or name: 'NMA01-H03-GT12002400x15' or old code: 'NMA01-H03-GT12002400x15'
2025-11-28 11:03:18,914 - WARNING - Product not found in Odoo: NMA01-H03-GT12002400x15
2025-11-28 11:03:18,915 - INFO - Processing Excel row 10: {'partner_id': 'MOGEN_OB', 'scheduled_date': Timestamp('2025-11-30 00:00:00'), 'picking_type_id': 'RM03-OB', 'date_done': Timestamp('2025-11-30 00:00:00'), 'origin': 'คลังวัตถุดิบ Supplier', 'location_dest_id': 'RM03/CSI', 'default_code': 'NMA02-131000x0.12-308', 'product_uom_qty': 75, 'price_unit': 46.0, 'sequence': 10, 'date': Timestamp('2025-10-22 00:00:00'), 'scheduled_date_orig': Timestamp('2025-11-30 00:00:00'), 'product_id': 'NMA02-131000x0.12-308'}
2025-11-28 11:03:18,915 - INFO - Using cached product ID for code: 'NMA02-131000x0.12-308'
2025-11-28 11:03:18,916 - INFO - Prepared product NMA02-131000x0.12-308 with quantity 75.0 for batch creation
2025-11-28 11:03:18,916 - INFO - Move locations - Source: 4, Dest: 1184
2025-11-28 11:03:19,184 - INFO - Created 9 moves in batch for picking 21
2025-11-28 11:03:19,295 - INFO - Re-updated dates before confirming picking 21: 2025-11-30 00:00:00
2025-11-28 11:03:19,529 - INFO - Confirmed transfer 21 with forced date context
2025-11-28 11:03:19,531 - INFO - Import completed: 1 success, 0 failed.
