2025-11-27 10:13:48,456 - INFO - Successfully connected to Odoo as user ID: 2
2025-11-27 10:13:48,521 - INFO - Odoo version: 17.0.1.3
2025-11-27 10:13:48,631 - INFO - Available date fields in stock.picking: ['activity_date_deadline', 'my_activity_date_deadline', 'scheduled_date', 'date_deadline', 'date', 'date_done', 'delay_alert_date', 'create_date', 'write_date', 'date_notice', 'date_confirmed', 'date_start', 'operation_date']
2025-11-27 10:13:48,958 - INFO - Successfully read Excel file with 30 rows
2025-11-27 10:13:48,958 - INFO - Excel columns: ['partner_id', 'scheduled_date', 'picking_type_id', 'date_done', 'origin', 'location_dest_id', 'default_code', 'product_uom_qty', 'price_unit', 'sequence', 'date']
2025-11-27 10:13:48,968 - INFO - Processed sequence column
2025-11-27 10:13:48,971 - INFO - scheduled_date dtype: datetime64[ns]
2025-11-27 10:13:48,973 - INFO - scheduled_date sample: 2025-11-30 00:00:00
2025-11-27 10:13:48,977 - INFO - Converted scheduled_date to string format. Sample: 2025-11-30 00:00:00
2025-11-27 10:13:48,979 - INFO - Fixed picking type name from 'My Company: OB FIFO' and 'คลังวัตถุดิบ 2: OB FIFO' to 'OB FIFO'
2025-11-27 10:13:48,980 - INFO - Using 'default_code' column as 'product_id'
2025-11-27 10:13:48,981 - INFO - Using 'origin' column to identify transfer groups
2025-11-27 10:13:48,986 - INFO - Excel file validation and data filling completed successfully
2025-11-27 10:13:49,165 - INFO - Searching for location: 'FG11/Stock'
2025-11-27 10:13:49,358 - INFO - Found location with complete_name match: 'FG11/Stock' for 'FG11/Stock'
2025-11-27 10:13:49,426 - INFO - Found partner ID 4956 for 'MOGEN_OB'
2025-11-27 10:13:49,522 - INFO - Created transfer for date 2025-11-30 00:00:00 sequence 1 with picking ID 21
2025-11-27 10:13:49,524 - INFO - Processing Excel row 1: {'partner_id': 'MOGEN_OB', 'scheduled_date': Timestamp('2025-11-30 00:00:00'), 'picking_type_id': 'FG11-OB', 'date_done': Timestamp('2025-11-30 00:00:00'), 'origin': 'คลังSCG', 'location_dest_id': 'FG11/Stock', 'default_code': 'FU0005WC280', 'product_uom_qty': 1, 'price_unit': 1320.03, 'sequence': 1, 'date': Timestamp('2019-01-01 00:00:00'), 'scheduled_date_orig': Timestamp('2025-11-30 00:00:00'), 'product_id': 'FU0005WC280'}
2025-11-27 10:13:49,524 - INFO - Searching for product with code: 'FU0005WC280' and old code: 'FU0005WC280'
2025-11-27 10:13:49,591 - INFO - Found product with exact match on default_code: 'FU0005WC280'
2025-11-27 10:13:49,661 - INFO - Prepared product FU0005WC280 with quantity 1.0 for batch creation
2025-11-27 10:13:49,662 - INFO - Move locations - Source: 14, Dest: 36
2025-11-27 10:13:49,662 - INFO - Processing Excel row 2: {'partner_id': 'MOGEN_OB', 'scheduled_date': Timestamp('2025-11-30 00:00:00'), 'picking_type_id': 'FG11-OB', 'date_done': Timestamp('2025-11-30 00:00:00'), 'origin': 'คลังSCG', 'location_dest_id': 'FG11/Stock', 'default_code': 'MF00091Q7', 'product_uom_qty': 2, 'price_unit': 836.0515, 'sequence': 2, 'date': Timestamp('2020-03-20 00:00:00'), 'scheduled_date_orig': Timestamp('2025-11-30 00:00:00'), 'product_id': 'MF00091Q7'}
2025-11-27 10:13:49,663 - INFO - Searching for product with code: 'MF00091Q7' and old code: 'MF00091Q7'
2025-11-27 10:13:49,736 - INFO - Found product with exact match on default_code: 'MF00091Q7'
2025-11-27 10:13:49,807 - INFO - Prepared product MF00091Q7 with quantity 2.0 for batch creation
2025-11-27 10:13:49,808 - INFO - Move locations - Source: 14, Dest: 36
2025-11-27 10:13:49,808 - INFO - Processing Excel row 3: {'partner_id': 'MOGEN_OB', 'scheduled_date': Timestamp('2025-11-30 00:00:00'), 'picking_type_id': 'FG11-OB', 'date_done': Timestamp('2025-11-30 00:00:00'), 'origin': 'คลังSCG', 'location_dest_id': 'FG11/Stock', 'default_code': 'MA0443C110', 'product_uom_qty': 2, 'price_unit': 721.393153333333, 'sequence': 3, 'date': Timestamp('2021-03-02 00:00:00'), 'scheduled_date_orig': Timestamp('2025-11-30 00:00:00'), 'product_id': 'MA0443C110'}
2025-11-27 10:13:49,809 - INFO - Searching for product with code: 'MA0443C110' and old code: 'MA0443C110'
2025-11-27 10:13:49,880 - INFO - Found product with exact match on default_code: 'MA0443C110'
2025-11-27 10:13:49,948 - INFO - Prepared product MA0443C110 with quantity 2.0 for batch creation
2025-11-27 10:13:49,948 - INFO - Move locations - Source: 14, Dest: 36
2025-11-27 10:13:49,949 - INFO - Processing Excel row 4: {'partner_id': 'MOGEN_OB', 'scheduled_date': Timestamp('2025-11-30 00:00:00'), 'picking_type_id': 'FG11-OB', 'date_done': Timestamp('2025-11-30 00:00:00'), 'origin': 'คลังSCG', 'location_dest_id': 'FG11/Stock', 'default_code': 'MF00091Q7', 'product_uom_qty': 1, 'price_unit': 666.194266666667, 'sequence': 4, 'date': Timestamp('2023-11-29 00:00:00'), 'scheduled_date_orig': Timestamp('2025-11-30 00:00:00'), 'product_id': 'MF00091Q7'}
2025-11-27 10:13:49,950 - INFO - Using cached product ID for code: 'MF00091Q7'
2025-11-27 10:13:49,950 - INFO - Prepared product MF00091Q7 with quantity 1.0 for batch creation
2025-11-27 10:13:49,951 - INFO - Move locations - Source: 14, Dest: 36
2025-11-27 10:13:49,951 - INFO - Processing Excel row 5: {'partner_id': 'MOGEN_OB', 'scheduled_date': Timestamp('2025-11-30 00:00:00'), 'picking_type_id': 'FG11-OB', 'date_done': Timestamp('2025-11-30 00:00:00'), 'origin': 'คลังSCG', 'location_dest_id': 'FG11/Stock', 'default_code': 'MO028S101', 'product_uom_qty': 10, 'price_unit': 497.80544, 'sequence': 5, 'date': Timestamp('2025-01-17 00:00:00'), 'scheduled_date_orig': Timestamp('2025-11-30 00:00:00'), 'product_id': 'MO028S101'}
2025-11-27 10:13:49,952 - INFO - Searching for product with code: 'MO028S101' and old code: 'MO028S101'
2025-11-27 10:13:50,029 - INFO - Found product with exact match on default_code: 'MO028S101'
2025-11-27 10:13:50,100 - INFO - Prepared product MO028S101 with quantity 10.0 for batch creation
2025-11-27 10:13:50,100 - INFO - Move locations - Source: 14, Dest: 36
2025-11-27 10:13:50,101 - INFO - Processing Excel row 6: {'partner_id': 'MOGEN_OB', 'scheduled_date': Timestamp('2025-11-30 00:00:00'), 'picking_type_id': 'FG11-OB', 'date_done': Timestamp('2025-11-30 00:00:00'), 'origin': 'คลังSCG', 'location_dest_id': 'FG11/Stock', 'default_code': 'SP00205100', 'product_uom_qty': 1, 'price_unit': 272.158438461538, 'sequence': 6, 'date': Timestamp('2025-01-24 00:00:00'), 'scheduled_date_orig': Timestamp('2025-11-30 00:00:00'), 'product_id': 'SP00205100'}
2025-11-27 10:13:50,101 - INFO - Searching for product with code: 'SP00205100' and old code: 'SP00205100'
2025-11-27 10:13:50,167 - INFO - Found product with exact match on default_code: 'SP00205100'
2025-11-27 10:13:50,255 - INFO - Prepared product SP00205100 with quantity 1.0 for batch creation
2025-11-27 10:13:50,255 - INFO - Move locations - Source: 14, Dest: 36
2025-11-27 10:13:50,256 - INFO - Processing Excel row 7: {'partner_id': 'MOGEN_OB', 'scheduled_date': Timestamp('2025-11-30 00:00:00'), 'picking_type_id': 'FG11-OB', 'date_done': Timestamp('2025-11-30 00:00:00'), 'origin': 'คลังSCG', 'location_dest_id': 'FG11/Stock', 'default_code': 'MO25SU10', 'product_uom_qty': 2, 'price_unit': 1262.8894, 'sequence': 7, 'date': Timestamp('2025-07-04 00:00:00'), 'scheduled_date_orig': Timestamp('2025-11-30 00:00:00'), 'product_id': 'MO25SU10'}
2025-11-27 10:13:50,256 - INFO - Searching for product with code: 'MO25SU10' and old code: 'MO25SU10'
2025-11-27 10:13:50,331 - INFO - Found product with exact match on default_code: 'MO25SU10'
2025-11-27 10:13:50,403 - INFO - Prepared product MO25SU10 with quantity 2.0 for batch creation
2025-11-27 10:13:50,403 - INFO - Move locations - Source: 14, Dest: 36
2025-11-27 10:13:50,404 - INFO - Processing Excel row 8: {'partner_id': 'MOGEN_OB', 'scheduled_date': Timestamp('2025-11-30 00:00:00'), 'picking_type_id': 'FG11-OB', 'date_done': Timestamp('2025-11-30 00:00:00'), 'origin': 'คลังSCG', 'location_dest_id': 'FG11/Stock', 'default_code': 'MA0054101', 'product_uom_qty': 2, 'price_unit': 1446.64846666667, 'sequence': 8, 'date': Timestamp('2025-07-08 00:00:00'), 'scheduled_date_orig': Timestamp('2025-11-30 00:00:00'), 'product_id': 'MA0054101'}
2025-11-27 10:13:50,404 - INFO - Searching for product with code: 'MA0054101' and old code: 'MA0054101'
2025-11-27 10:13:50,469 - INFO - Found product with exact match on default_code: 'MA0054101'
2025-11-27 10:13:50,537 - INFO - Prepared product MA0054101 with quantity 2.0 for batch creation
2025-11-27 10:13:50,537 - INFO - Move locations - Source: 14, Dest: 36
2025-11-27 10:13:50,538 - INFO - Processing Excel row 9: {'partner_id': 'MOGEN_OB', 'scheduled_date': Timestamp('2025-11-30 00:00:00'), 'picking_type_id': 'FG11-OB', 'date_done': Timestamp('2025-11-30 00:00:00'), 'origin': 'คลังSCG', 'location_dest_id': 'FG11/Stock', 'default_code': 'MO0049S110', 'product_uom_qty': 1, 'price_unit': 256.91755, 'sequence': 9, 'date': Timestamp('2025-07-11 00:00:00'), 'scheduled_date_orig': Timestamp('2025-11-30 00:00:00'), 'product_id': 'MO0049S110'}
2025-11-27 10:13:50,538 - INFO - Searching for product with code: 'MO0049S110' and old code: 'MO0049S110'
2025-11-27 10:13:50,606 - INFO - Found product with exact match on default_code: 'MO0049S110'
2025-11-27 10:13:50,674 - INFO - Prepared product MO0049S110 with quantity 1.0 for batch creation
2025-11-27 10:13:50,675 - INFO - Move locations - Source: 14, Dest: 36
2025-11-27 10:13:50,675 - INFO - Processing Excel row 10: {'partner_id': 'MOGEN_OB', 'scheduled_date': Timestamp('2025-11-30 00:00:00'), 'picking_type_id': 'FG11-OB', 'date_done': Timestamp('2025-11-30 00:00:00'), 'origin': 'คลังSCG', 'location_dest_id': 'FG11/Stock', 'default_code': 'MO25SU10', 'product_uom_qty': 1, 'price_unit': 1262.3778, 'sequence': 10, 'date': Timestamp('2025-07-21 00:00:00'), 'scheduled_date_orig': Timestamp('2025-11-30 00:00:00'), 'product_id': 'MO25SU10'}
2025-11-27 10:13:50,676 - INFO - Using cached product ID for code: 'MO25SU10'
2025-11-27 10:13:50,677 - INFO - Prepared product MO25SU10 with quantity 1.0 for batch creation
2025-11-27 10:13:50,677 - INFO - Move locations - Source: 14, Dest: 36
2025-11-27 10:13:50,678 - INFO - Processing Excel row 11: {'partner_id': 'MOGEN_OB', 'scheduled_date': Timestamp('2025-11-30 00:00:00'), 'picking_type_id': 'FG11-OB', 'date_done': Timestamp('2025-11-30 00:00:00'), 'origin': 'คลังSCG', 'location_dest_id': 'FG11/Stock', 'default_code': 'FCF0003100', 'product_uom_qty': 10, 'price_unit': 111.766745348837, 'sequence': 11, 'date': Timestamp('2025-08-08 00:00:00'), 'scheduled_date_orig': Timestamp('2025-11-30 00:00:00'), 'product_id': 'FCF0003100'}
2025-11-27 10:13:50,678 - INFO - Searching for product with code: 'FCF0003100' and old code: 'FCF0003100'
2025-11-27 10:13:50,750 - INFO - Found product with exact match on default_code: 'FCF0003100'
2025-11-27 10:13:50,822 - INFO - Prepared product FCF0003100 with quantity 10.0 for batch creation
2025-11-27 10:13:50,823 - INFO - Move locations - Source: 14, Dest: 36
2025-11-27 10:13:50,825 - INFO - Processing Excel row 12: {'partner_id': 'MOGEN_OB', 'scheduled_date': Timestamp('2025-11-30 00:00:00'), 'picking_type_id': 'FG11-OB', 'date_done': Timestamp('2025-11-30 00:00:00'), 'origin': 'คลังSCG', 'location_dest_id': 'FG11/Stock', 'default_code': 'MA372L101', 'product_uom_qty': 3, 'price_unit': 340.0, 'sequence': 12, 'date': Timestamp('2025-08-25 00:00:00'), 'scheduled_date_orig': Timestamp('2025-11-30 00:00:00'), 'product_id': 'MA372L101'}
2025-11-27 10:13:50,826 - INFO - Searching for product with code: 'MA372L101' and old code: 'MA372L101'
2025-11-27 10:13:50,899 - INFO - Found product with exact match on default_code: 'MA372L101'
2025-11-27 10:13:50,969 - INFO - Prepared product MA372L101 with quantity 3.0 for batch creation
2025-11-27 10:13:50,970 - INFO - Move locations - Source: 14, Dest: 36
2025-11-27 10:13:50,971 - INFO - Processing Excel row 13: {'partner_id': 'MOGEN_OB', 'scheduled_date': Timestamp('2025-11-30 00:00:00'), 'picking_type_id': 'FG11-OB', 'date_done': Timestamp('2025-11-30 00:00:00'), 'origin': 'คลังSCG', 'location_dest_id': 'FG11/Stock', 'default_code': 'MA372L101', 'product_uom_qty': 2, 'price_unit': 340.0, 'sequence': 13, 'date': Timestamp('2025-08-29 00:00:00'), 'scheduled_date_orig': Timestamp('2025-11-30 00:00:00'), 'product_id': 'MA372L101'}
2025-11-27 10:13:50,971 - INFO - Using cached product ID for code: 'MA372L101'
2025-11-27 10:13:50,972 - INFO - Prepared product MA372L101 with quantity 2.0 for batch creation
2025-11-27 10:13:50,972 - INFO - Move locations - Source: 14, Dest: 36
2025-11-27 10:13:50,973 - INFO - Processing Excel row 14: {'partner_id': 'MOGEN_OB', 'scheduled_date': Timestamp('2025-11-30 00:00:00'), 'picking_type_id': 'FG11-OB', 'date_done': Timestamp('2025-11-30 00:00:00'), 'origin': 'คลังSCG', 'location_dest_id': 'FG11/Stock', 'default_code': 'MA332B1101', 'product_uom_qty': 1, 'price_unit': 801.00561875, 'sequence': 14, 'date': Timestamp('2025-09-03 00:00:00'), 'scheduled_date_orig': Timestamp('2025-11-30 00:00:00'), 'product_id': 'MA332B1101'}
2025-11-27 10:13:50,973 - INFO - Searching for product with code: 'MA332B1101' and old code: 'MA332B1101'
2025-11-27 10:13:51,054 - INFO - Found product with exact match on default_code: 'MA332B1101'
2025-11-27 10:13:51,126 - INFO - Prepared product MA332B1101 with quantity 1.0 for batch creation
2025-11-27 10:13:51,126 - INFO - Move locations - Source: 14, Dest: 36
2025-11-27 10:13:51,127 - INFO - Processing Excel row 15: {'partner_id': 'MOGEN_OB', 'scheduled_date': Timestamp('2025-11-30 00:00:00'), 'picking_type_id': 'FG11-OB', 'date_done': Timestamp('2025-11-30 00:00:00'), 'origin': 'คลังSCG', 'location_dest_id': 'FG11/Stock', 'default_code': 'MT631S101', 'product_uom_qty': 1, 'price_unit': 250.0, 'sequence': 15, 'date': Timestamp('2025-09-25 00:00:00'), 'scheduled_date_orig': Timestamp('2025-11-30 00:00:00'), 'product_id': 'MT631S101'}
2025-11-27 10:13:51,128 - INFO - Searching for product with code: 'MT631S101' and old code: 'MT631S101'
2025-11-27 10:13:51,198 - INFO - Found product with exact match on default_code: 'MT631S101'
2025-11-27 10:13:51,272 - INFO - Prepared product MT631S101 with quantity 1.0 for batch creation
2025-11-27 10:13:51,272 - INFO - Move locations - Source: 14, Dest: 36
2025-11-27 10:13:51,273 - INFO - Processing Excel row 16: {'partner_id': 'MOGEN_OB', 'scheduled_date': Timestamp('2025-11-30 00:00:00'), 'picking_type_id': 'FG11-OB', 'date_done': Timestamp('2025-11-30 00:00:00'), 'origin': 'คลังSCG', 'location_dest_id': 'FG11/Stock', 'default_code': 'MO25SU10', 'product_uom_qty': 7, 'price_unit': 1248.4054, 'sequence': 16, 'date': Timestamp('2025-09-26 00:00:00'), 'scheduled_date_orig': Timestamp('2025-11-30 00:00:00'), 'product_id': 'MO25SU10'}
2025-11-27 10:13:51,273 - INFO - Using cached product ID for code: 'MO25SU10'
2025-11-27 10:13:51,274 - INFO - Prepared product MO25SU10 with quantity 7.0 for batch creation
2025-11-27 10:13:51,274 - INFO - Move locations - Source: 14, Dest: 36
2025-11-27 10:13:51,274 - INFO - Processing Excel row 17: {'partner_id': 'MOGEN_OB', 'scheduled_date': Timestamp('2025-11-30 00:00:00'), 'picking_type_id': 'FG11-OB', 'date_done': Timestamp('2025-11-30 00:00:00'), 'origin': 'คลังSCG', 'location_dest_id': 'FG11/Stock', 'default_code': 'AC0061101', 'product_uom_qty': 1, 'price_unit': 133.62142, 'sequence': 17, 'date': Timestamp('2025-10-07 00:00:00'), 'scheduled_date_orig': Timestamp('2025-11-30 00:00:00'), 'product_id': 'AC0061101'}
2025-11-27 10:13:51,275 - INFO - Searching for product with code: 'AC0061101' and old code: 'AC0061101'
2025-11-27 10:13:51,352 - INFO - Found product with exact match on default_code: 'AC0061101'
2025-11-27 10:13:51,422 - INFO - Prepared product AC0061101 with quantity 1.0 for batch creation
2025-11-27 10:13:51,422 - INFO - Move locations - Source: 14, Dest: 36
2025-11-27 10:13:51,423 - INFO - Processing Excel row 18: {'partner_id': 'MOGEN_OB', 'scheduled_date': Timestamp('2025-11-30 00:00:00'), 'picking_type_id': 'FG11-OB', 'date_done': Timestamp('2025-11-30 00:00:00'), 'origin': 'คลังSCG', 'location_dest_id': 'FG11/Stock', 'default_code': 'AC0051101', 'product_uom_qty': 2, 'price_unit': 131.096703921569, 'sequence': 18, 'date': Timestamp('2025-10-08 00:00:00'), 'scheduled_date_orig': Timestamp('2025-11-30 00:00:00'), 'product_id': 'AC0051101'}
2025-11-27 10:13:51,423 - INFO - Searching for product with code: 'AC0051101' and old code: 'AC0051101'
2025-11-27 10:13:51,489 - INFO - Found product with exact match on default_code: 'AC0051101'
2025-11-27 10:13:51,565 - INFO - Prepared product AC0051101 with quantity 2.0 for batch creation
2025-11-27 10:13:51,566 - INFO - Move locations - Source: 14, Dest: 36
2025-11-27 10:13:51,567 - INFO - Processing Excel row 19: {'partner_id': 'MOGEN_OB', 'scheduled_date': Timestamp('2025-11-30 00:00:00'), 'picking_type_id': 'FG11-OB', 'date_done': Timestamp('2025-11-30 00:00:00'), 'origin': 'คลังSCG', 'location_dest_id': 'FG11/Stock', 'default_code': 'SPV0016100', 'product_uom_qty': 6, 'price_unit': 68.1758454545455, 'sequence': 19, 'date': Timestamp('2025-10-10 00:00:00'), 'scheduled_date_orig': Timestamp('2025-11-30 00:00:00'), 'product_id': 'SPV0016100'}
2025-11-27 10:13:51,567 - INFO - Searching for product with code: 'SPV0016100' and old code: 'SPV0016100'
2025-11-27 10:13:51,635 - INFO - Found product with exact match on default_code: 'SPV0016100'
2025-11-27 10:13:51,705 - INFO - Prepared product SPV0016100 with quantity 6.0 for batch creation
2025-11-27 10:13:51,706 - INFO - Move locations - Source: 14, Dest: 36
2025-11-27 10:13:51,707 - INFO - Processing Excel row 20: {'partner_id': 'MOGEN_OB', 'scheduled_date': Timestamp('2025-11-30 00:00:00'), 'picking_type_id': 'FG11-OB', 'date_done': Timestamp('2025-11-30 00:00:00'), 'origin': 'คลังSCG', 'location_dest_id': 'FG11/Stock', 'default_code': 'AC0052101', 'product_uom_qty': 2, 'price_unit': 94.8492747826087, 'sequence': 20, 'date': Timestamp('2025-10-21 00:00:00'), 'scheduled_date_orig': Timestamp('2025-11-30 00:00:00'), 'product_id': 'AC0052101'}
2025-11-27 10:13:51,708 - INFO - Searching for product with code: 'AC0052101' and old code: 'AC0052101'
2025-11-27 10:13:51,774 - INFO - Found product with exact match on default_code: 'AC0052101'
2025-11-27 10:13:51,845 - INFO - Prepared product AC0052101 with quantity 2.0 for batch creation
2025-11-27 10:13:51,845 - INFO - Move locations - Source: 14, Dest: 36
2025-11-27 10:13:51,846 - INFO - Processing Excel row 21: {'partner_id': 'MOGEN_OB', 'scheduled_date': Timestamp('2025-11-30 00:00:00'), 'picking_type_id': 'FG11-OB', 'date_done': Timestamp('2025-11-30 00:00:00'), 'origin': 'คลังSCG', 'location_dest_id': 'FG11/Stock', 'default_code': 'SP0035100', 'product_uom_qty': 2, 'price_unit': 223.897110344828, 'sequence': 21, 'date': Timestamp('2025-10-23 00:00:00'), 'scheduled_date_orig': Timestamp('2025-11-30 00:00:00'), 'product_id': 'SP0035100'}
2025-11-27 10:13:51,846 - INFO - Searching for product with code: 'SP0035100' and old code: 'SP0035100'
2025-11-27 10:13:51,917 - INFO - Found product with exact match on default_code: 'SP0035100'
2025-11-27 10:13:51,988 - INFO - Prepared product SP0035100 with quantity 2.0 for batch creation
2025-11-27 10:13:51,988 - INFO - Move locations - Source: 14, Dest: 36
2025-11-27 10:13:51,989 - INFO - Processing Excel row 22: {'partner_id': 'MOGEN_OB', 'scheduled_date': Timestamp('2025-11-30 00:00:00'), 'picking_type_id': 'FG11-OB', 'date_done': Timestamp('2025-11-30 00:00:00'), 'origin': 'คลังSCG', 'location_dest_id': 'FG11/Stock', 'default_code': 'MA0343101(W)', 'product_uom_qty': 1, 'price_unit': 1029.54926, 'sequence': 22, 'date': Timestamp('2025-10-24 00:00:00'), 'scheduled_date_orig': Timestamp('2025-11-30 00:00:00'), 'product_id': 'MA0343101(W)'}
2025-11-27 10:13:51,989 - INFO - Searching for product with code: 'MA0343101(W)' and old code: 'MA0343101(W)'
2025-11-27 10:13:52,053 - INFO - Found product with exact match on default_code: 'MA0343101(W)'
2025-11-27 10:13:52,122 - INFO - Prepared product MA0343101(W) with quantity 1.0 for batch creation
2025-11-27 10:13:52,122 - INFO - Move locations - Source: 14, Dest: 36
2025-11-27 10:13:52,123 - INFO - Processing Excel row 23: {'partner_id': 'MOGEN_OB', 'scheduled_date': Timestamp('2025-11-30 00:00:00'), 'picking_type_id': 'FG11-OB', 'date_done': Timestamp('2025-11-30 00:00:00'), 'origin': 'คลังSCG', 'location_dest_id': 'FG11/Stock', 'default_code': 'WD0001A100', 'product_uom_qty': 20, 'price_unit': 238.773935036496, 'sequence': 23, 'date': Timestamp('2025-11-08 00:00:00'), 'scheduled_date_orig': Timestamp('2025-11-30 00:00:00'), 'product_id': 'WD0001A100'}
2025-11-27 10:13:52,123 - INFO - Searching for product with code: 'WD0001A100' and old code: 'WD0001A100'
2025-11-27 10:13:52,191 - INFO - Found product with exact match on default_code: 'WD0001A100'
2025-11-27 10:13:52,276 - INFO - Prepared product WD0001A100 with quantity 20.0 for batch creation
2025-11-27 10:13:52,276 - INFO - Move locations - Source: 14, Dest: 36
2025-11-27 10:13:52,277 - INFO - Processing Excel row 24: {'partner_id': 'MOGEN_OB', 'scheduled_date': Timestamp('2025-11-30 00:00:00'), 'picking_type_id': 'FG11-OB', 'date_done': Timestamp('2025-11-30 00:00:00'), 'origin': 'คลังSCG', 'location_dest_id': 'FG11/Stock', 'default_code': 'MA0048101', 'product_uom_qty': 1, 'price_unit': 1063.24856315789, 'sequence': 24, 'date': Timestamp('2025-11-12 00:00:00'), 'scheduled_date_orig': Timestamp('2025-11-30 00:00:00'), 'product_id': 'MA0048101'}
2025-11-27 10:13:52,278 - INFO - Searching for product with code: 'MA0048101' and old code: 'MA0048101'
2025-11-27 10:13:52,348 - INFO - Found product with exact match on default_code: 'MA0048101'
2025-11-27 10:13:52,419 - INFO - Prepared product MA0048101 with quantity 1.0 for batch creation
2025-11-27 10:13:52,420 - INFO - Move locations - Source: 14, Dest: 36
2025-11-27 10:13:52,420 - INFO - Processing Excel row 25: {'partner_id': 'MOGEN_OB', 'scheduled_date': Timestamp('2025-11-30 00:00:00'), 'picking_type_id': 'FG11-OB', 'date_done': Timestamp('2025-11-30 00:00:00'), 'origin': 'คลังSCG', 'location_dest_id': 'FG11/Stock', 'default_code': 'MA0343101', 'product_uom_qty': 1, 'price_unit': 984.9791, 'sequence': 25, 'date': Timestamp('2025-11-15 00:00:00'), 'scheduled_date_orig': Timestamp('2025-11-30 00:00:00'), 'product_id': 'MA0343101'}
2025-11-27 10:13:52,421 - INFO - Searching for product with code: 'MA0343101' and old code: 'MA0343101'
2025-11-27 10:13:52,485 - INFO - Found product with exact match on default_code: 'MA0343101'
2025-11-27 10:13:52,554 - INFO - Prepared product MA0343101 with quantity 1.0 for batch creation
2025-11-27 10:13:52,554 - INFO - Move locations - Source: 14, Dest: 36
2025-11-27 10:13:52,554 - INFO - Processing Excel row 26: {'partner_id': 'MOGEN_OB', 'scheduled_date': Timestamp('2025-11-30 00:00:00'), 'picking_type_id': 'FG11-OB', 'date_done': Timestamp('2025-11-30 00:00:00'), 'origin': 'คลังSCG', 'location_dest_id': 'FG11/Stock', 'default_code': 'MT014E101', 'product_uom_qty': 1, 'price_unit': 2166.536, 'sequence': 26, 'date': Timestamp('2025-11-15 00:00:00'), 'scheduled_date_orig': Timestamp('2025-11-30 00:00:00'), 'product_id': 'MT014E101'}
2025-11-27 10:13:52,555 - INFO - Searching for product with code: 'MT014E101' and old code: 'MT014E101'
2025-11-27 10:13:52,619 - INFO - Found product with exact match on default_code: 'MT014E101'
2025-11-27 10:13:52,687 - INFO - Prepared product MT014E101 with quantity 1.0 for batch creation
2025-11-27 10:13:52,687 - INFO - Move locations - Source: 14, Dest: 36
2025-11-27 10:13:52,688 - INFO - Processing Excel row 27: {'partner_id': 'MOGEN_OB', 'scheduled_date': Timestamp('2025-11-30 00:00:00'), 'picking_type_id': 'FG11-OB', 'date_done': Timestamp('2025-11-30 00:00:00'), 'origin': 'คลังSCG', 'location_dest_id': 'FG11/Stock', 'default_code': 'MT056E1210', 'product_uom_qty': 1, 'price_unit': 2819.3109, 'sequence': 27, 'date': Timestamp('2025-11-17 00:00:00'), 'scheduled_date_orig': Timestamp('2025-11-30 00:00:00'), 'product_id': 'MT056E1210'}
2025-11-27 10:13:52,688 - INFO - Searching for product with code: 'MT056E1210' and old code: 'MT056E1210'
2025-11-27 10:13:52,754 - INFO - Found product with exact match on default_code: 'MT056E1210'
2025-11-27 10:13:52,824 - INFO - Prepared product MT056E1210 with quantity 1.0 for batch creation
2025-11-27 10:13:52,825 - INFO - Move locations - Source: 14, Dest: 36
2025-11-27 10:13:52,827 - INFO - Processing Excel row 28: {'partner_id': 'MOGEN_OB', 'scheduled_date': Timestamp('2025-11-30 00:00:00'), 'picking_type_id': 'FG11-OB', 'date_done': Timestamp('2025-11-30 00:00:00'), 'origin': 'คลังSCG', 'location_dest_id': 'FG11/Stock', 'default_code': 'MO031N1310', 'product_uom_qty': 2, 'price_unit': 4910.790405, 'sequence': 28, 'date': Timestamp('2025-11-19 00:00:00'), 'scheduled_date_orig': Timestamp('2025-11-30 00:00:00'), 'product_id': 'MO031N1310'}
2025-11-27 10:13:52,828 - INFO - Searching for product with code: 'MO031N1310' and old code: 'MO031N1310'
2025-11-27 10:13:52,898 - INFO - Found product with exact match on default_code: 'MO031N1310'
2025-11-27 10:13:52,969 - INFO - Prepared product MO031N1310 with quantity 2.0 for batch creation
2025-11-27 10:13:52,970 - INFO - Move locations - Source: 14, Dest: 36
2025-11-27 10:13:52,970 - INFO - Processing Excel row 29: {'partner_id': 'MOGEN_OB', 'scheduled_date': Timestamp('2025-11-30 00:00:00'), 'picking_type_id': 'FG11-OB', 'date_done': Timestamp('2025-11-30 00:00:00'), 'origin': 'คลังSCG', 'location_dest_id': 'FG11/Stock', 'default_code': 'MO00691110', 'product_uom_qty': 8, 'price_unit': 2164.32695, 'sequence': 29, 'date': Timestamp('2025-11-20 00:00:00'), 'scheduled_date_orig': Timestamp('2025-11-30 00:00:00'), 'product_id': 'MO00691110'}
2025-11-27 10:13:52,971 - INFO - Searching for product with code: 'MO00691110' and old code: 'MO00691110'
2025-11-27 10:13:53,041 - INFO - Found product with exact match on default_code: 'MO00691110'
2025-11-27 10:13:53,110 - INFO - Prepared product MO00691110 with quantity 8.0 for batch creation
2025-11-27 10:13:53,110 - INFO - Move locations - Source: 14, Dest: 36
2025-11-27 10:13:53,111 - INFO - Processing Excel row 30: {'partner_id': 'MOGEN_OB', 'scheduled_date': Timestamp('2025-11-30 00:00:00'), 'picking_type_id': 'FG11-OB', 'date_done': Timestamp('2025-11-30 00:00:00'), 'origin': 'คลังSCG', 'location_dest_id': 'FG11/Stock', 'default_code': 'UF00005100', 'product_uom_qty': 1, 'price_unit': 295.565624293785, 'sequence': 30, 'date': Timestamp('2025-11-20 00:00:00'), 'scheduled_date_orig': Timestamp('2025-11-30 00:00:00'), 'product_id': 'UF00005100'}
2025-11-27 10:13:53,112 - INFO - Searching for product with code: 'UF00005100' and old code: 'UF00005100'
2025-11-27 10:13:53,178 - INFO - Found product with exact match on default_code: 'UF00005100'
2025-11-27 10:13:53,253 - INFO - Prepared product UF00005100 with quantity 1.0 for batch creation
2025-11-27 10:13:53,253 - INFO - Move locations - Source: 14, Dest: 36
2025-11-27 10:13:53,603 - INFO - Created 30 moves in batch for picking 21
2025-11-27 10:13:53,697 - INFO - Re-updated dates before confirming picking 21: 2025-11-30 00:00:00
2025-11-27 10:13:53,999 - INFO - Confirmed transfer 21 with forced date context
2025-11-27 10:13:54,000 - INFO - Import completed: 1 success, 0 failed.
