2025-07-25 12:01:49,498 - INFO - Successfully connected to Odoo as user ID: 2
2025-07-25 12:01:51,883 - INFO - Odoo version: 17.0.1.3
2025-07-25 12:01:52,029 - INFO - Available date fields in stock.picking: ['activity_date_deadline', 'my_activity_date_deadline', 'scheduled_date', 'date_deadline', 'date', 'date_done', 'delay_alert_date', 'create_date', 'write_date', 'date_notice', 'date_confirmed', 'date_start', 'operation_date']
2025-07-25 12:01:52,397 - INFO - Successfully read Excel file with 7 rows
2025-07-25 12:01:52,398 - INFO - Excel columns: ['partner_id', 'scheduled_date', 'picking_type_id', 'date_done', 'origin', 'location_dest_id', 'product_id', 'product_uom_qty', 'price_unit', 'sequence']
2025-07-25 12:01:52,399 - INFO - Processed sequence column
2025-07-25 12:01:52,401 - INFO - scheduled_date dtype: datetime64[ns]
2025-07-25 12:01:52,401 - INFO - scheduled_date sample: 2025-03-31 00:00:00
2025-07-25 12:01:52,403 - INFO - Converted scheduled_date to string format. Sample: 2025-03-31 00:00:00
2025-07-25 12:01:52,404 - INFO - Fixed picking type name from 'My Company: OB FIFO' to 'OB FIFO'
2025-07-25 12:01:52,405 - INFO - Using 'origin' column to identify transfer groups
2025-07-25 12:01:52,412 - INFO - Excel file validation and data filling completed successfully
2025-07-25 12:01:55,288 - INFO - Searching for location: 'RM02/Stock'
2025-07-25 12:01:57,844 - INFO - Found location with complete_name match: 'RM02/Stock' for 'RM02/Stock'
2025-07-25 12:02:00,338 - INFO - Found partner ID 16630 for 'MOG-OB'
2025-07-25 12:02:00,572 - INFO - Created transfer for date 2025-03-31 00:00:00 sequence 419 with picking ID 11423
2025-07-25 12:02:00,575 - INFO - Processing Excel row 1: {'partner_id': 'MOG-OB', 'scheduled_date': Timestamp('2025-03-31 00:00:00'), 'picking_type_id': 'OB FIFO', 'date_done': Timestamp('2025-03-31 00:00:00'), 'origin': 'BOJ0001760', 'location_dest_id': 'RM02/Stock', 'product_id': 'NFG03-NT-1911500-5802', 'product_uom_qty': 4, 'price_unit': 409.023575, 'sequence': 419, 'scheduled_date_orig': Timestamp('2025-03-31 00:00:00')}
2025-07-25 12:02:00,575 - INFO - Searching for product with code: 'NFG03-NT-1911500-5802' and old code: 'NFG03-NT-1911500-5802'
2025-07-25 12:02:02,633 - INFO - Found product with exact match on default_code: 'NFG03-NT-1911500-5802'
2025-07-25 12:02:02,905 - INFO - Added product NFG03-NT-1911500-5802 with quantity 4.0 to picking 11423
2025-07-25 12:02:02,906 - INFO - Move locations - Source: 14, Dest: 181
2025-07-25 12:02:02,906 - INFO - Processing Excel row 2: {'partner_id': 'MOG-OB', 'scheduled_date': Timestamp('2025-03-31 00:00:00'), 'picking_type_id': 'OB FIFO', 'date_done': Timestamp('2025-03-31 00:00:00'), 'origin': 'BOJ0001761', 'location_dest_id': 'RM02/Stock', 'product_id': 'NFG03-NT-1911500-5802', 'product_uom_qty': 8, 'price_unit': 228.75045, 'sequence': 420, 'scheduled_date_orig': Timestamp('2025-03-31 00:00:00')}
2025-07-25 12:02:02,907 - INFO - Searching for product with code: 'NFG03-NT-1911500-5802' and old code: 'NFG03-NT-1911500-5802'
2025-07-25 12:02:02,956 - INFO - Found product with exact match on default_code: 'NFG03-NT-1911500-5802'
2025-07-25 12:02:03,187 - INFO - Added product NFG03-NT-1911500-5802 with quantity 8.0 to picking 11423
2025-07-25 12:02:03,188 - INFO - Move locations - Source: 14, Dest: 181
2025-07-25 12:02:03,190 - INFO - Processing Excel row 3: {'partner_id': 'MOG-OB', 'scheduled_date': Timestamp('2025-03-31 00:00:00'), 'picking_type_id': 'OB FIFO', 'date_done': Timestamp('2025-03-31 00:00:00'), 'origin': 'BOJ0001760', 'location_dest_id': 'RM02/Stock', 'product_id': 'NFG03-NT-2201200-5802', 'product_uom_qty': 6, 'price_unit': 373.28735, 'sequence': 421, 'scheduled_date_orig': Timestamp('2025-03-31 00:00:00')}
2025-07-25 12:02:03,191 - INFO - Searching for product with code: 'NFG03-NT-2201200-5802' and old code: 'NFG03-NT-2201200-5802'
2025-07-25 12:02:03,231 - INFO - Found product with exact match on default_code: 'NFG03-NT-2201200-5802'
2025-07-25 12:02:03,425 - INFO - Added product NFG03-NT-2201200-5802 with quantity 6.0 to picking 11423
2025-07-25 12:02:03,426 - INFO - Move locations - Source: 14, Dest: 181
2025-07-25 12:02:03,427 - INFO - Processing Excel row 4: {'partner_id': 'MOG-OB', 'scheduled_date': Timestamp('2025-03-31 00:00:00'), 'picking_type_id': 'OB FIFO', 'date_done': Timestamp('2025-03-31 00:00:00'), 'origin': 'BOJ0001761', 'location_dest_id': 'RM02/Stock', 'product_id': 'NFG03-NT-2201200-5802', 'product_uom_qty': 12, 'price_unit': 208.764625, 'sequence': 422, 'scheduled_date_orig': Timestamp('2025-03-31 00:00:00')}
2025-07-25 12:02:03,428 - INFO - Searching for product with code: 'NFG03-NT-2201200-5802' and old code: 'NFG03-NT-2201200-5802'
2025-07-25 12:02:03,488 - INFO - Found product with exact match on default_code: 'NFG03-NT-2201200-5802'
2025-07-25 12:02:03,737 - INFO - Added product NFG03-NT-2201200-5802 with quantity 12.0 to picking 11423
2025-07-25 12:02:03,738 - INFO - Move locations - Source: 14, Dest: 181
2025-07-25 12:02:03,738 - INFO - Processing Excel row 5: {'partner_id': 'MOG-OB', 'scheduled_date': Timestamp('2025-03-31 00:00:00'), 'picking_type_id': 'OB FIFO', 'date_done': Timestamp('2025-03-31 00:00:00'), 'origin': 'BOJ0001764', 'location_dest_id': 'RM02/Stock', 'product_id': 'NFG03-NT-2201200-5802', 'product_uom_qty': 2, 'price_unit': 801.6972, 'sequence': 423, 'scheduled_date_orig': Timestamp('2025-03-31 00:00:00')}
2025-07-25 12:02:03,739 - INFO - Searching for product with code: 'NFG03-NT-2201200-5802' and old code: 'NFG03-NT-2201200-5802'
2025-07-25 12:02:03,784 - INFO - Found product with exact match on default_code: 'NFG03-NT-2201200-5802'
2025-07-25 12:02:04,027 - INFO - Added product NFG03-NT-2201200-5802 with quantity 2.0 to picking 11423
2025-07-25 12:02:04,028 - INFO - Move locations - Source: 14, Dest: 181
2025-07-25 12:02:04,028 - INFO - Processing Excel row 6: {'partner_id': 'MOG-OB', 'scheduled_date': Timestamp('2025-03-31 00:00:00'), 'picking_type_id': 'OB FIFO', 'date_done': Timestamp('2025-03-31 00:00:00'), 'origin': 'BOJ0001765', 'location_dest_id': 'RM02/Stock', 'product_id': 'NFG03-NT-2201200-5802', 'product_uom_qty': 8, 'price_unit': 284.043075, 'sequence': 424, 'scheduled_date_orig': Timestamp('2025-03-31 00:00:00')}
2025-07-25 12:02:04,028 - INFO - Searching for product with code: 'NFG03-NT-2201200-5802' and old code: 'NFG03-NT-2201200-5802'
2025-07-25 12:02:04,068 - INFO - Found product with exact match on default_code: 'NFG03-NT-2201200-5802'
2025-07-25 12:02:04,242 - INFO - Added product NFG03-NT-2201200-5802 with quantity 8.0 to picking 11423
2025-07-25 12:02:04,244 - INFO - Move locations - Source: 14, Dest: 181
2025-07-25 12:02:04,245 - INFO - Processing Excel row 7: {'partner_id': 'MOG-OB', 'scheduled_date': Timestamp('2025-03-31 00:00:00'), 'picking_type_id': 'OB FIFO', 'date_done': Timestamp('2025-03-31 00:00:00'), 'origin': 'BOJ0001769', 'location_dest_id': 'RM02/Stock', 'product_id': 'NMA03-15M-HMR-4451SMA', 'product_uom_qty': 3, 'price_unit': 2939.4681, 'sequence': 434, 'scheduled_date_orig': Timestamp('2025-03-31 00:00:00')}
2025-07-25 12:02:04,246 - INFO - Searching for product with code: 'NMA03-15M-HMR-4451SMA' and old code: 'NMA03-15M-HMR-4451SMA'
2025-07-25 12:02:04,278 - INFO - Found product with exact match on default_code: 'NMA03-15M-HMR-4451SMA'
2025-07-25 12:02:04,409 - INFO - Added product NMA03-15M-HMR-4451SMA with quantity 3.0 to picking 11423
2025-07-25 12:02:04,409 - INFO - Move locations - Source: 14, Dest: 181
2025-07-25 12:02:04,527 - INFO - Re-updated dates before confirming picking 11423: 2025-03-31 00:00:00
2025-07-25 12:02:05,212 - INFO - Confirmed transfer 11423 with forced date context
2025-07-25 12:02:05,212 - INFO - Import completed: 1 success, 0 failed.
