2025-06-05 14:52:33,595 - INFO - Successfully connected to Odoo as user ID: 2
2025-06-05 14:52:33,640 - INFO - Odoo version: 17.0.1.3
2025-06-05 14:52:33,725 - INFO - Available date fields in stock.picking: ['activity_date_deadline', 'my_activity_date_deadline', 'scheduled_date', 'date_deadline', 'date', 'date_done', 'delay_alert_date', 'create_date', 'write_date', 'operation_date']
2025-06-05 14:52:34,051 - INFO - Successfully read Excel file with 5 rows
2025-06-05 14:52:34,051 - INFO - Excel columns: ['partner_id', 'scheduled_date', 'picking_type_id', 'date_done', 'origin', 'location_dest_id', 'product_id', 'product_uom_qty', 'price_unit', 'sequence']
2025-06-05 14:52:34,053 - INFO - scheduled_date dtype: datetime64[ns]
2025-06-05 14:52:34,054 - INFO - scheduled_date sample: 2025-02-28 00:00:00
2025-06-05 14:52:34,056 - INFO - Converted scheduled_date to string format. Sample: 2025-02-28 00:00:00
2025-06-05 14:52:34,057 - INFO - Fixed picking type name from 'My Company: OB FIFO' to 'OB FIFO'
2025-06-05 14:52:34,057 - INFO - Using 'origin' column to identify transfer groups
2025-06-05 14:52:34,061 - INFO - Excel file validation and data filling completed successfully
2025-06-05 14:52:34,062 - INFO - Sorted DataFrame by 'sequence' column for import order.
2025-06-05 14:52:34,064 - INFO - Searching for product with code: 'SP00010101' and old code: 'SP00010101'
2025-06-05 14:52:34,115 - INFO - Found product with exact match on default_code: 'SP00010101'
2025-06-05 14:52:34,274 - INFO - Searching for location: 'FG13/Stock'
2025-06-05 14:52:34,392 - INFO - Found location with complete_name match: 'FG13/Stock' for 'FG13/Stock'
2025-06-05 14:52:34,465 - INFO - Found partner ID 13741 for 'MOG-บริการเทคนิค'
2025-06-05 14:52:34,547 - INFO - Created transfer for product SP00010101 with picking ID 4796
2025-06-05 14:52:34,690 - INFO - Added product SP00010101 with quantity 3.0 to picking 4796
2025-06-05 14:52:34,780 - INFO - Re-updated dates before confirming picking 4796: 2025-02-28 00:00:00
2025-06-05 14:52:34,985 - INFO - Confirmed transfer 4796 with forced date context
2025-06-05 14:52:34,986 - INFO - Searching for product with code: 'SP00273100' and old code: 'SP00273100'
2025-06-05 14:52:35,044 - INFO - Found product with exact match on default_code: 'SP00273100'
2025-06-05 14:52:35,221 - INFO - Searching for location: 'FG13/Stock'
2025-06-05 14:52:35,365 - INFO - Found location with complete_name match: 'FG13/Stock' for 'FG13/Stock'
2025-06-05 14:52:35,437 - INFO - Found partner ID 13741 for 'MOG-บริการเทคนิค'
2025-06-05 14:52:35,520 - INFO - Created transfer for product SP00273100 with picking ID 4797
2025-06-05 14:52:35,622 - INFO - Added product SP00273100 with quantity 22.0 to picking 4797
2025-06-05 14:52:35,724 - INFO - Re-updated dates before confirming picking 4797: 2025-02-28 00:00:00
2025-06-05 14:52:35,916 - INFO - Confirmed transfer 4797 with forced date context
2025-06-05 14:52:35,917 - INFO - Searching for product with code: 'SPF0001200' and old code: 'SPF0001200'
2025-06-05 14:52:35,958 - INFO - Found product with exact match on default_code: 'SPF0001200'
2025-06-05 14:52:36,082 - INFO - Searching for location: 'FG13/Stock'
2025-06-05 14:52:36,212 - INFO - Found location with complete_name match: 'FG13/Stock' for 'FG13/Stock'
2025-06-05 14:52:36,274 - INFO - Found partner ID 13741 for 'MOG-บริการเทคนิค'
2025-06-05 14:52:36,355 - INFO - Created transfer for product SPF0001200 with picking ID 4798
2025-06-05 14:52:36,461 - INFO - Added product SPF0001200 with quantity 73.0 to picking 4798
2025-06-05 14:52:36,531 - INFO - Re-updated dates before confirming picking 4798: 2025-02-28 00:00:00
2025-06-05 14:52:36,697 - INFO - Confirmed transfer 4798 with forced date context
2025-06-05 14:52:36,698 - INFO - Searching for product with code: 'SPF0003200' and old code: 'SPF0003200'
2025-06-05 14:52:36,746 - INFO - Found product with exact match on default_code: 'SPF0003200'
2025-06-05 14:52:36,878 - INFO - Searching for location: 'FG13/Stock'
2025-06-05 14:52:37,008 - INFO - Found location with complete_name match: 'FG13/Stock' for 'FG13/Stock'
2025-06-05 14:52:37,064 - INFO - Found partner ID 13741 for 'MOG-บริการเทคนิค'
2025-06-05 14:52:37,142 - INFO - Created transfer for product SPF0003200 with picking ID 4799
2025-06-05 14:52:37,278 - INFO - Added product SPF0003200 with quantity 80.0 to picking 4799
2025-06-05 14:52:37,368 - INFO - Re-updated dates before confirming picking 4799: 2025-02-28 00:00:00
2025-06-05 14:52:37,576 - INFO - Confirmed transfer 4799 with forced date context
2025-06-05 14:52:37,577 - INFO - Searching for product with code: 'SPF0004200' and old code: 'SPF0004200'
2025-06-05 14:52:37,633 - INFO - Found product with exact match on default_code: 'SPF0004200'
2025-06-05 14:52:37,788 - INFO - Searching for location: 'FG13/Stock'
2025-06-05 14:52:37,924 - INFO - Found location with complete_name match: 'FG13/Stock' for 'FG13/Stock'
2025-06-05 14:52:37,995 - INFO - Found partner ID 13741 for 'MOG-บริการเทคนิค'
2025-06-05 14:52:38,077 - INFO - Created transfer for product SPF0004200 with picking ID 4800
2025-06-05 14:52:38,223 - INFO - Added product SPF0004200 with quantity 35.0 to picking 4800
2025-06-05 14:52:38,304 - INFO - Re-updated dates before confirming picking 4800: 2025-02-28 00:00:00
2025-06-05 14:52:38,544 - INFO - Confirmed transfer 4800 with forced date context
2025-06-05 14:52:38,545 - INFO - Import completed: 5 success, 0 failed.
