2025-11-28 10:09:36,256 - INFO - Successfully connected to Odoo as user ID: 2
2025-11-28 10:09:36,802 - INFO - Odoo version: 17.0.1.3
2025-11-28 10:09:37,491 - INFO - Available date fields in stock.picking: ['activity_date_deadline', 'my_activity_date_deadline', 'scheduled_date', 'date_deadline', 'date', 'date_done', 'delay_alert_date', 'create_date', 'write_date', 'date_notice', 'date_confirmed', 'date_start', 'operation_date']
2025-11-28 10:09:38,035 - INFO - Successfully read Excel file with 98 rows
2025-11-28 10:09:38,036 - INFO - Excel columns: ['partner_id', 'scheduled_date', 'picking_type_id', 'date_done', 'origin', 'location_dest_id', 'default_code', 'product_uom_qty', 'price_unit', 'sequence', 'date']
2025-11-28 10:09:38,037 - INFO - Processed sequence column
2025-11-28 10:09:38,040 - INFO - scheduled_date dtype: datetime64[ns]
2025-11-28 10:09:38,040 - INFO - scheduled_date sample: 2025-11-30 00:00:00
2025-11-28 10:09:38,042 - INFO - Converted scheduled_date to string format. Sample: 2025-11-30 00:00:00
2025-11-28 10:09:38,043 - INFO - Fixed picking type name from 'My Company: OB FIFO' and 'คลังวัตถุดิบ 2: OB FIFO' to 'OB FIFO'
2025-11-28 10:09:38,045 - INFO - Using 'default_code' column as 'product_id'
2025-11-28 10:09:38,045 - INFO - Using 'origin' column to identify transfer groups
2025-11-28 10:09:38,050 - INFO - Excel file validation and data filling completed successfully
2025-11-28 10:09:38,219 - INFO - Searching for location: 'RM03/CSI'
2025-11-28 10:09:38,459 - INFO - Found location with complete_name match: 'RM03/CSI' for 'RM03/CSI'
2025-11-28 10:09:38,963 - INFO - Found partner ID 4937 for 'MOGEN_OB'
2025-11-28 10:09:39,577 - INFO - Created transfer for date 2025-11-30 00:00:00 sequence 1 with picking ID 16
2025-11-28 10:09:39,578 - INFO - Processing Excel row 1: {'partner_id': 'MOGEN_OB', 'scheduled_date': Timestamp('2025-11-30 00:00:00'), 'picking_type_id': 'RM03-OB', 'date_done': Timestamp('2025-11-30 00:00:00'), 'origin': 'คลังวัตถุดิบ Supplier', 'location_dest_id': 'RM03/CSI', 'default_code': 'NMA02-046-106-1250', 'product_uom_qty': 73, 'price_unit': 83.0, 'sequence': 1, 'date': Timestamp('2025-01-27 00:00:00'), 'scheduled_date_orig': Timestamp('2025-11-30 00:00:00'), 'product_id': 'NMA02-046-106-1250'}
2025-11-28 10:09:39,579 - INFO - Searching for product with code: 'NMA02-046-106-1250' and old code: 'NMA02-046-106-1250'
2025-11-28 10:09:39,807 - INFO - Found product with exact match on old_product_code: 'NMA02-046-106-1250'
2025-11-28 10:09:39,876 - INFO - Prepared product NMA02-046-106-1250 with quantity 73.0 for batch creation
2025-11-28 10:09:39,877 - INFO - Move locations - Source: 4, Dest: 1184
2025-11-28 10:09:39,877 - INFO - Processing Excel row 2: {'partner_id': 'MOGEN_OB', 'scheduled_date': Timestamp('2025-11-30 00:00:00'), 'picking_type_id': 'RM03-OB', 'date_done': Timestamp('2025-11-30 00:00:00'), 'origin': 'คลังวัตถุดิบ Supplier', 'location_dest_id': 'RM03/CSI', 'default_code': 'NMA02-046-106-1250', 'product_uom_qty': 200, 'price_unit': 83.0, 'sequence': 2, 'date': Timestamp('2025-02-07 00:00:00'), 'scheduled_date_orig': Timestamp('2025-11-30 00:00:00'), 'product_id': 'NMA02-046-106-1250'}
2025-11-28 10:09:39,878 - INFO - Using cached product ID for code: 'NMA02-046-106-1250'
2025-11-28 10:09:39,878 - INFO - Prepared product NMA02-046-106-1250 with quantity 200.0 for batch creation
2025-11-28 10:09:39,879 - INFO - Move locations - Source: 4, Dest: 1184
2025-11-28 10:09:39,880 - INFO - Processing Excel row 3: {'partner_id': 'MOGEN_OB', 'scheduled_date': Timestamp('2025-11-30 00:00:00'), 'picking_type_id': 'RM03-OB', 'date_done': Timestamp('2025-11-30 00:00:00'), 'origin': 'คลังวัตถุดิบ Supplier', 'location_dest_id': 'RM03/CSI', 'default_code': 'NMA02-ขาวเรียบ-1250', 'product_uom_qty': 90, 'price_unit': 77.0, 'sequence': 3, 'date': Timestamp('2025-02-07 00:00:00'), 'scheduled_date_orig': Timestamp('2025-11-30 00:00:00'), 'product_id': 'NMA02-ขาวเรียบ-1250'}
2025-11-28 10:09:39,880 - INFO - Searching for product with code: 'NMA02-ขาวเรียบ-1250' and old code: 'NMA02-ขาวเรียบ-1250'
2025-11-28 10:09:40,130 - INFO - Found product with exact match on old_product_code: 'NMA02-ขาวเรียบ-1250'
2025-11-28 10:09:40,202 - INFO - Prepared product NMA02-ขาวเรียบ-1250 with quantity 90.0 for batch creation
2025-11-28 10:09:40,202 - INFO - Move locations - Source: 4, Dest: 1184
2025-11-28 10:09:40,203 - INFO - Processing Excel row 4: {'partner_id': 'MOGEN_OB', 'scheduled_date': Timestamp('2025-11-30 00:00:00'), 'picking_type_id': 'RM03-OB', 'date_done': Timestamp('2025-11-30 00:00:00'), 'origin': 'คลังวัตถุดิบ Supplier', 'location_dest_id': 'RM03/CSI', 'default_code': 'NMA02-ขาวเรียบ-1250', 'product_uom_qty': 130, 'price_unit': 77.0, 'sequence': 4, 'date': Timestamp('2025-05-27 00:00:00'), 'scheduled_date_orig': Timestamp('2025-11-30 00:00:00'), 'product_id': 'NMA02-ขาวเรียบ-1250'}
2025-11-28 10:09:40,204 - INFO - Using cached product ID for code: 'NMA02-ขาวเรียบ-1250'
2025-11-28 10:09:40,204 - INFO - Prepared product NMA02-ขาวเรียบ-1250 with quantity 130.0 for batch creation
2025-11-28 10:09:40,205 - INFO - Move locations - Source: 4, Dest: 1184
2025-11-28 10:09:40,205 - INFO - Processing Excel row 5: {'partner_id': 'MOGEN_OB', 'scheduled_date': Timestamp('2025-11-30 00:00:00'), 'picking_type_id': 'RM03-OB', 'date_done': Timestamp('2025-11-30 00:00:00'), 'origin': 'คลังวัตถุดิบ Supplier', 'location_dest_id': 'RM03/CSI', 'default_code': 'NMA02-131000x0.12-308', 'product_uom_qty': 16, 'price_unit': 46.0, 'sequence': 5, 'date': Timestamp('2025-09-08 00:00:00'), 'scheduled_date_orig': Timestamp('2025-11-30 00:00:00'), 'product_id': 'NMA02-131000x0.12-308'}
2025-11-28 10:09:40,206 - INFO - Searching for product with code: 'NMA02-131000x0.12-308' and old code: 'NMA02-131000x0.12-308'
2025-11-28 10:09:40,495 - INFO - Found product with exact match on old_product_code: 'NMA02-131000x0.12-308'
2025-11-28 10:09:40,567 - INFO - Prepared product NMA02-131000x0.12-308 with quantity 16.0 for batch creation
2025-11-28 10:09:40,567 - INFO - Move locations - Source: 4, Dest: 1184
2025-11-28 10:09:40,568 - INFO - Processing Excel row 6: {'partner_id': 'MOGEN_OB', 'scheduled_date': Timestamp('2025-11-30 00:00:00'), 'picking_type_id': 'RM03-OB', 'date_done': Timestamp('2025-11-30 00:00:00'), 'origin': 'คลังวัตถุดิบ Supplier', 'location_dest_id': 'RM03/CSI', 'default_code': 'NMA02-00000PP36-1250-0.3', 'product_uom_qty': 138, 'price_unit': 122.200129, 'sequence': 6, 'date': Timestamp('2025-09-09 00:00:00'), 'scheduled_date_orig': Timestamp('2025-11-30 00:00:00'), 'product_id': 'NMA02-00000PP36-1250-0.3'}
2025-11-28 10:09:40,568 - INFO - Searching for product with code: 'NMA02-00000PP36-1250-0.3' and old code: 'NMA02-00000PP36-1250-0.3'
2025-11-28 10:09:40,776 - INFO - Found product with exact match on old_product_code: 'NMA02-00000PP36-1250-0.3'
2025-11-28 10:09:40,860 - INFO - Prepared product NMA02-00000PP36-1250-0.3 with quantity 138.0 for batch creation
2025-11-28 10:09:40,861 - INFO - Move locations - Source: 4, Dest: 1184
2025-11-28 10:09:40,862 - INFO - Processing Excel row 7: {'partner_id': 'MOGEN_OB', 'scheduled_date': Timestamp('2025-11-30 00:00:00'), 'picking_type_id': 'RM03-OB', 'date_done': Timestamp('2025-11-30 00:00:00'), 'origin': 'คลังวัตถุดิบ Supplier', 'location_dest_id': 'RM03/CSI', 'default_code': 'NMA02-131000x0.2-48', 'product_uom_qty': 343, 'price_unit': 48.0, 'sequence': 7, 'date': Timestamp('2025-09-18 00:00:00'), 'scheduled_date_orig': Timestamp('2025-11-30 00:00:00'), 'product_id': 'NMA02-131000x0.2-48'}
2025-11-28 10:09:40,862 - INFO - Searching for product with code: 'NMA02-131000x0.2-48' and old code: 'NMA02-131000x0.2-48'
2025-11-28 10:09:41,095 - INFO - Found product with exact match on old_product_code: 'NMA02-131000x0.2-48'
2025-11-28 10:09:41,165 - INFO - Prepared product NMA02-131000x0.2-48 with quantity 343.0 for batch creation
2025-11-28 10:09:41,165 - INFO - Move locations - Source: 4, Dest: 1184
2025-11-28 10:09:41,166 - INFO - Processing Excel row 8: {'partner_id': 'MOGEN_OB', 'scheduled_date': Timestamp('2025-11-30 00:00:00'), 'picking_type_id': 'RM03-OB', 'date_done': Timestamp('2025-11-30 00:00:00'), 'origin': 'คลังวัตถุดิบ Supplier', 'location_dest_id': 'RM03/CSI', 'default_code': 'NMA02-205-GF50#10', 'product_uom_qty': 88, 'price_unit': 77.0, 'sequence': 8, 'date': Timestamp('2025-10-07 00:00:00'), 'scheduled_date_orig': Timestamp('2025-11-30 00:00:00'), 'product_id': 'NMA02-205-GF50#10'}
2025-11-28 10:09:41,166 - INFO - Searching for product with code: 'NMA02-205-GF50#10' and old code: 'NMA02-205-GF50#10'
2025-11-28 10:09:41,403 - INFO - Found product with exact match on old_product_code: 'NMA02-205-GF50#10'
2025-11-28 10:09:41,475 - INFO - Prepared product NMA02-205-GF50#10 with quantity 88.0 for batch creation
2025-11-28 10:09:41,476 - INFO - Move locations - Source: 4, Dest: 1184
2025-11-28 10:09:41,477 - INFO - Processing Excel row 9: {'partner_id': 'MOGEN_OB', 'scheduled_date': Timestamp('2025-11-30 00:00:00'), 'picking_type_id': 'RM03-OB', 'date_done': Timestamp('2025-11-30 00:00:00'), 'origin': 'คลังวัตถุดิบ Supplier', 'location_dest_id': 'RM03/CSI', 'default_code': 'NMA01-H03-GT12002400x15', 'product_uom_qty': 5, 'price_unit': 775.0, 'sequence': 9, 'date': Timestamp('2025-10-10 00:00:00'), 'scheduled_date_orig': Timestamp('2025-11-30 00:00:00'), 'product_id': 'NMA01-H03-GT12002400x15'}
2025-11-28 10:09:41,477 - INFO - Searching for product with code: 'NMA01-H03-GT12002400x15' and old code: 'NMA01-H03-GT12002400x15'
2025-11-28 10:09:42,344 - ERROR - Product not found with code or name: 'NMA01-H03-GT12002400x15' or old code: 'NMA01-H03-GT12002400x15'
2025-11-28 10:09:42,344 - WARNING - Product not found in Odoo: NMA01-H03-GT12002400x15
2025-11-28 10:09:42,346 - INFO - Processing Excel row 10: {'partner_id': 'MOGEN_OB', 'scheduled_date': Timestamp('2025-11-30 00:00:00'), 'picking_type_id': 'RM03-OB', 'date_done': Timestamp('2025-11-30 00:00:00'), 'origin': 'คลังวัตถุดิบ Supplier', 'location_dest_id': 'RM03/CSI', 'default_code': 'NMA02-131000x0.12-308', 'product_uom_qty': 75, 'price_unit': 46.0, 'sequence': 10, 'date': Timestamp('2025-10-22 00:00:00'), 'scheduled_date_orig': Timestamp('2025-11-30 00:00:00'), 'product_id': 'NMA02-131000x0.12-308'}
2025-11-28 10:09:42,346 - INFO - Using cached product ID for code: 'NMA02-131000x0.12-308'
2025-11-28 10:09:42,347 - INFO - Prepared product NMA02-131000x0.12-308 with quantity 75.0 for batch creation
2025-11-28 10:09:42,348 - INFO - Move locations - Source: 4, Dest: 1184
2025-11-28 10:09:42,348 - INFO - Processing Excel row 11: {'partner_id': 'MOGEN_OB', 'scheduled_date': Timestamp('2025-11-30 00:00:00'), 'picking_type_id': 'RM03-OB', 'date_done': Timestamp('2025-11-30 00:00:00'), 'origin': 'คลังวัตถุดิบ Supplier', 'location_dest_id': 'RM03/QTL', 'default_code': 'NMA01-120-HMR-2440-15', 'product_uom_qty': 42, 'price_unit': 401.87, 'sequence': 11, 'date': Timestamp('2024-12-18 00:00:00'), 'scheduled_date_orig': Timestamp('2025-11-30 00:00:00'), 'product_id': 'NMA01-120-HMR-2440-15'}
2025-11-28 10:09:42,349 - INFO - Searching for product with code: 'NMA01-120-HMR-2440-15' and old code: 'NMA01-120-HMR-2440-15'
2025-11-28 10:09:42,561 - INFO - Found product with exact match on old_product_code: 'NMA01-120-HMR-2440-15'
2025-11-28 10:09:42,651 - INFO - Searching for location: 'RM03/QTL'
2025-11-28 10:09:42,865 - INFO - Found location with complete_name match: 'RM03/QTL' for 'RM03/QTL'
2025-11-28 10:09:42,866 - INFO - Row 11 has different destination: RM03/QTL
2025-11-28 10:09:42,867 - INFO - Prepared product NMA01-120-HMR-2440-15 with quantity 42.0 for batch creation
2025-11-28 10:09:42,868 - INFO - Move locations - Source: 4, Dest: 1187
2025-11-28 10:09:42,869 - INFO - Processing Excel row 12: {'partner_id': 'MOGEN_OB', 'scheduled_date': Timestamp('2025-11-30 00:00:00'), 'picking_type_id': 'RM03-OB', 'date_done': Timestamp('2025-11-30 00:00:00'), 'origin': 'คลังวัตถุดิบ Supplier', 'location_dest_id': 'RM03/QTL', 'default_code': 'NMA02-00000PP19-1250', 'product_uom_qty': 72, 'price_unit': 84.4, 'sequence': 12, 'date': Timestamp('2024-12-18 00:00:00'), 'scheduled_date_orig': Timestamp('2025-11-30 00:00:00'), 'product_id': 'NMA02-00000PP19-1250'}
2025-11-28 10:09:42,870 - INFO - Searching for product with code: 'NMA02-00000PP19-1250' and old code: 'NMA02-00000PP19-1250'
2025-11-28 10:09:43,118 - INFO - Found product with exact match on old_product_code: 'NMA02-00000PP19-1250'
2025-11-28 10:09:43,189 - INFO - Using cached location ID for: 'RM03/QTL'
2025-11-28 10:09:43,190 - INFO - Row 12 has different destination: RM03/QTL
2025-11-28 10:09:43,190 - INFO - Prepared product NMA02-00000PP19-1250 with quantity 72.0 for batch creation
2025-11-28 10:09:43,190 - INFO - Move locations - Source: 4, Dest: 1187
2025-11-28 10:09:43,191 - INFO - Processing Excel row 13: {'partner_id': 'MOGEN_OB', 'scheduled_date': Timestamp('2025-11-30 00:00:00'), 'picking_type_id': 'RM03-OB', 'date_done': Timestamp('2025-11-30 00:00:00'), 'origin': 'คลังวัตถุดิบ Supplier', 'location_dest_id': 'RM03/QTL', 'default_code': 'NMA02-131000x0.2-031', 'product_uom_qty': 250, 'price_unit': 46.0, 'sequence': 13, 'date': Timestamp('2024-12-18 00:00:00'), 'scheduled_date_orig': Timestamp('2025-11-30 00:00:00'), 'product_id': 'NMA02-131000x0.2-031'}
2025-11-28 10:09:43,191 - INFO - Searching for product with code: 'NMA02-131000x0.2-031' and old code: 'NMA02-131000x0.2-031'
2025-11-28 10:09:43,430 - INFO - Found product with exact match on old_product_code: 'NMA02-131000x0.2-031'
2025-11-28 10:09:43,503 - INFO - Using cached location ID for: 'RM03/QTL'
2025-11-28 10:09:43,503 - INFO - Row 13 has different destination: RM03/QTL
2025-11-28 10:09:43,504 - INFO - Prepared product NMA02-131000x0.2-031 with quantity 250.0 for batch creation
2025-11-28 10:09:43,504 - INFO - Move locations - Source: 4, Dest: 1187
2025-11-28 10:09:43,505 - INFO - Processing Excel row 14: {'partner_id': 'MOGEN_OB', 'scheduled_date': Timestamp('2025-11-30 00:00:00'), 'picking_type_id': 'RM03-OB', 'date_done': Timestamp('2025-11-30 00:00:00'), 'origin': 'คลังวัตถุดิบ Supplier', 'location_dest_id': 'RM03/QTL', 'default_code': 'NMA02-205-CB/2', 'product_uom_qty': 60, 'price_unit': 77.0, 'sequence': 14, 'date': Timestamp('2024-12-18 00:00:00'), 'scheduled_date_orig': Timestamp('2025-11-30 00:00:00'), 'product_id': 'NMA02-205-CB/2'}
2025-11-28 10:09:43,505 - INFO - Searching for product with code: 'NMA02-205-CB/2' and old code: 'NMA02-205-CB/2'
2025-11-28 10:09:43,724 - INFO - Found product with exact match on old_product_code: 'NMA02-205-CB/2'
2025-11-28 10:09:43,810 - INFO - Using cached location ID for: 'RM03/QTL'
2025-11-28 10:09:43,811 - INFO - Row 14 has different destination: RM03/QTL
2025-11-28 10:09:43,812 - INFO - Prepared product NMA02-205-CB/2 with quantity 60.0 for batch creation
2025-11-28 10:09:43,812 - INFO - Move locations - Source: 4, Dest: 1187
2025-11-28 10:09:43,814 - INFO - Processing Excel row 15: {'partner_id': 'MOGEN_OB', 'scheduled_date': Timestamp('2025-11-30 00:00:00'), 'picking_type_id': 'RM03-OB', 'date_done': Timestamp('2025-11-30 00:00:00'), 'origin': 'คลังวัตถุดิบ Supplier', 'location_dest_id': 'RM03/QTL', 'default_code': 'NMA02-00000PP36-1250-0.3', 'product_uom_qty': 208, 'price_unit': 122.20012884615383, 'sequence': 15, 'date': Timestamp('2025-01-14 00:00:00'), 'scheduled_date_orig': Timestamp('2025-11-30 00:00:00'), 'product_id': 'NMA02-00000PP36-1250-0.3'}
2025-11-28 10:09:43,815 - INFO - Using cached product ID for code: 'NMA02-00000PP36-1250-0.3'
2025-11-28 10:09:43,816 - INFO - Using cached location ID for: 'RM03/QTL'
2025-11-28 10:09:43,816 - INFO - Row 15 has different destination: RM03/QTL
2025-11-28 10:09:43,817 - INFO - Prepared product NMA02-00000PP36-1250-0.3 with quantity 208.0 for batch creation
2025-11-28 10:09:43,818 - INFO - Move locations - Source: 4, Dest: 1187
2025-11-28 10:09:43,819 - INFO - Processing Excel row 16: {'partner_id': 'MOGEN_OB', 'scheduled_date': Timestamp('2025-11-30 00:00:00'), 'picking_type_id': 'RM03-OB', 'date_done': Timestamp('2025-11-30 00:00:00'), 'origin': 'คลังวัตถุดิบ Supplier', 'location_dest_id': 'RM03/QTL', 'default_code': 'NMA02-ขาวเรียบ-1250', 'product_uom_qty': 85, 'price_unit': 77.0, 'sequence': 16, 'date': Timestamp('2025-02-07 00:00:00'), 'scheduled_date_orig': Timestamp('2025-11-30 00:00:00'), 'product_id': 'NMA02-ขาวเรียบ-1250'}
2025-11-28 10:09:43,820 - INFO - Using cached product ID for code: 'NMA02-ขาวเรียบ-1250'
2025-11-28 10:09:43,821 - INFO - Using cached location ID for: 'RM03/QTL'
2025-11-28 10:09:43,822 - INFO - Row 16 has different destination: RM03/QTL
2025-11-28 10:09:43,823 - INFO - Prepared product NMA02-ขาวเรียบ-1250 with quantity 85.0 for batch creation
2025-11-28 10:09:43,824 - INFO - Move locations - Source: 4, Dest: 1187
2025-11-28 10:09:43,825 - INFO - Processing Excel row 17: {'partner_id': 'MOGEN_OB', 'scheduled_date': Timestamp('2025-11-30 00:00:00'), 'picking_type_id': 'RM03-OB', 'date_done': Timestamp('2025-11-30 00:00:00'), 'origin': 'คลังวัตถุดิบ Supplier', 'location_dest_id': 'RM03/QTL', 'default_code': 'MA02-White-Gloss', 'product_uom_qty': 85, 'price_unit': 130.0, 'sequence': 17, 'date': Timestamp('2025-02-27 00:00:00'), 'scheduled_date_orig': Timestamp('2025-11-30 00:00:00'), 'product_id': 'MA02-White-Gloss'}
2025-11-28 10:09:43,826 - INFO - Searching for product with code: 'MA02-White-Gloss' and old code: 'MA02-White-Gloss'
2025-11-28 10:09:44,486 - INFO - Found product with exact match on old_product_code: 'MA02-White-Gloss'
2025-11-28 10:09:44,567 - INFO - Using cached location ID for: 'RM03/QTL'
2025-11-28 10:09:44,567 - INFO - Row 17 has different destination: RM03/QTL
2025-11-28 10:09:44,567 - INFO - Prepared product MA02-White-Gloss with quantity 85.0 for batch creation
2025-11-28 10:09:44,568 - INFO - Move locations - Source: 4, Dest: 1187
2025-11-28 10:09:44,568 - INFO - Processing Excel row 18: {'partner_id': 'MOGEN_OB', 'scheduled_date': Timestamp('2025-11-30 00:00:00'), 'picking_type_id': 'RM03-OB', 'date_done': Timestamp('2025-11-30 00:00:00'), 'origin': 'คลังวัตถุดิบ Supplier', 'location_dest_id': 'RM03/QTL', 'default_code': 'NMA01-H4-LMN1249-0.8', 'product_uom_qty': 4, 'price_unit': 1007.5, 'sequence': 18, 'date': Timestamp('2025-05-23 00:00:00'), 'scheduled_date_orig': Timestamp('2025-11-30 00:00:00'), 'product_id': 'NMA01-H4-LMN1249-0.8'}
2025-11-28 10:09:44,568 - INFO - Searching for product with code: 'NMA01-H4-LMN1249-0.8' and old code: 'NMA01-H4-LMN1249-0.8'
2025-11-28 10:09:44,775 - INFO - Found product with exact match on old_product_code: 'NMA01-H4-LMN1249-0.8'
2025-11-28 10:09:44,844 - INFO - Using cached location ID for: 'RM03/QTL'
2025-11-28 10:09:44,844 - INFO - Row 18 has different destination: RM03/QTL
2025-11-28 10:09:44,845 - INFO - Prepared product NMA01-H4-LMN1249-0.8 with quantity 4.0 for batch creation
2025-11-28 10:09:44,845 - INFO - Move locations - Source: 4, Dest: 1187
2025-11-28 10:09:44,846 - INFO - Processing Excel row 19: {'partner_id': 'MOGEN_OB', 'scheduled_date': Timestamp('2025-11-30 00:00:00'), 'picking_type_id': 'RM03-OB', 'date_done': Timestamp('2025-11-30 00:00:00'), 'origin': 'คลังวัตถุดิบ Supplier', 'location_dest_id': 'RM03/QTL', 'default_code': 'NMA02-131000x0.12-308', 'product_uom_qty': 213, 'price_unit': 46.0, 'sequence': 19, 'date': Timestamp('2025-09-08 00:00:00'), 'scheduled_date_orig': Timestamp('2025-11-30 00:00:00'), 'product_id': 'NMA02-131000x0.12-308'}
2025-11-28 10:09:44,846 - INFO - Using cached product ID for code: 'NMA02-131000x0.12-308'
2025-11-28 10:09:44,847 - INFO - Using cached location ID for: 'RM03/QTL'
2025-11-28 10:09:44,847 - INFO - Row 19 has different destination: RM03/QTL
2025-11-28 10:09:44,847 - INFO - Prepared product NMA02-131000x0.12-308 with quantity 213.0 for batch creation
2025-11-28 10:09:44,848 - INFO - Move locations - Source: 4, Dest: 1187
2025-11-28 10:09:44,848 - INFO - Processing Excel row 20: {'partner_id': 'MOGEN_OB', 'scheduled_date': Timestamp('2025-11-30 00:00:00'), 'picking_type_id': 'RM03-OB', 'date_done': Timestamp('2025-11-30 00:00:00'), 'origin': 'คลังวัตถุดิบ Supplier', 'location_dest_id': 'RM03/QTL', 'default_code': 'NMA02-131000x0.12-308', 'product_uom_qty': 484, 'price_unit': 46.0, 'sequence': 20, 'date': Timestamp('2025-09-08 00:00:00'), 'scheduled_date_orig': Timestamp('2025-11-30 00:00:00'), 'product_id': 'NMA02-131000x0.12-308'}
2025-11-28 10:09:44,848 - INFO - Using cached product ID for code: 'NMA02-131000x0.12-308'
2025-11-28 10:09:44,849 - INFO - Using cached location ID for: 'RM03/QTL'
2025-11-28 10:09:44,849 - INFO - Row 20 has different destination: RM03/QTL
2025-11-28 10:09:44,849 - INFO - Prepared product NMA02-131000x0.12-308 with quantity 484.0 for batch creation
2025-11-28 10:09:44,850 - INFO - Move locations - Source: 4, Dest: 1187
2025-11-28 10:09:44,850 - INFO - Processing Excel row 21: {'partner_id': 'MOGEN_OB', 'scheduled_date': Timestamp('2025-11-30 00:00:00'), 'picking_type_id': 'RM03-OB', 'date_done': Timestamp('2025-11-30 00:00:00'), 'origin': 'คลังวัตถุดิบ Supplier', 'location_dest_id': 'RM03/QTL', 'default_code': 'NMA02-00000PP36-1250-0.3', 'product_uom_qty': 162, 'price_unit': 122.200129, 'sequence': 21, 'date': Timestamp('2025-09-09 00:00:00'), 'scheduled_date_orig': Timestamp('2025-11-30 00:00:00'), 'product_id': 'NMA02-00000PP36-1250-0.3'}
2025-11-28 10:09:44,851 - INFO - Using cached product ID for code: 'NMA02-00000PP36-1250-0.3'
2025-11-28 10:09:44,851 - INFO - Using cached location ID for: 'RM03/QTL'
2025-11-28 10:09:44,851 - INFO - Row 21 has different destination: RM03/QTL
2025-11-28 10:09:44,852 - INFO - Prepared product NMA02-00000PP36-1250-0.3 with quantity 162.0 for batch creation
2025-11-28 10:09:44,852 - INFO - Move locations - Source: 4, Dest: 1187
2025-11-28 10:09:44,852 - INFO - Processing Excel row 22: {'partner_id': 'MOGEN_OB', 'scheduled_date': Timestamp('2025-11-30 00:00:00'), 'picking_type_id': 'RM03-OB', 'date_done': Timestamp('2025-11-30 00:00:00'), 'origin': 'คลังวัตถุดิบ Supplier', 'location_dest_id': 'RM03/QTL', 'default_code': 'MA01-168A12202440A', 'product_uom_qty': 1, 'price_unit': 1423.553, 'sequence': 22, 'date': Timestamp('2025-10-22 00:00:00'), 'scheduled_date_orig': Timestamp('2025-11-30 00:00:00'), 'product_id': 'MA01-168A12202440A'}
2025-11-28 10:09:44,852 - INFO - Searching for product with code: 'MA01-168A12202440A' and old code: 'MA01-168A12202440A'
2025-11-28 10:09:45,108 - INFO - Found product with exact match on old_product_code: 'MA01-168A12202440A'
2025-11-28 10:09:45,186 - INFO - Using cached location ID for: 'RM03/QTL'
2025-11-28 10:09:45,186 - INFO - Row 22 has different destination: RM03/QTL
2025-11-28 10:09:45,187 - INFO - Prepared product MA01-168A12202440A with quantity 1.0 for batch creation
2025-11-28 10:09:45,187 - INFO - Move locations - Source: 4, Dest: 1187
2025-11-28 10:09:45,187 - INFO - Processing Excel row 23: {'partner_id': 'MOGEN_OB', 'scheduled_date': Timestamp('2025-11-30 00:00:00'), 'picking_type_id': 'RM03-OB', 'date_done': Timestamp('2025-11-30 00:00:00'), 'origin': 'คลังวัตถุดิบ Supplier', 'location_dest_id': 'RM03/QTL', 'default_code': 'NMA01-120-PB-HMR-2440-16', 'product_uom_qty': 10, 'price_unit': 340.0, 'sequence': 23, 'date': Timestamp('2025-10-22 00:00:00'), 'scheduled_date_orig': Timestamp('2025-11-30 00:00:00'), 'product_id': 'NMA01-120-PB-HMR-2440-16'}
2025-11-28 10:09:45,188 - INFO - Searching for product with code: 'NMA01-120-PB-HMR-2440-16' and old code: 'NMA01-120-PB-HMR-2440-16'
2025-11-28 10:09:45,410 - INFO - Found product with exact match on old_product_code: 'NMA01-120-PB-HMR-2440-16'
2025-11-28 10:09:45,499 - INFO - Using cached location ID for: 'RM03/QTL'
2025-11-28 10:09:45,499 - INFO - Row 23 has different destination: RM03/QTL
2025-11-28 10:09:45,500 - INFO - Prepared product NMA01-120-PB-HMR-2440-16 with quantity 10.0 for batch creation
2025-11-28 10:09:45,500 - INFO - Move locations - Source: 4, Dest: 1187
2025-11-28 10:09:45,501 - INFO - Processing Excel row 24: {'partner_id': 'MOGEN_OB', 'scheduled_date': Timestamp('2025-11-30 00:00:00'), 'picking_type_id': 'RM03-OB', 'date_done': Timestamp('2025-11-30 00:00:00'), 'origin': 'คลังวัตถุดิบ Supplier', 'location_dest_id': 'RM03/TCI', 'default_code': 'BAC11', 'product_uom_qty': 89, 'price_unit': 9.0, 'sequence': 24, 'date': Timestamp('2019-01-01 00:00:00'), 'scheduled_date_orig': Timestamp('2025-11-30 00:00:00'), 'product_id': 'BAC11'}
2025-11-28 10:09:45,501 - INFO - Searching for product with code: 'BAC11' and old code: 'BAC11'
2025-11-28 10:09:45,737 - INFO - Found product with exact match on old_product_code: 'BAC11'
2025-11-28 10:09:45,808 - INFO - Searching for location: 'RM03/TCI'
2025-11-28 10:09:46,027 - INFO - Found location with complete_name match: 'RM03/TCI' for 'RM03/TCI'
2025-11-28 10:09:46,028 - INFO - Row 24 has different destination: RM03/TCI
2025-11-28 10:09:46,028 - INFO - Prepared product BAC11 with quantity 89.0 for batch creation
2025-11-28 10:09:46,029 - INFO - Move locations - Source: 4, Dest: 1188
2025-11-28 10:09:46,029 - INFO - Processing Excel row 25: {'partner_id': 'MOGEN_OB', 'scheduled_date': Timestamp('2025-11-30 00:00:00'), 'picking_type_id': 'RM03-OB', 'date_done': Timestamp('2025-11-30 00:00:00'), 'origin': 'คลังวัตถุดิบ Supplier', 'location_dest_id': 'RM03/TCI', 'default_code': 'BAC11', 'product_uom_qty': 18, 'price_unit': 9.0, 'sequence': 25, 'date': Timestamp('2019-07-29 00:00:00'), 'scheduled_date_orig': Timestamp('2025-11-30 00:00:00'), 'product_id': 'BAC11'}
2025-11-28 10:09:46,030 - INFO - Using cached product ID for code: 'BAC11'
2025-11-28 10:09:46,030 - INFO - Using cached location ID for: 'RM03/TCI'
2025-11-28 10:09:46,031 - INFO - Row 25 has different destination: RM03/TCI
2025-11-28 10:09:46,031 - INFO - Prepared product BAC11 with quantity 18.0 for batch creation
2025-11-28 10:09:46,032 - INFO - Move locations - Source: 4, Dest: 1188
2025-11-28 10:09:46,032 - INFO - Processing Excel row 26: {'partner_id': 'MOGEN_OB', 'scheduled_date': Timestamp('2025-11-30 00:00:00'), 'picking_type_id': 'RM03-OB', 'date_done': Timestamp('2025-11-30 00:00:00'), 'origin': 'คลังวัตถุดิบ Supplier', 'location_dest_id': 'RM03/TCI', 'default_code': 'BMA014', 'product_uom_qty': 75, 'price_unit': 78.5, 'sequence': 26, 'date': Timestamp('2023-04-08 00:00:00'), 'scheduled_date_orig': Timestamp('2025-11-30 00:00:00'), 'product_id': 'BMA014'}
2025-11-28 10:09:46,033 - INFO - Searching for product with code: 'BMA014' and old code: 'BMA014'
2025-11-28 10:09:46,277 - INFO - Found product with exact match on old_product_code: 'BMA014'
2025-11-28 10:09:46,350 - INFO - Using cached location ID for: 'RM03/TCI'
2025-11-28 10:09:46,351 - INFO - Row 26 has different destination: RM03/TCI
2025-11-28 10:09:46,351 - INFO - Prepared product BMA014 with quantity 75.0 for batch creation
2025-11-28 10:09:46,352 - INFO - Move locations - Source: 4, Dest: 1188
2025-11-28 10:09:46,353 - INFO - Processing Excel row 27: {'partner_id': 'MOGEN_OB', 'scheduled_date': Timestamp('2025-11-30 00:00:00'), 'picking_type_id': 'RM03-OB', 'date_done': Timestamp('2025-11-30 00:00:00'), 'origin': 'คลังวัตถุดิบ Supplier', 'location_dest_id': 'RM03/TCI', 'default_code': 'BMA014', 'product_uom_qty': 10, 'price_unit': 78.5, 'sequence': 27, 'date': Timestamp('2023-11-30 00:00:00'), 'scheduled_date_orig': Timestamp('2025-11-30 00:00:00'), 'product_id': 'BMA014'}
2025-11-28 10:09:46,353 - INFO - Using cached product ID for code: 'BMA014'
2025-11-28 10:09:46,353 - INFO - Using cached location ID for: 'RM03/TCI'
2025-11-28 10:09:46,354 - INFO - Row 27 has different destination: RM03/TCI
2025-11-28 10:09:46,354 - INFO - Prepared product BMA014 with quantity 10.0 for batch creation
2025-11-28 10:09:46,355 - INFO - Move locations - Source: 4, Dest: 1188
2025-11-28 10:09:46,356 - INFO - Processing Excel row 28: {'partner_id': 'MOGEN_OB', 'scheduled_date': Timestamp('2025-11-30 00:00:00'), 'picking_type_id': 'RM03-OB', 'date_done': Timestamp('2025-11-30 00:00:00'), 'origin': 'คลังวัตถุดิบ Supplier', 'location_dest_id': 'RM03/TCI', 'default_code': 'SP0017100', 'product_uom_qty': 2, 'price_unit': 71.9416424731183, 'sequence': 28, 'date': Timestamp('2024-01-31 00:00:00'), 'scheduled_date_orig': Timestamp('2025-11-30 00:00:00'), 'product_id': 'SP0017100'}
2025-11-28 10:09:46,356 - INFO - Searching for product with code: 'SP0017100' and old code: 'SP0017100'
2025-11-28 10:09:46,426 - INFO - Found product with exact match on default_code: 'SP0017100'
2025-11-28 10:09:46,495 - INFO - Using cached location ID for: 'RM03/TCI'
2025-11-28 10:09:46,495 - INFO - Row 28 has different destination: RM03/TCI
2025-11-28 10:09:46,496 - INFO - Prepared product SP0017100 with quantity 2.0 for batch creation
2025-11-28 10:09:46,496 - INFO - Move locations - Source: 4, Dest: 1188
2025-11-28 10:09:46,497 - INFO - Processing Excel row 29: {'partner_id': 'MOGEN_OB', 'scheduled_date': Timestamp('2025-11-30 00:00:00'), 'picking_type_id': 'RM03-OB', 'date_done': Timestamp('2025-11-30 00:00:00'), 'origin': 'คลังวัตถุดิบ Supplier', 'location_dest_id': 'RM03/TCI', 'default_code': 'BAC13', 'product_uom_qty': 243, 'price_unit': 7.0, 'sequence': 29, 'date': Timestamp('2024-10-28 00:00:00'), 'scheduled_date_orig': Timestamp('2025-11-30 00:00:00'), 'product_id': 'BAC13'}
2025-11-28 10:09:46,497 - INFO - Searching for product with code: 'BAC13' and old code: 'BAC13'
2025-11-28 10:09:46,729 - INFO - Found product with exact match on old_product_code: 'BAC13'
2025-11-28 10:09:46,808 - INFO - Using cached location ID for: 'RM03/TCI'
2025-11-28 10:09:46,809 - INFO - Row 29 has different destination: RM03/TCI
2025-11-28 10:09:46,809 - INFO - Prepared product BAC13 with quantity 243.0 for batch creation
2025-11-28 10:09:46,809 - INFO - Move locations - Source: 4, Dest: 1188
2025-11-28 10:09:46,810 - INFO - Processing Excel row 30: {'partner_id': 'MOGEN_OB', 'scheduled_date': Timestamp('2025-11-30 00:00:00'), 'picking_type_id': 'RM03-OB', 'date_done': Timestamp('2025-11-30 00:00:00'), 'origin': 'คลังวัตถุดิบ Supplier', 'location_dest_id': 'RM03/TCI', 'default_code': 'BMT056ECO', 'product_uom_qty': 123, 'price_unit': 145.07, 'sequence': 30, 'date': Timestamp('2024-12-18 00:00:00'), 'scheduled_date_orig': Timestamp('2025-11-30 00:00:00'), 'product_id': 'BMT056ECO'}
2025-11-28 10:09:46,810 - INFO - Searching for product with code: 'BMT056ECO' and old code: 'BMT056ECO'
2025-11-28 10:09:47,020 - INFO - Found product with exact match on old_product_code: 'BMT056ECO'
2025-11-28 10:09:47,090 - INFO - Using cached location ID for: 'RM03/TCI'
2025-11-28 10:09:47,091 - INFO - Row 30 has different destination: RM03/TCI
2025-11-28 10:09:47,091 - INFO - Prepared product BMT056ECO with quantity 123.0 for batch creation
2025-11-28 10:09:47,091 - INFO - Move locations - Source: 4, Dest: 1188
2025-11-28 10:09:47,092 - INFO - Processing Excel row 31: {'partner_id': 'MOGEN_OB', 'scheduled_date': Timestamp('2025-11-30 00:00:00'), 'picking_type_id': 'RM03-OB', 'date_done': Timestamp('2025-11-30 00:00:00'), 'origin': 'คลังวัตถุดิบ Supplier', 'location_dest_id': 'RM03/TCI', 'default_code': 'BAC051', 'product_uom_qty': 235, 'price_unit': 6.0, 'sequence': 31, 'date': Timestamp('2025-04-28 00:00:00'), 'scheduled_date_orig': Timestamp('2025-11-30 00:00:00'), 'product_id': 'BAC051'}
2025-11-28 10:09:47,092 - INFO - Searching for product with code: 'BAC051' and old code: 'BAC051'
2025-11-28 10:09:47,324 - INFO - Found product with exact match on old_product_code: 'BAC051'
2025-11-28 10:09:47,400 - INFO - Using cached location ID for: 'RM03/TCI'
2025-11-28 10:09:47,401 - INFO - Row 31 has different destination: RM03/TCI
2025-11-28 10:09:47,402 - INFO - Prepared product BAC051 with quantity 235.0 for batch creation
2025-11-28 10:09:47,403 - INFO - Move locations - Source: 4, Dest: 1188
2025-11-28 10:09:47,404 - INFO - Processing Excel row 32: {'partner_id': 'MOGEN_OB', 'scheduled_date': Timestamp('2025-11-30 00:00:00'), 'picking_type_id': 'RM03-OB', 'date_done': Timestamp('2025-11-30 00:00:00'), 'origin': 'คลังวัตถุดิบ Supplier', 'location_dest_id': 'RM03/TCI', 'default_code': 'BAC23335363', 'product_uom_qty': 241, 'price_unit': 9.0, 'sequence': 32, 'date': Timestamp('2025-04-28 00:00:00'), 'scheduled_date_orig': Timestamp('2025-11-30 00:00:00'), 'product_id': 'BAC23335363'}
2025-11-28 10:09:47,405 - INFO - Searching for product with code: 'BAC23335363' and old code: 'BAC23335363'
2025-11-28 10:09:47,647 - INFO - Found product with exact match on old_product_code: 'BAC23335363'
2025-11-28 10:09:47,732 - INFO - Using cached location ID for: 'RM03/TCI'
2025-11-28 10:09:47,733 - INFO - Row 32 has different destination: RM03/TCI
2025-11-28 10:09:47,735 - INFO - Prepared product BAC23335363 with quantity 241.0 for batch creation
2025-11-28 10:09:47,737 - INFO - Move locations - Source: 4, Dest: 1188
2025-11-28 10:09:47,739 - INFO - Processing Excel row 33: {'partner_id': 'MOGEN_OB', 'scheduled_date': Timestamp('2025-11-30 00:00:00'), 'picking_type_id': 'RM03-OB', 'date_done': Timestamp('2025-11-30 00:00:00'), 'origin': 'คลังวัตถุดิบ Supplier', 'location_dest_id': 'RM03/TCI', 'default_code': 'BMTK03', 'product_uom_qty': 6, 'price_unit': 139.2, 'sequence': 33, 'date': Timestamp('2025-05-21 00:00:00'), 'scheduled_date_orig': Timestamp('2025-11-30 00:00:00'), 'product_id': 'BMTK03'}
2025-11-28 10:09:47,740 - INFO - Searching for product with code: 'BMTK03' and old code: 'BMTK03'
2025-11-28 10:09:47,953 - INFO - Found product with exact match on old_product_code: 'BMTK03'
2025-11-28 10:09:48,045 - INFO - Using cached location ID for: 'RM03/TCI'
2025-11-28 10:09:48,046 - INFO - Row 33 has different destination: RM03/TCI
2025-11-28 10:09:48,048 - INFO - Prepared product BMTK03 with quantity 6.0 for batch creation
2025-11-28 10:09:48,049 - INFO - Move locations - Source: 4, Dest: 1188
2025-11-28 10:09:48,051 - INFO - Processing Excel row 34: {'partner_id': 'MOGEN_OB', 'scheduled_date': Timestamp('2025-11-30 00:00:00'), 'picking_type_id': 'RM03-OB', 'date_done': Timestamp('2025-11-30 00:00:00'), 'origin': 'คลังวัตถุดิบ Supplier', 'location_dest_id': 'RM03/TCI', 'default_code': 'BMT057ECOTCI', 'product_uom_qty': 6, 'price_unit': 161.0, 'sequence': 34, 'date': Timestamp('2025-06-05 00:00:00'), 'scheduled_date_orig': Timestamp('2025-11-30 00:00:00'), 'product_id': 'BMT057ECOTCI'}
2025-11-28 10:09:48,053 - INFO - Searching for product with code: 'BMT057ECOTCI' and old code: 'BMT057ECOTCI'
2025-11-28 10:09:48,273 - INFO - Found product with exact match on old_product_code: 'BMT057ECOTCI'
2025-11-28 10:09:48,346 - INFO - Using cached location ID for: 'RM03/TCI'
2025-11-28 10:09:48,346 - INFO - Row 34 has different destination: RM03/TCI
2025-11-28 10:09:48,347 - INFO - Prepared product BMT057ECOTCI with quantity 6.0 for batch creation
2025-11-28 10:09:48,347 - INFO - Move locations - Source: 4, Dest: 1188
2025-11-28 10:09:48,348 - INFO - Processing Excel row 35: {'partner_id': 'MOGEN_OB', 'scheduled_date': Timestamp('2025-11-30 00:00:00'), 'picking_type_id': 'RM03-OB', 'date_done': Timestamp('2025-11-30 00:00:00'), 'origin': 'คลังวัตถุดิบ Supplier', 'location_dest_id': 'RM03/TCI', 'default_code': 'SPW0054110', 'product_uom_qty': 38, 'price_unit': 211.088578378378, 'sequence': 35, 'date': Timestamp('2025-06-20 00:00:00'), 'scheduled_date_orig': Timestamp('2025-11-30 00:00:00'), 'product_id': 'SPW0054110'}
2025-11-28 10:09:48,348 - INFO - Searching for product with code: 'SPW0054110' and old code: 'SPW0054110'
2025-11-28 10:09:48,415 - INFO - Found product with exact match on default_code: 'SPW0054110'
2025-11-28 10:09:48,487 - INFO - Using cached location ID for: 'RM03/TCI'
2025-11-28 10:09:48,488 - INFO - Row 35 has different destination: RM03/TCI
2025-11-28 10:09:48,489 - INFO - Prepared product SPW0054110 with quantity 38.0 for batch creation
2025-11-28 10:09:48,489 - INFO - Move locations - Source: 4, Dest: 1188
2025-11-28 10:09:48,490 - INFO - Processing Excel row 36: {'partner_id': 'MOGEN_OB', 'scheduled_date': Timestamp('2025-11-30 00:00:00'), 'picking_type_id': 'RM03-OB', 'date_done': Timestamp('2025-11-30 00:00:00'), 'origin': 'คลังวัตถุดิบ Supplier', 'location_dest_id': 'RM03/TCI', 'default_code': 'BMA183A', 'product_uom_qty': 160, 'price_unit': 53.0, 'sequence': 36, 'date': Timestamp('2025-06-30 00:00:00'), 'scheduled_date_orig': Timestamp('2025-11-30 00:00:00'), 'product_id': 'BMA183A'}
2025-11-28 10:09:48,491 - INFO - Searching for product with code: 'BMA183A' and old code: 'BMA183A'
2025-11-28 10:09:48,723 - INFO - Found product with exact match on old_product_code: 'BMA183A'
2025-11-28 10:09:48,793 - INFO - Using cached location ID for: 'RM03/TCI'
2025-11-28 10:09:48,793 - INFO - Row 36 has different destination: RM03/TCI
2025-11-28 10:09:48,794 - INFO - Prepared product BMA183A with quantity 160.0 for batch creation
2025-11-28 10:09:48,794 - INFO - Move locations - Source: 4, Dest: 1188
2025-11-28 10:09:48,794 - INFO - Processing Excel row 37: {'partner_id': 'MOGEN_OB', 'scheduled_date': Timestamp('2025-11-30 00:00:00'), 'picking_type_id': 'RM03-OB', 'date_done': Timestamp('2025-11-30 00:00:00'), 'origin': 'คลังวัตถุดิบ Supplier', 'location_dest_id': 'RM03/TCI', 'default_code': 'BAC052', 'product_uom_qty': 772, 'price_unit': 5.5, 'sequence': 37, 'date': Timestamp('2025-07-17 00:00:00'), 'scheduled_date_orig': Timestamp('2025-11-30 00:00:00'), 'product_id': 'BAC052'}
2025-11-28 10:09:48,795 - INFO - Searching for product with code: 'BAC052' and old code: 'BAC052'
2025-11-28 10:09:49,017 - INFO - Found product with exact match on old_product_code: 'BAC052'
2025-11-28 10:09:49,106 - INFO - Using cached location ID for: 'RM03/TCI'
2025-11-28 10:09:49,107 - INFO - Row 37 has different destination: RM03/TCI
2025-11-28 10:09:49,107 - INFO - Prepared product BAC052 with quantity 772.0 for batch creation
2025-11-28 10:09:49,107 - INFO - Move locations - Source: 4, Dest: 1188
2025-11-28 10:09:49,108 - INFO - Processing Excel row 38: {'partner_id': 'MOGEN_OB', 'scheduled_date': Timestamp('2025-11-30 00:00:00'), 'picking_type_id': 'RM03-OB', 'date_done': Timestamp('2025-11-30 00:00:00'), 'origin': 'คลังวัตถุดิบ Supplier', 'location_dest_id': 'RM03/TCI', 'default_code': 'MT541S101', 'product_uom_qty': 129, 'price_unit': 351.1988519379845, 'sequence': 38, 'date': Timestamp('2025-08-22 00:00:00'), 'scheduled_date_orig': Timestamp('2025-11-30 00:00:00'), 'product_id': 'MT541S101'}
2025-11-28 10:09:49,108 - INFO - Searching for product with code: 'MT541S101' and old code: 'MT541S101'
2025-11-28 10:09:49,188 - INFO - Found product with exact match on default_code: 'MT541S101'
2025-11-28 10:09:49,258 - INFO - Using cached location ID for: 'RM03/TCI'
2025-11-28 10:09:49,259 - INFO - Row 38 has different destination: RM03/TCI
2025-11-28 10:09:49,259 - INFO - Prepared product MT541S101 with quantity 129.0 for batch creation
2025-11-28 10:09:49,260 - INFO - Move locations - Source: 4, Dest: 1188
2025-11-28 10:09:49,261 - INFO - Processing Excel row 39: {'partner_id': 'MOGEN_OB', 'scheduled_date': Timestamp('2025-11-30 00:00:00'), 'picking_type_id': 'RM03-OB', 'date_done': Timestamp('2025-11-30 00:00:00'), 'origin': 'คลังวัตถุดิบ Supplier', 'location_dest_id': 'RM03/TCI', 'default_code': 'PACK000239', 'product_uom_qty': 150, 'price_unit': 63.771737333333334, 'sequence': 39, 'date': Timestamp('2025-08-22 00:00:00'), 'scheduled_date_orig': Timestamp('2025-11-30 00:00:00'), 'product_id': 'PACK000239'}
2025-11-28 10:09:49,261 - INFO - Searching for product with code: 'PACK000239' and old code: 'PACK000239'
2025-11-28 10:09:49,350 - INFO - Found product with exact match on default_code: 'PACK000239'
2025-11-28 10:09:49,441 - INFO - Using cached location ID for: 'RM03/TCI'
2025-11-28 10:09:49,442 - INFO - Row 39 has different destination: RM03/TCI
2025-11-28 10:09:49,443 - INFO - Prepared product PACK000239 with quantity 150.0 for batch creation
2025-11-28 10:09:49,444 - INFO - Move locations - Source: 4, Dest: 1188
2025-11-28 10:09:49,445 - INFO - Processing Excel row 40: {'partner_id': 'MOGEN_OB', 'scheduled_date': Timestamp('2025-11-30 00:00:00'), 'picking_type_id': 'RM03-OB', 'date_done': Timestamp('2025-11-30 00:00:00'), 'origin': 'คลังวัตถุดิบ Supplier', 'location_dest_id': 'RM03/TCI', 'default_code': 'SPW0056200', 'product_uom_qty': 50, 'price_unit': 204.171846428571, 'sequence': 40, 'date': Timestamp('2025-08-22 00:00:00'), 'scheduled_date_orig': Timestamp('2025-11-30 00:00:00'), 'product_id': 'SPW0056200'}
2025-11-28 10:09:49,446 - INFO - Searching for product with code: 'SPW0056200' and old code: 'SPW0056200'
2025-11-28 10:09:49,520 - INFO - Found product with exact match on default_code: 'SPW0056200'
2025-11-28 10:09:49,595 - INFO - Using cached location ID for: 'RM03/TCI'
2025-11-28 10:09:49,597 - INFO - Row 40 has different destination: RM03/TCI
2025-11-28 10:09:49,599 - INFO - Prepared product SPW0056200 with quantity 50.0 for batch creation
2025-11-28 10:09:49,600 - INFO - Move locations - Source: 4, Dest: 1188
2025-11-28 10:09:49,602 - INFO - Processing Excel row 41: {'partner_id': 'MOGEN_OB', 'scheduled_date': Timestamp('2025-11-30 00:00:00'), 'picking_type_id': 'RM03-OB', 'date_done': Timestamp('2025-11-30 00:00:00'), 'origin': 'คลังวัตถุดิบ Supplier', 'location_dest_id': 'RM03/TCI', 'default_code': 'MA575C110', 'product_uom_qty': 1, 'price_unit': 820.0, 'sequence': 41, 'date': Timestamp('2025-08-25 00:00:00'), 'scheduled_date_orig': Timestamp('2025-11-30 00:00:00'), 'product_id': 'MA575C110'}
2025-11-28 10:09:49,603 - INFO - Searching for product with code: 'MA575C110' and old code: 'MA575C110'
2025-11-28 10:09:49,672 - INFO - Found product with exact match on default_code: 'MA575C110'
2025-11-28 10:09:49,751 - INFO - Using cached location ID for: 'RM03/TCI'
2025-11-28 10:09:49,752 - INFO - Row 41 has different destination: RM03/TCI
2025-11-28 10:09:49,754 - INFO - Prepared product MA575C110 with quantity 1.0 for batch creation
2025-11-28 10:09:49,755 - INFO - Move locations - Source: 4, Dest: 1188
2025-11-28 10:09:49,757 - INFO - Processing Excel row 42: {'partner_id': 'MOGEN_OB', 'scheduled_date': Timestamp('2025-11-30 00:00:00'), 'picking_type_id': 'RM03-OB', 'date_done': Timestamp('2025-11-30 00:00:00'), 'origin': 'คลังวัตถุดิบ Supplier', 'location_dest_id': 'RM03/TCI', 'default_code': 'BMT055ECO', 'product_uom_qty': 134, 'price_unit': 131.22, 'sequence': 42, 'date': Timestamp('2025-08-27 00:00:00'), 'scheduled_date_orig': Timestamp('2025-11-30 00:00:00'), 'product_id': 'BMT055ECO'}
2025-11-28 10:09:49,759 - INFO - Searching for product with code: 'BMT055ECO' and old code: 'BMT055ECO'
2025-11-28 10:09:49,995 - INFO - Found product with exact match on old_product_code: 'BMT055ECO'
2025-11-28 10:09:50,092 - INFO - Using cached location ID for: 'RM03/TCI'
2025-11-28 10:09:50,093 - INFO - Row 42 has different destination: RM03/TCI
2025-11-28 10:09:50,093 - INFO - Prepared product BMT055ECO with quantity 134.0 for batch creation
2025-11-28 10:09:50,094 - INFO - Move locations - Source: 4, Dest: 1188
2025-11-28 10:09:50,094 - INFO - Processing Excel row 43: {'partner_id': 'MOGEN_OB', 'scheduled_date': Timestamp('2025-11-30 00:00:00'), 'picking_type_id': 'RM03-OB', 'date_done': Timestamp('2025-11-30 00:00:00'), 'origin': 'คลังวัตถุดิบ Supplier', 'location_dest_id': 'RM03/TCI', 'default_code': 'BMT055ECO', 'product_uom_qty': 38, 'price_unit': 131.22, 'sequence': 43, 'date': Timestamp('2025-08-27 00:00:00'), 'scheduled_date_orig': Timestamp('2025-11-30 00:00:00'), 'product_id': 'BMT055ECO'}
2025-11-28 10:09:50,095 - INFO - Using cached product ID for code: 'BMT055ECO'
2025-11-28 10:09:50,095 - INFO - Using cached location ID for: 'RM03/TCI'
2025-11-28 10:09:50,096 - INFO - Row 43 has different destination: RM03/TCI
2025-11-28 10:09:50,096 - INFO - Prepared product BMT055ECO with quantity 38.0 for batch creation
2025-11-28 10:09:50,096 - INFO - Move locations - Source: 4, Dest: 1188
2025-11-28 10:09:50,097 - INFO - Processing Excel row 44: {'partner_id': 'MOGEN_OB', 'scheduled_date': Timestamp('2025-11-30 00:00:00'), 'picking_type_id': 'RM03-OB', 'date_done': Timestamp('2025-11-30 00:00:00'), 'origin': 'คลังวัตถุดิบ Supplier', 'location_dest_id': 'RM03/TCI', 'default_code': 'BMA174', 'product_uom_qty': 242, 'price_unit': 31.85, 'sequence': 44, 'date': Timestamp('2025-09-23 00:00:00'), 'scheduled_date_orig': Timestamp('2025-11-30 00:00:00'), 'product_id': 'BMA174'}
2025-11-28 10:09:50,098 - INFO - Searching for product with code: 'BMA174' and old code: 'BMA174'
2025-11-28 10:09:50,310 - INFO - Found product with exact match on old_product_code: 'BMA174'
2025-11-28 10:09:50,383 - INFO - Using cached location ID for: 'RM03/TCI'
2025-11-28 10:09:50,384 - INFO - Row 44 has different destination: RM03/TCI
2025-11-28 10:09:50,385 - INFO - Prepared product BMA174 with quantity 242.0 for batch creation
2025-11-28 10:09:50,386 - INFO - Move locations - Source: 4, Dest: 1188
2025-11-28 10:09:50,387 - INFO - Processing Excel row 45: {'partner_id': 'MOGEN_OB', 'scheduled_date': Timestamp('2025-11-30 00:00:00'), 'picking_type_id': 'RM03-OB', 'date_done': Timestamp('2025-11-30 00:00:00'), 'origin': 'คลังวัตถุดิบ Supplier', 'location_dest_id': 'RM03/TCI', 'default_code': 'SP0032100', 'product_uom_qty': 215, 'price_unit': 6.5, 'sequence': 45, 'date': Timestamp('2025-09-26 00:00:00'), 'scheduled_date_orig': Timestamp('2025-11-30 00:00:00'), 'product_id': 'SP0032100'}
2025-11-28 10:09:50,387 - INFO - Searching for product with code: 'SP0032100' and old code: 'SP0032100'
2025-11-28 10:09:50,469 - INFO - Found product with exact match on default_code: 'SP0032100'
2025-11-28 10:09:50,562 - INFO - Using cached location ID for: 'RM03/TCI'
2025-11-28 10:09:50,563 - INFO - Row 45 has different destination: RM03/TCI
2025-11-28 10:09:50,564 - INFO - Prepared product SP0032100 with quantity 215.0 for batch creation
2025-11-28 10:09:50,565 - INFO - Move locations - Source: 4, Dest: 1188
2025-11-28 10:09:50,567 - INFO - Processing Excel row 46: {'partner_id': 'MOGEN_OB', 'scheduled_date': Timestamp('2025-11-30 00:00:00'), 'picking_type_id': 'RM03-OB', 'date_done': Timestamp('2025-11-30 00:00:00'), 'origin': 'คลังวัตถุดิบ Supplier', 'location_dest_id': 'RM03/TCI', 'default_code': 'BMT414344TCI', 'product_uom_qty': 226, 'price_unit': 99.0, 'sequence': 46, 'date': Timestamp('2025-10-20 00:00:00'), 'scheduled_date_orig': Timestamp('2025-11-30 00:00:00'), 'product_id': 'BMT414344TCI'}
2025-11-28 10:09:50,569 - INFO - Searching for product with code: 'BMT414344TCI' and old code: 'BMT414344TCI'
2025-11-28 10:09:50,793 - INFO - Found product with exact match on old_product_code: 'BMT414344TCI'
2025-11-28 10:09:50,861 - INFO - Using cached location ID for: 'RM03/TCI'
2025-11-28 10:09:50,862 - INFO - Row 46 has different destination: RM03/TCI
2025-11-28 10:09:50,862 - INFO - Prepared product BMT414344TCI with quantity 226.0 for batch creation
2025-11-28 10:09:50,863 - INFO - Move locations - Source: 4, Dest: 1188
2025-11-28 10:09:50,864 - INFO - Processing Excel row 47: {'partner_id': 'MOGEN_OB', 'scheduled_date': Timestamp('2025-11-30 00:00:00'), 'picking_type_id': 'RM03-OB', 'date_done': Timestamp('2025-11-30 00:00:00'), 'origin': 'คลังวัตถุดิบ Supplier', 'location_dest_id': 'RM03/TCI', 'default_code': 'SPO004100', 'product_uom_qty': 100, 'price_unit': 63.0, 'sequence': 47, 'date': Timestamp('2025-11-14 00:00:00'), 'scheduled_date_orig': Timestamp('2025-11-30 00:00:00'), 'product_id': 'SPO004100'}
2025-11-28 10:09:50,864 - INFO - Searching for product with code: 'SPO004100' and old code: 'SPO004100'
2025-11-28 10:09:50,930 - INFO - Found product with exact match on default_code: 'SPO004100'
2025-11-28 10:09:51,029 - INFO - Using cached location ID for: 'RM03/TCI'
2025-11-28 10:09:51,029 - INFO - Row 47 has different destination: RM03/TCI
2025-11-28 10:09:51,030 - INFO - Prepared product SPO004100 with quantity 100.0 for batch creation
2025-11-28 10:09:51,031 - INFO - Move locations - Source: 4, Dest: 1188
2025-11-28 10:09:51,032 - INFO - Processing Excel row 48: {'partner_id': 'MOGEN_OB', 'scheduled_date': Timestamp('2025-11-30 00:00:00'), 'picking_type_id': 'RM03-OB', 'date_done': Timestamp('2025-11-30 00:00:00'), 'origin': 'คลังวัตถุดิบ Supplier', 'location_dest_id': 'RM03/TCI', 'default_code': 'BAC051', 'product_uom_qty': 1000, 'price_unit': 6.0, 'sequence': 48, 'date': Timestamp('2025-11-20 00:00:00'), 'scheduled_date_orig': Timestamp('2025-11-30 00:00:00'), 'product_id': 'BAC051'}
2025-11-28 10:09:51,032 - INFO - Using cached product ID for code: 'BAC051'
2025-11-28 10:09:51,033 - INFO - Using cached location ID for: 'RM03/TCI'
2025-11-28 10:09:51,033 - INFO - Row 48 has different destination: RM03/TCI
2025-11-28 10:09:51,034 - INFO - Prepared product BAC051 with quantity 1000.0 for batch creation
2025-11-28 10:09:51,035 - INFO - Move locations - Source: 4, Dest: 1188
2025-11-28 10:09:51,036 - INFO - Processing Excel row 49: {'partner_id': 'MOGEN_OB', 'scheduled_date': Timestamp('2025-11-30 00:00:00'), 'picking_type_id': 'RM03-OB', 'date_done': Timestamp('2025-11-30 00:00:00'), 'origin': 'คลังวัตถุดิบ Supplier', 'location_dest_id': 'RM03/TCI', 'default_code': 'BMT414344TCI', 'product_uom_qty': 300, 'price_unit': 100.0, 'sequence': 49, 'date': Timestamp('2025-11-20 00:00:00'), 'scheduled_date_orig': Timestamp('2025-11-30 00:00:00'), 'product_id': 'BMT414344TCI'}
2025-11-28 10:09:51,036 - INFO - Using cached product ID for code: 'BMT414344TCI'
2025-11-28 10:09:51,037 - INFO - Using cached location ID for: 'RM03/TCI'
2025-11-28 10:09:51,037 - INFO - Row 49 has different destination: RM03/TCI
2025-11-28 10:09:51,038 - INFO - Prepared product BMT414344TCI with quantity 300.0 for batch creation
2025-11-28 10:09:51,038 - INFO - Move locations - Source: 4, Dest: 1188
2025-11-28 10:09:51,039 - INFO - Processing Excel row 50: {'partner_id': 'MOGEN_OB', 'scheduled_date': Timestamp('2025-11-30 00:00:00'), 'picking_type_id': 'RM03-OB', 'date_done': Timestamp('2025-11-30 00:00:00'), 'origin': 'คลังวัตถุดิบ Supplier', 'location_dest_id': 'RM03/WCG', 'default_code': 'NFG05-GL-00001', 'product_uom_qty': 1, 'price_unit': 4559.0, 'sequence': 50, 'date': Timestamp('2025-08-29 00:00:00'), 'scheduled_date_orig': Timestamp('2025-11-30 00:00:00'), 'product_id': 'NFG05-GL-00001'}
2025-11-28 10:09:51,039 - INFO - Searching for product with code: 'NFG05-GL-00001' and old code: 'NFG05-GL-00001'
2025-11-28 10:09:51,267 - INFO - Found product with exact match on old_product_code: 'NFG05-GL-00001'
2025-11-28 10:09:51,337 - INFO - Searching for location: 'RM03/WCG'
2025-11-28 10:09:51,567 - INFO - Found location with complete_name match: 'RM03/WCG' for 'RM03/WCG'
2025-11-28 10:09:51,567 - INFO - Row 50 has different destination: RM03/WCG
2025-11-28 10:09:51,568 - INFO - Prepared product NFG05-GL-00001 with quantity 1.0 for batch creation
2025-11-28 10:09:51,568 - INFO - Move locations - Source: 4, Dest: 1200
2025-11-28 10:09:51,570 - INFO - Processing Excel row 51: {'partner_id': 'MOGEN_OB', 'scheduled_date': Timestamp('2025-11-30 00:00:00'), 'picking_type_id': 'RM03-OB', 'date_done': Timestamp('2025-11-30 00:00:00'), 'origin': 'คลังวัตถุดิบ Supplier', 'location_dest_id': 'RM03/WCG', 'default_code': 'NFG05-GL-00001', 'product_uom_qty': 1, 'price_unit': 4537.0, 'sequence': 51, 'date': Timestamp('2025-08-29 00:00:00'), 'scheduled_date_orig': Timestamp('2025-11-30 00:00:00'), 'product_id': 'NFG05-GL-00001'}
2025-11-28 10:09:51,570 - INFO - Using cached product ID for code: 'NFG05-GL-00001'
2025-11-28 10:09:51,571 - INFO - Using cached location ID for: 'RM03/WCG'
2025-11-28 10:09:51,571 - INFO - Row 51 has different destination: RM03/WCG
2025-11-28 10:09:51,571 - INFO - Prepared product NFG05-GL-00001 with quantity 1.0 for batch creation
2025-11-28 10:09:51,572 - INFO - Move locations - Source: 4, Dest: 1200
2025-11-28 10:09:51,572 - INFO - Processing Excel row 52: {'partner_id': 'MOGEN_OB', 'scheduled_date': Timestamp('2025-11-30 00:00:00'), 'picking_type_id': 'RM03-OB', 'date_done': Timestamp('2025-11-30 00:00:00'), 'origin': 'คลังวัตถุดิบ Supplier', 'location_dest_id': 'RM03/WCG', 'default_code': 'NFG05-GL-00001', 'product_uom_qty': 2, 'price_unit': 4618.0, 'sequence': 52, 'date': Timestamp('2025-08-29 00:00:00'), 'scheduled_date_orig': Timestamp('2025-11-30 00:00:00'), 'product_id': 'NFG05-GL-00001'}
2025-11-28 10:09:51,573 - INFO - Using cached product ID for code: 'NFG05-GL-00001'
2025-11-28 10:09:51,573 - INFO - Using cached location ID for: 'RM03/WCG'
2025-11-28 10:09:51,574 - INFO - Row 52 has different destination: RM03/WCG
2025-11-28 10:09:51,574 - INFO - Prepared product NFG05-GL-00001 with quantity 2.0 for batch creation
2025-11-28 10:09:51,574 - INFO - Move locations - Source: 4, Dest: 1200
2025-11-28 10:09:51,575 - INFO - Processing Excel row 53: {'partner_id': 'MOGEN_OB', 'scheduled_date': Timestamp('2025-11-30 00:00:00'), 'picking_type_id': 'RM03-OB', 'date_done': Timestamp('2025-11-30 00:00:00'), 'origin': 'คลังวัตถุดิบ Supplier', 'location_dest_id': 'RM03/WCG', 'default_code': 'NFG05-GL-00001', 'product_uom_qty': 1, 'price_unit': 5063.0, 'sequence': 53, 'date': Timestamp('2025-08-29 00:00:00'), 'scheduled_date_orig': Timestamp('2025-11-30 00:00:00'), 'product_id': 'NFG05-GL-00001'}
2025-11-28 10:09:51,575 - INFO - Using cached product ID for code: 'NFG05-GL-00001'
2025-11-28 10:09:51,576 - INFO - Using cached location ID for: 'RM03/WCG'
2025-11-28 10:09:51,576 - INFO - Row 53 has different destination: RM03/WCG
2025-11-28 10:09:51,577 - INFO - Prepared product NFG05-GL-00001 with quantity 1.0 for batch creation
2025-11-28 10:09:51,577 - INFO - Move locations - Source: 4, Dest: 1200
2025-11-28 10:09:51,578 - INFO - Processing Excel row 54: {'partner_id': 'MOGEN_OB', 'scheduled_date': Timestamp('2025-11-30 00:00:00'), 'picking_type_id': 'RM03-OB', 'date_done': Timestamp('2025-11-30 00:00:00'), 'origin': 'คลังวัตถุดิบ Supplier', 'location_dest_id': 'RM03/WCG', 'default_code': 'NFG05-GL-00001', 'product_uom_qty': 1, 'price_unit': 4610.0, 'sequence': 54, 'date': Timestamp('2025-08-29 00:00:00'), 'scheduled_date_orig': Timestamp('2025-11-30 00:00:00'), 'product_id': 'NFG05-GL-00001'}
2025-11-28 10:09:51,579 - INFO - Using cached product ID for code: 'NFG05-GL-00001'
2025-11-28 10:09:51,580 - INFO - Using cached location ID for: 'RM03/WCG'
2025-11-28 10:09:51,580 - INFO - Row 54 has different destination: RM03/WCG
2025-11-28 10:09:51,580 - INFO - Prepared product NFG05-GL-00001 with quantity 1.0 for batch creation
2025-11-28 10:09:51,581 - INFO - Move locations - Source: 4, Dest: 1200
2025-11-28 10:09:51,581 - INFO - Processing Excel row 55: {'partner_id': 'MOGEN_OB', 'scheduled_date': Timestamp('2025-11-30 00:00:00'), 'picking_type_id': 'RM03-OB', 'date_done': Timestamp('2025-11-30 00:00:00'), 'origin': 'คลังวัตถุดิบ Supplier', 'location_dest_id': 'RM03/WCG', 'default_code': 'NFG05-GL-00001', 'product_uom_qty': 3, 'price_unit': 4584.0, 'sequence': 55, 'date': Timestamp('2025-08-29 00:00:00'), 'scheduled_date_orig': Timestamp('2025-11-30 00:00:00'), 'product_id': 'NFG05-GL-00001'}
2025-11-28 10:09:51,582 - INFO - Using cached product ID for code: 'NFG05-GL-00001'
2025-11-28 10:09:51,582 - INFO - Using cached location ID for: 'RM03/WCG'
2025-11-28 10:09:51,583 - INFO - Row 55 has different destination: RM03/WCG
2025-11-28 10:09:51,583 - INFO - Prepared product NFG05-GL-00001 with quantity 3.0 for batch creation
2025-11-28 10:09:51,583 - INFO - Move locations - Source: 4, Dest: 1200
2025-11-28 10:09:51,584 - INFO - Processing Excel row 56: {'partner_id': 'MOGEN_OB', 'scheduled_date': Timestamp('2025-11-30 00:00:00'), 'picking_type_id': 'RM03-OB', 'date_done': Timestamp('2025-11-30 00:00:00'), 'origin': 'คลังวัตถุดิบ Supplier', 'location_dest_id': 'RM03/WCG', 'default_code': 'NFG05-GL-00001', 'product_uom_qty': 1, 'price_unit': 6303.0, 'sequence': 56, 'date': Timestamp('2025-08-29 00:00:00'), 'scheduled_date_orig': Timestamp('2025-11-30 00:00:00'), 'product_id': 'NFG05-GL-00001'}
2025-11-28 10:09:51,584 - INFO - Using cached product ID for code: 'NFG05-GL-00001'
2025-11-28 10:09:51,584 - INFO - Using cached location ID for: 'RM03/WCG'
2025-11-28 10:09:51,585 - INFO - Row 56 has different destination: RM03/WCG
2025-11-28 10:09:51,585 - INFO - Prepared product NFG05-GL-00001 with quantity 1.0 for batch creation
2025-11-28 10:09:51,585 - INFO - Move locations - Source: 4, Dest: 1200
2025-11-28 10:09:51,586 - INFO - Processing Excel row 57: {'partner_id': 'MOGEN_OB', 'scheduled_date': Timestamp('2025-11-30 00:00:00'), 'picking_type_id': 'RM03-OB', 'date_done': Timestamp('2025-11-30 00:00:00'), 'origin': 'คลังวัตถุดิบ Supplier', 'location_dest_id': 'RM03/WCG', 'default_code': 'NFG05-GL-00001', 'product_uom_qty': 1, 'price_unit': 4844.0, 'sequence': 57, 'date': Timestamp('2025-08-29 00:00:00'), 'scheduled_date_orig': Timestamp('2025-11-30 00:00:00'), 'product_id': 'NFG05-GL-00001'}
2025-11-28 10:09:51,586 - INFO - Using cached product ID for code: 'NFG05-GL-00001'
2025-11-28 10:09:51,586 - INFO - Using cached location ID for: 'RM03/WCG'
2025-11-28 10:09:51,586 - INFO - Row 57 has different destination: RM03/WCG
2025-11-28 10:09:51,587 - INFO - Prepared product NFG05-GL-00001 with quantity 1.0 for batch creation
2025-11-28 10:09:51,587 - INFO - Move locations - Source: 4, Dest: 1200
2025-11-28 10:09:51,587 - INFO - Processing Excel row 58: {'partner_id': 'MOGEN_OB', 'scheduled_date': Timestamp('2025-11-30 00:00:00'), 'picking_type_id': 'RM03-OB', 'date_done': Timestamp('2025-11-30 00:00:00'), 'origin': 'คลังวัตถุดิบ Supplier', 'location_dest_id': 'RM03/WCG', 'default_code': 'NFG05-GL-00001', 'product_uom_qty': 1, 'price_unit': 5390.0, 'sequence': 58, 'date': Timestamp('2025-08-29 00:00:00'), 'scheduled_date_orig': Timestamp('2025-11-30 00:00:00'), 'product_id': 'NFG05-GL-00001'}
2025-11-28 10:09:51,588 - INFO - Using cached product ID for code: 'NFG05-GL-00001'
2025-11-28 10:09:51,588 - INFO - Using cached location ID for: 'RM03/WCG'
2025-11-28 10:09:51,588 - INFO - Row 58 has different destination: RM03/WCG
2025-11-28 10:09:51,589 - INFO - Prepared product NFG05-GL-00001 with quantity 1.0 for batch creation
2025-11-28 10:09:51,589 - INFO - Move locations - Source: 4, Dest: 1200
2025-11-28 10:09:51,589 - INFO - Processing Excel row 59: {'partner_id': 'MOGEN_OB', 'scheduled_date': Timestamp('2025-11-30 00:00:00'), 'picking_type_id': 'RM03-OB', 'date_done': Timestamp('2025-11-30 00:00:00'), 'origin': 'คลังวัตถุดิบ Supplier', 'location_dest_id': 'RM03/WCG', 'default_code': 'NFG05-GL-00001', 'product_uom_qty': 1, 'price_unit': 5613.0, 'sequence': 59, 'date': Timestamp('2025-08-29 00:00:00'), 'scheduled_date_orig': Timestamp('2025-11-30 00:00:00'), 'product_id': 'NFG05-GL-00001'}
2025-11-28 10:09:51,590 - INFO - Using cached product ID for code: 'NFG05-GL-00001'
2025-11-28 10:09:51,590 - INFO - Using cached location ID for: 'RM03/WCG'
2025-11-28 10:09:51,590 - INFO - Row 59 has different destination: RM03/WCG
2025-11-28 10:09:51,591 - INFO - Prepared product NFG05-GL-00001 with quantity 1.0 for batch creation
2025-11-28 10:09:51,591 - INFO - Move locations - Source: 4, Dest: 1200
2025-11-28 10:09:51,592 - INFO - Processing Excel row 60: {'partner_id': 'MOGEN_OB', 'scheduled_date': Timestamp('2025-11-30 00:00:00'), 'picking_type_id': 'RM03-OB', 'date_done': Timestamp('2025-11-30 00:00:00'), 'origin': 'คลังวัตถุดิบ Supplier', 'location_dest_id': 'RM03/WCG', 'default_code': 'NFG05-GL-00001', 'product_uom_qty': 1, 'price_unit': 5394.0, 'sequence': 60, 'date': Timestamp('2025-08-29 00:00:00'), 'scheduled_date_orig': Timestamp('2025-11-30 00:00:00'), 'product_id': 'NFG05-GL-00001'}
2025-11-28 10:09:51,592 - INFO - Using cached product ID for code: 'NFG05-GL-00001'
2025-11-28 10:09:51,592 - INFO - Using cached location ID for: 'RM03/WCG'
2025-11-28 10:09:51,592 - INFO - Row 60 has different destination: RM03/WCG
2025-11-28 10:09:51,593 - INFO - Prepared product NFG05-GL-00001 with quantity 1.0 for batch creation
2025-11-28 10:09:51,593 - INFO - Move locations - Source: 4, Dest: 1200
2025-11-28 10:09:51,594 - INFO - Processing Excel row 61: {'partner_id': 'MOGEN_OB', 'scheduled_date': Timestamp('2025-11-30 00:00:00'), 'picking_type_id': 'RM03-OB', 'date_done': Timestamp('2025-11-30 00:00:00'), 'origin': 'คลังวัตถุดิบ Supplier', 'location_dest_id': 'RM03/WCG', 'default_code': 'NFG05-GL-00001', 'product_uom_qty': 1, 'price_unit': 6595.0, 'sequence': 61, 'date': Timestamp('2025-08-29 00:00:00'), 'scheduled_date_orig': Timestamp('2025-11-30 00:00:00'), 'product_id': 'NFG05-GL-00001'}
2025-11-28 10:09:51,594 - INFO - Using cached product ID for code: 'NFG05-GL-00001'
2025-11-28 10:09:51,594 - INFO - Using cached location ID for: 'RM03/WCG'
2025-11-28 10:09:51,594 - INFO - Row 61 has different destination: RM03/WCG
2025-11-28 10:09:51,595 - INFO - Prepared product NFG05-GL-00001 with quantity 1.0 for batch creation
2025-11-28 10:09:51,595 - INFO - Move locations - Source: 4, Dest: 1200
2025-11-28 10:09:51,596 - INFO - Processing Excel row 62: {'partner_id': 'MOGEN_OB', 'scheduled_date': Timestamp('2025-11-30 00:00:00'), 'picking_type_id': 'RM03-OB', 'date_done': Timestamp('2025-11-30 00:00:00'), 'origin': 'คลังวัตถุดิบ Supplier', 'location_dest_id': 'RM03/WCG', 'default_code': 'NFG05-GL-00001', 'product_uom_qty': 1, 'price_unit': 5823.0, 'sequence': 62, 'date': Timestamp('2025-08-29 00:00:00'), 'scheduled_date_orig': Timestamp('2025-11-30 00:00:00'), 'product_id': 'NFG05-GL-00001'}
2025-11-28 10:09:51,596 - INFO - Using cached product ID for code: 'NFG05-GL-00001'
2025-11-28 10:09:51,596 - INFO - Using cached location ID for: 'RM03/WCG'
2025-11-28 10:09:51,597 - INFO - Row 62 has different destination: RM03/WCG
2025-11-28 10:09:51,597 - INFO - Prepared product NFG05-GL-00001 with quantity 1.0 for batch creation
2025-11-28 10:09:51,598 - INFO - Move locations - Source: 4, Dest: 1200
2025-11-28 10:09:51,598 - INFO - Processing Excel row 63: {'partner_id': 'MOGEN_OB', 'scheduled_date': Timestamp('2025-11-30 00:00:00'), 'picking_type_id': 'RM03-OB', 'date_done': Timestamp('2025-11-30 00:00:00'), 'origin': 'คลังวัตถุดิบ Supplier', 'location_dest_id': 'RM03/WCG', 'default_code': 'NFG05-GL-00001', 'product_uom_qty': 1, 'price_unit': 5510.0, 'sequence': 63, 'date': Timestamp('2025-08-29 00:00:00'), 'scheduled_date_orig': Timestamp('2025-11-30 00:00:00'), 'product_id': 'NFG05-GL-00001'}
2025-11-28 10:09:51,600 - INFO - Using cached product ID for code: 'NFG05-GL-00001'
2025-11-28 10:09:51,600 - INFO - Using cached location ID for: 'RM03/WCG'
2025-11-28 10:09:51,600 - INFO - Row 63 has different destination: RM03/WCG
2025-11-28 10:09:51,601 - INFO - Prepared product NFG05-GL-00001 with quantity 1.0 for batch creation
2025-11-28 10:09:51,601 - INFO - Move locations - Source: 4, Dest: 1200
2025-11-28 10:09:51,602 - INFO - Processing Excel row 64: {'partner_id': 'MOGEN_OB', 'scheduled_date': Timestamp('2025-11-30 00:00:00'), 'picking_type_id': 'RM03-OB', 'date_done': Timestamp('2025-11-30 00:00:00'), 'origin': 'คลังวัตถุดิบ Supplier', 'location_dest_id': 'RM03/WCG', 'default_code': 'NFG05-GL-00001', 'product_uom_qty': 1, 'price_unit': 5278.0, 'sequence': 64, 'date': Timestamp('2025-08-29 00:00:00'), 'scheduled_date_orig': Timestamp('2025-11-30 00:00:00'), 'product_id': 'NFG05-GL-00001'}
2025-11-28 10:09:51,602 - INFO - Using cached product ID for code: 'NFG05-GL-00001'
2025-11-28 10:09:51,602 - INFO - Using cached location ID for: 'RM03/WCG'
2025-11-28 10:09:51,602 - INFO - Row 64 has different destination: RM03/WCG
2025-11-28 10:09:51,603 - INFO - Prepared product NFG05-GL-00001 with quantity 1.0 for batch creation
2025-11-28 10:09:51,603 - INFO - Move locations - Source: 4, Dest: 1200
2025-11-28 10:09:51,604 - INFO - Processing Excel row 65: {'partner_id': 'MOGEN_OB', 'scheduled_date': Timestamp('2025-11-30 00:00:00'), 'picking_type_id': 'RM03-OB', 'date_done': Timestamp('2025-11-30 00:00:00'), 'origin': 'คลังวัตถุดิบ Supplier', 'location_dest_id': 'RM03/WCG', 'default_code': 'NFG05-GL-00001', 'product_uom_qty': 1, 'price_unit': 6411.0, 'sequence': 65, 'date': Timestamp('2025-08-29 00:00:00'), 'scheduled_date_orig': Timestamp('2025-11-30 00:00:00'), 'product_id': 'NFG05-GL-00001'}
2025-11-28 10:09:51,604 - INFO - Using cached product ID for code: 'NFG05-GL-00001'
2025-11-28 10:09:51,604 - INFO - Using cached location ID for: 'RM03/WCG'
2025-11-28 10:09:51,605 - INFO - Row 65 has different destination: RM03/WCG
2025-11-28 10:09:51,605 - INFO - Prepared product NFG05-GL-00001 with quantity 1.0 for batch creation
2025-11-28 10:09:51,605 - INFO - Move locations - Source: 4, Dest: 1200
2025-11-28 10:09:51,606 - INFO - Processing Excel row 66: {'partner_id': 'MOGEN_OB', 'scheduled_date': Timestamp('2025-11-30 00:00:00'), 'picking_type_id': 'RM03-OB', 'date_done': Timestamp('2025-11-30 00:00:00'), 'origin': 'คลังวัตถุดิบ Supplier', 'location_dest_id': 'RM03/WCG', 'default_code': 'NFG05-GL-00001', 'product_uom_qty': 1, 'price_unit': 5585.0, 'sequence': 66, 'date': Timestamp('2025-08-29 00:00:00'), 'scheduled_date_orig': Timestamp('2025-11-30 00:00:00'), 'product_id': 'NFG05-GL-00001'}
2025-11-28 10:09:51,606 - INFO - Using cached product ID for code: 'NFG05-GL-00001'
2025-11-28 10:09:51,606 - INFO - Using cached location ID for: 'RM03/WCG'
2025-11-28 10:09:51,606 - INFO - Row 66 has different destination: RM03/WCG
2025-11-28 10:09:51,607 - INFO - Prepared product NFG05-GL-00001 with quantity 1.0 for batch creation
2025-11-28 10:09:51,607 - INFO - Move locations - Source: 4, Dest: 1200
2025-11-28 10:09:51,607 - INFO - Processing Excel row 67: {'partner_id': 'MOGEN_OB', 'scheduled_date': Timestamp('2025-11-30 00:00:00'), 'picking_type_id': 'RM03-OB', 'date_done': Timestamp('2025-11-30 00:00:00'), 'origin': 'คลังวัตถุดิบ Supplier', 'location_dest_id': 'RM03/WCG', 'default_code': 'NFG05-GL-00001', 'product_uom_qty': 1, 'price_unit': 5093.0, 'sequence': 67, 'date': Timestamp('2025-08-29 00:00:00'), 'scheduled_date_orig': Timestamp('2025-11-30 00:00:00'), 'product_id': 'NFG05-GL-00001'}
2025-11-28 10:09:51,608 - INFO - Using cached product ID for code: 'NFG05-GL-00001'
2025-11-28 10:09:51,608 - INFO - Using cached location ID for: 'RM03/WCG'
2025-11-28 10:09:51,608 - INFO - Row 67 has different destination: RM03/WCG
2025-11-28 10:09:51,609 - INFO - Prepared product NFG05-GL-00001 with quantity 1.0 for batch creation
2025-11-28 10:09:51,609 - INFO - Move locations - Source: 4, Dest: 1200
2025-11-28 10:09:51,609 - INFO - Processing Excel row 68: {'partner_id': 'MOGEN_OB', 'scheduled_date': Timestamp('2025-11-30 00:00:00'), 'picking_type_id': 'RM03-OB', 'date_done': Timestamp('2025-11-30 00:00:00'), 'origin': 'คลังวัตถุดิบ Supplier', 'location_dest_id': 'RM03/WCG', 'default_code': 'NFG05-GL-00001', 'product_uom_qty': 1, 'price_unit': 3384.0, 'sequence': 68, 'date': Timestamp('2025-08-29 00:00:00'), 'scheduled_date_orig': Timestamp('2025-11-30 00:00:00'), 'product_id': 'NFG05-GL-00001'}
2025-11-28 10:09:51,610 - INFO - Using cached product ID for code: 'NFG05-GL-00001'
2025-11-28 10:09:51,610 - INFO - Using cached location ID for: 'RM03/WCG'
2025-11-28 10:09:51,610 - INFO - Row 68 has different destination: RM03/WCG
2025-11-28 10:09:51,611 - INFO - Prepared product NFG05-GL-00001 with quantity 1.0 for batch creation
2025-11-28 10:09:51,611 - INFO - Move locations - Source: 4, Dest: 1200
2025-11-28 10:09:51,612 - INFO - Processing Excel row 69: {'partner_id': 'MOGEN_OB', 'scheduled_date': Timestamp('2025-11-30 00:00:00'), 'picking_type_id': 'RM03-OB', 'date_done': Timestamp('2025-11-30 00:00:00'), 'origin': 'คลังวัตถุดิบ Supplier', 'location_dest_id': 'RM03/WCG', 'default_code': 'NFG05-GL-00001', 'product_uom_qty': 1, 'price_unit': 3384.0, 'sequence': 69, 'date': Timestamp('2025-08-29 00:00:00'), 'scheduled_date_orig': Timestamp('2025-11-30 00:00:00'), 'product_id': 'NFG05-GL-00001'}
2025-11-28 10:09:51,612 - INFO - Using cached product ID for code: 'NFG05-GL-00001'
2025-11-28 10:09:51,613 - INFO - Using cached location ID for: 'RM03/WCG'
2025-11-28 10:09:51,613 - INFO - Row 69 has different destination: RM03/WCG
2025-11-28 10:09:51,613 - INFO - Prepared product NFG05-GL-00001 with quantity 1.0 for batch creation
2025-11-28 10:09:51,613 - INFO - Move locations - Source: 4, Dest: 1200
2025-11-28 10:09:51,614 - INFO - Processing Excel row 70: {'partner_id': 'MOGEN_OB', 'scheduled_date': Timestamp('2025-11-30 00:00:00'), 'picking_type_id': 'RM03-OB', 'date_done': Timestamp('2025-11-30 00:00:00'), 'origin': 'คลังวัตถุดิบ Supplier', 'location_dest_id': 'RM03/WCG', 'default_code': 'NFG05-GL-00001', 'product_uom_qty': 1, 'price_unit': 3986.0, 'sequence': 70, 'date': Timestamp('2025-08-29 00:00:00'), 'scheduled_date_orig': Timestamp('2025-11-30 00:00:00'), 'product_id': 'NFG05-GL-00001'}
2025-11-28 10:09:51,614 - INFO - Using cached product ID for code: 'NFG05-GL-00001'
2025-11-28 10:09:51,615 - INFO - Using cached location ID for: 'RM03/WCG'
2025-11-28 10:09:51,615 - INFO - Row 70 has different destination: RM03/WCG
2025-11-28 10:09:51,616 - INFO - Prepared product NFG05-GL-00001 with quantity 1.0 for batch creation
2025-11-28 10:09:51,616 - INFO - Move locations - Source: 4, Dest: 1200
2025-11-28 10:09:51,617 - INFO - Processing Excel row 71: {'partner_id': 'MOGEN_OB', 'scheduled_date': Timestamp('2025-11-30 00:00:00'), 'picking_type_id': 'RM03-OB', 'date_done': Timestamp('2025-11-30 00:00:00'), 'origin': 'คลังวัตถุดิบ Supplier', 'location_dest_id': 'RM03/WCG', 'default_code': 'NFG05-GL-00001', 'product_uom_qty': 1, 'price_unit': 4198.0, 'sequence': 71, 'date': Timestamp('2025-08-29 00:00:00'), 'scheduled_date_orig': Timestamp('2025-11-30 00:00:00'), 'product_id': 'NFG05-GL-00001'}
2025-11-28 10:09:51,617 - INFO - Using cached product ID for code: 'NFG05-GL-00001'
2025-11-28 10:09:51,617 - INFO - Using cached location ID for: 'RM03/WCG'
2025-11-28 10:09:51,618 - INFO - Row 71 has different destination: RM03/WCG
2025-11-28 10:09:51,618 - INFO - Prepared product NFG05-GL-00001 with quantity 1.0 for batch creation
2025-11-28 10:09:51,618 - INFO - Move locations - Source: 4, Dest: 1200
2025-11-28 10:09:51,619 - INFO - Processing Excel row 72: {'partner_id': 'MOGEN_OB', 'scheduled_date': Timestamp('2025-11-30 00:00:00'), 'picking_type_id': 'RM03-OB', 'date_done': Timestamp('2025-11-30 00:00:00'), 'origin': 'คลังวัตถุดิบ Supplier', 'location_dest_id': 'RM03/WCG', 'default_code': 'NFG05-GL-00001', 'product_uom_qty': 1, 'price_unit': 4405.0, 'sequence': 72, 'date': Timestamp('2025-08-29 00:00:00'), 'scheduled_date_orig': Timestamp('2025-11-30 00:00:00'), 'product_id': 'NFG05-GL-00001'}
2025-11-28 10:09:51,619 - INFO - Using cached product ID for code: 'NFG05-GL-00001'
2025-11-28 10:09:51,619 - INFO - Using cached location ID for: 'RM03/WCG'
2025-11-28 10:09:51,620 - INFO - Row 72 has different destination: RM03/WCG
2025-11-28 10:09:51,620 - INFO - Prepared product NFG05-GL-00001 with quantity 1.0 for batch creation
2025-11-28 10:09:51,620 - INFO - Move locations - Source: 4, Dest: 1200
2025-11-28 10:09:51,621 - INFO - Processing Excel row 73: {'partner_id': 'MOGEN_OB', 'scheduled_date': Timestamp('2025-11-30 00:00:00'), 'picking_type_id': 'RM03-OB', 'date_done': Timestamp('2025-11-30 00:00:00'), 'origin': 'คลังวัตถุดิบ Supplier', 'location_dest_id': 'RM03/WCG', 'default_code': 'NFG05-GL-00001', 'product_uom_qty': 1, 'price_unit': 4333.0, 'sequence': 73, 'date': Timestamp('2025-08-29 00:00:00'), 'scheduled_date_orig': Timestamp('2025-11-30 00:00:00'), 'product_id': 'NFG05-GL-00001'}
2025-11-28 10:09:51,621 - INFO - Using cached product ID for code: 'NFG05-GL-00001'
2025-11-28 10:09:51,621 - INFO - Using cached location ID for: 'RM03/WCG'
2025-11-28 10:09:51,622 - INFO - Row 73 has different destination: RM03/WCG
2025-11-28 10:09:51,622 - INFO - Prepared product NFG05-GL-00001 with quantity 1.0 for batch creation
2025-11-28 10:09:51,622 - INFO - Move locations - Source: 4, Dest: 1200
2025-11-28 10:09:51,623 - INFO - Processing Excel row 74: {'partner_id': 'MOGEN_OB', 'scheduled_date': Timestamp('2025-11-30 00:00:00'), 'picking_type_id': 'RM03-OB', 'date_done': Timestamp('2025-11-30 00:00:00'), 'origin': 'คลังวัตถุดิบ Supplier', 'location_dest_id': 'RM03/WCG', 'default_code': 'NFG05-GL-00001', 'product_uom_qty': 2, 'price_unit': 3971.0, 'sequence': 74, 'date': Timestamp('2025-08-29 00:00:00'), 'scheduled_date_orig': Timestamp('2025-11-30 00:00:00'), 'product_id': 'NFG05-GL-00001'}
2025-11-28 10:09:51,623 - INFO - Using cached product ID for code: 'NFG05-GL-00001'
2025-11-28 10:09:51,623 - INFO - Using cached location ID for: 'RM03/WCG'
2025-11-28 10:09:51,624 - INFO - Row 74 has different destination: RM03/WCG
2025-11-28 10:09:51,624 - INFO - Prepared product NFG05-GL-00001 with quantity 2.0 for batch creation
2025-11-28 10:09:51,624 - INFO - Move locations - Source: 4, Dest: 1200
2025-11-28 10:09:51,625 - INFO - Processing Excel row 75: {'partner_id': 'MOGEN_OB', 'scheduled_date': Timestamp('2025-11-30 00:00:00'), 'picking_type_id': 'RM03-OB', 'date_done': Timestamp('2025-11-30 00:00:00'), 'origin': 'คลังวัตถุดิบ Supplier', 'location_dest_id': 'RM03/WCG', 'default_code': 'NFG05-GL-00001', 'product_uom_qty': 5, 'price_unit': 3670.0, 'sequence': 75, 'date': Timestamp('2025-08-29 00:00:00'), 'scheduled_date_orig': Timestamp('2025-11-30 00:00:00'), 'product_id': 'NFG05-GL-00001'}
2025-11-28 10:09:51,625 - INFO - Using cached product ID for code: 'NFG05-GL-00001'
2025-11-28 10:09:51,625 - INFO - Using cached location ID for: 'RM03/WCG'
2025-11-28 10:09:51,626 - INFO - Row 75 has different destination: RM03/WCG
2025-11-28 10:09:51,626 - INFO - Prepared product NFG05-GL-00001 with quantity 5.0 for batch creation
2025-11-28 10:09:51,626 - INFO - Move locations - Source: 4, Dest: 1200
2025-11-28 10:09:51,627 - INFO - Processing Excel row 76: {'partner_id': 'MOGEN_OB', 'scheduled_date': Timestamp('2025-11-30 00:00:00'), 'picking_type_id': 'RM03-OB', 'date_done': Timestamp('2025-11-30 00:00:00'), 'origin': 'คลังวัตถุดิบ Supplier', 'location_dest_id': 'RM03/WCG', 'default_code': 'NFG05-GL-00001', 'product_uom_qty': 1, 'price_unit': 3764.0, 'sequence': 76, 'date': Timestamp('2025-08-29 00:00:00'), 'scheduled_date_orig': Timestamp('2025-11-30 00:00:00'), 'product_id': 'NFG05-GL-00001'}
2025-11-28 10:09:51,627 - INFO - Using cached product ID for code: 'NFG05-GL-00001'
2025-11-28 10:09:51,627 - INFO - Using cached location ID for: 'RM03/WCG'
2025-11-28 10:09:51,627 - INFO - Row 76 has different destination: RM03/WCG
2025-11-28 10:09:51,628 - INFO - Prepared product NFG05-GL-00001 with quantity 1.0 for batch creation
2025-11-28 10:09:51,628 - INFO - Move locations - Source: 4, Dest: 1200
2025-11-28 10:09:51,629 - INFO - Processing Excel row 77: {'partner_id': 'MOGEN_OB', 'scheduled_date': Timestamp('2025-11-30 00:00:00'), 'picking_type_id': 'RM03-OB', 'date_done': Timestamp('2025-11-30 00:00:00'), 'origin': 'คลังวัตถุดิบ Supplier', 'location_dest_id': 'RM03/WCG', 'default_code': 'NFG05-GL-00001', 'product_uom_qty': 1, 'price_unit': 4374.0, 'sequence': 77, 'date': Timestamp('2025-08-29 00:00:00'), 'scheduled_date_orig': Timestamp('2025-11-30 00:00:00'), 'product_id': 'NFG05-GL-00001'}
2025-11-28 10:09:51,629 - INFO - Using cached product ID for code: 'NFG05-GL-00001'
2025-11-28 10:09:51,630 - INFO - Using cached location ID for: 'RM03/WCG'
2025-11-28 10:09:51,630 - INFO - Row 77 has different destination: RM03/WCG
2025-11-28 10:09:51,630 - INFO - Prepared product NFG05-GL-00001 with quantity 1.0 for batch creation
2025-11-28 10:09:51,631 - INFO - Move locations - Source: 4, Dest: 1200
2025-11-28 10:09:51,632 - INFO - Processing Excel row 78: {'partner_id': 'MOGEN_OB', 'scheduled_date': Timestamp('2025-11-30 00:00:00'), 'picking_type_id': 'RM03-OB', 'date_done': Timestamp('2025-11-30 00:00:00'), 'origin': 'คลังวัตถุดิบ Supplier', 'location_dest_id': 'RM03/WCG', 'default_code': 'NFG05-GL-00001', 'product_uom_qty': 3, 'price_unit': 4543.0, 'sequence': 78, 'date': Timestamp('2025-08-29 00:00:00'), 'scheduled_date_orig': Timestamp('2025-11-30 00:00:00'), 'product_id': 'NFG05-GL-00001'}
2025-11-28 10:09:51,633 - INFO - Using cached product ID for code: 'NFG05-GL-00001'
2025-11-28 10:09:51,633 - INFO - Using cached location ID for: 'RM03/WCG'
2025-11-28 10:09:51,633 - INFO - Row 78 has different destination: RM03/WCG
2025-11-28 10:09:51,634 - INFO - Prepared product NFG05-GL-00001 with quantity 3.0 for batch creation
2025-11-28 10:09:51,634 - INFO - Move locations - Source: 4, Dest: 1200
2025-11-28 10:09:51,634 - INFO - Processing Excel row 79: {'partner_id': 'MOGEN_OB', 'scheduled_date': Timestamp('2025-11-30 00:00:00'), 'picking_type_id': 'RM03-OB', 'date_done': Timestamp('2025-11-30 00:00:00'), 'origin': 'คลังวัตถุดิบ Supplier', 'location_dest_id': 'RM03/WCG', 'default_code': 'NFG05-GL-00001', 'product_uom_qty': 4, 'price_unit': 3805.0, 'sequence': 79, 'date': Timestamp('2025-08-29 00:00:00'), 'scheduled_date_orig': Timestamp('2025-11-30 00:00:00'), 'product_id': 'NFG05-GL-00001'}
2025-11-28 10:09:51,635 - INFO - Using cached product ID for code: 'NFG05-GL-00001'
2025-11-28 10:09:51,635 - INFO - Using cached location ID for: 'RM03/WCG'
2025-11-28 10:09:51,635 - INFO - Row 79 has different destination: RM03/WCG
2025-11-28 10:09:51,636 - INFO - Prepared product NFG05-GL-00001 with quantity 4.0 for batch creation
2025-11-28 10:09:51,636 - INFO - Move locations - Source: 4, Dest: 1200
2025-11-28 10:09:51,636 - INFO - Processing Excel row 80: {'partner_id': 'MOGEN_OB', 'scheduled_date': Timestamp('2025-11-30 00:00:00'), 'picking_type_id': 'RM03-OB', 'date_done': Timestamp('2025-11-30 00:00:00'), 'origin': 'คลังวัตถุดิบ Supplier', 'location_dest_id': 'RM03/WCG', 'default_code': 'NFG05-GL-00001', 'product_uom_qty': 2, 'price_unit': 3971.0, 'sequence': 80, 'date': Timestamp('2025-08-29 00:00:00'), 'scheduled_date_orig': Timestamp('2025-11-30 00:00:00'), 'product_id': 'NFG05-GL-00001'}
2025-11-28 10:09:51,637 - INFO - Using cached product ID for code: 'NFG05-GL-00001'
2025-11-28 10:09:51,637 - INFO - Using cached location ID for: 'RM03/WCG'
2025-11-28 10:09:51,637 - INFO - Row 80 has different destination: RM03/WCG
2025-11-28 10:09:51,637 - INFO - Prepared product NFG05-GL-00001 with quantity 2.0 for batch creation
2025-11-28 10:09:51,638 - INFO - Move locations - Source: 4, Dest: 1200
2025-11-28 10:09:51,638 - INFO - Processing Excel row 81: {'partner_id': 'MOGEN_OB', 'scheduled_date': Timestamp('2025-11-30 00:00:00'), 'picking_type_id': 'RM03-OB', 'date_done': Timestamp('2025-11-30 00:00:00'), 'origin': 'คลังวัตถุดิบ Supplier', 'location_dest_id': 'RM03/WCG', 'default_code': 'NFG05-GL-00001', 'product_uom_qty': 1, 'price_unit': 4089.0, 'sequence': 81, 'date': Timestamp('2025-08-29 00:00:00'), 'scheduled_date_orig': Timestamp('2025-11-30 00:00:00'), 'product_id': 'NFG05-GL-00001'}
2025-11-28 10:09:51,638 - INFO - Using cached product ID for code: 'NFG05-GL-00001'
2025-11-28 10:09:51,639 - INFO - Using cached location ID for: 'RM03/WCG'
2025-11-28 10:09:51,639 - INFO - Row 81 has different destination: RM03/WCG
2025-11-28 10:09:51,639 - INFO - Prepared product NFG05-GL-00001 with quantity 1.0 for batch creation
2025-11-28 10:09:51,640 - INFO - Move locations - Source: 4, Dest: 1200
2025-11-28 10:09:51,640 - INFO - Processing Excel row 82: {'partner_id': 'MOGEN_OB', 'scheduled_date': Timestamp('2025-11-30 00:00:00'), 'picking_type_id': 'RM03-OB', 'date_done': Timestamp('2025-11-30 00:00:00'), 'origin': 'คลังวัตถุดิบ Supplier', 'location_dest_id': 'RM03/WCG', 'default_code': 'NFG05-GL-00001', 'product_uom_qty': 1, 'price_unit': 3140.0, 'sequence': 82, 'date': Timestamp('2025-08-29 00:00:00'), 'scheduled_date_orig': Timestamp('2025-11-30 00:00:00'), 'product_id': 'NFG05-GL-00001'}
2025-11-28 10:09:51,641 - INFO - Using cached product ID for code: 'NFG05-GL-00001'
2025-11-28 10:09:51,641 - INFO - Using cached location ID for: 'RM03/WCG'
2025-11-28 10:09:51,641 - INFO - Row 82 has different destination: RM03/WCG
2025-11-28 10:09:51,642 - INFO - Prepared product NFG05-GL-00001 with quantity 1.0 for batch creation
2025-11-28 10:09:51,642 - INFO - Move locations - Source: 4, Dest: 1200
2025-11-28 10:09:51,642 - INFO - Processing Excel row 83: {'partner_id': 'MOGEN_OB', 'scheduled_date': Timestamp('2025-11-30 00:00:00'), 'picking_type_id': 'RM03-OB', 'date_done': Timestamp('2025-11-30 00:00:00'), 'origin': 'คลังวัตถุดิบ Supplier', 'location_dest_id': 'RM03/WCG', 'default_code': 'NFG05-GL-00001', 'product_uom_qty': 2, 'price_unit': 2652.0, 'sequence': 83, 'date': Timestamp('2025-08-29 00:00:00'), 'scheduled_date_orig': Timestamp('2025-11-30 00:00:00'), 'product_id': 'NFG05-GL-00001'}
2025-11-28 10:09:51,642 - INFO - Using cached product ID for code: 'NFG05-GL-00001'
2025-11-28 10:09:51,643 - INFO - Using cached location ID for: 'RM03/WCG'
2025-11-28 10:09:51,643 - INFO - Row 83 has different destination: RM03/WCG
2025-11-28 10:09:51,643 - INFO - Prepared product NFG05-GL-00001 with quantity 2.0 for batch creation
2025-11-28 10:09:51,644 - INFO - Move locations - Source: 4, Dest: 1200
2025-11-28 10:09:51,644 - INFO - Processing Excel row 84: {'partner_id': 'MOGEN_OB', 'scheduled_date': Timestamp('2025-11-30 00:00:00'), 'picking_type_id': 'RM03-OB', 'date_done': Timestamp('2025-11-30 00:00:00'), 'origin': 'คลังวัตถุดิบ Supplier', 'location_dest_id': 'RM03/WCG', 'default_code': 'NFG05-GL-00001', 'product_uom_qty': 1, 'price_unit': 767.0, 'sequence': 84, 'date': Timestamp('2025-08-29 00:00:00'), 'scheduled_date_orig': Timestamp('2025-11-30 00:00:00'), 'product_id': 'NFG05-GL-00001'}
2025-11-28 10:09:51,644 - INFO - Using cached product ID for code: 'NFG05-GL-00001'
2025-11-28 10:09:51,645 - INFO - Using cached location ID for: 'RM03/WCG'
2025-11-28 10:09:51,645 - INFO - Row 84 has different destination: RM03/WCG
2025-11-28 10:09:51,646 - INFO - Prepared product NFG05-GL-00001 with quantity 1.0 for batch creation
2025-11-28 10:09:51,646 - INFO - Move locations - Source: 4, Dest: 1200
2025-11-28 10:09:51,646 - INFO - Processing Excel row 85: {'partner_id': 'MOGEN_OB', 'scheduled_date': Timestamp('2025-11-30 00:00:00'), 'picking_type_id': 'RM03-OB', 'date_done': Timestamp('2025-11-30 00:00:00'), 'origin': 'คลังวัตถุดิบ Supplier', 'location_dest_id': 'RM03/WCG', 'default_code': 'NFG05-GL-00001', 'product_uom_qty': 1, 'price_unit': 785.0, 'sequence': 85, 'date': Timestamp('2025-08-29 00:00:00'), 'scheduled_date_orig': Timestamp('2025-11-30 00:00:00'), 'product_id': 'NFG05-GL-00001'}
2025-11-28 10:09:51,646 - INFO - Using cached product ID for code: 'NFG05-GL-00001'
2025-11-28 10:09:51,647 - INFO - Using cached location ID for: 'RM03/WCG'
2025-11-28 10:09:51,647 - INFO - Row 85 has different destination: RM03/WCG
2025-11-28 10:09:51,647 - INFO - Prepared product NFG05-GL-00001 with quantity 1.0 for batch creation
2025-11-28 10:09:51,648 - INFO - Move locations - Source: 4, Dest: 1200
2025-11-28 10:09:51,648 - INFO - Processing Excel row 86: {'partner_id': 'MOGEN_OB', 'scheduled_date': Timestamp('2025-11-30 00:00:00'), 'picking_type_id': 'RM03-OB', 'date_done': Timestamp('2025-11-30 00:00:00'), 'origin': 'คลังวัตถุดิบ Supplier', 'location_dest_id': 'RM03/WCG', 'default_code': 'NFG05-GL-00001', 'product_uom_qty': 1, 'price_unit': 753.0, 'sequence': 86, 'date': Timestamp('2025-08-29 00:00:00'), 'scheduled_date_orig': Timestamp('2025-11-30 00:00:00'), 'product_id': 'NFG05-GL-00001'}
2025-11-28 10:09:51,648 - INFO - Using cached product ID for code: 'NFG05-GL-00001'
2025-11-28 10:09:51,649 - INFO - Using cached location ID for: 'RM03/WCG'
2025-11-28 10:09:51,649 - INFO - Row 86 has different destination: RM03/WCG
2025-11-28 10:09:51,649 - INFO - Prepared product NFG05-GL-00001 with quantity 1.0 for batch creation
2025-11-28 10:09:51,649 - INFO - Move locations - Source: 4, Dest: 1200
2025-11-28 10:09:51,650 - INFO - Processing Excel row 87: {'partner_id': 'MOGEN_OB', 'scheduled_date': Timestamp('2025-11-30 00:00:00'), 'picking_type_id': 'RM03-OB', 'date_done': Timestamp('2025-11-30 00:00:00'), 'origin': 'คลังวัตถุดิบ Supplier', 'location_dest_id': 'RM03/WCG', 'default_code': 'NFG05-GL-00001', 'product_uom_qty': 1, 'price_unit': 780.0, 'sequence': 87, 'date': Timestamp('2025-08-29 00:00:00'), 'scheduled_date_orig': Timestamp('2025-11-30 00:00:00'), 'product_id': 'NFG05-GL-00001'}
2025-11-28 10:09:51,650 - INFO - Using cached product ID for code: 'NFG05-GL-00001'
2025-11-28 10:09:51,650 - INFO - Using cached location ID for: 'RM03/WCG'
2025-11-28 10:09:51,651 - INFO - Row 87 has different destination: RM03/WCG
2025-11-28 10:09:51,651 - INFO - Prepared product NFG05-GL-00001 with quantity 1.0 for batch creation
2025-11-28 10:09:51,651 - INFO - Move locations - Source: 4, Dest: 1200
2025-11-28 10:09:51,652 - INFO - Processing Excel row 88: {'partner_id': 'MOGEN_OB', 'scheduled_date': Timestamp('2025-11-30 00:00:00'), 'picking_type_id': 'RM03-OB', 'date_done': Timestamp('2025-11-30 00:00:00'), 'origin': 'คลังวัตถุดิบ Supplier', 'location_dest_id': 'RM03/WCG', 'default_code': 'NFG05-GL-00001', 'product_uom_qty': 1, 'price_unit': 807.0, 'sequence': 88, 'date': Timestamp('2025-08-29 00:00:00'), 'scheduled_date_orig': Timestamp('2025-11-30 00:00:00'), 'product_id': 'NFG05-GL-00001'}
2025-11-28 10:09:51,653 - INFO - Using cached product ID for code: 'NFG05-GL-00001'
2025-11-28 10:09:51,653 - INFO - Using cached location ID for: 'RM03/WCG'
2025-11-28 10:09:51,654 - INFO - Row 88 has different destination: RM03/WCG
2025-11-28 10:09:51,654 - INFO - Prepared product NFG05-GL-00001 with quantity 1.0 for batch creation
2025-11-28 10:09:51,655 - INFO - Move locations - Source: 4, Dest: 1200
2025-11-28 10:09:51,655 - INFO - Processing Excel row 89: {'partner_id': 'MOGEN_OB', 'scheduled_date': Timestamp('2025-11-30 00:00:00'), 'picking_type_id': 'RM03-OB', 'date_done': Timestamp('2025-11-30 00:00:00'), 'origin': 'คลังวัตถุดิบ Supplier', 'location_dest_id': 'RM03/WCG', 'default_code': 'NFG05-GL-00001', 'product_uom_qty': 1, 'price_unit': 753.0, 'sequence': 89, 'date': Timestamp('2025-08-29 00:00:00'), 'scheduled_date_orig': Timestamp('2025-11-30 00:00:00'), 'product_id': 'NFG05-GL-00001'}
2025-11-28 10:09:51,656 - INFO - Using cached product ID for code: 'NFG05-GL-00001'
2025-11-28 10:09:51,656 - INFO - Using cached location ID for: 'RM03/WCG'
2025-11-28 10:09:51,656 - INFO - Row 89 has different destination: RM03/WCG
2025-11-28 10:09:51,656 - INFO - Prepared product NFG05-GL-00001 with quantity 1.0 for batch creation
2025-11-28 10:09:51,657 - INFO - Move locations - Source: 4, Dest: 1200
2025-11-28 10:09:51,657 - INFO - Processing Excel row 90: {'partner_id': 'MOGEN_OB', 'scheduled_date': Timestamp('2025-11-30 00:00:00'), 'picking_type_id': 'RM03-OB', 'date_done': Timestamp('2025-11-30 00:00:00'), 'origin': 'คลังวัตถุดิบ Supplier', 'location_dest_id': 'RM03/WCG', 'default_code': 'NFG05-GL-00001', 'product_uom_qty': 1, 'price_unit': 780.0, 'sequence': 90, 'date': Timestamp('2025-08-29 00:00:00'), 'scheduled_date_orig': Timestamp('2025-11-30 00:00:00'), 'product_id': 'NFG05-GL-00001'}
2025-11-28 10:09:51,657 - INFO - Using cached product ID for code: 'NFG05-GL-00001'
2025-11-28 10:09:51,658 - INFO - Using cached location ID for: 'RM03/WCG'
2025-11-28 10:09:51,658 - INFO - Row 90 has different destination: RM03/WCG
2025-11-28 10:09:51,658 - INFO - Prepared product NFG05-GL-00001 with quantity 1.0 for batch creation
2025-11-28 10:09:51,659 - INFO - Move locations - Source: 4, Dest: 1200
2025-11-28 10:09:51,659 - INFO - Processing Excel row 91: {'partner_id': 'MOGEN_OB', 'scheduled_date': Timestamp('2025-11-30 00:00:00'), 'picking_type_id': 'RM03-OB', 'date_done': Timestamp('2025-11-30 00:00:00'), 'origin': 'คลังวัตถุดิบ Supplier', 'location_dest_id': 'RM03/WCG', 'default_code': 'NFG05-GL-00001', 'product_uom_qty': 1, 'price_unit': 753.0, 'sequence': 91, 'date': Timestamp('2025-08-29 00:00:00'), 'scheduled_date_orig': Timestamp('2025-11-30 00:00:00'), 'product_id': 'NFG05-GL-00001'}
2025-11-28 10:09:51,660 - INFO - Using cached product ID for code: 'NFG05-GL-00001'
2025-11-28 10:09:51,660 - INFO - Using cached location ID for: 'RM03/WCG'
2025-11-28 10:09:51,660 - INFO - Row 91 has different destination: RM03/WCG
2025-11-28 10:09:51,661 - INFO - Prepared product NFG05-GL-00001 with quantity 1.0 for batch creation
2025-11-28 10:09:51,661 - INFO - Move locations - Source: 4, Dest: 1200
2025-11-28 10:09:51,662 - INFO - Processing Excel row 92: {'partner_id': 'MOGEN_OB', 'scheduled_date': Timestamp('2025-11-30 00:00:00'), 'picking_type_id': 'RM03-OB', 'date_done': Timestamp('2025-11-30 00:00:00'), 'origin': 'คลังวัตถุดิบ Supplier', 'location_dest_id': 'RM03/WCG', 'default_code': 'NFG05-GL-00001', 'product_uom_qty': 1, 'price_unit': 6590.0, 'sequence': 92, 'date': Timestamp('2025-08-29 00:00:00'), 'scheduled_date_orig': Timestamp('2025-11-30 00:00:00'), 'product_id': 'NFG05-GL-00001'}
2025-11-28 10:09:51,662 - INFO - Using cached product ID for code: 'NFG05-GL-00001'
2025-11-28 10:09:51,662 - INFO - Using cached location ID for: 'RM03/WCG'
2025-11-28 10:09:51,663 - INFO - Row 92 has different destination: RM03/WCG
2025-11-28 10:09:51,663 - INFO - Prepared product NFG05-GL-00001 with quantity 1.0 for batch creation
2025-11-28 10:09:51,663 - INFO - Move locations - Source: 4, Dest: 1200
2025-11-28 10:09:51,664 - INFO - Processing Excel row 93: {'partner_id': 'MOGEN_OB', 'scheduled_date': Timestamp('2025-11-30 00:00:00'), 'picking_type_id': 'RM03-OB', 'date_done': Timestamp('2025-11-30 00:00:00'), 'origin': 'คลังวัตถุดิบ Supplier', 'location_dest_id': 'RM03/WCG', 'default_code': 'NFG05-GL-00001', 'product_uom_qty': 1, 'price_unit': 5025.0, 'sequence': 93, 'date': Timestamp('2025-08-29 00:00:00'), 'scheduled_date_orig': Timestamp('2025-11-30 00:00:00'), 'product_id': 'NFG05-GL-00001'}
2025-11-28 10:09:51,665 - INFO - Using cached product ID for code: 'NFG05-GL-00001'
2025-11-28 10:09:51,666 - INFO - Using cached location ID for: 'RM03/WCG'
2025-11-28 10:09:51,666 - INFO - Row 93 has different destination: RM03/WCG
2025-11-28 10:09:51,667 - INFO - Prepared product NFG05-GL-00001 with quantity 1.0 for batch creation
2025-11-28 10:09:51,667 - INFO - Move locations - Source: 4, Dest: 1200
2025-11-28 10:09:51,667 - INFO - Processing Excel row 94: {'partner_id': 'MOGEN_OB', 'scheduled_date': Timestamp('2025-11-30 00:00:00'), 'picking_type_id': 'RM03-OB', 'date_done': Timestamp('2025-11-30 00:00:00'), 'origin': 'คลังวัตถุดิบ Supplier', 'location_dest_id': 'RM03/WCG', 'default_code': 'NFG05-GL-00001', 'product_uom_qty': 1, 'price_unit': 4408.0, 'sequence': 94, 'date': Timestamp('2025-08-29 00:00:00'), 'scheduled_date_orig': Timestamp('2025-11-30 00:00:00'), 'product_id': 'NFG05-GL-00001'}
2025-11-28 10:09:51,668 - INFO - Using cached product ID for code: 'NFG05-GL-00001'
2025-11-28 10:09:51,668 - INFO - Using cached location ID for: 'RM03/WCG'
2025-11-28 10:09:51,668 - INFO - Row 94 has different destination: RM03/WCG
2025-11-28 10:09:51,669 - INFO - Prepared product NFG05-GL-00001 with quantity 1.0 for batch creation
2025-11-28 10:09:51,669 - INFO - Move locations - Source: 4, Dest: 1200
2025-11-28 10:09:51,670 - INFO - Processing Excel row 95: {'partner_id': 'MOGEN_OB', 'scheduled_date': Timestamp('2025-11-30 00:00:00'), 'picking_type_id': 'RM03-OB', 'date_done': Timestamp('2025-11-30 00:00:00'), 'origin': 'คลังวัตถุดิบ Supplier', 'location_dest_id': 'RM03/WCG', 'default_code': 'NFG05-GL-00001', 'product_uom_qty': 1, 'price_unit': 4409.0, 'sequence': 95, 'date': Timestamp('2025-08-29 00:00:00'), 'scheduled_date_orig': Timestamp('2025-11-30 00:00:00'), 'product_id': 'NFG05-GL-00001'}
2025-11-28 10:09:51,670 - INFO - Using cached product ID for code: 'NFG05-GL-00001'
2025-11-28 10:09:51,670 - INFO - Using cached location ID for: 'RM03/WCG'
2025-11-28 10:09:51,671 - INFO - Row 95 has different destination: RM03/WCG
2025-11-28 10:09:51,671 - INFO - Prepared product NFG05-GL-00001 with quantity 1.0 for batch creation
2025-11-28 10:09:51,671 - INFO - Move locations - Source: 4, Dest: 1200
2025-11-28 10:09:51,672 - INFO - Processing Excel row 96: {'partner_id': 'MOGEN_OB', 'scheduled_date': Timestamp('2025-11-30 00:00:00'), 'picking_type_id': 'RM03-OB', 'date_done': Timestamp('2025-11-30 00:00:00'), 'origin': 'คลังวัตถุดิบ Supplier', 'location_dest_id': 'RM03/WCG', 'default_code': 'NFG05-GL-00001', 'product_uom_qty': 3, 'price_unit': 4531.0, 'sequence': 96, 'date': Timestamp('2025-08-29 00:00:00'), 'scheduled_date_orig': Timestamp('2025-11-30 00:00:00'), 'product_id': 'NFG05-GL-00001'}
2025-11-28 10:09:51,672 - INFO - Using cached product ID for code: 'NFG05-GL-00001'
2025-11-28 10:09:51,672 - INFO - Using cached location ID for: 'RM03/WCG'
2025-11-28 10:09:51,672 - INFO - Row 96 has different destination: RM03/WCG
2025-11-28 10:09:51,673 - INFO - Prepared product NFG05-GL-00001 with quantity 3.0 for batch creation
2025-11-28 10:09:51,673 - INFO - Move locations - Source: 4, Dest: 1200
2025-11-28 10:09:51,674 - INFO - Processing Excel row 97: {'partner_id': 'MOGEN_OB', 'scheduled_date': Timestamp('2025-11-30 00:00:00'), 'picking_type_id': 'RM03-OB', 'date_done': Timestamp('2025-11-30 00:00:00'), 'origin': 'คลังวัตถุดิบ Supplier', 'location_dest_id': 'RM03/WCG', 'default_code': 'NFG05-GL-00001', 'product_uom_qty': 1, 'price_unit': 5603.0, 'sequence': 97, 'date': Timestamp('2025-08-29 00:00:00'), 'scheduled_date_orig': Timestamp('2025-11-30 00:00:00'), 'product_id': 'NFG05-GL-00001'}
2025-11-28 10:09:51,674 - INFO - Using cached product ID for code: 'NFG05-GL-00001'
2025-11-28 10:09:51,674 - INFO - Using cached location ID for: 'RM03/WCG'
2025-11-28 10:09:51,674 - INFO - Row 97 has different destination: RM03/WCG
2025-11-28 10:09:51,675 - INFO - Prepared product NFG05-GL-00001 with quantity 1.0 for batch creation
2025-11-28 10:09:51,675 - INFO - Move locations - Source: 4, Dest: 1200
2025-11-28 10:09:51,675 - INFO - Processing Excel row 98: {'partner_id': 'MOGEN_OB', 'scheduled_date': Timestamp('2025-11-30 00:00:00'), 'picking_type_id': 'RM03-OB', 'date_done': Timestamp('2025-11-30 00:00:00'), 'origin': 'คลังวัตถุดิบ Supplier', 'location_dest_id': 'RM03/WCG', 'default_code': 'NFG05-GL-00001', 'product_uom_qty': 1, 'price_unit': 4551.0, 'sequence': 98, 'date': Timestamp('2025-08-29 00:00:00'), 'scheduled_date_orig': Timestamp('2025-11-30 00:00:00'), 'product_id': 'NFG05-GL-00001'}
2025-11-28 10:09:51,676 - INFO - Using cached product ID for code: 'NFG05-GL-00001'
2025-11-28 10:09:51,676 - INFO - Using cached location ID for: 'RM03/WCG'
2025-11-28 10:09:51,676 - INFO - Row 98 has different destination: RM03/WCG
2025-11-28 10:09:51,677 - INFO - Prepared product NFG05-GL-00001 with quantity 1.0 for batch creation
2025-11-28 10:09:51,677 - INFO - Move locations - Source: 4, Dest: 1200
2025-11-28 10:09:52,649 - INFO - Created 97 moves in batch for picking 16
2025-11-28 10:09:52,758 - INFO - Re-updated dates before confirming picking 16: 2025-11-30 00:00:00
2025-11-28 10:09:53,476 - INFO - Confirmed transfer 16 with forced date context
2025-11-28 10:09:53,477 - INFO - Import completed: 1 success, 0 failed.
