2025-07-25 11:00:55,679 - INFO - Successfully connected to Odoo as user ID: 2
2025-07-25 11:00:58,378 - INFO - Odoo version: 17.0.1.3
2025-07-25 11:01:01,161 - INFO - Available date fields in stock.picking: ['activity_date_deadline', 'my_activity_date_deadline', 'scheduled_date', 'date_deadline', 'date', 'date_done', 'delay_alert_date', 'create_date', 'write_date', 'date_notice', 'date_confirmed', 'date_start', 'operation_date']
2025-07-25 11:01:01,480 - INFO - Successfully read Excel file with 1 rows
2025-07-25 11:01:01,481 - INFO - Excel columns: ['partner_id', 'scheduled_date', 'picking_type_id', 'date_done', 'origin', 'location_dest_id', 'product_id', 'product_uom_qty', 'price_unit', 'sequence']
2025-07-25 11:01:01,491 - INFO - Processed sequence column
2025-07-25 11:01:01,494 - INFO - scheduled_date dtype: datetime64[ns]
2025-07-25 11:01:01,495 - INFO - scheduled_date sample: 2025-03-10 00:00:00
2025-07-25 11:01:01,499 - INFO - Converted scheduled_date to string format. Sample: 2025-03-10 00:00:00
2025-07-25 11:01:01,500 - INFO - Fixed picking type name from 'My Company: OB FIFO' to 'OB FIFO'
2025-07-25 11:01:01,502 - INFO - Using 'origin' column to identify transfer groups
2025-07-25 11:01:01,507 - INFO - Excel file validation and data filling completed successfully
2025-07-25 11:01:01,648 - INFO - Searching for location: 'RM02/Stock'
2025-07-25 11:01:03,592 - INFO - Found location with complete_name match: 'RM02/Stock' for 'RM02/Stock'
2025-07-25 11:01:03,666 - INFO - Found partner ID 16630 for 'MOG-OB'
2025-07-25 11:01:03,872 - INFO - Created transfer for date 2025-03-10 00:00:00 sequence 109 with picking ID 11415
2025-07-25 11:01:03,875 - INFO - Processing Excel row 1: {'partner_id': 'MOG-OB', 'scheduled_date': '2025-03-10 00:00:00', 'picking_type_id': 'OB FIFO', 'date_done': Timestamp('2025-03-10 00:00:00'), 'origin': 'BOJ0001642', 'location_dest_id': 'RM02/Stock', 'product_id': 'NSF08-H02-0007-097', 'product_uom_qty': 2, 'price_unit': 1070.3556, 'sequence': 109, 'scheduled_date_orig': Timestamp('2025-03-10 00:00:00')}
2025-07-25 11:01:03,875 - INFO - Searching for product with code: 'NSF08-H02-0007-097' and old code: 'NSF08-H02-0007-097'
2025-07-25 11:01:03,943 - INFO - Found product with exact match on default_code: 'NSF08-H02-0007-097'
2025-07-25 11:01:05,174 - INFO - Added product NSF08-H02-0007-097 with quantity 2.0 to picking 11415
2025-07-25 11:01:05,174 - INFO - Move locations - Source: 14, Dest: 181
2025-07-25 11:01:05,254 - INFO - Re-updated dates before confirming picking 11415: 2025-03-10 00:00:00
2025-07-25 11:01:05,478 - INFO - Confirmed transfer 11415 with forced date context
2025-07-25 11:01:05,479 - INFO - Import completed: 1 success, 0 failed.
