2025-06-26 11:54:01,505 - INFO - Successfully connected to Odoo as user ID: 2
2025-06-26 11:54:03,391 - INFO - Odoo version: 17.0.1.3
2025-06-26 11:54:03,644 - INFO - Available date fields in stock.picking: ['activity_date_deadline', 'my_activity_date_deadline', 'scheduled_date', 'date_deadline', 'date', 'date_done', 'delay_alert_date', 'create_date', 'write_date', 'operation_date']
2025-06-26 11:54:03,985 - INFO - Successfully read Excel file with 463 rows
2025-06-26 11:54:03,986 - INFO - Excel columns: ['partner_id', 'scheduled_date', 'Delivery Orders', 'date_done', 'origin', 'location_dest_id', 'product_id', 'product_uom_qty', 'price_unit', 'sequence']
2025-06-26 11:54:03,987 - INFO - Processed sequence column
2025-06-26 11:54:03,990 - INFO - scheduled_date dtype: datetime64[ns]
2025-06-26 11:54:03,990 - INFO - scheduled_date sample: NaT
2025-06-26 11:54:03,991 - WARNING - Replaced 463 NaN scheduled_date values with current datetime
2025-06-26 11:54:03,995 - INFO - Converted scheduled_date to string format. Sample: 2025-06-26 11:54:03
2025-06-26 11:54:03,996 - INFO - Added missing 'picking_type_id' column (source location) with default value None
2025-06-26 11:54:03,997 - INFO - Using 'origin' column to identify transfer groups
2025-06-26 11:54:04,000 - INFO - Filling missing source location with 'None' for 463 rows in group FG30 Adjuestment
2025-06-26 11:54:04,002 - INFO - Starting to group duplicate product entries...
2025-06-26 11:54:04,003 - INFO - Grouping by columns: ['product_id', 'scheduled_date', 'location_dest_id', 'partner_id', 'origin']
2025-06-26 11:54:04,005 - INFO - Grouping DataFrame with 463 rows
2025-06-26 11:54:04,012 - INFO - After grouping: 63 rows
2025-06-26 11:54:04,022 - INFO - Successfully calculated weighted average prices
2025-06-26 11:54:04,022 - INFO - Grouped duplicate products: 463 rows reduced to 63 rows (400 duplicates merged)
2025-06-26 11:54:04,023 - INFO - Excel file validation and data filling completed successfully
2025-06-26 11:54:04,042 - INFO - No valid source location found in Excel, using default picking type: Delivery Orders
2025-06-26 11:54:04,364 - INFO - Searching for location: 'Partners/Customers'
2025-06-26 11:54:04,403 - INFO - Found customer location for 'Partners/Customers'
2025-06-26 11:54:06,260 - WARNING - Partner 'MOG FG30' not found. Creating new partner.
2025-06-26 11:54:08,028 - INFO - Created new partner 'MOG FG30' with ID 15526
2025-06-26 11:54:08,100 - INFO - Retrieved shipping information for partner: MOG FG30
2025-06-26 11:54:08,101 - INFO - Using customer location as destination for delivery to MOG FG30
2025-06-26 11:54:08,279 - INFO - Created transfer for date 2025-06-26 11:54:03 sequence 0.0 with picking ID 8968
2025-06-26 11:54:08,280 - INFO - Processing Excel row 1: {'product_id': '[AC0013100] AC13 ที่วางสบู่', 'scheduled_date': Timestamp('2025-06-26 11:54:03'), 'location_dest_id': 'Partners/Customers', 'partner_id': 'MOG FG30', 'origin': 'FG30 Adjuestment', 'product_uom_qty': 2, 'sequence': 0.0, 'price_unit': 0.0}
2025-06-26 11:54:08,281 - INFO - Searching for product with code: '[AC0013100] AC13 ที่วางสบู่' and old code: '[AC0013100] AC13 ที่วางสบู่'
2025-06-26 11:54:10,237 - INFO - Trying word-by-word search in product name for: '[AC0013100] AC13 ที่วางสบู่'
2025-06-26 11:54:10,238 - INFO - Searching with domain: ['|', '|', ['name', 'ilike', '[AC0013100]'], ['name', 'ilike', 'AC13'], ['name', 'ilike', 'ที่วางสบู่']]
2025-06-26 11:54:10,690 - INFO - Found product by partial word match: 'ไม้ยางพารา BJ ลูกตั้ง 188x1000x15 AC13 เกรด BC' with code '201030006' for search term '[AC0013100] AC13 ที่วางสบู่'
2025-06-26 11:54:11,581 - INFO - Added product [AC0013100] AC13 ที่วางสบู่ with quantity 2.0 to picking 8968
2025-06-26 11:54:11,583 - INFO - Processing Excel row 2: {'product_id': '[AC0021100] AC21 ที่ใส่กระดาษชำระ', 'scheduled_date': Timestamp('2025-06-26 11:54:03'), 'location_dest_id': 'Partners/Customers', 'partner_id': 'MOG FG30', 'origin': 'FG30 Adjuestment', 'product_uom_qty': 2, 'sequence': 0.0, 'price_unit': 0.0}
2025-06-26 11:54:11,584 - INFO - Searching for product with code: '[AC0021100] AC21 ที่ใส่กระดาษชำระ' and old code: '[AC0021100] AC21 ที่ใส่กระดาษชำระ'
2025-06-26 11:54:13,340 - INFO - Trying word-by-word search in product name for: '[AC0021100] AC21 ที่ใส่กระดาษชำระ'
2025-06-26 11:54:13,341 - INFO - Searching with domain: ['|', '|', ['name', 'ilike', '[AC0021100]'], ['name', 'ilike', 'AC21'], ['name', 'ilike', 'ที่ใส่กระดาษชำระ']]
2025-06-26 11:54:14,260 - INFO - Found product by partial word match: 'ACS21 ที่ใส่กระดาษชำระ สแตนเลส' with code 'ACS0021100' for search term '[AC0021100] AC21 ที่ใส่กระดาษชำระ'
2025-06-26 11:54:14,859 - INFO - Added product [AC0021100] AC21 ที่ใส่กระดาษชำระ with quantity 2.0 to picking 8968
2025-06-26 11:54:14,860 - INFO - Processing Excel row 3: {'product_id': '[AC0051101] AC51 ที่ใส่กระดาษชำระ', 'scheduled_date': Timestamp('2025-06-26 11:54:03'), 'location_dest_id': 'Partners/Customers', 'partner_id': 'MOG FG30', 'origin': 'FG30 Adjuestment', 'product_uom_qty': 72, 'sequence': 0.0, 'price_unit': 0.0}
2025-06-26 11:54:14,860 - INFO - Searching for product with code: '[AC0051101] AC51 ที่ใส่กระดาษชำระ' and old code: '[AC0051101] AC51 ที่ใส่กระดาษชำระ'
2025-06-26 11:54:16,827 - INFO - Trying word-by-word search in product name for: '[AC0051101] AC51 ที่ใส่กระดาษชำระ'
2025-06-26 11:54:16,828 - INFO - Searching with domain: ['|', '|', ['name', 'ilike', '[AC0051101]'], ['name', 'ilike', 'AC51'], ['name', 'ilike', 'ที่ใส่กระดาษชำระ']]
2025-06-26 11:54:17,532 - INFO - Found product by partial word match: 'ACS21 ที่ใส่กระดาษชำระ สแตนเลส' with code 'ACS0021100' for search term '[AC0051101] AC51 ที่ใส่กระดาษชำระ'
2025-06-26 11:54:17,969 - INFO - Added product [AC0051101] AC51 ที่ใส่กระดาษชำระ with quantity 72.0 to picking 8968
2025-06-26 11:54:17,970 - INFO - Processing Excel row 4: {'product_id': '[AC0052101] AC52 ที่วางสบู่', 'scheduled_date': Timestamp('2025-06-26 11:54:03'), 'location_dest_id': 'Partners/Customers', 'partner_id': 'MOG FG30', 'origin': 'FG30 Adjuestment', 'product_uom_qty': 79, 'sequence': 0.0, 'price_unit': 0.0}
2025-06-26 11:54:17,970 - INFO - Searching for product with code: '[AC0052101] AC52 ที่วางสบู่' and old code: '[AC0052101] AC52 ที่วางสบู่'
2025-06-26 11:54:19,362 - INFO - Trying word-by-word search in product name for: '[AC0052101] AC52 ที่วางสบู่'
2025-06-26 11:54:19,363 - INFO - Searching with domain: ['|', '|', ['name', 'ilike', '[AC0052101]'], ['name', 'ilike', 'AC52'], ['name', 'ilike', 'ที่วางสบู่']]
2025-06-26 11:54:19,785 - INFO - Found product by partial word match: 'ไม้ยางพารา BJ ลูกนอน 250x1150x25 AC52 เกรด BC ตีจมูก 3 ด้าน' with code '201030012' for search term '[AC0052101] AC52 ที่วางสบู่'
2025-06-26 11:54:20,684 - INFO - Added product [AC0052101] AC52 ที่วางสบู่ with quantity 79.0 to picking 8968
2025-06-26 11:54:20,687 - INFO - Processing Excel row 5: {'product_id': '[AC0053101] AC53 ราวแขวนผ้า', 'scheduled_date': Timestamp('2025-06-26 11:54:03'), 'location_dest_id': 'Partners/Customers', 'partner_id': 'MOG FG30', 'origin': 'FG30 Adjuestment', 'product_uom_qty': 68, 'sequence': 0.0, 'price_unit': 0.0}
2025-06-26 11:54:20,688 - INFO - Searching for product with code: '[AC0053101] AC53 ราวแขวนผ้า' and old code: '[AC0053101] AC53 ราวแขวนผ้า'
2025-06-26 11:54:22,078 - INFO - Trying word-by-word search in product name for: '[AC0053101] AC53 ราวแขวนผ้า'
2025-06-26 11:54:22,079 - INFO - Searching with domain: ['|', '|', ['name', 'ilike', '[AC0053101]'], ['name', 'ilike', 'AC53'], ['name', 'ilike', 'ราวแขวนผ้า']]
2025-06-26 11:54:22,512 - INFO - Found product by partial word match: 'ไม้ยางพารา FJ พับผ้า 956x1000x1383x20 AC53 เกรด BC R' with code '201030411' for search term '[AC0053101] AC53 ราวแขวนผ้า'
2025-06-26 11:54:23,133 - INFO - Added product [AC0053101] AC53 ราวแขวนผ้า with quantity 68.0 to picking 8968
2025-06-26 11:54:23,138 - INFO - Processing Excel row 6: {'product_id': '[AC0061101] AC61 ที่ใส่กระดาษชำระ', 'scheduled_date': Timestamp('2025-06-26 11:54:03'), 'location_dest_id': 'Partners/Customers', 'partner_id': 'MOG FG30', 'origin': 'FG30 Adjuestment', 'product_uom_qty': 53, 'sequence': 0.0, 'price_unit': 0.0}
2025-06-26 11:54:23,139 - INFO - Searching for product with code: '[AC0061101] AC61 ที่ใส่กระดาษชำระ' and old code: '[AC0061101] AC61 ที่ใส่กระดาษชำระ'
2025-06-26 11:54:24,013 - INFO - Trying word-by-word search in product name for: '[AC0061101] AC61 ที่ใส่กระดาษชำระ'
2025-06-26 11:54:24,014 - INFO - Searching with domain: ['|', '|', ['name', 'ilike', '[AC0061101]'], ['name', 'ilike', 'AC61'], ['name', 'ilike', 'ที่ใส่กระดาษชำระ']]
2025-06-26 11:54:24,756 - INFO - Found product by partial word match: 'ACS21 ที่ใส่กระดาษชำระ สแตนเลส' with code 'ACS0021100' for search term '[AC0061101] AC61 ที่ใส่กระดาษชำระ'
2025-06-26 11:54:25,112 - INFO - Added product [AC0061101] AC61 ที่ใส่กระดาษชำระ with quantity 53.0 to picking 8968
2025-06-26 11:54:25,114 - INFO - Processing Excel row 7: {'product_id': '[AC0063101] AC63 ราวแขวนผ้า', 'scheduled_date': Timestamp('2025-06-26 11:54:03'), 'location_dest_id': 'Partners/Customers', 'partner_id': 'MOG FG30', 'origin': 'FG30 Adjuestment', 'product_uom_qty': 87, 'sequence': 0.0, 'price_unit': 0.0}
2025-06-26 11:54:25,115 - INFO - Searching for product with code: '[AC0063101] AC63 ราวแขวนผ้า' and old code: '[AC0063101] AC63 ราวแขวนผ้า'
2025-06-26 11:54:26,129 - INFO - Trying word-by-word search in product name for: '[AC0063101] AC63 ราวแขวนผ้า'
2025-06-26 11:54:26,130 - INFO - Searching with domain: ['|', '|', ['name', 'ilike', '[AC0063101]'], ['name', 'ilike', 'AC63'], ['name', 'ilike', 'ราวแขวนผ้า']]
2025-06-26 11:54:26,314 - INFO - Found product by partial word match: 'ไม้ยางพารา FJ ชานพัก 1020x1120x25 AC63 เกรด AB' with code '201030160' for search term '[AC0063101] AC63 ราวแขวนผ้า'
2025-06-26 11:54:26,726 - INFO - Added product [AC0063101] AC63 ราวแขวนผ้า with quantity 87.0 to picking 8968
2025-06-26 11:54:26,728 - INFO - Processing Excel row 8: {'product_id': '[ACF000111A] ACF02 ที่วางสบู่ หินสังเคราะห์', 'scheduled_date': Timestamp('2025-06-26 11:54:03'), 'location_dest_id': 'Partners/Customers', 'partner_id': 'MOG FG30', 'origin': 'FG30 Adjuestment', 'product_uom_qty': 20, 'sequence': 0.0, 'price_unit': 0.0}
2025-06-26 11:54:26,730 - INFO - Searching for product with code: '[ACF000111A] ACF02 ที่วางสบู่ หินสังเคราะห์' and old code: '[ACF000111A] ACF02 ที่วางสบู่ หินสังเคราะห์'
2025-06-26 11:54:27,821 - INFO - Trying word-by-word search in product name for: '[ACF000111A] ACF02 ที่วางสบู่ หินสังเคราะห์'
2025-06-26 11:54:27,822 - INFO - Searching with domain: ['|', '|', '|', ['name', 'ilike', '[ACF000111A]'], ['name', 'ilike', 'ACF02'], ['name', 'ilike', 'ที่วางสบู่'], ['name', 'ilike', 'หินสังเคราะห์']]
2025-06-26 11:54:28,088 - INFO - Found product by partial word match: '3AC13 ที่วางสบู่' with code '3AC0013100' for search term '[ACF000111A] ACF02 ที่วางสบู่ หินสังเคราะห์'
2025-06-26 11:54:28,691 - INFO - Added product [ACF000111A] ACF02 ที่วางสบู่ หินสังเคราะห์ with quantity 20.0 to picking 8968
2025-06-26 11:54:28,693 - INFO - Processing Excel row 9: {'product_id': '[ACLF0001110] ACLF01 ชั้นวางของอเนกประสงค์', 'scheduled_date': Timestamp('2025-06-26 11:54:03'), 'location_dest_id': 'Partners/Customers', 'partner_id': 'MOG FG30', 'origin': 'FG30 Adjuestment', 'product_uom_qty': 6, 'sequence': 0.0, 'price_unit': 0.0}
2025-06-26 11:54:28,694 - INFO - Searching for product with code: '[ACLF0001110] ACLF01 ชั้นวางของอเนกประสงค์' and old code: '[ACLF0001110] ACLF01 ชั้นวางของอเนกประสงค์'
2025-06-26 11:54:32,331 - INFO - Trying word-by-word search in product name for: '[ACLF0001110] ACLF01 ชั้นวางของอเนกประสงค์'
2025-06-26 11:54:32,332 - INFO - Searching with domain: ['|', '|', ['name', 'ilike', '[ACLF0001110]'], ['name', 'ilike', 'ACLF01'], ['name', 'ilike', 'ชั้นวางของอเนกประสงค์']]
2025-06-26 11:54:32,489 - INFO - Found product by partial word match: '3ACLF01/1 ชั้นวางของหินสังเคราะห์' with code '3ACLF0001111' for search term '[ACLF0001110] ACLF01 ชั้นวางของอเนกประสงค์'
2025-06-26 11:54:32,872 - INFO - Added product [ACLF0001110] ACLF01 ชั้นวางของอเนกประสงค์ with quantity 6.0 to picking 8968
2025-06-26 11:54:32,873 - INFO - Processing Excel row 10: {'product_id': '[ACS003110A] ACS31L ที่ใส่กระดาษชำระ สแตนเลส', 'scheduled_date': Timestamp('2025-06-26 11:54:03'), 'location_dest_id': 'Partners/Customers', 'partner_id': 'MOG FG30', 'origin': 'FG30 Adjuestment', 'product_uom_qty': 5, 'sequence': 0.0, 'price_unit': 0.0}
2025-06-26 11:54:32,874 - INFO - Searching for product with code: '[ACS003110A] ACS31L ที่ใส่กระดาษชำระ สแตนเลส' and old code: '[ACS003110A] ACS31L ที่ใส่กระดาษชำระ สแตนเลส'
2025-06-26 11:54:33,678 - INFO - Trying word-by-word search in product name for: '[ACS003110A] ACS31L ที่ใส่กระดาษชำระ สแตนเลส'
2025-06-26 11:54:33,678 - INFO - Searching with domain: ['|', '|', '|', ['name', 'ilike', '[ACS003110A]'], ['name', 'ilike', 'ACS31L'], ['name', 'ilike', 'ที่ใส่กระดาษชำระ'], ['name', 'ilike', 'สแตนเลส']]
2025-06-26 11:54:33,796 - INFO - Found product by partial word match: 'ACS21 ที่ใส่กระดาษชำระ สแตนเลส' with code 'ACS0021100' for search term '[ACS003110A] ACS31L ที่ใส่กระดาษชำระ สแตนเลส'
2025-06-26 11:54:33,987 - INFO - Added product [ACS003110A] ACS31L ที่ใส่กระดาษชำระ สแตนเลส with quantity 5.0 to picking 8968
2025-06-26 11:54:33,988 - INFO - Processing Excel row 11: {'product_id': '[ACS004410B] ACS442 ที่ใส่กระดาษชำระ สแตนเลส', 'scheduled_date': Timestamp('2025-06-26 11:54:03'), 'location_dest_id': 'Partners/Customers', 'partner_id': 'MOG FG30', 'origin': 'FG30 Adjuestment', 'product_uom_qty': 42, 'sequence': 0.0, 'price_unit': 0.0}
2025-06-26 11:54:33,989 - INFO - Searching for product with code: '[ACS004410B] ACS442 ที่ใส่กระดาษชำระ สแตนเลส' and old code: '[ACS004410B] ACS442 ที่ใส่กระดาษชำระ สแตนเลส'
2025-06-26 11:54:34,311 - INFO - Trying word-by-word search in product name for: '[ACS004410B] ACS442 ที่ใส่กระดาษชำระ สแตนเลส'
2025-06-26 11:54:34,311 - INFO - Searching with domain: ['|', '|', '|', ['name', 'ilike', '[ACS004410B]'], ['name', 'ilike', 'ACS442'], ['name', 'ilike', 'ที่ใส่กระดาษชำระ'], ['name', 'ilike', 'สแตนเลส']]
2025-06-26 11:54:34,416 - INFO - Found product by partial word match: 'ACS21 ที่ใส่กระดาษชำระ สแตนเลส' with code 'ACS0021100' for search term '[ACS004410B] ACS442 ที่ใส่กระดาษชำระ สแตนเลส'
2025-06-26 11:54:34,578 - INFO - Added product [ACS004410B] ACS442 ที่ใส่กระดาษชำระ สแตนเลส with quantity 42.0 to picking 8968
2025-06-26 11:54:34,579 - INFO - Processing Excel row 12: {'product_id': '[ACS03602100] ACS0360-2 ราวแขวนผ้า สแตนเลส', 'scheduled_date': Timestamp('2025-06-26 11:54:03'), 'location_dest_id': 'Partners/Customers', 'partner_id': 'MOG FG30', 'origin': 'FG30 Adjuestment', 'product_uom_qty': 27, 'sequence': 0.0, 'price_unit': 0.0}
2025-06-26 11:54:34,580 - INFO - Searching for product with code: '[ACS03602100] ACS0360-2 ราวแขวนผ้า สแตนเลส' and old code: '[ACS03602100] ACS0360-2 ราวแขวนผ้า สแตนเลส'
2025-06-26 11:54:34,935 - INFO - Trying word-by-word search in product name for: '[ACS03602100] ACS0360-2 ราวแขวนผ้า สแตนเลส'
2025-06-26 11:54:34,935 - INFO - Searching with domain: ['|', '|', '|', ['name', 'ilike', '[ACS03602100]'], ['name', 'ilike', 'ACS0360-2'], ['name', 'ilike', 'ราวแขวนผ้า'], ['name', 'ilike', 'สแตนเลส']]
2025-06-26 11:54:35,233 - INFO - Found product by partial word match: 'ACS21 ที่ใส่กระดาษชำระ สแตนเลส' with code 'ACS0021100' for search term '[ACS03602100] ACS0360-2 ราวแขวนผ้า สแตนเลส'
2025-06-26 11:54:35,626 - INFO - Added product [ACS03602100] ACS0360-2 ราวแขวนผ้า สแตนเลส with quantity 27.0 to picking 8968
2025-06-26 11:54:35,627 - INFO - Processing Excel row 13: {'product_id': '[ACS1360100] ACS1360 (HL) ราวแขวนผ้า สแตนเลส', 'scheduled_date': Timestamp('2025-06-26 11:54:03'), 'location_dest_id': 'Partners/Customers', 'partner_id': 'MOG FG30', 'origin': 'FG30 Adjuestment', 'product_uom_qty': 22, 'sequence': 0.0, 'price_unit': 0.0}
2025-06-26 11:54:35,628 - INFO - Searching for product with code: '[ACS1360100] ACS1360 (HL) ราวแขวนผ้า สแตนเลส' and old code: '[ACS1360100] ACS1360 (HL) ราวแขวนผ้า สแตนเลส'
2025-06-26 11:54:36,331 - INFO - Trying word-by-word search in product name for: '[ACS1360100] ACS1360 (HL) ราวแขวนผ้า สแตนเลส'
2025-06-26 11:54:36,332 - INFO - Searching with domain: ['|', '|', '|', '|', ['name', 'ilike', '[ACS1360100]'], ['name', 'ilike', 'ACS1360'], ['name', 'ilike', '(HL)'], ['name', 'ilike', 'ราวแขวนผ้า'], ['name', 'ilike', 'สแตนเลส']]
2025-06-26 11:54:36,513 - INFO - Found product by partial word match: 'ACS21 ที่ใส่กระดาษชำระ สแตนเลส' with code 'ACS0021100' for search term '[ACS1360100] ACS1360 (HL) ราวแขวนผ้า สแตนเลส'
2025-06-26 11:54:36,825 - INFO - Added product [ACS1360100] ACS1360 (HL) ราวแขวนผ้า สแตนเลส with quantity 22.0 to picking 8968
2025-06-26 11:54:36,826 - INFO - Processing Excel row 14: {'product_id': '[ACS2360100] ACS2360 ราวแขวนผ้า สแตนเลส', 'scheduled_date': Timestamp('2025-06-26 11:54:03'), 'location_dest_id': 'Partners/Customers', 'partner_id': 'MOG FG30', 'origin': 'FG30 Adjuestment', 'product_uom_qty': 3, 'sequence': 0.0, 'price_unit': 0.0}
2025-06-26 11:54:36,826 - INFO - Searching for product with code: '[ACS2360100] ACS2360 ราวแขวนผ้า สแตนเลส' and old code: '[ACS2360100] ACS2360 ราวแขวนผ้า สแตนเลส'
2025-06-26 11:54:37,490 - INFO - Trying word-by-word search in product name for: '[ACS2360100] ACS2360 ราวแขวนผ้า สแตนเลส'
2025-06-26 11:54:37,491 - INFO - Searching with domain: ['|', '|', '|', ['name', 'ilike', '[ACS2360100]'], ['name', 'ilike', 'ACS2360'], ['name', 'ilike', 'ราวแขวนผ้า'], ['name', 'ilike', 'สแตนเลส']]
2025-06-26 11:54:37,670 - INFO - Found product by partial word match: 'ACS21 ที่ใส่กระดาษชำระ สแตนเลส' with code 'ACS0021100' for search term '[ACS2360100] ACS2360 ราวแขวนผ้า สแตนเลส'
2025-06-26 11:54:37,945 - INFO - Added product [ACS2360100] ACS2360 ราวแขวนผ้า สแตนเลส with quantity 3.0 to picking 8968
2025-06-26 11:54:37,947 - INFO - Processing Excel row 15: {'product_id': '[ACS3600120] ACS36#BL ชั้นวางของอเนกประสงค์ สแตนเลส', 'scheduled_date': Timestamp('2025-06-26 11:54:03'), 'location_dest_id': 'Partners/Customers', 'partner_id': 'MOG FG30', 'origin': 'FG30 Adjuestment', 'product_uom_qty': 4, 'sequence': 0.0, 'price_unit': 0.0}
2025-06-26 11:54:37,948 - INFO - Searching for product with code: '[ACS3600120] ACS36#BL ชั้นวางของอเนกประสงค์ สแตนเลส' and old code: '[ACS3600120] ACS36#BL ชั้นวางของอเนกประสงค์ สแตนเลส'
2025-06-26 11:54:38,529 - INFO - Trying word-by-word search in product name for: '[ACS3600120] ACS36#BL ชั้นวางของอเนกประสงค์ สแตนเลส'
2025-06-26 11:54:38,530 - INFO - Searching with domain: ['|', '|', '|', ['name', 'ilike', '[ACS3600120]'], ['name', 'ilike', 'ACS36#BL'], ['name', 'ilike', 'ชั้นวางของอเนกประสงค์'], ['name', 'ilike', 'สแตนเลส']]
2025-06-26 11:54:38,713 - INFO - Found product by partial word match: 'ACS21 ที่ใส่กระดาษชำระ สแตนเลส' with code 'ACS0021100' for search term '[ACS3600120] ACS36#BL ชั้นวางของอเนกประสงค์ สแตนเลส'
2025-06-26 11:54:39,094 - INFO - Added product [ACS3600120] ACS36#BL ชั้นวางของอเนกประสงค์ สแตนเลส with quantity 4.0 to picking 8968
2025-06-26 11:54:39,095 - INFO - Processing Excel row 16: {'product_id': '[ACS3800120] ACS3850#BL ราวแขวนผ้า สแตนเลส', 'scheduled_date': Timestamp('2025-06-26 11:54:03'), 'location_dest_id': 'Partners/Customers', 'partner_id': 'MOG FG30', 'origin': 'FG30 Adjuestment', 'product_uom_qty': 1, 'sequence': 0.0, 'price_unit': 0.0}
2025-06-26 11:54:39,095 - INFO - Searching for product with code: '[ACS3800120] ACS3850#BL ราวแขวนผ้า สแตนเลส' and old code: '[ACS3800120] ACS3850#BL ราวแขวนผ้า สแตนเลส'
2025-06-26 11:54:40,140 - INFO - Trying word-by-word search in product name for: '[ACS3800120] ACS3850#BL ราวแขวนผ้า สแตนเลส'
2025-06-26 11:54:40,141 - INFO - Searching with domain: ['|', '|', '|', ['name', 'ilike', '[ACS3800120]'], ['name', 'ilike', 'ACS3850#BL'], ['name', 'ilike', 'ราวแขวนผ้า'], ['name', 'ilike', 'สแตนเลส']]
2025-06-26 11:54:40,517 - INFO - Found product by partial word match: 'ACS21 ที่ใส่กระดาษชำระ สแตนเลส' with code 'ACS0021100' for search term '[ACS3800120] ACS3850#BL ราวแขวนผ้า สแตนเลส'
2025-06-26 11:54:41,046 - INFO - Added product [ACS3800120] ACS3850#BL ราวแขวนผ้า สแตนเลส with quantity 1.0 to picking 8968
2025-06-26 11:54:41,047 - INFO - Processing Excel row 17: {'product_id': '[ACS4860120] ACS4860 ราวแขวนผ้า สแตนเลส', 'scheduled_date': Timestamp('2025-06-26 11:54:03'), 'location_dest_id': 'Partners/Customers', 'partner_id': 'MOG FG30', 'origin': 'FG30 Adjuestment', 'product_uom_qty': 8, 'sequence': 0.0, 'price_unit': 0.0}
2025-06-26 11:54:41,047 - INFO - Searching for product with code: '[ACS4860120] ACS4860 ราวแขวนผ้า สแตนเลส' and old code: '[ACS4860120] ACS4860 ราวแขวนผ้า สแตนเลส'
2025-06-26 11:54:41,684 - INFO - Trying word-by-word search in product name for: '[ACS4860120] ACS4860 ราวแขวนผ้า สแตนเลส'
2025-06-26 11:54:41,685 - INFO - Searching with domain: ['|', '|', '|', ['name', 'ilike', '[ACS4860120]'], ['name', 'ilike', 'ACS4860'], ['name', 'ilike', 'ราวแขวนผ้า'], ['name', 'ilike', 'สแตนเลส']]
2025-06-26 11:54:41,948 - INFO - Found product by partial word match: 'ACS21 ที่ใส่กระดาษชำระ สแตนเลส' with code 'ACS0021100' for search term '[ACS4860120] ACS4860 ราวแขวนผ้า สแตนเลส'
2025-06-26 11:54:42,258 - INFO - Added product [ACS4860120] ACS4860 ราวแขวนผ้า สแตนเลส with quantity 8.0 to picking 8968
2025-06-26 11:54:42,260 - INFO - Processing Excel row 18: {'product_id': '[FCA0007100] FCA07C ก๊อกเดี่ยวอ่างล้างหน้า', 'scheduled_date': Timestamp('2025-06-26 11:54:03'), 'location_dest_id': 'Partners/Customers', 'partner_id': 'MOG FG30', 'origin': 'FG30 Adjuestment', 'product_uom_qty': 4, 'sequence': 0.0, 'price_unit': 0.0}
2025-06-26 11:54:42,261 - INFO - Searching for product with code: '[FCA0007100] FCA07C ก๊อกเดี่ยวอ่างล้างหน้า' and old code: '[FCA0007100] FCA07C ก๊อกเดี่ยวอ่างล้างหน้า'
2025-06-26 11:54:43,028 - INFO - Trying word-by-word search in product name for: '[FCA0007100] FCA07C ก๊อกเดี่ยวอ่างล้างหน้า'
2025-06-26 11:54:43,028 - INFO - Searching with domain: ['|', '|', ['name', 'ilike', '[FCA0007100]'], ['name', 'ilike', 'FCA07C'], ['name', 'ilike', 'ก๊อกเดี่ยวอ่างล้างหน้า']]
2025-06-26 11:54:43,399 - INFO - Found product by partial word match: 'สติ๊กเกอร์PVC Water Efficiency Label FCA07C' with code '414010037' for search term '[FCA0007100] FCA07C ก๊อกเดี่ยวอ่างล้างหน้า'
2025-06-26 11:54:43,729 - INFO - Added product [FCA0007100] FCA07C ก๊อกเดี่ยวอ่างล้างหน้า with quantity 4.0 to picking 8968
2025-06-26 11:54:43,730 - INFO - Processing Excel row 19: {'product_id': '[FT00081T2] FT8090 (New-L) Top หินสังเคราะห์', 'scheduled_date': Timestamp('2025-06-26 11:54:03'), 'location_dest_id': 'Partners/Customers', 'partner_id': 'MOG FG30', 'origin': 'FG30 Adjuestment', 'product_uom_qty': 1, 'sequence': 0.0, 'price_unit': 0.0}
2025-06-26 11:54:43,730 - INFO - Searching for product with code: '[FT00081T2] FT8090 (New-L) Top หินสังเคราะห์' and old code: '[FT00081T2] FT8090 (New-L) Top หินสังเคราะห์'
2025-06-26 11:54:44,375 - INFO - Trying word-by-word search in product name for: '[FT00081T2] FT8090 (New-L) Top หินสังเคราะห์'
2025-06-26 11:54:44,375 - INFO - Searching with domain: ['|', '|', '|', '|', ['name', 'ilike', '[FT00081T2]'], ['name', 'ilike', 'FT8090'], ['name', 'ilike', '(New-L)'], ['name', 'ilike', 'Top'], ['name', 'ilike', 'หินสังเคราะห์']]
2025-06-26 11:54:44,562 - INFO - Found product by partial word match: 'ไม้ยางพารา FJ TOP 600x850x30 AC09 เกรด AB' with code '201030019' for search term '[FT00081T2] FT8090 (New-L) Top หินสังเคราะห์'
2025-06-26 11:54:44,866 - INFO - Added product [FT00081T2] FT8090 (New-L) Top หินสังเคราะห์ with quantity 1.0 to picking 8968
2025-06-26 11:54:44,869 - INFO - Processing Excel row 20: {'product_id': '[FU0043E8C161] FU43058P#B3-L เฟอร์นิเจอร์ กันน้ำ (PW)ขนาด 58 ซม.', 'scheduled_date': Timestamp('2025-06-26 11:54:03'), 'location_dest_id': 'Partners/Customers', 'partner_id': 'MOG FG30', 'origin': 'FG30 Adjuestment', 'product_uom_qty': 11, 'sequence': 0.0, 'price_unit': 0.0}
2025-06-26 11:54:44,870 - INFO - Searching for product with code: '[FU0043E8C161] FU43058P#B3-L เฟอร์นิเจอร์ กันน้ำ (PW)ขนาด 58 ซม.' and old code: '[FU0043E8C161] FU43058P#B3-L เฟอร์นิเจอร์ กันน้ำ (PW)ขนาด 58 ซม.'
2025-06-26 11:54:45,582 - INFO - Trying word-by-word search in product name for: '[FU0043E8C161] FU43058P#B3-L เฟอร์นิเจอร์ กันน้ำ (PW)ขนาด 58 ซม.'
2025-06-26 11:54:45,583 - INFO - Searching with domain: ['|', '|', '|', '|', ['name', 'ilike', '[FU0043E8C161]'], ['name', 'ilike', 'FU43058P#B3-L'], ['name', 'ilike', 'เฟอร์นิเจอร์'], ['name', 'ilike', 'กันน้ำ'], ['name', 'ilike', '(PW)ขนาด']]
2025-06-26 11:54:45,927 - INFO - Found product by partial word match: '3FM00100P23-L(DR) เฟอร์นิเจอร์กันชื้น (MDF HMR) ขนาด 100 ซม.' with code '3FM0000DJL11523' for search term '[FU0043E8C161] FU43058P#B3-L เฟอร์นิเจอร์ กันน้ำ (PW)ขนาด 58 ซม.'
2025-06-26 11:54:46,239 - INFO - Added product [FU0043E8C161] FU43058P#B3-L เฟอร์นิเจอร์ กันน้ำ (PW)ขนาด 58 ซม. with quantity 11.0 to picking 8968
2025-06-26 11:54:46,241 - INFO - Processing Excel row 21: {'product_id': '[FU0056JC180] FU56100U (R-AL) เฟอร์นิเจอร์ กันน้ำ (PW)ขนาด 100 ซม.', 'scheduled_date': Timestamp('2025-06-26 11:54:03'), 'location_dest_id': 'Partners/Customers', 'partner_id': 'MOG FG30', 'origin': 'FG30 Adjuestment', 'product_uom_qty': 5, 'sequence': 0.0, 'price_unit': 0.0}
2025-06-26 11:54:46,243 - INFO - Searching for product with code: '[FU0056JC180] FU56100U (R-AL) เฟอร์นิเจอร์ กันน้ำ (PW)ขนาด 100 ซม.' and old code: '[FU0056JC180] FU56100U (R-AL) เฟอร์นิเจอร์ กันน้ำ (PW)ขนาด 100 ซม.'
2025-06-26 11:54:47,077 - INFO - Trying word-by-word search in product name for: '[FU0056JC180] FU56100U (R-AL) เฟอร์นิเจอร์ กันน้ำ (PW)ขนาด 100 ซม.'
2025-06-26 11:54:47,077 - INFO - Searching with domain: ['|', '|', '|', '|', ['name', 'ilike', '[FU0056JC180]'], ['name', 'ilike', 'FU56100U'], ['name', 'ilike', '(R-AL)'], ['name', 'ilike', 'เฟอร์นิเจอร์'], ['name', 'ilike', 'กันน้ำ']]
2025-06-26 11:54:47,587 - INFO - Found product by partial word match: 'โครงเหล็ก F56120T(R-AL), F56120U(R-AL), FU56120T(R-AL) ขนาด 1158x370x350 สีขาว' with code '301010021' for search term '[FU0056JC180] FU56100U (R-AL) เฟอร์นิเจอร์ กันน้ำ (PW)ขนาด 100 ซม.'
2025-06-26 11:54:47,908 - INFO - Added product [FU0056JC180] FU56100U (R-AL) เฟอร์นิเจอร์ กันน้ำ (PW)ขนาด 100 ซม. with quantity 5.0 to picking 8968
2025-06-26 11:54:47,910 - INFO - Processing Excel row 22: {'product_id': '[FU00640300] FU64060F เฟอร์นิเจอร์ กันน้ำ (PW)ขนาด 60 ซม.', 'scheduled_date': Timestamp('2025-06-26 11:54:03'), 'location_dest_id': 'Partners/Customers', 'partner_id': 'MOG FG30', 'origin': 'FG30 Adjuestment', 'product_uom_qty': 20, 'sequence': 0.0, 'price_unit': 0.0}
2025-06-26 11:54:47,911 - INFO - Searching for product with code: '[FU00640300] FU64060F เฟอร์นิเจอร์ กันน้ำ (PW)ขนาด 60 ซม.' and old code: '[FU00640300] FU64060F เฟอร์นิเจอร์ กันน้ำ (PW)ขนาด 60 ซม.'
2025-06-26 11:54:48,679 - INFO - Trying word-by-word search in product name for: '[FU00640300] FU64060F เฟอร์นิเจอร์ กันน้ำ (PW)ขนาด 60 ซม.'
2025-06-26 11:54:48,680 - INFO - Searching with domain: ['|', '|', '|', '|', ['name', 'ilike', '[FU00640300]'], ['name', 'ilike', 'FU64060F'], ['name', 'ilike', 'เฟอร์นิเจอร์'], ['name', 'ilike', 'กันน้ำ'], ['name', 'ilike', '(PW)ขนาด']]
2025-06-26 11:54:49,211 - INFO - Found product by partial word match: '3FM00100P23-L(DR) เฟอร์นิเจอร์กันชื้น (MDF HMR) ขนาด 100 ซม.' with code '3FM0000DJL11523' for search term '[FU00640300] FU64060F เฟอร์นิเจอร์ กันน้ำ (PW)ขนาด 60 ซม.'
2025-06-26 11:54:49,614 - INFO - Added product [FU00640300] FU64060F เฟอร์นิเจอร์ กันน้ำ (PW)ขนาด 60 ซม. with quantity 20.0 to picking 8968
2025-06-26 11:54:49,616 - INFO - Processing Excel row 23: {'product_id': '[FU00650G107] FU65071G เฟอร์นิเจอร์ กันน้ำ (PW)ขนาด 71 ซม.', 'scheduled_date': Timestamp('2025-06-26 11:54:03'), 'location_dest_id': 'Partners/Customers', 'partner_id': 'MOG FG30', 'origin': 'FG30 Adjuestment', 'product_uom_qty': 9, 'sequence': 0.0, 'price_unit': 0.0}
2025-06-26 11:54:49,617 - INFO - Searching for product with code: '[FU00650G107] FU65071G เฟอร์นิเจอร์ กันน้ำ (PW)ขนาด 71 ซม.' and old code: '[FU00650G107] FU65071G เฟอร์นิเจอร์ กันน้ำ (PW)ขนาด 71 ซม.'
2025-06-26 11:54:50,537 - INFO - Trying word-by-word search in product name for: '[FU00650G107] FU65071G เฟอร์นิเจอร์ กันน้ำ (PW)ขนาด 71 ซม.'
2025-06-26 11:54:50,538 - INFO - Searching with domain: ['|', '|', '|', '|', ['name', 'ilike', '[FU00650G107]'], ['name', 'ilike', 'FU65071G'], ['name', 'ilike', 'เฟอร์นิเจอร์'], ['name', 'ilike', 'กันน้ำ'], ['name', 'ilike', '(PW)ขนาด']]
2025-06-26 11:54:51,188 - INFO - Found product by partial word match: '3FM00100P23-L(DR) เฟอร์นิเจอร์กันชื้น (MDF HMR) ขนาด 100 ซม.' with code '3FM0000DJL11523' for search term '[FU00650G107] FU65071G เฟอร์นิเจอร์ กันน้ำ (PW)ขนาด 71 ซม.'
2025-06-26 11:54:51,455 - INFO - Added product [FU00650G107] FU65071G เฟอร์นิเจอร์ กันน้ำ (PW)ขนาด 71 ซม. with quantity 9.0 to picking 8968
2025-06-26 11:54:51,456 - INFO - Processing Excel row 24: {'product_id': '[LA0213262] LA21070C-L3 อ่างล้างหน้า พร้อมตู้เฟอร์นิเจอร์ขนาด 70 ซม.', 'scheduled_date': Timestamp('2025-06-26 11:54:03'), 'location_dest_id': 'Partners/Customers', 'partner_id': 'MOG FG30', 'origin': 'FG30 Adjuestment', 'product_uom_qty': 2, 'sequence': 0.0, 'price_unit': 0.0}
2025-06-26 11:54:51,457 - INFO - Searching for product with code: '[LA0213262] LA21070C-L3 อ่างล้างหน้า พร้อมตู้เฟอร์นิเจอร์ขนาด 70 ซม.' and old code: '[LA0213262] LA21070C-L3 อ่างล้างหน้า พร้อมตู้เฟอร์นิเจอร์ขนาด 70 ซม.'
2025-06-26 11:54:52,133 - INFO - Trying word-by-word search in product name for: '[LA0213262] LA21070C-L3 อ่างล้างหน้า พร้อมตู้เฟอร์นิเจอร์ขนาด 70 ซม.'
2025-06-26 11:54:52,134 - INFO - Searching with domain: ['|', '|', '|', '|', ['name', 'ilike', '[LA0213262]'], ['name', 'ilike', 'LA21070C-L3'], ['name', 'ilike', 'อ่างล้างหน้า'], ['name', 'ilike', 'พร้อมตู้เฟอร์นิเจอร์ขนาด'], ['name', 'ilike', 'ซม.']]
2025-06-26 11:54:53,348 - INFO - Found product by partial word match: 'SP24 สะดืออ่างล้างหน้า' with code 'SP0024100' for search term '[LA0213262] LA21070C-L3 อ่างล้างหน้า พร้อมตู้เฟอร์นิเจอร์ขนาด 70 ซม.'
2025-06-26 11:54:53,684 - INFO - Added product [LA0213262] LA21070C-L3 อ่างล้างหน้า พร้อมตู้เฟอร์นิเจอร์ขนาด 70 ซม. with quantity 2.0 to picking 8968
2025-06-26 11:54:53,685 - INFO - Processing Excel row 25: {'product_id': '[MA0174101] MA174 อ่างล้างหน้าแขวนผนัง พร้อมขา', 'scheduled_date': Timestamp('2025-06-26 11:54:03'), 'location_dest_id': 'Partners/Customers', 'partner_id': 'MOG FG30', 'origin': 'FG30 Adjuestment', 'product_uom_qty': 25, 'sequence': 0.0, 'price_unit': 0.0}
2025-06-26 11:54:53,686 - INFO - Searching for product with code: '[MA0174101] MA174 อ่างล้างหน้าแขวนผนัง พร้อมขา' and old code: '[MA0174101] MA174 อ่างล้างหน้าแขวนผนัง พร้อมขา'
2025-06-26 11:54:54,434 - INFO - Trying word-by-word search in product name for: '[MA0174101] MA174 อ่างล้างหน้าแขวนผนัง พร้อมขา'
2025-06-26 11:54:54,434 - INFO - Searching with domain: ['|', '|', '|', ['name', 'ilike', '[MA0174101]'], ['name', 'ilike', 'MA174'], ['name', 'ilike', 'อ่างล้างหน้าแขวนผนัง'], ['name', 'ilike', 'พร้อมขา']]
2025-06-26 11:54:54,624 - INFO - Found product by partial word match: '3MA174 Basin' with code '3MA0174101' for search term '[MA0174101] MA174 อ่างล้างหน้าแขวนผนัง พร้อมขา'
2025-06-26 11:54:54,903 - INFO - Added product [MA0174101] MA174 อ่างล้างหน้าแขวนผนัง พร้อมขา with quantity 25.0 to picking 8968
2025-06-26 11:54:54,905 - INFO - Processing Excel row 26: {'product_id': '[MA575C110] MA575 อ่างล้างหน้าฝังใต้เคาน์เตอร์', 'scheduled_date': Timestamp('2025-06-26 11:54:03'), 'location_dest_id': 'Partners/Customers', 'partner_id': 'MOG FG30', 'origin': 'FG30 Adjuestment', 'product_uom_qty': 2, 'sequence': 0.0, 'price_unit': 0.0}
2025-06-26 11:54:54,905 - INFO - Searching for product with code: '[MA575C110] MA575 อ่างล้างหน้าฝังใต้เคาน์เตอร์' and old code: '[MA575C110] MA575 อ่างล้างหน้าฝังใต้เคาน์เตอร์'
2025-06-26 11:54:55,661 - INFO - Trying word-by-word search in product name for: '[MA575C110] MA575 อ่างล้างหน้าฝังใต้เคาน์เตอร์'
2025-06-26 11:54:55,661 - INFO - Searching with domain: ['|', '|', ['name', 'ilike', '[MA575C110]'], ['name', 'ilike', 'MA575'], ['name', 'ilike', 'อ่างล้างหน้าฝังใต้เคาน์เตอร์']]
2025-06-26 11:54:55,834 - INFO - Found product by partial word match: '3MA185 อ่างล้างหน้าฝังใต้เคาน์เตอร์' with code '3MA0185101' for search term '[MA575C110] MA575 อ่างล้างหน้าฝังใต้เคาน์เตอร์'
2025-06-26 11:54:56,135 - INFO - Added product [MA575C110] MA575 อ่างล้างหน้าฝังใต้เคาน์เตอร์ with quantity 2.0 to picking 8968
2025-06-26 11:54:56,136 - INFO - Processing Excel row 27: {'product_id': '[MAL160L1010] MAL160(L) อ่างล้างหน้าแขวนผนัง', 'scheduled_date': Timestamp('2025-06-26 11:54:03'), 'location_dest_id': 'Partners/Customers', 'partner_id': 'MOG FG30', 'origin': 'FG30 Adjuestment', 'product_uom_qty': 2, 'sequence': 0.0, 'price_unit': 0.0}
2025-06-26 11:54:56,137 - INFO - Searching for product with code: '[MAL160L1010] MAL160(L) อ่างล้างหน้าแขวนผนัง' and old code: '[MAL160L1010] MAL160(L) อ่างล้างหน้าแขวนผนัง'
2025-06-26 11:54:56,718 - INFO - Trying word-by-word search in product name for: '[MAL160L1010] MAL160(L) อ่างล้างหน้าแขวนผนัง'
2025-06-26 11:54:56,718 - INFO - Searching with domain: ['|', '|', ['name', 'ilike', '[MAL160L1010]'], ['name', 'ilike', 'MAL160(L)'], ['name', 'ilike', 'อ่างล้างหน้าแขวนผนัง']]
2025-06-26 11:54:56,946 - INFO - Found product by partial word match: '3MAL160(L) Basin' with code '3MAL160L1010' for search term '[MAL160L1010] MAL160(L) อ่างล้างหน้าแขวนผนัง'
2025-06-26 11:54:57,270 - INFO - Added product [MAL160L1010] MAL160(L) อ่างล้างหน้าแขวนผนัง with quantity 2.0 to picking 8968
2025-06-26 11:54:57,272 - INFO - Processing Excel row 28: {'product_id': '[MAM011C1111] MAM013-12 อ่างล้างหน้าวางบนเคาน์เตอร์', 'scheduled_date': Timestamp('2025-06-26 11:54:03'), 'location_dest_id': 'Partners/Customers', 'partner_id': 'MOG FG30', 'origin': 'FG30 Adjuestment', 'product_uom_qty': 2, 'sequence': 0.0, 'price_unit': 0.0}
2025-06-26 11:54:57,274 - INFO - Searching for product with code: '[MAM011C1111] MAM013-12 อ่างล้างหน้าวางบนเคาน์เตอร์' and old code: '[MAM011C1111] MAM013-12 อ่างล้างหน้าวางบนเคาน์เตอร์'
2025-06-26 11:54:58,025 - INFO - Trying word-by-word search in product name for: '[MAM011C1111] MAM013-12 อ่างล้างหน้าวางบนเคาน์เตอร์'
2025-06-26 11:54:58,025 - INFO - Searching with domain: ['|', '|', ['name', 'ilike', '[MAM011C1111]'], ['name', 'ilike', 'MAM013-12'], ['name', 'ilike', 'อ่างล้างหน้าวางบนเคาน์เตอร์']]
2025-06-26 11:54:58,248 - INFO - Found product by partial word match: 'MA033 อ่างล้างหน้าวางบนเคาน์เตอร์' with code 'MA0033101' for search term '[MAM011C1111] MAM013-12 อ่างล้างหน้าวางบนเคาน์เตอร์'
2025-06-26 11:54:58,515 - INFO - Added product [MAM011C1111] MAM013-12 อ่างล้างหน้าวางบนเคาน์เตอร์ with quantity 2.0 to picking 8968
2025-06-26 11:54:58,516 - INFO - Processing Excel row 29: {'product_id': '[MAM011C112] MAM013-3 อ่างล้างหน้าวางบนเคาน์เตอร์', 'scheduled_date': Timestamp('2025-06-26 11:54:03'), 'location_dest_id': 'Partners/Customers', 'partner_id': 'MOG FG30', 'origin': 'FG30 Adjuestment', 'product_uom_qty': 20, 'sequence': 0.0, 'price_unit': 0.0}
2025-06-26 11:54:58,517 - INFO - Searching for product with code: '[MAM011C112] MAM013-3 อ่างล้างหน้าวางบนเคาน์เตอร์' and old code: '[MAM011C112] MAM013-3 อ่างล้างหน้าวางบนเคาน์เตอร์'
2025-06-26 11:54:59,113 - INFO - Trying word-by-word search in product name for: '[MAM011C112] MAM013-3 อ่างล้างหน้าวางบนเคาน์เตอร์'
2025-06-26 11:54:59,114 - INFO - Searching with domain: ['|', '|', ['name', 'ilike', '[MAM011C112]'], ['name', 'ilike', 'MAM013-3'], ['name', 'ilike', 'อ่างล้างหน้าวางบนเคาน์เตอร์']]
2025-06-26 11:54:59,347 - INFO - Found product by partial word match: 'MA033 อ่างล้างหน้าวางบนเคาน์เตอร์' with code 'MA0033101' for search term '[MAM011C112] MAM013-3 อ่างล้างหน้าวางบนเคาน์เตอร์'
2025-06-26 11:54:59,642 - INFO - Added product [MAM011C112] MAM013-3 อ่างล้างหน้าวางบนเคาน์เตอร์ with quantity 20.0 to picking 8968
2025-06-26 11:54:59,642 - INFO - Processing Excel row 30: {'product_id': '[MAM011C115] MAM013-6 อ่างล้างหน้าวางบนเคาน์เตอร์', 'scheduled_date': Timestamp('2025-06-26 11:54:03'), 'location_dest_id': 'Partners/Customers', 'partner_id': 'MOG FG30', 'origin': 'FG30 Adjuestment', 'product_uom_qty': 8, 'sequence': 0.0, 'price_unit': 0.0}
2025-06-26 11:54:59,643 - INFO - Searching for product with code: '[MAM011C115] MAM013-6 อ่างล้างหน้าวางบนเคาน์เตอร์' and old code: '[MAM011C115] MAM013-6 อ่างล้างหน้าวางบนเคาน์เตอร์'
2025-06-26 11:55:00,430 - INFO - Trying word-by-word search in product name for: '[MAM011C115] MAM013-6 อ่างล้างหน้าวางบนเคาน์เตอร์'
2025-06-26 11:55:00,431 - INFO - Searching with domain: ['|', '|', ['name', 'ilike', '[MAM011C115]'], ['name', 'ilike', 'MAM013-6'], ['name', 'ilike', 'อ่างล้างหน้าวางบนเคาน์เตอร์']]
2025-06-26 11:55:00,733 - INFO - Found product by partial word match: 'MA033 อ่างล้างหน้าวางบนเคาน์เตอร์' with code 'MA0033101' for search term '[MAM011C115] MAM013-6 อ่างล้างหน้าวางบนเคาน์เตอร์'
2025-06-26 11:55:01,314 - INFO - Added product [MAM011C115] MAM013-6 อ่างล้างหน้าวางบนเคาน์เตอร์ with quantity 8.0 to picking 8968
2025-06-26 11:55:01,316 - INFO - Processing Excel row 31: {'product_id': '[MAM011C119] MAM013-10 อ่างล้างหน้าวางบนเคาน์เตอร์', 'scheduled_date': Timestamp('2025-06-26 11:54:03'), 'location_dest_id': 'Partners/Customers', 'partner_id': 'MOG FG30', 'origin': 'FG30 Adjuestment', 'product_uom_qty': 1, 'sequence': 0.0, 'price_unit': 0.0}
2025-06-26 11:55:01,318 - INFO - Searching for product with code: '[MAM011C119] MAM013-10 อ่างล้างหน้าวางบนเคาน์เตอร์' and old code: '[MAM011C119] MAM013-10 อ่างล้างหน้าวางบนเคาน์เตอร์'
2025-06-26 11:55:02,171 - INFO - Trying word-by-word search in product name for: '[MAM011C119] MAM013-10 อ่างล้างหน้าวางบนเคาน์เตอร์'
2025-06-26 11:55:02,172 - INFO - Searching with domain: ['|', '|', ['name', 'ilike', '[MAM011C119]'], ['name', 'ilike', 'MAM013-10'], ['name', 'ilike', 'อ่างล้างหน้าวางบนเคาน์เตอร์']]
2025-06-26 11:55:02,338 - INFO - Found product by partial word match: 'MA033 อ่างล้างหน้าวางบนเคาน์เตอร์' with code 'MA0033101' for search term '[MAM011C119] MAM013-10 อ่างล้างหน้าวางบนเคาน์เตอร์'
2025-06-26 11:55:02,617 - INFO - Added product [MAM011C119] MAM013-10 อ่างล้างหน้าวางบนเคาน์เตอร์ with quantity 1.0 to picking 8968
2025-06-26 11:55:02,618 - INFO - Processing Excel row 32: {'product_id': '[MCV0002100] MCV02M วาล์วผสมเปิด-ปิดน้ำ ฝังผนัง', 'scheduled_date': Timestamp('2025-06-26 11:54:03'), 'location_dest_id': 'Partners/Customers', 'partner_id': 'MOG FG30', 'origin': 'FG30 Adjuestment', 'product_uom_qty': 2, 'sequence': 0.0, 'price_unit': 0.0}
2025-06-26 11:55:02,618 - INFO - Searching for product with code: '[MCV0002100] MCV02M วาล์วผสมเปิด-ปิดน้ำ ฝังผนัง' and old code: '[MCV0002100] MCV02M วาล์วผสมเปิด-ปิดน้ำ ฝังผนัง'
2025-06-26 11:55:03,572 - INFO - Trying word-by-word search in product name for: '[MCV0002100] MCV02M วาล์วผสมเปิด-ปิดน้ำ ฝังผนัง'
2025-06-26 11:55:03,572 - INFO - Searching with domain: ['|', '|', '|', ['name', 'ilike', '[MCV0002100]'], ['name', 'ilike', 'MCV02M'], ['name', 'ilike', 'วาล์วผสมเปิด-ปิดน้ำ'], ['name', 'ilike', 'ฝังผนัง']]
2025-06-26 11:55:03,825 - INFO - Found product by partial word match: 'ที่ใส่ทิชชู่สแตนเลส แบบเดี่ยว (แนวนอน) แบบฝังผนัง รหัส Marvel MS304-04' with code '408020001' for search term '[MCV0002100] MCV02M วาล์วผสมเปิด-ปิดน้ำ ฝังผนัง'
2025-06-26 11:55:04,159 - INFO - Added product [MCV0002100] MCV02M วาล์วผสมเปิด-ปิดน้ำ ฝังผนัง with quantity 2.0 to picking 8968
2025-06-26 11:55:04,160 - INFO - Processing Excel row 33: {'product_id': '[MF0041LH7] F4035G (L) เฟอร์นิเจอร์ขนาด 35 ซม.', 'scheduled_date': Timestamp('2025-06-26 11:54:03'), 'location_dest_id': 'Partners/Customers', 'partner_id': 'MOG FG30', 'origin': 'FG30 Adjuestment', 'product_uom_qty': 2, 'sequence': 0.0, 'price_unit': 0.0}
2025-06-26 11:55:04,161 - INFO - Searching for product with code: '[MF0041LH7] F4035G (L) เฟอร์นิเจอร์ขนาด 35 ซม.' and old code: '[MF0041LH7] F4035G (L) เฟอร์นิเจอร์ขนาด 35 ซม.'
2025-06-26 11:55:05,370 - INFO - Trying word-by-word search in product name for: '[MF0041LH7] F4035G (L) เฟอร์นิเจอร์ขนาด 35 ซม.'
2025-06-26 11:55:05,370 - INFO - Searching with domain: ['|', '|', '|', '|', ['name', 'ilike', '[MF0041LH7]'], ['name', 'ilike', 'F4035G'], ['name', 'ilike', '(L)'], ['name', 'ilike', 'เฟอร์นิเจอร์ขนาด'], ['name', 'ilike', 'ซม.']]
2025-06-26 11:55:05,992 - INFO - Found product by partial word match: 'โครงเหล็ก F25090U(L)  ขนาด 864x400x355  สีขาว' with code '301010055' for search term '[MF0041LH7] F4035G (L) เฟอร์นิเจอร์ขนาด 35 ซม.'
2025-06-26 11:55:06,347 - INFO - Added product [MF0041LH7] F4035G (L) เฟอร์นิเจอร์ขนาด 35 ซม. with quantity 2.0 to picking 8968
2025-06-26 11:55:06,349 - INFO - Processing Excel row 34: {'product_id': '[MF004816J] F48070U เฟอร์นิเจอร์ขนาด 70 ซม.', 'scheduled_date': Timestamp('2025-06-26 11:54:03'), 'location_dest_id': 'Partners/Customers', 'partner_id': 'MOG FG30', 'origin': 'FG30 Adjuestment', 'product_uom_qty': 1, 'sequence': 0.0, 'price_unit': 0.0}
2025-06-26 11:55:06,350 - INFO - Searching for product with code: '[MF004816J] F48070U เฟอร์นิเจอร์ขนาด 70 ซม.' and old code: '[MF004816J] F48070U เฟอร์นิเจอร์ขนาด 70 ซม.'
2025-06-26 11:55:06,951 - INFO - Trying word-by-word search in product name for: '[MF004816J] F48070U เฟอร์นิเจอร์ขนาด 70 ซม.'
2025-06-26 11:55:06,951 - INFO - Searching with domain: ['|', '|', '|', ['name', 'ilike', '[MF004816J]'], ['name', 'ilike', 'F48070U'], ['name', 'ilike', 'เฟอร์นิเจอร์ขนาด'], ['name', 'ilike', 'ซม.']]
2025-06-26 11:55:07,560 - INFO - Found product by partial word match: 'LF3580D อ่างล้างหน้า พร้อมเคาน์เตอร์สำเร็จรูปขนาด 80 ซม.' with code '35251' for search term '[MF004816J] F48070U เฟอร์นิเจอร์ขนาด 70 ซม.'
2025-06-26 11:55:07,879 - INFO - Added product [MF004816J] F48070U เฟอร์นิเจอร์ขนาด 70 ซม. with quantity 1.0 to picking 8968
2025-06-26 11:55:07,880 - INFO - Processing Excel row 35: {'product_id': '[MF005613L] F56120T (R-AL) เฟอร์นิเจอร์ขนาด 120 ซม.', 'scheduled_date': Timestamp('2025-06-26 11:54:03'), 'location_dest_id': 'Partners/Customers', 'partner_id': 'MOG FG30', 'origin': 'FG30 Adjuestment', 'product_uom_qty': 3, 'sequence': 0.0, 'price_unit': 0.0}
2025-06-26 11:55:07,880 - INFO - Searching for product with code: '[MF005613L] F56120T (R-AL) เฟอร์นิเจอร์ขนาด 120 ซม.' and old code: '[MF005613L] F56120T (R-AL) เฟอร์นิเจอร์ขนาด 120 ซม.'
2025-06-26 11:55:08,772 - INFO - Trying word-by-word search in product name for: '[MF005613L] F56120T (R-AL) เฟอร์นิเจอร์ขนาด 120 ซม.'
2025-06-26 11:55:08,773 - INFO - Searching with domain: ['|', '|', '|', '|', ['name', 'ilike', '[MF005613L]'], ['name', 'ilike', 'F56120T'], ['name', 'ilike', '(R-AL)'], ['name', 'ilike', 'เฟอร์นิเจอร์ขนาด'], ['name', 'ilike', '120']]
2025-06-26 11:55:09,221 - INFO - Found product by partial word match: 'ไม้ยางพารา BJ ชานพัก 1200x1050x25 AC39 เกรด BC' with code '201030002' for search term '[MF005613L] F56120T (R-AL) เฟอร์นิเจอร์ขนาด 120 ซม.'
2025-06-26 11:55:09,552 - INFO - Added product [MF005613L] F56120T (R-AL) เฟอร์นิเจอร์ขนาด 120 ซม. with quantity 3.0 to picking 8968
2025-06-26 11:55:09,555 - INFO - Processing Excel row 36: {'product_id': '[MF008R12W] F8090PPZ (R) เฟอร์นิเจอร์ขนาด 90 ซม.', 'scheduled_date': Timestamp('2025-06-26 11:54:03'), 'location_dest_id': 'Partners/Customers', 'partner_id': 'MOG FG30', 'origin': 'FG30 Adjuestment', 'product_uom_qty': 1, 'sequence': 0.0, 'price_unit': 0.0}
2025-06-26 11:55:09,556 - INFO - Searching for product with code: '[MF008R12W] F8090PPZ (R) เฟอร์นิเจอร์ขนาด 90 ซม.' and old code: '[MF008R12W] F8090PPZ (R) เฟอร์นิเจอร์ขนาด 90 ซม.'
2025-06-26 11:55:10,026 - INFO - Trying word-by-word search in product name for: '[MF008R12W] F8090PPZ (R) เฟอร์นิเจอร์ขนาด 90 ซม.'
2025-06-26 11:55:10,027 - INFO - Searching with domain: ['|', '|', '|', '|', ['name', 'ilike', '[MF008R12W]'], ['name', 'ilike', 'F8090PPZ'], ['name', 'ilike', '(R)'], ['name', 'ilike', 'เฟอร์นิเจอร์ขนาด'], ['name', 'ilike', 'ซม.']]
2025-06-26 11:55:10,239 - INFO - Found product by partial word match: 'โครงเหล็ก F25090U(R) ขนาด 864x400x355 สีขาว' with code '301010013' for search term '[MF008R12W] F8090PPZ (R) เฟอร์นิเจอร์ขนาด 90 ซม.'
2025-06-26 11:55:10,375 - INFO - Added product [MF008R12W] F8090PPZ (R) เฟอร์นิเจอร์ขนาด 90 ซม. with quantity 1.0 to picking 8968
2025-06-26 11:55:10,375 - INFO - Processing Excel row 37: {'product_id': '[MF015N123] F15090F-N เฟอร์นิเจอร์ขนาด 90 ซม.', 'scheduled_date': Timestamp('2025-06-26 11:54:03'), 'location_dest_id': 'Partners/Customers', 'partner_id': 'MOG FG30', 'origin': 'FG30 Adjuestment', 'product_uom_qty': 1, 'sequence': 0.0, 'price_unit': 0.0}
2025-06-26 11:55:10,376 - INFO - Searching for product with code: '[MF015N123] F15090F-N เฟอร์นิเจอร์ขนาด 90 ซม.' and old code: '[MF015N123] F15090F-N เฟอร์นิเจอร์ขนาด 90 ซม.'
2025-06-26 11:55:10,725 - INFO - Trying word-by-word search in product name for: '[MF015N123] F15090F-N เฟอร์นิเจอร์ขนาด 90 ซม.'
2025-06-26 11:55:10,726 - INFO - Searching with domain: ['|', '|', '|', ['name', 'ilike', '[MF015N123]'], ['name', 'ilike', 'F15090F-N'], ['name', 'ilike', 'เฟอร์นิเจอร์ขนาด'], ['name', 'ilike', 'ซม.']]
2025-06-26 11:55:10,907 - INFO - Found product by partial word match: 'LF3580D อ่างล้างหน้า พร้อมเคาน์เตอร์สำเร็จรูปขนาด 80 ซม.' with code '35251' for search term '[MF015N123] F15090F-N เฟอร์นิเจอร์ขนาด 90 ซม.'
2025-06-26 11:55:11,051 - INFO - Added product [MF015N123] F15090F-N เฟอร์นิเจอร์ขนาด 90 ซม. with quantity 1.0 to picking 8968
2025-06-26 11:55:11,052 - INFO - Processing Excel row 38: {'product_id': '[MF015N153] F15080F-N เฟอร์นิเจอร์ขนาด 80 ซม.', 'scheduled_date': Timestamp('2025-06-26 11:54:03'), 'location_dest_id': 'Partners/Customers', 'partner_id': 'MOG FG30', 'origin': 'FG30 Adjuestment', 'product_uom_qty': 4, 'sequence': 0.0, 'price_unit': 0.0}
2025-06-26 11:55:11,053 - INFO - Searching for product with code: '[MF015N153] F15080F-N เฟอร์นิเจอร์ขนาด 80 ซม.' and old code: '[MF015N153] F15080F-N เฟอร์นิเจอร์ขนาด 80 ซม.'
2025-06-26 11:55:11,398 - INFO - Trying word-by-word search in product name for: '[MF015N153] F15080F-N เฟอร์นิเจอร์ขนาด 80 ซม.'
2025-06-26 11:55:11,399 - INFO - Searching with domain: ['|', '|', '|', ['name', 'ilike', '[MF015N153]'], ['name', 'ilike', 'F15080F-N'], ['name', 'ilike', 'เฟอร์นิเจอร์ขนาด'], ['name', 'ilike', 'ซม.']]
2025-06-26 11:55:11,556 - INFO - Found product by partial word match: 'โครงเหล็ก F15080C-N, F15080F-N, FU15080F-N ขนาด 760x300x260 สีขาว' with code '301010014' for search term '[MF015N153] F15080F-N เฟอร์นิเจอร์ขนาด 80 ซม.'
2025-06-26 11:55:11,704 - INFO - Added product [MF015N153] F15080F-N เฟอร์นิเจอร์ขนาด 80 ซม. with quantity 4.0 to picking 8968
2025-06-26 11:55:11,704 - INFO - Processing Excel row 39: {'product_id': '[MF018A112] F18A60C เฟอร์นิเจอร์ขนาด 60 ซม.', 'scheduled_date': Timestamp('2025-06-26 11:54:03'), 'location_dest_id': 'Partners/Customers', 'partner_id': 'MOG FG30', 'origin': 'FG30 Adjuestment', 'product_uom_qty': 2, 'sequence': 0.0, 'price_unit': 0.0}
2025-06-26 11:55:11,705 - INFO - Searching for product with code: '[MF018A112] F18A60C เฟอร์นิเจอร์ขนาด 60 ซม.' and old code: '[MF018A112] F18A60C เฟอร์นิเจอร์ขนาด 60 ซม.'
2025-06-26 11:55:12,106 - INFO - Trying word-by-word search in product name for: '[MF018A112] F18A60C เฟอร์นิเจอร์ขนาด 60 ซม.'
2025-06-26 11:55:12,106 - INFO - Searching with domain: ['|', '|', '|', ['name', 'ilike', '[MF018A112]'], ['name', 'ilike', 'F18A60C'], ['name', 'ilike', 'เฟอร์นิเจอร์ขนาด'], ['name', 'ilike', 'ซม.']]
2025-06-26 11:55:12,512 - INFO - Found product by partial word match: 'LF3580D อ่างล้างหน้า พร้อมเคาน์เตอร์สำเร็จรูปขนาด 80 ซม.' with code '35251' for search term '[MF018A112] F18A60C เฟอร์นิเจอร์ขนาด 60 ซม.'
2025-06-26 11:55:12,660 - INFO - Added product [MF018A112] F18A60C เฟอร์นิเจอร์ขนาด 60 ซม. with quantity 2.0 to picking 8968
2025-06-26 11:55:12,661 - INFO - Processing Excel row 40: {'product_id': '[MO0010101] MO10 สุขภัณฑ์ชิ้นเดียว', 'scheduled_date': Timestamp('2025-06-26 11:54:03'), 'location_dest_id': 'Partners/Customers', 'partner_id': 'MOG FG30', 'origin': 'FG30 Adjuestment', 'product_uom_qty': 1, 'sequence': 0.0, 'price_unit': 0.0}
2025-06-26 11:55:12,661 - INFO - Searching for product with code: '[MO0010101] MO10 สุขภัณฑ์ชิ้นเดียว' and old code: '[MO0010101] MO10 สุขภัณฑ์ชิ้นเดียว'
2025-06-26 11:55:13,274 - INFO - Trying word-by-word search in product name for: '[MO0010101] MO10 สุขภัณฑ์ชิ้นเดียว'
2025-06-26 11:55:13,274 - INFO - Searching with domain: ['|', '|', ['name', 'ilike', '[MO0010101]'], ['name', 'ilike', 'MO10'], ['name', 'ilike', 'สุขภัณฑ์ชิ้นเดียว']]
2025-06-26 11:55:13,385 - INFO - Found product by partial word match: '3MO49(ECO)/BFS สุขภัณฑ์ชิ้นเดียว ( ไม่มีอุปกรณ์ติดตั้ง)' with code '3MO00490001' for search term '[MO0010101] MO10 สุขภัณฑ์ชิ้นเดียว'
2025-06-26 11:55:13,523 - INFO - Added product [MO0010101] MO10 สุขภัณฑ์ชิ้นเดียว with quantity 1.0 to picking 8968
2025-06-26 11:55:13,524 - INFO - Processing Excel row 41: {'product_id': '[MO00381211] MO38N สุขภัณฑ์ชิ้นเดียว', 'scheduled_date': Timestamp('2025-06-26 11:54:03'), 'location_dest_id': 'Partners/Customers', 'partner_id': 'MOG FG30', 'origin': 'FG30 Adjuestment', 'product_uom_qty': 3, 'sequence': 0.0, 'price_unit': 0.0}
2025-06-26 11:55:13,524 - INFO - Searching for product with code: '[MO00381211] MO38N สุขภัณฑ์ชิ้นเดียว' and old code: '[MO00381211] MO38N สุขภัณฑ์ชิ้นเดียว'
2025-06-26 11:55:13,873 - INFO - Trying word-by-word search in product name for: '[MO00381211] MO38N สุขภัณฑ์ชิ้นเดียว'
2025-06-26 11:55:13,874 - INFO - Searching with domain: ['|', '|', ['name', 'ilike', '[MO00381211]'], ['name', 'ilike', 'MO38N'], ['name', 'ilike', 'สุขภัณฑ์ชิ้นเดียว']]
2025-06-26 11:55:13,984 - INFO - Found product by partial word match: '3MO38N Water Closet' with code '3MO00381211' for search term '[MO00381211] MO38N สุขภัณฑ์ชิ้นเดียว'
2025-06-26 11:55:14,108 - INFO - Added product [MO00381211] MO38N สุขภัณฑ์ชิ้นเดียว with quantity 3.0 to picking 8968
2025-06-26 11:55:14,109 - INFO - Processing Excel row 42: {'product_id': '[MO0310101] MO310 สุขภัณฑ์ชิ้นเดียว', 'scheduled_date': Timestamp('2025-06-26 11:54:03'), 'location_dest_id': 'Partners/Customers', 'partner_id': 'MOG FG30', 'origin': 'FG30 Adjuestment', 'product_uom_qty': 7, 'sequence': 0.0, 'price_unit': 0.0}
2025-06-26 11:55:14,109 - INFO - Searching for product with code: '[MO0310101] MO310 สุขภัณฑ์ชิ้นเดียว' and old code: '[MO0310101] MO310 สุขภัณฑ์ชิ้นเดียว'
2025-06-26 11:55:14,535 - INFO - Trying word-by-word search in product name for: '[MO0310101] MO310 สุขภัณฑ์ชิ้นเดียว'
2025-06-26 11:55:14,535 - INFO - Searching with domain: ['|', '|', ['name', 'ilike', '[MO0310101]'], ['name', 'ilike', 'MO310'], ['name', 'ilike', 'สุขภัณฑ์ชิ้นเดียว']]
2025-06-26 11:55:14,715 - INFO - Found product by partial word match: '3MO49(ECO)/BFS สุขภัณฑ์ชิ้นเดียว ( ไม่มีอุปกรณ์ติดตั้ง)' with code '3MO00490001' for search term '[MO0310101] MO310 สุขภัณฑ์ชิ้นเดียว'
2025-06-26 11:55:15,005 - INFO - Added product [MO0310101] MO310 สุขภัณฑ์ชิ้นเดียว with quantity 7.0 to picking 8968
2025-06-26 11:55:15,006 - INFO - Processing Excel row 43: {'product_id': '[MO031N101] MO31N สุขภัณฑ์ชิ้นเดียว', 'scheduled_date': Timestamp('2025-06-26 11:54:03'), 'location_dest_id': 'Partners/Customers', 'partner_id': 'MOG FG30', 'origin': 'FG30 Adjuestment', 'product_uom_qty': 3, 'sequence': 0.0, 'price_unit': 0.0}
2025-06-26 11:55:15,006 - INFO - Searching for product with code: '[MO031N101] MO31N สุขภัณฑ์ชิ้นเดียว' and old code: '[MO031N101] MO31N สุขภัณฑ์ชิ้นเดียว'
2025-06-26 11:55:15,784 - INFO - Trying word-by-word search in product name for: '[MO031N101] MO31N สุขภัณฑ์ชิ้นเดียว'
2025-06-26 11:55:15,785 - INFO - Searching with domain: ['|', '|', ['name', 'ilike', '[MO031N101]'], ['name', 'ilike', 'MO31N'], ['name', 'ilike', 'สุขภัณฑ์ชิ้นเดียว']]
2025-06-26 11:55:15,952 - INFO - Found product by partial word match: '3MO49(ECO)/BFS สุขภัณฑ์ชิ้นเดียว ( ไม่มีอุปกรณ์ติดตั้ง)' with code '3MO00490001' for search term '[MO031N101] MO31N สุขภัณฑ์ชิ้นเดียว'
2025-06-26 11:55:16,469 - INFO - Added product [MO031N101] MO31N สุขภัณฑ์ชิ้นเดียว with quantity 3.0 to picking 8968
2025-06-26 11:55:16,470 - INFO - Processing Excel row 44: {'product_id': '[MT00431210] MT43 สุขภัณฑ์สองชิ้น', 'scheduled_date': Timestamp('2025-06-26 11:54:03'), 'location_dest_id': 'Partners/Customers', 'partner_id': 'MOG FG30', 'origin': 'FG30 Adjuestment', 'product_uom_qty': 27, 'sequence': 0.0, 'price_unit': 0.0}
2025-06-26 11:55:16,470 - INFO - Searching for product with code: '[MT00431210] MT43 สุขภัณฑ์สองชิ้น' and old code: '[MT00431210] MT43 สุขภัณฑ์สองชิ้น'
2025-06-26 11:55:17,386 - INFO - Trying word-by-word search in product name for: '[MT00431210] MT43 สุขภัณฑ์สองชิ้น'
2025-06-26 11:55:17,387 - INFO - Searching with domain: ['|', '|', ['name', 'ilike', '[MT00431210]'], ['name', 'ilike', 'MT43'], ['name', 'ilike', 'สุขภัณฑ์สองชิ้น']]
2025-06-26 11:55:17,654 - INFO - Found product by partial word match: '3MT43 Water Closet' with code '3MT00431210' for search term '[MT00431210] MT43 สุขภัณฑ์สองชิ้น'
2025-06-26 11:55:18,048 - INFO - Added product [MT00431210] MT43 สุขภัณฑ์สองชิ้น with quantity 27.0 to picking 8968
2025-06-26 11:55:18,050 - INFO - Processing Excel row 45: {'product_id': '[MT00631210] MT63 สุขภัณฑ์สองชิ้น', 'scheduled_date': Timestamp('2025-06-26 11:54:03'), 'location_dest_id': 'Partners/Customers', 'partner_id': 'MOG FG30', 'origin': 'FG30 Adjuestment', 'product_uom_qty': 2, 'sequence': 0.0, 'price_unit': 0.0}
2025-06-26 11:55:18,051 - INFO - Searching for product with code: '[MT00631210] MT63 สุขภัณฑ์สองชิ้น' and old code: '[MT00631210] MT63 สุขภัณฑ์สองชิ้น'
2025-06-26 11:55:18,754 - INFO - Trying word-by-word search in product name for: '[MT00631210] MT63 สุขภัณฑ์สองชิ้น'
2025-06-26 11:55:18,754 - INFO - Searching with domain: ['|', '|', ['name', 'ilike', '[MT00631210]'], ['name', 'ilike', 'MT63'], ['name', 'ilike', 'สุขภัณฑ์สองชิ้น']]
2025-06-26 11:55:18,948 - INFO - Found product by partial word match: 'กล่องกระดาษสำหรับชักโครก รุ่น MT63' with code '413010031' for search term '[MT00631210] MT63 สุขภัณฑ์สองชิ้น'
2025-06-26 11:55:19,251 - INFO - Added product [MT00631210] MT63 สุขภัณฑ์สองชิ้น with quantity 2.0 to picking 8968
2025-06-26 11:55:19,254 - INFO - Processing Excel row 46: {'product_id': '[MT00681110] MT68 (ECO) สุขภัณฑ์สองชิ้น', 'scheduled_date': Timestamp('2025-06-26 11:54:03'), 'location_dest_id': 'Partners/Customers', 'partner_id': 'MOG FG30', 'origin': 'FG30 Adjuestment', 'product_uom_qty': 27, 'sequence': 0.0, 'price_unit': 0.0}
2025-06-26 11:55:19,255 - INFO - Searching for product with code: '[MT00681110] MT68 (ECO) สุขภัณฑ์สองชิ้น' and old code: '[MT00681110] MT68 (ECO) สุขภัณฑ์สองชิ้น'
2025-06-26 11:55:20,011 - INFO - Trying word-by-word search in product name for: '[MT00681110] MT68 (ECO) สุขภัณฑ์สองชิ้น'
2025-06-26 11:55:20,012 - INFO - Searching with domain: ['|', '|', '|', ['name', 'ilike', '[MT00681110]'], ['name', 'ilike', 'MT68'], ['name', 'ilike', '(ECO)'], ['name', 'ilike', 'สุขภัณฑ์สองชิ้น']]
2025-06-26 11:55:20,191 - INFO - Found product by partial word match: '3MO40 (ECO) (NC) Spare part' with code '3MO00401010' for search term '[MT00681110] MT68 (ECO) สุขภัณฑ์สองชิ้น'
2025-06-26 11:55:20,619 - INFO - Added product [MT00681110] MT68 (ECO) สุขภัณฑ์สองชิ้น with quantity 27.0 to picking 8968
2025-06-26 11:55:20,620 - INFO - Processing Excel row 47: {'product_id': '[MT00681112] MT68EX (ECO) สุขภัณฑ์สองชิ้น', 'scheduled_date': Timestamp('2025-06-26 11:54:03'), 'location_dest_id': 'Partners/Customers', 'partner_id': 'MOG FG30', 'origin': 'FG30 Adjuestment', 'product_uom_qty': 3, 'sequence': 0.0, 'price_unit': 0.0}
2025-06-26 11:55:20,621 - INFO - Searching for product with code: '[MT00681112] MT68EX (ECO) สุขภัณฑ์สองชิ้น' and old code: '[MT00681112] MT68EX (ECO) สุขภัณฑ์สองชิ้น'
2025-06-26 11:55:21,348 - INFO - Trying word-by-word search in product name for: '[MT00681112] MT68EX (ECO) สุขภัณฑ์สองชิ้น'
2025-06-26 11:55:21,348 - INFO - Searching with domain: ['|', '|', '|', ['name', 'ilike', '[MT00681112]'], ['name', 'ilike', 'MT68EX'], ['name', 'ilike', '(ECO)'], ['name', 'ilike', 'สุขภัณฑ์สองชิ้น']]
2025-06-26 11:55:21,604 - INFO - Found product by partial word match: '3MO40 (ECO) (NC) Spare part' with code '3MO00401010' for search term '[MT00681112] MT68EX (ECO) สุขภัณฑ์สองชิ้น'
2025-06-26 11:55:21,923 - INFO - Added product [MT00681112] MT68EX (ECO) สุขภัณฑ์สองชิ้น with quantity 3.0 to picking 8968
2025-06-26 11:55:21,925 - INFO - Processing Excel row 48: {'product_id': '[MT00811210] MT81 สุขภัณฑ์สองชิ้น', 'scheduled_date': Timestamp('2025-06-26 11:54:03'), 'location_dest_id': 'Partners/Customers', 'partner_id': 'MOG FG30', 'origin': 'FG30 Adjuestment', 'product_uom_qty': 4, 'sequence': 0.0, 'price_unit': 0.0}
2025-06-26 11:55:21,927 - INFO - Searching for product with code: '[MT00811210] MT81 สุขภัณฑ์สองชิ้น' and old code: '[MT00811210] MT81 สุขภัณฑ์สองชิ้น'
2025-06-26 11:55:22,538 - INFO - Trying word-by-word search in product name for: '[MT00811210] MT81 สุขภัณฑ์สองชิ้น'
2025-06-26 11:55:22,539 - INFO - Searching with domain: ['|', '|', ['name', 'ilike', '[MT00811210]'], ['name', 'ilike', 'MT81'], ['name', 'ilike', 'สุขภัณฑ์สองชิ้น']]
2025-06-26 11:55:22,767 - INFO - Found product by partial word match: 'MT09 สุขภัณฑ์สองชิ้น' with code 'MT0009101' for search term '[MT00811210] MT81 สุขภัณฑ์สองชิ้น'
2025-06-26 11:55:23,004 - INFO - Added product [MT00811210] MT81 สุขภัณฑ์สองชิ้น with quantity 4.0 to picking 8968
2025-06-26 11:55:23,005 - INFO - Processing Excel row 49: {'product_id': '[MT055E1210] MT55 (ECO) สุขภัณฑ์สองชิ้น', 'scheduled_date': Timestamp('2025-06-26 11:54:03'), 'location_dest_id': 'Partners/Customers', 'partner_id': 'MOG FG30', 'origin': 'FG30 Adjuestment', 'product_uom_qty': 3, 'sequence': 0.0, 'price_unit': 0.0}
2025-06-26 11:55:23,006 - INFO - Searching for product with code: '[MT055E1210] MT55 (ECO) สุขภัณฑ์สองชิ้น' and old code: '[MT055E1210] MT55 (ECO) สุขภัณฑ์สองชิ้น'
2025-06-26 11:55:23,411 - INFO - Trying word-by-word search in product name for: '[MT055E1210] MT55 (ECO) สุขภัณฑ์สองชิ้น'
2025-06-26 11:55:23,411 - INFO - Searching with domain: ['|', '|', '|', ['name', 'ilike', '[MT055E1210]'], ['name', 'ilike', 'MT55'], ['name', 'ilike', '(ECO)'], ['name', 'ilike', 'สุขภัณฑ์สองชิ้น']]
2025-06-26 11:55:23,523 - INFO - Found product by partial word match: '3MO40 (ECO) (NC) Spare part' with code '3MO00401010' for search term '[MT055E1210] MT55 (ECO) สุขภัณฑ์สองชิ้น'
2025-06-26 11:55:23,785 - INFO - Added product [MT055E1210] MT55 (ECO) สุขภัณฑ์สองชิ้น with quantity 3.0 to picking 8968
2025-06-26 11:55:23,787 - INFO - Processing Excel row 50: {'product_id': '[MT057EX1210] MT57EX (ECO) สุขภัณฑ์สองชิ้น', 'scheduled_date': Timestamp('2025-06-26 11:54:03'), 'location_dest_id': 'Partners/Customers', 'partner_id': 'MOG FG30', 'origin': 'FG30 Adjuestment', 'product_uom_qty': 3, 'sequence': 0.0, 'price_unit': 0.0}
2025-06-26 11:55:23,789 - INFO - Searching for product with code: '[MT057EX1210] MT57EX (ECO) สุขภัณฑ์สองชิ้น' and old code: '[MT057EX1210] MT57EX (ECO) สุขภัณฑ์สองชิ้น'
2025-06-26 11:55:24,232 - INFO - Trying word-by-word search in product name for: '[MT057EX1210] MT57EX (ECO) สุขภัณฑ์สองชิ้น'
2025-06-26 11:55:24,233 - INFO - Searching with domain: ['|', '|', '|', ['name', 'ilike', '[MT057EX1210]'], ['name', 'ilike', 'MT57EX'], ['name', 'ilike', '(ECO)'], ['name', 'ilike', 'สุขภัณฑ์สองชิ้น']]
2025-06-26 11:55:24,339 - INFO - Found product by partial word match: '3MO40 (ECO) (NC) Spare part' with code '3MO00401010' for search term '[MT057EX1210] MT57EX (ECO) สุขภัณฑ์สองชิ้น'
2025-06-26 11:55:24,478 - INFO - Added product [MT057EX1210] MT57EX (ECO) สุขภัณฑ์สองชิ้น with quantity 3.0 to picking 8968
2025-06-26 11:55:24,480 - INFO - Processing Excel row 51: {'product_id': '[MT73100LP] MT73-LP สุขภัณฑ์สองชิ้น', 'scheduled_date': Timestamp('2025-06-26 11:54:03'), 'location_dest_id': 'Partners/Customers', 'partner_id': 'MOG FG30', 'origin': 'FG30 Adjuestment', 'product_uom_qty': 2, 'sequence': 0.0, 'price_unit': 0.0}
2025-06-26 11:55:24,481 - INFO - Searching for product with code: '[MT73100LP] MT73-LP สุขภัณฑ์สองชิ้น' and old code: '[MT73100LP] MT73-LP สุขภัณฑ์สองชิ้น'
2025-06-26 11:55:24,836 - INFO - Trying word-by-word search in product name for: '[MT73100LP] MT73-LP สุขภัณฑ์สองชิ้น'
2025-06-26 11:55:24,836 - INFO - Searching with domain: ['|', '|', ['name', 'ilike', '[MT73100LP]'], ['name', 'ilike', 'MT73-LP'], ['name', 'ilike', 'สุขภัณฑ์สองชิ้น']]
2025-06-26 11:55:24,970 - INFO - Found product by partial word match: 'MT09 สุขภัณฑ์สองชิ้น' with code 'MT0009101' for search term '[MT73100LP] MT73-LP สุขภัณฑ์สองชิ้น'
2025-06-26 11:55:25,115 - INFO - Added product [MT73100LP] MT73-LP สุขภัณฑ์สองชิ้น with quantity 2.0 to picking 8968
2025-06-26 11:55:25,116 - INFO - Processing Excel row 52: {'product_id': '[MUS008100] MUS08 โถปัสสาวะชาย เซนเซอร์', 'scheduled_date': Timestamp('2025-06-26 11:54:03'), 'location_dest_id': 'Partners/Customers', 'partner_id': 'MOG FG30', 'origin': 'FG30 Adjuestment', 'product_uom_qty': 13, 'sequence': 0.0, 'price_unit': 0.0}
2025-06-26 11:55:25,116 - INFO - Searching for product with code: '[MUS008100] MUS08 โถปัสสาวะชาย เซนเซอร์' and old code: '[MUS008100] MUS08 โถปัสสาวะชาย เซนเซอร์'
2025-06-26 11:55:25,662 - INFO - Trying word-by-word search in product name for: '[MUS008100] MUS08 โถปัสสาวะชาย เซนเซอร์'
2025-06-26 11:55:25,663 - INFO - Searching with domain: ['|', '|', '|', ['name', 'ilike', '[MUS008100]'], ['name', 'ilike', 'MUS08'], ['name', 'ilike', 'โถปัสสาวะชาย'], ['name', 'ilike', 'เซนเซอร์']]
2025-06-26 11:55:25,760 - INFO - Found product by partial word match: '3MUS08 Urinal' with code '3MUS008100' for search term '[MUS008100] MUS08 โถปัสสาวะชาย เซนเซอร์'
2025-06-26 11:55:25,948 - INFO - Added product [MUS008100] MUS08 โถปัสสาวะชาย เซนเซอร์ with quantity 13.0 to picking 8968
2025-06-26 11:55:25,950 - INFO - Processing Excel row 53: {'product_id': '[MWH002101] MWH02 สุขภัณฑ์แขวนผนัง', 'scheduled_date': Timestamp('2025-06-26 11:54:03'), 'location_dest_id': 'Partners/Customers', 'partner_id': 'MOG FG30', 'origin': 'FG30 Adjuestment', 'product_uom_qty': 2, 'sequence': 0.0, 'price_unit': 0.0}
2025-06-26 11:55:25,952 - INFO - Searching for product with code: '[MWH002101] MWH02 สุขภัณฑ์แขวนผนัง' and old code: '[MWH002101] MWH02 สุขภัณฑ์แขวนผนัง'
2025-06-26 11:55:27,580 - INFO - Trying word-by-word search in product name for: '[MWH002101] MWH02 สุขภัณฑ์แขวนผนัง'
2025-06-26 11:55:27,581 - INFO - Searching with domain: ['|', '|', ['name', 'ilike', '[MWH002101]'], ['name', 'ilike', 'MWH02'], ['name', 'ilike', 'สุขภัณฑ์แขวนผนัง']]
2025-06-26 11:55:27,760 - INFO - Found product by partial word match: 'กล่องกระดาษสำหรับชักโครก รุ่น W01, W02, MWH02' with code '413010032' for search term '[MWH002101] MWH02 สุขภัณฑ์แขวนผนัง'
2025-06-26 11:55:28,039 - INFO - Added product [MWH002101] MWH02 สุขภัณฑ์แขวนผนัง with quantity 2.0 to picking 8968
2025-06-26 11:55:28,040 - INFO - Processing Excel row 54: {'product_id': '[NFG06-DISPLAY-SPC1200] Display ไลฟ์สดขายของ Size 1200', 'scheduled_date': Timestamp('2025-06-26 11:54:03'), 'location_dest_id': 'Partners/Customers', 'partner_id': 'MOG FG30', 'origin': 'FG30 Adjuestment', 'product_uom_qty': 1, 'sequence': 0.0, 'price_unit': 0.0}
2025-06-26 11:55:28,041 - INFO - Searching for product with code: '[NFG06-DISPLAY-SPC1200] Display ไลฟ์สดขายของ Size 1200' and old code: '[NFG06-DISPLAY-SPC1200] Display ไลฟ์สดขายของ Size 1200'
2025-06-26 11:55:28,728 - INFO - Trying word-by-word search in product name for: '[NFG06-DISPLAY-SPC1200] Display ไลฟ์สดขายของ Size 1200'
2025-06-26 11:55:28,729 - INFO - Searching with domain: ['|', '|', '|', '|', ['name', 'ilike', '[NFG06-DISPLAY-SPC1200]'], ['name', 'ilike', 'Display'], ['name', 'ilike', 'ไลฟ์สดขายของ'], ['name', 'ilike', 'Size'], ['name', 'ilike', '1200']]
2025-06-26 11:55:28,990 - INFO - Found product by partial word match: 'ไม้ยางพารา BJ ชานพัก 1200x1050x25 AC39 เกรด BC' with code '201030002' for search term '[NFG06-DISPLAY-SPC1200] Display ไลฟ์สดขายของ Size 1200'
2025-06-26 11:55:29,290 - INFO - Added product [NFG06-DISPLAY-SPC1200] Display ไลฟ์สดขายของ Size 1200 with quantity 1.0 to picking 8968
2025-06-26 11:55:29,291 - INFO - Processing Excel row 55: {'product_id': '[NX4MF0048213] NX4F48060F (SP4) เฟอร์นิเจอร์ขนาด 60 ซม.', 'scheduled_date': Timestamp('2025-06-26 11:54:03'), 'location_dest_id': 'Partners/Customers', 'partner_id': 'MOG FG30', 'origin': 'FG30 Adjuestment', 'product_uom_qty': 1, 'sequence': 0.0, 'price_unit': 0.0}
2025-06-26 11:55:29,292 - INFO - Searching for product with code: '[NX4MF0048213] NX4F48060F (SP4) เฟอร์นิเจอร์ขนาด 60 ซม.' and old code: '[NX4MF0048213] NX4F48060F (SP4) เฟอร์นิเจอร์ขนาด 60 ซม.'
2025-06-26 11:55:30,051 - INFO - Trying word-by-word search in product name for: '[NX4MF0048213] NX4F48060F (SP4) เฟอร์นิเจอร์ขนาด 60 ซม.'
2025-06-26 11:55:30,052 - INFO - Searching with domain: ['|', '|', '|', '|', ['name', 'ilike', '[NX4MF0048213]'], ['name', 'ilike', 'NX4F48060F'], ['name', 'ilike', '(SP4)'], ['name', 'ilike', 'เฟอร์นิเจอร์ขนาด'], ['name', 'ilike', 'ซม.']]
2025-06-26 11:55:30,552 - INFO - Found product by partial word match: 'โครงเหล็ก FAU18180P(SP4) ขนาด 1764x500x500 สีขาว' with code '301010027' for search term '[NX4MF0048213] NX4F48060F (SP4) เฟอร์นิเจอร์ขนาด 60 ซม.'
2025-06-26 11:55:30,831 - INFO - Added product [NX4MF0048213] NX4F48060F (SP4) เฟอร์นิเจอร์ขนาด 60 ซม. with quantity 1.0 to picking 8968
2025-06-26 11:55:30,834 - INFO - Processing Excel row 56: {'product_id': '[NX5SP129100] NX5SP129 ก๊อกเดี่ยวอ่างล้างหน้า', 'scheduled_date': Timestamp('2025-06-26 11:54:03'), 'location_dest_id': 'Partners/Customers', 'partner_id': 'MOG FG30', 'origin': 'FG30 Adjuestment', 'product_uom_qty': 1, 'sequence': 0.0, 'price_unit': 0.0}
2025-06-26 11:55:30,835 - INFO - Searching for product with code: '[NX5SP129100] NX5SP129 ก๊อกเดี่ยวอ่างล้างหน้า' and old code: '[NX5SP129100] NX5SP129 ก๊อกเดี่ยวอ่างล้างหน้า'
2025-06-26 11:55:31,423 - INFO - Trying word-by-word search in product name for: '[NX5SP129100] NX5SP129 ก๊อกเดี่ยวอ่างล้างหน้า'
2025-06-26 11:55:31,423 - INFO - Searching with domain: ['|', '|', ['name', 'ilike', '[NX5SP129100]'], ['name', 'ilike', 'NX5SP129'], ['name', 'ilike', 'ก๊อกเดี่ยวอ่างล้างหน้า']]
2025-06-26 11:55:31,622 - INFO - Found product by partial word match: 'MI212 ก๊อกเดี่ยวอ่างล้างหน้า' with code 'FA0017100' for search term '[NX5SP129100] NX5SP129 ก๊อกเดี่ยวอ่างล้างหน้า'
2025-06-26 11:55:31,978 - INFO - Added product [NX5SP129100] NX5SP129 ก๊อกเดี่ยวอ่างล้างหน้า with quantity 1.0 to picking 8968
2025-06-26 11:55:31,980 - INFO - Processing Excel row 57: {'product_id': '[NX5SWR0001100] NX5SWR01C ฝักบัวเรนชาวเวอร์', 'scheduled_date': Timestamp('2025-06-26 11:54:03'), 'location_dest_id': 'Partners/Customers', 'partner_id': 'MOG FG30', 'origin': 'FG30 Adjuestment', 'product_uom_qty': 1, 'sequence': 0.0, 'price_unit': 0.0}
2025-06-26 11:55:31,981 - INFO - Searching for product with code: '[NX5SWR0001100] NX5SWR01C ฝักบัวเรนชาวเวอร์' and old code: '[NX5SWR0001100] NX5SWR01C ฝักบัวเรนชาวเวอร์'
2025-06-26 11:55:32,651 - INFO - Trying word-by-word search in product name for: '[NX5SWR0001100] NX5SWR01C ฝักบัวเรนชาวเวอร์'
2025-06-26 11:55:32,651 - INFO - Searching with domain: ['|', '|', ['name', 'ilike', '[NX5SWR0001100]'], ['name', 'ilike', 'NX5SWR01C'], ['name', 'ilike', 'ฝักบัวเรนชาวเวอร์']]
2025-06-26 11:55:32,826 - INFO - Found product by partial word match: 'MI130 ชุดฝักบัวเรนชาวเวอร์' with code 'ML0111100' for search term '[NX5SWR0001100] NX5SWR01C ฝักบัวเรนชาวเวอร์'
2025-06-26 11:55:33,248 - INFO - Added product [NX5SWR0001100] NX5SWR01C ฝักบัวเรนชาวเวอร์ with quantity 1.0 to picking 8968
2025-06-26 11:55:33,249 - INFO - Processing Excel row 58: {'product_id': '[NX5UF01100] NX5UF01 ฟลัชวาล์ว โถปัสสาวะชาย', 'scheduled_date': Timestamp('2025-06-26 11:54:03'), 'location_dest_id': 'Partners/Customers', 'partner_id': 'MOG FG30', 'origin': 'FG30 Adjuestment', 'product_uom_qty': 1, 'sequence': 0.0, 'price_unit': 0.0}
2025-06-26 11:55:33,249 - INFO - Searching for product with code: '[NX5UF01100] NX5UF01 ฟลัชวาล์ว โถปัสสาวะชาย' and old code: '[NX5UF01100] NX5UF01 ฟลัชวาล์ว โถปัสสาวะชาย'
2025-06-26 11:55:33,929 - INFO - Trying word-by-word search in product name for: '[NX5UF01100] NX5UF01 ฟลัชวาล์ว โถปัสสาวะชาย'
2025-06-26 11:55:33,930 - INFO - Searching with domain: ['|', '|', '|', ['name', 'ilike', '[NX5UF01100]'], ['name', 'ilike', 'NX5UF01'], ['name', 'ilike', 'ฟลัชวาล์ว'], ['name', 'ilike', 'โถปัสสาวะชาย']]
2025-06-26 11:55:34,967 - INFO - Found product by partial word match: '3FV001 ฟลัชวาล์ว โถสุขภัณฑ์' with code '3FV00011000' for search term '[NX5UF01100] NX5UF01 ฟลัชวาล์ว โถปัสสาวะชาย'
2025-06-26 11:55:36,001 - INFO - Added product [NX5UF01100] NX5UF01 ฟลัชวาล์ว โถปัสสาวะชาย with quantity 1.0 to picking 8968
2025-06-26 11:55:36,003 - INFO - Processing Excel row 59: {'product_id': '[RS00006110] RS06 ชุดสายฉีดชำระ', 'scheduled_date': Timestamp('2025-06-26 11:54:03'), 'location_dest_id': 'Partners/Customers', 'partner_id': 'MOG FG30', 'origin': 'FG30 Adjuestment', 'product_uom_qty': 32, 'sequence': 0.0, 'price_unit': 0.0}
2025-06-26 11:55:36,005 - INFO - Searching for product with code: '[RS00006110] RS06 ชุดสายฉีดชำระ' and old code: '[RS00006110] RS06 ชุดสายฉีดชำระ'
2025-06-26 11:55:39,251 - INFO - Trying word-by-word search in product name for: '[RS00006110] RS06 ชุดสายฉีดชำระ'
2025-06-26 11:55:39,251 - INFO - Searching with domain: ['|', '|', ['name', 'ilike', '[RS00006110]'], ['name', 'ilike', 'RS06'], ['name', 'ilike', 'ชุดสายฉีดชำระ']]
2025-06-26 11:55:39,736 - INFO - Found product by partial word match: 'SP35 ชุดสายฉีดชำระ' with code 'SP0035100' for search term '[RS00006110] RS06 ชุดสายฉีดชำระ'
2025-06-26 11:55:40,300 - INFO - Added product [RS00006110] RS06 ชุดสายฉีดชำระ with quantity 32.0 to picking 8968
2025-06-26 11:55:40,301 - INFO - Processing Excel row 60: {'product_id': '[SP0035100] SP35 ชุดสายฉีดชำระ', 'scheduled_date': Timestamp('2025-06-26 11:54:03'), 'location_dest_id': 'Partners/Customers', 'partner_id': 'MOG FG30', 'origin': 'FG30 Adjuestment', 'product_uom_qty': 27, 'sequence': 0.0, 'price_unit': 0.0}
2025-06-26 11:55:40,301 - INFO - Searching for product with code: '[SP0035100] SP35 ชุดสายฉีดชำระ' and old code: '[SP0035100] SP35 ชุดสายฉีดชำระ'
2025-06-26 11:55:41,576 - INFO - Trying word-by-word search in product name for: '[SP0035100] SP35 ชุดสายฉีดชำระ'
2025-06-26 11:55:41,576 - INFO - Searching with domain: ['|', '|', ['name', 'ilike', '[SP0035100]'], ['name', 'ilike', 'SP35'], ['name', 'ilike', 'ชุดสายฉีดชำระ']]
2025-06-26 11:55:41,954 - INFO - Found product by partial word match: 'SP35 ชุดสายฉีดชำระ' with code 'SP0035100' for search term '[SP0035100] SP35 ชุดสายฉีดชำระ'
2025-06-26 11:55:42,732 - INFO - Added product [SP0035100] SP35 ชุดสายฉีดชำระ with quantity 27.0 to picking 8968
2025-06-26 11:55:42,733 - INFO - Processing Excel row 61: {'product_id': '[SP00782100] SP78 หม้อน้ำซ่อนผนัง ไม่มีเฟรม', 'scheduled_date': Timestamp('2025-06-26 11:54:03'), 'location_dest_id': 'Partners/Customers', 'partner_id': 'MOG FG30', 'origin': 'FG30 Adjuestment', 'product_uom_qty': 6, 'sequence': 0.0, 'price_unit': 0.0}
2025-06-26 11:55:42,734 - INFO - Searching for product with code: '[SP00782100] SP78 หม้อน้ำซ่อนผนัง ไม่มีเฟรม' and old code: '[SP00782100] SP78 หม้อน้ำซ่อนผนัง ไม่มีเฟรม'
2025-06-26 11:55:44,458 - INFO - Trying word-by-word search in product name for: '[SP00782100] SP78 หม้อน้ำซ่อนผนัง ไม่มีเฟรม'
2025-06-26 11:55:44,460 - INFO - Searching with domain: ['|', '|', '|', ['name', 'ilike', '[SP00782100]'], ['name', 'ilike', 'SP78'], ['name', 'ilike', 'หม้อน้ำซ่อนผนัง'], ['name', 'ilike', 'ไม่มีเฟรม']]
2025-06-26 11:55:45,025 - INFO - Found product by partial word match: 'กล่องกระดาษสำหรับสินค้า รุ่น SP78' with code '413010210' for search term '[SP00782100] SP78 หม้อน้ำซ่อนผนัง ไม่มีเฟรม'
2025-06-26 11:55:45,724 - INFO - Added product [SP00782100] SP78 หม้อน้ำซ่อนผนัง ไม่มีเฟรม with quantity 6.0 to picking 8968
2025-06-26 11:55:45,725 - INFO - Processing Excel row 62: {'product_id': '[SP02110100] SP2110 ก๊อกเซนเซอร์อ่างล้างหน้า', 'scheduled_date': Timestamp('2025-06-26 11:54:03'), 'location_dest_id': 'Partners/Customers', 'partner_id': 'MOG FG30', 'origin': 'FG30 Adjuestment', 'product_uom_qty': 6, 'sequence': 0.0, 'price_unit': 0.0}
2025-06-26 11:55:45,726 - INFO - Searching for product with code: '[SP02110100] SP2110 ก๊อกเซนเซอร์อ่างล้างหน้า' and old code: '[SP02110100] SP2110 ก๊อกเซนเซอร์อ่างล้างหน้า'
2025-06-26 11:55:46,872 - INFO - Trying word-by-word search in product name for: '[SP02110100] SP2110 ก๊อกเซนเซอร์อ่างล้างหน้า'
2025-06-26 11:55:46,872 - INFO - Searching with domain: ['|', '|', ['name', 'ilike', '[SP02110100]'], ['name', 'ilike', 'SP2110'], ['name', 'ilike', 'ก๊อกเซนเซอร์อ่างล้างหน้า']]
2025-06-26 11:55:47,505 - INFO - Found product by partial word match: 'FCA46C ก๊อกเซนเซอร์อ่างล้างหน้า' with code 'FCA0046100' for search term '[SP02110100] SP2110 ก๊อกเซนเซอร์อ่างล้างหน้า'
2025-06-26 11:55:47,906 - INFO - Added product [SP02110100] SP2110 ก๊อกเซนเซอร์อ่างล้างหน้า with quantity 6.0 to picking 8968
2025-06-26 11:55:47,907 - INFO - Processing Excel row 63: {'product_id': '[VT10032101] NX132 สุขภัณฑ์ชิ้นเดียว', 'scheduled_date': Timestamp('2025-06-26 11:54:03'), 'location_dest_id': 'Partners/Customers', 'partner_id': 'MOG FG30', 'origin': 'FG30 Adjuestment', 'product_uom_qty': 1, 'sequence': 0.0, 'price_unit': 0.0}
2025-06-26 11:55:47,907 - INFO - Searching for product with code: '[VT10032101] NX132 สุขภัณฑ์ชิ้นเดียว' and old code: '[VT10032101] NX132 สุขภัณฑ์ชิ้นเดียว'
2025-06-26 11:55:48,991 - INFO - Trying word-by-word search in product name for: '[VT10032101] NX132 สุขภัณฑ์ชิ้นเดียว'
2025-06-26 11:55:48,991 - INFO - Searching with domain: ['|', '|', ['name', 'ilike', '[VT10032101]'], ['name', 'ilike', 'NX132'], ['name', 'ilike', 'สุขภัณฑ์ชิ้นเดียว']]
2025-06-26 11:55:49,187 - INFO - Found product by partial word match: '3MO49(ECO)/BFS สุขภัณฑ์ชิ้นเดียว ( ไม่มีอุปกรณ์ติดตั้ง)' with code '3MO00490001' for search term '[VT10032101] NX132 สุขภัณฑ์ชิ้นเดียว'
2025-06-26 11:55:49,563 - INFO - Added product [VT10032101] NX132 สุขภัณฑ์ชิ้นเดียว with quantity 1.0 to picking 8968
2025-06-26 11:55:50,019 - INFO - Updated dates for picking 8968 (kept in draft state): 2025-06-26 11:54:03
2025-06-26 11:55:50,020 - INFO - Created transfer 8968 in draft state - ready for manual review
2025-06-26 11:55:50,021 - INFO - Import completed: 1 success, 0 failed.
