2025-06-09 09:39:35,429 - INFO - Successfully connected to Odoo as user ID: 2
2025-06-09 09:39:35,585 - INFO - Odoo version: 17.0.1.3
2025-06-09 09:39:35,808 - INFO - Available date fields in stock.picking: ['activity_date_deadline', 'my_activity_date_deadline', 'scheduled_date', 'date_deadline', 'date', 'date_done', 'delay_alert_date', 'create_date', 'write_date', 'operation_date']
2025-06-09 09:39:36,132 - INFO - Successfully read Excel file with 87 rows
2025-06-09 09:39:36,132 - INFO - Excel columns: ['partner_id', 'scheduled_date', 'picking_type_id', 'date_done', 'origin', 'location_dest_id', 'product_id', 'product_uom_qty', 'price_unit', 'sequence']
2025-06-09 09:39:36,134 - INFO - scheduled_date dtype: datetime64[ns]
2025-06-09 09:39:36,135 - INFO - scheduled_date sample: 2025-02-28 00:00:00
2025-06-09 09:39:36,137 - INFO - Converted scheduled_date to string format. Sample: 2025-02-28 00:00:00
2025-06-09 09:39:36,138 - INFO - Fixed picking type name from 'My Company: OB FIFO' to 'OB FIFO'
2025-06-09 09:39:36,138 - INFO - Using 'origin' column to identify transfer groups
2025-06-09 09:39:36,142 - INFO - Excel file validation and data filling completed successfully
2025-06-09 09:39:36,436 - INFO - Searching for location: 'FG20/Stock'
2025-06-09 09:39:37,099 - INFO - Found location with complete_name match: 'FG20/Stock' for 'FG20/Stock'
2025-06-09 09:39:37,198 - INFO - Found partner ID 14288 for 'MOG-สินค้าสำเร็จรูป 2'
2025-06-09 09:39:37,315 - INFO - Created transfer for date 2025-02-28 00:00:00 sequence 1 with picking ID 7070
2025-06-09 09:39:37,317 - INFO - Searching for product with code: '3FG-0001-341FC1' and old code: '3FG-0001-341FC1'
2025-06-09 09:39:37,440 - INFO - Found product with exact match on default_code: '3FG-0001-341FC1'
2025-06-09 09:39:37,749 - INFO - Added product 3FG-0001-341FC1 with quantity 1.0 to picking 7070
2025-06-09 09:39:37,751 - INFO - Searching for product with code: '3FG-0001-341FC1-1' and old code: '3FG-0001-341FC1-1'
2025-06-09 09:39:37,884 - INFO - Found product with exact match on default_code: '3FG-0001-341FC1-1'
2025-06-09 09:39:38,236 - INFO - Added product 3FG-0001-341FC1-1 with quantity 1.0 to picking 7070
2025-06-09 09:39:38,238 - INFO - Searching for product with code: '3FG-0001-456FC1' and old code: '3FG-0001-456FC1'
2025-06-09 09:39:38,354 - INFO - Found product with exact match on default_code: '3FG-0001-456FC1'
2025-06-09 09:39:38,624 - INFO - Added product 3FG-0001-456FC1 with quantity 1.0 to picking 7070
2025-06-09 09:39:38,626 - INFO - Searching for product with code: '3FG-0001-456FC1-1' and old code: '3FG-0001-456FC1-1'
2025-06-09 09:39:38,715 - INFO - Found product with exact match on default_code: '3FG-0001-456FC1-1'
2025-06-09 09:39:38,968 - INFO - Added product 3FG-0001-456FC1-1 with quantity 1.0 to picking 7070
2025-06-09 09:39:38,970 - INFO - Searching for product with code: '3FG-0001-456FC1-1' and old code: '3FG-0001-456FC1-1'
2025-06-09 09:39:39,093 - INFO - Found product with exact match on default_code: '3FG-0001-456FC1-1'
2025-06-09 09:39:39,409 - INFO - Added product 3FG-0001-456FC1-1 with quantity 1.0 to picking 7070
2025-06-09 09:39:39,410 - INFO - Searching for product with code: '3FG-0001-553FC1' and old code: '3FG-0001-553FC1'
2025-06-09 09:39:39,504 - INFO - Found product with exact match on default_code: '3FG-0001-553FC1'
2025-06-09 09:39:39,826 - INFO - Added product 3FG-0001-553FC1 with quantity 1.0 to picking 7070
2025-06-09 09:39:39,827 - INFO - Searching for product with code: '3FG-0001-553FC1-1' and old code: '3FG-0001-553FC1-1'
2025-06-09 09:39:39,994 - INFO - Found product with exact match on default_code: '3FG-0001-553FC1-1'
2025-06-09 09:39:40,202 - INFO - Added product 3FG-0001-553FC1-1 with quantity 1.0 to picking 7070
2025-06-09 09:39:40,203 - INFO - Searching for product with code: '3FG-0001-TH5.5-1' and old code: '3FG-0001-TH5.5-1'
2025-06-09 09:39:40,341 - INFO - Found product with exact match on default_code: '3FG-0001-TH5.5-1'
2025-06-09 09:39:40,561 - INFO - Added product 3FG-0001-TH5.5-1 with quantity 6.0 to picking 7070
2025-06-09 09:39:40,563 - INFO - Searching for product with code: '3FG-474CD1-1450x1520x25' and old code: '3FG-474CD1-1450x1520x25'
2025-06-09 09:39:40,621 - INFO - Found product with exact match on default_code: '3FG-474CD1-1450x1520x25'
2025-06-09 09:39:40,837 - INFO - Added product 3FG-474CD1-1450x1520x25 with quantity 1.0 to picking 7070
2025-06-09 09:39:40,839 - INFO - Searching for product with code: '3FG-474CD1-1550x1400x25' and old code: '3FG-474CD1-1550x1400x25'
2025-06-09 09:39:40,943 - INFO - Found product with exact match on default_code: '3FG-474CD1-1550x1400x25'
2025-06-09 09:39:41,139 - INFO - Added product 3FG-474CD1-1550x1400x25 with quantity 1.0 to picking 7070
2025-06-09 09:39:41,141 - INFO - Searching for product with code: '3FG-474CD1-195x1450x8' and old code: '3FG-474CD1-195x1450x8'
2025-06-09 09:39:41,218 - INFO - Found product with exact match on default_code: '3FG-474CD1-195x1450x8'
2025-06-09 09:39:41,419 - INFO - Added product 3FG-474CD1-195x1450x8 with quantity 18.0 to picking 7070
2025-06-09 09:39:41,420 - INFO - Searching for product with code: '3FG-474CD1-1-ราวติดผนัง' and old code: '3FG-474CD1-1-ราวติดผนัง'
2025-06-09 09:39:41,536 - INFO - Found product with exact match on default_code: '3FG-474CD1-1-ราวติดผนัง'
2025-06-09 09:39:41,728 - INFO - Added product 3FG-474CD1-1-ราวติดผนัง with quantity 1.0 to picking 7070
2025-06-09 09:39:41,729 - INFO - Searching for product with code: '3FG-474CD1-200x1450x25' and old code: '3FG-474CD1-200x1450x25'
2025-06-09 09:39:41,803 - INFO - Found product with exact match on default_code: '3FG-474CD1-200x1450x25'
2025-06-09 09:39:42,002 - INFO - Added product 3FG-474CD1-200x1450x25 with quantity 1.0 to picking 7070
2025-06-09 09:39:42,004 - INFO - Searching for product with code: '3FG-474CD1-220x1450x8' and old code: '3FG-474CD1-220x1450x8'
2025-06-09 09:39:42,155 - INFO - Found product with exact match on default_code: '3FG-474CD1-220x1450x8'
2025-06-09 09:39:42,358 - INFO - Added product 3FG-474CD1-220x1450x8 with quantity 1.0 to picking 7070
2025-06-09 09:39:42,359 - INFO - Searching for product with code: '3FG-474CD1-2-ราวติดพื้น' and old code: '3FG-474CD1-2-ราวติดพื้น'
2025-06-09 09:39:42,428 - INFO - Found product with exact match on default_code: '3FG-474CD1-2-ราวติดพื้น'
2025-06-09 09:39:42,628 - INFO - Added product 3FG-474CD1-2-ราวติดพื้น with quantity 1.0 to picking 7070
2025-06-09 09:39:42,629 - INFO - Searching for product with code: '3FG-474CD1-300x1450x25' and old code: '3FG-474CD1-300x1450x25'
2025-06-09 09:39:42,737 - INFO - Found product with exact match on default_code: '3FG-474CD1-300x1450x25'
2025-06-09 09:39:42,941 - INFO - Added product 3FG-474CD1-300x1450x25 with quantity 16.0 to picking 7070
2025-06-09 09:39:42,942 - INFO - Searching for product with code: '3FG-474CD1-3-ราวติดพื้น' and old code: '3FG-474CD1-3-ราวติดพื้น'
2025-06-09 09:39:43,025 - INFO - Found product with exact match on default_code: '3FG-474CD1-3-ราวติดพื้น'
2025-06-09 09:39:43,213 - INFO - Added product 3FG-474CD1-3-ราวติดพื้น with quantity 1.0 to picking 7070
2025-06-09 09:39:43,215 - INFO - Searching for product with code: '3FG-474CD1-3-ราวติดพื้น' and old code: '3FG-474CD1-3-ราวติดพื้น'
2025-06-09 09:39:43,288 - INFO - Found product with exact match on default_code: '3FG-474CD1-3-ราวติดพื้น'
2025-06-09 09:39:43,544 - INFO - Added product 3FG-474CD1-3-ราวติดพื้น with quantity 1.0 to picking 7070
2025-06-09 09:39:43,546 - INFO - Searching for product with code: '3FG-614CD1-1600x3350x25' and old code: '3FG-614CD1-1600x3350x25'
2025-06-09 09:39:43,688 - INFO - Found product with exact match on default_code: '3FG-614CD1-1600x3350x25'
2025-06-09 09:39:43,876 - INFO - Added product 3FG-614CD1-1600x3350x25 with quantity 2.0 to picking 7070
2025-06-09 09:39:43,878 - INFO - Searching for product with code: '3FG-614CD1-195x1450x8' and old code: '3FG-614CD1-195x1450x8'
2025-06-09 09:39:43,951 - INFO - Found product with exact match on default_code: '3FG-614CD1-195x1450x8'
2025-06-09 09:39:44,136 - INFO - Added product 3FG-614CD1-195x1450x8 with quantity 34.0 to picking 7070
2025-06-09 09:39:44,137 - INFO - Searching for product with code: '3FG-614CD1-195x1450x8' and old code: '3FG-614CD1-195x1450x8'
2025-06-09 09:39:44,209 - INFO - Found product with exact match on default_code: '3FG-614CD1-195x1450x8'
2025-06-09 09:39:44,402 - INFO - Added product 3FG-614CD1-195x1450x8 with quantity 2.0 to picking 7070
2025-06-09 09:39:44,402 - INFO - Searching for product with code: '3FG-614CD1-1-ราวตรง' and old code: '3FG-614CD1-1-ราวตรง'
2025-06-09 09:39:44,467 - INFO - Found product with exact match on default_code: '3FG-614CD1-1-ราวตรง'
2025-06-09 09:39:44,680 - INFO - Added product 3FG-614CD1-1-ราวตรง with quantity 1.0 to picking 7070
2025-06-09 09:39:44,681 - INFO - Searching for product with code: '3FG-614CD1-1-ราวตรง' and old code: '3FG-614CD1-1-ราวตรง'
2025-06-09 09:39:44,748 - INFO - Found product with exact match on default_code: '3FG-614CD1-1-ราวตรง'
2025-06-09 09:39:44,940 - INFO - Added product 3FG-614CD1-1-ราวตรง with quantity 1.0 to picking 7070
2025-06-09 09:39:44,942 - INFO - Searching for product with code: '3FG-614CD1-200x1400x25' and old code: '3FG-614CD1-200x1400x25'
2025-06-09 09:39:45,049 - INFO - Found product with exact match on default_code: '3FG-614CD1-200x1400x25'
2025-06-09 09:39:45,295 - INFO - Added product 3FG-614CD1-200x1400x25 with quantity 2.0 to picking 7070
2025-06-09 09:39:45,296 - INFO - Searching for product with code: '3FG-614CD1-200x1400x25' and old code: '3FG-614CD1-200x1400x25'
2025-06-09 09:39:45,367 - INFO - Found product with exact match on default_code: '3FG-614CD1-200x1400x25'
2025-06-09 09:39:45,580 - INFO - Added product 3FG-614CD1-200x1400x25 with quantity 2.0 to picking 7070
2025-06-09 09:39:45,582 - INFO - Searching for product with code: '3FG-614CD1-230x1400x8' and old code: '3FG-614CD1-230x1400x8'
2025-06-09 09:39:45,658 - INFO - Found product with exact match on default_code: '3FG-614CD1-230x1400x8'
2025-06-09 09:39:45,839 - INFO - Added product 3FG-614CD1-230x1400x8 with quantity 2.0 to picking 7070
2025-06-09 09:39:45,841 - INFO - Searching for product with code: '3FG-614CD1-2-ราวโค้ง' and old code: '3FG-614CD1-2-ราวโค้ง'
2025-06-09 09:39:45,908 - INFO - Found product with exact match on default_code: '3FG-614CD1-2-ราวโค้ง'
2025-06-09 09:39:46,118 - INFO - Added product 3FG-614CD1-2-ราวโค้ง with quantity 1.0 to picking 7070
2025-06-09 09:39:46,118 - INFO - Searching for product with code: '3FG-614CD1-2-ราวโค้ง' and old code: '3FG-614CD1-2-ราวโค้ง'
2025-06-09 09:39:46,236 - INFO - Found product with exact match on default_code: '3FG-614CD1-2-ราวโค้ง'
2025-06-09 09:39:46,452 - INFO - Added product 3FG-614CD1-2-ราวโค้ง with quantity 1.0 to picking 7070
2025-06-09 09:39:46,453 - INFO - Searching for product with code: '3FG-614CD1-350x1400x25' and old code: '3FG-614CD1-350x1400x25'
2025-06-09 09:39:46,531 - INFO - Found product with exact match on default_code: '3FG-614CD1-350x1400x25'
2025-06-09 09:39:46,726 - INFO - Added product 3FG-614CD1-350x1400x25 with quantity 34.0 to picking 7070
2025-06-09 09:39:46,728 - INFO - Searching for product with code: '3FG-614CD1-3-ราวตรง' and old code: '3FG-614CD1-3-ราวตรง'
2025-06-09 09:39:46,832 - INFO - Found product with exact match on default_code: '3FG-614CD1-3-ราวตรง'
2025-06-09 09:39:47,029 - INFO - Added product 3FG-614CD1-3-ราวตรง with quantity 1.0 to picking 7070
2025-06-09 09:39:47,031 - INFO - Searching for product with code: '3FG-614CD1-3-ราวตรง' and old code: '3FG-614CD1-3-ราวตรง'
2025-06-09 09:39:47,093 - INFO - Found product with exact match on default_code: '3FG-614CD1-3-ราวตรง'
2025-06-09 09:39:47,305 - INFO - Added product 3FG-614CD1-3-ราวตรง with quantity 1.0 to picking 7070
2025-06-09 09:39:47,306 - INFO - Searching for product with code: '3FG-614CD1-3-ราวตรง' and old code: '3FG-614CD1-3-ราวตรง'
2025-06-09 09:39:47,371 - INFO - Found product with exact match on default_code: '3FG-614CD1-3-ราวตรง'
2025-06-09 09:39:47,552 - INFO - Added product 3FG-614CD1-3-ราวตรง with quantity 1.0 to picking 7070
2025-06-09 09:39:47,554 - INFO - Searching for product with code: '3FG-AF0001-0170-L' and old code: '3FG-AF0001-0170-L'
2025-06-09 09:39:47,622 - INFO - Found product with exact match on default_code: '3FG-AF0001-0170-L'
2025-06-09 09:39:47,821 - INFO - Added product 3FG-AF0001-0170-L with quantity 1.0 to picking 7070
2025-06-09 09:39:47,823 - INFO - Searching for product with code: '3FG-CPN001-TH2' and old code: '3FG-CPN001-TH2'
2025-06-09 09:39:47,919 - INFO - Found product with exact match on default_code: '3FG-CPN001-TH2'
2025-06-09 09:39:48,101 - INFO - Added product 3FG-CPN001-TH2 with quantity 3.0 to picking 7070
2025-06-09 09:39:48,103 - INFO - Searching for product with code: '3FG-CPN001-TH2' and old code: '3FG-CPN001-TH2'
2025-06-09 09:39:48,173 - INFO - Found product with exact match on default_code: '3FG-CPN001-TH2'
2025-06-09 09:39:48,364 - INFO - Added product 3FG-CPN001-TH2 with quantity 3.0 to picking 7070
2025-06-09 09:39:48,364 - INFO - Searching for product with code: '3FG-JMN0003/3-XL' and old code: '3FG-JMN0003/3-XL'
2025-06-09 09:39:48,438 - INFO - Found product with exact match on default_code: '3FG-JMN0003/3-XL'
2025-06-09 09:39:48,693 - INFO - Added product 3FG-JMN0003/3-XL with quantity 4.0 to picking 7070
2025-06-09 09:39:48,694 - INFO - Searching for product with code: '3FG-JMN0003/3-XL' and old code: '3FG-JMN0003/3-XL'
2025-06-09 09:39:48,857 - INFO - Found product with exact match on default_code: '3FG-JMN0003/3-XL'
2025-06-09 09:39:49,068 - INFO - Added product 3FG-JMN0003/3-XL with quantity 4.0 to picking 7070
2025-06-09 09:39:49,070 - INFO - Searching for product with code: '3FG-LH0006-150' and old code: '3FG-LH0006-150'
2025-06-09 09:39:49,150 - INFO - Found product with exact match on default_code: '3FG-LH0006-150'
2025-06-09 09:39:49,330 - INFO - Added product 3FG-LH0006-150 with quantity 1.0 to picking 7070
2025-06-09 09:39:49,331 - INFO - Searching for product with code: '3FG-LH0023-1930W126A' and old code: '3FG-LH0023-1930W126A'
2025-06-09 09:39:49,407 - INFO - Found product with exact match on default_code: '3FG-LH0023-1930W126A'
2025-06-09 09:39:49,697 - INFO - Added product 3FG-LH0023-1930W126A with quantity 4.0 to picking 7070
2025-06-09 09:39:49,699 - INFO - Searching for product with code: '3FG-LH0031-119' and old code: '3FG-LH0031-119'
2025-06-09 09:39:49,838 - INFO - Found product with exact match on default_code: '3FG-LH0031-119'
2025-06-09 09:39:50,034 - INFO - Added product 3FG-LH0031-119 with quantity 5.0 to picking 7070
2025-06-09 09:39:50,036 - INFO - Searching for product with code: '3FG-LH0045-243FE1' and old code: '3FG-LH0045-243FE1'
2025-06-09 09:39:50,165 - INFO - Found product with exact match on default_code: '3FG-LH0045-243FE1'
2025-06-09 09:39:50,371 - INFO - Added product 3FG-LH0045-243FE1 with quantity 2.0 to picking 7070
2025-06-09 09:39:50,373 - INFO - Searching for product with code: '3FG-LH0045-289FE1' and old code: '3FG-LH0045-289FE1'
2025-06-09 09:39:50,441 - INFO - Found product with exact match on default_code: '3FG-LH0045-289FE1'
2025-06-09 09:39:50,615 - INFO - Added product 3FG-LH0045-289FE1 with quantity 3.0 to picking 7070
2025-06-09 09:39:50,616 - INFO - Searching for product with code: '3FG-LH0060-1930W126A' and old code: '3FG-LH0060-1930W126A'
2025-06-09 09:39:50,691 - INFO - Found product with exact match on default_code: '3FG-LH0060-1930W126A'
2025-06-09 09:39:50,904 - INFO - Added product 3FG-LH0060-1930W126A with quantity 1.0 to picking 7070
2025-06-09 09:39:50,906 - INFO - Searching for product with code: '3FG-LH0064-496FE1' and old code: '3FG-LH0064-496FE1'
2025-06-09 09:39:50,995 - INFO - Found product with exact match on default_code: '3FG-LH0064-496FE1'
2025-06-09 09:39:51,204 - INFO - Added product 3FG-LH0064-496FE1 with quantity 1.0 to picking 7070
2025-06-09 09:39:51,206 - INFO - Searching for product with code: '3FG-LH0064-496FE1' and old code: '3FG-LH0064-496FE1'
2025-06-09 09:39:51,290 - INFO - Found product with exact match on default_code: '3FG-LH0064-496FE1'
2025-06-09 09:39:51,493 - INFO - Added product 3FG-LH0064-496FE1 with quantity 1.0 to picking 7070
2025-06-09 09:39:51,495 - INFO - Searching for product with code: '3FG-LH-095MC' and old code: '3FG-LH-095MC'
2025-06-09 09:39:51,574 - INFO - Found product with exact match on default_code: '3FG-LH-095MC'
2025-06-09 09:39:51,785 - INFO - Added product 3FG-LH-095MC with quantity 2.0 to picking 7070
2025-06-09 09:39:51,786 - INFO - Searching for product with code: '3FG-LH-095MC1' and old code: '3FG-LH-095MC1'
2025-06-09 09:39:51,862 - INFO - Found product with exact match on default_code: '3FG-LH-095MC1'
2025-06-09 09:39:52,082 - INFO - Added product 3FG-LH-095MC1 with quantity 2.0 to picking 7070
2025-06-09 09:39:52,083 - INFO - Searching for product with code: '3FG-LH-118MC' and old code: '3FG-LH-118MC'
2025-06-09 09:39:52,158 - INFO - Found product with exact match on default_code: '3FG-LH-118MC'
2025-06-09 09:39:52,358 - INFO - Added product 3FG-LH-118MC with quantity 1.0 to picking 7070
2025-06-09 09:39:52,360 - INFO - Searching for product with code: '3FG-LH-118MC' and old code: '3FG-LH-118MC'
2025-06-09 09:39:52,433 - INFO - Found product with exact match on default_code: '3FG-LH-118MC'
2025-06-09 09:39:52,751 - INFO - Added product 3FG-LH-118MC with quantity 1.0 to picking 7070
2025-06-09 09:39:52,753 - INFO - Searching for product with code: '3FG-LH-118MC' and old code: '3FG-LH-118MC'
2025-06-09 09:39:52,856 - INFO - Found product with exact match on default_code: '3FG-LH-118MC'
2025-06-09 09:39:53,079 - INFO - Added product 3FG-LH-118MC with quantity 2.0 to picking 7070
2025-06-09 09:39:53,080 - INFO - Searching for product with code: '3FG-LH-118MC' and old code: '3FG-LH-118MC'
2025-06-09 09:39:53,142 - INFO - Found product with exact match on default_code: '3FG-LH-118MC'
2025-06-09 09:39:53,325 - INFO - Added product 3FG-LH-118MC with quantity 3.0 to picking 7070
2025-06-09 09:39:53,326 - INFO - Searching for product with code: '3FG-LH-118MC1' and old code: '3FG-LH-118MC1'
2025-06-09 09:39:53,399 - INFO - Found product with exact match on default_code: '3FG-LH-118MC1'
2025-06-09 09:39:53,610 - INFO - Added product 3FG-LH-118MC1 with quantity 1.0 to picking 7070
2025-06-09 09:39:53,612 - INFO - Searching for product with code: '3FG-LH-118MC1' and old code: '3FG-LH-118MC1'
2025-06-09 09:39:53,689 - INFO - Found product with exact match on default_code: '3FG-LH-118MC1'
2025-06-09 09:39:53,905 - INFO - Added product 3FG-LH-118MC1 with quantity 1.0 to picking 7070
2025-06-09 09:39:53,907 - INFO - Searching for product with code: '3FG-LH-118MC1' and old code: '3FG-LH-118MC1'
2025-06-09 09:39:53,967 - INFO - Found product with exact match on default_code: '3FG-LH-118MC1'
2025-06-09 09:39:54,192 - INFO - Added product 3FG-LH-118MC1 with quantity 2.0 to picking 7070
2025-06-09 09:39:54,194 - INFO - Searching for product with code: '3FG-LH-118MC1' and old code: '3FG-LH-118MC1'
2025-06-09 09:39:54,281 - INFO - Found product with exact match on default_code: '3FG-LH-118MC1'
2025-06-09 09:39:54,512 - INFO - Added product 3FG-LH-118MC1 with quantity 3.0 to picking 7070
2025-06-09 09:39:54,513 - INFO - Searching for product with code: '3FG-LH-152MC1' and old code: '3FG-LH-152MC1'
2025-06-09 09:39:54,574 - INFO - Found product with exact match on default_code: '3FG-LH-152MC1'
2025-06-09 09:39:54,814 - INFO - Added product 3FG-LH-152MC1 with quantity 1.0 to picking 7070
2025-06-09 09:39:54,816 - INFO - Searching for product with code: '3FG-LH-1720W2-1' and old code: '3FG-LH-1720W2-1'
2025-06-09 09:39:54,889 - INFO - Found product with exact match on default_code: '3FG-LH-1720W2-1'
2025-06-09 09:39:55,088 - INFO - Added product 3FG-LH-1720W2-1 with quantity 1.0 to picking 7070
2025-06-09 09:39:55,090 - INFO - Searching for product with code: '3FG-LH-1720W2-1' and old code: '3FG-LH-1720W2-1'
2025-06-09 09:39:55,159 - INFO - Found product with exact match on default_code: '3FG-LH-1720W2-1'
2025-06-09 09:39:55,432 - INFO - Added product 3FG-LH-1720W2-1 with quantity 1.0 to picking 7070
2025-06-09 09:39:55,433 - INFO - Searching for product with code: '3FG-LH-1720WN-26A-1' and old code: '3FG-LH-1720WN-26A-1'
2025-06-09 09:39:55,517 - INFO - Found product with exact match on default_code: '3FG-LH-1720WN-26A-1'
2025-06-09 09:39:55,732 - INFO - Added product 3FG-LH-1720WN-26A-1 with quantity 2.0 to picking 7070
2025-06-09 09:39:55,734 - INFO - Searching for product with code: '3FG-LH-178MV1-1' and old code: '3FG-LH-178MV1-1'
2025-06-09 09:39:55,798 - INFO - Found product with exact match on default_code: '3FG-LH-178MV1-1'
2025-06-09 09:39:56,017 - INFO - Added product 3FG-LH-178MV1-1 with quantity 1.0 to picking 7070
2025-06-09 09:39:56,019 - INFO - Searching for product with code: '3FG-LH-178MV1-1' and old code: '3FG-LH-178MV1-1'
2025-06-09 09:39:56,087 - INFO - Found product with exact match on default_code: '3FG-LH-178MV1-1'
2025-06-09 09:39:56,340 - INFO - Added product 3FG-LH-178MV1-1 with quantity 1.0 to picking 7070
2025-06-09 09:39:56,342 - INFO - Searching for product with code: '3FG-LH-178MV1-1' and old code: '3FG-LH-178MV1-1'
2025-06-09 09:39:56,414 - INFO - Found product with exact match on default_code: '3FG-LH-178MV1-1'
2025-06-09 09:39:56,642 - INFO - Added product 3FG-LH-178MV1-1 with quantity 1.0 to picking 7070
2025-06-09 09:39:56,643 - INFO - Searching for product with code: '3FG-LH-178MV1-1' and old code: '3FG-LH-178MV1-1'
2025-06-09 09:39:56,711 - INFO - Found product with exact match on default_code: '3FG-LH-178MV1-1'
2025-06-09 09:39:56,958 - INFO - Added product 3FG-LH-178MV1-1 with quantity 4.0 to picking 7070
2025-06-09 09:39:56,959 - INFO - Searching for product with code: '3FG-LH-1980W2-1' and old code: '3FG-LH-1980W2-1'
2025-06-09 09:39:57,022 - INFO - Found product with exact match on default_code: '3FG-LH-1980W2-1'
2025-06-09 09:39:57,271 - INFO - Added product 3FG-LH-1980W2-1 with quantity 3.0 to picking 7070
2025-06-09 09:39:57,273 - INFO - Searching for product with code: '3FG-LH-1980W2-1' and old code: '3FG-LH-1980W2-1'
2025-06-09 09:39:57,335 - INFO - Found product with exact match on default_code: '3FG-LH-1980W2-1'
2025-06-09 09:39:57,668 - INFO - Added product 3FG-LH-1980W2-1 with quantity 2.0 to picking 7070
2025-06-09 09:39:57,669 - INFO - Searching for product with code: '3FG-LH-1980W2-1' and old code: '3FG-LH-1980W2-1'
2025-06-09 09:39:57,742 - INFO - Found product with exact match on default_code: '3FG-LH-1980W2-1'
2025-06-09 09:39:57,952 - INFO - Added product 3FG-LH-1980W2-1 with quantity 2.0 to picking 7070
2025-06-09 09:39:57,953 - INFO - Searching for product with code: '3FG-LH-1980WM-1' and old code: '3FG-LH-1980WM-1'
2025-06-09 09:39:58,029 - INFO - Found product with exact match on default_code: '3FG-LH-1980WM-1'
2025-06-09 09:39:58,298 - INFO - Added product 3FG-LH-1980WM-1 with quantity 1.0 to picking 7070
2025-06-09 09:39:58,300 - INFO - Searching for product with code: '3FG-LH-203MV1-1' and old code: '3FG-LH-203MV1-1'
2025-06-09 09:39:58,443 - INFO - Found product with exact match on default_code: '3FG-LH-203MV1-1'
2025-06-09 09:39:58,790 - INFO - Added product 3FG-LH-203MV1-1 with quantity 1.0 to picking 7070
2025-06-09 09:39:58,792 - INFO - Searching for product with code: '3FG-LH-203MV1-1' and old code: '3FG-LH-203MV1-1'
2025-06-09 09:39:58,906 - INFO - Found product with exact match on default_code: '3FG-LH-203MV1-1'
2025-06-09 09:39:59,124 - INFO - Added product 3FG-LH-203MV1-1 with quantity 3.0 to picking 7070
2025-06-09 09:39:59,126 - INFO - Searching for product with code: '3FG-LH-203MV1-1' and old code: '3FG-LH-203MV1-1'
2025-06-09 09:39:59,192 - INFO - Found product with exact match on default_code: '3FG-LH-203MV1-1'
2025-06-09 09:39:59,407 - INFO - Added product 3FG-LH-203MV1-1 with quantity 6.0 to picking 7070
2025-06-09 09:39:59,408 - INFO - Searching for product with code: '3FG-LH-251MV1' and old code: '3FG-LH-251MV1'
2025-06-09 09:39:59,481 - INFO - Found product with exact match on default_code: '3FG-LH-251MV1'
2025-06-09 09:39:59,698 - INFO - Added product 3FG-LH-251MV1 with quantity 1.0 to picking 7070
2025-06-09 09:39:59,700 - INFO - Searching for product with code: '3FG-LH-251MV1' and old code: '3FG-LH-251MV1'
2025-06-09 09:39:59,772 - INFO - Found product with exact match on default_code: '3FG-LH-251MV1'
2025-06-09 09:39:59,972 - INFO - Added product 3FG-LH-251MV1 with quantity 1.0 to picking 7070
2025-06-09 09:39:59,973 - INFO - Searching for product with code: '3FG-LH-251MV1-1' and old code: '3FG-LH-251MV1-1'
2025-06-09 09:40:00,046 - INFO - Found product with exact match on default_code: '3FG-LH-251MV1-1'
2025-06-09 09:40:00,316 - INFO - Added product 3FG-LH-251MV1-1 with quantity 1.0 to picking 7070
2025-06-09 09:40:00,318 - INFO - Searching for product with code: '3FG-LH-251MV1-1' and old code: '3FG-LH-251MV1-1'
2025-06-09 09:40:00,387 - INFO - Found product with exact match on default_code: '3FG-LH-251MV1-1'
2025-06-09 09:40:00,585 - INFO - Added product 3FG-LH-251MV1-1 with quantity 1.0 to picking 7070
2025-06-09 09:40:00,586 - INFO - Searching for product with code: '3FG-LH-251MV1-1' and old code: '3FG-LH-251MV1-1'
2025-06-09 09:40:00,658 - INFO - Found product with exact match on default_code: '3FG-LH-251MV1-1'
2025-06-09 09:40:00,856 - INFO - Added product 3FG-LH-251MV1-1 with quantity 1.0 to picking 7070
2025-06-09 09:40:00,858 - INFO - Searching for product with code: '3FG-LH-251MV1-1' and old code: '3FG-LH-251MV1-1'
2025-06-09 09:40:00,943 - INFO - Found product with exact match on default_code: '3FG-LH-251MV1-1'
2025-06-09 09:40:01,163 - INFO - Added product 3FG-LH-251MV1-1 with quantity 1.0 to picking 7070
2025-06-09 09:40:01,164 - INFO - Searching for product with code: '3FG-PSS106-PM470-05' and old code: '3FG-PSS106-PM470-05'
2025-06-09 09:40:01,244 - INFO - Found product with exact match on default_code: '3FG-PSS106-PM470-05'
2025-06-09 09:40:01,492 - INFO - Added product 3FG-PSS106-PM470-05 with quantity 1.0 to picking 7070
2025-06-09 09:40:01,493 - INFO - Searching for product with code: '3FG-PSS107-PM468-05' and old code: '3FG-PSS107-PM468-05'
2025-06-09 09:40:01,567 - INFO - Found product with exact match on default_code: '3FG-PSS107-PM468-05'
2025-06-09 09:40:01,799 - INFO - Added product 3FG-PSS107-PM468-05 with quantity 2.0 to picking 7070
2025-06-09 09:40:01,801 - INFO - Searching for product with code: '3FG-PSS109-PM340-01' and old code: '3FG-PSS109-PM340-01'
2025-06-09 09:40:01,874 - INFO - Found product with exact match on default_code: '3FG-PSS109-PM340-01'
2025-06-09 09:40:02,080 - INFO - Added product 3FG-PSS109-PM340-01 with quantity 1.0 to picking 7070
2025-06-09 09:40:02,081 - INFO - Searching for product with code: '3FG-PSS109-PM406-01' and old code: '3FG-PSS109-PM406-01'
2025-06-09 09:40:02,154 - INFO - Found product with exact match on default_code: '3FG-PSS109-PM406-01'
2025-06-09 09:40:02,426 - INFO - Added product 3FG-PSS109-PM406-01 with quantity 1.0 to picking 7070
2025-06-09 09:40:02,428 - INFO - Searching for product with code: 'NFG03-NT-12001200E-5802R' and old code: 'NFG03-NT-12001200E-5802R'
2025-06-09 09:40:02,500 - INFO - Found product with exact match on default_code: 'NFG03-NT-12001200E-5802R'
2025-06-09 09:40:02,735 - INFO - Added product NFG03-NT-12001200E-5802R with quantity 1.0 to picking 7070
2025-06-09 09:40:02,736 - INFO - Searching for product with code: 'NFG03-NT-1821200-5802-' and old code: 'NFG03-NT-1821200-5802-'
2025-06-09 09:40:02,806 - INFO - Found product with exact match on default_code: 'NFG03-NT-1821200-5802-'
2025-06-09 09:40:03,039 - INFO - Added product NFG03-NT-1821200-5802- with quantity 1.0 to picking 7070
2025-06-09 09:40:03,041 - INFO - Searching for product with code: 'NFG03-NT-1821500-5802' and old code: 'NFG03-NT-1821500-5802'
2025-06-09 09:40:03,114 - INFO - Found product with exact match on default_code: 'NFG03-NT-1821500-5802'
2025-06-09 09:40:03,389 - INFO - Added product NFG03-NT-1821500-5802 with quantity 1.0 to picking 7070
2025-06-09 09:40:03,391 - INFO - Searching for product with code: 'NFG03-NT-2501200-5802' and old code: 'NFG03-NT-2501200-5802'
2025-06-09 09:40:03,465 - INFO - Found product with exact match on default_code: 'NFG03-NT-2501200-5802'
2025-06-09 09:40:03,716 - INFO - Added product NFG03-NT-2501200-5802 with quantity 1.0 to picking 7070
2025-06-09 09:40:03,717 - INFO - Searching for product with code: 'NFG03-NT-2501200-5802R' and old code: 'NFG03-NT-2501200-5802R'
2025-06-09 09:40:03,792 - INFO - Found product with exact match on default_code: 'NFG03-NT-2501200-5802R'
2025-06-09 09:40:04,075 - INFO - Added product NFG03-NT-2501200-5802R with quantity 2.0 to picking 7070
2025-06-09 09:40:04,077 - INFO - Searching for product with code: 'NFG06-DISPLAY-SPC' and old code: 'NFG06-DISPLAY-SPC'
2025-06-09 09:40:04,589 - INFO - Found product 'Display ไลฟ์สดขายของ Size 1200' with code 'NFG06-DISPLAY-SPC1200' using ilike search for 'NFG06-DISPLAY-SPC'
2025-06-09 09:40:04,856 - INFO - Added product NFG06-DISPLAY-SPC with quantity 1.0 to picking 7070
2025-06-09 09:40:04,857 - INFO - Searching for product with code: 'NFG06-DISPLAY-SPC-1' and old code: 'NFG06-DISPLAY-SPC-1'
2025-06-09 09:40:05,188 - INFO - Found product with exact match on old_product_code: 'NFG06-DISPLAY-SPC-1'
2025-06-09 09:40:05,550 - INFO - Added product NFG06-DISPLAY-SPC-1 with quantity 1.0 to picking 7070
2025-06-09 09:40:05,700 - INFO - Re-updated dates before confirming picking 7070: 2025-02-28 00:00:00
2025-06-09 09:40:07,210 - INFO - Confirmed transfer 7070 with forced date context
2025-06-09 09:40:07,211 - INFO - Import completed: 1 success, 0 failed.
