2026-04-15 16:06:45,121 - INFO - Successfully connected to Odoo as user ID: 2
2026-04-15 16:06:45,209 - INFO - Odoo version: 17.0.1.3
2026-04-15 16:06:45,429 - INFO - Available date fields in stock.picking: ['activity_date_deadline', 'my_activity_date_deadline', 'scheduled_date', 'date_deadline', 'date', 'date_done', 'delay_alert_date', 'create_date', 'write_date', 'date_notice', 'date_confirmed', 'date_start', 'operation_date']
2026-04-15 16:06:45,563 - INFO - Successfully read Excel file with 52 rows
2026-04-15 16:06:45,563 - INFO - Excel columns: ['partner_id', 'scheduled_date', 'picking_type_id', 'date_done', 'origin', 'location_dest_id', 'default_code', 'product_uom_qty', 'price_unit', 'sequence', 'date']
2026-04-15 16:06:45,564 - INFO - Processed sequence column
2026-04-15 16:06:45,567 - INFO - scheduled_date dtype: datetime64[ns]
2026-04-15 16:06:45,567 - INFO - scheduled_date sample: 2026-03-31 08:00:00
2026-04-15 16:06:45,568 - INFO - Converted scheduled_date to string format. Sample: 2026-03-31 08:00:00
2026-04-15 16:06:45,568 - INFO - Fixed picking type name from 'My Company: OB FIFO' and 'คลังวัตถุดิบ 2: OB FIFO' to 'OB FIFO'
2026-04-15 16:06:45,568 - INFO - Using 'default_code' column as 'product_id'
2026-04-15 16:06:45,568 - INFO - Using 'origin' column to identify transfer groups
2026-04-15 16:06:45,570 - INFO - Excel file validation and data filling completed successfully
2026-04-15 16:06:45,751 - INFO - Searching for location: 'RM11/EMCP'
2026-04-15 16:06:45,971 - INFO - Found location with complete_name match: 'RM11/EMCP' for 'RM11/EMCP'
2026-04-15 16:06:46,040 - INFO - Found partner ID 4937 for 'MOGEN_OB'
2026-04-15 16:06:46,131 - INFO - Created transfer for date 2026-03-31 08:00:00 sequence 1 with picking ID 15084
2026-04-15 16:06:46,133 - INFO - Processing Excel row 1: {'partner_id': 'MOGEN_OB', 'scheduled_date': Timestamp('2026-03-31 08:00:00'), 'picking_type_id': 'RM11 Receipt', 'date_done': Timestamp('2026-03-31 08:00:00'), 'origin': 'คลังรอเคลม ในประเทศ EMCP', 'location_dest_id': 'RM11/EMCP', 'default_code': 'FCF0002100', 'product_uom_qty': 15, 'price_unit': 103.668153333333, 'sequence': 1, 'date': Timestamp('2025-04-03 00:00:00'), 'scheduled_date_orig': Timestamp('2026-03-31 08:00:00'), 'product_id': 'FCF0002100'}
2026-04-15 16:06:46,133 - INFO - Searching for product with code: 'FCF0002100' and old code: 'FCF0002100'
2026-04-15 16:06:46,205 - INFO - Found product with exact match on default_code: 'FCF0002100'
2026-04-15 16:06:46,310 - INFO - Prepared product FCF0002100 with quantity 15.0 for batch creation
2026-04-15 16:06:46,311 - INFO - Move locations - Source: 4, Dest: 1219
2026-04-15 16:06:46,311 - INFO - Processing Excel row 2: {'partner_id': 'MOGEN_OB', 'scheduled_date': Timestamp('2026-03-31 08:00:00'), 'picking_type_id': 'RM11 Receipt', 'date_done': Timestamp('2026-03-31 08:00:00'), 'origin': 'คลังรอเคลม ในประเทศ EMCP', 'location_dest_id': 'RM11/EMCP', 'default_code': 'FU00033DFC22024', 'product_uom_qty': 7, 'price_unit': 1113.93462857143, 'sequence': 2, 'date': Timestamp('2026-01-27 00:00:00'), 'scheduled_date_orig': Timestamp('2026-03-31 08:00:00'), 'product_id': 'FU00033DFC22024'}
2026-04-15 16:06:46,312 - INFO - Searching for product with code: 'FU00033DFC22024' and old code: 'FU00033DFC22024'
2026-04-15 16:06:46,381 - INFO - Found product with exact match on default_code: 'FU00033DFC22024'
2026-04-15 16:06:46,457 - INFO - Prepared product FU00033DFC22024 with quantity 7.0 for batch creation
2026-04-15 16:06:46,458 - INFO - Move locations - Source: 4, Dest: 1219
2026-04-15 16:06:46,458 - INFO - Processing Excel row 3: {'partner_id': 'MOGEN_OB', 'scheduled_date': Timestamp('2026-03-31 08:00:00'), 'picking_type_id': 'RM11 Receipt', 'date_done': Timestamp('2026-03-31 08:00:00'), 'origin': 'คลังรอเคลม ในประเทศ EMCP', 'location_dest_id': 'RM11/EMCP', 'default_code': 'MA332B1101', 'product_uom_qty': 7, 'price_unit': 814.839057142857, 'sequence': 3, 'date': Timestamp('2026-01-27 00:00:00'), 'scheduled_date_orig': Timestamp('2026-03-31 08:00:00'), 'product_id': 'MA332B1101'}
2026-04-15 16:06:46,459 - INFO - Searching for product with code: 'MA332B1101' and old code: 'MA332B1101'
2026-04-15 16:06:46,536 - INFO - Found product with exact match on default_code: 'MA332B1101'
2026-04-15 16:06:46,618 - INFO - Prepared product MA332B1101 with quantity 7.0 for batch creation
2026-04-15 16:06:46,618 - INFO - Move locations - Source: 4, Dest: 1219
2026-04-15 16:06:46,618 - INFO - Processing Excel row 4: {'partner_id': 'MOGEN_OB', 'scheduled_date': Timestamp('2026-03-31 08:00:00'), 'picking_type_id': 'RM11 Receipt', 'date_done': Timestamp('2026-03-31 08:00:00'), 'origin': 'คลังรอเคลม ในประเทศ EMCP', 'location_dest_id': 'RM11/EMCP', 'default_code': 'MO00421210', 'product_uom_qty': 3, 'price_unit': 4111.61766666667, 'sequence': 4, 'date': Timestamp('2026-03-31 00:00:00'), 'scheduled_date_orig': Timestamp('2026-03-31 08:00:00'), 'product_id': 'MO00421210'}
2026-04-15 16:06:46,619 - INFO - Searching for product with code: 'MO00421210' and old code: 'MO00421210'
2026-04-15 16:06:46,692 - INFO - Found product with exact match on default_code: 'MO00421210'
2026-04-15 16:06:46,782 - INFO - Prepared product MO00421210 with quantity 3.0 for batch creation
2026-04-15 16:06:46,782 - INFO - Move locations - Source: 4, Dest: 1219
2026-04-15 16:06:46,783 - INFO - Processing Excel row 5: {'partner_id': 'MOGEN_OB', 'scheduled_date': Timestamp('2026-03-31 08:00:00'), 'picking_type_id': 'RM11 Receipt', 'date_done': Timestamp('2026-03-31 08:00:00'), 'origin': 'คลังรอเคลม ในประเทศ EMCP', 'location_dest_id': 'RM11/EMCP', 'default_code': 'MO00521210', 'product_uom_qty': 1, 'price_unit': 2404.7091, 'sequence': 5, 'date': Timestamp('2025-08-08 00:00:00'), 'scheduled_date_orig': Timestamp('2026-03-31 08:00:00'), 'product_id': 'MO00521210'}
2026-04-15 16:06:46,783 - INFO - Searching for product with code: 'MO00521210' and old code: 'MO00521210'
2026-04-15 16:06:46,862 - INFO - Found product with exact match on default_code: 'MO00521210'
2026-04-15 16:06:46,936 - INFO - Prepared product MO00521210 with quantity 1.0 for batch creation
2026-04-15 16:06:46,937 - INFO - Move locations - Source: 4, Dest: 1219
2026-04-15 16:06:46,937 - INFO - Processing Excel row 6: {'partner_id': 'MOGEN_OB', 'scheduled_date': Timestamp('2026-03-31 08:00:00'), 'picking_type_id': 'RM11 Receipt', 'date_done': Timestamp('2026-03-31 08:00:00'), 'origin': 'คลังรอเคลม ในประเทศ EMCP', 'location_dest_id': 'RM11/EMCP', 'default_code': 'MO00521210', 'product_uom_qty': 1, 'price_unit': 2394.9028, 'sequence': 6, 'date': Timestamp('2026-02-21 00:00:00'), 'scheduled_date_orig': Timestamp('2026-03-31 08:00:00'), 'product_id': 'MO00521210'}
2026-04-15 16:06:46,937 - INFO - Using cached product ID for code: 'MO00521210'
2026-04-15 16:06:46,938 - INFO - Prepared product MO00521210 with quantity 1.0 for batch creation
2026-04-15 16:06:46,938 - INFO - Move locations - Source: 4, Dest: 1219
2026-04-15 16:06:46,938 - INFO - Processing Excel row 7: {'partner_id': 'MOGEN_OB', 'scheduled_date': Timestamp('2026-03-31 08:00:00'), 'picking_type_id': 'RM11 Receipt', 'date_done': Timestamp('2026-03-31 08:00:00'), 'origin': 'คลังรอเคลม ในประเทศ EMCP', 'location_dest_id': 'RM11/EMCP', 'default_code': 'MO006901110', 'product_uom_qty': 2, 'price_unit': 1996.3441, 'sequence': 7, 'date': Timestamp('2025-03-06 00:00:00'), 'scheduled_date_orig': Timestamp('2026-03-31 08:00:00'), 'product_id': 'MO006901110'}
2026-04-15 16:06:46,938 - INFO - Searching for product with code: 'MO006901110' and old code: 'MO006901110'
2026-04-15 16:06:47,015 - INFO - Found product with exact match on default_code: 'MO006901110'
2026-04-15 16:06:47,087 - INFO - Prepared product MO006901110 with quantity 2.0 for batch creation
2026-04-15 16:06:47,087 - INFO - Move locations - Source: 4, Dest: 1219
2026-04-15 16:06:47,087 - INFO - Processing Excel row 8: {'partner_id': 'MOGEN_OB', 'scheduled_date': Timestamp('2026-03-31 08:00:00'), 'picking_type_id': 'RM11 Receipt', 'date_done': Timestamp('2026-03-31 08:00:00'), 'origin': 'คลังรอเคลม ในประเทศ EMCP', 'location_dest_id': 'RM11/EMCP', 'default_code': 'MO006901110', 'product_uom_qty': 1, 'price_unit': 1996.3441, 'sequence': 8, 'date': Timestamp('2025-03-06 00:00:00'), 'scheduled_date_orig': Timestamp('2026-03-31 08:00:00'), 'product_id': 'MO006901110'}
2026-04-15 16:06:47,088 - INFO - Using cached product ID for code: 'MO006901110'
2026-04-15 16:06:47,088 - INFO - Prepared product MO006901110 with quantity 1.0 for batch creation
2026-04-15 16:06:47,088 - INFO - Move locations - Source: 4, Dest: 1219
2026-04-15 16:06:47,088 - INFO - Processing Excel row 9: {'partner_id': 'MOGEN_OB', 'scheduled_date': Timestamp('2026-03-31 08:00:00'), 'picking_type_id': 'RM11 Receipt', 'date_done': Timestamp('2026-03-31 08:00:00'), 'origin': 'คลังรอเคลม ในประเทศ EMCP', 'location_dest_id': 'RM11/EMCP', 'default_code': 'MO006901111', 'product_uom_qty': 1, 'price_unit': 1997.4793, 'sequence': 9, 'date': Timestamp('2025-09-04 00:00:00'), 'scheduled_date_orig': Timestamp('2026-03-31 08:00:00'), 'product_id': 'MO006901111'}
2026-04-15 16:06:47,088 - INFO - Searching for product with code: 'MO006901111' and old code: 'MO006901111'
2026-04-15 16:06:47,176 - INFO - Found product with exact match on default_code: 'MO006901111'
2026-04-15 16:06:47,247 - INFO - Prepared product MO006901111 with quantity 1.0 for batch creation
2026-04-15 16:06:47,248 - INFO - Move locations - Source: 4, Dest: 1219
2026-04-15 16:06:47,248 - INFO - Processing Excel row 10: {'partner_id': 'MOGEN_OB', 'scheduled_date': Timestamp('2026-03-31 08:00:00'), 'picking_type_id': 'RM11 Receipt', 'date_done': Timestamp('2026-03-31 08:00:00'), 'origin': 'คลังรอเคลม ในประเทศ EMCP', 'location_dest_id': 'RM11/EMCP', 'default_code': 'MO006901111', 'product_uom_qty': 1, 'price_unit': 2065.3763, 'sequence': 10, 'date': Timestamp('2025-10-15 00:00:00'), 'scheduled_date_orig': Timestamp('2026-03-31 08:00:00'), 'product_id': 'MO006901111'}
2026-04-15 16:06:47,248 - INFO - Using cached product ID for code: 'MO006901111'
2026-04-15 16:06:47,249 - INFO - Prepared product MO006901111 with quantity 1.0 for batch creation
2026-04-15 16:06:47,249 - INFO - Move locations - Source: 4, Dest: 1219
2026-04-15 16:06:47,249 - INFO - Processing Excel row 11: {'partner_id': 'MOGEN_OB', 'scheduled_date': Timestamp('2026-03-31 08:00:00'), 'picking_type_id': 'RM11 Receipt', 'date_done': Timestamp('2026-03-31 08:00:00'), 'origin': 'คลังรอเคลม ในประเทศ EMCP', 'location_dest_id': 'RM11/EMCP', 'default_code': 'MO006901111', 'product_uom_qty': 1, 'price_unit': 1885.0803, 'sequence': 11, 'date': Timestamp('2026-03-24 00:00:00'), 'scheduled_date_orig': Timestamp('2026-03-31 08:00:00'), 'product_id': 'MO006901111'}
2026-04-15 16:06:47,249 - INFO - Using cached product ID for code: 'MO006901111'
2026-04-15 16:06:47,249 - INFO - Prepared product MO006901111 with quantity 1.0 for batch creation
2026-04-15 16:06:47,249 - INFO - Move locations - Source: 4, Dest: 1219
2026-04-15 16:06:47,249 - INFO - Processing Excel row 12: {'partner_id': 'MOGEN_OB', 'scheduled_date': Timestamp('2026-03-31 08:00:00'), 'picking_type_id': 'RM11 Receipt', 'date_done': Timestamp('2026-03-31 08:00:00'), 'origin': 'คลังรอเคลม ในประเทศ EMCP', 'location_dest_id': 'RM11/EMCP', 'default_code': 'MO031N101', 'product_uom_qty': 1, 'price_unit': 3039.4429, 'sequence': 12, 'date': Timestamp('2025-12-25 00:00:00'), 'scheduled_date_orig': Timestamp('2026-03-31 08:00:00'), 'product_id': 'MO031N101'}
2026-04-15 16:06:47,249 - INFO - Searching for product with code: 'MO031N101' and old code: 'MO031N101'
2026-04-15 16:06:47,363 - INFO - Found product with exact match on default_code: 'MO031N101'
2026-04-15 16:06:47,441 - INFO - Prepared product MO031N101 with quantity 1.0 for batch creation
2026-04-15 16:06:47,442 - INFO - Move locations - Source: 4, Dest: 1219
2026-04-15 16:06:47,442 - INFO - Processing Excel row 13: {'partner_id': 'MOGEN_OB', 'scheduled_date': Timestamp('2026-03-31 08:00:00'), 'picking_type_id': 'RM11 Receipt', 'date_done': Timestamp('2026-03-31 08:00:00'), 'origin': 'คลังรอเคลม ในประเทศ EMCP', 'location_dest_id': 'RM11/EMCP', 'default_code': 'MO031N101', 'product_uom_qty': 1, 'price_unit': 2771.624, 'sequence': 13, 'date': Timestamp('2026-02-25 00:00:00'), 'scheduled_date_orig': Timestamp('2026-03-31 08:00:00'), 'product_id': 'MO031N101'}
2026-04-15 16:06:47,442 - INFO - Using cached product ID for code: 'MO031N101'
2026-04-15 16:06:47,442 - INFO - Prepared product MO031N101 with quantity 1.0 for batch creation
2026-04-15 16:06:47,443 - INFO - Move locations - Source: 4, Dest: 1219
2026-04-15 16:06:47,443 - INFO - Processing Excel row 14: {'partner_id': 'MOGEN_OB', 'scheduled_date': Timestamp('2026-03-31 08:00:00'), 'picking_type_id': 'RM11 Receipt', 'date_done': Timestamp('2026-03-31 08:00:00'), 'origin': 'คลังรอเคลม ในประเทศ EMCP', 'location_dest_id': 'RM11/EMCP', 'default_code': 'MO049EX1210', 'product_uom_qty': 3, 'price_unit': 2515.6596, 'sequence': 14, 'date': Timestamp('2026-02-25 00:00:00'), 'scheduled_date_orig': Timestamp('2026-03-31 08:00:00'), 'product_id': 'MO049EX1210'}
2026-04-15 16:06:47,443 - INFO - Searching for product with code: 'MO049EX1210' and old code: 'MO049EX1210'
2026-04-15 16:06:47,531 - INFO - Found product with exact match on default_code: 'MO049EX1210'
2026-04-15 16:06:47,611 - INFO - Prepared product MO049EX1210 with quantity 3.0 for batch creation
2026-04-15 16:06:47,612 - INFO - Move locations - Source: 4, Dest: 1219
2026-04-15 16:06:47,612 - INFO - Processing Excel row 15: {'partner_id': 'MOGEN_OB', 'scheduled_date': Timestamp('2026-03-31 08:00:00'), 'picking_type_id': 'RM11 Receipt', 'date_done': Timestamp('2026-03-31 08:00:00'), 'origin': 'คลังรอเคลม ในประเทศ EMCP', 'location_dest_id': 'RM11/EMCP', 'default_code': 'MO049EX1210', 'product_uom_qty': 3, 'price_unit': 2515.6596, 'sequence': 15, 'date': Timestamp('2026-02-25 00:00:00'), 'scheduled_date_orig': Timestamp('2026-03-31 08:00:00'), 'product_id': 'MO049EX1210'}
2026-04-15 16:06:47,613 - INFO - Using cached product ID for code: 'MO049EX1210'
2026-04-15 16:06:47,613 - INFO - Prepared product MO049EX1210 with quantity 3.0 for batch creation
2026-04-15 16:06:47,613 - INFO - Move locations - Source: 4, Dest: 1219
2026-04-15 16:06:47,613 - INFO - Processing Excel row 16: {'partner_id': 'MOGEN_OB', 'scheduled_date': Timestamp('2026-03-31 08:00:00'), 'picking_type_id': 'RM11 Receipt', 'date_done': Timestamp('2026-03-31 08:00:00'), 'origin': 'คลังรอเคลม ในประเทศ EMCP', 'location_dest_id': 'RM11/EMCP', 'default_code': 'MT00431210', 'product_uom_qty': 2, 'price_unit': 1578.14095, 'sequence': 16, 'date': Timestamp('2026-02-04 00:00:00'), 'scheduled_date_orig': Timestamp('2026-03-31 08:00:00'), 'product_id': 'MT00431210'}
2026-04-15 16:06:47,613 - INFO - Searching for product with code: 'MT00431210' and old code: 'MT00431210'
2026-04-15 16:06:47,685 - INFO - Found product with exact match on default_code: 'MT00431210'
2026-04-15 16:06:47,757 - INFO - Prepared product MT00431210 with quantity 2.0 for batch creation
2026-04-15 16:06:47,757 - INFO - Move locations - Source: 4, Dest: 1219
2026-04-15 16:06:47,758 - INFO - Processing Excel row 17: {'partner_id': 'MOGEN_OB', 'scheduled_date': Timestamp('2026-03-31 08:00:00'), 'picking_type_id': 'RM11 Receipt', 'date_done': Timestamp('2026-03-31 08:00:00'), 'origin': 'คลังรอเคลม ในประเทศ EMCP', 'location_dest_id': 'RM11/EMCP', 'default_code': 'MT00431210', 'product_uom_qty': 1, 'price_unit': 1569.0, 'sequence': 17, 'date': Timestamp('2026-03-28 00:00:00'), 'scheduled_date_orig': Timestamp('2026-03-31 08:00:00'), 'product_id': 'MT00431210'}
2026-04-15 16:06:47,758 - INFO - Using cached product ID for code: 'MT00431210'
2026-04-15 16:06:47,758 - INFO - Prepared product MT00431210 with quantity 1.0 for batch creation
2026-04-15 16:06:47,758 - INFO - Move locations - Source: 4, Dest: 1219
2026-04-15 16:06:47,758 - INFO - Processing Excel row 18: {'partner_id': 'MOGEN_OB', 'scheduled_date': Timestamp('2026-03-31 08:00:00'), 'picking_type_id': 'RM11 Receipt', 'date_done': Timestamp('2026-03-31 08:00:00'), 'origin': 'คลังรอเคลม ในประเทศ EMCP', 'location_dest_id': 'RM11/EMCP', 'default_code': 'MT00431210', 'product_uom_qty': 2, 'price_unit': 1569.0, 'sequence': 18, 'date': Timestamp('2026-03-28 00:00:00'), 'scheduled_date_orig': Timestamp('2026-03-31 08:00:00'), 'product_id': 'MT00431210'}
2026-04-15 16:06:47,759 - INFO - Using cached product ID for code: 'MT00431210'
2026-04-15 16:06:47,759 - INFO - Prepared product MT00431210 with quantity 2.0 for batch creation
2026-04-15 16:06:47,759 - INFO - Move locations - Source: 4, Dest: 1219
2026-04-15 16:06:47,759 - INFO - Processing Excel row 19: {'partner_id': 'MOGEN_OB', 'scheduled_date': Timestamp('2026-03-31 08:00:00'), 'picking_type_id': 'RM11 Receipt', 'date_done': Timestamp('2026-03-31 08:00:00'), 'origin': 'คลังรอเคลม ในประเทศ EMCP', 'location_dest_id': 'RM11/EMCP', 'default_code': 'MT00431210', 'product_uom_qty': 1, 'price_unit': 1569.0, 'sequence': 19, 'date': Timestamp('2026-03-28 00:00:00'), 'scheduled_date_orig': Timestamp('2026-03-31 08:00:00'), 'product_id': 'MT00431210'}
2026-04-15 16:06:47,759 - INFO - Using cached product ID for code: 'MT00431210'
2026-04-15 16:06:47,759 - INFO - Prepared product MT00431210 with quantity 1.0 for batch creation
2026-04-15 16:06:47,759 - INFO - Move locations - Source: 4, Dest: 1219
2026-04-15 16:06:47,760 - INFO - Processing Excel row 20: {'partner_id': 'MOGEN_OB', 'scheduled_date': Timestamp('2026-03-31 08:00:00'), 'picking_type_id': 'RM11 Receipt', 'date_done': Timestamp('2026-03-31 08:00:00'), 'origin': 'คลังรอเคลม ในประเทศ EMCP', 'location_dest_id': 'RM11/EMCP', 'default_code': 'MT00431210', 'product_uom_qty': 1, 'price_unit': 1569.0, 'sequence': 20, 'date': Timestamp('2026-03-31 00:00:00'), 'scheduled_date_orig': Timestamp('2026-03-31 08:00:00'), 'product_id': 'MT00431210'}
2026-04-15 16:06:47,760 - INFO - Using cached product ID for code: 'MT00431210'
2026-04-15 16:06:47,760 - INFO - Prepared product MT00431210 with quantity 1.0 for batch creation
2026-04-15 16:06:47,760 - INFO - Move locations - Source: 4, Dest: 1219
2026-04-15 16:06:47,760 - INFO - Processing Excel row 21: {'partner_id': 'MOGEN_OB', 'scheduled_date': Timestamp('2026-03-31 08:00:00'), 'picking_type_id': 'RM11 Receipt', 'date_done': Timestamp('2026-03-31 08:00:00'), 'origin': 'คลังรอเคลม ในประเทศ EMCP', 'location_dest_id': 'RM11/EMCP', 'default_code': 'MT00431210', 'product_uom_qty': 1, 'price_unit': 1569.0, 'sequence': 21, 'date': Timestamp('2026-03-31 00:00:00'), 'scheduled_date_orig': Timestamp('2026-03-31 08:00:00'), 'product_id': 'MT00431210'}
2026-04-15 16:06:47,760 - INFO - Using cached product ID for code: 'MT00431210'
2026-04-15 16:06:47,761 - INFO - Prepared product MT00431210 with quantity 1.0 for batch creation
2026-04-15 16:06:47,761 - INFO - Move locations - Source: 4, Dest: 1219
2026-04-15 16:06:47,761 - INFO - Processing Excel row 22: {'partner_id': 'MOGEN_OB', 'scheduled_date': Timestamp('2026-03-31 08:00:00'), 'picking_type_id': 'RM11 Receipt', 'date_done': Timestamp('2026-03-31 08:00:00'), 'origin': 'คลังรอเคลม ในประเทศ EMCP', 'location_dest_id': 'RM11/EMCP', 'default_code': 'MT00631210', 'product_uom_qty': 1, 'price_unit': 1495.0, 'sequence': 22, 'date': Timestamp('2026-03-28 00:00:00'), 'scheduled_date_orig': Timestamp('2026-03-31 08:00:00'), 'product_id': 'MT00631210'}
2026-04-15 16:06:47,761 - INFO - Searching for product with code: 'MT00631210' and old code: 'MT00631210'
2026-04-15 16:06:47,831 - INFO - Found product with exact match on default_code: 'MT00631210'
2026-04-15 16:06:47,922 - INFO - Prepared product MT00631210 with quantity 1.0 for batch creation
2026-04-15 16:06:47,923 - INFO - Move locations - Source: 4, Dest: 1219
2026-04-15 16:06:47,923 - INFO - Processing Excel row 23: {'partner_id': 'MOGEN_OB', 'scheduled_date': Timestamp('2026-03-31 08:00:00'), 'picking_type_id': 'RM11 Receipt', 'date_done': Timestamp('2026-03-31 08:00:00'), 'origin': 'คลังรอเคลม ในประเทศ EMCP', 'location_dest_id': 'RM11/EMCP', 'default_code': 'MT00711210', 'product_uom_qty': 3, 'price_unit': 1480.0, 'sequence': 23, 'date': Timestamp('2026-02-14 00:00:00'), 'scheduled_date_orig': Timestamp('2026-03-31 08:00:00'), 'product_id': 'MT00711210'}
2026-04-15 16:06:47,924 - INFO - Searching for product with code: 'MT00711210' and old code: 'MT00711210'
2026-04-15 16:06:48,001 - INFO - Found product with exact match on default_code: 'MT00711210'
2026-04-15 16:06:48,071 - INFO - Prepared product MT00711210 with quantity 3.0 for batch creation
2026-04-15 16:06:48,071 - INFO - Move locations - Source: 4, Dest: 1219
2026-04-15 16:06:48,071 - INFO - Processing Excel row 24: {'partner_id': 'MOGEN_OB', 'scheduled_date': Timestamp('2026-03-31 08:00:00'), 'picking_type_id': 'RM11 Receipt', 'date_done': Timestamp('2026-03-31 08:00:00'), 'origin': 'คลังรอเคลม ในประเทศ EMCP', 'location_dest_id': 'RM11/EMCP', 'default_code': 'MT055B+101', 'product_uom_qty': 1, 'price_unit': 1211.7095, 'sequence': 24, 'date': Timestamp('2026-02-17 00:00:00'), 'scheduled_date_orig': Timestamp('2026-03-31 08:00:00'), 'product_id': 'MT055B+101'}
2026-04-15 16:06:48,071 - INFO - Searching for product with code: 'MT055B+101' and old code: 'MT055B+101'
2026-04-15 16:06:48,146 - INFO - Found product with exact match on default_code: 'MT055B+101'
2026-04-15 16:06:48,216 - INFO - Prepared product MT055B+101 with quantity 1.0 for batch creation
2026-04-15 16:06:48,217 - INFO - Move locations - Source: 4, Dest: 1219
2026-04-15 16:06:48,217 - INFO - Processing Excel row 25: {'partner_id': 'MOGEN_OB', 'scheduled_date': Timestamp('2026-03-31 08:00:00'), 'picking_type_id': 'RM11 Receipt', 'date_done': Timestamp('2026-03-31 08:00:00'), 'origin': 'คลังรอเคลม ในประเทศ EMCP', 'location_dest_id': 'RM11/EMCP', 'default_code': 'MT055B+101', 'product_uom_qty': 1, 'price_unit': 1211.7094, 'sequence': 25, 'date': Timestamp('2026-03-06 00:00:00'), 'scheduled_date_orig': Timestamp('2026-03-31 08:00:00'), 'product_id': 'MT055B+101'}
2026-04-15 16:06:48,218 - INFO - Using cached product ID for code: 'MT055B+101'
2026-04-15 16:06:48,218 - INFO - Prepared product MT055B+101 with quantity 1.0 for batch creation
2026-04-15 16:06:48,218 - INFO - Move locations - Source: 4, Dest: 1219
2026-04-15 16:06:48,218 - INFO - Processing Excel row 26: {'partner_id': 'MOGEN_OB', 'scheduled_date': Timestamp('2026-03-31 08:00:00'), 'picking_type_id': 'RM11 Receipt', 'date_done': Timestamp('2026-03-31 08:00:00'), 'origin': 'คลังรอเคลม ในประเทศ EMCP', 'location_dest_id': 'RM11/EMCP', 'default_code': 'MT055B+101', 'product_uom_qty': 1, 'price_unit': 1211.7094, 'sequence': 26, 'date': Timestamp('2026-03-07 00:00:00'), 'scheduled_date_orig': Timestamp('2026-03-31 08:00:00'), 'product_id': 'MT055B+101'}
2026-04-15 16:06:48,218 - INFO - Using cached product ID for code: 'MT055B+101'
2026-04-15 16:06:48,218 - INFO - Prepared product MT055B+101 with quantity 1.0 for batch creation
2026-04-15 16:06:48,218 - INFO - Move locations - Source: 4, Dest: 1219
2026-04-15 16:06:48,218 - INFO - Processing Excel row 27: {'partner_id': 'MOGEN_OB', 'scheduled_date': Timestamp('2026-03-31 08:00:00'), 'picking_type_id': 'RM11 Receipt', 'date_done': Timestamp('2026-03-31 08:00:00'), 'origin': 'คลังรอเคลม ในประเทศ EMCP', 'location_dest_id': 'RM11/EMCP', 'default_code': 'MT055E1210', 'product_uom_qty': 1, 'price_unit': 2240.6086, 'sequence': 27, 'date': Timestamp('2026-03-28 00:00:00'), 'scheduled_date_orig': Timestamp('2026-03-31 08:00:00'), 'product_id': 'MT055E1210'}
2026-04-15 16:06:48,218 - INFO - Searching for product with code: 'MT055E1210' and old code: 'MT055E1210'
2026-04-15 16:06:48,290 - INFO - Found product with exact match on default_code: 'MT055E1210'
2026-04-15 16:06:48,377 - INFO - Prepared product MT055E1210 with quantity 1.0 for batch creation
2026-04-15 16:06:48,377 - INFO - Move locations - Source: 4, Dest: 1219
2026-04-15 16:06:48,377 - INFO - Processing Excel row 28: {'partner_id': 'MOGEN_OB', 'scheduled_date': Timestamp('2026-03-31 08:00:00'), 'picking_type_id': 'RM11 Receipt', 'date_done': Timestamp('2026-03-31 08:00:00'), 'origin': 'คลังรอเคลม ในประเทศ EMCP', 'location_dest_id': 'RM11/EMCP', 'default_code': 'MT055E1210', 'product_uom_qty': 1, 'price_unit': 2240.6086, 'sequence': 28, 'date': Timestamp('2026-03-31 00:00:00'), 'scheduled_date_orig': Timestamp('2026-03-31 08:00:00'), 'product_id': 'MT055E1210'}
2026-04-15 16:06:48,377 - INFO - Using cached product ID for code: 'MT055E1210'
2026-04-15 16:06:48,377 - INFO - Prepared product MT055E1210 with quantity 1.0 for batch creation
2026-04-15 16:06:48,377 - INFO - Move locations - Source: 4, Dest: 1219
2026-04-15 16:06:48,377 - INFO - Processing Excel row 29: {'partner_id': 'MOGEN_OB', 'scheduled_date': Timestamp('2026-03-31 08:00:00'), 'picking_type_id': 'RM11 Receipt', 'date_done': Timestamp('2026-03-31 08:00:00'), 'origin': 'คลังรอเคลม ในประเทศ EMCP', 'location_dest_id': 'RM11/EMCP', 'default_code': 'MT55TC101', 'product_uom_qty': 1, 'price_unit': 560.0, 'sequence': 29, 'date': Timestamp('2026-02-21 00:00:00'), 'scheduled_date_orig': Timestamp('2026-03-31 08:00:00'), 'product_id': 'MT55TC101'}
2026-04-15 16:06:48,377 - INFO - Searching for product with code: 'MT55TC101' and old code: 'MT55TC101'
2026-04-15 16:06:48,446 - INFO - Found product with exact match on default_code: 'MT55TC101'
2026-04-15 16:06:48,511 - INFO - Prepared product MT55TC101 with quantity 1.0 for batch creation
2026-04-15 16:06:48,511 - INFO - Move locations - Source: 4, Dest: 1219
2026-04-15 16:06:48,512 - INFO - Processing Excel row 30: {'partner_id': 'MOGEN_OB', 'scheduled_date': Timestamp('2026-03-31 08:00:00'), 'picking_type_id': 'RM11 Receipt', 'date_done': Timestamp('2026-03-31 08:00:00'), 'origin': 'คลังรอเคลม ในประเทศ EMCP', 'location_dest_id': 'RM11/EMCP', 'default_code': 'MT55TC101', 'product_uom_qty': 1, 'price_unit': 560.0, 'sequence': 30, 'date': Timestamp('2026-02-27 00:00:00'), 'scheduled_date_orig': Timestamp('2026-03-31 08:00:00'), 'product_id': 'MT55TC101'}
2026-04-15 16:06:48,512 - INFO - Using cached product ID for code: 'MT55TC101'
2026-04-15 16:06:48,512 - INFO - Prepared product MT55TC101 with quantity 1.0 for batch creation
2026-04-15 16:06:48,512 - INFO - Move locations - Source: 4, Dest: 1219
2026-04-15 16:06:48,512 - INFO - Processing Excel row 31: {'partner_id': 'MOGEN_OB', 'scheduled_date': Timestamp('2026-03-31 08:00:00'), 'picking_type_id': 'RM11 Receipt', 'date_done': Timestamp('2026-03-31 08:00:00'), 'origin': 'คลังรอเคลม ในประเทศ EMCP', 'location_dest_id': 'RM11/EMCP', 'default_code': 'MT55TC101', 'product_uom_qty': 2, 'price_unit': 560.0, 'sequence': 31, 'date': Timestamp('2026-03-24 00:00:00'), 'scheduled_date_orig': Timestamp('2026-03-31 08:00:00'), 'product_id': 'MT55TC101'}
2026-04-15 16:06:48,512 - INFO - Using cached product ID for code: 'MT55TC101'
2026-04-15 16:06:48,512 - INFO - Prepared product MT55TC101 with quantity 2.0 for batch creation
2026-04-15 16:06:48,512 - INFO - Move locations - Source: 4, Dest: 1219
2026-04-15 16:06:48,513 - INFO - Processing Excel row 32: {'partner_id': 'MOGEN_OB', 'scheduled_date': Timestamp('2026-03-31 08:00:00'), 'picking_type_id': 'RM11 Receipt', 'date_done': Timestamp('2026-03-31 08:00:00'), 'origin': 'คลังรอเคลม ในประเทศ EMCP', 'location_dest_id': 'RM11/EMCP', 'default_code': 'MT55TC101', 'product_uom_qty': 1, 'price_unit': 801.1103, 'sequence': 32, 'date': Timestamp('2026-03-28 00:00:00'), 'scheduled_date_orig': Timestamp('2026-03-31 08:00:00'), 'product_id': 'MT55TC101'}
2026-04-15 16:06:48,513 - INFO - Using cached product ID for code: 'MT55TC101'
2026-04-15 16:06:48,513 - INFO - Prepared product MT55TC101 with quantity 1.0 for batch creation
2026-04-15 16:06:48,513 - INFO - Move locations - Source: 4, Dest: 1219
2026-04-15 16:06:48,513 - INFO - Processing Excel row 33: {'partner_id': 'MOGEN_OB', 'scheduled_date': Timestamp('2026-03-31 08:00:00'), 'picking_type_id': 'RM11 Receipt', 'date_done': Timestamp('2026-03-31 08:00:00'), 'origin': 'คลังรอเคลม ในประเทศ EMCP', 'location_dest_id': 'RM11/EMCP', 'default_code': 'MT71TCF100', 'product_uom_qty': 1, 'price_unit': 655.0, 'sequence': 33, 'date': Timestamp('2026-03-28 00:00:00'), 'scheduled_date_orig': Timestamp('2026-03-31 08:00:00'), 'product_id': 'MT71TCF100'}
2026-04-15 16:06:48,513 - INFO - Searching for product with code: 'MT71TCF100' and old code: 'MT71TCF100'
2026-04-15 16:06:48,600 - INFO - Found product with exact match on default_code: 'MT71TCF100'
2026-04-15 16:06:48,677 - INFO - Prepared product MT71TCF100 with quantity 1.0 for batch creation
2026-04-15 16:06:48,677 - INFO - Move locations - Source: 4, Dest: 1219
2026-04-15 16:06:48,677 - INFO - Processing Excel row 34: {'partner_id': 'MOGEN_OB', 'scheduled_date': Timestamp('2026-03-31 08:00:00'), 'picking_type_id': 'RM11 Receipt', 'date_done': Timestamp('2026-03-31 08:00:00'), 'origin': 'คลังรอเคลม ในประเทศ EMCP', 'location_dest_id': 'RM11/EMCP', 'default_code': 'SP0008100', 'product_uom_qty': 1, 'price_unit': 18.859, 'sequence': 34, 'date': Timestamp('2026-02-17 00:00:00'), 'scheduled_date_orig': Timestamp('2026-03-31 08:00:00'), 'product_id': 'SP0008100'}
2026-04-15 16:06:48,678 - INFO - Searching for product with code: 'SP0008100' and old code: 'SP0008100'
2026-04-15 16:06:48,751 - INFO - Found product with exact match on default_code: 'SP0008100'
2026-04-15 16:06:48,827 - INFO - Prepared product SP0008100 with quantity 1.0 for batch creation
2026-04-15 16:06:48,827 - INFO - Move locations - Source: 4, Dest: 1219
2026-04-15 16:06:48,828 - INFO - Processing Excel row 35: {'partner_id': 'MOGEN_OB', 'scheduled_date': Timestamp('2026-03-31 08:00:00'), 'picking_type_id': 'RM11 Receipt', 'date_done': Timestamp('2026-03-31 08:00:00'), 'origin': 'คลังรอเคลม ในประเทศ EMCP', 'location_dest_id': 'RM11/EMCP', 'default_code': 'SP0008100', 'product_uom_qty': 1, 'price_unit': 18.859, 'sequence': 35, 'date': Timestamp('2026-02-21 00:00:00'), 'scheduled_date_orig': Timestamp('2026-03-31 08:00:00'), 'product_id': 'SP0008100'}
2026-04-15 16:06:48,828 - INFO - Using cached product ID for code: 'SP0008100'
2026-04-15 16:06:48,828 - INFO - Prepared product SP0008100 with quantity 1.0 for batch creation
2026-04-15 16:06:48,828 - INFO - Move locations - Source: 4, Dest: 1219
2026-04-15 16:06:48,828 - INFO - Processing Excel row 36: {'partner_id': 'MOGEN_OB', 'scheduled_date': Timestamp('2026-03-31 08:00:00'), 'picking_type_id': 'RM11 Receipt', 'date_done': Timestamp('2026-03-31 08:00:00'), 'origin': 'คลังรอเคลม ในประเทศ EMCP', 'location_dest_id': 'RM11/EMCP', 'default_code': 'SP0008100', 'product_uom_qty': 1, 'price_unit': 18.859, 'sequence': 36, 'date': Timestamp('2026-02-27 00:00:00'), 'scheduled_date_orig': Timestamp('2026-03-31 08:00:00'), 'product_id': 'SP0008100'}
2026-04-15 16:06:48,828 - INFO - Using cached product ID for code: 'SP0008100'
2026-04-15 16:06:48,828 - INFO - Prepared product SP0008100 with quantity 1.0 for batch creation
2026-04-15 16:06:48,828 - INFO - Move locations - Source: 4, Dest: 1219
2026-04-15 16:06:48,829 - INFO - Processing Excel row 37: {'partner_id': 'MOGEN_OB', 'scheduled_date': Timestamp('2026-03-31 08:00:00'), 'picking_type_id': 'RM11 Receipt', 'date_done': Timestamp('2026-03-31 08:00:00'), 'origin': 'คลังรอเคลม ในประเทศ EMCP', 'location_dest_id': 'RM11/EMCP', 'default_code': 'SP0008100', 'product_uom_qty': 1, 'price_unit': 18.8589, 'sequence': 37, 'date': Timestamp('2026-03-06 00:00:00'), 'scheduled_date_orig': Timestamp('2026-03-31 08:00:00'), 'product_id': 'SP0008100'}
2026-04-15 16:06:48,829 - INFO - Using cached product ID for code: 'SP0008100'
2026-04-15 16:06:48,829 - INFO - Prepared product SP0008100 with quantity 1.0 for batch creation
2026-04-15 16:06:48,829 - INFO - Move locations - Source: 4, Dest: 1219
2026-04-15 16:06:48,829 - INFO - Processing Excel row 38: {'partner_id': 'MOGEN_OB', 'scheduled_date': Timestamp('2026-03-31 08:00:00'), 'picking_type_id': 'RM11 Receipt', 'date_done': Timestamp('2026-03-31 08:00:00'), 'origin': 'คลังรอเคลม ในประเทศ EMCP', 'location_dest_id': 'RM11/EMCP', 'default_code': 'SP0008100', 'product_uom_qty': 1, 'price_unit': 18.8589, 'sequence': 38, 'date': Timestamp('2026-03-07 00:00:00'), 'scheduled_date_orig': Timestamp('2026-03-31 08:00:00'), 'product_id': 'SP0008100'}
2026-04-15 16:06:48,829 - INFO - Using cached product ID for code: 'SP0008100'
2026-04-15 16:06:48,829 - INFO - Prepared product SP0008100 with quantity 1.0 for batch creation
2026-04-15 16:06:48,829 - INFO - Move locations - Source: 4, Dest: 1219
2026-04-15 16:06:48,829 - INFO - Processing Excel row 39: {'partner_id': 'MOGEN_OB', 'scheduled_date': Timestamp('2026-03-31 08:00:00'), 'picking_type_id': 'RM11 Receipt', 'date_done': Timestamp('2026-03-31 08:00:00'), 'origin': 'คลังรอเคลม ในประเทศ EMCP', 'location_dest_id': 'RM11/EMCP', 'default_code': 'SP0008100', 'product_uom_qty': 2, 'price_unit': 18.85895, 'sequence': 39, 'date': Timestamp('2026-03-28 00:00:00'), 'scheduled_date_orig': Timestamp('2026-03-31 08:00:00'), 'product_id': 'SP0008100'}
2026-04-15 16:06:48,830 - INFO - Using cached product ID for code: 'SP0008100'
2026-04-15 16:06:48,830 - INFO - Prepared product SP0008100 with quantity 2.0 for batch creation
2026-04-15 16:06:48,830 - INFO - Move locations - Source: 4, Dest: 1219
2026-04-15 16:06:48,830 - INFO - Processing Excel row 40: {'partner_id': 'MOGEN_OB', 'scheduled_date': Timestamp('2026-03-31 08:00:00'), 'picking_type_id': 'RM11 Receipt', 'date_done': Timestamp('2026-03-31 08:00:00'), 'origin': 'คลังรอเคลม ในประเทศ EMCP', 'location_dest_id': 'RM11/EMCP', 'default_code': 'SP0033100', 'product_uom_qty': 1, 'price_unit': 26.2136, 'sequence': 40, 'date': Timestamp('2026-02-17 00:00:00'), 'scheduled_date_orig': Timestamp('2026-03-31 08:00:00'), 'product_id': 'SP0033100'}
2026-04-15 16:06:48,830 - INFO - Searching for product with code: 'SP0033100' and old code: 'SP0033100'
2026-04-15 16:06:48,898 - INFO - Found product with exact match on default_code: 'SP0033100'
2026-04-15 16:06:48,972 - INFO - Prepared product SP0033100 with quantity 1.0 for batch creation
2026-04-15 16:06:48,972 - INFO - Move locations - Source: 4, Dest: 1219
2026-04-15 16:06:48,973 - INFO - Processing Excel row 41: {'partner_id': 'MOGEN_OB', 'scheduled_date': Timestamp('2026-03-31 08:00:00'), 'picking_type_id': 'RM11 Receipt', 'date_done': Timestamp('2026-03-31 08:00:00'), 'origin': 'คลังรอเคลม ในประเทศ EMCP', 'location_dest_id': 'RM11/EMCP', 'default_code': 'SP0033100', 'product_uom_qty': 1, 'price_unit': 26.2137, 'sequence': 41, 'date': Timestamp('2026-02-21 00:00:00'), 'scheduled_date_orig': Timestamp('2026-03-31 08:00:00'), 'product_id': 'SP0033100'}
2026-04-15 16:06:48,973 - INFO - Using cached product ID for code: 'SP0033100'
2026-04-15 16:06:48,973 - INFO - Prepared product SP0033100 with quantity 1.0 for batch creation
2026-04-15 16:06:48,973 - INFO - Move locations - Source: 4, Dest: 1219
2026-04-15 16:06:48,973 - INFO - Processing Excel row 42: {'partner_id': 'MOGEN_OB', 'scheduled_date': Timestamp('2026-03-31 08:00:00'), 'picking_type_id': 'RM11 Receipt', 'date_done': Timestamp('2026-03-31 08:00:00'), 'origin': 'คลังรอเคลม ในประเทศ EMCP', 'location_dest_id': 'RM11/EMCP', 'default_code': 'SP0033100', 'product_uom_qty': 1, 'price_unit': 26.2136, 'sequence': 42, 'date': Timestamp('2026-02-27 00:00:00'), 'scheduled_date_orig': Timestamp('2026-03-31 08:00:00'), 'product_id': 'SP0033100'}
2026-04-15 16:06:48,973 - INFO - Using cached product ID for code: 'SP0033100'
2026-04-15 16:06:48,973 - INFO - Prepared product SP0033100 with quantity 1.0 for batch creation
2026-04-15 16:06:48,973 - INFO - Move locations - Source: 4, Dest: 1219
2026-04-15 16:06:48,974 - INFO - Processing Excel row 43: {'partner_id': 'MOGEN_OB', 'scheduled_date': Timestamp('2026-03-31 08:00:00'), 'picking_type_id': 'RM11 Receipt', 'date_done': Timestamp('2026-03-31 08:00:00'), 'origin': 'คลังรอเคลม ในประเทศ EMCP', 'location_dest_id': 'RM11/EMCP', 'default_code': 'SP0033100', 'product_uom_qty': 1, 'price_unit': 26.2136, 'sequence': 43, 'date': Timestamp('2026-03-06 00:00:00'), 'scheduled_date_orig': Timestamp('2026-03-31 08:00:00'), 'product_id': 'SP0033100'}
2026-04-15 16:06:48,974 - INFO - Using cached product ID for code: 'SP0033100'
2026-04-15 16:06:48,974 - INFO - Prepared product SP0033100 with quantity 1.0 for batch creation
2026-04-15 16:06:48,974 - INFO - Move locations - Source: 4, Dest: 1219
2026-04-15 16:06:48,974 - INFO - Processing Excel row 44: {'partner_id': 'MOGEN_OB', 'scheduled_date': Timestamp('2026-03-31 08:00:00'), 'picking_type_id': 'RM11 Receipt', 'date_done': Timestamp('2026-03-31 08:00:00'), 'origin': 'คลังรอเคลม ในประเทศ EMCP', 'location_dest_id': 'RM11/EMCP', 'default_code': 'SP0033100', 'product_uom_qty': 1, 'price_unit': 26.2136, 'sequence': 44, 'date': Timestamp('2026-03-07 00:00:00'), 'scheduled_date_orig': Timestamp('2026-03-31 08:00:00'), 'product_id': 'SP0033100'}
2026-04-15 16:06:48,974 - INFO - Using cached product ID for code: 'SP0033100'
2026-04-15 16:06:48,974 - INFO - Prepared product SP0033100 with quantity 1.0 for batch creation
2026-04-15 16:06:48,974 - INFO - Move locations - Source: 4, Dest: 1219
2026-04-15 16:06:48,974 - INFO - Processing Excel row 45: {'partner_id': 'MOGEN_OB', 'scheduled_date': Timestamp('2026-03-31 08:00:00'), 'picking_type_id': 'RM11 Receipt', 'date_done': Timestamp('2026-03-31 08:00:00'), 'origin': 'คลังรอเคลม ในประเทศ EMCP', 'location_dest_id': 'RM11/EMCP', 'default_code': 'SP0033100', 'product_uom_qty': 2, 'price_unit': 26.2136, 'sequence': 45, 'date': Timestamp('2026-03-28 00:00:00'), 'scheduled_date_orig': Timestamp('2026-03-31 08:00:00'), 'product_id': 'SP0033100'}
2026-04-15 16:06:48,975 - INFO - Using cached product ID for code: 'SP0033100'
2026-04-15 16:06:48,975 - INFO - Prepared product SP0033100 with quantity 2.0 for batch creation
2026-04-15 16:06:48,975 - INFO - Move locations - Source: 4, Dest: 1219
2026-04-15 16:06:48,975 - INFO - Processing Excel row 46: {'partner_id': 'MOGEN_OB', 'scheduled_date': Timestamp('2026-03-31 08:00:00'), 'picking_type_id': 'RM11 Receipt', 'date_done': Timestamp('2026-03-31 08:00:00'), 'origin': 'คลังรอเคลม ในประเทศ EMCP', 'location_dest_id': 'RM11/EMCP', 'default_code': 'SPO001100', 'product_uom_qty': 2, 'price_unit': 17.35165, 'sequence': 46, 'date': Timestamp('2026-02-04 00:00:00'), 'scheduled_date_orig': Timestamp('2026-03-31 08:00:00'), 'product_id': 'SPO001100'}
2026-04-15 16:06:48,975 - INFO - Searching for product with code: 'SPO001100' and old code: 'SPO001100'
2026-04-15 16:06:49,061 - INFO - Found product with exact match on default_code: 'SPO001100'
2026-04-15 16:06:49,165 - INFO - Prepared product SPO001100 with quantity 2.0 for batch creation
2026-04-15 16:06:49,166 - INFO - Move locations - Source: 4, Dest: 1219
2026-04-15 16:06:49,166 - INFO - Processing Excel row 47: {'partner_id': 'MOGEN_OB', 'scheduled_date': Timestamp('2026-03-31 08:00:00'), 'picking_type_id': 'RM11 Receipt', 'date_done': Timestamp('2026-03-31 08:00:00'), 'origin': 'คลังรอเคลม ในประเทศ EMCP', 'location_dest_id': 'RM11/EMCP', 'default_code': 'SPO001100', 'product_uom_qty': 1, 'price_unit': 29.0772, 'sequence': 47, 'date': Timestamp('2026-03-28 00:00:00'), 'scheduled_date_orig': Timestamp('2026-03-31 08:00:00'), 'product_id': 'SPO001100'}
2026-04-15 16:06:49,166 - INFO - Using cached product ID for code: 'SPO001100'
2026-04-15 16:06:49,166 - INFO - Prepared product SPO001100 with quantity 1.0 for batch creation
2026-04-15 16:06:49,166 - INFO - Move locations - Source: 4, Dest: 1219
2026-04-15 16:06:49,167 - INFO - Processing Excel row 48: {'partner_id': 'MOGEN_OB', 'scheduled_date': Timestamp('2026-03-31 08:00:00'), 'picking_type_id': 'RM11 Receipt', 'date_done': Timestamp('2026-03-31 08:00:00'), 'origin': 'คลังรอเคลม ในประเทศ EMCP', 'location_dest_id': 'RM11/EMCP', 'default_code': 'SPO001100', 'product_uom_qty': 1, 'price_unit': 29.0772, 'sequence': 48, 'date': Timestamp('2026-03-28 00:00:00'), 'scheduled_date_orig': Timestamp('2026-03-31 08:00:00'), 'product_id': 'SPO001100'}
2026-04-15 16:06:49,167 - INFO - Using cached product ID for code: 'SPO001100'
2026-04-15 16:06:49,167 - INFO - Prepared product SPO001100 with quantity 1.0 for batch creation
2026-04-15 16:06:49,167 - INFO - Move locations - Source: 4, Dest: 1219
2026-04-15 16:06:49,167 - INFO - Processing Excel row 49: {'partner_id': 'MOGEN_OB', 'scheduled_date': Timestamp('2026-03-31 08:00:00'), 'picking_type_id': 'RM11 Receipt', 'date_done': Timestamp('2026-03-31 08:00:00'), 'origin': 'คลังรอเคลม ในประเทศ EMCP', 'location_dest_id': 'RM11/EMCP', 'default_code': 'SPO001100', 'product_uom_qty': 2, 'price_unit': 29.07725, 'sequence': 49, 'date': Timestamp('2026-03-28 00:00:00'), 'scheduled_date_orig': Timestamp('2026-03-31 08:00:00'), 'product_id': 'SPO001100'}
2026-04-15 16:06:49,167 - INFO - Using cached product ID for code: 'SPO001100'
2026-04-15 16:06:49,167 - INFO - Prepared product SPO001100 with quantity 2.0 for batch creation
2026-04-15 16:06:49,167 - INFO - Move locations - Source: 4, Dest: 1219
2026-04-15 16:06:49,168 - INFO - Processing Excel row 50: {'partner_id': 'MOGEN_OB', 'scheduled_date': Timestamp('2026-03-31 08:00:00'), 'picking_type_id': 'RM11 Receipt', 'date_done': Timestamp('2026-03-31 08:00:00'), 'origin': 'คลังรอเคลม ในประเทศ EMCP', 'location_dest_id': 'RM11/EMCP', 'default_code': 'SPO001100', 'product_uom_qty': 1, 'price_unit': 29.0772, 'sequence': 50, 'date': Timestamp('2026-03-28 00:00:00'), 'scheduled_date_orig': Timestamp('2026-03-31 08:00:00'), 'product_id': 'SPO001100'}
2026-04-15 16:06:49,168 - INFO - Using cached product ID for code: 'SPO001100'
2026-04-15 16:06:49,168 - INFO - Prepared product SPO001100 with quantity 1.0 for batch creation
2026-04-15 16:06:49,168 - INFO - Move locations - Source: 4, Dest: 1219
2026-04-15 16:06:49,168 - INFO - Processing Excel row 51: {'partner_id': 'MOGEN_OB', 'scheduled_date': Timestamp('2026-03-31 08:00:00'), 'picking_type_id': 'RM11 Receipt', 'date_done': Timestamp('2026-03-31 08:00:00'), 'origin': 'คลังรอเคลม ในประเทศ EMCP', 'location_dest_id': 'RM11/EMCP', 'default_code': 'SPO001100', 'product_uom_qty': 1, 'price_unit': 29.0772, 'sequence': 51, 'date': Timestamp('2026-03-31 00:00:00'), 'scheduled_date_orig': Timestamp('2026-03-31 08:00:00'), 'product_id': 'SPO001100'}
2026-04-15 16:06:49,168 - INFO - Using cached product ID for code: 'SPO001100'
2026-04-15 16:06:49,168 - INFO - Prepared product SPO001100 with quantity 1.0 for batch creation
2026-04-15 16:06:49,168 - INFO - Move locations - Source: 4, Dest: 1219
2026-04-15 16:06:49,168 - INFO - Processing Excel row 52: {'partner_id': 'MOGEN_OB', 'scheduled_date': Timestamp('2026-03-31 08:00:00'), 'picking_type_id': 'RM11 Receipt', 'date_done': Timestamp('2026-03-31 08:00:00'), 'origin': 'คลังรอเคลม ในประเทศ EMCP', 'location_dest_id': 'RM11/EMCP', 'default_code': 'SPO001100', 'product_uom_qty': 1, 'price_unit': 29.0772, 'sequence': 52, 'date': Timestamp('2026-03-31 00:00:00'), 'scheduled_date_orig': Timestamp('2026-03-31 08:00:00'), 'product_id': 'SPO001100'}
2026-04-15 16:06:49,169 - INFO - Using cached product ID for code: 'SPO001100'
2026-04-15 16:06:49,169 - INFO - Prepared product SPO001100 with quantity 1.0 for batch creation
2026-04-15 16:06:49,169 - INFO - Move locations - Source: 4, Dest: 1219
2026-04-15 16:06:49,671 - INFO - Created 52 moves in batch for picking 15084
2026-04-15 16:06:49,777 - INFO - Re-updated dates before confirming picking 15084: 2026-03-31 08:00:00
2026-04-15 16:06:50,135 - INFO - Confirmed transfer 15084 with forced date context
2026-04-15 16:06:50,136 - INFO - Import completed: 1 success, 0 failed.
