2025-06-17 13:10:28,124 - INFO - Successfully connected to Odoo as user ID: 2
2025-06-17 13:10:28,555 - INFO - Successfully read Excel file with 1203 rows
2025-06-17 13:10:28,555 - INFO - Excel columns: ['partner_id', 'scheduled_date', 'picking_type_id', 'date_done', 'origin', 'location_dest_id', 'product_id', 'product_uom_qty', 'price_unit', 'sequence']
2025-06-17 13:10:28,556 - INFO - Total Excel valuation: 316881.5003
2025-06-17 13:10:28,559 - INFO - Found 306 unique products to update
2025-06-17 13:10:28,617 - INFO - Using stock.change.product.qty wizard for inventory updates
2025-06-17 13:10:28,623 - INFO - Searching for product with code: 'BMS000056'
2025-06-17 13:10:28,777 - WARNING - Product not found: 'BMS000056'
2025-06-17 13:10:28,778 - ERROR - Cannot update product - not found: BMS000056
2025-06-17 13:10:28,778 - INFO - Searching for product with code: 'FIT00247'
2025-06-17 13:10:28,885 - INFO - Found product with exact match: Tap Fittings ตัวกรองสำหรับก๊อกน้ำทุกรุ่น
2025-06-17 13:10:28,886 - INFO - Updating standard_price for FIT00247 to 4.36265466666667
2025-06-17 13:10:29,538 - INFO - Updated quantity for FIT00247 to 300.0
2025-06-17 13:10:29,539 - INFO - Searching for product with code: 'INSTALL_A4160'
2025-06-17 13:10:29,818 - WARNING - Product not found: 'INSTALL_A4160'
2025-06-17 13:10:29,818 - ERROR - Cannot update product - not found: INSTALL_A4160
2025-06-17 13:10:29,819 - INFO - Searching for product with code: 'INSTALL_A4161'
2025-06-17 13:10:30,020 - WARNING - Product not found: 'INSTALL_A4161'
2025-06-17 13:10:30,021 - ERROR - Cannot update product - not found: INSTALL_A4161
2025-06-17 13:10:30,021 - INFO - Searching for product with code: 'INSTALL_A42'
2025-06-17 13:10:30,244 - WARNING - Product not found: 'INSTALL_A42'
2025-06-17 13:10:30,244 - ERROR - Cannot update product - not found: INSTALL_A42
2025-06-17 13:10:30,245 - INFO - Searching for product with code: 'INSTALL_A44'
2025-06-17 13:10:30,540 - INFO - Found product without INSTALL_ prefix: กล่องกระดาษ สำหรับอ่างล้างหน้า รุ่น MA443
2025-06-17 13:10:30,975 - INFO - Updated quantity for INSTALL_A44 to 8292.0
2025-06-17 13:10:30,975 - INFO - Searching for product with code: 'INSTALL_A45'
2025-06-17 13:10:31,252 - WARNING - Product not found: 'INSTALL_A45'
2025-06-17 13:10:31,252 - ERROR - Cannot update product - not found: INSTALL_A45
2025-06-17 13:10:31,253 - INFO - Searching for product with code: 'INSTALL_A4650'
2025-06-17 13:10:31,438 - WARNING - Product not found: 'INSTALL_A4650'
2025-06-17 13:10:31,438 - ERROR - Cannot update product - not found: INSTALL_A4650
2025-06-17 13:10:31,438 - INFO - Searching for product with code: 'INSTALL_A4651'
2025-06-17 13:10:31,662 - WARNING - Product not found: 'INSTALL_A4651'
2025-06-17 13:10:31,662 - ERROR - Cannot update product - not found: INSTALL_A4651
2025-06-17 13:10:31,662 - INFO - Searching for product with code: 'INSTALL_AC01'
2025-06-17 13:10:31,881 - INFO - Found product without INSTALL_ prefix: 3MAC18 Basin
2025-06-17 13:10:32,286 - INFO - Updated quantity for INSTALL_AC01 to 15000.0
2025-06-17 13:10:32,288 - INFO - Searching for product with code: 'INSTALL_AC02'
2025-06-17 13:10:32,601 - INFO - Found product without INSTALL_ prefix: 3MAC20 Basin
2025-06-17 13:10:33,098 - INFO - Updated quantity for INSTALL_AC02 to 13999.0
2025-06-17 13:10:33,099 - INFO - Searching for product with code: 'INSTALL_AC03'
2025-06-17 13:10:33,339 - INFO - Found product without INSTALL_ prefix: AC03/2 เซรามิค (คู่)
2025-06-17 13:10:33,340 - INFO - Updating standard_price for INSTALL_AC03 to 0.2
2025-06-17 13:10:33,963 - INFO - Updated quantity for INSTALL_AC03 to 11841.0
2025-06-17 13:10:33,964 - INFO - Searching for product with code: 'INSTALL_AC21'
2025-06-17 13:10:34,200 - INFO - Found product without INSTALL_ prefix: NX4LF34045W อ่างล้างหน้า พร้อมตู้เฟอร์นิเจอร์ขนาด 45 ซม.
2025-06-17 13:10:34,763 - INFO - Updated quantity for INSTALL_AC21 to 9496.0
2025-06-17 13:10:34,765 - INFO - Searching for product with code: 'INSTALL_AC22'
2025-06-17 13:10:34,998 - WARNING - Product not found: 'INSTALL_AC22'
2025-06-17 13:10:34,998 - ERROR - Cannot update product - not found: INSTALL_AC22
2025-06-17 13:10:34,999 - INFO - Searching for product with code: 'INSTALL_AC23'
2025-06-17 13:10:35,239 - INFO - Found product without INSTALL_ prefix: AC23/1 ราวแขวนผ้า เฉพาะแผ่น Stainless
2025-06-17 13:10:35,683 - INFO - Updated quantity for INSTALL_AC23 to 9500.0
2025-06-17 13:10:35,684 - INFO - Searching for product with code: 'INSTALL_AC31'
2025-06-17 13:10:35,987 - WARNING - Product not found: 'INSTALL_AC31'
2025-06-17 13:10:35,987 - ERROR - Cannot update product - not found: INSTALL_AC31
2025-06-17 13:10:35,988 - INFO - Searching for product with code: 'INSTALL_AC32'
2025-06-17 13:10:36,264 - WARNING - Product not found: 'INSTALL_AC32'
2025-06-17 13:10:36,264 - ERROR - Cannot update product - not found: INSTALL_AC32
2025-06-17 13:10:36,265 - INFO - Searching for product with code: 'INSTALL_AC33'
2025-06-17 13:10:36,583 - INFO - Found product without INSTALL_ prefix: AC33/2 เซรามิค (คู่)
2025-06-17 13:10:36,584 - INFO - Updating standard_price for INSTALL_AC33 to 0.2
2025-06-17 13:10:37,098 - INFO - Updated quantity for INSTALL_AC33 to 9998.0
2025-06-17 13:10:37,099 - INFO - Searching for product with code: 'INSTALL_AC61'
2025-06-17 13:10:37,375 - WARNING - Product not found: 'INSTALL_AC61'
2025-06-17 13:10:37,375 - ERROR - Cannot update product - not found: INSTALL_AC61
2025-06-17 13:10:37,376 - INFO - Searching for product with code: 'INSTALL_AC62'
2025-06-17 13:10:37,633 - WARNING - Product not found: 'INSTALL_AC62'
2025-06-17 13:10:37,633 - ERROR - Cannot update product - not found: INSTALL_AC62
2025-06-17 13:10:37,634 - INFO - Searching for product with code: 'INSTALL_AC63'
2025-06-17 13:10:37,916 - INFO - Found product without INSTALL_ prefix: AC63/1 ราวแขวนผ้า เฉพาะแ ผ่น Stainless
2025-06-17 13:10:37,917 - INFO - Updating standard_price for INSTALL_AC63 to 0.22125
2025-06-17 13:10:38,351 - INFO - Updated quantity for INSTALL_AC63 to 1800.0
2025-06-17 13:10:38,352 - INFO - Searching for product with code: 'INSTALL_ACS43R'
2025-06-17 13:10:38,592 - INFO - Found product without INSTALL_ prefix: ACS43R ราวแขวนผ้า สแตนเลส
2025-06-17 13:10:39,034 - INFO - Updated quantity for INSTALL_ACS43R to 9800.0
2025-06-17 13:10:39,035 - INFO - Searching for product with code: 'INSTALL_ACS44L'
2025-06-17 13:10:39,258 - INFO - Found product without INSTALL_ prefix: ACS44L ที่ใส่กระดาษชำระ สแตนเลส
2025-06-17 13:10:39,259 - INFO - Updating standard_price for INSTALL_ACS44L to 0.1875
2025-06-17 13:10:39,716 - INFO - Updated quantity for INSTALL_ACS44L to 7779.0
2025-06-17 13:10:39,718 - INFO - Searching for product with code: 'INSTALL_MA014'
2025-06-17 13:10:39,940 - INFO - Found product without INSTALL_ prefix: MA142 อ่างล้างหน้าแขวนผนัง พร้อมขา
2025-06-17 13:10:40,488 - INFO - Updated quantity for INSTALL_MA014 to 175.0
2025-06-17 13:10:40,489 - INFO - Searching for product with code: 'INSTALL_MA024'
2025-06-17 13:10:40,728 - INFO - Found product without INSTALL_ prefix: MA241 อ่างล้างหน้าฝังบนเคาน์เตอร์
2025-06-17 13:10:41,185 - INFO - Updated quantity for INSTALL_MA024 to 1863.0
2025-06-17 13:10:41,187 - INFO - Searching for product with code: 'INSTALL_MA035#B'
2025-06-17 13:10:41,473 - WARNING - Product not found: 'INSTALL_MA035#B'
2025-06-17 13:10:41,474 - ERROR - Cannot update product - not found: INSTALL_MA035#B
2025-06-17 13:10:41,474 - INFO - Searching for product with code: 'INSTALL_MA043'
2025-06-17 13:10:41,739 - INFO - Found product without INSTALL_ prefix: MA433 อ่างล้างหน้าฝังบนเคาน์เตอร์
2025-06-17 13:10:41,740 - INFO - Updating standard_price for INSTALL_MA043 to 0.13333333333333333
2025-06-17 13:10:42,160 - INFO - Updated quantity for INSTALL_MA043 to 2598.0
2025-06-17 13:10:42,162 - INFO - Searching for product with code: 'INSTALL_MA054'
2025-06-17 13:10:42,415 - INFO - Found product without INSTALL_ prefix: MA543 อ่างล้างหน้าวางบนเคาน์เตอร์
2025-06-17 13:10:42,415 - INFO - Updating standard_price for INSTALL_MA054 to 0.11586071428571429
2025-06-17 13:10:43,000 - INFO - Updated quantity for INSTALL_MA054 to 208.0
2025-06-17 13:10:43,002 - INFO - Searching for product with code: 'INSTALL_MA063'
2025-06-17 13:10:43,225 - INFO - Found product without INSTALL_ prefix: MA631 อ่างล้างหน้าฝังบนเคาน์เตอร์
2025-06-17 13:10:43,225 - INFO - Updating standard_price for INSTALL_MA063 to 0.2
2025-06-17 13:10:43,787 - INFO - Updated quantity for INSTALL_MA063 to 1352.0
2025-06-17 13:10:43,789 - INFO - Searching for product with code: 'INSTALL_MA072'
2025-06-17 13:10:44,042 - INFO - Found product without INSTALL_ prefix: 3MA072 (B) Basin
2025-06-17 13:10:44,427 - INFO - Updated quantity for INSTALL_MA072 to 1004.0
2025-06-17 13:10:44,428 - INFO - Searching for product with code: 'INSTALL_MA092'
2025-06-17 13:10:44,682 - INFO - Found product without INSTALL_ prefix: 3MA092 (B) Basin
2025-06-17 13:10:44,683 - INFO - Updating standard_price for INSTALL_MA092 to 0.08
2025-06-17 13:10:45,176 - INFO - Updated quantity for INSTALL_MA092 to 2194.0
2025-06-17 13:10:45,177 - INFO - Searching for product with code: 'INSTALL_MA094'
2025-06-17 13:10:45,509 - WARNING - Product not found: 'INSTALL_MA094'
2025-06-17 13:10:45,509 - ERROR - Cannot update product - not found: INSTALL_MA094
2025-06-17 13:10:45,510 - INFO - Searching for product with code: 'INSTALL_MA113'
2025-06-17 13:10:45,785 - INFO - Found product without INSTALL_ prefix: MA113A อ่างล้างหน้าวางบนเคาน์เตอร์
2025-06-17 13:10:46,442 - INFO - Updated quantity for INSTALL_MA113 to 4.0
2025-06-17 13:10:46,444 - INFO - Searching for product with code: 'INSTALL_MA122'
2025-06-17 13:10:46,692 - INFO - Found product without INSTALL_ prefix: 3MA122 (B) Basin
2025-06-17 13:10:47,027 - INFO - Updated quantity for INSTALL_MA122 to 2145.0
2025-06-17 13:10:47,028 - INFO - Searching for product with code: 'INSTALL_MA133'
2025-06-17 13:10:47,232 - WARNING - Product not found: 'INSTALL_MA133'
2025-06-17 13:10:47,232 - ERROR - Cannot update product - not found: INSTALL_MA133
2025-06-17 13:10:47,233 - INFO - Searching for product with code: 'INSTALL_MA161'
2025-06-17 13:10:47,466 - WARNING - Product not found: 'INSTALL_MA161'
2025-06-17 13:10:47,466 - ERROR - Cannot update product - not found: INSTALL_MA161
2025-06-17 13:10:47,466 - INFO - Searching for product with code: 'INSTALL_MA172'
2025-06-17 13:10:47,689 - INFO - Found product without INSTALL_ prefix: 3MA172 (P) Spare part
2025-06-17 13:10:47,689 - INFO - Updating standard_price for INSTALL_MA172 to 0.4151679487179488
2025-06-17 13:10:48,286 - INFO - Updated quantity for INSTALL_MA172 to 1585.0
2025-06-17 13:10:48,287 - INFO - Searching for product with code: 'INSTALL_MA191'
2025-06-17 13:10:48,533 - WARNING - Product not found: 'INSTALL_MA191'
2025-06-17 13:10:48,533 - ERROR - Cannot update product - not found: INSTALL_MA191
2025-06-17 13:10:48,533 - INFO - Searching for product with code: 'INSTALL_MA204'
2025-06-17 13:10:48,770 - WARNING - Product not found: 'INSTALL_MA204'
2025-06-17 13:10:48,771 - ERROR - Cannot update product - not found: INSTALL_MA204
2025-06-17 13:10:48,771 - INFO - Searching for product with code: 'INSTALL_MA215'
2025-06-17 13:10:48,970 - INFO - Found product without INSTALL_ prefix: MA215 EX อ่างล้างหน้าฝังใต้เคาน์เตอร์
2025-06-17 13:10:48,970 - INFO - Updating standard_price for INSTALL_MA215 to 0.4
2025-06-17 13:10:49,416 - INFO - Updated quantity for INSTALL_MA215 to 188.0
2025-06-17 13:10:49,417 - INFO - Searching for product with code: 'INSTALL_MA292'
2025-06-17 13:10:49,619 - WARNING - Product not found: 'INSTALL_MA292'
2025-06-17 13:10:49,620 - ERROR - Cannot update product - not found: INSTALL_MA292
2025-06-17 13:10:49,620 - INFO - Searching for product with code: 'INSTALL_MA302(B)'
2025-06-17 13:10:49,928 - WARNING - Product not found: 'INSTALL_MA302(B)'
2025-06-17 13:10:49,928 - ERROR - Cannot update product - not found: INSTALL_MA302(B)
2025-06-17 13:10:49,929 - INFO - Searching for product with code: 'INSTALL_MA343'
2025-06-17 13:10:50,233 - WARNING - Product not found: 'INSTALL_MA343'
2025-06-17 13:10:50,233 - ERROR - Cannot update product - not found: INSTALL_MA343
2025-06-17 13:10:50,234 - INFO - Searching for product with code: 'INSTALL_MA351'
2025-06-17 13:10:50,465 - WARNING - Product not found: 'INSTALL_MA351'
2025-06-17 13:10:50,465 - ERROR - Cannot update product - not found: INSTALL_MA351
2025-06-17 13:10:50,465 - INFO - Searching for product with code: 'INSTALL_MA362'
2025-06-17 13:10:50,705 - INFO - Found product without INSTALL_ prefix: SETMA362 ชุดเซตอ่างล้างหน้า
2025-06-17 13:10:51,124 - INFO - Updated quantity for INSTALL_MA362 to 565.0
2025-06-17 13:10:51,124 - INFO - Searching for product with code: 'INSTALL_MA372(L)'
2025-06-17 13:10:51,394 - WARNING - Product not found: 'INSTALL_MA372(L)'
2025-06-17 13:10:51,395 - ERROR - Cannot update product - not found: INSTALL_MA372(L)
2025-06-17 13:10:51,395 - INFO - Searching for product with code: 'INSTALL_MA372(R)'
2025-06-17 13:10:51,613 - WARNING - Product not found: 'INSTALL_MA372(R)'
2025-06-17 13:10:51,613 - ERROR - Cannot update product - not found: INSTALL_MA372(R)
2025-06-17 13:10:51,614 - INFO - Searching for product with code: 'INSTALL_MA382'
2025-06-17 13:10:51,837 - WARNING - Product not found: 'INSTALL_MA382'
2025-06-17 13:10:51,837 - ERROR - Cannot update product - not found: INSTALL_MA382
2025-06-17 13:10:51,838 - INFO - Searching for product with code: 'INSTALL_MA393'
2025-06-17 13:10:52,094 - WARNING - Product not found: 'INSTALL_MA393'
2025-06-17 13:10:52,094 - ERROR - Cannot update product - not found: INSTALL_MA393
2025-06-17 13:10:52,094 - INFO - Searching for product with code: 'INSTALL_MA443'
2025-06-17 13:10:52,326 - INFO - Found product without INSTALL_ prefix: กล่องกระดาษ สำหรับอ่างล้างหน้า รุ่น MA443
2025-06-17 13:10:52,326 - INFO - Updating standard_price for INSTALL_MA443 to 0.09375
2025-06-17 13:10:52,785 - INFO - Updated quantity for INSTALL_MA443 to 78.0
2025-06-17 13:10:52,787 - INFO - Searching for product with code: 'INSTALL_MA453'
2025-06-17 13:10:53,034 - WARNING - Product not found: 'INSTALL_MA453'
2025-06-17 13:10:53,034 - ERROR - Cannot update product - not found: INSTALL_MA453
2025-06-17 13:10:53,035 - INFO - Searching for product with code: 'INSTALL_MA462'
2025-06-17 13:10:53,283 - WARNING - Product not found: 'INSTALL_MA462'
2025-06-17 13:10:53,284 - ERROR - Cannot update product - not found: INSTALL_MA462
2025-06-17 13:10:53,284 - INFO - Searching for product with code: 'INSTALL_MA475'
2025-06-17 13:10:53,491 - WARNING - Product not found: 'INSTALL_MA475'
2025-06-17 13:10:53,491 - ERROR - Cannot update product - not found: INSTALL_MA475
2025-06-17 13:10:53,492 - INFO - Searching for product with code: 'INSTALL_MA485'
2025-06-17 13:10:53,755 - WARNING - Product not found: 'INSTALL_MA485'
2025-06-17 13:10:53,755 - ERROR - Cannot update product - not found: INSTALL_MA485
2025-06-17 13:10:53,756 - INFO - Searching for product with code: 'INSTALL_MA493'
2025-06-17 13:10:54,221 - WARNING - Product not found: 'INSTALL_MA493'
2025-06-17 13:10:54,222 - ERROR - Cannot update product - not found: INSTALL_MA493
2025-06-17 13:10:54,222 - INFO - Searching for product with code: 'INSTALL_MA543'
2025-06-17 13:10:54,550 - WARNING - Product not found: 'INSTALL_MA543'
2025-06-17 13:10:54,551 - ERROR - Cannot update product - not found: INSTALL_MA543
2025-06-17 13:10:54,551 - INFO - Searching for product with code: 'INSTALL_MO02N'
2025-06-17 13:10:54,770 - INFO - Found product without INSTALL_ prefix: MO02N/B เฉพาะตัวโถสุขภัณฑ์
2025-06-17 13:10:54,771 - INFO - Updating standard_price for INSTALL_MO02N to 0.322185
2025-06-17 13:10:55,158 - INFO - Updated quantity for INSTALL_MO02N to 1421.0
2025-06-17 13:10:55,159 - INFO - Searching for product with code: 'INSTALL_MO07'
2025-06-17 13:10:55,361 - INFO - Found product without INSTALL_ prefix: 3MO79/S1 Spare part
2025-06-17 13:10:55,361 - INFO - Updating standard_price for INSTALL_MO07 to 0.4637592857142857
2025-06-17 13:10:55,898 - INFO - Updated quantity for INSTALL_MO07 to 1037.0
2025-06-17 13:10:55,898 - INFO - Searching for product with code: 'INSTALL_MO09N'
2025-06-17 13:10:56,197 - WARNING - Product not found: 'INSTALL_MO09N'
2025-06-17 13:10:56,197 - ERROR - Cannot update product - not found: INSTALL_MO09N
2025-06-17 13:10:56,198 - INFO - Searching for product with code: 'INSTALL_MO10'
2025-06-17 13:10:56,400 - INFO - Found product without INSTALL_ prefix: MO10/B เฉพาะตัวโถสุขภัณฑ์
2025-06-17 13:10:56,400 - INFO - Updating standard_price for INSTALL_MO10 to 0.20066666666666666
2025-06-17 13:10:56,961 - INFO - Updated quantity for INSTALL_MO10 to 1112.0
2025-06-17 13:10:56,962 - INFO - Searching for product with code: 'INSTALL_MO23N'
2025-06-17 13:10:57,206 - INFO - Found product without INSTALL_ prefix: MO23N/B เฉพาะตัวโถสุขภัณฑ์
2025-06-17 13:10:57,207 - INFO - Updating standard_price for INSTALL_MO23N to 0.35953713235294116
2025-06-17 13:10:57,694 - INFO - Updated quantity for INSTALL_MO23N to 50.0
2025-06-17 13:10:57,694 - INFO - Searching for product with code: 'INSTALL_MO25'
2025-06-17 13:10:57,935 - INFO - Found product without INSTALL_ prefix: 3MO25/BC Spare part
2025-06-17 13:10:57,935 - INFO - Updating standard_price for INSTALL_MO25 to 8.662491836734695
2025-06-17 13:10:58,383 - INFO - Updated quantity for INSTALL_MO25 to 734.0
2025-06-17 13:10:58,385 - INFO - Searching for product with code: 'INSTALL_MO27'
2025-06-17 13:10:58,678 - INFO - Found product without INSTALL_ prefix: MO27/B เฉพาะตัวโถสุขภัณฑ์
2025-06-17 13:10:59,230 - INFO - Updated quantity for INSTALL_MO27 to 1393.0
2025-06-17 13:10:59,230 - INFO - Searching for product with code: 'INSTALL_MO28'
2025-06-17 13:10:59,507 - INFO - Found product without INSTALL_ prefix: MO28/B+F เฉพาะตัวโถสุขภัณฑ์และอุปกรณ์ติดตั้งพร้อมอุปกรณ์หม้อน้ำ
2025-06-17 13:10:59,507 - INFO - Updating standard_price for INSTALL_MO28 to 0.7666666666666666
2025-06-17 13:11:00,016 - INFO - Updated quantity for INSTALL_MO28 to 1729.0
2025-06-17 13:11:00,018 - INFO - Searching for product with code: 'INSTALL_MO38'
2025-06-17 13:11:00,229 - INFO - Found product without INSTALL_ prefix: MO38/B เฉพาะตัวโถสุขภัณฑ์
2025-06-17 13:11:00,229 - INFO - Updating standard_price for INSTALL_MO38 to 0.4629022332506203
2025-06-17 13:11:00,764 - INFO - Updated quantity for INSTALL_MO38 to 191.0
2025-06-17 13:11:00,765 - INFO - Searching for product with code: 'INSTALL_MO39(ECO)'
2025-06-17 13:11:01,072 - WARNING - Product not found: 'INSTALL_MO39(ECO)'
2025-06-17 13:11:01,073 - ERROR - Cannot update product - not found: INSTALL_MO39(ECO)
2025-06-17 13:11:01,073 - INFO - Searching for product with code: 'INSTALL_MO53(ECO)'
2025-06-17 13:11:01,279 - WARNING - Product not found: 'INSTALL_MO53(ECO)'
2025-06-17 13:11:01,279 - ERROR - Cannot update product - not found: INSTALL_MO53(ECO)
2025-06-17 13:11:01,280 - INFO - Searching for product with code: 'INSTALL_MO65 (ECO)'
2025-06-17 13:11:01,500 - WARNING - Product not found: 'INSTALL_MO65 (ECO)'
2025-06-17 13:11:01,500 - ERROR - Cannot update product - not found: INSTALL_MO65 (ECO)
2025-06-17 13:11:01,501 - INFO - Searching for product with code: 'INSTALL_MT10(SP)'
2025-06-17 13:11:01,784 - WARNING - Product not found: 'INSTALL_MT10(SP)'
2025-06-17 13:11:01,785 - ERROR - Cannot update product - not found: INSTALL_MT10(SP)
2025-06-17 13:11:01,785 - INFO - Searching for product with code: 'INSTALL_MT14'
2025-06-17 13:11:02,100 - INFO - Found product without INSTALL_ prefix: 3MT14/S1 Spare part
2025-06-17 13:11:02,100 - INFO - Updating standard_price for INSTALL_MT14 to 0.11758238636363637
2025-06-17 13:11:02,551 - INFO - Updated quantity for INSTALL_MT14 to 2030.0
2025-06-17 13:11:02,551 - INFO - Searching for product with code: 'INSTALL_MT16N'
2025-06-17 13:11:02,841 - INFO - Found product without INSTALL_ prefix: MT16N (SHOW) โถสุขภัณฑ์สองชิ้น สีขาว
2025-06-17 13:11:02,841 - INFO - Updating standard_price for INSTALL_MT16N to 0.24444444444444446
2025-06-17 13:11:03,469 - INFO - Updated quantity for INSTALL_MT16N to 445.0
2025-06-17 13:11:03,471 - INFO - Searching for product with code: 'INSTALL_MT19(ECO)'
2025-06-17 13:11:03,702 - WARNING - Product not found: 'INSTALL_MT19(ECO)'
2025-06-17 13:11:03,702 - ERROR - Cannot update product - not found: INSTALL_MT19(ECO)
2025-06-17 13:11:03,703 - INFO - Searching for product with code: 'INSTALL_MT19(SP)'
2025-06-17 13:11:03,954 - WARNING - Product not found: 'INSTALL_MT19(SP)'
2025-06-17 13:11:03,955 - ERROR - Cannot update product - not found: INSTALL_MT19(SP)
2025-06-17 13:11:03,955 - INFO - Searching for product with code: 'INSTALL_MT20(ECO PL)'
2025-06-17 13:11:04,238 - WARNING - Product not found: 'INSTALL_MT20(ECO PL)'
2025-06-17 13:11:04,238 - ERROR - Cannot update product - not found: INSTALL_MT20(ECO PL)
2025-06-17 13:11:04,239 - INFO - Searching for product with code: 'INSTALL_MT20(ECO)'
2025-06-17 13:11:04,453 - WARNING - Product not found: 'INSTALL_MT20(ECO)'
2025-06-17 13:11:04,454 - ERROR - Cannot update product - not found: INSTALL_MT20(ECO)
2025-06-17 13:11:04,454 - INFO - Searching for product with code: 'INSTALL_MT20(SP)'
2025-06-17 13:11:04,713 - WARNING - Product not found: 'INSTALL_MT20(SP)'
2025-06-17 13:11:04,713 - ERROR - Cannot update product - not found: INSTALL_MT20(SP)
2025-06-17 13:11:04,714 - INFO - Searching for product with code: 'INSTALL_MT22'
2025-06-17 13:11:04,937 - INFO - Found product without INSTALL_ prefix: MT22/B+S โถสุขภัณฑ์และฝารองนั่งพร้อมอุปกรณ์ติดตั้ง รุ่น ทัช
2025-06-17 13:11:04,937 - INFO - Updating standard_price for INSTALL_MT22 to 0.3275079812206573
2025-06-17 13:11:05,518 - INFO - Updated quantity for INSTALL_MT22 to 1497.0
2025-06-17 13:11:05,519 - INFO - Searching for product with code: 'INSTALL_MT24FV'
2025-06-17 13:11:05,789 - INFO - Found product without INSTALL_ prefix: MT24 FV สุขภัณฑ์ฟลัชวาล์ว
2025-06-17 13:11:05,789 - INFO - Updating standard_price for INSTALL_MT24FV to 0.20000000000000004
2025-06-17 13:11:06,248 - INFO - Updated quantity for INSTALL_MT24FV to 949.0
2025-06-17 13:11:06,248 - INFO - Searching for product with code: 'INSTALL_MT30'
2025-06-17 13:11:06,492 - INFO - Found product without INSTALL_ prefix: MT30/TC เฉพาะหม้อน้ำพร้อมฝาหม้อน้ำ
2025-06-17 13:11:06,492 - INFO - Updating standard_price for INSTALL_MT30 to 0.5587606060606061
2025-06-17 13:11:07,029 - INFO - Updated quantity for INSTALL_MT30 to 4070.0
2025-06-17 13:11:07,030 - INFO - Searching for product with code: 'INSTALL_MT33'
2025-06-17 13:11:07,301 - INFO - Found product without INSTALL_ prefix: MT33/TC เฉพาะหม้อน้ำพร้อมฝาหม้อน้ำ
2025-06-17 13:11:07,301 - INFO - Updating standard_price for INSTALL_MT33 to 0.436
2025-06-17 13:11:07,796 - INFO - Updated quantity for INSTALL_MT33 to 9.0
2025-06-17 13:11:07,798 - INFO - Searching for product with code: 'INSTALL_MT33(SP)'
2025-06-17 13:11:08,124 - WARNING - Product not found: 'INSTALL_MT33(SP)'
2025-06-17 13:11:08,124 - ERROR - Cannot update product - not found: INSTALL_MT33(SP)
2025-06-17 13:11:08,125 - INFO - Searching for product with code: 'INSTALL_MT34(ECO)'
2025-06-17 13:11:08,383 - WARNING - Product not found: 'INSTALL_MT34(ECO)'
2025-06-17 13:11:08,384 - ERROR - Cannot update product - not found: INSTALL_MT34(ECO)
2025-06-17 13:11:08,385 - INFO - Searching for product with code: 'INSTALL_MT35(ECO)'
2025-06-17 13:11:08,656 - WARNING - Product not found: 'INSTALL_MT35(ECO)'
2025-06-17 13:11:08,656 - ERROR - Cannot update product - not found: INSTALL_MT35(ECO)
2025-06-17 13:11:08,657 - INFO - Searching for product with code: 'INSTALL_MT36(ECO)'
2025-06-17 13:11:08,900 - WARNING - Product not found: 'INSTALL_MT36(ECO)'
2025-06-17 13:11:08,901 - ERROR - Cannot update product - not found: INSTALL_MT36(ECO)
2025-06-17 13:11:08,901 - INFO - Searching for product with code: 'INSTALL_MU01'
2025-06-17 13:11:09,152 - INFO - Found product without INSTALL_ prefix: 3PMU01/1 Spare part
2025-06-17 13:11:09,152 - INFO - Updating standard_price for INSTALL_MU01 to 0.16782317073170733
2025-06-17 13:11:09,516 - INFO - Updated quantity for INSTALL_MU01 to 2547.0
2025-06-17 13:11:09,517 - INFO - Searching for product with code: 'INSTALL_MU03'
2025-06-17 13:11:09,744 - WARNING - Product not found: 'INSTALL_MU03'
2025-06-17 13:11:09,744 - ERROR - Cannot update product - not found: INSTALL_MU03
2025-06-17 13:11:09,745 - INFO - Searching for product with code: 'INSTALL_MU04'
2025-06-17 13:11:10,063 - INFO - Found product without INSTALL_ prefix: SETMU04 ชุดเซตโถปัสสาวะชาย
2025-06-17 13:11:10,063 - INFO - Updating standard_price for INSTALL_MU04 to 0.11000000000000001
2025-06-17 13:11:10,696 - INFO - Updated quantity for INSTALL_MU04 to 1340.0
2025-06-17 13:11:10,696 - INFO - Searching for product with code: 'INSTALL_MW01'
2025-06-17 13:11:10,962 - INFO - Found product without INSTALL_ prefix: 3W01/B Spare part
2025-06-17 13:11:10,962 - INFO - Updating standard_price for INSTALL_MW01 to 0.4324388888888889
2025-06-17 13:11:11,395 - INFO - Updated quantity for INSTALL_MW01 to 971.0
2025-06-17 13:11:11,397 - INFO - Searching for product with code: 'INSTALL_MW02'
2025-06-17 13:11:11,645 - INFO - Found product without INSTALL_ prefix: 3W02/B Spare part
2025-06-17 13:11:11,645 - INFO - Updating standard_price for INSTALL_MW02 to 0.1061875
2025-06-17 13:11:12,094 - INFO - Updated quantity for INSTALL_MW02 to 1066.0
2025-06-17 13:11:12,096 - INFO - Searching for product with code: 'INSTALL_MW03'
2025-06-17 13:11:12,281 - INFO - Found product without INSTALL_ prefix: 3W03/B Spare part
2025-06-17 13:11:12,281 - INFO - Updating standard_price for INSTALL_MW03 to 0.18333333333333335
2025-06-17 13:11:12,688 - INFO - Updated quantity for INSTALL_MW03 to 709.0
2025-06-17 13:11:12,689 - INFO - Searching for product with code: 'INSTALL_MW04'
2025-06-17 13:11:13,037 - INFO - Found product without INSTALL_ prefix: W04/B เฉพาะโถสุขภัณฑ์
2025-06-17 13:11:13,037 - INFO - Updating standard_price for INSTALL_MW04 to 0.08084166666666666
2025-06-17 13:11:13,535 - INFO - Updated quantity for INSTALL_MW04 to 297.0
2025-06-17 13:11:13,536 - INFO - Searching for product with code: 'MSPMLC081'
2025-06-17 13:11:13,647 - INFO - Found product with exact match: SPMLC08-1 ข้อต่อตรงหางปลาแปลง PE
2025-06-17 13:11:13,648 - INFO - Updating standard_price for MSPMLC081 to 25.8651
2025-06-17 13:11:14,138 - INFO - Updated quantity for MSPMLC081 to 20.0
2025-06-17 13:11:14,139 - INFO - Searching for product with code: 'MSPMLC082'
2025-06-17 13:11:14,223 - INFO - Found product with exact match: SPMLC08-2 ข้องอเกลียวนอก-หางปลา PE
2025-06-17 13:11:14,223 - INFO - Updating standard_price for MSPMLC082 to 38.79765
2025-06-17 13:11:14,728 - INFO - Updated quantity for MSPMLC082 to 20.0
2025-06-17 13:11:14,730 - INFO - Searching for product with code: 'MSPMLC084'
2025-06-17 13:11:14,858 - INFO - Found product with exact match: SPMLC08-4 สามทางเกลียวใน PE
2025-06-17 13:11:14,858 - INFO - Updating standard_price for MSPMLC084 to 31.77
2025-06-17 13:11:15,375 - INFO - Updated quantity for MSPMLC084 to 5.0
2025-06-17 13:11:15,376 - INFO - Searching for product with code: 'MSPMLC087'
2025-06-17 13:11:15,473 - INFO - Found product with exact match: SPMLC08-7 ข้อต่อตรงเกลียวใน PE
2025-06-17 13:11:15,474 - INFO - Updating standard_price for MSPMLC087 to 19.398825
2025-06-17 13:11:15,889 - INFO - Updated quantity for MSPMLC087 to 4.0
2025-06-17 13:11:15,890 - INFO - Searching for product with code: 'PACK00062'
2025-06-17 13:11:16,048 - WARNING - Product not found: 'PACK00062'
2025-06-17 13:11:16,048 - ERROR - Cannot update product - not found: PACK00062
2025-06-17 13:11:16,049 - INFO - Searching for product with code: 'PACK00063'
2025-06-17 13:11:16,219 - WARNING - Product not found: 'PACK00063'
2025-06-17 13:11:16,220 - ERROR - Cannot update product - not found: PACK00063
2025-06-17 13:11:16,220 - INFO - Searching for product with code: 'PACK00064'
2025-06-17 13:11:16,394 - WARNING - Product not found: 'PACK00064'
2025-06-17 13:11:16,395 - ERROR - Cannot update product - not found: PACK00064
2025-06-17 13:11:16,395 - INFO - Searching for product with code: 'PACK00098'
2025-06-17 13:11:16,574 - WARNING - Product not found: 'PACK00098'
2025-06-17 13:11:16,574 - ERROR - Cannot update product - not found: PACK00098
2025-06-17 13:11:16,575 - INFO - Searching for product with code: 'PACK00099'
2025-06-17 13:11:16,714 - WARNING - Product not found: 'PACK00099'
2025-06-17 13:11:16,714 - ERROR - Cannot update product - not found: PACK00099
2025-06-17 13:11:16,714 - INFO - Searching for product with code: 'PACK00100'
2025-06-17 13:11:16,868 - WARNING - Product not found: 'PACK00100'
2025-06-17 13:11:16,868 - ERROR - Cannot update product - not found: PACK00100
2025-06-17 13:11:16,869 - INFO - Searching for product with code: 'PACK00101'
2025-06-17 13:11:17,054 - WARNING - Product not found: 'PACK00101'
2025-06-17 13:11:17,055 - ERROR - Cannot update product - not found: PACK00101
2025-06-17 13:11:17,055 - INFO - Searching for product with code: 'PACK00121'
2025-06-17 13:11:17,224 - WARNING - Product not found: 'PACK00121'
2025-06-17 13:11:17,225 - ERROR - Cannot update product - not found: PACK00121
2025-06-17 13:11:17,225 - INFO - Searching for product with code: 'PACK00126'
2025-06-17 13:11:17,480 - WARNING - Product not found: 'PACK00126'
2025-06-17 13:11:17,480 - ERROR - Cannot update product - not found: PACK00126
2025-06-17 13:11:17,481 - INFO - Searching for product with code: 'PACK00128'
2025-06-17 13:11:17,675 - WARNING - Product not found: 'PACK00128'
2025-06-17 13:11:17,675 - ERROR - Cannot update product - not found: PACK00128
2025-06-17 13:11:17,675 - INFO - Searching for product with code: 'PACK00207'
2025-06-17 13:11:17,815 - WARNING - Product not found: 'PACK00207'
2025-06-17 13:11:17,815 - ERROR - Cannot update product - not found: PACK00207
2025-06-17 13:11:17,816 - INFO - Searching for product with code: 'PACK00210'
2025-06-17 13:11:17,963 - WARNING - Product not found: 'PACK00210'
2025-06-17 13:11:17,963 - ERROR - Cannot update product - not found: PACK00210
2025-06-17 13:11:17,964 - INFO - Searching for product with code: 'PACK00222'
2025-06-17 13:11:18,100 - WARNING - Product not found: 'PACK00222'
2025-06-17 13:11:18,101 - ERROR - Cannot update product - not found: PACK00222
2025-06-17 13:11:18,101 - INFO - Searching for product with code: 'PACK00223'
2025-06-17 13:11:18,275 - WARNING - Product not found: 'PACK00223'
2025-06-17 13:11:18,275 - ERROR - Cannot update product - not found: PACK00223
2025-06-17 13:11:18,276 - INFO - Searching for product with code: 'PACK00224'
2025-06-17 13:11:18,460 - WARNING - Product not found: 'PACK00224'
2025-06-17 13:11:18,461 - ERROR - Cannot update product - not found: PACK00224
2025-06-17 13:11:18,461 - INFO - Searching for product with code: 'PACK00233'
2025-06-17 13:11:18,652 - WARNING - Product not found: 'PACK00233'
2025-06-17 13:11:18,652 - ERROR - Cannot update product - not found: PACK00233
2025-06-17 13:11:18,653 - INFO - Searching for product with code: 'PACK00248'
2025-06-17 13:11:18,830 - WARNING - Product not found: 'PACK00248'
2025-06-17 13:11:18,831 - ERROR - Cannot update product - not found: PACK00248
2025-06-17 13:11:18,831 - INFO - Searching for product with code: 'PACK00249'
2025-06-17 13:11:19,006 - WARNING - Product not found: 'PACK00249'
2025-06-17 13:11:19,007 - ERROR - Cannot update product - not found: PACK00249
2025-06-17 13:11:19,007 - INFO - Searching for product with code: 'PACK00250'
2025-06-17 13:11:19,177 - WARNING - Product not found: 'PACK00250'
2025-06-17 13:11:19,178 - ERROR - Cannot update product - not found: PACK00250
2025-06-17 13:11:19,178 - INFO - Searching for product with code: 'PACK00251'
2025-06-17 13:11:19,357 - WARNING - Product not found: 'PACK00251'
2025-06-17 13:11:19,358 - ERROR - Cannot update product - not found: PACK00251
2025-06-17 13:11:19,358 - INFO - Searching for product with code: 'PACK00252'
2025-06-17 13:11:19,527 - WARNING - Product not found: 'PACK00252'
2025-06-17 13:11:19,528 - ERROR - Cannot update product - not found: PACK00252
2025-06-17 13:11:19,528 - INFO - Searching for product with code: 'PACK00253'
2025-06-17 13:11:19,768 - WARNING - Product not found: 'PACK00253'
2025-06-17 13:11:19,769 - ERROR - Cannot update product - not found: PACK00253
2025-06-17 13:11:19,769 - INFO - Searching for product with code: 'PACK00254'
2025-06-17 13:11:19,968 - WARNING - Product not found: 'PACK00254'
2025-06-17 13:11:19,968 - ERROR - Cannot update product - not found: PACK00254
2025-06-17 13:11:19,968 - INFO - Searching for product with code: 'PACK00255'
2025-06-17 13:11:20,126 - WARNING - Product not found: 'PACK00255'
2025-06-17 13:11:20,126 - ERROR - Cannot update product - not found: PACK00255
2025-06-17 13:11:20,127 - INFO - Searching for product with code: 'PACK00256'
