2025-05-08 15:32:29,487 - INFO - Starting invoice import process...
2025-05-08 15:32:31,086 - INFO - Successfully connected to Odoo
2025-05-08 15:32:31,522 - INFO - Read 50 records from Excel file
2025-05-08 15:32:31,522 - ERROR - Error in main process: 'document_number'
2025-05-08 15:32:33,739 - INFO - Successfully created new invoice with ID: 12721
2025-05-08 15:32:34,422 - INFO - Successfully created new invoice with ID: 12722
2025-05-08 15:32:35,365 - INFO - Successfully created new invoice with ID: 12723
2025-05-08 15:32:36,245 - INFO - Successfully created new invoice with ID: 12724
2025-05-08 15:32:36,902 - INFO - Successfully created new invoice with ID: 12725
2025-05-08 15:32:37,458 - INFO - Successfully created new invoice with ID: 12726
2025-05-08 15:32:38,071 - INFO - Successfully created new invoice with ID: 12727
2025-05-08 15:32:38,793 - INFO - Successfully created new invoice with ID: 12728
2025-05-08 15:32:39,437 - INFO - Successfully created new invoice with ID: 12729
2025-05-08 15:32:40,111 - INFO - Successfully created new invoice with ID: 12730
2025-05-08 15:32:40,798 - INFO - Successfully created new invoice with ID: 12731
2025-05-08 15:32:41,559 - INFO - Successfully created new invoice with ID: 12732
2025-05-08 15:32:42,271 - INFO - Successfully created new invoice with ID: 12733
2025-05-08 15:32:43,105 - INFO - Successfully created new invoice with ID: 12734
2025-05-08 15:32:43,861 - INFO - Successfully created new invoice with ID: 12735
2025-05-08 15:32:44,585 - INFO - Successfully created new invoice with ID: 12736
2025-05-08 15:32:45,309 - INFO - Successfully created new invoice with ID: 12737
2025-05-08 15:32:46,084 - INFO - Successfully created new invoice with ID: 12738
2025-05-08 15:32:46,817 - INFO - Successfully created new invoice with ID: 12739
2025-05-08 15:32:47,546 - INFO - Successfully created new invoice with ID: 12740
2025-05-08 15:32:48,257 - INFO - Successfully created new invoice with ID: 12741
2025-05-08 15:32:49,011 - INFO - Successfully created new invoice with ID: 12742
2025-05-08 15:32:49,723 - INFO - Successfully created new invoice with ID: 12743
2025-05-08 15:32:50,431 - INFO - Successfully created new invoice with ID: 12744
2025-05-08 15:32:51,161 - INFO - Successfully created new invoice with ID: 12745
2025-05-08 15:35:34,255 - INFO - Starting invoice import process...
2025-05-08 15:35:35,382 - INFO - Successfully connected to Odoo
2025-05-08 15:35:35,800 - INFO - Read 50 records from Excel file
2025-05-08 15:35:35,800 - ERROR - Error in main process: 'document_number'
2025-05-08 15:35:37,986 - INFO - Successfully created new invoice with ID: 12746
2025-05-08 15:35:38,563 - INFO - Successfully created new invoice with ID: 12747
2025-05-08 15:35:39,096 - INFO - Successfully created new invoice with ID: 12748
2025-05-08 15:35:39,753 - INFO - Successfully created new invoice with ID: 12749
2025-05-08 15:35:40,731 - INFO - Successfully created new invoice with ID: 12750
2025-05-08 15:35:41,300 - INFO - Successfully created new invoice with ID: 12751
2025-05-08 15:35:41,956 - INFO - Successfully created new invoice with ID: 12752
2025-05-08 15:35:42,595 - INFO - Successfully created new invoice with ID: 12753
2025-05-08 15:35:43,242 - INFO - Successfully created new invoice with ID: 12754
2025-05-08 15:35:43,846 - INFO - Successfully created new invoice with ID: 12755
2025-05-08 15:35:44,517 - INFO - Successfully created new invoice with ID: 12756
2025-05-08 15:35:45,122 - INFO - Successfully created new invoice with ID: 12757
2025-05-08 15:35:45,770 - INFO - Successfully created new invoice with ID: 12758
2025-05-08 15:35:46,342 - INFO - Successfully created new invoice with ID: 12759
2025-05-08 15:35:46,941 - INFO - Successfully created new invoice with ID: 12760
2025-05-08 15:35:47,606 - INFO - Successfully created new invoice with ID: 12761
2025-05-08 15:35:48,214 - INFO - Successfully created new invoice with ID: 12762
2025-05-08 15:35:48,776 - INFO - Successfully created new invoice with ID: 12763
2025-05-08 15:35:49,330 - INFO - Successfully created new invoice with ID: 12764
2025-05-08 15:35:50,079 - INFO - Successfully created new invoice with ID: 12765
2025-05-08 15:35:50,663 - INFO - Successfully created new invoice with ID: 12766
2025-05-08 15:35:51,258 - INFO - Successfully created new invoice with ID: 12767
2025-05-08 15:35:52,049 - INFO - Successfully created new invoice with ID: 12768
2025-05-08 15:35:52,831 - INFO - Successfully created new invoice with ID: 12769
2025-05-08 15:35:53,448 - INFO - Successfully created new invoice with ID: 12770
2025-05-08 15:35:54,118 - INFO - Successfully created new invoice with ID: 12771
2025-05-08 15:35:54,794 - INFO - Successfully created new invoice with ID: 12772
2025-05-08 15:35:55,409 - INFO - Successfully created new invoice with ID: 12773
2025-05-08 15:35:56,041 - INFO - Successfully created new invoice with ID: 12774
2025-05-08 15:35:56,672 - INFO - Successfully created new invoice with ID: 12775
2025-05-08 15:35:57,375 - INFO - Successfully created new invoice with ID: 12776
2025-05-08 15:35:57,995 - INFO - Successfully created new invoice with ID: 12777
2025-05-08 15:35:58,916 - INFO - Successfully created new invoice with ID: 12778
2025-05-08 15:35:59,671 - INFO - Successfully created new invoice with ID: 12779
2025-05-08 15:36:00,443 - INFO - Successfully created new invoice with ID: 12780
2025-05-08 15:36:01,069 - INFO - Successfully created new invoice with ID: 12781
2025-05-08 15:36:01,700 - INFO - Successfully created new invoice with ID: 12782
2025-05-08 15:36:02,470 - INFO - Successfully created new invoice with ID: 12783
2025-05-08 15:36:03,257 - INFO - Successfully created new invoice with ID: 12784
2025-05-08 15:36:04,008 - INFO - Successfully created new invoice with ID: 12785
2025-05-08 15:36:04,689 - INFO - Successfully created new invoice with ID: 12786
2025-05-08 15:36:05,311 - INFO - Successfully created new invoice with ID: 12787
2025-05-08 15:36:05,997 - INFO - Successfully created new invoice with ID: 12788
2025-05-08 15:36:06,671 - INFO - Successfully created new invoice with ID: 12789
2025-05-08 15:36:07,338 - INFO - Successfully created new invoice with ID: 12790
2025-05-08 15:36:08,102 - INFO - Successfully created new invoice with ID: 12791
2025-05-08 15:40:16,202 - INFO - Starting invoice import process...
2025-05-08 15:40:17,320 - INFO - Successfully connected to Odoo
2025-05-08 15:40:17,722 - INFO - Read 50 records from Excel file
2025-05-08 15:40:17,722 - ERROR - Error in main process: 'document_number'
2025-05-08 15:40:19,285 - INFO - Found existing partner by name: CSC COMPLEX CENTER CO.,LTD.
2025-05-08 15:40:19,502 - INFO - Found existing invoice with number: CIV-00271
2025-05-08 15:40:19,837 - INFO - Successfully added new line to invoice: 12746
2025-05-08 15:40:19,955 - INFO - Found existing partner by code nan: CSC Complex Center Sole Co.,Ltd.
2025-05-08 15:40:20,128 - INFO - Found existing invoice with number: CRP1600183
2025-05-08 15:40:20,385 - INFO - Successfully added new line to invoice: 12747
2025-05-08 15:40:20,498 - INFO - Found existing partner by code nan: CSC Complex Center Sole Co.,Ltd.
2025-05-08 15:40:20,676 - INFO - Found existing invoice with number: CRP1600267
2025-05-08 15:40:21,025 - INFO - Successfully added new line to invoice: 12748
2025-05-08 15:40:21,150 - INFO - Found existing partner by code nan: CSC Complex Center Sole Co.,Ltd.
2025-05-08 15:40:21,364 - INFO - Found existing invoice with number: CRP1700172
2025-05-08 15:40:21,758 - INFO - Successfully added new line to invoice: 12749
2025-05-08 15:40:21,867 - INFO - Found existing partner by code nan: CSC Complex Center Sole Co.,Ltd.
2025-05-08 15:40:22,087 - INFO - Found existing invoice with number: CIV-000348
2025-05-08 15:40:22,447 - INFO - Successfully added new line to invoice: 12750
2025-05-08 15:40:22,613 - INFO - Found existing partner by name: CSC COMPLEX CENTER CO.,LTD.
2025-05-08 15:40:22,855 - INFO - Found existing invoice with number: CRP1700316
2025-05-08 15:40:23,223 - INFO - Successfully added new line to invoice: 12751
2025-05-08 15:40:23,349 - INFO - Found existing partner by code nan: CSC Complex Center Sole Co.,Ltd.
2025-05-08 15:40:23,539 - INFO - Found existing invoice with number: RV00000194
2025-05-08 15:40:23,873 - INFO - Successfully added new line to invoice: 12752
2025-05-08 15:40:23,989 - INFO - Found existing partner by name: CSC COMPLEX CENTER SOLE CO.,LTD.
2025-05-08 15:40:24,180 - INFO - Found existing invoice with number: CIV-000363
2025-05-08 15:40:24,511 - INFO - Successfully added new line to invoice: 12753
2025-05-08 15:40:24,627 - INFO - Found existing partner by name: CSC COMPLEX CENTER SOLE CO.,LTD.
2025-05-08 15:40:24,906 - INFO - Found existing invoice with number: CIV-000366
2025-05-08 15:40:25,193 - INFO - Successfully added new line to invoice: 12754
2025-05-08 15:40:25,352 - INFO - Found existing partner by name: CSC COMPLEX CENTER SOLE CO.,LTD.
2025-05-08 15:40:25,976 - INFO - Found existing invoice with number: CIV-000373
2025-05-08 15:40:26,337 - INFO - Successfully added new line to invoice: 12755
2025-05-08 15:40:26,590 - INFO - Found existing partner by name: CSC Complex Center Paksan Sole Co.,Ltd.
2025-05-08 15:40:26,897 - INFO - Found existing invoice with number: CIV-000383
2025-05-08 15:40:27,249 - INFO - Successfully added new line to invoice: 12756
2025-05-08 15:40:27,392 - INFO - Found existing partner by name: CSC Complex Center Paksan Sole Co.,Ltd.
2025-05-08 15:40:27,687 - INFO - Found existing invoice with number: CIV-000385
2025-05-08 15:40:27,983 - INFO - Successfully added new line to invoice: 12757
2025-05-08 15:40:28,367 - INFO - Found existing partner by name: CSC COMPLEX CENTER SOLE CO.,LTD.
2025-05-08 15:40:28,675 - INFO - Found existing invoice with number: CIV-000400
2025-05-08 15:40:28,951 - INFO - Successfully added new line to invoice: 12758
2025-05-08 15:40:29,296 - INFO - Found existing partner by name: CSC COMPLEX CENTER SOLE CO.,LTD.
2025-05-08 15:40:40,934 - INFO - Starting invoice import process...
2025-05-08 15:40:42,056 - INFO - Successfully connected to Odoo
2025-05-08 15:40:42,459 - INFO - Read 50 records from Excel file
2025-05-08 15:40:42,459 - ERROR - Error in main process: 'document_number'
2025-05-08 15:40:44,193 - INFO - Found existing partner by name: CSC COMPLEX CENTER CO.,LTD.
2025-05-08 15:40:45,041 - INFO - Successfully created new invoice with ID: 12792
2025-05-08 15:40:45,180 - INFO - Found existing partner by code nan: CSC Complex Center Sole Co.,Ltd.
2025-05-08 15:40:45,936 - INFO - Successfully created new invoice with ID: 12793
2025-05-08 15:40:46,078 - INFO - Found existing partner by code nan: CSC Complex Center Sole Co.,Ltd.
2025-05-08 15:40:46,901 - INFO - Successfully created new invoice with ID: 12794
2025-05-08 15:40:47,024 - INFO - Found existing partner by code nan: CSC Complex Center Sole Co.,Ltd.
2025-05-08 15:40:47,834 - INFO - Successfully created new invoice with ID: 12795
2025-05-08 15:40:48,085 - INFO - Found existing partner by code nan: CSC Complex Center Sole Co.,Ltd.
2025-05-08 15:40:48,768 - INFO - Successfully created new invoice with ID: 12796
2025-05-08 15:40:48,860 - INFO - Found existing partner by name: CSC COMPLEX CENTER CO.,LTD.
2025-05-08 15:40:49,515 - INFO - Successfully created new invoice with ID: 12797
2025-05-08 15:40:49,684 - INFO - Found existing partner by code nan: CSC Complex Center Sole Co.,Ltd.
2025-05-08 15:40:50,264 - INFO - Successfully created new invoice with ID: 12798
2025-05-08 15:40:50,379 - INFO - Found existing partner by name: CSC COMPLEX CENTER SOLE CO.,LTD.
2025-05-08 15:40:50,996 - INFO - Successfully created new invoice with ID: 12799
2025-05-08 15:40:51,163 - INFO - Found existing partner by name: CSC COMPLEX CENTER SOLE CO.,LTD.
2025-05-08 15:40:51,773 - INFO - Successfully created new invoice with ID: 12800
2025-05-08 15:40:51,920 - INFO - Found existing partner by name: CSC COMPLEX CENTER SOLE CO.,LTD.
2025-05-08 15:40:52,567 - INFO - Successfully created new invoice with ID: 12801
2025-05-08 15:40:52,765 - INFO - Found existing partner by name: CSC Complex Center Paksan Sole Co.,Ltd.
2025-05-08 15:40:53,316 - INFO - Successfully created new invoice with ID: 12802
2025-05-08 15:40:53,446 - INFO - Found existing partner by name: CSC Complex Center Paksan Sole Co.,Ltd.
2025-05-08 15:40:54,184 - INFO - Successfully created new invoice with ID: 12803
2025-05-08 15:40:54,514 - INFO - Found existing partner by name: CSC COMPLEX CENTER SOLE CO.,LTD.
2025-05-08 15:40:55,169 - INFO - Successfully created new invoice with ID: 12804
2025-05-08 15:40:55,278 - INFO - Found existing partner by name: CSC COMPLEX CENTER SOLE CO.,LTD.
2025-05-08 15:40:55,758 - INFO - Successfully created new invoice with ID: 12805
2025-05-08 15:40:55,867 - INFO - Found existing partner by name: CSC COMPLEX CENTER SOLE CO.,LTD.
2025-05-08 15:40:56,383 - INFO - Successfully created new invoice with ID: 12806
2025-05-08 15:40:56,540 - INFO - Found existing partner by name: CSC Complex Center Paksan Sole Co.,Ltd.
2025-05-08 15:40:57,129 - INFO - Successfully created new invoice with ID: 12807
2025-05-08 15:40:57,281 - INFO - Found existing partner by name: CSC COMPLEX CENTER SOLE CO.,LTD.
2025-05-08 15:40:57,875 - INFO - Successfully created new invoice with ID: 12808
2025-05-08 15:40:57,989 - INFO - Found existing partner by name: CSC COMPLEX CENTER SOLE CO.,LTD.
2025-05-08 15:40:58,667 - INFO - Successfully created new invoice with ID: 12809
2025-05-08 15:40:58,857 - INFO - Found existing partner by code nan: CSC Complex Center Sole Co.,Ltd.
2025-05-08 15:40:59,586 - INFO - Successfully created new invoice with ID: 12810
2025-05-08 15:40:59,702 - INFO - Found existing partner by name: CSC COMPLEX CENTER SOLE CO.,LTD.
2025-05-08 15:41:00,232 - INFO - Successfully created new invoice with ID: 12811
2025-05-08 15:41:00,381 - INFO - Found existing partner by name: CSC COMPLEX CENTER SOLE CO.,LTD.
2025-05-08 15:41:00,994 - INFO - Successfully created new invoice with ID: 12812
2025-05-08 15:41:01,107 - INFO - Found existing partner by code nan: CSC Complex Center Sole Co.,Ltd.
2025-05-08 15:41:01,670 - INFO - Successfully created new invoice with ID: 12813
2025-05-08 15:41:01,796 - INFO - Found existing partner by code nan: CSC Complex Center Sole Co.,Ltd.
2025-05-08 15:41:02,387 - INFO - Successfully created new invoice with ID: 12814
2025-05-08 15:41:02,507 - INFO - Found existing partner by name: CSC Complex Center Paksan Sole Co.,Ltd.
2025-05-08 15:41:03,132 - INFO - Successfully created new invoice with ID: 12815
2025-05-08 15:41:03,235 - INFO - Found existing partner by name: CSC COMPLEX CENTER SOLE CO.,LTD.
2025-05-08 15:41:03,848 - INFO - Successfully created new invoice with ID: 12816
2025-05-08 15:41:03,980 - INFO - Found existing partner by name: CSC COMPLEX CENTER SOLE CO.,LTD.
2025-05-08 15:41:04,568 - INFO - Successfully created new invoice with ID: 12817
2025-05-08 15:41:04,728 - INFO - Found existing partner by name: CSC COMPLEX CENTER SOLE CO.,LTD.
2025-05-08 15:41:05,227 - INFO - Successfully created new invoice with ID: 12818
2025-05-08 15:41:05,350 - INFO - Found existing partner by code nan: CSC Complex Center Sole Co.,Ltd.
2025-05-08 15:41:05,853 - INFO - Successfully created new invoice with ID: 12819
2025-05-08 15:41:05,978 - INFO - Found existing partner by code nan: CSC Complex Center Sole Co.,Ltd.
2025-05-08 15:43:36,820 - INFO - Starting invoice import process...
2025-05-08 15:43:37,962 - INFO - Successfully connected to Odoo
2025-05-08 15:43:38,374 - INFO - Read 50 records from Excel file
2025-05-08 15:43:38,374 - ERROR - Error in main process: 'document_number'
2025-05-08 15:43:39,927 - INFO - Found existing partner by name: CSC COMPLEX CENTER CO.,LTD.
2025-05-08 15:43:40,417 - INFO - Successfully created new invoice with ID: 12821
2025-05-08 15:43:40,513 - INFO - Found existing partner by code nan: CSC Complex Center Sole Co.,Ltd.
2025-05-08 15:43:41,085 - INFO - Successfully created new invoice with ID: 12822
2025-05-08 15:43:41,196 - INFO - Found existing partner by code nan: CSC Complex Center Sole Co.,Ltd.
2025-05-08 15:43:41,851 - INFO - Successfully created new invoice with ID: 12823
2025-05-08 15:43:42,553 - INFO - Found existing partner by code nan: CSC Complex Center Sole Co.,Ltd.
2025-05-08 15:43:43,228 - INFO - Successfully created new invoice with ID: 12824
2025-05-08 15:43:43,372 - INFO - Found existing partner by code nan: CSC Complex Center Sole Co.,Ltd.
2025-05-08 15:43:43,969 - INFO - Successfully created new invoice with ID: 12825
2025-05-08 15:43:44,451 - INFO - Found existing partner by name: CSC COMPLEX CENTER CO.,LTD.
2025-05-08 15:43:45,210 - INFO - Successfully created new invoice with ID: 12826
2025-05-08 15:43:45,462 - INFO - Found existing partner by code nan: CSC Complex Center Sole Co.,Ltd.
2025-05-08 15:43:46,892 - INFO - Successfully created new invoice with ID: 12827
2025-05-08 15:43:47,032 - INFO - Found existing partner by name: CSC COMPLEX CENTER SOLE CO.,LTD.
2025-05-08 15:43:47,817 - INFO - Successfully created new invoice with ID: 12828
2025-05-08 15:43:47,927 - INFO - Found existing partner by name: CSC COMPLEX CENTER SOLE CO.,LTD.
2025-05-08 15:43:48,521 - INFO - Successfully created new invoice with ID: 12829
2025-05-08 15:43:48,726 - INFO - Found existing partner by name: CSC COMPLEX CENTER SOLE CO.,LTD.
2025-05-08 15:43:49,230 - INFO - Successfully created new invoice with ID: 12830
2025-05-08 15:43:49,440 - INFO - Found existing partner by name: CSC Complex Center Paksan Sole Co.,Ltd.
2025-05-08 15:43:50,038 - INFO - Successfully created new invoice with ID: 12831
2025-05-08 15:43:50,149 - INFO - Found existing partner by name: CSC Complex Center Paksan Sole Co.,Ltd.
2025-05-08 15:43:50,844 - INFO - Successfully created new invoice with ID: 12832
2025-05-08 15:43:51,009 - INFO - Found existing partner by name: CSC COMPLEX CENTER SOLE CO.,LTD.
2025-05-08 15:43:51,771 - INFO - Successfully created new invoice with ID: 12833
2025-05-08 15:43:51,916 - INFO - Found existing partner by name: CSC COMPLEX CENTER SOLE CO.,LTD.
2025-05-08 15:43:52,490 - INFO - Successfully created new invoice with ID: 12834
2025-05-08 15:43:52,612 - INFO - Found existing partner by name: CSC COMPLEX CENTER SOLE CO.,LTD.
2025-05-08 15:43:53,409 - INFO - Successfully created new invoice with ID: 12835
2025-05-08 15:43:53,773 - INFO - Found existing partner by name: CSC Complex Center Paksan Sole Co.,Ltd.
2025-05-08 15:43:54,676 - INFO - Successfully created new invoice with ID: 12836
2025-05-08 15:43:54,859 - INFO - Found existing partner by name: CSC COMPLEX CENTER SOLE CO.,LTD.
2025-05-08 15:43:55,372 - INFO - Successfully created new invoice with ID: 12837
2025-05-08 15:43:55,625 - INFO - Found existing partner by name: CSC COMPLEX CENTER SOLE CO.,LTD.
2025-05-08 15:43:56,256 - INFO - Successfully created new invoice with ID: 12838
2025-05-08 15:43:56,491 - INFO - Found existing partner by code nan: CSC Complex Center Sole Co.,Ltd.
2025-05-08 15:43:57,294 - INFO - Successfully created new invoice with ID: 12839
2025-05-08 15:43:57,403 - INFO - Found existing partner by name: CSC COMPLEX CENTER SOLE CO.,LTD.
2025-05-08 15:43:57,966 - INFO - Successfully created new invoice with ID: 12840
2025-05-08 15:43:58,069 - INFO - Found existing partner by name: CSC COMPLEX CENTER SOLE CO.,LTD.
2025-05-08 15:43:58,641 - INFO - Successfully created new invoice with ID: 12841
2025-05-08 15:43:58,865 - INFO - Found existing partner by code nan: CSC Complex Center Sole Co.,Ltd.
2025-05-08 15:43:59,601 - INFO - Successfully created new invoice with ID: 12842
2025-05-08 15:43:59,775 - INFO - Found existing partner by code nan: CSC Complex Center Sole Co.,Ltd.
2025-05-08 15:44:00,487 - INFO - Successfully created new invoice with ID: 12843
2025-05-08 15:44:00,675 - INFO - Found existing partner by name: CSC Complex Center Paksan Sole Co.,Ltd.
2025-05-08 15:44:01,129 - INFO - Successfully created new invoice with ID: 12844
2025-05-08 15:44:01,281 - INFO - Found existing partner by name: CSC COMPLEX CENTER SOLE CO.,LTD.
2025-05-08 15:44:01,896 - INFO - Successfully created new invoice with ID: 12845
2025-05-08 15:44:02,027 - INFO - Found existing partner by name: CSC COMPLEX CENTER SOLE CO.,LTD.
2025-05-08 15:44:02,666 - INFO - Successfully created new invoice with ID: 12846
2025-05-08 15:44:02,788 - INFO - Found existing partner by name: CSC COMPLEX CENTER SOLE CO.,LTD.
2025-05-08 15:44:03,403 - INFO - Successfully created new invoice with ID: 12847
2025-05-08 15:44:03,525 - INFO - Found existing partner by code nan: CSC Complex Center Sole Co.,Ltd.
2025-05-08 15:44:04,261 - INFO - Successfully created new invoice with ID: 12848
2025-05-08 15:44:04,381 - INFO - Found existing partner by code nan: CSC Complex Center Sole Co.,Ltd.
2025-05-08 15:48:47,221 - INFO - Starting invoice import process...
2025-05-08 15:48:48,363 - INFO - Successfully connected to Odoo
2025-05-08 15:48:48,778 - INFO - Read 50 records from Excel file
2025-05-08 15:48:48,779 - ERROR - Error in main process: 'document_number'
2025-05-08 15:48:50,389 - INFO - Found existing partner by name: CSC COMPLEX CENTER CO.,LTD.
2025-05-08 15:48:51,041 - INFO - Successfully created new invoice with ID: 12850
2025-05-08 15:48:51,150 - INFO - Found existing partner by code nan: CSC Complex Center Sole Co.,Ltd.
2025-05-08 15:48:51,643 - INFO - Successfully created new invoice with ID: 12851
2025-05-08 15:48:51,750 - INFO - Found existing partner by code nan: CSC Complex Center Sole Co.,Ltd.
2025-05-08 15:48:52,255 - INFO - Successfully created new invoice with ID: 12852
2025-05-08 15:48:52,361 - INFO - Found existing partner by code nan: CSC Complex Center Sole Co.,Ltd.
2025-05-08 15:48:53,251 - INFO - Successfully created new invoice with ID: 12853
2025-05-08 15:48:53,367 - INFO - Found existing partner by code nan: CSC Complex Center Sole Co.,Ltd.
2025-05-08 15:48:53,871 - INFO - Successfully created new invoice with ID: 12854
2025-05-08 15:48:54,028 - INFO - Found existing partner by name: CSC COMPLEX CENTER CO.,LTD.
2025-05-08 15:48:54,674 - INFO - Successfully created new invoice with ID: 12855
2025-05-08 15:48:54,806 - INFO - Found existing partner by code nan: CSC Complex Center Sole Co.,Ltd.
2025-05-08 15:48:55,477 - INFO - Successfully created new invoice with ID: 12856
2025-05-08 15:48:55,650 - INFO - Found existing partner by name: CSC COMPLEX CENTER SOLE CO.,LTD.
2025-05-08 15:48:56,220 - INFO - Successfully created new invoice with ID: 12857
2025-05-08 15:48:56,343 - INFO - Found existing partner by name: CSC COMPLEX CENTER SOLE CO.,LTD.
2025-05-08 15:48:57,247 - INFO - Successfully created new invoice with ID: 12858
2025-05-08 15:48:57,360 - INFO - Found existing partner by name: CSC COMPLEX CENTER SOLE CO.,LTD.
2025-05-08 15:48:58,026 - INFO - Successfully created new invoice with ID: 12859
2025-05-08 15:48:58,162 - INFO - Found existing partner by name: CSC Complex Center Paksan Sole Co.,Ltd.
2025-05-08 15:48:58,871 - INFO - Successfully created new invoice with ID: 12860
2025-05-08 15:48:59,069 - INFO - Found existing partner by name: CSC Complex Center Paksan Sole Co.,Ltd.
2025-05-08 15:48:59,695 - INFO - Successfully created new invoice with ID: 12861
2025-05-08 15:48:59,817 - INFO - Found existing partner by name: CSC COMPLEX CENTER SOLE CO.,LTD.
2025-05-08 15:49:00,388 - INFO - Successfully created new invoice with ID: 12862
2025-05-08 15:49:00,541 - INFO - Found existing partner by name: CSC COMPLEX CENTER SOLE CO.,LTD.
2025-05-08 15:49:01,171 - INFO - Successfully created new invoice with ID: 12863
2025-05-08 15:49:01,301 - INFO - Found existing partner by name: CSC COMPLEX CENTER SOLE CO.,LTD.
2025-05-08 15:49:01,936 - INFO - Successfully created new invoice with ID: 12864
2025-05-08 15:49:02,079 - INFO - Found existing partner by name: CSC Complex Center Paksan Sole Co.,Ltd.
2025-05-08 15:49:02,536 - INFO - Successfully created new invoice with ID: 12865
2025-05-08 15:49:02,671 - INFO - Found existing partner by name: CSC COMPLEX CENTER SOLE CO.,LTD.
2025-05-08 15:49:03,339 - INFO - Successfully created new invoice with ID: 12866
2025-05-08 15:49:03,460 - INFO - Found existing partner by name: CSC COMPLEX CENTER SOLE CO.,LTD.
2025-05-08 15:49:04,057 - INFO - Successfully created new invoice with ID: 12867
2025-05-08 15:49:04,185 - INFO - Found existing partner by code nan: CSC Complex Center Sole Co.,Ltd.
2025-05-08 15:49:04,830 - INFO - Successfully created new invoice with ID: 12868
2025-05-08 15:49:04,979 - INFO - Found existing partner by name: CSC COMPLEX CENTER SOLE CO.,LTD.
2025-05-08 15:49:05,681 - INFO - Successfully created new invoice with ID: 12869
2025-05-08 15:49:05,796 - INFO - Found existing partner by name: CSC COMPLEX CENTER SOLE CO.,LTD.
2025-05-08 15:49:06,444 - INFO - Successfully created new invoice with ID: 12870
2025-05-08 15:49:06,572 - INFO - Found existing partner by code nan: CSC Complex Center Sole Co.,Ltd.
2025-05-08 15:49:07,327 - INFO - Successfully created new invoice with ID: 12871
2025-05-08 15:49:07,450 - INFO - Found existing partner by code nan: CSC Complex Center Sole Co.,Ltd.
2025-05-08 15:49:08,035 - INFO - Successfully created new invoice with ID: 12872
2025-05-08 15:49:08,155 - INFO - Found existing partner by name: CSC Complex Center Paksan Sole Co.,Ltd.
2025-05-08 15:49:08,751 - INFO - Successfully created new invoice with ID: 12873
2025-05-08 15:49:08,863 - INFO - Found existing partner by name: CSC COMPLEX CENTER SOLE CO.,LTD.
2025-05-08 15:49:09,523 - INFO - Successfully created new invoice with ID: 12874
2025-05-08 15:49:09,632 - INFO - Found existing partner by name: CSC COMPLEX CENTER SOLE CO.,LTD.
2025-05-08 15:49:10,206 - INFO - Successfully created new invoice with ID: 12875
2025-05-08 15:49:10,347 - INFO - Found existing partner by name: CSC COMPLEX CENTER SOLE CO.,LTD.
2025-05-08 15:49:10,945 - INFO - Successfully created new invoice with ID: 12876
2025-05-08 15:49:11,076 - INFO - Found existing partner by code nan: CSC Complex Center Sole Co.,Ltd.
2025-05-08 15:49:11,692 - INFO - Successfully created new invoice with ID: 12877
2025-05-08 15:49:11,819 - INFO - Found existing partner by code nan: CSC Complex Center Sole Co.,Ltd.
2025-05-08 15:49:12,352 - INFO - Successfully created new invoice with ID: 12878
2025-05-08 15:49:12,552 - INFO - Found existing partner by code nan: CSC Complex Center Sole Co.,Ltd.
2025-05-08 15:49:13,397 - INFO - Successfully created new invoice with ID: 12879
2025-05-08 15:49:13,512 - INFO - Found existing partner by code nan: CSC Complex Center Sole Co.,Ltd.
2025-05-08 15:49:13,991 - INFO - Successfully created new invoice with ID: 12880
2025-05-08 15:49:14,101 - INFO - Found existing partner by code nan: CSC Complex Center Sole Co.,Ltd.
2025-05-08 15:49:14,556 - INFO - Successfully created new invoice with ID: 12881
2025-05-08 15:49:14,665 - INFO - Found existing partner by code nan: CSC Complex Center Sole Co.,Ltd.
2025-05-08 15:49:16,266 - INFO - Successfully created new invoice with ID: 12882
2025-05-08 15:52:14,743 - INFO - Starting invoice import process...
2025-05-08 15:52:16,400 - INFO - Successfully connected to Odoo
2025-05-08 15:52:16,841 - INFO - Read 50 records from Excel file
2025-05-08 15:52:16,841 - ERROR - Error in main process: 'document_number'
