2026-01-30 14:11:45,027 - INFO - Successfully connected to Odoo as user ID: 2
2026-01-30 14:11:45,054 - INFO - Odoo version: 17.0.1.3
2026-01-30 14:11:45,115 - INFO - Available date fields in stock.picking: ['activity_date_deadline', 'my_activity_date_deadline', 'scheduled_date', 'date_deadline', 'date', 'date_done', 'delay_alert_date', 'create_date', 'write_date', 'date_notice', 'date_confirmed', 'date_start', 'operation_date']
2026-01-30 14:11:45,495 - INFO - Successfully read Excel file with 196 rows
2026-01-30 14:11:45,496 - INFO - Excel columns: ['name', 'partner_id', 'scheduled_date', 'picking_type_id', 'date_done', 'origin', 'location_dest_id', 'default_code', 'product_uom_qty', 'price_unit']
2026-01-30 14:11:45,502 - INFO - Added missing sequence column with default 0
2026-01-30 14:11:45,506 - INFO - scheduled_date dtype: datetime64[ns]
2026-01-30 14:11:45,506 - INFO - scheduled_date sample: 2024-01-06 00:00:00
2026-01-30 14:11:45,508 - INFO - Converted scheduled_date to string format. Sample: 2024-01-06 00:00:00
2026-01-30 14:11:45,509 - INFO - Fixed picking type name from 'My Company: OB FIFO' and 'คลังวัตถุดิบ 2: OB FIFO' to 'OB FIFO'
2026-01-30 14:11:45,510 - INFO - Using 'default_code' column as 'product_id'
2026-01-30 14:11:45,512 - INFO - Using 'origin' column to identify transfer groups
2026-01-30 14:11:45,561 - INFO - Excel file validation and data filling completed successfully
2026-01-30 14:11:45,569 - INFO - Grouping by 'name' column
2026-01-30 14:11:45,612 - ERROR - Picking type not found: คลังสินค้าสำเร็จรูป 1: FG10toFG40
2026-01-30 14:11:45,639 - ERROR - Picking type not found: คลังสินค้าสำเร็จรูป 1: FG10toFG40
2026-01-30 14:11:45,666 - ERROR - Picking type not found: คลังสินค้าสำเร็จรูป 1: FG10toFG40
2026-01-30 14:11:45,690 - ERROR - Picking type not found: คลังสินค้าสำเร็จรูป 1: FG10toFG40
2026-01-30 14:11:45,716 - ERROR - Picking type not found: คลังสินค้าสำเร็จรูป 1: FG10toFG40
2026-01-30 14:11:45,743 - ERROR - Picking type not found: คลังสินค้าสำเร็จรูป 1: FG10toFG40
2026-01-30 14:11:45,770 - ERROR - Picking type not found: คลังสินค้าสำเร็จรูป 1: FG10toFG40
2026-01-30 14:11:45,800 - ERROR - Picking type not found: คลังสินค้าสำเร็จรูป 1: FG10toFG40
2026-01-30 14:11:45,826 - ERROR - Picking type not found: คลังสินค้าสำเร็จรูป 1: FG10toFG40
2026-01-30 14:11:45,852 - ERROR - Picking type not found: คลังสินค้าสำเร็จรูป 1: FG10toFG40
2026-01-30 14:11:45,879 - ERROR - Picking type not found: คลังสินค้าสำเร็จรูป 1: FG10toFG40
2026-01-30 14:11:45,905 - ERROR - Picking type not found: คลังสินค้าสำเร็จรูป 1: FG10toFG40
2026-01-30 14:11:45,931 - ERROR - Picking type not found: คลังสินค้าสำเร็จรูป 1: FG10toFG40
2026-01-30 14:11:45,956 - ERROR - Picking type not found: คลังสินค้าสำเร็จรูป 1: FG10toFG40
2026-01-30 14:11:45,981 - ERROR - Picking type not found: คลังสินค้าสำเร็จรูป 1: FG10toFG40
2026-01-30 14:11:46,010 - ERROR - Picking type not found: คลังสินค้าสำเร็จรูป 1: FG10toFG40
2026-01-30 14:11:46,034 - ERROR - Picking type not found: คลังสินค้าสำเร็จรูป 1: FG10toFG40
2026-01-30 14:11:46,063 - ERROR - Picking type not found: คลังสินค้าสำเร็จรูป 1: FG10toFG40
2026-01-30 14:11:46,105 - ERROR - Picking type not found: คลังสินค้าสำเร็จรูป 1: FG10toFG40
2026-01-30 14:11:46,148 - ERROR - Picking type not found: คลังสินค้าสำเร็จรูป 1: FG10toFG40
2026-01-30 14:11:46,186 - ERROR - Picking type not found: คลังสินค้าสำเร็จรูป 1: FG10toFG40
2026-01-30 14:11:46,227 - ERROR - Picking type not found: คลังสินค้าสำเร็จรูป 1: FG10toFG40
2026-01-30 14:11:46,266 - ERROR - Picking type not found: คลังสินค้าสำเร็จรูป 1: FG10toFG40
2026-01-30 14:11:46,292 - ERROR - Picking type not found: คลังสินค้าสำเร็จรูป 1: FG10toFG40
2026-01-30 14:11:46,322 - ERROR - Picking type not found: คลังสินค้าสำเร็จรูป 1: FG10toFG40
2026-01-30 14:11:46,347 - ERROR - Picking type not found: คลังสินค้าสำเร็จรูป 1: FG10toFG40
2026-01-30 14:11:46,374 - ERROR - Picking type not found: คลังสินค้าสำเร็จรูป 1: FG10toFG40
2026-01-30 14:11:46,401 - ERROR - Picking type not found: คลังสินค้าสำเร็จรูป 1: FG10toFG40
2026-01-30 14:11:46,427 - ERROR - Picking type not found: คลังสินค้าสำเร็จรูป 1: FG10toFG40
2026-01-30 14:11:46,453 - ERROR - Picking type not found: คลังสินค้าสำเร็จรูป 1: FG10toFG40
2026-01-30 14:11:46,478 - ERROR - Picking type not found: คลังสินค้าสำเร็จรูป 1: FG10toFG40
2026-01-30 14:11:46,504 - ERROR - Picking type not found: คลังสินค้าสำเร็จรูป 1: FG10toFG40
2026-01-30 14:11:46,532 - ERROR - Picking type not found: คลังสินค้าสำเร็จรูป 1: FG10toFG40
2026-01-30 14:11:46,557 - ERROR - Picking type not found: คลังสินค้าสำเร็จรูป 1: FG10toFG40
2026-01-30 14:11:46,582 - ERROR - Picking type not found: คลังสินค้าสำเร็จรูป 1: FG10toFG40
2026-01-30 14:11:46,608 - ERROR - Picking type not found: คลังสินค้าสำเร็จรูป 1: FG10toFG40
2026-01-30 14:11:46,634 - ERROR - Picking type not found: คลังสินค้าสำเร็จรูป 1: FG10toFG40
2026-01-30 14:11:46,660 - ERROR - Picking type not found: คลังสินค้าสำเร็จรูป 1: FG10toFG40
2026-01-30 14:11:46,686 - ERROR - Picking type not found: คลังสินค้าสำเร็จรูป 1: FG10toFG40
2026-01-30 14:11:46,726 - ERROR - Picking type not found: คลังสินค้าสำเร็จรูป 1: FG10toFG40
2026-01-30 14:11:46,763 - ERROR - Picking type not found: คลังสินค้าสำเร็จรูป 1: FG10toFG40
2026-01-30 14:11:46,800 - ERROR - Picking type not found: คลังสินค้าสำเร็จรูป 1: FG10toFG40
2026-01-30 14:11:46,840 - ERROR - Picking type not found: คลังสินค้าสำเร็จรูป 1: FG10toFG40
2026-01-30 14:11:46,879 - ERROR - Picking type not found: คลังสินค้าสำเร็จรูป 1: FG10toFG40
2026-01-30 14:11:46,908 - ERROR - Picking type not found: คลังสินค้าสำเร็จรูป 1: FG10toFG40
2026-01-30 14:11:46,935 - ERROR - Picking type not found: คลังสินค้าสำเร็จรูป 1: FG10toFG40
2026-01-30 14:11:46,961 - ERROR - Picking type not found: คลังสินค้าสำเร็จรูป 1: FG10toFG40
2026-01-30 14:11:46,991 - ERROR - Picking type not found: คลังสินค้าสำเร็จรูป 1: FG10toFG40
2026-01-30 14:11:47,016 - ERROR - Picking type not found: คลังสินค้าสำเร็จรูป 1: FG10toFG40
2026-01-30 14:11:47,043 - ERROR - Picking type not found: คลังสินค้าสำเร็จรูป 1: FG10toFG40
2026-01-30 14:11:47,069 - ERROR - Picking type not found: คลังสินค้าสำเร็จรูป 1: FG10toFG40
2026-01-30 14:11:47,095 - ERROR - Picking type not found: คลังสินค้าสำเร็จรูป 1: FG10toFG40
2026-01-30 14:11:47,120 - ERROR - Picking type not found: คลังสินค้าสำเร็จรูป 1: FG10toFG40
2026-01-30 14:11:47,145 - ERROR - Picking type not found: คลังสินค้าสำเร็จรูป 1: FG10toFG40
2026-01-30 14:11:47,170 - ERROR - Picking type not found: คลังสินค้าสำเร็จรูป 1: FG10toFG40
2026-01-30 14:11:47,196 - ERROR - Picking type not found: คลังสินค้าสำเร็จรูป 1: FG10toFG40
2026-01-30 14:11:47,227 - ERROR - Picking type not found: คลังสินค้าสำเร็จรูป 1: FG10toFG40
2026-01-30 14:11:47,255 - ERROR - Picking type not found: คลังสินค้าสำเร็จรูป 1: FG10toFG40
2026-01-30 14:11:47,280 - ERROR - Picking type not found: คลังสินค้าสำเร็จรูป 1: FG10toFG40
2026-01-30 14:11:47,305 - ERROR - Picking type not found: คลังสินค้าสำเร็จรูป 1: FG10toFG40
2026-01-30 14:11:47,333 - ERROR - Picking type not found: คลังสินค้าสำเร็จรูป 1: FG10toFG40
2026-01-30 14:11:47,367 - ERROR - Picking type not found: คลังสินค้าสำเร็จรูป 1: FG10toFG40
2026-01-30 14:11:47,402 - ERROR - Picking type not found: คลังสินค้าสำเร็จรูป 1: FG10toFG40
2026-01-30 14:11:47,435 - ERROR - Picking type not found: คลังสินค้าสำเร็จรูป 1: FG10toFG40
2026-01-30 14:11:47,470 - ERROR - Picking type not found: คลังสินค้าสำเร็จรูป 1: FG10toFG40
2026-01-30 14:11:47,507 - ERROR - Picking type not found: คลังสินค้าสำเร็จรูป 1: FG10toFG40
2026-01-30 14:11:47,540 - ERROR - Picking type not found: คลังสินค้าสำเร็จรูป 1: FG10toFG40
2026-01-30 14:11:47,567 - ERROR - Picking type not found: คลังสินค้าสำเร็จรูป 1: FG10toFG40
2026-01-30 14:11:47,591 - ERROR - Picking type not found: คลังสินค้าสำเร็จรูป 1: FG10toFG40
2026-01-30 14:11:47,619 - ERROR - Picking type not found: คลังสินค้าสำเร็จรูป 1: FG10toFG40
2026-01-30 14:11:47,646 - ERROR - Picking type not found: คลังสินค้าสำเร็จรูป 1: FG10toFG40
2026-01-30 14:11:47,673 - ERROR - Picking type not found: คลังสินค้าสำเร็จรูป 1: FG10toFG40
2026-01-30 14:11:47,699 - ERROR - Picking type not found: คลังสินค้าสำเร็จรูป 1: FG10toFG40
2026-01-30 14:11:47,725 - ERROR - Picking type not found: คลังสินค้าสำเร็จรูป 1: FG10toFG40
2026-01-30 14:11:47,752 - ERROR - Picking type not found: คลังสินค้าสำเร็จรูป 1: FG10toFG40
2026-01-30 14:11:47,782 - ERROR - Picking type not found: คลังสินค้าสำเร็จรูป 1: FG10toFG40
2026-01-30 14:11:47,810 - ERROR - Picking type not found: คลังสินค้าสำเร็จรูป 1: FG10toFG40
2026-01-30 14:11:47,834 - ERROR - Picking type not found: คลังสินค้าสำเร็จรูป 1: FG10toFG40
2026-01-30 14:11:47,859 - ERROR - Picking type not found: คลังสินค้าสำเร็จรูป 1: FG10toFG40
2026-01-30 14:11:47,884 - ERROR - Picking type not found: คลังสินค้าสำเร็จรูป 1: FG10toFG40
2026-01-30 14:11:47,909 - ERROR - Picking type not found: คลังสินค้าสำเร็จรูป 1: FG10toFG40
2026-01-30 14:11:47,934 - ERROR - Picking type not found: คลังสินค้าสำเร็จรูป 1: FG10toFG40
2026-01-30 14:11:47,969 - ERROR - Picking type not found: คลังสินค้าสำเร็จรูป 1: FG10toFG40
2026-01-30 14:11:48,008 - ERROR - Picking type not found: คลังสินค้าสำเร็จรูป 1: FG10toFG40
2026-01-30 14:11:48,047 - ERROR - Picking type not found: คลังสินค้าสำเร็จรูป 1: FG10toFG40
2026-01-30 14:11:48,084 - ERROR - Picking type not found: คลังสินค้าสำเร็จรูป 1: FG10toFG40
2026-01-30 14:11:48,128 - ERROR - Picking type not found: คลังสินค้าสำเร็จรูป 1: FG10toFG40
2026-01-30 14:11:48,159 - ERROR - Picking type not found: คลังสินค้าสำเร็จรูป 1: FG10toFG40
2026-01-30 14:11:48,185 - ERROR - Picking type not found: คลังสินค้าสำเร็จรูป 1: FG10toFG40
2026-01-30 14:11:48,211 - ERROR - Picking type not found: คลังสินค้าสำเร็จรูป 1: FG10toFG40
2026-01-30 14:11:48,237 - ERROR - Picking type not found: คลังสินค้าสำเร็จรูป 1: FG10toFG40
2026-01-30 14:11:48,263 - ERROR - Picking type not found: คลังสินค้าสำเร็จรูป 1: FG10toFG40
2026-01-30 14:11:48,289 - ERROR - Picking type not found: คลังสินค้าสำเร็จรูป 1: FG10toFG40
2026-01-30 14:11:48,314 - ERROR - Picking type not found: คลังสินค้าสำเร็จรูป 1: FG10toFG40
2026-01-30 14:11:48,340 - ERROR - Picking type not found: คลังสินค้าสำเร็จรูป 1: FG10toFG40
2026-01-30 14:11:48,367 - ERROR - Picking type not found: คลังสินค้าสำเร็จรูป 1: FG10toFG40
2026-01-30 14:11:48,395 - ERROR - Picking type not found: คลังสินค้าสำเร็จรูป 1: FG10toFG40
2026-01-30 14:11:48,422 - ERROR - Picking type not found: คลังสินค้าสำเร็จรูป 1: FG10toFG40
2026-01-30 14:11:48,448 - ERROR - Picking type not found: คลังสินค้าสำเร็จรูป 1: FG10toFG40
2026-01-30 14:11:48,474 - ERROR - Picking type not found: คลังสินค้าสำเร็จรูป 1: FG10toFG40
2026-01-30 14:11:48,499 - ERROR - Picking type not found: คลังสินค้าสำเร็จรูป 1: FG10toFG40
2026-01-30 14:11:48,524 - ERROR - Picking type not found: คลังสินค้าสำเร็จรูป 1: FG10toFG40
2026-01-30 14:11:48,550 - ERROR - Picking type not found: คลังสินค้าสำเร็จรูป 1: FG10toFG40
2026-01-30 14:11:48,582 - ERROR - Picking type not found: คลังสินค้าสำเร็จรูป 1: FG10toFG40
2026-01-30 14:11:48,621 - ERROR - Picking type not found: คลังสินค้าสำเร็จรูป 1: FG10toFG40
2026-01-30 14:11:48,659 - ERROR - Picking type not found: คลังสินค้าสำเร็จรูป 1: FG10toFG40
2026-01-30 14:11:48,698 - ERROR - Picking type not found: คลังสินค้าสำเร็จรูป 1: FG10toFG40
2026-01-30 14:11:48,739 - ERROR - Picking type not found: คลังสินค้าสำเร็จรูป 1: FG10toFG40
2026-01-30 14:11:48,774 - ERROR - Picking type not found: คลังสินค้าสำเร็จรูป 1: FG10toFG40
2026-01-30 14:11:48,800 - ERROR - Picking type not found: คลังสินค้าสำเร็จรูป 1: FG10toFG40
2026-01-30 14:11:48,827 - ERROR - Picking type not found: คลังสินค้าสำเร็จรูป 1: FG10toFG40
2026-01-30 14:11:48,852 - ERROR - Picking type not found: คลังสินค้าสำเร็จรูป 1: FG10toFG40
2026-01-30 14:11:48,878 - ERROR - Picking type not found: คลังสินค้าสำเร็จรูป 1: FG10toFG40
2026-01-30 14:11:48,914 - ERROR - Picking type not found: คลังสินค้าสำเร็จรูป 1: FG10toFG40
2026-01-30 14:11:48,954 - ERROR - Picking type not found: คลังสินค้าสำเร็จรูป 1: FG10toFG40
2026-01-30 14:11:48,983 - ERROR - Picking type not found: คลังสินค้าสำเร็จรูป 1: FG10toFG40
2026-01-30 14:11:49,009 - ERROR - Picking type not found: คลังสินค้าสำเร็จรูป 1: FG10toFG40
2026-01-30 14:11:49,035 - ERROR - Picking type not found: คลังสินค้าสำเร็จรูป 1: FG10toFG40
2026-01-30 14:11:49,061 - ERROR - Picking type not found: คลังสินค้าสำเร็จรูป 1: FG10toFG40
2026-01-30 14:11:49,090 - ERROR - Picking type not found: คลังสินค้าสำเร็จรูป 1: FG10toFG40
2026-01-30 14:11:49,119 - ERROR - Picking type not found: คลังสินค้าสำเร็จรูป 1: FG10toFG40
2026-01-30 14:11:49,148 - ERROR - Picking type not found: คลังสินค้าสำเร็จรูป 1: FG10toFG40
2026-01-30 14:11:49,177 - ERROR - Picking type not found: คลังสินค้าสำเร็จรูป 1: FG10toFG40
2026-01-30 14:11:49,206 - ERROR - Picking type not found: คลังสินค้าสำเร็จรูป 1: FG10toFG40
2026-01-30 14:11:49,245 - ERROR - Picking type not found: คลังสินค้าสำเร็จรูป 1: FG10toFG40
2026-01-30 14:11:49,286 - ERROR - Picking type not found: คลังสินค้าสำเร็จรูป 1: FG10toFG40
