2025-12-02 09:48:02,498 - INFO - Log file created: Varify_partner/logs\partner_verify_20251202_094802.log
2025-12-02 09:48:03,244 - INFO - Successfully connected to Odoo as user ID: 2
2025-12-02 09:48:03,679 - INFO - Starting verification from index 0
2025-12-02 09:48:03,679 - INFO - Total records to process: 302
2025-12-02 09:48:03,679 - INFO - Processing batch 0-100 of 302
2025-12-02 09:48:03,896 - INFO - Partner found by old_code_partner: VEN6600047 - ID: 1733, Name: บริษัท รักษาความปลอดภัย ซีเคอาร์ การ์ด จำกัด
2025-12-02 09:48:03,897 - INFO - Partner found: VEN6600047 - ID: 1733, Name: บริษัท รักษาความปลอดภัย ซีเคอาร์ การ์ด จำกัด
2025-12-02 09:48:04,062 - INFO - Partner found by old_code_partner: REL001 - ID: 964, Name: บริษัท ทรู มูฟ เอช ยูนิเวอร์แซล คอมมิวนิเคชั่น จำกัด
2025-12-02 09:48:04,064 - INFO - Partner found: REL001 - ID: 964, Name: บริษัท ทรู มูฟ เอช ยูนิเวอร์แซล คอมมิวนิเคชั่น จำกัด
2025-12-02 09:48:04,277 - INFO - Partner found by old_code_partner: ANOTHER - ID: 3683, Name: เจ้าหนี้การค้าอื่น
2025-12-02 09:48:04,278 - INFO - Partner found: ANOTHER - ID: 3683, Name: เจ้าหนี้การค้าอื่น
2025-12-02 09:48:04,554 - INFO - Partner found by old_code_partner: REL001 - ID: 964, Name: บริษัท ทรู มูฟ เอช ยูนิเวอร์แซล คอมมิวนิเคชั่น จำกัด
2025-12-02 09:48:04,555 - INFO - Partner found: REL001 - ID: 964, Name: บริษัท ทรู มูฟ เอช ยูนิเวอร์แซล คอมมิวนิเคชั่น จำกัด
2025-12-02 09:48:04,753 - INFO - Partner found by old_code_partner: SPD001 - ID: 3709, Name: บริษัท สัมพันธ์พรเทรดดิ้ง จำกัด
2025-12-02 09:48:04,754 - INFO - Partner found: SPD001 - ID: 3709, Name: บริษัท สัมพันธ์พรเทรดดิ้ง จำกัด
2025-12-02 09:48:04,945 - INFO - Partner found by old_code_partner: SPD001 - ID: 3709, Name: บริษัท สัมพันธ์พรเทรดดิ้ง จำกัด
2025-12-02 09:48:04,945 - INFO - Partner found: SPD001 - ID: 3709, Name: บริษัท สัมพันธ์พรเทรดดิ้ง จำกัด
2025-12-02 09:48:05,235 - INFO - Partner found by old_code_partner: SPD001 - ID: 3709, Name: บริษัท สัมพันธ์พรเทรดดิ้ง จำกัด
2025-12-02 09:48:05,236 - INFO - Partner found: SPD001 - ID: 3709, Name: บริษัท สัมพันธ์พรเทรดดิ้ง จำกัด
2025-12-02 09:48:05,462 - INFO - Partner found by old_code_partner: SPD001 - ID: 3709, Name: บริษัท สัมพันธ์พรเทรดดิ้ง จำกัด
2025-12-02 09:48:05,463 - INFO - Partner found: SPD001 - ID: 3709, Name: บริษัท สัมพันธ์พรเทรดดิ้ง จำกัด
2025-12-02 09:48:05,718 - INFO - Partner found by old_code_partner: ANOTHER - ID: 3683, Name: เจ้าหนี้การค้าอื่น
2025-12-02 09:48:05,719 - INFO - Partner found: ANOTHER - ID: 3683, Name: เจ้าหนี้การค้าอื่น
2025-12-02 09:48:05,896 - INFO - Partner found by old_code_partner: SPD001 - ID: 3709, Name: บริษัท สัมพันธ์พรเทรดดิ้ง จำกัด
2025-12-02 09:48:05,896 - INFO - Partner found: SPD001 - ID: 3709, Name: บริษัท สัมพันธ์พรเทรดดิ้ง จำกัด
2025-12-02 09:48:06,078 - INFO - Partner found by old_code_partner: ANOTHER - ID: 3683, Name: เจ้าหนี้การค้าอื่น
2025-12-02 09:48:06,079 - INFO - Partner found: ANOTHER - ID: 3683, Name: เจ้าหนี้การค้าอื่น
2025-12-02 09:48:06,251 - INFO - Partner found by old_code_partner: SPD001 - ID: 3709, Name: บริษัท สัมพันธ์พรเทรดดิ้ง จำกัด
2025-12-02 09:48:06,252 - INFO - Partner found: SPD001 - ID: 3709, Name: บริษัท สัมพันธ์พรเทรดดิ้ง จำกัด
2025-12-02 09:48:06,432 - INFO - Partner not found in old_code_partner, searching in partner_code field: CBY001
2025-12-02 09:48:06,510 - WARNING - Partner NOT found in both old_code_partner and partner_code fields: CBY001
2025-12-02 09:48:06,672 - INFO - Partner found by old_code_partner: YUY001 - ID: 1377, Name: บริษัท ยุ่ยล้ง โฮมเอ็กซ์เพิร์ท จำกัด
2025-12-02 09:48:06,672 - INFO - Partner found: YUY001 - ID: 1377, Name: บริษัท ยุ่ยล้ง โฮมเอ็กซ์เพิร์ท จำกัด
2025-12-02 09:48:06,880 - INFO - Partner found by old_code_partner: YUY001 - ID: 1377, Name: บริษัท ยุ่ยล้ง โฮมเอ็กซ์เพิร์ท จำกัด
2025-12-02 09:48:06,881 - INFO - Partner found: YUY001 - ID: 1377, Name: บริษัท ยุ่ยล้ง โฮมเอ็กซ์เพิร์ท จำกัด
2025-12-02 09:48:07,120 - INFO - Partner found by old_code_partner: YUY001 - ID: 1377, Name: บริษัท ยุ่ยล้ง โฮมเอ็กซ์เพิร์ท จำกัด
2025-12-02 09:48:07,121 - INFO - Partner found: YUY001 - ID: 1377, Name: บริษัท ยุ่ยล้ง โฮมเอ็กซ์เพิร์ท จำกัด
2025-12-02 09:48:07,330 - INFO - Partner found by old_code_partner: YUY001 - ID: 1377, Name: บริษัท ยุ่ยล้ง โฮมเอ็กซ์เพิร์ท จำกัด
2025-12-02 09:48:07,331 - INFO - Partner found: YUY001 - ID: 1377, Name: บริษัท ยุ่ยล้ง โฮมเอ็กซ์เพิร์ท จำกัด
2025-12-02 09:48:07,551 - INFO - Partner found by old_code_partner: YUY001 - ID: 1377, Name: บริษัท ยุ่ยล้ง โฮมเอ็กซ์เพิร์ท จำกัด
2025-12-02 09:48:07,552 - INFO - Partner found: YUY001 - ID: 1377, Name: บริษัท ยุ่ยล้ง โฮมเอ็กซ์เพิร์ท จำกัด
2025-12-02 09:48:07,736 - INFO - Partner found by old_code_partner: YUY001 - ID: 1377, Name: บริษัท ยุ่ยล้ง โฮมเอ็กซ์เพิร์ท จำกัด
2025-12-02 09:48:07,737 - INFO - Partner found: YUY001 - ID: 1377, Name: บริษัท ยุ่ยล้ง โฮมเอ็กซ์เพิร์ท จำกัด
2025-12-02 09:48:07,942 - INFO - Partner found by old_code_partner: YUY001 - ID: 1377, Name: บริษัท ยุ่ยล้ง โฮมเอ็กซ์เพิร์ท จำกัด
2025-12-02 09:48:07,942 - INFO - Partner found: YUY001 - ID: 1377, Name: บริษัท ยุ่ยล้ง โฮมเอ็กซ์เพิร์ท จำกัด
2025-12-02 09:48:08,282 - INFO - Partner found by old_code_partner: HHO001 - ID: 3711, Name: บริษัท โฮมฮับ จำกัด
2025-12-02 09:48:08,282 - INFO - Partner found: HHO001 - ID: 3711, Name: บริษัท โฮมฮับ จำกัด
2025-12-02 09:48:08,454 - INFO - Partner found by old_code_partner: YUY001 - ID: 1377, Name: บริษัท ยุ่ยล้ง โฮมเอ็กซ์เพิร์ท จำกัด
2025-12-02 09:48:08,454 - INFO - Partner found: YUY001 - ID: 1377, Name: บริษัท ยุ่ยล้ง โฮมเอ็กซ์เพิร์ท จำกัด
2025-12-02 09:48:08,627 - INFO - Partner found by old_code_partner: HHO001 - ID: 3711, Name: บริษัท โฮมฮับ จำกัด
2025-12-02 09:48:08,628 - INFO - Partner found: HHO001 - ID: 3711, Name: บริษัท โฮมฮับ จำกัด
2025-12-02 09:48:08,831 - INFO - Partner found by old_code_partner: YUY001 - ID: 1377, Name: บริษัท ยุ่ยล้ง โฮมเอ็กซ์เพิร์ท จำกัด
2025-12-02 09:48:08,833 - INFO - Partner found: YUY001 - ID: 1377, Name: บริษัท ยุ่ยล้ง โฮมเอ็กซ์เพิร์ท จำกัด
2025-12-02 09:48:08,994 - INFO - Partner not found in old_code_partner, searching in partner_code field: SUK001
2025-12-02 09:48:09,081 - WARNING - Partner NOT found in both old_code_partner and partner_code fields: SUK001
2025-12-02 09:48:09,268 - INFO - Partner not found in old_code_partner, searching in partner_code field: CBY001
2025-12-02 09:48:09,363 - WARNING - Partner NOT found in both old_code_partner and partner_code fields: CBY001
2025-12-02 09:48:09,535 - INFO - Partner found by old_code_partner: YUY001 - ID: 1377, Name: บริษัท ยุ่ยล้ง โฮมเอ็กซ์เพิร์ท จำกัด
2025-12-02 09:48:09,536 - INFO - Partner found: YUY001 - ID: 1377, Name: บริษัท ยุ่ยล้ง โฮมเอ็กซ์เพิร์ท จำกัด
2025-12-02 09:48:09,743 - INFO - Partner found by old_code_partner: HHO001 - ID: 3711, Name: บริษัท โฮมฮับ จำกัด
2025-12-02 09:48:09,744 - INFO - Partner found: HHO001 - ID: 3711, Name: บริษัท โฮมฮับ จำกัด
2025-12-02 09:48:09,936 - INFO - Partner found by old_code_partner: SHP001 - ID: 3712, Name: ห้างหุ้นส่วนจำกัด สหไพบูลย์ สุขภัณฑ์
2025-12-02 09:48:09,937 - INFO - Partner found: SHP001 - ID: 3712, Name: ห้างหุ้นส่วนจำกัด สหไพบูลย์ สุขภัณฑ์
2025-12-02 09:48:10,122 - INFO - Partner found by old_code_partner: YUY001 - ID: 1377, Name: บริษัท ยุ่ยล้ง โฮมเอ็กซ์เพิร์ท จำกัด
2025-12-02 09:48:10,123 - INFO - Partner found: YUY001 - ID: 1377, Name: บริษัท ยุ่ยล้ง โฮมเอ็กซ์เพิร์ท จำกัด
2025-12-02 09:48:10,350 - INFO - Partner found by old_code_partner: SBD001 - ID: 1295, Name: บริษัท สบายดีโฮม จำกัด
2025-12-02 09:48:10,351 - INFO - Partner found: SBD001 - ID: 1295, Name: บริษัท สบายดีโฮม จำกัด
2025-12-02 09:48:10,523 - INFO - Partner found by old_code_partner: YUY001 - ID: 1377, Name: บริษัท ยุ่ยล้ง โฮมเอ็กซ์เพิร์ท จำกัด
2025-12-02 09:48:10,524 - INFO - Partner found: YUY001 - ID: 1377, Name: บริษัท ยุ่ยล้ง โฮมเอ็กซ์เพิร์ท จำกัด
2025-12-02 09:48:10,717 - INFO - Partner not found in old_code_partner, searching in partner_code field: ITH01
2025-12-02 09:48:10,819 - WARNING - Partner NOT found in both old_code_partner and partner_code fields: ITH01
2025-12-02 09:48:10,981 - INFO - Partner found by old_code_partner: YUY001 - ID: 1377, Name: บริษัท ยุ่ยล้ง โฮมเอ็กซ์เพิร์ท จำกัด
2025-12-02 09:48:10,982 - INFO - Partner found: YUY001 - ID: 1377, Name: บริษัท ยุ่ยล้ง โฮมเอ็กซ์เพิร์ท จำกัด
2025-12-02 09:48:11,176 - INFO - Partner found by old_code_partner: SCG002 - ID: 989, Name: บริษัท เอสซีจีโฮม รีเทล จำกัด
2025-12-02 09:48:11,176 - INFO - Partner found: SCG002 - ID: 989, Name: บริษัท เอสซีจีโฮม รีเทล จำกัด
2025-12-02 09:48:11,405 - INFO - Partner not found in old_code_partner, searching in partner_code field: ITH01
2025-12-02 09:48:11,487 - WARNING - Partner NOT found in both old_code_partner and partner_code fields: ITH01
2025-12-02 09:48:11,677 - INFO - Partner not found in old_code_partner, searching in partner_code field: ITH01
2025-12-02 09:48:11,780 - WARNING - Partner NOT found in both old_code_partner and partner_code fields: ITH01
2025-12-02 09:48:11,946 - INFO - Partner not found in old_code_partner, searching in partner_code field: ITH01
2025-12-02 09:48:12,034 - WARNING - Partner NOT found in both old_code_partner and partner_code fields: ITH01
2025-12-02 09:48:12,224 - INFO - Partner found by old_code_partner: YUY001 - ID: 1377, Name: บริษัท ยุ่ยล้ง โฮมเอ็กซ์เพิร์ท จำกัด
2025-12-02 09:48:12,226 - INFO - Partner found: YUY001 - ID: 1377, Name: บริษัท ยุ่ยล้ง โฮมเอ็กซ์เพิร์ท จำกัด
2025-12-02 09:48:12,480 - INFO - Partner not found in old_code_partner, searching in partner_code field: ITH01
2025-12-02 09:48:12,564 - WARNING - Partner NOT found in both old_code_partner and partner_code fields: ITH01
2025-12-02 09:48:12,755 - INFO - Partner not found in old_code_partner, searching in partner_code field: ISS001
2025-12-02 09:48:12,841 - WARNING - Partner NOT found in both old_code_partner and partner_code fields: ISS001
2025-12-02 09:48:13,006 - INFO - Partner not found in old_code_partner, searching in partner_code field: ITH01
2025-12-02 09:48:13,094 - WARNING - Partner NOT found in both old_code_partner and partner_code fields: ITH01
2025-12-02 09:48:13,286 - INFO - Partner found by old_code_partner: MRH001 - ID: 3710, Name: บริษัท เมืองเลยบิ๊กโฮม จำกัด
2025-12-02 09:48:13,287 - INFO - Partner found: MRH001 - ID: 3710, Name: บริษัท เมืองเลยบิ๊กโฮม จำกัด
2025-12-02 09:48:13,465 - INFO - Partner found by old_code_partner: YUY001 - ID: 1377, Name: บริษัท ยุ่ยล้ง โฮมเอ็กซ์เพิร์ท จำกัด
2025-12-02 09:48:13,466 - INFO - Partner found: YUY001 - ID: 1377, Name: บริษัท ยุ่ยล้ง โฮมเอ็กซ์เพิร์ท จำกัด
2025-12-02 09:48:13,671 - INFO - Partner found by old_code_partner: YUY001 - ID: 1377, Name: บริษัท ยุ่ยล้ง โฮมเอ็กซ์เพิร์ท จำกัด
2025-12-02 09:48:13,671 - INFO - Partner found: YUY001 - ID: 1377, Name: บริษัท ยุ่ยล้ง โฮมเอ็กซ์เพิร์ท จำกัด
2025-12-02 09:48:13,874 - INFO - Partner not found in old_code_partner, searching in partner_code field: ITH01
2025-12-02 09:48:13,980 - WARNING - Partner NOT found in both old_code_partner and partner_code fields: ITH01
2025-12-02 09:48:14,176 - INFO - Partner found by old_code_partner: SCG002 - ID: 989, Name: บริษัท เอสซีจีโฮม รีเทล จำกัด
2025-12-02 09:48:14,177 - INFO - Partner found: SCG002 - ID: 989, Name: บริษัท เอสซีจีโฮม รีเทล จำกัด
2025-12-02 09:48:14,354 - INFO - Partner found by old_code_partner: YUY001 - ID: 1377, Name: บริษัท ยุ่ยล้ง โฮมเอ็กซ์เพิร์ท จำกัด
2025-12-02 09:48:14,356 - INFO - Partner found: YUY001 - ID: 1377, Name: บริษัท ยุ่ยล้ง โฮมเอ็กซ์เพิร์ท จำกัด
2025-12-02 09:48:14,541 - INFO - Partner found by old_code_partner: SCG002 - ID: 989, Name: บริษัท เอสซีจีโฮม รีเทล จำกัด
2025-12-02 09:48:14,542 - INFO - Partner found: SCG002 - ID: 989, Name: บริษัท เอสซีจีโฮม รีเทล จำกัด
2025-12-02 09:48:14,819 - INFO - Partner found by old_code_partner: HHO001 - ID: 3711, Name: บริษัท โฮมฮับ จำกัด
2025-12-02 09:48:14,820 - INFO - Partner found: HHO001 - ID: 3711, Name: บริษัท โฮมฮับ จำกัด
2025-12-02 09:48:15,009 - INFO - Partner found by old_code_partner: SCG002 - ID: 989, Name: บริษัท เอสซีจีโฮม รีเทล จำกัด
2025-12-02 09:48:15,010 - INFO - Partner found: SCG002 - ID: 989, Name: บริษัท เอสซีจีโฮม รีเทล จำกัด
2025-12-02 09:48:15,194 - INFO - Partner not found in old_code_partner, searching in partner_code field: ITH01
2025-12-02 09:48:15,297 - WARNING - Partner NOT found in both old_code_partner and partner_code fields: ITH01
2025-12-02 09:48:15,480 - INFO - Partner not found in old_code_partner, searching in partner_code field: SUK001
2025-12-02 09:48:15,568 - WARNING - Partner NOT found in both old_code_partner and partner_code fields: SUK001
2025-12-02 09:48:15,768 - INFO - Partner not found in old_code_partner, searching in partner_code field: CTH000
2025-12-02 09:48:15,862 - WARNING - Partner NOT found in both old_code_partner and partner_code fields: CTH000
2025-12-02 09:48:16,046 - INFO - Partner found by old_code_partner: BTV017 - ID: 780, Name: บริษัท บุญถาวร อินเตอร์เนชั่นแนล จำกัด
2025-12-02 09:48:16,047 - INFO - Partner found: BTV017 - ID: 780, Name: บริษัท บุญถาวร อินเตอร์เนชั่นแนล จำกัด
2025-12-02 09:48:16,306 - INFO - Partner found by old_code_partner: MRH001 - ID: 3710, Name: บริษัท เมืองเลยบิ๊กโฮม จำกัด
2025-12-02 09:48:16,308 - INFO - Partner found: MRH001 - ID: 3710, Name: บริษัท เมืองเลยบิ๊กโฮม จำกัด
2025-12-02 09:48:16,577 - INFO - Partner found by old_code_partner: SCG002 - ID: 989, Name: บริษัท เอสซีจีโฮม รีเทล จำกัด
2025-12-02 09:48:16,577 - INFO - Partner found: SCG002 - ID: 989, Name: บริษัท เอสซีจีโฮม รีเทล จำกัด
2025-12-02 09:48:16,743 - INFO - Partner found by old_code_partner: SCG002 - ID: 989, Name: บริษัท เอสซีจีโฮม รีเทล จำกัด
2025-12-02 09:48:16,744 - INFO - Partner found: SCG002 - ID: 989, Name: บริษัท เอสซีจีโฮม รีเทล จำกัด
2025-12-02 09:48:16,911 - INFO - Partner found by old_code_partner: SCG002 - ID: 989, Name: บริษัท เอสซีจีโฮม รีเทล จำกัด
2025-12-02 09:48:16,911 - INFO - Partner found: SCG002 - ID: 989, Name: บริษัท เอสซีจีโฮม รีเทล จำกัด
2025-12-02 09:48:17,111 - INFO - Partner found by old_code_partner: YUY001 - ID: 1377, Name: บริษัท ยุ่ยล้ง โฮมเอ็กซ์เพิร์ท จำกัด
2025-12-02 09:48:17,112 - INFO - Partner found: YUY001 - ID: 1377, Name: บริษัท ยุ่ยล้ง โฮมเอ็กซ์เพิร์ท จำกัด
2025-12-02 09:48:17,328 - INFO - Partner found by old_code_partner: YOH002 - ID: 1214, Name: บริษัท ยงเฮ้าส์ จำกัด
2025-12-02 09:48:17,328 - INFO - Partner found: YOH002 - ID: 1214, Name: บริษัท ยงเฮ้าส์ จำกัด
2025-12-02 09:48:17,783 - INFO - Partner not found in old_code_partner, searching in partner_code field: SUK001
2025-12-02 09:48:17,923 - WARNING - Partner NOT found in both old_code_partner and partner_code fields: SUK001
2025-12-02 09:48:18,129 - INFO - Partner not found in old_code_partner, searching in partner_code field: CTH000
2025-12-02 09:48:18,226 - WARNING - Partner NOT found in both old_code_partner and partner_code fields: CTH000
2025-12-02 09:48:18,474 - INFO - Partner not found in old_code_partner, searching in partner_code field: ITH01
2025-12-02 09:48:18,587 - WARNING - Partner NOT found in both old_code_partner and partner_code fields: ITH01
2025-12-02 09:48:18,795 - INFO - Partner found by old_code_partner: SCG002 - ID: 989, Name: บริษัท เอสซีจีโฮม รีเทล จำกัด
2025-12-02 09:48:18,796 - INFO - Partner found: SCG002 - ID: 989, Name: บริษัท เอสซีจีโฮม รีเทล จำกัด
2025-12-02 09:48:18,961 - INFO - Partner found by old_code_partner: MRH001 - ID: 3710, Name: บริษัท เมืองเลยบิ๊กโฮม จำกัด
2025-12-02 09:48:18,961 - INFO - Partner found: MRH001 - ID: 3710, Name: บริษัท เมืองเลยบิ๊กโฮม จำกัด
2025-12-02 09:48:19,120 - INFO - Partner found by old_code_partner: VEN6500042 - ID: 1353, Name: บริษัท ยิ่งเจริญ โปรแม็กซ์ จำกัด
2025-12-02 09:48:19,121 - INFO - Partner found: VEN6500042 - ID: 1353, Name: บริษัท ยิ่งเจริญ โปรแม็กซ์ จำกัด
2025-12-02 09:48:19,311 - INFO - Partner found by old_code_partner: MRH001 - ID: 3710, Name: บริษัท เมืองเลยบิ๊กโฮม จำกัด
2025-12-02 09:48:19,311 - INFO - Partner found: MRH001 - ID: 3710, Name: บริษัท เมืองเลยบิ๊กโฮม จำกัด
2025-12-02 09:48:19,490 - INFO - Partner found by old_code_partner: MRH001 - ID: 3710, Name: บริษัท เมืองเลยบิ๊กโฮม จำกัด
2025-12-02 09:48:19,490 - INFO - Partner found: MRH001 - ID: 3710, Name: บริษัท เมืองเลยบิ๊กโฮม จำกัด
2025-12-02 09:48:19,657 - INFO - Partner found by old_code_partner: GHM001 - ID: 3713, Name: บริษัท แกรนด์โฮมมาร์ท กรุ๊ป จำกัด
2025-12-02 09:48:19,658 - INFO - Partner found: GHM001 - ID: 3713, Name: บริษัท แกรนด์โฮมมาร์ท กรุ๊ป จำกัด
2025-12-02 09:48:19,839 - INFO - Partner not found in old_code_partner, searching in partner_code field: SUK001
2025-12-02 09:48:20,014 - WARNING - Partner NOT found in both old_code_partner and partner_code fields: SUK001
2025-12-02 09:48:20,207 - INFO - Partner not found in old_code_partner, searching in partner_code field: CTH000
2025-12-02 09:48:20,287 - WARNING - Partner NOT found in both old_code_partner and partner_code fields: CTH000
2025-12-02 09:48:20,488 - INFO - Partner found by old_code_partner: SCG002 - ID: 989, Name: บริษัท เอสซีจีโฮม รีเทล จำกัด
2025-12-02 09:48:20,489 - INFO - Partner found: SCG002 - ID: 989, Name: บริษัท เอสซีจีโฮม รีเทล จำกัด
2025-12-02 09:48:20,654 - INFO - Partner found by old_code_partner: SCG002 - ID: 989, Name: บริษัท เอสซีจีโฮม รีเทล จำกัด
2025-12-02 09:48:20,654 - INFO - Partner found: SCG002 - ID: 989, Name: บริษัท เอสซีจีโฮม รีเทล จำกัด
2025-12-02 09:48:20,864 - INFO - Partner found by old_code_partner: SCG002 - ID: 989, Name: บริษัท เอสซีจีโฮม รีเทล จำกัด
2025-12-02 09:48:20,865 - INFO - Partner found: SCG002 - ID: 989, Name: บริษัท เอสซีจีโฮม รีเทล จำกัด
2025-12-02 09:48:21,039 - INFO - Partner found by old_code_partner: OTHER - ID: 3684, Name: เจ้าหนี้การค้าในประเทศ
2025-12-02 09:48:21,040 - INFO - Partner found: OTHER - ID: 3684, Name: เจ้าหนี้การค้าในประเทศ
2025-12-02 09:48:21,243 - INFO - Partner found by old_code_partner: SCG002 - ID: 989, Name: บริษัท เอสซีจีโฮม รีเทล จำกัด
2025-12-02 09:48:21,244 - INFO - Partner found: SCG002 - ID: 989, Name: บริษัท เอสซีจีโฮม รีเทล จำกัด
2025-12-02 09:48:21,438 - INFO - Partner found by old_code_partner: MRH001 - ID: 3710, Name: บริษัท เมืองเลยบิ๊กโฮม จำกัด
2025-12-02 09:48:21,439 - INFO - Partner found: MRH001 - ID: 3710, Name: บริษัท เมืองเลยบิ๊กโฮม จำกัด
2025-12-02 09:48:21,629 - INFO - Partner found by old_code_partner: SCG002 - ID: 989, Name: บริษัท เอสซีจีโฮม รีเทล จำกัด
2025-12-02 09:48:21,629 - INFO - Partner found: SCG002 - ID: 989, Name: บริษัท เอสซีจีโฮม รีเทล จำกัด
2025-12-02 09:48:21,810 - INFO - Partner not found in old_code_partner, searching in partner_code field: CBY001
2025-12-02 09:48:21,895 - WARNING - Partner NOT found in both old_code_partner and partner_code fields: CBY001
2025-12-02 09:48:22,060 - INFO - Partner not found in old_code_partner, searching in partner_code field: CTH000
2025-12-02 09:48:22,141 - WARNING - Partner NOT found in both old_code_partner and partner_code fields: CTH000
2025-12-02 09:48:22,347 - INFO - Partner found by old_code_partner: YUY001 - ID: 1377, Name: บริษัท ยุ่ยล้ง โฮมเอ็กซ์เพิร์ท จำกัด
2025-12-02 09:48:22,348 - INFO - Partner found: YUY001 - ID: 1377, Name: บริษัท ยุ่ยล้ง โฮมเอ็กซ์เพิร์ท จำกัด
2025-12-02 09:48:22,522 - INFO - Partner found by old_code_partner: YUY001 - ID: 1377, Name: บริษัท ยุ่ยล้ง โฮมเอ็กซ์เพิร์ท จำกัด
2025-12-02 09:48:22,523 - INFO - Partner found: YUY001 - ID: 1377, Name: บริษัท ยุ่ยล้ง โฮมเอ็กซ์เพิร์ท จำกัด
2025-12-02 09:48:22,704 - INFO - Partner found by old_code_partner: VEN6500042 - ID: 1353, Name: บริษัท ยิ่งเจริญ โปรแม็กซ์ จำกัด
2025-12-02 09:48:22,705 - INFO - Partner found: VEN6500042 - ID: 1353, Name: บริษัท ยิ่งเจริญ โปรแม็กซ์ จำกัด
2025-12-02 09:48:22,900 - INFO - Partner found by old_code_partner: BTV004 - ID: 1519, Name: บริษัท บุญถาวร รีเทล คอร์ปอเรชั่น จำกัด (มหาชน)
2025-12-02 09:48:22,900 - INFO - Partner found: BTV004 - ID: 1519, Name: บริษัท บุญถาวร รีเทล คอร์ปอเรชั่น จำกัด (มหาชน)
2025-12-02 09:48:23,064 - INFO - Partner found by old_code_partner: SCG002 - ID: 989, Name: บริษัท เอสซีจีโฮม รีเทล จำกัด
2025-12-02 09:48:23,065 - INFO - Partner found: SCG002 - ID: 989, Name: บริษัท เอสซีจีโฮม รีเทล จำกัด
2025-12-02 09:48:23,248 - INFO - Partner found by old_code_partner: MRH001 - ID: 3710, Name: บริษัท เมืองเลยบิ๊กโฮม จำกัด
2025-12-02 09:48:23,249 - INFO - Partner found: MRH001 - ID: 3710, Name: บริษัท เมืองเลยบิ๊กโฮม จำกัด
2025-12-02 09:48:23,427 - INFO - Partner found by old_code_partner: YLY001 - ID: 245, Name: ห้างหุ้นส่วนจำกัด ยะลาย่งฮวด
2025-12-02 09:48:23,427 - INFO - Partner found: YLY001 - ID: 245, Name: ห้างหุ้นส่วนจำกัด ยะลาย่งฮวด
2025-12-02 09:48:23,595 - INFO - Partner found by old_code_partner: BTV004 - ID: 1519, Name: บริษัท บุญถาวร รีเทล คอร์ปอเรชั่น จำกัด (มหาชน)
2025-12-02 09:48:23,596 - INFO - Partner found: BTV004 - ID: 1519, Name: บริษัท บุญถาวร รีเทล คอร์ปอเรชั่น จำกัด (มหาชน)
2025-12-02 09:48:23,762 - INFO - Partner found by old_code_partner: SCG002 - ID: 989, Name: บริษัท เอสซีจีโฮม รีเทล จำกัด
2025-12-02 09:48:23,763 - INFO - Partner found: SCG002 - ID: 989, Name: บริษัท เอสซีจีโฮม รีเทล จำกัด
2025-12-02 09:48:23,933 - INFO - Partner found by old_code_partner: MRH001 - ID: 3710, Name: บริษัท เมืองเลยบิ๊กโฮม จำกัด
2025-12-02 09:48:23,933 - INFO - Partner found: MRH001 - ID: 3710, Name: บริษัท เมืองเลยบิ๊กโฮม จำกัด
2025-12-02 09:48:24,124 - INFO - Partner found by old_code_partner: YLY001 - ID: 245, Name: ห้างหุ้นส่วนจำกัด ยะลาย่งฮวด
2025-12-02 09:48:24,124 - INFO - Partner found: YLY001 - ID: 245, Name: ห้างหุ้นส่วนจำกัด ยะลาย่งฮวด
2025-12-02 09:48:24,327 - INFO - Partner found by old_code_partner: VEN6500042 - ID: 1353, Name: บริษัท ยิ่งเจริญ โปรแม็กซ์ จำกัด
2025-12-02 09:48:24,327 - INFO - Partner found: VEN6500042 - ID: 1353, Name: บริษัท ยิ่งเจริญ โปรแม็กซ์ จำกัด
2025-12-02 09:48:24,506 - INFO - Partner found by old_code_partner: SCG002 - ID: 989, Name: บริษัท เอสซีจีโฮม รีเทล จำกัด
2025-12-02 09:48:24,507 - INFO - Partner found: SCG002 - ID: 989, Name: บริษัท เอสซีจีโฮม รีเทล จำกัด
2025-12-02 09:48:24,676 - INFO - Partner found by old_code_partner: BTV004 - ID: 1519, Name: บริษัท บุญถาวร รีเทล คอร์ปอเรชั่น จำกัด (มหาชน)
2025-12-02 09:48:24,677 - INFO - Partner found: BTV004 - ID: 1519, Name: บริษัท บุญถาวร รีเทล คอร์ปอเรชั่น จำกัด (มหาชน)
2025-12-02 09:48:24,867 - INFO - Partner found by old_code_partner: BTV013 - ID: 778, Name: บริษัท บุญถาวรเซรามิค 2000 จำกัด
2025-12-02 09:48:24,868 - INFO - Partner found: BTV013 - ID: 778, Name: บริษัท บุญถาวรเซรามิค 2000 จำกัด
2025-12-02 09:48:25,073 - INFO - Partner found by old_code_partner: BTV016 - ID: 1521, Name: บริษัท บุญถาวรดีเวลลอปเม้นท์ จำกัด
2025-12-02 09:48:25,073 - INFO - Partner found: BTV016 - ID: 1521, Name: บริษัท บุญถาวรดีเวลลอปเม้นท์ จำกัด
2025-12-02 09:48:25,248 - INFO - Partner found by old_code_partner: BTV017 - ID: 780, Name: บริษัท บุญถาวร อินเตอร์เนชั่นแนล จำกัด
2025-12-02 09:48:25,250 - INFO - Partner found: BTV017 - ID: 780, Name: บริษัท บุญถาวร อินเตอร์เนชั่นแนล จำกัด
2025-12-02 09:48:25,419 - INFO - Partner found by old_code_partner: MRH001 - ID: 3710, Name: บริษัท เมืองเลยบิ๊กโฮม จำกัด
2025-12-02 09:48:25,420 - INFO - Partner found: MRH001 - ID: 3710, Name: บริษัท เมืองเลยบิ๊กโฮม จำกัด
2025-12-02 09:48:25,603 - INFO - Partner found by old_code_partner: YLY001 - ID: 245, Name: ห้างหุ้นส่วนจำกัด ยะลาย่งฮวด
2025-12-02 09:48:25,604 - INFO - Partner found: YLY001 - ID: 245, Name: ห้างหุ้นส่วนจำกัด ยะลาย่งฮวด
2025-12-02 09:48:25,607 - INFO - Completed batch. Progress: 100/302
2025-12-02 09:48:25,608 - INFO - Processing batch 100-200 of 302
2025-12-02 09:48:25,801 - INFO - Partner not found in old_code_partner, searching in partner_code field: CBK000
2025-12-02 09:48:25,879 - WARNING - Partner NOT found in both old_code_partner and partner_code fields: CBK000
2025-12-02 09:48:26,109 - INFO - Partner not found in old_code_partner, searching in partner_code field: CTH000
2025-12-02 09:48:26,182 - WARNING - Partner NOT found in both old_code_partner and partner_code fields: CTH000
2025-12-02 09:48:26,364 - INFO - Partner found by old_code_partner: MRH001 - ID: 3710, Name: บริษัท เมืองเลยบิ๊กโฮม จำกัด
2025-12-02 09:48:26,365 - INFO - Partner found: MRH001 - ID: 3710, Name: บริษัท เมืองเลยบิ๊กโฮม จำกัด
2025-12-02 09:48:26,575 - INFO - Partner found by old_code_partner: YUY001 - ID: 1377, Name: บริษัท ยุ่ยล้ง โฮมเอ็กซ์เพิร์ท จำกัด
2025-12-02 09:48:26,576 - INFO - Partner found: YUY001 - ID: 1377, Name: บริษัท ยุ่ยล้ง โฮมเอ็กซ์เพิร์ท จำกัด
2025-12-02 09:48:26,768 - INFO - Partner found by old_code_partner: YLY001 - ID: 245, Name: ห้างหุ้นส่วนจำกัด ยะลาย่งฮวด
2025-12-02 09:48:26,769 - INFO - Partner found: YLY001 - ID: 245, Name: ห้างหุ้นส่วนจำกัด ยะลาย่งฮวด
2025-12-02 09:48:26,934 - INFO - Partner not found in old_code_partner, searching in partner_code field: QCM001
2025-12-02 09:48:27,029 - WARNING - Partner NOT found in both old_code_partner and partner_code fields: QCM001
2025-12-02 09:48:27,217 - INFO - Partner found by old_code_partner: SCG002 - ID: 989, Name: บริษัท เอสซีจีโฮม รีเทล จำกัด
2025-12-02 09:48:27,218 - INFO - Partner found: SCG002 - ID: 989, Name: บริษัท เอสซีจีโฮม รีเทล จำกัด
2025-12-02 09:48:27,390 - INFO - Partner found by old_code_partner: BTV004 - ID: 1519, Name: บริษัท บุญถาวร รีเทล คอร์ปอเรชั่น จำกัด (มหาชน)
2025-12-02 09:48:27,390 - INFO - Partner found: BTV004 - ID: 1519, Name: บริษัท บุญถาวร รีเทล คอร์ปอเรชั่น จำกัด (มหาชน)
2025-12-02 09:48:27,552 - INFO - Partner found by old_code_partner: BTV004 - ID: 1519, Name: บริษัท บุญถาวร รีเทล คอร์ปอเรชั่น จำกัด (มหาชน)
2025-12-02 09:48:27,554 - INFO - Partner found: BTV004 - ID: 1519, Name: บริษัท บุญถาวร รีเทล คอร์ปอเรชั่น จำกัด (มหาชน)
2025-12-02 09:48:27,782 - INFO - Partner found by old_code_partner: TSP004 - ID: 3714, Name: คุณทองสุก โพล้งซิน
2025-12-02 09:48:27,782 - INFO - Partner found: TSP004 - ID: 3714, Name: คุณทองสุก โพล้งซิน
2025-12-02 09:48:27,964 - INFO - Partner found by old_code_partner: BLS001 - ID: 1749, Name: บริษัท บิลเลี่ยนไทยซับพลายส์ จำกัด
2025-12-02 09:48:27,965 - INFO - Partner found: BLS001 - ID: 1749, Name: บริษัท บิลเลี่ยนไทยซับพลายส์ จำกัด
2025-12-02 09:48:28,129 - INFO - Partner found by old_code_partner: SVM001 - ID: 1219, Name: นางสาวศศิวิมล ชัยษา
2025-12-02 09:48:28,130 - INFO - Partner found: SVM001 - ID: 1219, Name: นางสาวศศิวิมล ชัยษา
2025-12-02 09:48:28,319 - INFO - Partner found by old_code_partner: SCG002 - ID: 989, Name: บริษัท เอสซีจีโฮม รีเทล จำกัด
2025-12-02 09:48:28,320 - INFO - Partner found: SCG002 - ID: 989, Name: บริษัท เอสซีจีโฮม รีเทล จำกัด
2025-12-02 09:48:28,500 - INFO - Partner found by old_code_partner: SCG004 - ID: 991, Name: บริษัท เอสซีจี เจดับเบิ้ลยูดี โลจิสติกส์ จำกัด (มหาชน)
2025-12-02 09:48:28,501 - INFO - Partner found: SCG004 - ID: 991, Name: บริษัท เอสซีจี เจดับเบิ้ลยูดี โลจิสติกส์ จำกัด (มหาชน)
2025-12-02 09:48:28,671 - INFO - Partner found by old_code_partner: SCG004 - ID: 991, Name: บริษัท เอสซีจี เจดับเบิ้ลยูดี โลจิสติกส์ จำกัด (มหาชน)
2025-12-02 09:48:28,672 - INFO - Partner found: SCG004 - ID: 991, Name: บริษัท เอสซีจี เจดับเบิ้ลยูดี โลจิสติกส์ จำกัด (มหาชน)
2025-12-02 09:48:28,855 - INFO - Partner found by old_code_partner: OTHER - ID: 3684, Name: เจ้าหนี้การค้าในประเทศ
2025-12-02 09:48:28,857 - INFO - Partner found: OTHER - ID: 3684, Name: เจ้าหนี้การค้าในประเทศ
2025-12-02 09:48:29,020 - INFO - Partner found by old_code_partner: AWN001 - ID: 743, Name: บริษัท แอดวานซ์ ไวร์เลส เน็ทเวอร์ค จำกัด
2025-12-02 09:48:29,021 - INFO - Partner found: AWN001 - ID: 743, Name: บริษัท แอดวานซ์ ไวร์เลส เน็ทเวอร์ค จำกัด
2025-12-02 09:48:29,183 - INFO - Partner not found in old_code_partner, searching in partner_code field: QCM001
2025-12-02 09:48:29,306 - WARNING - Partner NOT found in both old_code_partner and partner_code fields: QCM001
2025-12-02 09:48:29,480 - INFO - Partner found by old_code_partner: SVM001 - ID: 1219, Name: นางสาวศศิวิมล ชัยษา
2025-12-02 09:48:29,481 - INFO - Partner found: SVM001 - ID: 1219, Name: นางสาวศศิวิมล ชัยษา
2025-12-02 09:48:29,645 - INFO - Partner found by old_code_partner: STR001 - ID: 1638, Name: นายสุทร ทองประดับ
2025-12-02 09:48:29,647 - INFO - Partner found: STR001 - ID: 1638, Name: นายสุทร ทองประดับ
2025-12-02 09:48:29,812 - INFO - Partner found by old_code_partner: STM01 - ID: 2023, Name: บริษัท สตาร์มาร์คแมนูแฟคเชอร์ริ่ง จำกัด
2025-12-02 09:48:29,814 - INFO - Partner found: STM01 - ID: 2023, Name: บริษัท สตาร์มาร์คแมนูแฟคเชอร์ริ่ง จำกัด
2025-12-02 09:48:30,058 - INFO - Partner found by old_code_partner: BTV009 - ID: 1248, Name: บริษัท บุญถาวร รีเทล คอร์ปอเรชั่น จำกัด (มหาชน) สาขาพัทยา
2025-12-02 09:48:30,058 - INFO - Partner found: BTV009 - ID: 1248, Name: บริษัท บุญถาวร รีเทล คอร์ปอเรชั่น จำกัด (มหาชน) สาขาพัทยา
2025-12-02 09:48:30,234 - INFO - Partner found by old_code_partner: OTHER - ID: 3684, Name: เจ้าหนี้การค้าในประเทศ
2025-12-02 09:48:30,235 - INFO - Partner found: OTHER - ID: 3684, Name: เจ้าหนี้การค้าในประเทศ
2025-12-02 09:48:30,402 - INFO - Partner found by old_code_partner: SMT01 - ID: 2124, Name: คุณสมยศ ธรรมพัฒน์พงศ์
2025-12-02 09:48:30,403 - INFO - Partner found: SMT01 - ID: 2124, Name: คุณสมยศ ธรรมพัฒน์พงศ์
2025-12-02 09:48:30,591 - INFO - Partner found by old_code_partner: TSP004 - ID: 3714, Name: คุณทองสุก โพล้งซิน
2025-12-02 09:48:30,593 - INFO - Partner found: TSP004 - ID: 3714, Name: คุณทองสุก โพล้งซิน
2025-12-02 09:48:30,782 - INFO - Partner found by old_code_partner: NUT001 - ID: 3715, Name: นางนุชสรา สุขจรมากุล
2025-12-02 09:48:30,783 - INFO - Partner found: NUT001 - ID: 3715, Name: นางนุชสรา สุขจรมากุล
2025-12-02 09:48:30,963 - INFO - Partner found by old_code_partner: STM01 - ID: 2023, Name: บริษัท สตาร์มาร์คแมนูแฟคเชอร์ริ่ง จำกัด
2025-12-02 09:48:30,964 - INFO - Partner found: STM01 - ID: 2023, Name: บริษัท สตาร์มาร์คแมนูแฟคเชอร์ริ่ง จำกัด
2025-12-02 09:48:31,142 - INFO - Partner found by old_code_partner: BLS001 - ID: 1749, Name: บริษัท บิลเลี่ยนไทยซับพลายส์ จำกัด
2025-12-02 09:48:31,143 - INFO - Partner found: BLS001 - ID: 1749, Name: บริษัท บิลเลี่ยนไทยซับพลายส์ จำกัด
2025-12-02 09:48:31,353 - INFO - Partner found by old_code_partner: BLS001 - ID: 1749, Name: บริษัท บิลเลี่ยนไทยซับพลายส์ จำกัด
2025-12-02 09:48:31,354 - INFO - Partner found: BLS001 - ID: 1749, Name: บริษัท บิลเลี่ยนไทยซับพลายส์ จำกัด
2025-12-02 09:48:31,543 - INFO - Partner found by old_code_partner: OTHER - ID: 3684, Name: เจ้าหนี้การค้าในประเทศ
2025-12-02 09:48:31,544 - INFO - Partner found: OTHER - ID: 3684, Name: เจ้าหนี้การค้าในประเทศ
2025-12-02 09:48:31,700 - INFO - Partner found by old_code_partner: HOM001 - ID: 372, Name: บริษัท ตึกน้ำเงินรีเทล จำกัด
2025-12-02 09:48:31,701 - INFO - Partner found: HOM001 - ID: 372, Name: บริษัท ตึกน้ำเงินรีเทล จำกัด
2025-12-02 09:48:31,872 - INFO - Partner found by old_code_partner: REL001 - ID: 964, Name: บริษัท ทรู มูฟ เอช ยูนิเวอร์แซล คอมมิวนิเคชั่น จำกัด
2025-12-02 09:48:31,874 - INFO - Partner found: REL001 - ID: 964, Name: บริษัท ทรู มูฟ เอช ยูนิเวอร์แซล คอมมิวนิเคชั่น จำกัด
2025-12-02 09:48:32,051 - INFO - Partner found by old_code_partner: SPD001 - ID: 3709, Name: บริษัท สัมพันธ์พรเทรดดิ้ง จำกัด
2025-12-02 09:48:32,052 - INFO - Partner found: SPD001 - ID: 3709, Name: บริษัท สัมพันธ์พรเทรดดิ้ง จำกัด
2025-12-02 09:48:32,226 - INFO - Partner found by old_code_partner: OTHER - ID: 3684, Name: เจ้าหนี้การค้าในประเทศ
2025-12-02 09:48:32,227 - INFO - Partner found: OTHER - ID: 3684, Name: เจ้าหนี้การค้าในประเทศ
2025-12-02 09:48:32,410 - INFO - Partner found by old_code_partner: OTHER - ID: 3684, Name: เจ้าหนี้การค้าในประเทศ
2025-12-02 09:48:32,411 - INFO - Partner found: OTHER - ID: 3684, Name: เจ้าหนี้การค้าในประเทศ
2025-12-02 09:48:32,581 - INFO - Partner found by old_code_partner: CSC002 - ID: 226, Name: CSC COMPLEX CENTER SOLE CO.,LTD.
2025-12-02 09:48:32,582 - INFO - Partner found: CSC002 - ID: 226, Name: CSC COMPLEX CENTER SOLE CO.,LTD.
2025-12-02 09:48:32,741 - INFO - Partner found by old_code_partner: CSC002 - ID: 226, Name: CSC COMPLEX CENTER SOLE CO.,LTD.
2025-12-02 09:48:32,742 - INFO - Partner found: CSC002 - ID: 226, Name: CSC COMPLEX CENTER SOLE CO.,LTD.
2025-12-02 09:48:32,909 - INFO - Partner found by old_code_partner: CSC002 - ID: 226, Name: CSC COMPLEX CENTER SOLE CO.,LTD.
2025-12-02 09:48:32,910 - INFO - Partner found: CSC002 - ID: 226, Name: CSC COMPLEX CENTER SOLE CO.,LTD.
2025-12-02 09:48:33,175 - INFO - Partner found by old_code_partner: BOO 035 - ID: 223, Name: บริษัท เอสซีจีโฮม รีเทล จำกัด
2025-12-02 09:48:33,176 - INFO - Partner found: BOO 035 - ID: 223, Name: บริษัท เอสซีจีโฮม รีเทล จำกัด
2025-12-02 09:48:33,412 - INFO - Partner found by old_code_partner: BOO 035 - ID: 223, Name: บริษัท เอสซีจีโฮม รีเทล จำกัด
2025-12-02 09:48:33,413 - INFO - Partner found: BOO 035 - ID: 223, Name: บริษัท เอสซีจีโฮม รีเทล จำกัด
2025-12-02 09:48:33,642 - INFO - Partner found by old_code_partner: BOO 035 - ID: 223, Name: บริษัท เอสซีจีโฮม รีเทล จำกัด
2025-12-02 09:48:33,643 - INFO - Partner found: BOO 035 - ID: 223, Name: บริษัท เอสซีจีโฮม รีเทล จำกัด
2025-12-02 09:48:33,829 - INFO - Partner found by old_code_partner: BOO 035 - ID: 223, Name: บริษัท เอสซีจีโฮม รีเทล จำกัด
2025-12-02 09:48:33,830 - INFO - Partner found: BOO 035 - ID: 223, Name: บริษัท เอสซีจีโฮม รีเทล จำกัด
2025-12-02 09:48:33,993 - INFO - Partner found by old_code_partner: BOO 035 - ID: 223, Name: บริษัท เอสซีจีโฮม รีเทล จำกัด
2025-12-02 09:48:33,993 - INFO - Partner found: BOO 035 - ID: 223, Name: บริษัท เอสซีจีโฮม รีเทล จำกัด
2025-12-02 09:48:34,155 - INFO - Partner found by old_code_partner: BOO 035 - ID: 223, Name: บริษัท เอสซีจีโฮม รีเทล จำกัด
2025-12-02 09:48:34,156 - INFO - Partner found: BOO 035 - ID: 223, Name: บริษัท เอสซีจีโฮม รีเทล จำกัด
2025-12-02 09:48:34,366 - INFO - Partner found by old_code_partner: BOO 035 - ID: 223, Name: บริษัท เอสซีจีโฮม รีเทล จำกัด
2025-12-02 09:48:34,368 - INFO - Partner found: BOO 035 - ID: 223, Name: บริษัท เอสซีจีโฮม รีเทล จำกัด
2025-12-02 09:48:34,533 - INFO - Partner found by old_code_partner: BOO 035 - ID: 223, Name: บริษัท เอสซีจีโฮม รีเทล จำกัด
2025-12-02 09:48:34,535 - INFO - Partner found: BOO 035 - ID: 223, Name: บริษัท เอสซีจีโฮม รีเทล จำกัด
2025-12-02 09:48:34,739 - INFO - Partner found by old_code_partner: BOO 035 - ID: 223, Name: บริษัท เอสซีจีโฮม รีเทล จำกัด
2025-12-02 09:48:34,741 - INFO - Partner found: BOO 035 - ID: 223, Name: บริษัท เอสซีจีโฮม รีเทล จำกัด
2025-12-02 09:48:34,920 - INFO - Partner found by old_code_partner: BOO 035 - ID: 223, Name: บริษัท เอสซีจีโฮม รีเทล จำกัด
2025-12-02 09:48:34,921 - INFO - Partner found: BOO 035 - ID: 223, Name: บริษัท เอสซีจีโฮม รีเทล จำกัด
2025-12-02 09:48:35,119 - INFO - Partner found by old_code_partner: BOO 035 - ID: 223, Name: บริษัท เอสซีจีโฮม รีเทล จำกัด
2025-12-02 09:48:35,120 - INFO - Partner found: BOO 035 - ID: 223, Name: บริษัท เอสซีจีโฮม รีเทล จำกัด
2025-12-02 09:48:35,312 - INFO - Partner found by old_code_partner: BOO 035 - ID: 223, Name: บริษัท เอสซีจีโฮม รีเทล จำกัด
2025-12-02 09:48:35,313 - INFO - Partner found: BOO 035 - ID: 223, Name: บริษัท เอสซีจีโฮม รีเทล จำกัด
2025-12-02 09:48:35,507 - INFO - Partner found by old_code_partner: BOO 035 - ID: 223, Name: บริษัท เอสซีจีโฮม รีเทล จำกัด
2025-12-02 09:48:35,508 - INFO - Partner found: BOO 035 - ID: 223, Name: บริษัท เอสซีจีโฮม รีเทล จำกัด
2025-12-02 09:48:35,707 - INFO - Partner found by old_code_partner: BOO 035 - ID: 223, Name: บริษัท เอสซีจีโฮม รีเทล จำกัด
2025-12-02 09:48:35,709 - INFO - Partner found: BOO 035 - ID: 223, Name: บริษัท เอสซีจีโฮม รีเทล จำกัด
2025-12-02 09:48:35,892 - INFO - Partner found by old_code_partner: BOO 035 - ID: 223, Name: บริษัท เอสซีจีโฮม รีเทล จำกัด
2025-12-02 09:48:35,893 - INFO - Partner found: BOO 035 - ID: 223, Name: บริษัท เอสซีจีโฮม รีเทล จำกัด
2025-12-02 09:48:36,073 - INFO - Partner found by old_code_partner: BOO 035 - ID: 223, Name: บริษัท เอสซีจีโฮม รีเทล จำกัด
2025-12-02 09:48:36,073 - INFO - Partner found: BOO 035 - ID: 223, Name: บริษัท เอสซีจีโฮม รีเทล จำกัด
2025-12-02 09:48:36,247 - INFO - Partner found by old_code_partner: BOO 035 - ID: 223, Name: บริษัท เอสซีจีโฮม รีเทล จำกัด
2025-12-02 09:48:36,248 - INFO - Partner found: BOO 035 - ID: 223, Name: บริษัท เอสซีจีโฮม รีเทล จำกัด
2025-12-02 09:48:36,418 - INFO - Partner found by old_code_partner: BOO 035 - ID: 223, Name: บริษัท เอสซีจีโฮม รีเทล จำกัด
2025-12-02 09:48:36,419 - INFO - Partner found: BOO 035 - ID: 223, Name: บริษัท เอสซีจีโฮม รีเทล จำกัด
2025-12-02 09:48:36,635 - INFO - Partner found by old_code_partner: BOO 035 - ID: 223, Name: บริษัท เอสซีจีโฮม รีเทล จำกัด
2025-12-02 09:48:36,636 - INFO - Partner found: BOO 035 - ID: 223, Name: บริษัท เอสซีจีโฮม รีเทล จำกัด
2025-12-02 09:48:36,905 - INFO - Partner found by old_code_partner: BOO 035 - ID: 223, Name: บริษัท เอสซีจีโฮม รีเทล จำกัด
2025-12-02 09:48:36,906 - INFO - Partner found: BOO 035 - ID: 223, Name: บริษัท เอสซีจีโฮม รีเทล จำกัด
2025-12-02 09:48:37,220 - INFO - Partner found by old_code_partner: BOO 035 - ID: 223, Name: บริษัท เอสซีจีโฮม รีเทล จำกัด
2025-12-02 09:48:37,221 - INFO - Partner found: BOO 035 - ID: 223, Name: บริษัท เอสซีจีโฮม รีเทล จำกัด
2025-12-02 09:48:37,388 - INFO - Partner found by old_code_partner: BOO 035 - ID: 223, Name: บริษัท เอสซีจีโฮม รีเทล จำกัด
2025-12-02 09:48:37,389 - INFO - Partner found: BOO 035 - ID: 223, Name: บริษัท เอสซีจีโฮม รีเทล จำกัด
2025-12-02 09:48:37,577 - INFO - Partner found by old_code_partner: BOO 035 - ID: 223, Name: บริษัท เอสซีจีโฮม รีเทล จำกัด
2025-12-02 09:48:37,577 - INFO - Partner found: BOO 035 - ID: 223, Name: บริษัท เอสซีจีโฮม รีเทล จำกัด
2025-12-02 09:48:37,782 - INFO - Partner found by old_code_partner: BOO 035 - ID: 223, Name: บริษัท เอสซีจีโฮม รีเทล จำกัด
2025-12-02 09:48:37,782 - INFO - Partner found: BOO 035 - ID: 223, Name: บริษัท เอสซีจีโฮม รีเทล จำกัด
2025-12-02 09:48:37,948 - INFO - Partner found by old_code_partner: BOO 035 - ID: 223, Name: บริษัท เอสซีจีโฮม รีเทล จำกัด
2025-12-02 09:48:37,949 - INFO - Partner found: BOO 035 - ID: 223, Name: บริษัท เอสซีจีโฮม รีเทล จำกัด
2025-12-02 09:48:38,127 - INFO - Partner found by old_code_partner: BOO 035 - ID: 223, Name: บริษัท เอสซีจีโฮม รีเทล จำกัด
2025-12-02 09:48:38,127 - INFO - Partner found: BOO 035 - ID: 223, Name: บริษัท เอสซีจีโฮม รีเทล จำกัด
2025-12-02 09:48:38,324 - INFO - Partner found by old_code_partner: BOO 035 - ID: 223, Name: บริษัท เอสซีจีโฮม รีเทล จำกัด
2025-12-02 09:48:38,325 - INFO - Partner found: BOO 035 - ID: 223, Name: บริษัท เอสซีจีโฮม รีเทล จำกัด
2025-12-02 09:48:38,493 - INFO - Partner found by old_code_partner: BOO 035 - ID: 223, Name: บริษัท เอสซีจีโฮม รีเทล จำกัด
2025-12-02 09:48:38,494 - INFO - Partner found: BOO 035 - ID: 223, Name: บริษัท เอสซีจีโฮม รีเทล จำกัด
2025-12-02 09:48:38,682 - INFO - Partner found by old_code_partner: BOON009 - ID: 216, Name: บริษัท บุญถาวร รีเทล คอร์ปอเรชั่น จำกัด (มหาชน) สาขาศูนย์กระจายสินค้ารังสิต
2025-12-02 09:48:38,684 - INFO - Partner found: BOON009 - ID: 216, Name: บริษัท บุญถาวร รีเทล คอร์ปอเรชั่น จำกัด (มหาชน) สาขาศูนย์กระจายสินค้ารังสิต
2025-12-02 09:48:38,867 - INFO - Partner found by old_code_partner: YJR001 - ID: 241, Name: บริษัท ยิ่งเจริญ โปรแม็กซ์ จำกัด
2025-12-02 09:48:38,867 - INFO - Partner found: YJR001 - ID: 241, Name: บริษัท ยิ่งเจริญ โปรแม็กซ์ จำกัด
2025-12-02 09:48:39,035 - INFO - Partner found by old_code_partner: BOO 035 - ID: 223, Name: บริษัท เอสซีจีโฮม รีเทล จำกัด
2025-12-02 09:48:39,037 - INFO - Partner found: BOO 035 - ID: 223, Name: บริษัท เอสซีจีโฮม รีเทล จำกัด
2025-12-02 09:48:39,206 - INFO - Partner found by old_code_partner: BOO 035 - ID: 223, Name: บริษัท เอสซีจีโฮม รีเทล จำกัด
2025-12-02 09:48:39,207 - INFO - Partner found: BOO 035 - ID: 223, Name: บริษัท เอสซีจีโฮม รีเทล จำกัด
2025-12-02 09:48:39,405 - INFO - Partner found by old_code_partner: BOO 035 - ID: 223, Name: บริษัท เอสซีจีโฮม รีเทล จำกัด
2025-12-02 09:48:39,405 - INFO - Partner found: BOO 035 - ID: 223, Name: บริษัท เอสซีจีโฮม รีเทล จำกัด
2025-12-02 09:48:39,642 - INFO - Partner found by old_code_partner: BOO 035 - ID: 223, Name: บริษัท เอสซีจีโฮม รีเทล จำกัด
2025-12-02 09:48:39,643 - INFO - Partner found: BOO 035 - ID: 223, Name: บริษัท เอสซีจีโฮม รีเทล จำกัด
2025-12-02 09:48:39,856 - INFO - Partner found by old_code_partner: BOO 035 - ID: 223, Name: บริษัท เอสซีจีโฮม รีเทล จำกัด
2025-12-02 09:48:39,856 - INFO - Partner found: BOO 035 - ID: 223, Name: บริษัท เอสซีจีโฮม รีเทล จำกัด
2025-12-02 09:48:40,027 - INFO - Partner found by old_code_partner: BOO 035 - ID: 223, Name: บริษัท เอสซีจีโฮม รีเทล จำกัด
2025-12-02 09:48:40,028 - INFO - Partner found: BOO 035 - ID: 223, Name: บริษัท เอสซีจีโฮม รีเทล จำกัด
2025-12-02 09:48:40,189 - INFO - Partner found by old_code_partner: BOO 035 - ID: 223, Name: บริษัท เอสซีจีโฮม รีเทล จำกัด
2025-12-02 09:48:40,191 - INFO - Partner found: BOO 035 - ID: 223, Name: บริษัท เอสซีจีโฮม รีเทล จำกัด
2025-12-02 09:48:40,380 - INFO - Partner found by old_code_partner: BOO 035 - ID: 223, Name: บริษัท เอสซีจีโฮม รีเทล จำกัด
2025-12-02 09:48:40,381 - INFO - Partner found: BOO 035 - ID: 223, Name: บริษัท เอสซีจีโฮม รีเทล จำกัด
2025-12-02 09:48:40,551 - INFO - Partner found by old_code_partner: BOO 035 - ID: 223, Name: บริษัท เอสซีจีโฮม รีเทล จำกัด
2025-12-02 09:48:40,552 - INFO - Partner found: BOO 035 - ID: 223, Name: บริษัท เอสซีจีโฮม รีเทล จำกัด
2025-12-02 09:48:40,724 - INFO - Partner found by old_code_partner: BOO 035 - ID: 223, Name: บริษัท เอสซีจีโฮม รีเทล จำกัด
2025-12-02 09:48:40,725 - INFO - Partner found: BOO 035 - ID: 223, Name: บริษัท เอสซีจีโฮม รีเทล จำกัด
2025-12-02 09:48:40,911 - INFO - Partner found by old_code_partner: BOO 035 - ID: 223, Name: บริษัท เอสซีจีโฮม รีเทล จำกัด
2025-12-02 09:48:40,911 - INFO - Partner found: BOO 035 - ID: 223, Name: บริษัท เอสซีจีโฮม รีเทล จำกัด
2025-12-02 09:48:41,083 - INFO - Partner found by old_code_partner: BOO 035 - ID: 223, Name: บริษัท เอสซีจีโฮม รีเทล จำกัด
2025-12-02 09:48:41,083 - INFO - Partner found: BOO 035 - ID: 223, Name: บริษัท เอสซีจีโฮม รีเทล จำกัด
2025-12-02 09:48:41,242 - INFO - Partner found by old_code_partner: BOO 035 - ID: 223, Name: บริษัท เอสซีจีโฮม รีเทล จำกัด
2025-12-02 09:48:41,242 - INFO - Partner found: BOO 035 - ID: 223, Name: บริษัท เอสซีจีโฮม รีเทล จำกัด
2025-12-02 09:48:41,421 - INFO - Partner found by old_code_partner: BOO 035 - ID: 223, Name: บริษัท เอสซีจีโฮม รีเทล จำกัด
2025-12-02 09:48:41,422 - INFO - Partner found: BOO 035 - ID: 223, Name: บริษัท เอสซีจีโฮม รีเทล จำกัด
2025-12-02 09:48:41,610 - INFO - Partner found by old_code_partner: BOO 035 - ID: 223, Name: บริษัท เอสซีจีโฮม รีเทล จำกัด
2025-12-02 09:48:41,611 - INFO - Partner found: BOO 035 - ID: 223, Name: บริษัท เอสซีจีโฮม รีเทล จำกัด
2025-12-02 09:48:41,780 - INFO - Partner found by old_code_partner: BOO 035 - ID: 223, Name: บริษัท เอสซีจีโฮม รีเทล จำกัด
2025-12-02 09:48:41,781 - INFO - Partner found: BOO 035 - ID: 223, Name: บริษัท เอสซีจีโฮม รีเทล จำกัด
2025-12-02 09:48:41,979 - INFO - Partner found by old_code_partner: BOO 035 - ID: 223, Name: บริษัท เอสซีจีโฮม รีเทล จำกัด
2025-12-02 09:48:41,980 - INFO - Partner found: BOO 035 - ID: 223, Name: บริษัท เอสซีจีโฮม รีเทล จำกัด
2025-12-02 09:48:42,176 - INFO - Partner found by old_code_partner: BOO 035 - ID: 223, Name: บริษัท เอสซีจีโฮม รีเทล จำกัด
2025-12-02 09:48:42,176 - INFO - Partner found: BOO 035 - ID: 223, Name: บริษัท เอสซีจีโฮม รีเทล จำกัด
2025-12-02 09:48:42,364 - INFO - Partner found by old_code_partner: BOO 035 - ID: 223, Name: บริษัท เอสซีจีโฮม รีเทล จำกัด
2025-12-02 09:48:42,365 - INFO - Partner found: BOO 035 - ID: 223, Name: บริษัท เอสซีจีโฮม รีเทล จำกัด
2025-12-02 09:48:42,547 - INFO - Partner found by old_code_partner: BOO 035 - ID: 223, Name: บริษัท เอสซีจีโฮม รีเทล จำกัด
2025-12-02 09:48:42,549 - INFO - Partner found: BOO 035 - ID: 223, Name: บริษัท เอสซีจีโฮม รีเทล จำกัด
2025-12-02 09:48:42,724 - INFO - Partner found by old_code_partner: BOO 035 - ID: 223, Name: บริษัท เอสซีจีโฮม รีเทล จำกัด
2025-12-02 09:48:42,725 - INFO - Partner found: BOO 035 - ID: 223, Name: บริษัท เอสซีจีโฮม รีเทล จำกัด
2025-12-02 09:48:42,909 - INFO - Partner found by old_code_partner: BOO 035 - ID: 223, Name: บริษัท เอสซีจีโฮม รีเทล จำกัด
2025-12-02 09:48:42,910 - INFO - Partner found: BOO 035 - ID: 223, Name: บริษัท เอสซีจีโฮม รีเทล จำกัด
2025-12-02 09:48:43,082 - INFO - Partner found by old_code_partner: BOO 035 - ID: 223, Name: บริษัท เอสซีจีโฮม รีเทล จำกัด
2025-12-02 09:48:43,083 - INFO - Partner found: BOO 035 - ID: 223, Name: บริษัท เอสซีจีโฮม รีเทล จำกัด
2025-12-02 09:48:43,276 - INFO - Partner found by old_code_partner: BOO 035 - ID: 223, Name: บริษัท เอสซีจีโฮม รีเทล จำกัด
2025-12-02 09:48:43,277 - INFO - Partner found: BOO 035 - ID: 223, Name: บริษัท เอสซีจีโฮม รีเทล จำกัด
2025-12-02 09:48:43,464 - INFO - Partner found by old_code_partner: BOO 035 - ID: 223, Name: บริษัท เอสซีจีโฮม รีเทล จำกัด
2025-12-02 09:48:43,465 - INFO - Partner found: BOO 035 - ID: 223, Name: บริษัท เอสซีจีโฮม รีเทล จำกัด
2025-12-02 09:48:43,664 - INFO - Partner found by old_code_partner: BOO 035 - ID: 223, Name: บริษัท เอสซีจีโฮม รีเทล จำกัด
2025-12-02 09:48:43,665 - INFO - Partner found: BOO 035 - ID: 223, Name: บริษัท เอสซีจีโฮม รีเทล จำกัด
2025-12-02 09:48:43,863 - INFO - Partner found by old_code_partner: BOO 035 - ID: 223, Name: บริษัท เอสซีจีโฮม รีเทล จำกัด
2025-12-02 09:48:43,864 - INFO - Partner found: BOO 035 - ID: 223, Name: บริษัท เอสซีจีโฮม รีเทล จำกัด
2025-12-02 09:48:44,360 - INFO - Partner found by old_code_partner: BOO 035 - ID: 223, Name: บริษัท เอสซีจีโฮม รีเทล จำกัด
2025-12-02 09:48:44,360 - INFO - Partner found: BOO 035 - ID: 223, Name: บริษัท เอสซีจีโฮม รีเทล จำกัด
2025-12-02 09:48:44,650 - INFO - Partner found by old_code_partner: BOO 035 - ID: 223, Name: บริษัท เอสซีจีโฮม รีเทล จำกัด
2025-12-02 09:48:44,652 - INFO - Partner found: BOO 035 - ID: 223, Name: บริษัท เอสซีจีโฮม รีเทล จำกัด
2025-12-02 09:48:44,862 - INFO - Partner found by old_code_partner: BOO 035 - ID: 223, Name: บริษัท เอสซีจีโฮม รีเทล จำกัด
2025-12-02 09:48:44,863 - INFO - Partner found: BOO 035 - ID: 223, Name: บริษัท เอสซีจีโฮม รีเทล จำกัด
2025-12-02 09:48:45,043 - INFO - Partner found by old_code_partner: BOO 035 - ID: 223, Name: บริษัท เอสซีจีโฮม รีเทล จำกัด
2025-12-02 09:48:45,044 - INFO - Partner found: BOO 035 - ID: 223, Name: บริษัท เอสซีจีโฮม รีเทล จำกัด
2025-12-02 09:48:45,202 - INFO - Partner found by old_code_partner: BOO 035 - ID: 223, Name: บริษัท เอสซีจีโฮม รีเทล จำกัด
2025-12-02 09:48:45,203 - INFO - Partner found: BOO 035 - ID: 223, Name: บริษัท เอสซีจีโฮม รีเทล จำกัด
2025-12-02 09:48:45,207 - INFO - Completed batch. Progress: 200/302
2025-12-02 09:48:45,208 - INFO - Processing batch 200-300 of 302
2025-12-02 09:48:45,441 - INFO - Partner found by old_code_partner: BOO 035 - ID: 223, Name: บริษัท เอสซีจีโฮม รีเทล จำกัด
2025-12-02 09:48:45,442 - INFO - Partner found: BOO 035 - ID: 223, Name: บริษัท เอสซีจีโฮม รีเทล จำกัด
2025-12-02 09:48:45,603 - INFO - Partner found by old_code_partner: BOO 035 - ID: 223, Name: บริษัท เอสซีจีโฮม รีเทล จำกัด
2025-12-02 09:48:45,603 - INFO - Partner found: BOO 035 - ID: 223, Name: บริษัท เอสซีจีโฮม รีเทล จำกัด
2025-12-02 09:48:45,804 - INFO - Partner found by old_code_partner: BOO 035 - ID: 223, Name: บริษัท เอสซีจีโฮม รีเทล จำกัด
2025-12-02 09:48:45,805 - INFO - Partner found: BOO 035 - ID: 223, Name: บริษัท เอสซีจีโฮม รีเทล จำกัด
2025-12-02 09:48:46,079 - INFO - Partner found by old_code_partner: BOO 035 - ID: 223, Name: บริษัท เอสซีจีโฮม รีเทล จำกัด
2025-12-02 09:48:46,080 - INFO - Partner found: BOO 035 - ID: 223, Name: บริษัท เอสซีจีโฮม รีเทล จำกัด
2025-12-02 09:48:46,249 - INFO - Partner found by old_code_partner: BOO 035 - ID: 223, Name: บริษัท เอสซีจีโฮม รีเทล จำกัด
2025-12-02 09:48:46,251 - INFO - Partner found: BOO 035 - ID: 223, Name: บริษัท เอสซีจีโฮม รีเทล จำกัด
2025-12-02 09:48:46,421 - INFO - Partner found by old_code_partner: BOO 035 - ID: 223, Name: บริษัท เอสซีจีโฮม รีเทล จำกัด
2025-12-02 09:48:46,421 - INFO - Partner found: BOO 035 - ID: 223, Name: บริษัท เอสซีจีโฮม รีเทล จำกัด
2025-12-02 09:48:46,590 - INFO - Partner found by old_code_partner: BOO 035 - ID: 223, Name: บริษัท เอสซีจีโฮม รีเทล จำกัด
2025-12-02 09:48:46,592 - INFO - Partner found: BOO 035 - ID: 223, Name: บริษัท เอสซีจีโฮม รีเทล จำกัด
2025-12-02 09:48:46,755 - INFO - Partner found by old_code_partner: BOO 035 - ID: 223, Name: บริษัท เอสซีจีโฮม รีเทล จำกัด
2025-12-02 09:48:46,756 - INFO - Partner found: BOO 035 - ID: 223, Name: บริษัท เอสซีจีโฮม รีเทล จำกัด
2025-12-02 09:48:46,949 - INFO - Partner found by old_code_partner: BOO 035 - ID: 223, Name: บริษัท เอสซีจีโฮม รีเทล จำกัด
2025-12-02 09:48:46,950 - INFO - Partner found: BOO 035 - ID: 223, Name: บริษัท เอสซีจีโฮม รีเทล จำกัด
2025-12-02 09:48:47,169 - INFO - Partner found by old_code_partner: BOO 035 - ID: 223, Name: บริษัท เอสซีจีโฮม รีเทล จำกัด
2025-12-02 09:48:47,171 - INFO - Partner found: BOO 035 - ID: 223, Name: บริษัท เอสซีจีโฮม รีเทล จำกัด
2025-12-02 09:48:47,331 - INFO - Partner found by old_code_partner: BOO 035 - ID: 223, Name: บริษัท เอสซีจีโฮม รีเทล จำกัด
2025-12-02 09:48:47,332 - INFO - Partner found: BOO 035 - ID: 223, Name: บริษัท เอสซีจีโฮม รีเทล จำกัด
2025-12-02 09:48:47,509 - INFO - Partner found by old_code_partner: BOO 035 - ID: 223, Name: บริษัท เอสซีจีโฮม รีเทล จำกัด
2025-12-02 09:48:47,509 - INFO - Partner found: BOO 035 - ID: 223, Name: บริษัท เอสซีจีโฮม รีเทล จำกัด
2025-12-02 09:48:47,701 - INFO - Partner found by old_code_partner: BOO 035 - ID: 223, Name: บริษัท เอสซีจีโฮม รีเทล จำกัด
2025-12-02 09:48:47,703 - INFO - Partner found: BOO 035 - ID: 223, Name: บริษัท เอสซีจีโฮม รีเทล จำกัด
2025-12-02 09:48:47,923 - INFO - Partner found by old_code_partner: BOO 035 - ID: 223, Name: บริษัท เอสซีจีโฮม รีเทล จำกัด
2025-12-02 09:48:47,924 - INFO - Partner found: BOO 035 - ID: 223, Name: บริษัท เอสซีจีโฮม รีเทล จำกัด
2025-12-02 09:48:48,137 - INFO - Partner found by old_code_partner: BOO 035 - ID: 223, Name: บริษัท เอสซีจีโฮม รีเทล จำกัด
2025-12-02 09:48:48,139 - INFO - Partner found: BOO 035 - ID: 223, Name: บริษัท เอสซีจีโฮม รีเทล จำกัด
2025-12-02 09:48:48,332 - INFO - Partner found by old_code_partner: BOO 035 - ID: 223, Name: บริษัท เอสซีจีโฮม รีเทล จำกัด
2025-12-02 09:48:48,333 - INFO - Partner found: BOO 035 - ID: 223, Name: บริษัท เอสซีจีโฮม รีเทล จำกัด
2025-12-02 09:48:48,513 - INFO - Partner found by old_code_partner: BOO 035 - ID: 223, Name: บริษัท เอสซีจีโฮม รีเทล จำกัด
2025-12-02 09:48:48,514 - INFO - Partner found: BOO 035 - ID: 223, Name: บริษัท เอสซีจีโฮม รีเทล จำกัด
2025-12-02 09:48:48,745 - INFO - Partner found by old_code_partner: BOO 035 - ID: 223, Name: บริษัท เอสซีจีโฮม รีเทล จำกัด
2025-12-02 09:48:48,746 - INFO - Partner found: BOO 035 - ID: 223, Name: บริษัท เอสซีจีโฮม รีเทล จำกัด
2025-12-02 09:48:48,965 - INFO - Partner found by old_code_partner: BOO 035 - ID: 223, Name: บริษัท เอสซีจีโฮม รีเทล จำกัด
2025-12-02 09:48:48,966 - INFO - Partner found: BOO 035 - ID: 223, Name: บริษัท เอสซีจีโฮม รีเทล จำกัด
2025-12-02 09:48:49,177 - INFO - Partner found by old_code_partner: BOO 035 - ID: 223, Name: บริษัท เอสซีจีโฮม รีเทล จำกัด
2025-12-02 09:48:49,179 - INFO - Partner found: BOO 035 - ID: 223, Name: บริษัท เอสซีจีโฮม รีเทล จำกัด
2025-12-02 09:48:49,386 - INFO - Partner found by old_code_partner: BOO 035 - ID: 223, Name: บริษัท เอสซีจีโฮม รีเทล จำกัด
2025-12-02 09:48:49,388 - INFO - Partner found: BOO 035 - ID: 223, Name: บริษัท เอสซีจีโฮม รีเทล จำกัด
2025-12-02 09:48:49,747 - INFO - Partner found by old_code_partner: BOO 035 - ID: 223, Name: บริษัท เอสซีจีโฮม รีเทล จำกัด
2025-12-02 09:48:49,748 - INFO - Partner found: BOO 035 - ID: 223, Name: บริษัท เอสซีจีโฮม รีเทล จำกัด
2025-12-02 09:48:49,960 - INFO - Partner found by old_code_partner: BOO001 - ID: 212, Name: บริษัท บุญถาวร รีเทล คอร์ปอเรชั่น จำกัด (มหาชน) สาขาพุทธมณฑล
2025-12-02 09:48:49,961 - INFO - Partner found: BOO001 - ID: 212, Name: บริษัท บุญถาวร รีเทล คอร์ปอเรชั่น จำกัด (มหาชน) สาขาพุทธมณฑล
2025-12-02 09:48:50,156 - INFO - Partner found by old_code_partner: BOO0002 - ID: 214, Name: บริษัท บุญถาวร รีเทล คอร์ปอเรชั่น จำกัด (มหาชน) สาขารัชดา
2025-12-02 09:48:50,157 - INFO - Partner found: BOO0002 - ID: 214, Name: บริษัท บุญถาวร รีเทล คอร์ปอเรชั่น จำกัด (มหาชน) สาขารัชดา
2025-12-02 09:48:50,379 - INFO - Partner found by old_code_partner: BOO003 - ID: 208, Name: บริษัท บุญถาวร รีเทล คอร์ปอเรชั่น จำกัด (มหาชน) สาขาบางนา
2025-12-02 09:48:50,380 - INFO - Partner found: BOO003 - ID: 208, Name: บริษัท บุญถาวร รีเทล คอร์ปอเรชั่น จำกัด (มหาชน) สาขาบางนา
2025-12-02 09:48:50,575 - INFO - Partner found by old_code_partner: BOO005 - ID: 222, Name: บริษัท บุญถาวร รีเทล คอร์ปอเรชั่น จำกัด (มหาชน)
2025-12-02 09:48:50,576 - INFO - Partner found: BOO005 - ID: 222, Name: บริษัท บุญถาวร รีเทล คอร์ปอเรชั่น จำกัด (มหาชน)
2025-12-02 09:48:50,747 - INFO - Partner found by old_code_partner: BOO006 - ID: 209, Name: บริษัท บุญถาวร รีเทล คอร์ปอเรชั่น จำกัด (มหาชน) สาขาพระราม 2
2025-12-02 09:48:50,748 - INFO - Partner found: BOO006 - ID: 209, Name: บริษัท บุญถาวร รีเทล คอร์ปอเรชั่น จำกัด (มหาชน) สาขาพระราม 2
2025-12-02 09:48:50,985 - INFO - Partner found by old_code_partner: BOO007 - ID: 210, Name: บริษัท บุญถาวร รีเทล คอร์ปอเรชั่น จำกัด (มหาชน) สาขาพัทยา
2025-12-02 09:48:50,985 - INFO - Partner found: BOO007 - ID: 210, Name: บริษัท บุญถาวร รีเทล คอร์ปอเรชั่น จำกัด (มหาชน) สาขาพัทยา
2025-12-02 09:48:51,178 - INFO - Partner found by old_code_partner: BOO 014 - ID: 207, Name: บริษัท บุญถาวร รีเทล คอร์ปอเรชั่น จำกัด (มหาชน) สาขาเชียงใหม่
2025-12-02 09:48:51,178 - INFO - Partner found: BOO 014 - ID: 207, Name: บริษัท บุญถาวร รีเทล คอร์ปอเรชั่น จำกัด (มหาชน) สาขาเชียงใหม่
2025-12-02 09:48:51,409 - INFO - Partner found by old_code_partner: BOON009 - ID: 216, Name: บริษัท บุญถาวร รีเทล คอร์ปอเรชั่น จำกัด (มหาชน) สาขาศูนย์กระจายสินค้ารังสิต
2025-12-02 09:48:51,410 - INFO - Partner found: BOON009 - ID: 216, Name: บริษัท บุญถาวร รีเทล คอร์ปอเรชั่น จำกัด (มหาชน) สาขาศูนย์กระจายสินค้ารังสิต
2025-12-02 09:48:51,600 - INFO - Partner found by old_code_partner: BOO 020 - ID: 215, Name: บริษัท บุญถาวร รีเทล คอร์ปอเรชั่น จำกัด (มหาชน) สาขาราชพฤกษ์
2025-12-02 09:48:51,600 - INFO - Partner found: BOO 020 - ID: 215, Name: บริษัท บุญถาวร รีเทล คอร์ปอเรชั่น จำกัด (มหาชน) สาขาราชพฤกษ์
2025-12-02 09:48:51,873 - INFO - Partner found by old_code_partner: BOON009 - ID: 216, Name: บริษัท บุญถาวร รีเทล คอร์ปอเรชั่น จำกัด (มหาชน) สาขาศูนย์กระจายสินค้ารังสิต
2025-12-02 09:48:51,875 - INFO - Partner found: BOON009 - ID: 216, Name: บริษัท บุญถาวร รีเทล คอร์ปอเรชั่น จำกัด (มหาชน) สาขาศูนย์กระจายสินค้ารังสิต
2025-12-02 09:48:52,138 - INFO - Partner found by old_code_partner: BOO0002 - ID: 214, Name: บริษัท บุญถาวร รีเทล คอร์ปอเรชั่น จำกัด (มหาชน) สาขารัชดา
2025-12-02 09:48:52,139 - INFO - Partner found: BOO0002 - ID: 214, Name: บริษัท บุญถาวร รีเทล คอร์ปอเรชั่น จำกัด (มหาชน) สาขารัชดา
2025-12-02 09:48:52,326 - INFO - Partner found by old_code_partner: CSC002 - ID: 226, Name: CSC COMPLEX CENTER SOLE CO.,LTD.
2025-12-02 09:48:52,327 - INFO - Partner found: CSC002 - ID: 226, Name: CSC COMPLEX CENTER SOLE CO.,LTD.
2025-12-02 09:48:52,598 - INFO - Partner found by old_code_partner: BOO010 - ID: 206, Name: บริษัท บุญถาวร รีเทล คอร์ปอเรชั่น จำกัด (มหาชน) สาขาเกษตร-นวมินทร์
2025-12-02 09:48:52,598 - INFO - Partner found: BOO010 - ID: 206, Name: บริษัท บุญถาวร รีเทล คอร์ปอเรชั่น จำกัด (มหาชน) สาขาเกษตร-นวมินทร์
2025-12-02 09:48:52,789 - INFO - Partner found by old_code_partner: BOO 035 - ID: 223, Name: บริษัท เอสซีจีโฮม รีเทล จำกัด
2025-12-02 09:48:52,789 - INFO - Partner found: BOO 035 - ID: 223, Name: บริษัท เอสซีจีโฮม รีเทล จำกัด
2025-12-02 09:48:52,954 - INFO - Partner found by old_code_partner: BOO 035 - ID: 223, Name: บริษัท เอสซีจีโฮม รีเทล จำกัด
2025-12-02 09:48:52,956 - INFO - Partner found: BOO 035 - ID: 223, Name: บริษัท เอสซีจีโฮม รีเทล จำกัด
2025-12-02 09:48:53,162 - INFO - Partner found by old_code_partner: SBDH001 - ID: 235, Name: บริษัท สบายดีโฮม จำกัด
2025-12-02 09:48:53,163 - INFO - Partner found: SBDH001 - ID: 235, Name: บริษัท สบายดีโฮม จำกัด
2025-12-02 09:48:53,335 - INFO - Partner found by old_code_partner: BOO 035 - ID: 223, Name: บริษัท เอสซีจีโฮม รีเทล จำกัด
2025-12-02 09:48:53,337 - INFO - Partner found: BOO 035 - ID: 223, Name: บริษัท เอสซีจีโฮม รีเทล จำกัด
2025-12-02 09:48:53,551 - INFO - Partner found by old_code_partner: BOO001 - ID: 212, Name: บริษัท บุญถาวร รีเทล คอร์ปอเรชั่น จำกัด (มหาชน) สาขาพุทธมณฑล
2025-12-02 09:48:53,551 - INFO - Partner found: BOO001 - ID: 212, Name: บริษัท บุญถาวร รีเทล คอร์ปอเรชั่น จำกัด (มหาชน) สาขาพุทธมณฑล
2025-12-02 09:48:53,742 - INFO - Partner found by old_code_partner: BOO0002 - ID: 214, Name: บริษัท บุญถาวร รีเทล คอร์ปอเรชั่น จำกัด (มหาชน) สาขารัชดา
2025-12-02 09:48:53,743 - INFO - Partner found: BOO0002 - ID: 214, Name: บริษัท บุญถาวร รีเทล คอร์ปอเรชั่น จำกัด (มหาชน) สาขารัชดา
2025-12-02 09:48:53,911 - INFO - Partner found by old_code_partner: BOO003 - ID: 208, Name: บริษัท บุญถาวร รีเทล คอร์ปอเรชั่น จำกัด (มหาชน) สาขาบางนา
2025-12-02 09:48:53,912 - INFO - Partner found: BOO003 - ID: 208, Name: บริษัท บุญถาวร รีเทล คอร์ปอเรชั่น จำกัด (มหาชน) สาขาบางนา
2025-12-02 09:48:54,084 - INFO - Partner found by old_code_partner: BOO005 - ID: 222, Name: บริษัท บุญถาวร รีเทล คอร์ปอเรชั่น จำกัด (มหาชน)
2025-12-02 09:48:54,085 - INFO - Partner found: BOO005 - ID: 222, Name: บริษัท บุญถาวร รีเทล คอร์ปอเรชั่น จำกัด (มหาชน)
2025-12-02 09:48:54,280 - INFO - Partner found by old_code_partner: BOO006 - ID: 209, Name: บริษัท บุญถาวร รีเทล คอร์ปอเรชั่น จำกัด (มหาชน) สาขาพระราม 2
2025-12-02 09:48:54,282 - INFO - Partner found: BOO006 - ID: 209, Name: บริษัท บุญถาวร รีเทล คอร์ปอเรชั่น จำกัด (มหาชน) สาขาพระราม 2
2025-12-02 09:48:54,554 - INFO - Partner found by old_code_partner: BOO007 - ID: 210, Name: บริษัท บุญถาวร รีเทล คอร์ปอเรชั่น จำกัด (มหาชน) สาขาพัทยา
2025-12-02 09:48:54,555 - INFO - Partner found: BOO007 - ID: 210, Name: บริษัท บุญถาวร รีเทล คอร์ปอเรชั่น จำกัด (มหาชน) สาขาพัทยา
2025-12-02 09:48:54,779 - INFO - Partner found by old_code_partner: BOO010 - ID: 206, Name: บริษัท บุญถาวร รีเทล คอร์ปอเรชั่น จำกัด (มหาชน) สาขาเกษตร-นวมินทร์
2025-12-02 09:48:54,779 - INFO - Partner found: BOO010 - ID: 206, Name: บริษัท บุญถาวร รีเทล คอร์ปอเรชั่น จำกัด (มหาชน) สาขาเกษตร-นวมินทร์
2025-12-02 09:48:54,951 - INFO - Partner found by old_code_partner: BOO013 - ID: 219, Name: บริษัท บุญถาวร รีเทล คอร์ปอเรชั่น จำกัด (มหาชน) สาขาหัวหิน
2025-12-02 09:48:54,951 - INFO - Partner found: BOO013 - ID: 219, Name: บริษัท บุญถาวร รีเทล คอร์ปอเรชั่น จำกัด (มหาชน) สาขาหัวหิน
2025-12-02 09:48:55,116 - INFO - Partner found by old_code_partner: BOO 014 - ID: 207, Name: บริษัท บุญถาวร รีเทล คอร์ปอเรชั่น จำกัด (มหาชน) สาขาเชียงใหม่
2025-12-02 09:48:55,117 - INFO - Partner found: BOO 014 - ID: 207, Name: บริษัท บุญถาวร รีเทล คอร์ปอเรชั่น จำกัด (มหาชน) สาขาเชียงใหม่
2025-12-02 09:48:55,304 - INFO - Partner found by old_code_partner: BOO 016 - ID: 220, Name: บริษัท บุญถาวร รีเทล คอร์ปอเรชั่น จำกัด (มหาชน) สาขาอุดรธานี
2025-12-02 09:48:55,306 - INFO - Partner found: BOO 016 - ID: 220, Name: บริษัท บุญถาวร รีเทล คอร์ปอเรชั่น จำกัด (มหาชน) สาขาอุดรธานี
2025-12-02 09:48:55,492 - INFO - Partner found by old_code_partner: BOON009 - ID: 216, Name: บริษัท บุญถาวร รีเทล คอร์ปอเรชั่น จำกัด (มหาชน) สาขาศูนย์กระจายสินค้ารังสิต
2025-12-02 09:48:55,493 - INFO - Partner found: BOON009 - ID: 216, Name: บริษัท บุญถาวร รีเทล คอร์ปอเรชั่น จำกัด (มหาชน) สาขาศูนย์กระจายสินค้ารังสิต
2025-12-02 09:48:55,661 - INFO - Partner found by old_code_partner: BOO 015 - ID: 218, Name: บริษัท บุญถาวร รีเทล คอร์ปอเรชั่น จำกัด (มหาชน) สาขาสุราษฎร์ธานี
2025-12-02 09:48:55,662 - INFO - Partner found: BOO 015 - ID: 218, Name: บริษัท บุญถาวร รีเทล คอร์ปอเรชั่น จำกัด (มหาชน) สาขาสุราษฎร์ธานี
2025-12-02 09:48:55,857 - INFO - Partner found by old_code_partner: BOO 020 - ID: 215, Name: บริษัท บุญถาวร รีเทล คอร์ปอเรชั่น จำกัด (มหาชน) สาขาราชพฤกษ์
2025-12-02 09:48:55,858 - INFO - Partner found: BOO 020 - ID: 215, Name: บริษัท บุญถาวร รีเทล คอร์ปอเรชั่น จำกัด (มหาชน) สาขาราชพฤกษ์
2025-12-02 09:48:56,024 - INFO - Partner found by old_code_partner: BOO001 - ID: 212, Name: บริษัท บุญถาวร รีเทล คอร์ปอเรชั่น จำกัด (มหาชน) สาขาพุทธมณฑล
2025-12-02 09:48:56,025 - INFO - Partner found: BOO001 - ID: 212, Name: บริษัท บุญถาวร รีเทล คอร์ปอเรชั่น จำกัด (มหาชน) สาขาพุทธมณฑล
2025-12-02 09:48:56,196 - INFO - Partner found by old_code_partner: BOO0002 - ID: 214, Name: บริษัท บุญถาวร รีเทล คอร์ปอเรชั่น จำกัด (มหาชน) สาขารัชดา
2025-12-02 09:48:56,197 - INFO - Partner found: BOO0002 - ID: 214, Name: บริษัท บุญถาวร รีเทล คอร์ปอเรชั่น จำกัด (มหาชน) สาขารัชดา
2025-12-02 09:48:56,411 - INFO - Partner found by old_code_partner: BOO003 - ID: 208, Name: บริษัท บุญถาวร รีเทล คอร์ปอเรชั่น จำกัด (มหาชน) สาขาบางนา
2025-12-02 09:48:56,412 - INFO - Partner found: BOO003 - ID: 208, Name: บริษัท บุญถาวร รีเทล คอร์ปอเรชั่น จำกัด (มหาชน) สาขาบางนา
2025-12-02 09:48:56,585 - INFO - Partner found by old_code_partner: BOO006 - ID: 209, Name: บริษัท บุญถาวร รีเทล คอร์ปอเรชั่น จำกัด (มหาชน) สาขาพระราม 2
2025-12-02 09:48:56,586 - INFO - Partner found: BOO006 - ID: 209, Name: บริษัท บุญถาวร รีเทล คอร์ปอเรชั่น จำกัด (มหาชน) สาขาพระราม 2
2025-12-02 09:48:56,762 - INFO - Partner found by old_code_partner: BOO005 - ID: 222, Name: บริษัท บุญถาวร รีเทล คอร์ปอเรชั่น จำกัด (มหาชน)
2025-12-02 09:48:56,764 - INFO - Partner found: BOO005 - ID: 222, Name: บริษัท บุญถาวร รีเทล คอร์ปอเรชั่น จำกัด (มหาชน)
2025-12-02 09:48:56,991 - INFO - Partner found by old_code_partner: BOO010 - ID: 206, Name: บริษัท บุญถาวร รีเทล คอร์ปอเรชั่น จำกัด (มหาชน) สาขาเกษตร-นวมินทร์
2025-12-02 09:48:56,992 - INFO - Partner found: BOO010 - ID: 206, Name: บริษัท บุญถาวร รีเทล คอร์ปอเรชั่น จำกัด (มหาชน) สาขาเกษตร-นวมินทร์
2025-12-02 09:48:57,158 - INFO - Partner found by old_code_partner: BOO013 - ID: 219, Name: บริษัท บุญถาวร รีเทล คอร์ปอเรชั่น จำกัด (มหาชน) สาขาหัวหิน
2025-12-02 09:48:57,159 - INFO - Partner found: BOO013 - ID: 219, Name: บริษัท บุญถาวร รีเทล คอร์ปอเรชั่น จำกัด (มหาชน) สาขาหัวหิน
2025-12-02 09:48:57,342 - INFO - Partner found by old_code_partner: BOO 014 - ID: 207, Name: บริษัท บุญถาวร รีเทล คอร์ปอเรชั่น จำกัด (มหาชน) สาขาเชียงใหม่
2025-12-02 09:48:57,343 - INFO - Partner found: BOO 014 - ID: 207, Name: บริษัท บุญถาวร รีเทล คอร์ปอเรชั่น จำกัด (มหาชน) สาขาเชียงใหม่
2025-12-02 09:48:57,522 - INFO - Partner found by old_code_partner: BOON009 - ID: 216, Name: บริษัท บุญถาวร รีเทล คอร์ปอเรชั่น จำกัด (มหาชน) สาขาศูนย์กระจายสินค้ารังสิต
2025-12-02 09:48:57,523 - INFO - Partner found: BOON009 - ID: 216, Name: บริษัท บุญถาวร รีเทล คอร์ปอเรชั่น จำกัด (มหาชน) สาขาศูนย์กระจายสินค้ารังสิต
2025-12-02 09:48:57,696 - INFO - Partner found by old_code_partner: BOO 015 - ID: 218, Name: บริษัท บุญถาวร รีเทล คอร์ปอเรชั่น จำกัด (มหาชน) สาขาสุราษฎร์ธานี
2025-12-02 09:48:57,698 - INFO - Partner found: BOO 015 - ID: 218, Name: บริษัท บุญถาวร รีเทล คอร์ปอเรชั่น จำกัด (มหาชน) สาขาสุราษฎร์ธานี
2025-12-02 09:48:57,861 - INFO - Partner found by old_code_partner: BOON009 - ID: 216, Name: บริษัท บุญถาวร รีเทล คอร์ปอเรชั่น จำกัด (มหาชน) สาขาศูนย์กระจายสินค้ารังสิต
2025-12-02 09:48:57,862 - INFO - Partner found: BOON009 - ID: 216, Name: บริษัท บุญถาวร รีเทล คอร์ปอเรชั่น จำกัด (มหาชน) สาขาศูนย์กระจายสินค้ารังสิต
2025-12-02 09:48:58,056 - INFO - Partner found by old_code_partner: BOO0002 - ID: 214, Name: บริษัท บุญถาวร รีเทล คอร์ปอเรชั่น จำกัด (มหาชน) สาขารัชดา
2025-12-02 09:48:58,057 - INFO - Partner found: BOO0002 - ID: 214, Name: บริษัท บุญถาวร รีเทล คอร์ปอเรชั่น จำกัด (มหาชน) สาขารัชดา
2025-12-02 09:48:58,239 - INFO - Partner found by old_code_partner: HOH002 - ID: 239, Name: บริษัท โฮมฮับ จำกัด
2025-12-02 09:48:58,240 - INFO - Partner found: HOH002 - ID: 239, Name: บริษัท โฮมฮับ จำกัด
2025-12-02 09:48:58,417 - INFO - Partner found by old_code_partner: SMC003 - ID: 238, Name: บริษัท ศิริมหาชัย โฮมเซ็นเตอร์ จำกัด
2025-12-02 09:48:58,418 - INFO - Partner found: SMC003 - ID: 238, Name: บริษัท ศิริมหาชัย โฮมเซ็นเตอร์ จำกัด
2025-12-02 09:48:58,703 - INFO - Partner found by old_code_partner: SMC003 - ID: 238, Name: บริษัท ศิริมหาชัย โฮมเซ็นเตอร์ จำกัด
2025-12-02 09:48:58,704 - INFO - Partner found: SMC003 - ID: 238, Name: บริษัท ศิริมหาชัย โฮมเซ็นเตอร์ จำกัด
2025-12-02 09:48:58,896 - INFO - Partner found by old_code_partner: BOO001 - ID: 212, Name: บริษัท บุญถาวร รีเทล คอร์ปอเรชั่น จำกัด (มหาชน) สาขาพุทธมณฑล
2025-12-02 09:48:58,897 - INFO - Partner found: BOO001 - ID: 212, Name: บริษัท บุญถาวร รีเทล คอร์ปอเรชั่น จำกัด (มหาชน) สาขาพุทธมณฑล
2025-12-02 09:48:59,098 - INFO - Partner found by old_code_partner: BOO0002 - ID: 214, Name: บริษัท บุญถาวร รีเทล คอร์ปอเรชั่น จำกัด (มหาชน) สาขารัชดา
2025-12-02 09:48:59,098 - INFO - Partner found: BOO0002 - ID: 214, Name: บริษัท บุญถาวร รีเทล คอร์ปอเรชั่น จำกัด (มหาชน) สาขารัชดา
2025-12-02 09:48:59,267 - INFO - Partner found by old_code_partner: BOO003 - ID: 208, Name: บริษัท บุญถาวร รีเทล คอร์ปอเรชั่น จำกัด (มหาชน) สาขาบางนา
2025-12-02 09:48:59,269 - INFO - Partner found: BOO003 - ID: 208, Name: บริษัท บุญถาวร รีเทล คอร์ปอเรชั่น จำกัด (มหาชน) สาขาบางนา
2025-12-02 09:48:59,432 - INFO - Partner found by old_code_partner: BOO005 - ID: 222, Name: บริษัท บุญถาวร รีเทล คอร์ปอเรชั่น จำกัด (มหาชน)
2025-12-02 09:48:59,433 - INFO - Partner found: BOO005 - ID: 222, Name: บริษัท บุญถาวร รีเทล คอร์ปอเรชั่น จำกัด (มหาชน)
2025-12-02 09:48:59,629 - INFO - Partner found by old_code_partner: BOO006 - ID: 209, Name: บริษัท บุญถาวร รีเทล คอร์ปอเรชั่น จำกัด (มหาชน) สาขาพระราม 2
2025-12-02 09:48:59,629 - INFO - Partner found: BOO006 - ID: 209, Name: บริษัท บุญถาวร รีเทล คอร์ปอเรชั่น จำกัด (มหาชน) สาขาพระราม 2
2025-12-02 09:48:59,805 - INFO - Partner found by old_code_partner: BOO010 - ID: 206, Name: บริษัท บุญถาวร รีเทล คอร์ปอเรชั่น จำกัด (มหาชน) สาขาเกษตร-นวมินทร์
2025-12-02 09:48:59,806 - INFO - Partner found: BOO010 - ID: 206, Name: บริษัท บุญถาวร รีเทล คอร์ปอเรชั่น จำกัด (มหาชน) สาขาเกษตร-นวมินทร์
2025-12-02 09:48:59,973 - INFO - Partner found by old_code_partner: BOO013 - ID: 219, Name: บริษัท บุญถาวร รีเทล คอร์ปอเรชั่น จำกัด (มหาชน) สาขาหัวหิน
2025-12-02 09:48:59,973 - INFO - Partner found: BOO013 - ID: 219, Name: บริษัท บุญถาวร รีเทล คอร์ปอเรชั่น จำกัด (มหาชน) สาขาหัวหิน
2025-12-02 09:49:00,181 - INFO - Partner found by old_code_partner: BOO 014 - ID: 207, Name: บริษัท บุญถาวร รีเทล คอร์ปอเรชั่น จำกัด (มหาชน) สาขาเชียงใหม่
2025-12-02 09:49:00,182 - INFO - Partner found: BOO 014 - ID: 207, Name: บริษัท บุญถาวร รีเทล คอร์ปอเรชั่น จำกัด (มหาชน) สาขาเชียงใหม่
2025-12-02 09:49:00,363 - INFO - Partner found by old_code_partner: BOON009 - ID: 216, Name: บริษัท บุญถาวร รีเทล คอร์ปอเรชั่น จำกัด (มหาชน) สาขาศูนย์กระจายสินค้ารังสิต
2025-12-02 09:49:00,364 - INFO - Partner found: BOON009 - ID: 216, Name: บริษัท บุญถาวร รีเทล คอร์ปอเรชั่น จำกัด (มหาชน) สาขาศูนย์กระจายสินค้ารังสิต
2025-12-02 09:49:00,551 - INFO - Partner found by old_code_partner: BOO 015 - ID: 218, Name: บริษัท บุญถาวร รีเทล คอร์ปอเรชั่น จำกัด (มหาชน) สาขาสุราษฎร์ธานี
2025-12-02 09:49:00,552 - INFO - Partner found: BOO 015 - ID: 218, Name: บริษัท บุญถาวร รีเทล คอร์ปอเรชั่น จำกัด (มหาชน) สาขาสุราษฎร์ธานี
2025-12-02 09:49:00,733 - INFO - Partner found by old_code_partner: BOO 020 - ID: 215, Name: บริษัท บุญถาวร รีเทล คอร์ปอเรชั่น จำกัด (มหาชน) สาขาราชพฤกษ์
2025-12-02 09:49:00,733 - INFO - Partner found: BOO 020 - ID: 215, Name: บริษัท บุญถาวร รีเทล คอร์ปอเรชั่น จำกัด (มหาชน) สาขาราชพฤกษ์
2025-12-02 09:49:00,886 - INFO - Partner found by old_code_partner: BOO 029 - ID: 213, Name: บริษัท บุญถาวร รีเทล คอร์ปอเรชั่น จำกัด (มหาชน) สาขาระยอง
2025-12-02 09:49:00,887 - INFO - Partner found: BOO 029 - ID: 213, Name: บริษัท บุญถาวร รีเทล คอร์ปอเรชั่น จำกัด (มหาชน) สาขาระยอง
2025-12-02 09:49:01,069 - INFO - Partner found by old_code_partner: BOO 035 - ID: 223, Name: บริษัท เอสซีจีโฮม รีเทล จำกัด
2025-12-02 09:49:01,070 - INFO - Partner found: BOO 035 - ID: 223, Name: บริษัท เอสซีจีโฮม รีเทล จำกัด
2025-12-02 09:49:01,235 - INFO - Partner found by old_code_partner: BOO 035 - ID: 223, Name: บริษัท เอสซีจีโฮม รีเทล จำกัด
2025-12-02 09:49:01,236 - INFO - Partner found: BOO 035 - ID: 223, Name: บริษัท เอสซีจีโฮม รีเทล จำกัด
2025-12-02 09:49:01,425 - INFO - Partner found by old_code_partner: BOO 035 - ID: 223, Name: บริษัท เอสซีจีโฮม รีเทล จำกัด
2025-12-02 09:49:01,426 - INFO - Partner found: BOO 035 - ID: 223, Name: บริษัท เอสซีจีโฮม รีเทล จำกัด
2025-12-02 09:49:01,656 - INFO - Partner found by old_code_partner: BOO 035 - ID: 223, Name: บริษัท เอสซีจีโฮม รีเทล จำกัด
2025-12-02 09:49:01,658 - INFO - Partner found: BOO 035 - ID: 223, Name: บริษัท เอสซีจีโฮม รีเทล จำกัด
2025-12-02 09:49:01,840 - INFO - Partner found by old_code_partner: BOO 035 - ID: 223, Name: บริษัท เอสซีจีโฮม รีเทล จำกัด
2025-12-02 09:49:01,841 - INFO - Partner found: BOO 035 - ID: 223, Name: บริษัท เอสซีจีโฮม รีเทล จำกัด
2025-12-02 09:49:02,108 - INFO - Partner found by old_code_partner: BOO 035 - ID: 223, Name: บริษัท เอสซีจีโฮม รีเทล จำกัด
2025-12-02 09:49:02,110 - INFO - Partner found: BOO 035 - ID: 223, Name: บริษัท เอสซีจีโฮม รีเทล จำกัด
2025-12-02 09:49:02,275 - INFO - Partner found by old_code_partner: BOO 035 - ID: 223, Name: บริษัท เอสซีจีโฮม รีเทล จำกัด
2025-12-02 09:49:02,276 - INFO - Partner found: BOO 035 - ID: 223, Name: บริษัท เอสซีจีโฮม รีเทล จำกัด
2025-12-02 09:49:02,473 - INFO - Partner found by old_code_partner: MBH001 - ID: 921, Name: บริษัท มาเบิ้ล ฮาร์ดแวร์ จำกัด
2025-12-02 09:49:02,474 - INFO - Partner found: MBH001 - ID: 921, Name: บริษัท มาเบิ้ล ฮาร์ดแวร์ จำกัด
2025-12-02 09:49:02,642 - INFO - Partner found by old_code_partner: YJR001 - ID: 241, Name: บริษัท ยิ่งเจริญ โปรแม็กซ์ จำกัด
2025-12-02 09:49:02,643 - INFO - Partner found: YJR001 - ID: 241, Name: บริษัท ยิ่งเจริญ โปรแม็กซ์ จำกัด
2025-12-02 09:49:02,831 - INFO - Partner found by old_code_partner: YJR001 - ID: 241, Name: บริษัท ยิ่งเจริญ โปรแม็กซ์ จำกัด
2025-12-02 09:49:02,832 - INFO - Partner found: YJR001 - ID: 241, Name: บริษัท ยิ่งเจริญ โปรแม็กซ์ จำกัด
2025-12-02 09:49:03,009 - INFO - Partner not found in old_code_partner, searching in partner_code field: SUK001
2025-12-02 09:49:03,091 - WARNING - Partner NOT found in both old_code_partner and partner_code fields: SUK001
2025-12-02 09:49:03,269 - INFO - Partner not found in old_code_partner, searching in partner_code field: CBY001
2025-12-02 09:49:03,362 - WARNING - Partner NOT found in both old_code_partner and partner_code fields: CBY001
2025-12-02 09:49:03,550 - INFO - Partner found by old_code_partner: SVYSY001 - ID: 3716, Name: SOUVANNY  HOMECENTER  PUBLIC  COMPANY
2025-12-02 09:49:03,551 - INFO - Partner found: SVYSY001 - ID: 3716, Name: SOUVANNY  HOMECENTER  PUBLIC  COMPANY
2025-12-02 09:49:03,720 - INFO - Partner found by old_code_partner: SVYSY001 - ID: 3716, Name: SOUVANNY  HOMECENTER  PUBLIC  COMPANY
2025-12-02 09:49:03,721 - INFO - Partner found: SVYSY001 - ID: 3716, Name: SOUVANNY  HOMECENTER  PUBLIC  COMPANY
2025-12-02 09:49:03,912 - INFO - Partner found by old_code_partner: SVYSY001 - ID: 3716, Name: SOUVANNY  HOMECENTER  PUBLIC  COMPANY
2025-12-02 09:49:03,913 - INFO - Partner found: SVYSY001 - ID: 3716, Name: SOUVANNY  HOMECENTER  PUBLIC  COMPANY
2025-12-02 09:49:04,141 - INFO - Partner found by old_code_partner: SVYSY001 - ID: 3716, Name: SOUVANNY  HOMECENTER  PUBLIC  COMPANY
2025-12-02 09:49:04,143 - INFO - Partner found: SVYSY001 - ID: 3716, Name: SOUVANNY  HOMECENTER  PUBLIC  COMPANY
2025-12-02 09:49:04,313 - INFO - Partner found by old_code_partner: SVYSY001 - ID: 3716, Name: SOUVANNY  HOMECENTER  PUBLIC  COMPANY
2025-12-02 09:49:04,313 - INFO - Partner found: SVYSY001 - ID: 3716, Name: SOUVANNY  HOMECENTER  PUBLIC  COMPANY
2025-12-02 09:49:04,539 - INFO - Partner found by old_code_partner: SVYSY001 - ID: 3716, Name: SOUVANNY  HOMECENTER  PUBLIC  COMPANY
2025-12-02 09:49:04,540 - INFO - Partner found: SVYSY001 - ID: 3716, Name: SOUVANNY  HOMECENTER  PUBLIC  COMPANY
2025-12-02 09:49:04,764 - INFO - Partner found by old_code_partner: SVYSY001 - ID: 3716, Name: SOUVANNY  HOMECENTER  PUBLIC  COMPANY
2025-12-02 09:49:04,766 - INFO - Partner found: SVYSY001 - ID: 3716, Name: SOUVANNY  HOMECENTER  PUBLIC  COMPANY
2025-12-02 09:49:04,969 - INFO - Partner found by old_code_partner: SVYSY001 - ID: 3716, Name: SOUVANNY  HOMECENTER  PUBLIC  COMPANY
2025-12-02 09:49:04,970 - INFO - Partner found: SVYSY001 - ID: 3716, Name: SOUVANNY  HOMECENTER  PUBLIC  COMPANY
2025-12-02 09:49:05,168 - INFO - Partner found by old_code_partner: SVYSY001 - ID: 3716, Name: SOUVANNY  HOMECENTER  PUBLIC  COMPANY
2025-12-02 09:49:05,169 - INFO - Partner found: SVYSY001 - ID: 3716, Name: SOUVANNY  HOMECENTER  PUBLIC  COMPANY
2025-12-02 09:49:05,170 - INFO - Completed batch. Progress: 300/302
2025-12-02 09:49:05,170 - INFO - Processing batch 300-302 of 302
2025-12-02 09:49:05,350 - INFO - Partner found by old_code_partner: SVYSY001 - ID: 3716, Name: SOUVANNY  HOMECENTER  PUBLIC  COMPANY
2025-12-02 09:49:05,351 - INFO - Partner found: SVYSY001 - ID: 3716, Name: SOUVANNY  HOMECENTER  PUBLIC  COMPANY
2025-12-02 09:49:05,516 - INFO - Partner found by old_code_partner: SVYSY001 - ID: 3716, Name: SOUVANNY  HOMECENTER  PUBLIC  COMPANY
2025-12-02 09:49:05,517 - INFO - Partner found: SVYSY001 - ID: 3716, Name: SOUVANNY  HOMECENTER  PUBLIC  COMPANY
2025-12-02 09:49:05,518 - INFO - Completed batch. Progress: 302/302
2025-12-02 09:49:05,626 - INFO - Exported 27 not found partners to: Varify_partner/output\partners_not_found_20251202_094905.xlsx
2025-12-02 09:49:05,627 - ERROR - Error exporting not found partners: division by zero
2025-12-02 09:49:05,628 - INFO - Partner verification completed successfully!
