2025-05-15 08:34:19,091 - Starting import process for 320 records
2025-05-15 08:34:19,304 - 
Import process completed:
Total records processed: 320
Successful imports: 0
Failed imports: 320
Success rate: 0.00%

2025-05-15 08:34:20,942 - Successfully created new credit note: CN19100032 (ID: 29157)
2025-05-15 08:34:21,620 - Successfully created new credit note: CR1312054 (ID: 29158)
2025-05-15 08:34:22,219 - Successfully created new credit note: CR0600001 (ID: 29159)
2025-05-15 08:34:22,888 - Successfully created new credit note: CN19050015 (ID: 29160)
2025-05-15 08:34:23,638 - Successfully created new credit note: CN19050016 (ID: 29161)
2025-05-15 08:34:24,362 - Successfully created new credit note: CN19050017 (ID: 29162)
2025-05-15 08:34:25,023 - Successfully created new credit note: CN0901001 (ID: 29163)
2025-05-15 08:34:25,671 - Successfully created new credit note: CR0600002 (ID: 29164)
2025-05-15 08:34:26,365 - Successfully created new credit note: CR0600003 (ID: 29165)
2025-05-15 08:34:27,184 - Successfully created new credit note: CN15030009 (ID: 29166)
2025-05-15 08:34:27,793 - Successfully created new credit note: CN18040014 (ID: 29167)
2025-05-15 08:34:28,348 - Successfully created new credit note: CN16120004 (ID: 29168)
2025-05-15 08:34:28,954 - Successfully created new credit note: CN16120005 (ID: 29169)
2025-05-15 08:34:29,588 - Successfully created new credit note: CN0809044 (ID: 29170)
2025-05-15 08:34:30,170 - Successfully created new credit note: CN1004017 (ID: 29171)
2025-05-15 08:34:30,769 - Successfully created new credit note: CR15040008 (ID: 29172)
2025-05-15 08:34:31,598 - Successfully created new credit note: CRP1700328 (ID: 29173)
2025-05-15 08:34:32,367 - Successfully created new credit note: CR0710006 (ID: 29174)
2025-05-15 08:34:33,043 - Successfully created new credit note: CN1001004 (ID: 29175)
2025-05-15 08:34:33,627 - Successfully created new credit note: CR1008050 (ID: 29176)
2025-05-15 08:34:34,215 - Successfully created new credit note: CR1104006 (ID: 29177)
2025-05-15 08:34:34,823 - Successfully created new credit note: CR1108031 (ID: 29178)
2025-05-15 08:34:35,488 - Successfully created new credit note: CR1110009 (ID: 29179)
2025-05-15 08:34:36,106 - Successfully created new credit note: CN1104012 (ID: 29180)
2025-05-15 08:34:36,708 - Successfully created new credit note: CN1208002 (ID: 29181)
2025-05-15 08:34:37,322 - Successfully created new credit note: CR0600004 (ID: 29182)
2025-05-15 08:34:37,902 - Successfully created new credit note: CN1202042 (ID: 29183)
2025-05-15 08:34:38,511 - Successfully created new credit note: CR0912004 (ID: 29184)
2025-05-15 08:34:39,123 - Successfully created new credit note: CN1409024 (ID: 29185)
2025-05-15 08:34:39,701 - Successfully created new credit note: CN0706021 (ID: 29186)
2025-05-15 08:34:40,430 - Successfully created new credit note: CN1107037 (ID: 29187)
2025-05-15 08:34:41,044 - Successfully created new credit note: CN1107047 (ID: 29188)
2025-05-15 08:34:41,764 - Successfully created new credit note: CN1107048 (ID: 29189)
2025-05-15 08:34:42,409 - Successfully created new credit note: CN1107055 (ID: 29190)
2025-05-15 08:34:43,068 - Successfully created new credit note: CN1107056 (ID: 29191)
2025-05-15 08:34:43,673 - Successfully created new credit note: CN1107070 (ID: 29192)
2025-05-15 08:34:44,307 - Successfully created new credit note: CN1408028 (ID: 29193)
2025-05-15 08:34:45,253 - Successfully created new credit note: CN1408033 (ID: 29194)
2025-05-15 08:34:45,890 - Successfully created new credit note: CN1407030 (ID: 29195)
2025-05-15 08:34:46,517 - Successfully created new credit note: CN1407037 (ID: 29196)
2025-05-15 08:34:47,083 - Successfully created new credit note: CN1407069 (ID: 29197)
2025-05-15 08:34:47,663 - Successfully created new credit note: CN1408006 (ID: 29198)
2025-05-15 08:34:48,252 - Successfully created new credit note: CN1408022 (ID: 29199)
2025-05-15 08:34:48,881 - Successfully created new credit note: CN1408019 (ID: 29200)
2025-05-15 08:34:49,516 - Successfully created new credit note: CN1407024 (ID: 29201)
2025-05-15 08:34:50,150 - Successfully created new credit note: CN1408017 (ID: 29202)
2025-05-15 08:34:50,744 - Successfully created new credit note: CN1408021 (ID: 29203)
2025-05-15 08:34:51,295 - Successfully created new credit note: CN1408018 (ID: 29204)
2025-05-15 08:34:51,858 - Successfully created new credit note: CN1408031 (ID: 29205)
2025-05-15 08:34:52,408 - Successfully created new credit note: CN1408032 (ID: 29206)
2025-05-15 08:34:52,987 - Successfully created new credit note: CN1408037 (ID: 29207)
2025-05-15 08:34:53,626 - Successfully created new credit note: CN1407056 (ID: 29208)
2025-05-15 08:34:54,272 - Successfully created new credit note: CN1407060 (ID: 29209)
2025-05-15 08:34:54,865 - Successfully created new credit note: CN1408005 (ID: 29210)
2025-05-15 08:34:55,465 - Successfully created new credit note: CN1407001 (ID: 29211)
2025-05-15 08:34:56,024 - Successfully created new credit note: CN1408023 (ID: 29212)
2025-05-15 08:34:56,610 - Successfully created new credit note: CN1408024 (ID: 29213)
2025-05-15 08:34:57,187 - Successfully created new credit note: CN1407034 (ID: 29214)
2025-05-15 08:34:57,767 - Successfully created new credit note: CN1408002 (ID: 29215)
2025-05-15 08:34:58,312 - Successfully created new credit note: CN1408027 (ID: 29216)
2025-05-15 08:34:58,895 - Successfully created new credit note: CN1407035 (ID: 29217)
2025-05-15 08:34:59,566 - Successfully created new credit note: CN1408020 (ID: 29218)
2025-05-15 08:35:00,166 - Successfully created new credit note: CN1408035 (ID: 29219)
2025-05-15 08:35:00,780 - Successfully created new credit note: CN1408036 (ID: 29220)
2025-05-15 08:35:01,424 - Successfully created new credit note: CN1408052 (ID: 29221)
2025-05-15 08:35:02,085 - Successfully created new credit note: CN1408053 (ID: 29222)
2025-05-15 08:35:02,992 - Successfully created new credit note: CN1408054 (ID: 29223)
2025-05-15 08:35:03,887 - Successfully created new credit note: CN1408055 (ID: 29224)
2025-05-15 08:35:05,609 - Successfully created new credit note: CN1408056 (ID: 29225)
2025-05-15 08:35:06,417 - Successfully created new credit note: CN1407042 (ID: 29226)
2025-05-15 08:35:07,146 - Successfully created new credit note: CN1407038 (ID: 29227)
2025-05-15 08:35:07,750 - Successfully created new credit note: CN1407039 (ID: 29228)
2025-05-15 08:35:08,337 - Successfully created new credit note: CN1408025 (ID: 29229)
2025-05-15 08:35:09,082 - Successfully created new credit note: CN1408026 (ID: 29230)
2025-05-15 08:35:09,689 - Successfully created new credit note: CN1408030 (ID: 29231)
2025-05-15 08:35:10,399 - Successfully created new credit note: CN1408029 (ID: 29232)
2025-05-15 08:35:11,007 - Successfully created new credit note: CN1407025 (ID: 29233)
2025-05-15 08:35:11,690 - Successfully created new credit note: CN1408003 (ID: 29234)
2025-05-15 08:35:12,307 - Successfully created new credit note: CN1408004 (ID: 29235)
2025-05-15 08:35:13,106 - Successfully created new credit note: CN1408007 (ID: 29236)
2025-05-15 08:35:13,729 - Successfully created new credit note: CN1408034 (ID: 29237)
2025-05-15 08:35:14,382 - Successfully created new credit note: CN1407031 (ID: 29238)
2025-05-15 08:35:15,043 - Successfully created new credit note: CN1407033 (ID: 29239)
2025-05-15 08:35:15,652 - Successfully created new credit note: CN1407020 (ID: 29240)
2025-05-15 08:35:16,297 - Successfully created new credit note: CN1407045 (ID: 29241)
2025-05-15 08:35:17,007 - Successfully created new credit note: CN1407046 (ID: 29242)
2025-05-15 08:35:17,679 - Successfully created new credit note: CN1407040 (ID: 29243)
2025-05-15 08:35:18,485 - Successfully created new credit note: CN1407041 (ID: 29244)
2025-05-15 08:35:19,065 - Successfully created new credit note: CN1407023 (ID: 29245)
2025-05-15 08:35:19,693 - Successfully created new credit note: CN1407027 (ID: 29246)
2025-05-15 08:35:20,303 - Successfully created new credit note: CN1407022 (ID: 29247)
2025-05-15 08:35:20,893 - Successfully created new credit note: CN1407028 (ID: 29248)
2025-05-15 08:35:21,498 - Successfully created new credit note: CN1407043 (ID: 29249)
2025-05-15 08:35:22,099 - Successfully created new credit note: CN1407052 (ID: 29250)
2025-05-15 08:35:22,689 - Successfully created new credit note: CN1407029 (ID: 29251)
2025-05-15 08:35:23,329 - Successfully created new credit note: CN1407021 (ID: 29252)
2025-05-15 08:35:23,930 - Successfully created new credit note: CN1407032 (ID: 29253)
2025-05-15 08:35:24,498 - Successfully created new credit note: CN1407026 (ID: 29254)
2025-05-15 08:35:25,073 - Successfully created new credit note: CN1407047 (ID: 29255)
2025-05-15 08:35:25,940 - Successfully created new credit note: CN1407048 (ID: 29256)
2025-05-15 08:35:26,588 - Successfully created new credit note: CN1407044 (ID: 29257)
2025-05-15 08:35:27,198 - Successfully created new credit note: CN1407051 (ID: 29258)
2025-05-15 08:35:27,797 - Successfully created new credit note: CN1407058 (ID: 29259)
2025-05-15 08:35:28,379 - Successfully created new credit note: CN1407064 (ID: 29260)
2025-05-15 08:35:28,946 - Successfully created new credit note: CN1407065 (ID: 29261)
2025-05-15 08:35:29,522 - Successfully created new credit note: CN1407067 (ID: 29262)
2025-05-15 08:35:30,066 - Successfully created new credit note: CN0804007 (ID: 29263)
2025-05-15 08:35:30,637 - Successfully created new credit note: CN1407057 (ID: 29264)
2025-05-15 08:35:31,292 - Successfully created new credit note: CN1407063 (ID: 29265)
2025-05-15 08:35:31,886 - Successfully created new credit note: CN1407049 (ID: 29266)
2025-05-15 08:35:32,449 - Successfully created new credit note: CN1407066 (ID: 29267)
2025-05-15 08:35:33,062 - Successfully created new credit note: CN1201009 (ID: 29268)
2025-05-15 08:35:33,692 - Successfully created new credit note: CN0903013 (ID: 29269)
2025-05-15 08:35:34,293 - Successfully created new credit note: CN1407055 (ID: 29270)
2025-05-15 08:35:34,942 - Successfully created new credit note: CN1407062 (ID: 29271)
2025-05-15 08:35:35,584 - Successfully created new credit note: CN1407054 (ID: 29272)
2025-05-15 08:35:36,154 - Successfully created new credit note: CN1407061 (ID: 29273)
2025-05-15 08:35:36,752 - Successfully created new credit note: CN1407053 (ID: 29274)
2025-05-15 08:35:37,343 - Successfully created new credit note: CN1407059 (ID: 29275)
2025-05-15 08:35:37,904 - Successfully created new credit note: CN1007004 (ID: 29276)
2025-05-15 08:35:38,505 - Successfully created new credit note: CN1407050 (ID: 29277)
2025-05-15 08:35:39,096 - Successfully created new credit note: CR16100001 (ID: 29278)
2025-05-15 08:35:39,690 - Successfully created new credit note: CR16120007 (ID: 29279)
2025-05-15 08:35:40,241 - Successfully created new credit note: CR16120008 (ID: 29280)
2025-05-15 08:35:40,808 - Successfully created new credit note: CN0910007 (ID: 29281)
2025-05-15 08:35:41,452 - Successfully created new credit note: CR0600005 (ID: 29282)
2025-05-15 08:35:42,079 - Successfully created new credit note: CRP1600198 (ID: 29283)
2025-05-15 08:35:42,795 - Successfully created new credit note: CN17030010 (ID: 29284)
2025-05-15 08:35:43,509 - Successfully created new credit note: CN1109011 (ID: 29285)
2025-05-15 08:35:44,152 - Successfully created new credit note: CN1102007 (ID: 29286)
2025-05-15 08:35:44,723 - Successfully created new credit note: CN20090012 (ID: 29287)
2025-05-15 08:35:45,313 - Successfully created new credit note: CN1210020 (ID: 29288)
2025-05-15 08:35:45,888 - Successfully created new credit note: CN15030031 (ID: 29289)
2025-05-15 08:35:46,470 - Successfully created new credit note: CN0712003 (ID: 29290)
2025-05-15 08:35:47,058 - Successfully created new credit note: CN1312005 (ID: 29291)
2025-05-15 08:35:47,640 - Successfully created new credit note: CRP2000091 (ID: 29292)
2025-05-15 08:35:48,230 - Successfully created new credit note: CN20120039 (ID: 29293)
2025-05-15 08:35:48,810 - Successfully created new credit note: CN20120040 (ID: 29294)
2025-05-15 08:35:49,392 - Successfully created new credit note: CN20120041 (ID: 29295)
2025-05-15 08:35:50,032 - Successfully created new credit note: CN20120042 (ID: 29296)
2025-05-15 08:35:50,675 - Successfully created new credit note: CN20120043 (ID: 29297)
2025-05-15 08:35:51,292 - Successfully created new credit note: CN20120044 (ID: 29298)
2025-05-15 08:35:51,936 - Successfully created new credit note: CN20120045 (ID: 29299)
2025-05-15 08:35:52,563 - Successfully created new credit note: CN20120050 (ID: 29300)
2025-05-15 08:35:53,237 - Successfully created new credit note: CR0600007 (ID: 29301)
2025-05-15 08:35:53,843 - Successfully created new credit note: CN18030022 (ID: 29302)
2025-05-15 08:35:54,405 - Successfully created new credit note: CN17080019 (ID: 29303)
2025-05-15 08:35:55,000 - Successfully created new credit note: CN0804005 (ID: 29304)
2025-05-15 08:35:55,637 - Successfully created new credit note: CR0600008 (ID: 29305)
2025-05-15 08:35:56,227 - Successfully created new credit note: CR0600009 (ID: 29306)
2025-05-15 08:35:56,825 - Successfully created new credit note: CR0600010 (ID: 29307)
2025-05-15 08:35:57,422 - Successfully created new credit note: CR15040007 (ID: 29308)
2025-05-15 08:35:58,038 - Successfully created new credit note: CN15110008 (ID: 29309)
2025-05-15 08:35:58,664 - Successfully created new credit note: CN1102006 (ID: 29310)
2025-05-15 08:35:59,283 - Successfully created new credit note: CN20020032 (ID: 29311)
2025-05-15 08:35:59,935 - Successfully created new credit note: CN18120003 (ID: 29312)
2025-05-15 08:36:00,548 - Successfully created new credit note: CN16120034 (ID: 29313)
2025-05-15 08:36:01,204 - Successfully created new credit note: CR1108026 (ID: 29314)
2025-05-15 08:36:01,818 - Successfully created new credit note: CR0600006 (ID: 29315)
2025-05-15 08:36:02,383 - Successfully created new credit note: CRP1700289 (ID: 29316)
2025-05-15 08:36:02,967 - Successfully created new credit note: CN0706013 (ID: 29317)
2025-05-15 08:36:03,565 - Successfully created new credit note: CN20110062 (ID: 29318)
2025-05-15 08:36:04,158 - Successfully created new credit note: CN17040041 (ID: 29319)
2025-05-15 08:36:04,776 - Successfully created new credit note: CN17040044 (ID: 29320)
2025-05-15 08:36:05,388 - Successfully created new credit note: CRP1800435 (ID: 29321)
2025-05-15 08:36:05,996 - Successfully created new credit note: CN1310013 (ID: 29322)
2025-05-15 08:36:06,646 - Successfully created new credit note: CN19060054 (ID: 29323)
2025-05-15 08:36:07,362 - Successfully created new credit note: CN19060055 (ID: 29324)
2025-05-15 08:36:08,021 - Successfully created new credit note: CRP2100149 (ID: 29325)
2025-05-15 08:36:08,669 - Successfully created new credit note: CN22030003 (ID: 29326)
2025-05-15 08:36:09,525 - Successfully created new credit note: CRP2200156 (ID: 29327)
2025-05-15 08:36:10,197 - Successfully created new credit note: CN22090087 (ID: 29328)
2025-05-15 08:36:10,889 - Successfully created new credit note: CN23030009 (ID: 29329)
2025-05-15 08:36:11,600 - Successfully created new credit note: CN23030018 (ID: 29330)
2025-05-15 08:36:12,306 - Successfully created new credit note: CRP2300090 (ID: 29331)
2025-05-15 08:36:12,996 - Successfully created new credit note: CRP2300089 (ID: 29332)
2025-05-15 08:36:14,163 - Successfully created new credit note: CRP2300086 (ID: 29333)
2025-05-15 08:36:15,685 - Successfully created new credit note: CRP2300085 (ID: 29334)
2025-05-15 08:36:17,274 - Successfully created new credit note: CN23060048 (ID: 29335)
2025-05-15 08:36:18,817 - Successfully created new credit note: CN23060049 (ID: 29336)
2025-05-15 08:36:20,477 - Successfully created new credit note: CN23060050 (ID: 29337)
2025-05-15 08:36:22,122 - Successfully created new credit note: CN23060051 (ID: 29338)
2025-05-15 08:36:24,037 - Successfully created new credit note: CN23060052 (ID: 29339)
2025-05-15 08:36:25,432 - Successfully created new credit note: CN23060053 (ID: 29340)
2025-05-15 08:36:26,045 - Successfully created new credit note: CN23060054 (ID: 29341)
2025-05-15 08:36:26,613 - Successfully created new credit note: CN23060055 (ID: 29342)
2025-05-15 08:36:27,223 - Successfully created new credit note: CN23060058 (ID: 29343)
2025-05-15 08:36:27,810 - Successfully created new credit note: CN23060060 (ID: 29344)
2025-05-15 08:36:28,419 - Successfully created new credit note: CN23060061 (ID: 29345)
2025-05-15 08:36:29,044 - Successfully created new credit note: CN23060062 (ID: 29346)
2025-05-15 08:36:29,663 - Successfully created new credit note: CN23060063 (ID: 29347)
2025-05-15 08:36:30,274 - Successfully created new credit note: CN23060065 (ID: 29348)
2025-05-15 08:36:30,860 - Successfully created new credit note: CN23060066 (ID: 29349)
2025-05-15 08:36:31,468 - Successfully created new credit note: CN23060064 (ID: 29350)
2025-05-15 08:36:32,079 - Successfully created new credit note: CRP2300143 (ID: 29351)
2025-05-15 08:36:32,684 - Successfully created new credit note: CN23070136 (ID: 29352)
2025-05-15 08:36:33,327 - Successfully created new credit note: CRP2300181 (ID: 29353)
2025-05-15 08:36:33,917 - Successfully created new credit note: CRP2300186 (ID: 29354)
2025-05-15 08:36:34,511 - Successfully created new credit note: CRP2300182 (ID: 29355)
2025-05-15 08:36:35,104 - Successfully created new credit note: CRP2300183 (ID: 29356)
2025-05-15 08:36:35,766 - Successfully created new credit note: CRP2300184 (ID: 29357)
2025-05-15 08:36:36,329 - Successfully created new credit note: CRP2300185 (ID: 29358)
2025-05-15 08:36:36,887 - Successfully created new credit note: CRP2300193 (ID: 29359)
2025-05-15 08:36:37,467 - Successfully created new credit note: CRP2300242 (ID: 29360)
2025-05-15 08:36:38,045 - Successfully created new credit note: CN23120015 (ID: 29361)
2025-05-15 08:36:38,623 - Successfully created new credit note: CN23120046 (ID: 29362)
2025-05-15 08:36:39,217 - Successfully created new credit note: CN24030024 (ID: 29363)
2025-05-15 08:36:39,824 - Successfully created new credit note: CN24050004 (ID: 29364)
2025-05-15 08:36:40,415 - Successfully created new credit note: CN24050030 (ID: 29365)
2025-05-15 08:36:41,014 - Successfully created new credit note: CN24050031 (ID: 29366)
2025-05-15 08:36:41,645 - Successfully created new credit note: CN24050032 (ID: 29367)
2025-05-15 08:36:42,286 - Successfully created new credit note: CN24050033 (ID: 29368)
2025-05-15 08:36:42,871 - Successfully created new credit note: CN24050034 (ID: 29369)
2025-05-15 08:36:43,473 - Successfully created new credit note: CN24050035 (ID: 29370)
2025-05-15 08:36:44,080 - Successfully created new credit note: CN24060009 (ID: 29371)
2025-05-15 08:36:44,712 - Successfully created new credit note: CN24060016 (ID: 29372)
2025-05-15 08:36:45,336 - Successfully created new credit note: CN24070010 (ID: 29373)
2025-05-15 08:36:45,960 - Successfully created new credit note: CN24070067 (ID: 29374)
2025-05-15 08:36:46,616 - Successfully created new credit note: CN24080027 (ID: 29375)
2025-05-15 08:36:47,282 - Successfully created new credit note: CN24080098 (ID: 29376)
2025-05-15 08:36:47,906 - Successfully created new credit note: CN24080103 (ID: 29377)
2025-05-15 08:36:48,515 - Successfully created new credit note: CN24090026 (ID: 29378)
2025-05-15 08:36:49,189 - Successfully created new credit note: CN24090027 (ID: 29379)
2025-05-15 08:36:49,787 - Successfully created new credit note: CN24090028 (ID: 29380)
2025-05-15 08:36:50,549 - Successfully created new credit note: CN24090029 (ID: 29381)
2025-05-15 08:36:51,189 - Successfully created new credit note: CN24090031 (ID: 29382)
2025-05-15 08:36:51,837 - Successfully created new credit note: CN24090033 (ID: 29383)
2025-05-15 08:36:52,480 - Successfully created new credit note: CN24090034 (ID: 29384)
2025-05-15 08:36:53,129 - Successfully created new credit note: CN24090035 (ID: 29385)
2025-05-15 08:36:53,780 - Successfully created new credit note: CN24090037 (ID: 29386)
2025-05-15 08:36:54,437 - Successfully created new credit note: CN24090040 (ID: 29387)
2025-05-15 08:36:55,084 - Successfully created new credit note: CN24090041 (ID: 29388)
2025-05-15 08:36:55,684 - Successfully created new credit note: CN24090042 (ID: 29389)
2025-05-15 08:36:56,519 - Successfully created new credit note: CN24090043 (ID: 29390)
2025-05-15 08:36:57,135 - Successfully created new credit note: CN24090044 (ID: 29391)
2025-05-15 08:36:57,750 - Successfully created new credit note: CN24090046 (ID: 29392)
2025-05-15 08:36:58,373 - Successfully created new credit note: CN24090047 (ID: 29393)
2025-05-15 08:36:59,038 - Successfully created new credit note: CN24090048 (ID: 29394)
2025-05-15 08:36:59,698 - Successfully created new credit note: CN24110059 (ID: 29395)
2025-05-15 08:37:00,396 - Successfully created new credit note: CN24110069 (ID: 29396)
2025-05-15 08:37:01,087 - Successfully created new credit note: CRP2400324 (ID: 29397)
2025-05-15 08:37:01,798 - Successfully created new credit note: CRP2400332 (ID: 29398)
2025-05-15 08:37:02,465 - Successfully created new credit note: CRP2400338 (ID: 29399)
2025-05-15 08:37:03,177 - Successfully created new credit note: CRP2400346 (ID: 29400)
2025-05-15 08:37:03,815 - Successfully created new credit note: CRP2400351 (ID: 29401)
2025-05-15 08:37:04,438 - Successfully created new credit note: CRP2400358 (ID: 29402)
2025-05-15 08:37:05,076 - Successfully created new credit note: CN24120002 (ID: 29403)
2025-05-15 08:37:05,688 - Successfully created new credit note: CN24120008 (ID: 29404)
2025-05-15 08:37:06,336 - Successfully created new credit note: CN24120017 (ID: 29405)
2025-05-15 08:37:07,651 - Successfully created new credit note: CN24120020 (ID: 29406)
2025-05-15 08:37:08,332 - Successfully created new credit note: CN24120021 (ID: 29407)
2025-05-15 08:37:08,948 - Successfully created new credit note: CN24120022 (ID: 29408)
2025-05-15 08:37:09,564 - Successfully created new credit note: CN24120023 (ID: 29409)
2025-05-15 08:37:10,195 - Successfully created new credit note: CN24120024 (ID: 29410)
2025-05-15 08:37:10,817 - Successfully created new credit note: CRP2400377 (ID: 29411)
2025-05-15 08:37:11,458 - Successfully created new credit note: CN25010001 (ID: 29412)
2025-05-15 08:37:12,083 - Successfully created new credit note: CN25010003 (ID: 29413)
2025-05-15 08:37:12,700 - Successfully created new credit note: CN25010011 (ID: 29414)
2025-05-15 08:37:13,306 - Successfully created new credit note: CN25010012 (ID: 29415)
2025-05-15 08:37:13,917 - Successfully created new credit note: CRP2500001 (ID: 29416)
2025-05-15 08:37:14,532 - Successfully created new credit note: CRP2500002 (ID: 29417)
2025-05-15 08:37:15,188 - Successfully created new credit note: CRP2500003 (ID: 29418)
2025-05-15 08:37:15,828 - Successfully created new credit note: CRP2500006 (ID: 29419)
2025-05-15 08:37:16,464 - Successfully created new credit note: CRP2500008 (ID: 29420)
2025-05-15 08:37:17,084 - Successfully created new credit note: CRP2500009 (ID: 29421)
2025-05-15 08:37:17,725 - Successfully created new credit note: CRP2500011 (ID: 29422)
2025-05-15 08:37:18,376 - Successfully created new credit note: CRP2500012 (ID: 29423)
2025-05-15 08:37:19,130 - Successfully created new credit note: CRP2500013 (ID: 29424)
2025-05-15 08:37:19,897 - Successfully created new credit note: CRP2500015 (ID: 29425)
2025-05-15 08:37:20,571 - Successfully created new credit note: CN25020003 (ID: 29426)
2025-05-15 08:37:21,222 - Successfully created new credit note: CN25020005 (ID: 29427)
2025-05-15 08:37:21,865 - Successfully created new credit note: CN25020006 (ID: 29428)
2025-05-15 08:37:22,504 - Successfully created new credit note: CN25020007 (ID: 29429)
2025-05-15 08:37:23,220 - Successfully created new credit note: CN25020008 (ID: 29430)
2025-05-15 08:37:23,880 - Successfully created new credit note: CN25020009 (ID: 29431)
2025-05-15 08:37:24,575 - Successfully created new credit note: CN25020013 (ID: 29432)
2025-05-15 08:37:25,285 - Successfully created new credit note: CN25020014 (ID: 29433)
2025-05-15 08:37:25,976 - Successfully created new credit note: CN25020015 (ID: 29434)
2025-05-15 08:37:27,262 - Successfully created new credit note: CN25020016 (ID: 29435)
2025-05-15 08:37:28,944 - Successfully created new credit note: CN25020017 (ID: 29436)
2025-05-15 08:37:29,899 - Successfully created new credit note: CN25020018 (ID: 29437)
2025-05-15 08:37:30,881 - Successfully created new credit note: CN25020025 (ID: 29438)
2025-05-15 08:37:31,577 - Successfully created new credit note: CN25020027 (ID: 29439)
2025-05-15 08:37:32,227 - Successfully created new credit note: CN25020028 (ID: 29440)
2025-05-15 08:37:32,878 - Successfully created new credit note: CN25020029 (ID: 29441)
2025-05-15 08:37:33,496 - Successfully created new credit note: CN25020030 (ID: 29442)
2025-05-15 08:37:34,105 - Successfully created new credit note: CN25020031 (ID: 29443)
2025-05-15 08:37:34,737 - Successfully created new credit note: CN25020033 (ID: 29444)
2025-05-15 08:37:35,357 - Successfully created new credit note: CN25020034 (ID: 29445)
2025-05-15 08:37:36,006 - Successfully created new credit note: CN25020035 (ID: 29446)
2025-05-15 08:37:36,655 - Successfully created new credit note: CN25020042 (ID: 29447)
2025-05-15 08:37:37,279 - Successfully created new credit note: CRP2500037 (ID: 29448)
2025-05-15 08:37:37,898 - Successfully created new credit note: CRP2500038 (ID: 29449)
2025-05-15 08:37:38,513 - Successfully created new credit note: CRP2500039 (ID: 29450)
2025-05-15 08:37:39,135 - Successfully created new credit note: CRP2500040 (ID: 29451)
2025-05-15 08:37:39,769 - Successfully created new credit note: CRP2500041 (ID: 29452)
2025-05-15 08:37:40,515 - Successfully created new credit note: CRP2500042 (ID: 29453)
2025-05-15 08:37:41,266 - Successfully created new credit note: CRP2500043 (ID: 29454)
2025-05-15 08:37:41,944 - Successfully created new credit note: CRP2500044 (ID: 29455)
2025-05-15 08:37:42,559 - Successfully created new credit note: CRP2500045 (ID: 29456)
2025-05-15 08:37:43,212 - Successfully created new credit note: CRP2500046 (ID: 29457)
2025-05-15 08:37:43,836 - Successfully created new credit note: CRP2500019 (ID: 29458)
2025-05-15 08:37:44,472 - Successfully created new credit note: CRP2500020 (ID: 29459)
2025-05-15 08:37:45,104 - Successfully created new credit note: CRP2500021 (ID: 29460)
2025-05-15 08:37:45,776 - Successfully created new credit note: CRP2500022 (ID: 29461)
2025-05-15 08:37:46,395 - Successfully created new credit note: CRP2500023 (ID: 29462)
2025-05-15 08:37:47,033 - Successfully created new credit note: CRP2500024 (ID: 29463)
2025-05-15 08:37:47,648 - Successfully created new credit note: CRP2500025 (ID: 29464)
2025-05-15 08:37:48,271 - Successfully created new credit note: CRP2500026 (ID: 29465)
2025-05-15 08:37:48,883 - Successfully created new credit note: CRP2500027 (ID: 29466)
2025-05-15 08:37:49,513 - Successfully created new credit note: CRP2500028 (ID: 29467)
2025-05-15 08:37:50,110 - Successfully created new credit note: CRP2500029 (ID: 29468)
2025-05-15 08:37:50,781 - Successfully created new credit note: CRP2500030 (ID: 29469)
2025-05-15 08:37:51,414 - Successfully created new credit note: CRP2500031 (ID: 29470)
2025-05-15 08:37:52,050 - Successfully created new credit note: CRP2500032 (ID: 29471)
2025-05-15 08:37:52,670 - Successfully created new credit note: CRP2500033 (ID: 29472)
2025-05-15 08:37:53,302 - Successfully created new credit note: CRP2500034 (ID: 29473)
2025-05-15 08:37:53,950 - Successfully created new credit note: CRP2500035 (ID: 29474)
2025-05-15 08:37:54,638 - Successfully created new credit note: CRP2500036 (ID: 29475)
2025-05-15 08:37:55,330 - Successfully created new credit note: CNP0000152 (ID: 29476)
2025-05-15 08:37:57,116 - Starting import process for 320 records
2025-05-15 08:37:57,254 - 
Import process completed:
Total records processed: 320
Successful imports: 0
Failed imports: 320
Success rate: 0.00%

2025-05-15 08:47:28,134 - Starting import process for 320 records
2025-05-15 08:47:28,284 - 
Import process completed:
Total records processed: 320
Successful imports: 0
Failed imports: 320
Success rate: 0.00%

2025-05-15 08:47:29,409 - Found valid journal: OB-AR (Code: OB-AR)
2025-05-15 08:47:29,687 - Successfully created new credit note: CN19100032 (ID: 29477)
2025-05-15 08:47:29,961 - Found valid journal: OB-AR (Code: OB-AR)
2025-05-15 08:47:30,240 - Successfully created new credit note: CR1312054 (ID: 29478)
2025-05-15 08:47:30,491 - Found valid journal: OB-AR (Code: OB-AR)
2025-05-15 08:47:30,752 - Successfully created new credit note: CR0600001 (ID: 29479)
2025-05-15 08:47:31,011 - Found valid journal: OB-AR (Code: OB-AR)
2025-05-15 08:47:31,299 - Successfully created new credit note: CN19050015 (ID: 29480)
2025-05-15 08:47:31,570 - Found valid journal: OB-AR (Code: OB-AR)
2025-05-15 08:47:31,838 - Successfully created new credit note: CN19050016 (ID: 29481)
2025-05-15 08:47:32,116 - Found valid journal: OB-AR (Code: OB-AR)
2025-05-15 08:47:32,375 - Successfully created new credit note: CN19050017 (ID: 29482)
2025-05-15 08:47:32,638 - Found valid journal: OB-AR (Code: OB-AR)
2025-05-15 08:47:32,916 - Successfully created new credit note: CN0901001 (ID: 29483)
2025-05-15 08:47:33,178 - Found valid journal: OB-AR (Code: OB-AR)
2025-05-15 08:47:33,460 - Successfully created new credit note: CR0600002 (ID: 29484)
2025-05-15 08:47:33,723 - Found valid journal: OB-AR (Code: OB-AR)
2025-05-15 08:47:33,992 - Successfully created new credit note: CR0600003 (ID: 29485)
2025-05-15 08:47:34,260 - Found valid journal: OB-AR (Code: OB-AR)
2025-05-15 08:47:34,550 - Successfully created new credit note: CN15030009 (ID: 29486)
2025-05-15 08:47:34,827 - Found valid journal: OB-AR (Code: OB-AR)
2025-05-15 08:47:35,125 - Successfully created new credit note: CN18040014 (ID: 29487)
2025-05-15 08:47:35,411 - Found valid journal: OB-AR (Code: OB-AR)
2025-05-15 08:47:35,711 - Successfully created new credit note: CN16120004 (ID: 29488)
2025-05-15 08:47:35,987 - Found valid journal: OB-AR (Code: OB-AR)
2025-05-15 08:47:36,280 - Successfully created new credit note: CN16120005 (ID: 29489)
2025-05-15 08:47:36,554 - Found valid journal: OB-AR (Code: OB-AR)
2025-05-15 08:47:36,837 - Successfully created new credit note: CN0809044 (ID: 29490)
2025-05-15 08:47:37,116 - Found valid journal: OB-AR (Code: OB-AR)
2025-05-15 08:47:37,413 - Successfully created new credit note: CN1004017 (ID: 29491)
2025-05-15 08:47:37,692 - Found valid journal: OB-AR (Code: OB-AR)
2025-05-15 08:47:37,974 - Successfully created new credit note: CR15040008 (ID: 29492)
2025-05-15 08:47:38,242 - Found valid journal: OB-AR (Code: OB-AR)
2025-05-15 08:47:38,520 - Successfully created new credit note: CRP1700328 (ID: 29493)
2025-05-15 08:47:38,799 - Found valid journal: OB-AR (Code: OB-AR)
2025-05-15 08:47:39,090 - Successfully created new credit note: CR0710006 (ID: 29494)
2025-05-15 08:47:39,350 - Found valid journal: OB-AR (Code: OB-AR)
2025-05-15 08:47:39,635 - Successfully created new credit note: CN1001004 (ID: 29495)
2025-05-15 08:47:39,886 - Found valid journal: OB-AR (Code: OB-AR)
2025-05-15 08:47:40,162 - Successfully created new credit note: CR1008050 (ID: 29496)
2025-05-15 08:47:40,449 - Found valid journal: OB-AR (Code: OB-AR)
2025-05-15 08:47:40,742 - Successfully created new credit note: CR1104006 (ID: 29497)
2025-05-15 08:47:41,009 - Found valid journal: OB-AR (Code: OB-AR)
2025-05-15 08:47:41,312 - Successfully created new credit note: CR1108031 (ID: 29498)
2025-05-15 08:47:41,608 - Found valid journal: OB-AR (Code: OB-AR)
2025-05-15 08:47:41,893 - Successfully created new credit note: CR1110009 (ID: 29499)
2025-05-15 08:47:42,162 - Found valid journal: OB-AR (Code: OB-AR)
2025-05-15 08:47:42,450 - Successfully created new credit note: CN1104012 (ID: 29500)
2025-05-15 08:47:42,758 - Found valid journal: OB-AR (Code: OB-AR)
2025-05-15 08:47:43,043 - Successfully created new credit note: CN1208002 (ID: 29501)
2025-05-15 08:47:43,306 - Found valid journal: OB-AR (Code: OB-AR)
2025-05-15 08:47:43,640 - Successfully created new credit note: CR0600004 (ID: 29502)
2025-05-15 08:50:51,161 - Starting import process for 320 records
2025-05-15 08:50:51,325 - 
Import process completed:
Total records processed: 320
Successful imports: 0
Failed imports: 320
Success rate: 0.00%

2025-05-15 08:50:52,506 - Selected exact matching journal: OB-AR 114200 (Code: AR1)
2025-05-15 08:50:52,791 - Successfully created new credit note: CN19100032 (ID: 29503)
2025-05-15 08:50:53,054 - Selected exact matching journal: OB-AR 114200 (Code: AR1)
2025-05-15 08:50:53,346 - Successfully created new credit note: CR1312054 (ID: 29504)
2025-05-15 08:50:53,595 - Selected exact matching journal: OB-AR 114200 (Code: AR1)
2025-05-15 08:50:53,861 - Successfully created new credit note: CR0600001 (ID: 29505)
2025-05-15 08:50:54,113 - Selected exact matching journal: OB-AR 114200 (Code: AR1)
2025-05-15 08:50:54,394 - Successfully created new credit note: CN19050015 (ID: 29506)
2025-05-15 08:50:54,658 - Selected exact matching journal: OB-AR 114200 (Code: AR1)
2025-05-15 08:50:54,932 - Successfully created new credit note: CN19050016 (ID: 29507)
2025-05-15 08:50:55,198 - Selected exact matching journal: OB-AR 114200 (Code: AR1)
2025-05-15 08:50:55,479 - Successfully created new credit note: CN19050017 (ID: 29508)
2025-05-15 08:50:55,740 - Selected exact matching journal: OB-AR 114200 (Code: AR1)
2025-05-15 08:50:56,000 - Successfully created new credit note: CN0901001 (ID: 29509)
2025-05-15 08:50:56,277 - Selected exact matching journal: OB-AR 114200 (Code: AR1)
2025-05-15 08:50:56,534 - Successfully created new credit note: CR0600002 (ID: 29510)
2025-05-15 08:50:56,799 - Selected exact matching journal: OB-AR 114200 (Code: AR1)
2025-05-15 08:50:57,077 - Successfully created new credit note: CR0600003 (ID: 29511)
2025-05-15 08:50:57,391 - Selected exact matching journal: OB-AR 114200 (Code: AR1)
2025-05-15 08:50:57,662 - Successfully created new credit note: CN15030009 (ID: 29512)
2025-05-15 08:50:57,926 - Selected exact matching journal: OB-AR 114200 (Code: AR1)
2025-05-15 08:50:58,215 - Successfully created new credit note: CN18040014 (ID: 29513)
2025-05-15 08:50:58,470 - Selected exact matching journal: OB-AR 114200 (Code: AR1)
2025-05-15 08:50:58,749 - Successfully created new credit note: CN16120004 (ID: 29514)
2025-05-15 08:50:59,021 - Selected exact matching journal: OB-AR 114200 (Code: AR1)
2025-05-15 08:50:59,311 - Successfully created new credit note: CN16120005 (ID: 29515)
2025-05-15 08:50:59,571 - Selected exact matching journal: OB-AR 114200 (Code: AR1)
2025-05-15 08:50:59,843 - Successfully created new credit note: CN0809044 (ID: 29516)
2025-05-15 08:51:00,089 - Selected exact matching journal: OB-AR 114200 (Code: AR1)
2025-05-15 08:51:00,369 - Successfully created new credit note: CN1004017 (ID: 29517)
2025-05-15 08:51:00,650 - Selected exact matching journal: OB-AR 114200 (Code: AR1)
2025-05-15 08:51:00,915 - Successfully created new credit note: CR15040008 (ID: 29518)
2025-05-15 08:51:01,174 - Selected exact matching journal: OB-AR 114200 (Code: AR1)
2025-05-15 08:51:01,440 - Successfully created new credit note: CRP1700328 (ID: 29519)
2025-05-15 08:51:01,710 - Selected exact matching journal: OB-AR 114200 (Code: AR1)
2025-05-15 08:51:01,989 - Successfully created new credit note: CR0710006 (ID: 29520)
2025-05-15 08:51:02,248 - Selected exact matching journal: OB-AR 114200 (Code: AR1)
2025-05-15 08:51:02,508 - Successfully created new credit note: CN1001004 (ID: 29521)
2025-05-15 08:51:02,766 - Selected exact matching journal: OB-AR 114200 (Code: AR1)
2025-05-15 08:51:03,034 - Successfully created new credit note: CR1008050 (ID: 29522)
2025-05-15 08:51:03,314 - Selected exact matching journal: OB-AR 114200 (Code: AR1)
2025-05-15 08:51:03,610 - Successfully created new credit note: CR1104006 (ID: 29523)
2025-05-15 08:51:03,876 - Selected exact matching journal: OB-AR 114200 (Code: AR1)
2025-05-15 08:51:04,152 - Successfully created new credit note: CR1108031 (ID: 29524)
2025-05-15 08:51:04,423 - Selected exact matching journal: OB-AR 114200 (Code: AR1)
2025-05-15 08:51:04,699 - Successfully created new credit note: CR1110009 (ID: 29525)
2025-05-15 08:51:04,973 - Selected exact matching journal: OB-AR 114200 (Code: AR1)
2025-05-15 08:51:05,266 - Successfully created new credit note: CN1104012 (ID: 29526)
2025-05-15 08:51:05,569 - Selected exact matching journal: OB-AR 114200 (Code: AR1)
2025-05-15 08:51:05,869 - Successfully created new credit note: CN1208002 (ID: 29527)
2025-05-15 08:51:06,136 - Selected exact matching journal: OB-AR 114200 (Code: AR1)
2025-05-15 08:51:06,406 - Successfully created new credit note: CR0600004 (ID: 29528)
2025-05-15 08:51:06,660 - Selected exact matching journal: OB-AR 114200 (Code: AR1)
2025-05-15 08:51:06,921 - Successfully created new credit note: CN1202042 (ID: 29529)
2025-05-15 08:51:07,184 - Selected exact matching journal: OB-AR 114200 (Code: AR1)
2025-05-15 08:51:07,448 - Successfully created new credit note: CR0912004 (ID: 29530)
2025-05-15 08:51:07,717 - Selected exact matching journal: OB-AR 114200 (Code: AR1)
2025-05-15 08:51:07,987 - Successfully created new credit note: CN1409024 (ID: 29531)
2025-05-15 08:51:08,249 - Selected exact matching journal: OB-AR 114200 (Code: AR1)
2025-05-15 08:51:08,538 - Successfully created new credit note: CN0706021 (ID: 29532)
2025-05-15 08:51:08,806 - Selected exact matching journal: OB-AR 114200 (Code: AR1)
2025-05-15 08:51:09,084 - Successfully created new credit note: CN1107037 (ID: 29533)
2025-05-15 08:51:09,350 - Selected exact matching journal: OB-AR 114200 (Code: AR1)
2025-05-15 08:51:09,637 - Successfully created new credit note: CN1107047 (ID: 29534)
2025-05-15 08:51:09,894 - Selected exact matching journal: OB-AR 114200 (Code: AR1)
2025-05-15 08:51:10,160 - Successfully created new credit note: CN1107048 (ID: 29535)
2025-05-15 08:51:10,429 - Selected exact matching journal: OB-AR 114200 (Code: AR1)
2025-05-15 08:51:10,705 - Successfully created new credit note: CN1107055 (ID: 29536)
2025-05-15 08:51:10,972 - Selected exact matching journal: OB-AR 114200 (Code: AR1)
2025-05-15 08:51:11,275 - Successfully created new credit note: CN1107056 (ID: 29537)
2025-05-15 08:51:11,551 - Selected exact matching journal: OB-AR 114200 (Code: AR1)
2025-05-15 08:51:11,822 - Successfully created new credit note: CN1107070 (ID: 29538)
2025-05-15 08:51:12,077 - Selected exact matching journal: OB-AR 114200 (Code: AR1)
2025-05-15 08:51:12,343 - Successfully created new credit note: CN1408028 (ID: 29539)
2025-05-15 08:51:12,615 - Selected exact matching journal: OB-AR 114200 (Code: AR1)
2025-05-15 08:51:12,902 - Successfully created new credit note: CN1408033 (ID: 29540)
2025-05-15 08:51:13,146 - Selected exact matching journal: OB-AR 114200 (Code: AR1)
2025-05-15 08:51:13,418 - Successfully created new credit note: CN1407030 (ID: 29541)
2025-05-15 08:51:13,869 - Selected exact matching journal: OB-AR 114200 (Code: AR1)
2025-05-15 08:51:14,160 - Successfully created new credit note: CN1407037 (ID: 29542)
2025-05-15 08:51:14,465 - Selected exact matching journal: OB-AR 114200 (Code: AR1)
2025-05-15 08:51:14,765 - Successfully created new credit note: CN1407069 (ID: 29543)
2025-05-15 08:51:15,020 - Selected exact matching journal: OB-AR 114200 (Code: AR1)
2025-05-15 08:51:15,292 - Successfully created new credit note: CN1408006 (ID: 29544)
2025-05-15 08:51:15,571 - Selected exact matching journal: OB-AR 114200 (Code: AR1)
2025-05-15 08:51:15,847 - Successfully created new credit note: CN1408022 (ID: 29545)
2025-05-15 08:51:16,126 - Selected exact matching journal: OB-AR 114200 (Code: AR1)
2025-05-15 08:51:16,419 - Successfully created new credit note: CN1408019 (ID: 29546)
2025-05-15 08:51:16,716 - Selected exact matching journal: OB-AR 114200 (Code: AR1)
2025-05-15 08:51:16,987 - Successfully created new credit note: CN1407024 (ID: 29547)
2025-05-15 08:51:17,281 - Selected exact matching journal: OB-AR 114200 (Code: AR1)
2025-05-15 08:51:17,588 - Successfully created new credit note: CN1408017 (ID: 29548)
2025-05-15 08:51:17,844 - Selected exact matching journal: OB-AR 114200 (Code: AR1)
2025-05-15 08:51:18,150 - Successfully created new credit note: CN1408021 (ID: 29549)
2025-05-15 08:51:18,435 - Selected exact matching journal: OB-AR 114200 (Code: AR1)
2025-05-15 08:51:18,724 - Successfully created new credit note: CN1408018 (ID: 29550)
2025-05-15 08:51:18,999 - Selected exact matching journal: OB-AR 114200 (Code: AR1)
2025-05-15 08:51:19,275 - Successfully created new credit note: CN1408031 (ID: 29551)
2025-05-15 08:51:19,541 - Selected exact matching journal: OB-AR 114200 (Code: AR1)
2025-05-15 08:51:19,818 - Successfully created new credit note: CN1408032 (ID: 29552)
2025-05-15 08:51:20,080 - Selected exact matching journal: OB-AR 114200 (Code: AR1)
2025-05-15 08:51:20,334 - Successfully created new credit note: CN1408037 (ID: 29553)
2025-05-15 08:51:20,580 - Selected exact matching journal: OB-AR 114200 (Code: AR1)
2025-05-15 08:51:20,837 - Successfully created new credit note: CN1407056 (ID: 29554)
2025-05-15 08:51:21,081 - Selected exact matching journal: OB-AR 114200 (Code: AR1)
2025-05-15 08:51:21,368 - Successfully created new credit note: CN1407060 (ID: 29555)
2025-05-15 08:51:21,628 - Selected exact matching journal: OB-AR 114200 (Code: AR1)
2025-05-15 08:51:21,888 - Successfully created new credit note: CN1408005 (ID: 29556)
2025-05-15 08:51:22,136 - Selected exact matching journal: OB-AR 114200 (Code: AR1)
2025-05-15 08:51:22,398 - Successfully created new credit note: CN1407001 (ID: 29557)
2025-05-15 08:51:22,676 - Selected exact matching journal: OB-AR 114200 (Code: AR1)
2025-05-15 08:51:22,957 - Successfully created new credit note: CN1408023 (ID: 29558)
2025-05-15 08:51:23,233 - Selected exact matching journal: OB-AR 114200 (Code: AR1)
2025-05-15 08:51:23,530 - Successfully created new credit note: CN1408024 (ID: 29559)
2025-05-15 08:51:23,808 - Selected exact matching journal: OB-AR 114200 (Code: AR1)
2025-05-15 08:51:24,114 - Successfully created new credit note: CN1407034 (ID: 29560)
2025-05-15 08:51:24,365 - Selected exact matching journal: OB-AR 114200 (Code: AR1)
2025-05-15 08:51:24,642 - Successfully created new credit note: CN1408002 (ID: 29561)
2025-05-15 08:51:24,924 - Selected exact matching journal: OB-AR 114200 (Code: AR1)
2025-05-15 08:51:25,193 - Successfully created new credit note: CN1408027 (ID: 29562)
2025-05-15 08:51:25,505 - Selected exact matching journal: OB-AR 114200 (Code: AR1)
2025-05-15 08:51:25,834 - Successfully created new credit note: CN1407035 (ID: 29563)
2025-05-15 08:51:26,109 - Selected exact matching journal: OB-AR 114200 (Code: AR1)
2025-05-15 08:51:26,397 - Successfully created new credit note: CN1408020 (ID: 29564)
2025-05-15 08:51:26,715 - Selected exact matching journal: OB-AR 114200 (Code: AR1)
2025-05-15 08:51:27,044 - Successfully created new credit note: CN1408035 (ID: 29565)
2025-05-15 08:51:27,342 - Selected exact matching journal: OB-AR 114200 (Code: AR1)
2025-05-15 08:51:27,651 - Successfully created new credit note: CN1408036 (ID: 29566)
2025-05-15 08:51:27,940 - Selected exact matching journal: OB-AR 114200 (Code: AR1)
2025-05-15 08:51:28,273 - Successfully created new credit note: CN1408052 (ID: 29567)
2025-05-15 08:51:28,568 - Selected exact matching journal: OB-AR 114200 (Code: AR1)
2025-05-15 08:51:28,888 - Successfully created new credit note: CN1408053 (ID: 29568)
2025-05-15 08:51:29,178 - Selected exact matching journal: OB-AR 114200 (Code: AR1)
2025-05-15 08:51:29,497 - Successfully created new credit note: CN1408054 (ID: 29569)
2025-05-15 08:51:29,783 - Selected exact matching journal: OB-AR 114200 (Code: AR1)
2025-05-15 08:51:30,077 - Successfully created new credit note: CN1408055 (ID: 29570)
2025-05-15 08:51:30,349 - Selected exact matching journal: OB-AR 114200 (Code: AR1)
2025-05-15 08:51:30,645 - Successfully created new credit note: CN1408056 (ID: 29571)
2025-05-15 08:51:30,916 - Selected exact matching journal: OB-AR 114200 (Code: AR1)
2025-05-15 08:51:31,202 - Successfully created new credit note: CN1407042 (ID: 29572)
2025-05-15 08:51:31,481 - Selected exact matching journal: OB-AR 114200 (Code: AR1)
2025-05-15 08:51:31,765 - Successfully created new credit note: CN1407038 (ID: 29573)
2025-05-15 08:51:32,040 - Selected exact matching journal: OB-AR 114200 (Code: AR1)
2025-05-15 08:51:32,336 - Successfully created new credit note: CN1407039 (ID: 29574)
2025-05-15 08:51:32,594 - Selected exact matching journal: OB-AR 114200 (Code: AR1)
2025-05-15 08:51:32,890 - Successfully created new credit note: CN1408025 (ID: 29575)
2025-05-15 08:51:33,165 - Selected exact matching journal: OB-AR 114200 (Code: AR1)
2025-05-15 08:51:33,457 - Successfully created new credit note: CN1408026 (ID: 29576)
2025-05-15 08:51:33,734 - Selected exact matching journal: OB-AR 114200 (Code: AR1)
2025-05-15 08:51:34,026 - Successfully created new credit note: CN1408030 (ID: 29577)
2025-05-15 08:51:34,301 - Selected exact matching journal: OB-AR 114200 (Code: AR1)
2025-05-15 08:51:34,602 - Successfully created new credit note: CN1408029 (ID: 29578)
2025-05-15 08:51:34,877 - Selected exact matching journal: OB-AR 114200 (Code: AR1)
2025-05-15 08:51:35,168 - Successfully created new credit note: CN1407025 (ID: 29579)
2025-05-15 08:51:35,454 - Selected exact matching journal: OB-AR 114200 (Code: AR1)
2025-05-15 08:51:35,749 - Successfully created new credit note: CN1408003 (ID: 29580)
2025-05-15 08:51:36,029 - Selected exact matching journal: OB-AR 114200 (Code: AR1)
2025-05-15 08:51:36,330 - Successfully created new credit note: CN1408004 (ID: 29581)
2025-05-15 08:51:36,611 - Selected exact matching journal: OB-AR 114200 (Code: AR1)
2025-05-15 08:51:36,913 - Successfully created new credit note: CN1408007 (ID: 29582)
2025-05-15 08:51:37,205 - Selected exact matching journal: OB-AR 114200 (Code: AR1)
2025-05-15 08:51:37,510 - Successfully created new credit note: CN1408034 (ID: 29583)
2025-05-15 08:51:37,798 - Selected exact matching journal: OB-AR 114200 (Code: AR1)
2025-05-15 08:51:38,100 - Successfully created new credit note: CN1407031 (ID: 29584)
2025-05-15 08:51:38,374 - Selected exact matching journal: OB-AR 114200 (Code: AR1)
2025-05-15 08:51:38,697 - Successfully created new credit note: CN1407033 (ID: 29585)
2025-05-15 08:51:38,972 - Selected exact matching journal: OB-AR 114200 (Code: AR1)
2025-05-15 08:51:39,279 - Successfully created new credit note: CN1407020 (ID: 29586)
2025-05-15 08:51:39,595 - Selected exact matching journal: OB-AR 114200 (Code: AR1)
2025-05-15 08:51:39,899 - Successfully created new credit note: CN1407045 (ID: 29587)
2025-05-15 08:51:40,171 - Selected exact matching journal: OB-AR 114200 (Code: AR1)
2025-05-15 08:51:40,472 - Successfully created new credit note: CN1407046 (ID: 29588)
2025-05-15 08:51:40,778 - Selected exact matching journal: OB-AR 114200 (Code: AR1)
2025-05-15 08:51:41,333 - Successfully created new credit note: CN1407040 (ID: 29589)
2025-05-15 08:51:41,614 - Selected exact matching journal: OB-AR 114200 (Code: AR1)
2025-05-15 08:51:41,926 - Successfully created new credit note: CN1407041 (ID: 29590)
2025-05-15 08:51:42,208 - Selected exact matching journal: OB-AR 114200 (Code: AR1)
2025-05-15 08:51:42,509 - Successfully created new credit note: CN1407023 (ID: 29591)
2025-05-15 08:51:42,783 - Selected exact matching journal: OB-AR 114200 (Code: AR1)
2025-05-15 08:51:43,082 - Successfully created new credit note: CN1407027 (ID: 29592)
2025-05-15 08:51:43,364 - Selected exact matching journal: OB-AR 114200 (Code: AR1)
2025-05-15 08:51:43,658 - Successfully created new credit note: CN1407022 (ID: 29593)
2025-05-15 08:51:44,199 - Selected exact matching journal: OB-AR 114200 (Code: AR1)
2025-05-15 08:51:44,538 - Successfully created new credit note: CN1407028 (ID: 29594)
2025-05-15 08:51:44,840 - Selected exact matching journal: OB-AR 114200 (Code: AR1)
2025-05-15 08:51:45,199 - Successfully created new credit note: CN1407043 (ID: 29595)
2025-05-15 08:51:45,491 - Selected exact matching journal: OB-AR 114200 (Code: AR1)
2025-05-15 08:51:45,814 - Successfully created new credit note: CN1407052 (ID: 29596)
2025-05-15 08:51:46,095 - Selected exact matching journal: OB-AR 114200 (Code: AR1)
2025-05-15 08:51:46,420 - Successfully created new credit note: CN1407029 (ID: 29597)
2025-05-15 08:51:46,754 - Selected exact matching journal: OB-AR 114200 (Code: AR1)
2025-05-15 08:51:47,092 - Successfully created new credit note: CN1407021 (ID: 29598)
2025-05-15 08:51:47,390 - Selected exact matching journal: OB-AR 114200 (Code: AR1)
2025-05-15 08:51:47,724 - Successfully created new credit note: CN1407032 (ID: 29599)
2025-05-15 08:51:48,046 - Selected exact matching journal: OB-AR 114200 (Code: AR1)
2025-05-15 08:51:48,394 - Successfully created new credit note: CN1407026 (ID: 29600)
2025-05-15 08:51:48,706 - Selected exact matching journal: OB-AR 114200 (Code: AR1)
2025-05-15 08:51:49,429 - Successfully created new credit note: CN1407047 (ID: 29601)
2025-05-15 08:51:50,090 - Selected exact matching journal: OB-AR 114200 (Code: AR1)
2025-05-15 08:51:50,964 - Successfully created new credit note: CN1407048 (ID: 29602)
2025-05-15 08:51:51,591 - Selected exact matching journal: OB-AR 114200 (Code: AR1)
2025-05-15 08:51:52,470 - Successfully created new credit note: CN1407044 (ID: 29603)
2025-05-15 08:51:53,348 - Selected exact matching journal: OB-AR 114200 (Code: AR1)
2025-05-15 08:51:54,324 - Successfully created new credit note: CN1407051 (ID: 29604)
2025-05-15 08:51:54,970 - Selected exact matching journal: OB-AR 114200 (Code: AR1)
2025-05-15 08:51:55,897 - Successfully created new credit note: CN1407058 (ID: 29605)
2025-05-15 08:51:56,575 - Selected exact matching journal: OB-AR 114200 (Code: AR1)
2025-05-15 08:51:57,552 - Successfully created new credit note: CN1407064 (ID: 29606)
2025-05-15 08:51:58,226 - Selected exact matching journal: OB-AR 114200 (Code: AR1)
2025-05-15 08:51:58,920 - Successfully created new credit note: CN1407065 (ID: 29607)
2025-05-15 08:51:59,246 - Selected exact matching journal: OB-AR 114200 (Code: AR1)
2025-05-15 08:51:59,664 - Successfully created new credit note: CN1407067 (ID: 29608)
2025-05-15 08:51:59,981 - Selected exact matching journal: OB-AR 114200 (Code: AR1)
2025-05-15 08:52:00,329 - Successfully created new credit note: CN0804007 (ID: 29609)
2025-05-15 08:52:00,658 - Selected exact matching journal: OB-AR 114200 (Code: AR1)
2025-05-15 08:52:01,082 - Successfully created new credit note: CN1407057 (ID: 29610)
2025-05-15 08:52:01,498 - Selected exact matching journal: OB-AR 114200 (Code: AR1)
2025-05-15 08:52:02,108 - Successfully created new credit note: CN1407063 (ID: 29611)
2025-05-15 08:52:02,425 - Selected exact matching journal: OB-AR 114200 (Code: AR1)
2025-05-15 08:52:02,736 - Successfully created new credit note: CN1407049 (ID: 29612)
2025-05-15 08:52:03,049 - Selected exact matching journal: OB-AR 114200 (Code: AR1)
2025-05-15 08:52:03,375 - Successfully created new credit note: CN1407066 (ID: 29613)
2025-05-15 08:52:03,670 - Selected exact matching journal: OB-AR 114200 (Code: AR1)
2025-05-15 08:52:04,008 - Successfully created new credit note: CN1201009 (ID: 29614)
2025-05-15 08:52:04,294 - Selected exact matching journal: OB-AR 114200 (Code: AR1)
2025-05-15 08:52:04,626 - Successfully created new credit note: CN0903013 (ID: 29615)
2025-05-15 08:52:04,887 - Selected exact matching journal: OB-AR 114200 (Code: AR1)
2025-05-15 08:52:05,200 - Successfully created new credit note: CN1407055 (ID: 29616)
2025-05-15 08:52:05,528 - Selected exact matching journal: OB-AR 114200 (Code: AR1)
2025-05-15 08:52:05,842 - Successfully created new credit note: CN1407062 (ID: 29617)
2025-05-15 08:52:06,107 - Selected exact matching journal: OB-AR 114200 (Code: AR1)
2025-05-15 08:52:06,421 - Successfully created new credit note: CN1407054 (ID: 29618)
2025-05-15 08:52:06,700 - Selected exact matching journal: OB-AR 114200 (Code: AR1)
2025-05-15 08:52:07,028 - Successfully created new credit note: CN1407061 (ID: 29619)
2025-05-15 08:52:07,315 - Selected exact matching journal: OB-AR 114200 (Code: AR1)
2025-05-15 08:52:07,621 - Successfully created new credit note: CN1407053 (ID: 29620)
2025-05-15 08:52:07,991 - Selected exact matching journal: OB-AR 114200 (Code: AR1)
2025-05-15 08:52:08,282 - Successfully created new credit note: CN1407059 (ID: 29621)
2025-05-15 08:52:08,555 - Selected exact matching journal: OB-AR 114200 (Code: AR1)
2025-05-15 08:52:08,890 - Successfully created new credit note: CN1007004 (ID: 29622)
2025-05-15 08:52:09,203 - Selected exact matching journal: OB-AR 114200 (Code: AR1)
2025-05-15 08:52:09,531 - Successfully created new credit note: CN1407050 (ID: 29623)
2025-05-15 08:52:09,820 - Selected exact matching journal: OB-AR 114200 (Code: AR1)
2025-05-15 08:52:10,134 - Successfully created new credit note: CR16100001 (ID: 29624)
2025-05-15 08:52:10,441 - Selected exact matching journal: OB-AR 114200 (Code: AR1)
2025-05-15 08:52:10,721 - Successfully created new credit note: CR16120007 (ID: 29625)
2025-05-15 08:52:11,001 - Selected exact matching journal: OB-AR 114200 (Code: AR1)
2025-05-15 08:52:11,294 - Successfully created new credit note: CR16120008 (ID: 29626)
2025-05-15 08:52:11,579 - Selected exact matching journal: OB-AR 114200 (Code: AR1)
2025-05-15 08:52:11,877 - Successfully created new credit note: CN0910007 (ID: 29627)
2025-05-15 08:52:12,128 - Selected exact matching journal: OB-AR 114200 (Code: AR1)
2025-05-15 08:52:12,398 - Successfully created new credit note: CR0600005 (ID: 29628)
2025-05-15 08:52:12,643 - Selected exact matching journal: OB-AR 114200 (Code: AR1)
2025-05-15 08:52:12,908 - Successfully created new credit note: CRP1600198 (ID: 29629)
2025-05-15 08:52:13,165 - Selected exact matching journal: OB-AR 114200 (Code: AR1)
2025-05-15 08:52:13,437 - Successfully created new credit note: CN17030010 (ID: 29630)
2025-05-15 08:52:13,707 - Selected exact matching journal: OB-AR 114200 (Code: AR1)
2025-05-15 08:52:13,975 - Successfully created new credit note: CN1109011 (ID: 29631)
2025-05-15 08:52:14,254 - Selected exact matching journal: OB-AR 114200 (Code: AR1)
2025-05-15 08:52:14,515 - Successfully created new credit note: CN1102007 (ID: 29632)
2025-05-15 08:52:14,780 - Selected exact matching journal: OB-AR 114200 (Code: AR1)
2025-05-15 08:52:15,052 - Successfully created new credit note: CN20090012 (ID: 29633)
2025-05-15 08:52:15,334 - Selected exact matching journal: OB-AR 114200 (Code: AR1)
2025-05-15 08:52:15,610 - Successfully created new credit note: CN1210020 (ID: 29634)
2025-05-15 08:52:15,896 - Selected exact matching journal: OB-AR 114200 (Code: AR1)
2025-05-15 08:52:16,181 - Successfully created new credit note: CN15030031 (ID: 29635)
2025-05-15 08:52:16,446 - Selected exact matching journal: OB-AR 114200 (Code: AR1)
2025-05-15 08:52:16,748 - Successfully created new credit note: CN0712003 (ID: 29636)
2025-05-15 08:52:17,031 - Selected exact matching journal: OB-AR 114200 (Code: AR1)
2025-05-15 08:52:17,312 - Successfully created new credit note: CN1312005 (ID: 29637)
2025-05-15 08:52:17,587 - Selected exact matching journal: OB-AR 114200 (Code: AR1)
2025-05-15 08:52:17,854 - Successfully created new credit note: CRP2000091 (ID: 29638)
2025-05-15 08:52:18,110 - Selected exact matching journal: OB-AR 114200 (Code: AR1)
2025-05-15 08:52:18,366 - Successfully created new credit note: CN20120039 (ID: 29639)
2025-05-15 08:52:18,629 - Selected exact matching journal: OB-AR 114200 (Code: AR1)
2025-05-15 08:52:18,917 - Successfully created new credit note: CN20120040 (ID: 29640)
2025-05-15 08:52:19,178 - Selected exact matching journal: OB-AR 114200 (Code: AR1)
2025-05-15 08:52:19,448 - Successfully created new credit note: CN20120041 (ID: 29641)
2025-05-15 08:52:19,701 - Selected exact matching journal: OB-AR 114200 (Code: AR1)
2025-05-15 08:52:19,960 - Successfully created new credit note: CN20120042 (ID: 29642)
2025-05-15 08:52:20,204 - Selected exact matching journal: OB-AR 114200 (Code: AR1)
2025-05-15 08:52:20,457 - Successfully created new credit note: CN20120043 (ID: 29643)
2025-05-15 08:52:20,720 - Selected exact matching journal: OB-AR 114200 (Code: AR1)
2025-05-15 08:52:20,980 - Successfully created new credit note: CN20120044 (ID: 29644)
2025-05-15 08:52:21,245 - Selected exact matching journal: OB-AR 114200 (Code: AR1)
2025-05-15 08:52:21,529 - Successfully created new credit note: CN20120045 (ID: 29645)
2025-05-15 08:52:21,804 - Selected exact matching journal: OB-AR 114200 (Code: AR1)
2025-05-15 08:52:22,073 - Successfully created new credit note: CN20120050 (ID: 29646)
2025-05-15 08:52:22,322 - Selected exact matching journal: OB-AR 114200 (Code: AR1)
2025-05-15 08:52:22,636 - Successfully created new credit note: CR0600007 (ID: 29647)
2025-05-15 08:52:22,926 - Selected exact matching journal: OB-AR 114200 (Code: AR1)
2025-05-15 08:52:23,257 - Successfully created new credit note: CN18030022 (ID: 29648)
2025-05-15 08:52:23,568 - Selected exact matching journal: OB-AR 114200 (Code: AR1)
2025-05-15 08:52:23,870 - Successfully created new credit note: CN17080019 (ID: 29649)
2025-05-15 08:52:24,157 - Selected exact matching journal: OB-AR 114200 (Code: AR1)
2025-05-15 08:52:24,436 - Successfully created new credit note: CN0804005 (ID: 29650)
2025-05-15 08:52:24,722 - Selected exact matching journal: OB-AR 114200 (Code: AR1)
2025-05-15 08:52:25,014 - Successfully created new credit note: CR0600008 (ID: 29651)
2025-05-15 08:52:25,316 - Selected exact matching journal: OB-AR 114200 (Code: AR1)
2025-05-15 08:52:25,602 - Successfully created new credit note: CR0600009 (ID: 29652)
2025-05-15 08:52:25,865 - Selected exact matching journal: OB-AR 114200 (Code: AR1)
2025-05-15 08:52:26,159 - Successfully created new credit note: CR0600010 (ID: 29653)
2025-05-15 08:52:26,416 - Selected exact matching journal: OB-AR 114200 (Code: AR1)
2025-05-15 08:52:26,703 - Successfully created new credit note: CR15040007 (ID: 29654)
2025-05-15 08:52:26,967 - Selected exact matching journal: OB-AR 114200 (Code: AR1)
2025-05-15 08:52:27,252 - Successfully created new credit note: CN15110008 (ID: 29655)
2025-05-15 08:52:27,522 - Selected exact matching journal: OB-AR 114200 (Code: AR1)
2025-05-15 08:52:27,782 - Successfully created new credit note: CN1102006 (ID: 29656)
2025-05-15 08:52:28,036 - Selected exact matching journal: OB-AR 114200 (Code: AR1)
2025-05-15 08:52:28,302 - Successfully created new credit note: CN20020032 (ID: 29657)
2025-05-15 08:52:28,563 - Selected exact matching journal: OB-AR 114200 (Code: AR1)
2025-05-15 08:52:28,853 - Successfully created new credit note: CN18120003 (ID: 29658)
2025-05-15 08:52:29,125 - Selected exact matching journal: OB-AR 114200 (Code: AR1)
2025-05-15 08:52:29,402 - Successfully created new credit note: CN16120034 (ID: 29659)
2025-05-15 08:52:29,679 - Selected exact matching journal: OB-AR 114200 (Code: AR1)
2025-05-15 08:52:29,949 - Successfully created new credit note: CR1108026 (ID: 29660)
2025-05-15 08:52:30,205 - Selected exact matching journal: OB-AR 114200 (Code: AR1)
2025-05-15 08:52:30,480 - Successfully created new credit note: CR0600006 (ID: 29661)
2025-05-15 08:52:30,746 - Selected exact matching journal: OB-AR 114200 (Code: AR1)
2025-05-15 08:52:31,067 - Successfully created new credit note: CRP1700289 (ID: 29662)
2025-05-15 08:52:31,337 - Selected exact matching journal: OB-AR 114200 (Code: AR1)
2025-05-15 08:52:31,634 - Successfully created new credit note: CN0706013 (ID: 29663)
2025-05-15 08:52:31,880 - Selected exact matching journal: OB-AR 114200 (Code: AR1)
2025-05-15 08:52:32,160 - Successfully created new credit note: CN20110062 (ID: 29664)
2025-05-15 08:52:32,436 - Selected exact matching journal: OB-AR 114200 (Code: AR1)
2025-05-15 08:52:32,721 - Successfully created new credit note: CN17040041 (ID: 29665)
2025-05-15 08:52:32,990 - Selected exact matching journal: OB-AR 114200 (Code: AR1)
2025-05-15 08:52:33,479 - Successfully created new credit note: CN17040044 (ID: 29666)
2025-05-15 08:52:33,745 - Selected exact matching journal: OB-AR 114200 (Code: AR1)
2025-05-15 08:52:34,014 - Successfully created new credit note: CRP1800435 (ID: 29667)
2025-05-15 08:52:34,261 - Selected exact matching journal: OB-AR 114200 (Code: AR1)
2025-05-15 08:52:34,524 - Successfully created new credit note: CN1310013 (ID: 29668)
2025-05-15 08:52:34,784 - Selected exact matching journal: OB-AR 114200 (Code: AR1)
2025-05-15 08:52:35,067 - Successfully created new credit note: CN19060054 (ID: 29669)
2025-05-15 08:52:35,326 - Selected exact matching journal: OB-AR 114200 (Code: AR1)
2025-05-15 08:52:35,621 - Successfully created new credit note: CN19060055 (ID: 29670)
2025-05-15 08:52:35,895 - Selected exact matching journal: OB-AR 114200 (Code: AR1)
2025-05-15 08:52:36,168 - Successfully created new credit note: CRP2100149 (ID: 29671)
2025-05-15 08:52:36,441 - Selected exact matching journal: OB-AR 114200 (Code: AR1)
2025-05-15 08:52:36,720 - Successfully created new credit note: CN22030003 (ID: 29672)
2025-05-15 08:52:37,033 - Selected exact matching journal: OB-AR 114200 (Code: AR1)
2025-05-15 08:52:37,320 - Successfully created new credit note: CRP2200156 (ID: 29673)
2025-05-15 08:52:37,602 - Selected exact matching journal: OB-AR 114200 (Code: AR1)
2025-05-15 08:52:37,927 - Successfully created new credit note: CN22090087 (ID: 29674)
2025-05-15 08:52:38,192 - Selected exact matching journal: OB-AR 114200 (Code: AR1)
2025-05-15 08:52:38,477 - Successfully created new credit note: CN23030009 (ID: 29675)
2025-05-15 08:52:38,754 - Selected exact matching journal: OB-AR 114200 (Code: AR1)
2025-05-15 08:52:39,030 - Successfully created new credit note: CN23030018 (ID: 29676)
2025-05-15 08:52:39,304 - Selected exact matching journal: OB-AR 114200 (Code: AR1)
2025-05-15 08:52:39,585 - Successfully created new credit note: CRP2300090 (ID: 29677)
2025-05-15 08:52:39,841 - Selected exact matching journal: OB-AR 114200 (Code: AR1)
2025-05-15 08:52:40,107 - Successfully created new credit note: CRP2300089 (ID: 29678)
2025-05-15 08:52:40,433 - Selected exact matching journal: OB-AR 114200 (Code: AR1)
2025-05-15 08:52:40,717 - Successfully created new credit note: CRP2300086 (ID: 29679)
2025-05-15 08:52:40,982 - Selected exact matching journal: OB-AR 114200 (Code: AR1)
2025-05-15 08:52:41,292 - Successfully created new credit note: CRP2300085 (ID: 29680)
2025-05-15 08:52:41,731 - Selected exact matching journal: OB-AR 114200 (Code: AR1)
2025-05-15 08:52:42,006 - Successfully created new credit note: CN23060048 (ID: 29681)
2025-05-15 08:52:42,263 - Selected exact matching journal: OB-AR 114200 (Code: AR1)
2025-05-15 08:52:42,532 - Successfully created new credit note: CN23060049 (ID: 29682)
2025-05-15 08:52:42,777 - Selected exact matching journal: OB-AR 114200 (Code: AR1)
2025-05-15 08:52:43,077 - Successfully created new credit note: CN23060050 (ID: 29683)
2025-05-15 08:52:43,331 - Selected exact matching journal: OB-AR 114200 (Code: AR1)
2025-05-15 08:52:43,613 - Successfully created new credit note: CN23060051 (ID: 29684)
2025-05-15 08:52:43,873 - Selected exact matching journal: OB-AR 114200 (Code: AR1)
2025-05-15 08:52:44,150 - Successfully created new credit note: CN23060052 (ID: 29685)
2025-05-15 08:52:44,399 - Selected exact matching journal: OB-AR 114200 (Code: AR1)
2025-05-15 08:52:44,653 - Successfully created new credit note: CN23060053 (ID: 29686)
2025-05-15 08:52:44,948 - Selected exact matching journal: OB-AR 114200 (Code: AR1)
2025-05-15 08:52:45,242 - Successfully created new credit note: CN23060054 (ID: 29687)
2025-05-15 08:52:45,527 - Selected exact matching journal: OB-AR 114200 (Code: AR1)
2025-05-15 08:52:45,802 - Successfully created new credit note: CN23060055 (ID: 29688)
2025-05-15 08:52:46,048 - Selected exact matching journal: OB-AR 114200 (Code: AR1)
2025-05-15 08:52:46,322 - Successfully created new credit note: CN23060058 (ID: 29689)
2025-05-15 08:52:46,615 - Selected exact matching journal: OB-AR 114200 (Code: AR1)
2025-05-15 08:52:46,886 - Successfully created new credit note: CN23060060 (ID: 29690)
2025-05-15 08:52:47,141 - Selected exact matching journal: OB-AR 114200 (Code: AR1)
2025-05-15 08:52:47,406 - Successfully created new credit note: CN23060061 (ID: 29691)
2025-05-15 08:52:47,661 - Selected exact matching journal: OB-AR 114200 (Code: AR1)
2025-05-15 08:52:47,953 - Successfully created new credit note: CN23060062 (ID: 29692)
2025-05-15 08:52:48,210 - Selected exact matching journal: OB-AR 114200 (Code: AR1)
2025-05-15 08:52:48,478 - Successfully created new credit note: CN23060063 (ID: 29693)
2025-05-15 08:52:48,744 - Selected exact matching journal: OB-AR 114200 (Code: AR1)
2025-05-15 08:52:49,016 - Successfully created new credit note: CN23060065 (ID: 29694)
2025-05-15 08:52:49,297 - Selected exact matching journal: OB-AR 114200 (Code: AR1)
2025-05-15 08:52:49,575 - Successfully created new credit note: CN23060066 (ID: 29695)
2025-05-15 08:52:49,847 - Selected exact matching journal: OB-AR 114200 (Code: AR1)
2025-05-15 08:52:50,109 - Successfully created new credit note: CN23060064 (ID: 29696)
2025-05-15 08:52:50,360 - Selected exact matching journal: OB-AR 114200 (Code: AR1)
2025-05-15 08:52:50,616 - Successfully created new credit note: CRP2300143 (ID: 29697)
2025-05-15 08:52:50,874 - Selected exact matching journal: OB-AR 114200 (Code: AR1)
2025-05-15 08:52:51,160 - Successfully created new credit note: CN23070136 (ID: 29698)
2025-05-15 08:52:51,453 - Selected exact matching journal: OB-AR 114200 (Code: AR1)
2025-05-15 08:52:51,750 - Successfully created new credit note: CRP2300181 (ID: 29699)
2025-05-15 08:52:52,017 - Selected exact matching journal: OB-AR 114200 (Code: AR1)
2025-05-15 08:52:52,278 - Successfully created new credit note: CRP2300186 (ID: 29700)
2025-05-15 08:52:52,539 - Selected exact matching journal: OB-AR 114200 (Code: AR1)
2025-05-15 08:52:52,817 - Successfully created new credit note: CRP2300182 (ID: 29701)
2025-05-15 08:52:53,092 - Selected exact matching journal: OB-AR 114200 (Code: AR1)
2025-05-15 08:52:53,406 - Successfully created new credit note: CRP2300183 (ID: 29702)
2025-05-15 08:52:53,797 - Selected exact matching journal: OB-AR 114200 (Code: AR1)
2025-05-15 08:52:54,141 - Successfully created new credit note: CRP2300184 (ID: 29703)
2025-05-15 08:52:54,440 - Selected exact matching journal: OB-AR 114200 (Code: AR1)
2025-05-15 08:52:54,740 - Successfully created new credit note: CRP2300185 (ID: 29704)
2025-05-15 08:52:55,016 - Selected exact matching journal: OB-AR 114200 (Code: AR1)
2025-05-15 08:52:55,278 - Successfully created new credit note: CRP2300193 (ID: 29705)
2025-05-15 08:52:55,538 - Selected exact matching journal: OB-AR 114200 (Code: AR1)
2025-05-15 08:52:55,815 - Successfully created new credit note: CRP2300242 (ID: 29706)
2025-05-15 08:52:56,058 - Selected exact matching journal: OB-AR 114200 (Code: AR1)
2025-05-15 08:52:56,325 - Successfully created new credit note: CN23120015 (ID: 29707)
2025-05-15 08:52:56,582 - Selected exact matching journal: OB-AR 114200 (Code: AR1)
2025-05-15 08:52:56,863 - Successfully created new credit note: CN23120046 (ID: 29708)
2025-05-15 08:52:57,120 - Selected exact matching journal: OB-AR 114200 (Code: AR1)
2025-05-15 08:52:57,382 - Successfully created new credit note: CN24030024 (ID: 29709)
2025-05-15 08:52:57,641 - Selected exact matching journal: OB-AR 114200 (Code: AR1)
2025-05-15 08:52:57,927 - Successfully created new credit note: CN24050004 (ID: 29710)
2025-05-15 08:52:58,209 - Selected exact matching journal: OB-AR 114200 (Code: AR1)
2025-05-15 08:52:58,500 - Successfully created new credit note: CN24050030 (ID: 29711)
2025-05-15 08:52:58,786 - Selected exact matching journal: OB-AR 114200 (Code: AR1)
2025-05-15 08:52:59,082 - Successfully created new credit note: CN24050031 (ID: 29712)
2025-05-15 08:52:59,366 - Selected exact matching journal: OB-AR 114200 (Code: AR1)
2025-05-15 08:52:59,655 - Successfully created new credit note: CN24050032 (ID: 29713)
2025-05-15 08:52:59,914 - Selected exact matching journal: OB-AR 114200 (Code: AR1)
2025-05-15 08:53:00,177 - Successfully created new credit note: CN24050033 (ID: 29714)
2025-05-15 08:53:00,457 - Selected exact matching journal: OB-AR 114200 (Code: AR1)
2025-05-15 08:53:00,797 - Successfully created new credit note: CN24050034 (ID: 29715)
2025-05-15 08:53:01,076 - Selected exact matching journal: OB-AR 114200 (Code: AR1)
2025-05-15 08:53:01,376 - Successfully created new credit note: CN24050035 (ID: 29716)
2025-05-15 08:53:01,642 - Selected exact matching journal: OB-AR 114200 (Code: AR1)
2025-05-15 08:53:01,962 - Successfully created new credit note: CN24060009 (ID: 29717)
2025-05-15 08:53:02,219 - Selected exact matching journal: OB-AR 114200 (Code: AR1)
2025-05-15 08:53:02,501 - Successfully created new credit note: CN24060016 (ID: 29718)
2025-05-15 08:53:02,762 - Selected exact matching journal: OB-AR 114200 (Code: AR1)
2025-05-15 08:53:03,074 - Successfully created new credit note: CN24070010 (ID: 29719)
2025-05-15 08:53:03,328 - Selected exact matching journal: OB-AR 114200 (Code: AR1)
2025-05-15 08:53:03,612 - Successfully created new credit note: CN24070067 (ID: 29720)
2025-05-15 08:53:03,878 - Selected exact matching journal: OB-AR 114200 (Code: AR1)
2025-05-15 08:53:04,158 - Successfully created new credit note: CN24080027 (ID: 29721)
2025-05-15 08:53:04,408 - Selected exact matching journal: OB-AR 114200 (Code: AR1)
2025-05-15 08:53:04,671 - Successfully created new credit note: CN24080098 (ID: 29722)
2025-05-15 08:53:04,931 - Selected exact matching journal: OB-AR 114200 (Code: AR1)
2025-05-15 08:53:05,211 - Successfully created new credit note: CN24080103 (ID: 29723)
2025-05-15 08:53:05,520 - Selected exact matching journal: OB-AR 114200 (Code: AR1)
2025-05-15 08:53:05,815 - Successfully created new credit note: CN24090026 (ID: 29724)
2025-05-15 08:53:06,086 - Selected exact matching journal: OB-AR 114200 (Code: AR1)
2025-05-15 08:53:06,367 - Successfully created new credit note: CN24090027 (ID: 29725)
2025-05-15 08:53:06,649 - Selected exact matching journal: OB-AR 114200 (Code: AR1)
2025-05-15 08:53:06,966 - Successfully created new credit note: CN24090028 (ID: 29726)
2025-05-15 08:53:07,271 - Selected exact matching journal: OB-AR 114200 (Code: AR1)
2025-05-15 08:53:07,617 - Successfully created new credit note: CN24090029 (ID: 29727)
2025-05-15 08:53:07,888 - Selected exact matching journal: OB-AR 114200 (Code: AR1)
2025-05-15 08:53:08,192 - Successfully created new credit note: CN24090031 (ID: 29728)
2025-05-15 08:53:08,484 - Selected exact matching journal: OB-AR 114200 (Code: AR1)
2025-05-15 08:53:08,771 - Successfully created new credit note: CN24090033 (ID: 29729)
2025-05-15 08:53:09,062 - Selected exact matching journal: OB-AR 114200 (Code: AR1)
2025-05-15 08:53:09,357 - Successfully created new credit note: CN24090034 (ID: 29730)
2025-05-15 08:53:09,619 - Selected exact matching journal: OB-AR 114200 (Code: AR1)
2025-05-15 08:53:09,893 - Successfully created new credit note: CN24090035 (ID: 29731)
2025-05-15 08:53:10,159 - Selected exact matching journal: OB-AR 114200 (Code: AR1)
2025-05-15 08:53:10,457 - Successfully created new credit note: CN24090037 (ID: 29732)
2025-05-15 08:53:10,754 - Selected exact matching journal: OB-AR 114200 (Code: AR1)
2025-05-15 08:53:11,054 - Successfully created new credit note: CN24090040 (ID: 29733)
2025-05-15 08:53:11,335 - Selected exact matching journal: OB-AR 114200 (Code: AR1)
2025-05-15 08:53:11,628 - Successfully created new credit note: CN24090041 (ID: 29734)
2025-05-15 08:53:11,912 - Selected exact matching journal: OB-AR 114200 (Code: AR1)
2025-05-15 08:53:12,203 - Successfully created new credit note: CN24090042 (ID: 29735)
2025-05-15 08:53:12,481 - Selected exact matching journal: OB-AR 114200 (Code: AR1)
2025-05-15 08:53:12,778 - Successfully created new credit note: CN24090043 (ID: 29736)
2025-05-15 08:53:13,055 - Selected exact matching journal: OB-AR 114200 (Code: AR1)
2025-05-15 08:53:13,345 - Successfully created new credit note: CN24090044 (ID: 29737)
2025-05-15 08:53:13,634 - Selected exact matching journal: OB-AR 114200 (Code: AR1)
2025-05-15 08:53:13,915 - Successfully created new credit note: CN24090046 (ID: 29738)
2025-05-15 08:53:14,181 - Selected exact matching journal: OB-AR 114200 (Code: AR1)
2025-05-15 08:53:14,463 - Successfully created new credit note: CN24090047 (ID: 29739)
2025-05-15 08:53:14,732 - Selected exact matching journal: OB-AR 114200 (Code: AR1)
2025-05-15 08:53:15,015 - Successfully created new credit note: CN24090048 (ID: 29740)
2025-05-15 08:53:15,273 - Selected exact matching journal: OB-AR 114200 (Code: AR1)
2025-05-15 08:53:15,544 - Successfully created new credit note: CN24110059 (ID: 29741)
2025-05-15 08:53:15,820 - Selected exact matching journal: OB-AR 114200 (Code: AR1)
2025-05-15 08:53:16,091 - Successfully created new credit note: CN24110069 (ID: 29742)
2025-05-15 08:53:16,356 - Selected exact matching journal: OB-AR 114200 (Code: AR1)
2025-05-15 08:53:16,653 - Successfully created new credit note: CRP2400324 (ID: 29743)
2025-05-15 08:53:16,919 - Selected exact matching journal: OB-AR 114200 (Code: AR1)
2025-05-15 08:53:17,229 - Successfully created new credit note: CRP2400332 (ID: 29744)
2025-05-15 08:53:17,504 - Selected exact matching journal: OB-AR 114200 (Code: AR1)
2025-05-15 08:53:17,762 - Successfully created new credit note: CRP2400338 (ID: 29745)
2025-05-15 08:53:18,011 - Selected exact matching journal: OB-AR 114200 (Code: AR1)
2025-05-15 08:53:18,274 - Successfully created new credit note: CRP2400346 (ID: 29746)
2025-05-15 08:53:18,523 - Selected exact matching journal: OB-AR 114200 (Code: AR1)
2025-05-15 08:53:18,775 - Successfully created new credit note: CRP2400351 (ID: 29747)
2025-05-15 08:53:19,024 - Selected exact matching journal: OB-AR 114200 (Code: AR1)
2025-05-15 08:53:19,280 - Successfully created new credit note: CRP2400358 (ID: 29748)
2025-05-15 08:53:19,548 - Selected exact matching journal: OB-AR 114200 (Code: AR1)
2025-05-15 08:53:19,815 - Successfully created new credit note: CN24120002 (ID: 29749)
2025-05-15 08:53:20,071 - Selected exact matching journal: OB-AR 114200 (Code: AR1)
2025-05-15 08:53:20,342 - Successfully created new credit note: CN24120008 (ID: 29750)
2025-05-15 08:53:20,596 - Selected exact matching journal: OB-AR 114200 (Code: AR1)
2025-05-15 08:53:20,858 - Successfully created new credit note: CN24120017 (ID: 29751)
2025-05-15 08:53:21,110 - Selected exact matching journal: OB-AR 114200 (Code: AR1)
2025-05-15 08:53:21,397 - Successfully created new credit note: CN24120020 (ID: 29752)
2025-05-15 08:53:21,670 - Selected exact matching journal: OB-AR 114200 (Code: AR1)
2025-05-15 08:53:21,955 - Successfully created new credit note: CN24120021 (ID: 29753)
2025-05-15 08:53:22,212 - Selected exact matching journal: OB-AR 114200 (Code: AR1)
2025-05-15 08:53:22,484 - Successfully created new credit note: CN24120022 (ID: 29754)
2025-05-15 08:53:22,776 - Selected exact matching journal: OB-AR 114200 (Code: AR1)
2025-05-15 08:53:23,062 - Successfully created new credit note: CN24120023 (ID: 29755)
2025-05-15 08:53:23,345 - Selected exact matching journal: OB-AR 114200 (Code: AR1)
2025-05-15 08:53:23,647 - Successfully created new credit note: CN24120024 (ID: 29756)
2025-05-15 08:53:23,925 - Selected exact matching journal: OB-AR 114200 (Code: AR1)
2025-05-15 08:53:24,200 - Successfully created new credit note: CRP2400377 (ID: 29757)
2025-05-15 08:53:24,459 - Selected exact matching journal: OB-AR 114200 (Code: AR1)
2025-05-15 08:53:24,748 - Successfully created new credit note: CN25010001 (ID: 29758)
2025-05-15 08:53:25,031 - Selected exact matching journal: OB-AR 114200 (Code: AR1)
2025-05-15 08:53:25,308 - Successfully created new credit note: CN25010003 (ID: 29759)
2025-05-15 08:53:25,583 - Selected exact matching journal: OB-AR 114200 (Code: AR1)
2025-05-15 08:53:25,885 - Successfully created new credit note: CN25010011 (ID: 29760)
2025-05-15 08:53:26,175 - Selected exact matching journal: OB-AR 114200 (Code: AR1)
2025-05-15 08:53:26,485 - Successfully created new credit note: CN25010012 (ID: 29761)
2025-05-15 08:53:26,773 - Selected exact matching journal: OB-AR 114200 (Code: AR1)
2025-05-15 08:53:27,085 - Successfully created new credit note: CRP2500001 (ID: 29762)
2025-05-15 08:53:27,368 - Selected exact matching journal: OB-AR 114200 (Code: AR1)
2025-05-15 08:53:27,647 - Successfully created new credit note: CRP2500002 (ID: 29763)
2025-05-15 08:53:27,922 - Selected exact matching journal: OB-AR 114200 (Code: AR1)
2025-05-15 08:53:28,205 - Successfully created new credit note: CRP2500003 (ID: 29764)
2025-05-15 08:53:28,471 - Selected exact matching journal: OB-AR 114200 (Code: AR1)
2025-05-15 08:53:28,771 - Successfully created new credit note: CRP2500006 (ID: 29765)
2025-05-15 08:53:29,045 - Selected exact matching journal: OB-AR 114200 (Code: AR1)
2025-05-15 08:53:29,361 - Successfully created new credit note: CRP2500008 (ID: 29766)
2025-05-15 08:53:29,621 - Selected exact matching journal: OB-AR 114200 (Code: AR1)
2025-05-15 08:53:29,894 - Successfully created new credit note: CRP2500009 (ID: 29767)
2025-05-15 08:53:30,167 - Selected exact matching journal: OB-AR 114200 (Code: AR1)
2025-05-15 08:53:30,457 - Successfully created new credit note: CRP2500011 (ID: 29768)
2025-05-15 08:53:30,722 - Selected exact matching journal: OB-AR 114200 (Code: AR1)
2025-05-15 08:53:31,022 - Successfully created new credit note: CRP2500012 (ID: 29769)
2025-05-15 08:53:31,317 - Selected exact matching journal: OB-AR 114200 (Code: AR1)
2025-05-15 08:53:31,596 - Successfully created new credit note: CRP2500013 (ID: 29770)
2025-05-15 08:53:31,859 - Selected exact matching journal: OB-AR 114200 (Code: AR1)
2025-05-15 08:53:32,138 - Successfully created new credit note: CRP2500015 (ID: 29771)
2025-05-15 08:53:32,432 - Selected exact matching journal: OB-AR 114200 (Code: AR1)
2025-05-15 08:53:32,704 - Successfully created new credit note: CN25020003 (ID: 29772)
2025-05-15 08:53:32,963 - Selected exact matching journal: OB-AR 114200 (Code: AR1)
2025-05-15 08:53:33,231 - Successfully created new credit note: CN25020005 (ID: 29773)
2025-05-15 08:53:33,521 - Selected exact matching journal: OB-AR 114200 (Code: AR1)
2025-05-15 08:53:33,796 - Successfully created new credit note: CN25020006 (ID: 29774)
2025-05-15 08:53:34,041 - Selected exact matching journal: OB-AR 114200 (Code: AR1)
2025-05-15 08:53:34,305 - Successfully created new credit note: CN25020007 (ID: 29775)
2025-05-15 08:53:34,553 - Selected exact matching journal: OB-AR 114200 (Code: AR1)
2025-05-15 08:53:34,824 - Successfully created new credit note: CN25020008 (ID: 29776)
2025-05-15 08:53:35,098 - Selected exact matching journal: OB-AR 114200 (Code: AR1)
2025-05-15 08:53:35,402 - Successfully created new credit note: CN25020009 (ID: 29777)
2025-05-15 08:53:35,675 - Selected exact matching journal: OB-AR 114200 (Code: AR1)
2025-05-15 08:53:35,962 - Successfully created new credit note: CN25020013 (ID: 29778)
2025-05-15 08:53:36,239 - Selected exact matching journal: OB-AR 114200 (Code: AR1)
2025-05-15 08:53:36,528 - Successfully created new credit note: CN25020014 (ID: 29779)
2025-05-15 08:53:36,820 - Selected exact matching journal: OB-AR 114200 (Code: AR1)
2025-05-15 08:53:37,101 - Successfully created new credit note: CN25020015 (ID: 29780)
2025-05-15 08:53:37,373 - Selected exact matching journal: OB-AR 114200 (Code: AR1)
2025-05-15 08:53:37,644 - Successfully created new credit note: CN25020016 (ID: 29781)
2025-05-15 08:53:37,904 - Selected exact matching journal: OB-AR 114200 (Code: AR1)
2025-05-15 08:53:38,173 - Successfully created new credit note: CN25020017 (ID: 29782)
2025-05-15 08:53:38,422 - Selected exact matching journal: OB-AR 114200 (Code: AR1)
2025-05-15 08:53:38,704 - Successfully created new credit note: CN25020018 (ID: 29783)
2025-05-15 08:53:38,954 - Selected exact matching journal: OB-AR 114200 (Code: AR1)
2025-05-15 08:53:39,229 - Successfully created new credit note: CN25020025 (ID: 29784)
2025-05-15 08:53:39,501 - Selected exact matching journal: OB-AR 114200 (Code: AR1)
2025-05-15 08:53:39,782 - Successfully created new credit note: CN25020027 (ID: 29785)
2025-05-15 08:53:40,060 - Selected exact matching journal: OB-AR 114200 (Code: AR1)
2025-05-15 08:53:40,363 - Successfully created new credit note: CN25020028 (ID: 29786)
2025-05-15 08:53:40,640 - Selected exact matching journal: OB-AR 114200 (Code: AR1)
2025-05-15 08:53:40,933 - Successfully created new credit note: CN25020029 (ID: 29787)
2025-05-15 08:53:41,206 - Selected exact matching journal: OB-AR 114200 (Code: AR1)
2025-05-15 08:53:41,494 - Successfully created new credit note: CN25020030 (ID: 29788)
2025-05-15 08:53:41,760 - Selected exact matching journal: OB-AR 114200 (Code: AR1)
2025-05-15 08:53:42,034 - Successfully created new credit note: CN25020031 (ID: 29789)
2025-05-15 08:53:42,301 - Selected exact matching journal: OB-AR 114200 (Code: AR1)
2025-05-15 08:53:42,591 - Successfully created new credit note: CN25020033 (ID: 29790)
2025-05-15 08:53:42,870 - Selected exact matching journal: OB-AR 114200 (Code: AR1)
2025-05-15 08:53:43,184 - Successfully created new credit note: CN25020034 (ID: 29791)
2025-05-15 08:53:43,463 - Selected exact matching journal: OB-AR 114200 (Code: AR1)
2025-05-15 08:53:43,745 - Successfully created new credit note: CN25020035 (ID: 29792)
2025-05-15 08:53:44,003 - Selected exact matching journal: OB-AR 114200 (Code: AR1)
2025-05-15 08:53:44,273 - Successfully created new credit note: CN25020042 (ID: 29793)
2025-05-15 08:53:44,531 - Selected exact matching journal: OB-AR 114200 (Code: AR1)
2025-05-15 08:53:44,796 - Successfully created new credit note: CRP2500037 (ID: 29794)
2025-05-15 08:53:45,065 - Selected exact matching journal: OB-AR 114200 (Code: AR1)
2025-05-15 08:53:45,360 - Successfully created new credit note: CRP2500038 (ID: 29795)
2025-05-15 08:53:45,626 - Selected exact matching journal: OB-AR 114200 (Code: AR1)
2025-05-15 08:53:45,895 - Successfully created new credit note: CRP2500039 (ID: 29796)
2025-05-15 08:53:46,147 - Selected exact matching journal: OB-AR 114200 (Code: AR1)
2025-05-15 08:53:46,436 - Successfully created new credit note: CRP2500040 (ID: 29797)
2025-05-15 08:53:46,673 - Selected exact matching journal: OB-AR 114200 (Code: AR1)
2025-05-15 08:53:46,921 - Successfully created new credit note: CRP2500041 (ID: 29798)
2025-05-15 08:53:47,171 - Selected exact matching journal: OB-AR 114200 (Code: AR1)
2025-05-15 08:53:47,447 - Successfully created new credit note: CRP2500042 (ID: 29799)
2025-05-15 08:53:47,697 - Selected exact matching journal: OB-AR 114200 (Code: AR1)
2025-05-15 08:53:48,003 - Successfully created new credit note: CRP2500043 (ID: 29800)
2025-05-15 08:53:48,267 - Selected exact matching journal: OB-AR 114200 (Code: AR1)
2025-05-15 08:53:48,528 - Successfully created new credit note: CRP2500044 (ID: 29801)
2025-05-15 08:53:48,782 - Selected exact matching journal: OB-AR 114200 (Code: AR1)
2025-05-15 08:53:49,071 - Successfully created new credit note: CRP2500045 (ID: 29802)
2025-05-15 08:53:49,356 - Selected exact matching journal: OB-AR 114200 (Code: AR1)
2025-05-15 08:53:49,648 - Successfully created new credit note: CRP2500046 (ID: 29803)
2025-05-15 08:53:49,936 - Selected exact matching journal: OB-AR 114200 (Code: AR1)
2025-05-15 08:53:50,215 - Successfully created new credit note: CRP2500019 (ID: 29804)
2025-05-15 08:53:50,487 - Selected exact matching journal: OB-AR 114200 (Code: AR1)
2025-05-15 08:53:50,765 - Successfully created new credit note: CRP2500020 (ID: 29805)
2025-05-15 08:53:51,035 - Selected exact matching journal: OB-AR 114200 (Code: AR1)
2025-05-15 08:53:51,304 - Successfully created new credit note: CRP2500021 (ID: 29806)
2025-05-15 08:53:51,564 - Selected exact matching journal: OB-AR 114200 (Code: AR1)
2025-05-15 08:53:51,848 - Successfully created new credit note: CRP2500022 (ID: 29807)
2025-05-15 08:53:52,111 - Selected exact matching journal: OB-AR 114200 (Code: AR1)
2025-05-15 08:53:52,384 - Successfully created new credit note: CRP2500023 (ID: 29808)
2025-05-15 08:53:52,639 - Selected exact matching journal: OB-AR 114200 (Code: AR1)
2025-05-15 08:53:52,895 - Successfully created new credit note: CRP2500024 (ID: 29809)
2025-05-15 08:53:53,164 - Selected exact matching journal: OB-AR 114200 (Code: AR1)
2025-05-15 08:53:53,457 - Successfully created new credit note: CRP2500025 (ID: 29810)
2025-05-15 08:53:53,726 - Selected exact matching journal: OB-AR 114200 (Code: AR1)
2025-05-15 08:53:54,001 - Successfully created new credit note: CRP2500026 (ID: 29811)
2025-05-15 08:53:54,260 - Selected exact matching journal: OB-AR 114200 (Code: AR1)
2025-05-15 08:53:54,533 - Successfully created new credit note: CRP2500027 (ID: 29812)
2025-05-15 08:53:54,793 - Selected exact matching journal: OB-AR 114200 (Code: AR1)
2025-05-15 08:53:55,062 - Successfully created new credit note: CRP2500028 (ID: 29813)
2025-05-15 08:53:55,351 - Selected exact matching journal: OB-AR 114200 (Code: AR1)
2025-05-15 08:53:55,627 - Successfully created new credit note: CRP2500029 (ID: 29814)
2025-05-15 08:53:55,888 - Selected exact matching journal: OB-AR 114200 (Code: AR1)
2025-05-15 08:53:56,169 - Successfully created new credit note: CRP2500030 (ID: 29815)
2025-05-15 08:53:56,435 - Selected exact matching journal: OB-AR 114200 (Code: AR1)
2025-05-15 08:53:56,706 - Successfully created new credit note: CRP2500031 (ID: 29816)
2025-05-15 08:53:56,962 - Selected exact matching journal: OB-AR 114200 (Code: AR1)
2025-05-15 08:53:57,233 - Successfully created new credit note: CRP2500032 (ID: 29817)
2025-05-15 08:53:57,493 - Selected exact matching journal: OB-AR 114200 (Code: AR1)
2025-05-15 08:53:57,753 - Successfully created new credit note: CRP2500033 (ID: 29818)
2025-05-15 08:53:58,010 - Selected exact matching journal: OB-AR 114200 (Code: AR1)
2025-05-15 08:53:58,270 - Successfully created new credit note: CRP2500034 (ID: 29819)
2025-05-15 08:53:58,532 - Selected exact matching journal: OB-AR 114200 (Code: AR1)
2025-05-15 08:53:58,818 - Successfully created new credit note: CRP2500035 (ID: 29820)
2025-05-15 08:53:59,083 - Selected exact matching journal: OB-AR 114200 (Code: AR1)
2025-05-15 08:53:59,390 - Successfully created new credit note: CRP2500036 (ID: 29821)
2025-05-15 08:53:59,678 - Selected exact matching journal: OB-AR 114200 (Code: AR1)
2025-05-15 08:53:59,972 - Successfully created new credit note: CNP0000152 (ID: 29822)
2025-05-15 08:54:00,856 - Starting import process for 320 records
2025-05-15 08:54:01,016 - 
Import process completed:
Total records processed: 320
Successful imports: 0
Failed imports: 320
Success rate: 0.00%

