2025-11-21 22:31:34,131 - INFO - Successfully connected to Odoo as apichart@mogen.co.th
2025-11-21 22:31:34,131 - INFO - 
================================================================================
2025-11-21 22:31:34,131 - INFO - Starting import from: Import_PO/Template_PO_new1.xlsx
2025-11-21 22:31:34,131 - INFO - Dry-run mode: True
2025-11-21 22:31:34,132 - INFO - ================================================================================
2025-11-21 22:31:34,303 - INFO - ✓ Excel file loaded: 8 total rows
2025-11-21 22:31:34,303 - INFO - ✓ All required columns found
2025-11-21 22:31:34,303 - INFO - ✓ Found 5 purchase orders to process
2025-11-21 22:31:34,304 - INFO - --------------------------------------------------------------------------------
2025-11-21 22:31:34,304 - INFO - [1/5] Processing PO: BPD-6700364 (2 lines)
2025-11-21 22:31:35,001 - INFO - Using picking_type_id: คลังสินค้าสำเร็จรูป 2: Receipts (ID: 61)
2025-11-21 22:31:35,891 - INFO - DRY RUN: Would update PO BPD-6700364 with 2 lines
2025-11-21 22:31:35,891 - INFO -   ✓ DRY RUN: Would update PO BPD-6700364
2025-11-21 22:31:35,891 - INFO - [2/5] Processing PO: BPD-6800308 (1 lines)
2025-11-21 22:31:36,541 - INFO - Using picking_type_id: คลังวัตถุดิบ 2: Receipts (ID: 131)
2025-11-21 22:31:36,978 - INFO - DRY RUN: Would update PO BPD-6800308 with 1 lines
2025-11-21 22:31:36,979 - INFO -   ✓ DRY RUN: Would update PO BPD-6800308
2025-11-21 22:31:36,979 - INFO - [3/5] Processing PO: BPD-6800383 (1 lines)
2025-11-21 22:31:37,691 - INFO - Using picking_type_id: คลังวัตถุดิบ 2: Receipts (ID: 131)
2025-11-21 22:31:38,102 - INFO - DRY RUN: Would update PO BPD-6800383 with 1 lines
2025-11-21 22:31:38,102 - INFO -   ✓ DRY RUN: Would update PO BPD-6800383
2025-11-21 22:31:38,102 - INFO - [4/5] Processing PO: BPD-6800603 (3 lines)
2025-11-21 22:31:38,720 - INFO - Using picking_type_id: คลังวัตถุดิบ 2: Receipts (ID: 131)
2025-11-21 22:31:40,485 - INFO - DRY RUN: Would update PO BPD-6800603 with 3 lines
2025-11-21 22:31:40,485 - INFO -   ✓ DRY RUN: Would update PO BPD-6800603
2025-11-21 22:31:40,486 - INFO - [5/5] Processing PO: BPD-6800833 (1 lines)
2025-11-21 22:31:41,096 - INFO - Using picking_type_id: คลังวัตถุดิบ 2: Receipts (ID: 131)
2025-11-21 22:31:41,555 - INFO - DRY RUN: Would update PO BPD-6800833 with 1 lines
2025-11-21 22:31:41,555 - INFO -   ✓ DRY RUN: Would update PO BPD-6800833
2025-11-21 22:31:41,555 - INFO - --------------------------------------------------------------------------------
2025-11-21 22:31:41,556 - INFO - 
================================================================================
2025-11-21 22:31:41,556 - INFO - IMPORT SUMMARY
2025-11-21 22:31:41,556 - INFO - ================================================================================
2025-11-21 22:31:41,556 - INFO - Total POs processed: 5
2025-11-21 22:31:41,556 - INFO - ✓ Successful:        5
2025-11-21 22:31:41,556 - INFO - ✗ Failed:            0
2025-11-21 22:31:41,556 - INFO - Success rate:        100.0%
2025-11-21 22:31:41,556 - INFO - ================================================================================

