2025-12-01 15:25:26,751 - INFO - Successfully connected to Odoo as apichart@mogen.co.th
2025-12-01 15:25:26,751 - INFO - 
================================================================================
2025-12-01 15:25:26,751 - INFO - Starting import from: Import_PO/Template_PO_new.xlsx
2025-12-01 15:25:26,752 - INFO - Dry-run mode: False
2025-12-01 15:25:26,752 - INFO - ================================================================================
2025-12-01 15:25:27,177 - INFO - OK Excel file loaded: 468 total rows
2025-12-01 15:25:27,178 - INFO - OK All required columns found
2025-12-01 15:25:27,197 - INFO - OK Found 468 purchase orders to process
2025-12-01 15:25:27,197 - INFO - --------------------------------------------------------------------------------
2025-12-01 15:25:27,198 - INFO - [1/468] Processing PO: BOEP6708018 (1 lines)
2025-12-01 15:25:27,487 - ERROR -   ERROR Partner not found for old_code_partner: nan, partner_code: I001
2025-12-01 15:25:27,496 - INFO - [2/468] Processing PO: BOEP6708022 (1 lines)
2025-12-01 15:25:27,764 - ERROR -   ERROR Partner not found for old_code_partner: nan, partner_code: I001
2025-12-01 15:25:27,769 - INFO - [3/468] Processing PO: BOEP6709022 (1 lines)
2025-12-01 15:25:28,026 - ERROR -   ERROR Partner not found for old_code_partner: nan, partner_code: I001
2025-12-01 15:25:28,027 - INFO - [4/468] Processing PO: BOEP6710014 (1 lines)
2025-12-01 15:25:28,224 - ERROR -   ERROR Partner not found for old_code_partner: nan, partner_code: I001
2025-12-01 15:25:28,229 - INFO - [5/468] Processing PO: BOEP6711019 (1 lines)
2025-12-01 15:25:28,464 - ERROR -   ERROR Partner not found for old_code_partner: nan, partner_code: I001
2025-12-01 15:25:28,466 - INFO - [6/468] Processing PO: BOEP6712021 (1 lines)
2025-12-01 15:25:28,833 - ERROR -   ERROR Partner not found for old_code_partner: nan, partner_code: I001
2025-12-01 15:25:28,839 - INFO - [7/468] Processing PO: BOEP6712024 (1 lines)
2025-12-01 15:25:29,501 - ERROR -   ERROR Partner not found for old_code_partner: nan, partner_code: I001
2025-12-01 15:25:29,507 - INFO - [8/468] Processing PO: BOEP6801017 (1 lines)
2025-12-01 15:25:30,368 - INFO - Using picking_type_id: คลังสินค้าสำเร็จรูป 1: Receipts (ID: 1)
2025-12-01 15:25:30,654 - ERROR -   ERROR Product not found for old_product_code: nan, default_code: OB-001
2025-12-01 15:25:30,655 - INFO - [9/468] Processing PO: BOEP6805001 (1 lines)
2025-12-01 15:25:32,259 - INFO - Using picking_type_id: คลังสินค้าสำเร็จรูป 1: Receipts (ID: 1)
2025-12-01 15:25:32,509 - ERROR -   ERROR Product not found for old_product_code: nan, default_code: OB-001
2025-12-01 15:25:32,511 - INFO - [10/468] Processing PO: BOEP6805002 (1 lines)
2025-12-01 15:25:33,321 - INFO - Using picking_type_id: คลังสินค้าสำเร็จรูป 1: Receipts (ID: 1)
2025-12-01 15:25:33,546 - ERROR -   ERROR Product not found for old_product_code: nan, default_code: OB-001
2025-12-01 15:25:33,549 - INFO - [11/468] Processing PO: BOEP6805003 (1 lines)
2025-12-01 15:25:34,503 - INFO - Using picking_type_id: คลังสินค้าสำเร็จรูป 1: Receipts (ID: 1)
2025-12-01 15:25:34,751 - ERROR -   ERROR Product not found for old_product_code: nan, default_code: OB-001
2025-12-01 15:25:34,754 - INFO - [12/468] Processing PO: BOEP6805004 (1 lines)
2025-12-01 15:25:35,787 - INFO - Using picking_type_id: คลังสินค้าสำเร็จรูป 1: Receipts (ID: 1)
2025-12-01 15:25:35,977 - ERROR -   ERROR Product not found for old_product_code: nan, default_code: OB-001
2025-12-01 15:25:35,980 - INFO - [13/468] Processing PO: BOEP6805005 (1 lines)
2025-12-01 15:25:37,534 - INFO - Using picking_type_id: คลังสินค้าสำเร็จรูป 1: Receipts (ID: 1)
2025-12-01 15:25:38,068 - ERROR -   ERROR Product not found for old_product_code: nan, default_code: OB-001
2025-12-01 15:25:38,072 - INFO - [14/468] Processing PO: BOEP6805006 (1 lines)
2025-12-01 15:25:39,550 - INFO - Using picking_type_id: คลังสินค้าสำเร็จรูป 1: Receipts (ID: 1)
2025-12-01 15:25:39,827 - ERROR -   ERROR Product not found for old_product_code: nan, default_code: OB-001
2025-12-01 15:25:39,830 - INFO - [15/468] Processing PO: BOEP6805007 (1 lines)
2025-12-01 15:25:40,603 - INFO - Using picking_type_id: คลังสินค้าสำเร็จรูป 1: Receipts (ID: 1)
2025-12-01 15:25:40,906 - ERROR -   ERROR Product not found for old_product_code: nan, default_code: OB-001
2025-12-01 15:25:40,909 - INFO - [16/468] Processing PO: BOEP6805008 (1 lines)
2025-12-01 15:25:41,940 - INFO - Using picking_type_id: คลังสินค้าสำเร็จรูป 1: Receipts (ID: 1)
2025-12-01 15:25:42,186 - ERROR -   ERROR Product not found for old_product_code: nan, default_code: OB-001
2025-12-01 15:25:42,192 - INFO - [17/468] Processing PO: BOEP6805009 (1 lines)
2025-12-01 15:25:43,106 - INFO - Using picking_type_id: คลังสินค้าสำเร็จรูป 1: Receipts (ID: 1)
2025-12-01 15:25:43,346 - ERROR -   ERROR Product not found for old_product_code: nan, default_code: OB-001
2025-12-01 15:25:43,347 - INFO - [18/468] Processing PO: BOEP6805010 (1 lines)
2025-12-01 15:25:44,179 - INFO - Using picking_type_id: คลังสินค้าสำเร็จรูป 1: Receipts (ID: 1)
2025-12-01 15:25:44,432 - ERROR -   ERROR Product not found for old_product_code: nan, default_code: OB-001
2025-12-01 15:25:44,437 - INFO - [19/468] Processing PO: BOEP6805011 (1 lines)
2025-12-01 15:25:45,319 - INFO - Using picking_type_id: คลังสินค้าสำเร็จรูป 1: Receipts (ID: 1)
2025-12-01 15:25:45,736 - ERROR -   ERROR Product not found for old_product_code: nan, default_code: OB-001
2025-12-01 15:25:45,738 - INFO - [20/468] Processing PO: BOEP6805012 (1 lines)
2025-12-01 15:25:46,805 - INFO - Using picking_type_id: คลังสินค้าสำเร็จรูป 1: Receipts (ID: 1)
2025-12-01 15:25:47,083 - ERROR -   ERROR Product not found for old_product_code: nan, default_code: OB-001
2025-12-01 15:25:47,089 - INFO - [21/468] Processing PO: BOEP6805014 (1 lines)
2025-12-01 15:25:48,045 - INFO - Using picking_type_id: คลังสินค้าสำเร็จรูป 1: Receipts (ID: 1)
2025-12-01 15:25:48,389 - ERROR -   ERROR Product not found for old_product_code: nan, default_code: OB-001
2025-12-01 15:25:48,395 - INFO - [22/468] Processing PO: BOEP6805015 (1 lines)
2025-12-01 15:25:49,184 - INFO - Using picking_type_id: คลังสินค้าสำเร็จรูป 1: Receipts (ID: 1)
2025-12-01 15:25:49,440 - ERROR -   ERROR Product not found for old_product_code: nan, default_code: OB-001
2025-12-01 15:25:49,442 - INFO - [23/468] Processing PO: BOEP6805016 (1 lines)
2025-12-01 15:25:50,375 - INFO - Using picking_type_id: คลังสินค้าสำเร็จรูป 1: Receipts (ID: 1)
2025-12-01 15:25:50,646 - ERROR -   ERROR Product not found for old_product_code: nan, default_code: OB-001
2025-12-01 15:25:50,647 - INFO - [24/468] Processing PO: BOEP6810002 (1 lines)
2025-12-01 15:25:51,046 - ERROR -   ERROR Partner not found for old_code_partner: nan, partner_code: VEN6600047
2025-12-01 15:25:51,048 - INFO - [25/468] Processing PO: CR18030032 (1 lines)
2025-12-01 15:25:51,316 - ERROR -   ERROR Partner not found for old_code_partner: nan, partner_code: CSC002
2025-12-01 15:25:51,318 - INFO - [26/468] Processing PO: CR18060039 (1 lines)
2025-12-01 15:25:51,643 - ERROR -   ERROR Partner not found for old_code_partner: nan, partner_code: CSC002
2025-12-01 15:25:51,645 - INFO - [27/468] Processing PO: CR18090037 (1 lines)
2025-12-01 15:25:51,947 - ERROR -   ERROR Partner not found for old_code_partner: nan, partner_code: CSC002
2025-12-01 15:25:51,948 - INFO - [28/468] Processing PO: CR22020024 (1 lines)
2025-12-01 15:25:52,315 - ERROR -   ERROR Partner not found for old_code_partner: nan, partner_code: DOHUD01
2025-12-01 15:25:52,316 - INFO - [29/468] Processing PO: CR22020025 (1 lines)
2025-12-01 15:25:52,562 - ERROR -   ERROR Partner not found for old_code_partner: nan, partner_code: DOHUD01
2025-12-01 15:25:52,564 - INFO - [30/468] Processing PO: CR22020026 (1 lines)
2025-12-01 15:25:52,978 - ERROR -   ERROR Partner not found for old_code_partner: nan, partner_code: DOHUD01
2025-12-01 15:25:52,979 - INFO - [31/468] Processing PO: CR22020027 (1 lines)
2025-12-01 15:25:53,207 - ERROR -   ERROR Partner not found for old_code_partner: nan, partner_code: DOHUD01
2025-12-01 15:25:53,212 - INFO - [32/468] Processing PO: CR22030035 (1 lines)
2025-12-01 15:25:53,609 - ERROR -   ERROR Partner not found for old_code_partner: nan, partner_code: DOHUD01
2025-12-01 15:25:53,611 - INFO - [33/468] Processing PO: CR22030036 (1 lines)
2025-12-01 15:25:53,842 - ERROR -   ERROR Partner not found for old_code_partner: nan, partner_code: DOHUD01
2025-12-01 15:25:53,847 - INFO - [34/468] Processing PO: CR22040028 (1 lines)
2025-12-01 15:25:54,088 - ERROR -   ERROR Partner not found for old_code_partner: nan, partner_code: DOHUD01
2025-12-01 15:25:54,095 - INFO - [35/468] Processing PO: CR22040029 (1 lines)
2025-12-01 15:25:54,348 - ERROR -   ERROR Partner not found for old_code_partner: nan, partner_code: DOHUD01
2025-12-01 15:25:54,350 - INFO - [36/468] Processing PO: CR22050027 (1 lines)
2025-12-01 15:25:54,582 - ERROR -   ERROR Partner not found for old_code_partner: nan, partner_code: DOHUD01
2025-12-01 15:25:54,584 - INFO - [37/468] Processing PO: CR22060036 (1 lines)
2025-12-01 15:25:54,791 - ERROR -   ERROR Partner not found for old_code_partner: nan, partner_code: DOHUD01
2025-12-01 15:25:54,792 - INFO - [38/468] Processing PO: CR22070032 (1 lines)
2025-12-01 15:25:55,027 - ERROR -   ERROR Partner not found for old_code_partner: nan, partner_code: DOHUD01
2025-12-01 15:25:55,029 - INFO - [39/468] Processing PO: CR22080026 (1 lines)
2025-12-01 15:25:55,443 - ERROR -   ERROR Partner not found for old_code_partner: nan, partner_code: DOHUD01
2025-12-01 15:25:55,449 - INFO - [40/468] Processing PO: CR22090030 (1 lines)
2025-12-01 15:25:55,664 - ERROR -   ERROR Partner not found for old_code_partner: nan, partner_code: DOHUD01
2025-12-01 15:25:55,666 - INFO - [41/468] Processing PO: CR22090031 (1 lines)
2025-12-01 15:25:55,900 - ERROR -   ERROR Partner not found for old_code_partner: nan, partner_code: DOHUD01
2025-12-01 15:25:55,905 - INFO - [42/468] Processing PO: CR22100024 (1 lines)
2025-12-01 15:25:56,292 - ERROR -   ERROR Partner not found for old_code_partner: nan, partner_code: DOHUD01
2025-12-01 15:25:56,295 - INFO - [43/468] Processing PO: CR22110028 (1 lines)
2025-12-01 15:25:56,544 - ERROR -   ERROR Partner not found for old_code_partner: nan, partner_code: DOHUD01
2025-12-01 15:25:56,547 - INFO - [44/468] Processing PO: CR23040027 (1 lines)
2025-12-01 15:25:56,776 - ERROR -   ERROR Partner not found for old_code_partner: nan, partner_code: BOO 035
2025-12-01 15:25:56,779 - INFO - [45/468] Processing PO: CR23040031 (1 lines)
2025-12-01 15:25:57,093 - ERROR -   ERROR Partner not found for old_code_partner: nan, partner_code: BOO 035
2025-12-01 15:25:57,098 - INFO - [46/468] Processing PO: CR23090039 (1 lines)
2025-12-01 15:25:57,464 - ERROR -   ERROR Partner not found for old_code_partner: nan, partner_code: BOO 035
2025-12-01 15:25:57,471 - INFO - [47/468] Processing PO: CR23110025 (1 lines)
2025-12-01 15:25:57,683 - ERROR -   ERROR Partner not found for old_code_partner: nan, partner_code: DOHUD01
2025-12-01 15:25:57,685 - INFO - [48/468] Processing PO: CR23120031 (1 lines)
2025-12-01 15:25:57,956 - ERROR -   ERROR Partner not found for old_code_partner: nan, partner_code: DOHUD01
2025-12-01 15:25:57,958 - INFO - [49/468] Processing PO: CR23120049 (1 lines)
2025-12-01 15:25:58,148 - ERROR -   ERROR Partner not found for old_code_partner: nan, partner_code: BOO 035
2025-12-01 15:25:58,154 - INFO - [50/468] Processing PO: CR23120050 (1 lines)
2025-12-01 15:25:58,343 - ERROR -   ERROR Partner not found for old_code_partner: nan, partner_code: BOO 035
2025-12-01 15:25:58,345 - INFO - [51/468] Processing PO: CR24010028 (1 lines)
2025-12-01 15:25:58,602 - ERROR -   ERROR Partner not found for old_code_partner: nan, partner_code: BOO 035
2025-12-01 15:25:58,606 - INFO - [52/468] Processing PO: CR24060025 (1 lines)
2025-12-01 15:25:58,804 - ERROR -   ERROR Partner not found for old_code_partner: nan, partner_code: BOO 035
2025-12-01 15:25:58,806 - INFO - [53/468] Processing PO: CR24060026 (1 lines)
2025-12-01 15:25:59,015 - ERROR -   ERROR Partner not found for old_code_partner: nan, partner_code: BOO 035
2025-12-01 15:25:59,020 - INFO - [54/468] Processing PO: CR24070016 (1 lines)
2025-12-01 15:25:59,285 - ERROR -   ERROR Partner not found for old_code_partner: nan, partner_code: BOO 035
2025-12-01 15:25:59,287 - INFO - [55/468] Processing PO: CR24070017 (1 lines)
2025-12-01 15:25:59,683 - ERROR -   ERROR Partner not found for old_code_partner: nan, partner_code: BOO 035
2025-12-01 15:25:59,688 - INFO - [56/468] Processing PO: CR24070054 (1 lines)
2025-12-01 15:25:59,977 - ERROR -   ERROR Partner not found for old_code_partner: nan, partner_code: DOHUD01
2025-12-01 15:25:59,978 - INFO - [57/468] Processing PO: CR24070061 (1 lines)
2025-12-01 15:26:00,245 - ERROR -   ERROR Partner not found for old_code_partner: nan, partner_code: BOO 035
2025-12-01 15:26:00,249 - INFO - [58/468] Processing PO: CR24070062 (1 lines)
2025-12-01 15:26:00,458 - ERROR -   ERROR Partner not found for old_code_partner: nan, partner_code: BOO 035
2025-12-01 15:26:00,460 - INFO - [59/468] Processing PO: CR24070079 (1 lines)
2025-12-01 15:26:00,716 - ERROR -   ERROR Partner not found for old_code_partner: nan, partner_code: BOO 035
2025-12-01 15:26:00,718 - INFO - [60/468] Processing PO: CR24070080 (1 lines)
2025-12-01 15:26:01,048 - ERROR -   ERROR Partner not found for old_code_partner: nan, partner_code: BOO 035
2025-12-01 15:26:01,056 - INFO - [61/468] Processing PO: CR24080023 (1 lines)
2025-12-01 15:26:01,482 - ERROR -   ERROR Partner not found for old_code_partner: nan, partner_code: BOO 035
2025-12-01 15:26:01,483 - INFO - [62/468] Processing PO: CR24080025 (1 lines)
2025-12-01 15:26:01,695 - ERROR -   ERROR Partner not found for old_code_partner: nan, partner_code: BOO 035
2025-12-01 15:26:01,700 - INFO - [63/468] Processing PO: CR24080026 (1 lines)
2025-12-01 15:26:02,003 - ERROR -   ERROR Partner not found for old_code_partner: nan, partner_code: BOO 035
2025-12-01 15:26:02,004 - INFO - [64/468] Processing PO: CR24080071 (1 lines)
2025-12-01 15:26:02,216 - ERROR -   ERROR Partner not found for old_code_partner: nan, partner_code: BOO 035
2025-12-01 15:26:02,221 - INFO - [65/468] Processing PO: CR24090001 (1 lines)
2025-12-01 15:26:02,507 - ERROR -   ERROR Partner not found for old_code_partner: nan, partner_code: BOO 035
2025-12-01 15:26:02,513 - INFO - [66/468] Processing PO: CR24090027 (1 lines)
2025-12-01 15:26:02,800 - ERROR -   ERROR Partner not found for old_code_partner: nan, partner_code: BOO 035
2025-12-01 15:26:02,806 - INFO - [67/468] Processing PO: CR24090028 (1 lines)
2025-12-01 15:26:03,056 - ERROR -   ERROR Partner not found for old_code_partner: nan, partner_code: BOO 035
2025-12-01 15:26:03,060 - INFO - [68/468] Processing PO: CR24090029 (1 lines)
2025-12-01 15:26:03,407 - ERROR -   ERROR Partner not found for old_code_partner: nan, partner_code: BOO 035
2025-12-01 15:26:03,412 - INFO - [69/468] Processing PO: CR24090030 (1 lines)
2025-12-01 15:26:03,615 - ERROR -   ERROR Partner not found for old_code_partner: nan, partner_code: BOO 035
2025-12-01 15:26:03,618 - INFO - [70/468] Processing PO: CR24090031 (1 lines)
2025-12-01 15:26:03,879 - ERROR -   ERROR Partner not found for old_code_partner: nan, partner_code: BOO 035
2025-12-01 15:26:03,880 - INFO - [71/468] Processing PO: CR24090032 (1 lines)
2025-12-01 15:26:04,131 - ERROR -   ERROR Partner not found for old_code_partner: nan, partner_code: BOO 035
2025-12-01 15:26:04,137 - INFO - [72/468] Processing PO: CR24090033 (1 lines)
2025-12-01 15:26:04,358 - ERROR -   ERROR Partner not found for old_code_partner: nan, partner_code: BOO 035
2025-12-01 15:26:04,364 - INFO - [73/468] Processing PO: CR24090034 (1 lines)
2025-12-01 15:26:04,656 - ERROR -   ERROR Partner not found for old_code_partner: nan, partner_code: BOO 035
2025-12-01 15:26:04,658 - INFO - [74/468] Processing PO: CR24090035 (1 lines)
2025-12-01 15:26:04,892 - ERROR -   ERROR Partner not found for old_code_partner: nan, partner_code: BOO 035
2025-12-01 15:26:04,894 - INFO - [75/468] Processing PO: CR24090048 (1 lines)
2025-12-01 15:26:05,138 - ERROR -   ERROR Partner not found for old_code_partner: nan, partner_code: BOON009
2025-12-01 15:26:05,142 - INFO - [76/468] Processing PO: CR24090051 (1 lines)
2025-12-01 15:26:05,363 - ERROR -   ERROR Partner not found for old_code_partner: nan, partner_code: YJR001
2025-12-01 15:26:05,364 - INFO - [77/468] Processing PO: CR24090053 (1 lines)
2025-12-01 15:26:05,752 - ERROR -   ERROR Partner not found for old_code_partner: nan, partner_code: BOO 035
2025-12-01 15:26:05,760 - INFO - [78/468] Processing PO: CR24100029 (1 lines)
2025-12-01 15:26:06,008 - ERROR -   ERROR Partner not found for old_code_partner: nan, partner_code: BOO 035
2025-12-01 15:26:06,011 - INFO - [79/468] Processing PO: CR24100033 (1 lines)
2025-12-01 15:26:06,253 - ERROR -   ERROR Partner not found for old_code_partner: nan, partner_code: BOO 035
2025-12-01 15:26:06,255 - INFO - [80/468] Processing PO: CR24100034 (1 lines)
2025-12-01 15:26:06,513 - ERROR -   ERROR Partner not found for old_code_partner: nan, partner_code: BOO 035
2025-12-01 15:26:06,521 - INFO - [81/468] Processing PO: CR24100035 (1 lines)
2025-12-01 15:26:06,777 - ERROR -   ERROR Partner not found for old_code_partner: nan, partner_code: BOO 035
2025-12-01 15:26:06,781 - INFO - [82/468] Processing PO: CR24110021 (1 lines)
2025-12-01 15:26:07,011 - ERROR -   ERROR Partner not found for old_code_partner: nan, partner_code: BOO 035
2025-12-01 15:26:07,017 - INFO - [83/468] Processing PO: CR24110022 (1 lines)
2025-12-01 15:26:07,309 - ERROR -   ERROR Partner not found for old_code_partner: nan, partner_code: BOO 035
2025-12-01 15:26:07,315 - INFO - [84/468] Processing PO: CR24110026 (1 lines)
2025-12-01 15:26:07,556 - ERROR -   ERROR Partner not found for old_code_partner: nan, partner_code: BOO 035
2025-12-01 15:26:07,558 - INFO - [85/468] Processing PO: CR24120030 (1 lines)
2025-12-01 15:26:07,834 - ERROR -   ERROR Partner not found for old_code_partner: nan, partner_code: BOO 035
2025-12-01 15:26:07,836 - INFO - [86/468] Processing PO: CR24120032 (1 lines)
2025-12-01 15:26:08,042 - ERROR -   ERROR Partner not found for old_code_partner: nan, partner_code: BOO 035
2025-12-01 15:26:08,047 - INFO - [87/468] Processing PO: CR24120037 (1 lines)
2025-12-01 15:26:08,280 - ERROR -   ERROR Partner not found for old_code_partner: nan, partner_code: BOO 035
2025-12-01 15:26:08,282 - INFO - [88/468] Processing PO: CR24120040 (1 lines)
2025-12-01 15:26:08,494 - ERROR -   ERROR Partner not found for old_code_partner: nan, partner_code: DOHUD01
2025-12-01 15:26:08,495 - INFO - [89/468] Processing PO: CR24120046 (1 lines)
2025-12-01 15:26:08,755 - ERROR -   ERROR Partner not found for old_code_partner: nan, partner_code: BOO 035
2025-12-01 15:26:08,757 - INFO - [90/468] Processing PO: CR25030025 (1 lines)
2025-12-01 15:26:08,961 - ERROR -   ERROR Partner not found for old_code_partner: nan, partner_code: BOO 035
2025-12-01 15:26:08,967 - INFO - [91/468] Processing PO: CR25030026 (1 lines)
2025-12-01 15:26:09,172 - ERROR -   ERROR Partner not found for old_code_partner: nan, partner_code: BOO 035
2025-12-01 15:26:09,175 - INFO - [92/468] Processing PO: CR25030027 (1 lines)
2025-12-01 15:26:09,421 - ERROR -   ERROR Partner not found for old_code_partner: nan, partner_code: BOO 035
2025-12-01 15:26:09,427 - INFO - [93/468] Processing PO: CR25030028 (1 lines)
2025-12-01 15:26:09,645 - ERROR -   ERROR Partner not found for old_code_partner: nan, partner_code: BOO 035
2025-12-01 15:26:09,650 - INFO - [94/468] Processing PO: CR25030029 (1 lines)
2025-12-01 15:26:09,887 - ERROR -   ERROR Partner not found for old_code_partner: nan, partner_code: BOO 035
2025-12-01 15:26:09,890 - INFO - [95/468] Processing PO: CR25030032 (1 lines)
2025-12-01 15:26:10,132 - ERROR -   ERROR Partner not found for old_code_partner: nan, partner_code: BOO 035
2025-12-01 15:26:10,135 - INFO - [96/468] Processing PO: CR25030033 (1 lines)
2025-12-01 15:26:10,324 - ERROR -   ERROR Partner not found for old_code_partner: nan, partner_code: BOO 035
2025-12-01 15:26:10,326 - INFO - [97/468] Processing PO: CR25030034 (1 lines)
2025-12-01 15:26:10,580 - ERROR -   ERROR Partner not found for old_code_partner: nan, partner_code: BOO 035
2025-12-01 15:26:10,581 - INFO - [98/468] Processing PO: CR25050012 (1 lines)
2025-12-01 15:26:10,782 - ERROR -   ERROR Partner not found for old_code_partner: nan, partner_code: BOO 035
2025-12-01 15:26:10,784 - INFO - [99/468] Processing PO: CR25050013 (1 lines)
2025-12-01 15:26:10,981 - ERROR -   ERROR Partner not found for old_code_partner: nan, partner_code: BOO 035
2025-12-01 15:26:10,987 - INFO - [100/468] Processing PO: CR25060011 (1 lines)
2025-12-01 15:26:11,221 - ERROR -   ERROR Partner not found for old_code_partner: nan, partner_code: BOO 035
2025-12-01 15:26:11,227 - INFO - [101/468] Processing PO: CR25060012 (1 lines)
2025-12-01 15:26:11,423 - ERROR -   ERROR Partner not found for old_code_partner: nan, partner_code: BOO 035
2025-12-01 15:26:11,428 - INFO - [102/468] Processing PO: CR25060013 (1 lines)
2025-12-01 15:26:11,669 - ERROR -   ERROR Partner not found for old_code_partner: nan, partner_code: BOO 035
2025-12-01 15:26:11,674 - INFO - [103/468] Processing PO: CR25060014 (1 lines)
2025-12-01 15:26:12,162 - ERROR -   ERROR Partner not found for old_code_partner: nan, partner_code: BOO 035
2025-12-01 15:26:12,168 - INFO - [104/468] Processing PO: CR25060015 (1 lines)
2025-12-01 15:26:12,379 - ERROR -   ERROR Partner not found for old_code_partner: nan, partner_code: BOO 035
2025-12-01 15:26:12,381 - INFO - [105/468] Processing PO: CR25060016 (1 lines)
2025-12-01 15:26:12,573 - ERROR -   ERROR Partner not found for old_code_partner: nan, partner_code: BOO 035
2025-12-01 15:26:12,579 - INFO - [106/468] Processing PO: CR25060017 (1 lines)
2025-12-01 15:26:12,805 - ERROR -   ERROR Partner not found for old_code_partner: nan, partner_code: BOO 035
2025-12-01 15:26:12,809 - INFO - [107/468] Processing PO: CR25060018 (1 lines)
2025-12-01 15:26:13,040 - ERROR -   ERROR Partner not found for old_code_partner: nan, partner_code: BOO 035
2025-12-01 15:26:13,042 - INFO - [108/468] Processing PO: CR25060020 (1 lines)
2025-12-01 15:26:13,256 - ERROR -   ERROR Partner not found for old_code_partner: nan, partner_code: BOO 035
2025-12-01 15:26:13,258 - INFO - [109/468] Processing PO: CR25060021 (1 lines)
2025-12-01 15:26:13,519 - ERROR -   ERROR Partner not found for old_code_partner: nan, partner_code: BOO 035
2025-12-01 15:26:13,524 - INFO - [110/468] Processing PO: CR25070010 (1 lines)
2025-12-01 15:26:13,761 - ERROR -   ERROR Partner not found for old_code_partner: nan, partner_code: BOO 035
2025-12-01 15:26:13,769 - INFO - [111/468] Processing PO: CR25070011 (1 lines)
2025-12-01 15:26:13,974 - ERROR -   ERROR Partner not found for old_code_partner: nan, partner_code: BOO 035
2025-12-01 15:26:13,976 - INFO - [112/468] Processing PO: CR25070012 (1 lines)
2025-12-01 15:26:14,155 - ERROR -   ERROR Partner not found for old_code_partner: nan, partner_code: BOO 035
2025-12-01 15:26:14,157 - INFO - [113/468] Processing PO: CR25070013 (1 lines)
2025-12-01 15:26:14,374 - ERROR -   ERROR Partner not found for old_code_partner: nan, partner_code: BOO 035
2025-12-01 15:26:14,376 - INFO - [114/468] Processing PO: CR25070014 (1 lines)
2025-12-01 15:26:14,569 - ERROR -   ERROR Partner not found for old_code_partner: nan, partner_code: BOO 035
2025-12-01 15:26:14,574 - INFO - [115/468] Processing PO: CR25070016 (1 lines)
2025-12-01 15:26:14,790 - ERROR -   ERROR Partner not found for old_code_partner: nan, partner_code: BOO 035
2025-12-01 15:26:14,792 - INFO - [116/468] Processing PO: CR25070017 (1 lines)
2025-12-01 15:26:15,007 - ERROR -   ERROR Partner not found for old_code_partner: nan, partner_code: BOO 035
2025-12-01 15:26:15,009 - INFO - [117/468] Processing PO: CR25070018 (1 lines)
2025-12-01 15:26:15,201 - ERROR -   ERROR Partner not found for old_code_partner: nan, partner_code: BOO 035
2025-12-01 15:26:15,204 - INFO - [118/468] Processing PO: CR25070020 (1 lines)
2025-12-01 15:26:15,455 - ERROR -   ERROR Partner not found for old_code_partner: nan, partner_code: BOO 035
2025-12-01 15:26:15,457 - INFO - [119/468] Processing PO: CR25070021 (1 lines)
2025-12-01 15:26:15,697 - ERROR -   ERROR Partner not found for old_code_partner: nan, partner_code: BOO 035
2025-12-01 15:26:15,699 - INFO - [120/468] Processing PO: CR25070022 (1 lines)
2025-12-01 15:26:15,918 - ERROR -   ERROR Partner not found for old_code_partner: nan, partner_code: BOO 035
2025-12-01 15:26:15,923 - INFO - [121/468] Processing PO: CR25070024 (1 lines)
2025-12-01 15:26:16,117 - ERROR -   ERROR Partner not found for old_code_partner: nan, partner_code: DOHUD01
2025-12-01 15:26:16,122 - INFO - [122/468] Processing PO: CR25070025 (1 lines)
2025-12-01 15:26:16,322 - ERROR -   ERROR Partner not found for old_code_partner: nan, partner_code: DOHUD01
2025-12-01 15:26:16,328 - INFO - [123/468] Processing PO: CR25070026 (1 lines)
2025-12-01 15:26:16,697 - ERROR -   ERROR Partner not found for old_code_partner: nan, partner_code: DOHUD01
2025-12-01 15:26:16,702 - INFO - [124/468] Processing PO: CR25070027 (1 lines)
2025-12-01 15:26:17,063 - ERROR -   ERROR Partner not found for old_code_partner: nan, partner_code: DOHUD01
2025-12-01 15:26:17,069 - INFO - [125/468] Processing PO: CR25070028 (1 lines)
2025-12-01 15:26:17,287 - ERROR -   ERROR Partner not found for old_code_partner: nan, partner_code: DOHUD01
2025-12-01 15:26:17,290 - INFO - [126/468] Processing PO: CR25070029 (1 lines)
2025-12-01 15:26:17,555 - ERROR -   ERROR Partner not found for old_code_partner: nan, partner_code: DOHUD01
2025-12-01 15:26:17,560 - INFO - [127/468] Processing PO: CR25070030 (1 lines)
2025-12-01 15:26:17,847 - ERROR -   ERROR Partner not found for old_code_partner: nan, partner_code: BOO 035
2025-12-01 15:26:17,852 - INFO - [128/468] Processing PO: CR25070031 (1 lines)
2025-12-01 15:26:18,079 - ERROR -   ERROR Partner not found for old_code_partner: nan, partner_code: DOHUD01
2025-12-01 15:26:18,085 - INFO - [129/468] Processing PO: CR25070032 (1 lines)
2025-12-01 15:26:18,329 - ERROR -   ERROR Partner not found for old_code_partner: nan, partner_code: DOHUD01
2025-12-01 15:26:18,331 - INFO - [130/468] Processing PO: CR25070033 (1 lines)
2025-12-01 15:26:18,533 - ERROR -   ERROR Partner not found for old_code_partner: nan, partner_code: DOHUD01
2025-12-01 15:26:18,535 - INFO - [131/468] Processing PO: CR25070034 (1 lines)
2025-12-01 15:26:18,729 - ERROR -   ERROR Partner not found for old_code_partner: nan, partner_code: DOHUD01
2025-12-01 15:26:18,731 - INFO - [132/468] Processing PO: CR25070035 (1 lines)
2025-12-01 15:26:18,990 - ERROR -   ERROR Partner not found for old_code_partner: nan, partner_code: DOHUD01
2025-12-01 15:26:18,993 - INFO - [133/468] Processing PO: CR25070036 (1 lines)
2025-12-01 15:26:19,323 - ERROR -   ERROR Partner not found for old_code_partner: nan, partner_code: DOHUD01
2025-12-01 15:26:19,324 - INFO - [134/468] Processing PO: CR25070037 (1 lines)
2025-12-01 15:26:19,753 - ERROR -   ERROR Partner not found for old_code_partner: nan, partner_code: DOHUD01
2025-12-01 15:26:19,755 - INFO - [135/468] Processing PO: CR25080013 (1 lines)
2025-12-01 15:26:19,950 - ERROR -   ERROR Partner not found for old_code_partner: nan, partner_code: BOO 035
2025-12-01 15:26:19,954 - INFO - [136/468] Processing PO: CR25080014 (1 lines)
2025-12-01 15:26:20,136 - ERROR -   ERROR Partner not found for old_code_partner: nan, partner_code: BOO 035
2025-12-01 15:26:20,138 - INFO - [137/468] Processing PO: CR25080015 (1 lines)
2025-12-01 15:26:20,374 - ERROR -   ERROR Partner not found for old_code_partner: nan, partner_code: BOO 035
2025-12-01 15:26:20,378 - INFO - [138/468] Processing PO: CR25080016 (1 lines)
2025-12-01 15:26:20,639 - ERROR -   ERROR Partner not found for old_code_partner: nan, partner_code: BOO 035
2025-12-01 15:26:20,640 - INFO - [139/468] Processing PO: CR25080022 (1 lines)
2025-12-01 15:26:20,882 - ERROR -   ERROR Partner not found for old_code_partner: nan, partner_code: BOO 035
2025-12-01 15:26:20,887 - INFO - [140/468] Processing PO: CR25080023 (1 lines)
2025-12-01 15:26:21,119 - ERROR -   ERROR Partner not found for old_code_partner: nan, partner_code: BOO 035
2025-12-01 15:26:21,125 - INFO - [141/468] Processing PO: CR25080024 (1 lines)
2025-12-01 15:26:21,355 - ERROR -   ERROR Partner not found for old_code_partner: nan, partner_code: BOO 035
2025-12-01 15:26:21,358 - INFO - [142/468] Processing PO: CR25080028 (1 lines)
2025-12-01 15:26:21,564 - ERROR -   ERROR Partner not found for old_code_partner: nan, partner_code: BOO 035
2025-12-01 15:26:21,566 - INFO - [143/468] Processing PO: CR25080031 (1 lines)
2025-12-01 15:26:21,787 - ERROR -   ERROR Partner not found for old_code_partner: nan, partner_code: BOO 035
2025-12-01 15:26:21,793 - INFO - [144/468] Processing PO: CR25080032 (1 lines)
2025-12-01 15:26:21,983 - ERROR -   ERROR Partner not found for old_code_partner: nan, partner_code: DOHUD01
2025-12-01 15:26:21,985 - INFO - [145/468] Processing PO: CR25080033 (1 lines)
2025-12-01 15:26:22,229 - ERROR -   ERROR Partner not found for old_code_partner: nan, partner_code: DOHUD01
2025-12-01 15:26:22,235 - INFO - [146/468] Processing PO: CR25080034 (1 lines)
2025-12-01 15:26:22,466 - ERROR -   ERROR Partner not found for old_code_partner: nan, partner_code: BOO 035
2025-12-01 15:26:22,472 - INFO - [147/468] Processing PO: CR25090002 (1 lines)
2025-12-01 15:26:22,679 - ERROR -   ERROR Partner not found for old_code_partner: nan, partner_code: BOO001
2025-12-01 15:26:22,685 - INFO - [148/468] Processing PO: CR25090003 (1 lines)
2025-12-01 15:26:22,895 - ERROR -   ERROR Partner not found for old_code_partner: nan, partner_code: BOO0002
2025-12-01 15:26:22,897 - INFO - [149/468] Processing PO: CR25090004 (1 lines)
2025-12-01 15:26:23,156 - ERROR -   ERROR Partner not found for old_code_partner: nan, partner_code: BOO003
2025-12-01 15:26:23,157 - INFO - [150/468] Processing PO: CR25090005 (1 lines)
2025-12-01 15:26:23,433 - ERROR -   ERROR Partner not found for old_code_partner: nan, partner_code: BOO005
2025-12-01 15:26:23,438 - INFO - [151/468] Processing PO: CR25090006 (1 lines)
2025-12-01 15:26:23,655 - ERROR -   ERROR Partner not found for old_code_partner: nan, partner_code: BOO006
2025-12-01 15:26:23,660 - INFO - [152/468] Processing PO: CR25090007 (1 lines)
2025-12-01 15:26:23,854 - ERROR -   ERROR Partner not found for old_code_partner: nan, partner_code: BOO007
2025-12-01 15:26:23,859 - INFO - [153/468] Processing PO: CR25090008 (1 lines)
2025-12-01 15:26:24,051 - ERROR -   ERROR Partner not found for old_code_partner: nan, partner_code: BOO 014
2025-12-01 15:26:24,056 - INFO - [154/468] Processing PO: CR25090009 (1 lines)
2025-12-01 15:26:24,272 - ERROR -   ERROR Partner not found for old_code_partner: nan, partner_code: BOON009
2025-12-01 15:26:24,279 - INFO - [155/468] Processing PO: CR25090010 (1 lines)
2025-12-01 15:26:24,511 - ERROR -   ERROR Partner not found for old_code_partner: nan, partner_code: BOO 020
2025-12-01 15:26:24,516 - INFO - [156/468] Processing PO: CR25090011 (1 lines)
2025-12-01 15:26:24,764 - ERROR -   ERROR Partner not found for old_code_partner: nan, partner_code: BOON009
2025-12-01 15:26:24,768 - INFO - [157/468] Processing PO: CR25090012 (1 lines)
2025-12-01 15:26:24,984 - ERROR -   ERROR Partner not found for old_code_partner: nan, partner_code: BOO0002
2025-12-01 15:26:24,989 - INFO - [158/468] Processing PO: CR25090013 (1 lines)
2025-12-01 15:26:25,200 - ERROR -   ERROR Partner not found for old_code_partner: nan, partner_code: CSC002
2025-12-01 15:26:25,206 - INFO - [159/468] Processing PO: CR25090014 (1 lines)
2025-12-01 15:26:25,422 - ERROR -   ERROR Partner not found for old_code_partner: nan, partner_code: BOO010
2025-12-01 15:26:25,423 - INFO - [160/468] Processing PO: CR25090019 (1 lines)
2025-12-01 15:26:25,826 - ERROR -   ERROR Partner not found for old_code_partner: nan, partner_code: BOO 035
2025-12-01 15:26:25,832 - INFO - [161/468] Processing PO: CR25090020 (1 lines)
2025-12-01 15:26:26,039 - ERROR -   ERROR Partner not found for old_code_partner: nan, partner_code: BOO 035
2025-12-01 15:26:26,045 - INFO - [162/468] Processing PO: CR25090030 (1 lines)
2025-12-01 15:26:26,233 - ERROR -   ERROR Partner not found for old_code_partner: nan, partner_code: DOHUD01
2025-12-01 15:26:26,239 - INFO - [163/468] Processing PO: CR25090031 (1 lines)
2025-12-01 15:26:26,418 - ERROR -   ERROR Partner not found for old_code_partner: nan, partner_code: SBDH001
2025-12-01 15:26:26,420 - INFO - [164/468] Processing PO: CR25090032 (1 lines)
2025-12-01 15:26:26,615 - ERROR -   ERROR Partner not found for old_code_partner: nan, partner_code: BOO 035
2025-12-01 15:26:26,621 - INFO - [165/468] Processing PO: CR25090033 (1 lines)
2025-12-01 15:26:26,809 - ERROR -   ERROR Partner not found for old_code_partner: nan, partner_code: BOO001
2025-12-01 15:26:26,811 - INFO - [166/468] Processing PO: CR25090034 (1 lines)
2025-12-01 15:26:26,991 - ERROR -   ERROR Partner not found for old_code_partner: nan, partner_code: BOO0002
2025-12-01 15:26:26,996 - INFO - [167/468] Processing PO: CR25090035 (1 lines)
2025-12-01 15:26:27,181 - ERROR -   ERROR Partner not found for old_code_partner: nan, partner_code: BOO003
2025-12-01 15:26:27,186 - INFO - [168/468] Processing PO: CR25090036 (1 lines)
2025-12-01 15:26:27,409 - ERROR -   ERROR Partner not found for old_code_partner: nan, partner_code: BOO005
2025-12-01 15:26:27,413 - INFO - [169/468] Processing PO: CR25090037 (1 lines)
2025-12-01 15:26:27,616 - ERROR -   ERROR Partner not found for old_code_partner: nan, partner_code: BOO006
2025-12-01 15:26:27,621 - INFO - [170/468] Processing PO: CR25090038 (1 lines)
2025-12-01 15:26:27,812 - ERROR -   ERROR Partner not found for old_code_partner: nan, partner_code: BOO007
2025-12-01 15:26:27,817 - INFO - [171/468] Processing PO: CR25090039 (1 lines)
2025-12-01 15:26:28,047 - ERROR -   ERROR Partner not found for old_code_partner: nan, partner_code: BOO010
2025-12-01 15:26:28,051 - INFO - [172/468] Processing PO: CR25090040 (1 lines)
2025-12-01 15:26:28,231 - ERROR -   ERROR Partner not found for old_code_partner: nan, partner_code: BOO013
2025-12-01 15:26:28,237 - INFO - [173/468] Processing PO: CR25090041 (1 lines)
2025-12-01 15:26:34,756 - ERROR -   ERROR Partner not found for old_code_partner: nan, partner_code: BOO 014
2025-12-01 15:26:34,761 - INFO - [174/468] Processing PO: CR25090042 (1 lines)
2025-12-01 15:26:34,972 - ERROR -   ERROR Partner not found for old_code_partner: nan, partner_code: BOO 016
2025-12-01 15:26:34,973 - INFO - [175/468] Processing PO: CR25090043 (1 lines)
2025-12-01 15:26:35,244 - ERROR -   ERROR Partner not found for old_code_partner: nan, partner_code: BOON009
2025-12-01 15:26:35,249 - INFO - [176/468] Processing PO: CR25090044 (1 lines)
2025-12-01 15:26:35,544 - ERROR -   ERROR Partner not found for old_code_partner: nan, partner_code: BOO 015
2025-12-01 15:26:35,550 - INFO - [177/468] Processing PO: CR25090045 (1 lines)
2025-12-01 15:26:35,938 - ERROR -   ERROR Partner not found for old_code_partner: nan, partner_code: BOO 020
2025-12-01 15:26:35,943 - INFO - [178/468] Processing PO: CR25090046 (1 lines)
2025-12-01 15:26:36,237 - ERROR -   ERROR Partner not found for old_code_partner: nan, partner_code: DOHUD01
2025-12-01 15:26:36,243 - INFO - [179/468] Processing PO: CR25090047 (1 lines)
2025-12-01 15:26:36,593 - ERROR -   ERROR Partner not found for old_code_partner: nan, partner_code: DOHUD01
2025-12-01 15:26:36,596 - INFO - [180/468] Processing PO: CR25090048 (1 lines)
2025-12-01 15:26:36,793 - ERROR -   ERROR Partner not found for old_code_partner: nan, partner_code: DOHUD01
2025-12-01 15:26:36,798 - INFO - [181/468] Processing PO: CR25090049 (1 lines)
2025-12-01 15:26:36,979 - ERROR -   ERROR Partner not found for old_code_partner: nan, partner_code: DOHUD01
2025-12-01 15:26:36,984 - INFO - [182/468] Processing PO: CR25100001 (1 lines)
2025-12-01 15:26:37,237 - ERROR -   ERROR Partner not found for old_code_partner: nan, partner_code: BOO001
2025-12-01 15:26:37,242 - INFO - [183/468] Processing PO: CR25100002 (1 lines)
2025-12-01 15:26:37,456 - ERROR -   ERROR Partner not found for old_code_partner: nan, partner_code: BOO0002
2025-12-01 15:26:37,461 - INFO - [184/468] Processing PO: CR25100003 (1 lines)
2025-12-01 15:26:37,670 - ERROR -   ERROR Partner not found for old_code_partner: nan, partner_code: BOO003
2025-12-01 15:26:37,673 - INFO - [185/468] Processing PO: CR25100004 (1 lines)
2025-12-01 15:26:38,099 - ERROR -   ERROR Partner not found for old_code_partner: nan, partner_code: BOO006
2025-12-01 15:26:38,103 - INFO - [186/468] Processing PO: CR25100005 (1 lines)
2025-12-01 15:26:39,306 - ERROR -   ERROR Partner not found for old_code_partner: nan, partner_code: BOO005
2025-12-01 15:26:39,311 - INFO - [187/468] Processing PO: CR25100006 (1 lines)
2025-12-01 15:26:39,562 - ERROR -   ERROR Partner not found for old_code_partner: nan, partner_code: BOO010
2025-12-01 15:26:39,566 - INFO - [188/468] Processing PO: CR25100007 (1 lines)
2025-12-01 15:26:39,763 - ERROR -   ERROR Partner not found for old_code_partner: nan, partner_code: BOO013
2025-12-01 15:26:39,768 - INFO - [189/468] Processing PO: CR25100008 (1 lines)
2025-12-01 15:26:40,377 - ERROR -   ERROR Partner not found for old_code_partner: nan, partner_code: BOO 014
2025-12-01 15:26:40,379 - INFO - [190/468] Processing PO: CR25100009 (1 lines)
2025-12-01 15:26:40,724 - ERROR -   ERROR Partner not found for old_code_partner: nan, partner_code: BOON009
2025-12-01 15:26:40,729 - INFO - [191/468] Processing PO: CR25100010 (1 lines)
2025-12-01 15:26:41,020 - ERROR -   ERROR Partner not found for old_code_partner: nan, partner_code: BOO 015
2025-12-01 15:26:41,021 - INFO - [192/468] Processing PO: CR25100011 (1 lines)
2025-12-01 15:26:41,312 - ERROR -   ERROR Partner not found for old_code_partner: nan, partner_code: BOON009
2025-12-01 15:26:41,313 - INFO - [193/468] Processing PO: CR25100012 (1 lines)
2025-12-01 15:26:41,499 - ERROR -   ERROR Partner not found for old_code_partner: nan, partner_code: BOO0002
2025-12-01 15:26:41,501 - INFO - [194/468] Processing PO: CR25100013 (1 lines)
2025-12-01 15:26:41,668 - ERROR -   ERROR Partner not found for old_code_partner: nan, partner_code: YUL002
2025-12-01 15:26:41,673 - INFO - [195/468] Processing PO: CR25100014 (1 lines)
2025-12-01 15:26:41,879 - ERROR -   ERROR Partner not found for old_code_partner: nan, partner_code: HOH002
2025-12-01 15:26:41,883 - INFO - [196/468] Processing PO: CR25100015 (1 lines)
2025-12-01 15:26:42,050 - ERROR -   ERROR Partner not found for old_code_partner: nan, partner_code: JCH001
2025-12-01 15:26:42,055 - INFO - [197/468] Processing PO: CR25100016 (1 lines)
2025-12-01 15:26:42,260 - ERROR -   ERROR Partner not found for old_code_partner: nan, partner_code: SMC003
2025-12-01 15:26:42,265 - INFO - [198/468] Processing PO: CR25100017 (1 lines)
2025-12-01 15:26:42,452 - ERROR -   ERROR Partner not found for old_code_partner: nan, partner_code: SMC003
2025-12-01 15:26:42,455 - INFO - [199/468] Processing PO: CR25100018 (1 lines)
2025-12-01 15:26:42,629 - ERROR -   ERROR Partner not found for old_code_partner: nan, partner_code: BOO001
2025-12-01 15:26:42,635 - INFO - [200/468] Processing PO: CR25100019 (1 lines)
2025-12-01 15:26:42,809 - ERROR -   ERROR Partner not found for old_code_partner: nan, partner_code: BOO0002
2025-12-01 15:26:42,815 - INFO - [201/468] Processing PO: CR25100020 (1 lines)
2025-12-01 15:26:43,023 - ERROR -   ERROR Partner not found for old_code_partner: nan, partner_code: BOO003
2025-12-01 15:26:43,028 - INFO - [202/468] Processing PO: CR25100021 (1 lines)
2025-12-01 15:26:43,221 - ERROR -   ERROR Partner not found for old_code_partner: nan, partner_code: BOO005
2025-12-01 15:26:43,226 - INFO - [203/468] Processing PO: CR25100022 (1 lines)
2025-12-01 15:26:43,412 - ERROR -   ERROR Partner not found for old_code_partner: nan, partner_code: BOO006
2025-12-01 15:26:43,416 - INFO - [204/468] Processing PO: CR25100023 (1 lines)
2025-12-01 15:26:43,613 - ERROR -   ERROR Partner not found for old_code_partner: nan, partner_code: BOO010
2025-12-01 15:26:43,619 - INFO - [205/468] Processing PO: CR25100024 (1 lines)
2025-12-01 15:26:43,806 - ERROR -   ERROR Partner not found for old_code_partner: nan, partner_code: BOO013
2025-12-01 15:26:43,808 - INFO - [206/468] Processing PO: CR25100025 (1 lines)
2025-12-01 15:26:43,984 - ERROR -   ERROR Partner not found for old_code_partner: nan, partner_code: BOO 014
2025-12-01 15:26:43,986 - INFO - [207/468] Processing PO: CR25100026 (1 lines)
2025-12-01 15:26:44,175 - ERROR -   ERROR Partner not found for old_code_partner: nan, partner_code: BOON009
2025-12-01 15:26:44,176 - INFO - [208/468] Processing PO: CR25100027 (1 lines)
2025-12-01 15:26:44,374 - ERROR -   ERROR Partner not found for old_code_partner: nan, partner_code: BOO 015
2025-12-01 15:26:44,379 - INFO - [209/468] Processing PO: CR25100028 (1 lines)
2025-12-01 15:26:44,572 - ERROR -   ERROR Partner not found for old_code_partner: nan, partner_code: BOO 020
2025-12-01 15:26:44,578 - INFO - [210/468] Processing PO: CR25100029 (1 lines)
2025-12-01 15:26:44,786 - ERROR -   ERROR Partner not found for old_code_partner: nan, partner_code: BOO 029
2025-12-01 15:26:44,793 - INFO - [211/468] Processing PO: CR25100030 (1 lines)
2025-12-01 15:26:45,009 - ERROR -   ERROR Partner not found for old_code_partner: nan, partner_code: BOO 035
2025-12-01 15:26:45,011 - INFO - [212/468] Processing PO: CR25100031 (1 lines)
2025-12-01 15:26:45,228 - ERROR -   ERROR Partner not found for old_code_partner: nan, partner_code: BOO 035
2025-12-01 15:26:45,230 - INFO - [213/468] Processing PO: CR25100032 (1 lines)
2025-12-01 15:26:45,461 - ERROR -   ERROR Partner not found for old_code_partner: nan, partner_code: BOO 035
2025-12-01 15:26:45,467 - INFO - [214/468] Processing PO: CR25100033 (1 lines)
2025-12-01 15:26:45,676 - ERROR -   ERROR Partner not found for old_code_partner: nan, partner_code: BOO 035
2025-12-01 15:26:45,682 - INFO - [215/468] Processing PO: CR25100034 (1 lines)
2025-12-01 15:26:45,926 - ERROR -   ERROR Partner not found for old_code_partner: nan, partner_code: BOO 035
2025-12-01 15:26:45,927 - INFO - [216/468] Processing PO: CR25100035 (1 lines)
2025-12-01 15:26:46,175 - ERROR -   ERROR Partner not found for old_code_partner: nan, partner_code: BOO 035
2025-12-01 15:26:46,178 - INFO - [217/468] Processing PO: CR25100036 (1 lines)
2025-12-01 15:26:46,428 - ERROR -   ERROR Partner not found for old_code_partner: nan, partner_code: DOHUD01
2025-12-01 15:26:46,430 - INFO - [218/468] Processing PO: CR25100037 (1 lines)
2025-12-01 15:26:46,691 - ERROR -   ERROR Partner not found for old_code_partner: nan, partner_code: DOHUD01
2025-12-01 15:26:46,702 - INFO - [219/468] Processing PO: CR25100038 (1 lines)
2025-12-01 15:26:47,985 - ERROR -   ERROR Partner not found for old_code_partner: nan, partner_code: BOO 035
2025-12-01 15:26:47,987 - INFO - [220/468] Processing PO: CR25100039 (1 lines)
2025-12-01 15:26:48,262 - ERROR -   ERROR Partner not found for old_code_partner: nan, partner_code: MBH001
2025-12-01 15:26:48,267 - INFO - [221/468] Processing PO: CR25100040 (1 lines)
2025-12-01 15:26:48,531 - ERROR -   ERROR Partner not found for old_code_partner: nan, partner_code: YJR001
2025-12-01 15:26:48,536 - INFO - [222/468] Processing PO: CR25100041 (1 lines)
2025-12-01 15:26:48,852 - ERROR -   ERROR Partner not found for old_code_partner: nan, partner_code: YJR001
2025-12-01 15:26:48,858 - INFO - [223/468] Processing PO: OEP6010122 (1 lines)
2025-12-01 15:26:49,159 - ERROR -   ERROR Partner not found for old_code_partner: nan, partner_code: REL001
2025-12-01 15:26:49,163 - INFO - [224/468] Processing PO: OEP6012145 (1 lines)
2025-12-01 15:26:49,497 - ERROR -   ERROR Partner not found for old_code_partner: nan, partner_code: ANOTHER
2025-12-01 15:26:49,502 - INFO - [225/468] Processing PO: OEP6105060 (1 lines)
2025-12-01 15:26:49,772 - ERROR -   ERROR Partner not found for old_code_partner: nan, partner_code: REL001
2025-12-01 15:26:49,776 - INFO - [226/468] Processing PO: OEP6107104 (1 lines)
2025-12-01 15:26:50,947 - INFO - Using picking_type_id: คลังสินค้าสำเร็จรูป 1: Receipts (ID: 1)
2025-12-01 15:26:51,343 - ERROR -   ERROR Product not found for old_product_code: nan, default_code: OB-001
2025-12-01 15:26:51,345 - INFO - [227/468] Processing PO: OEP6107114 (1 lines)
2025-12-01 15:26:52,173 - INFO - Using picking_type_id: คลังสินค้าสำเร็จรูป 1: Receipts (ID: 1)
2025-12-01 15:26:52,401 - ERROR -   ERROR Product not found for old_product_code: nan, default_code: OB-001
2025-12-01 15:26:52,402 - INFO - [228/468] Processing PO: OEP6112064 (1 lines)
2025-12-01 15:26:53,222 - INFO - Using picking_type_id: คลังสินค้าสำเร็จรูป 1: Receipts (ID: 1)
2025-12-01 15:26:53,493 - ERROR -   ERROR Product not found for old_product_code: nan, default_code: OB-001
2025-12-01 15:26:53,503 - INFO - [229/468] Processing PO: OEP6112137 (1 lines)
2025-12-01 15:26:53,723 - ERROR -   ERROR Partner not found for old_code_partner: nan, partner_code: WST001
2025-12-01 15:26:53,725 - INFO - [230/468] Processing PO: OEP6112144 (1 lines)
2025-12-01 15:26:54,585 - INFO - Using picking_type_id: คลังสินค้าสำเร็จรูป 1: Receipts (ID: 1)
2025-12-01 15:26:54,785 - ERROR -   ERROR Product not found for old_product_code: nan, default_code: OB-001
2025-12-01 15:26:54,791 - INFO - [231/468] Processing PO: OEP6201106 (1 lines)
2025-12-01 15:26:54,994 - ERROR -   ERROR Partner not found for old_code_partner: nan, partner_code: GBB001
2025-12-01 15:26:54,999 - INFO - [232/468] Processing PO: OEP6204133 (1 lines)
2025-12-01 15:26:55,197 - ERROR -   ERROR Partner not found for old_code_partner: nan, partner_code: ANOTHER
2025-12-01 15:26:55,202 - INFO - [233/468] Processing PO: OEP6205108 (1 lines)
2025-12-01 15:26:55,456 - ERROR -   ERROR Partner not found for old_code_partner: nan, partner_code: GBB001
2025-12-01 15:26:55,458 - INFO - [234/468] Processing PO: OEP6209076 (1 lines)
2025-12-01 15:26:56,304 - INFO - Using picking_type_id: คลังสินค้าสำเร็จรูป 1: Receipts (ID: 1)
2025-12-01 15:26:56,514 - ERROR -   ERROR Product not found for old_product_code: nan, default_code: OB-001
2025-12-01 15:26:56,520 - INFO - [235/468] Processing PO: OEP6210085 (1 lines)
2025-12-01 15:26:56,718 - ERROR -   ERROR Partner not found for old_code_partner: nan, partner_code: ANOTHER
2025-12-01 15:26:56,720 - INFO - [236/468] Processing PO: OEP6306069 (1 lines)
2025-12-01 15:26:57,465 - INFO - Using picking_type_id: คลังสินค้าสำเร็จรูป 1: Receipts (ID: 1)
2025-12-01 15:26:57,720 - ERROR -   ERROR Product not found for old_product_code: nan, default_code: OB-001
2025-12-01 15:26:57,722 - INFO - [237/468] Processing PO: OEP6307037 (1 lines)
2025-12-01 15:26:57,950 - ERROR -   ERROR Partner not found for old_code_partner: nan, partner_code: GBRE01
2025-12-01 15:26:57,956 - INFO - [238/468] Processing PO: OEP6311050 (1 lines)
2025-12-01 15:26:58,150 - ERROR -   ERROR Partner not found for old_code_partner: nan, partner_code: GBRE01
2025-12-01 15:26:58,154 - INFO - [239/468] Processing PO: OEP6312085 (1 lines)
2025-12-01 15:26:58,326 - ERROR -   ERROR Partner not found for old_code_partner: nan, partner_code: WST001
2025-12-01 15:26:58,328 - INFO - [240/468] Processing PO: OEP6312096 (1 lines)
2025-12-01 15:26:58,588 - ERROR -   ERROR Partner not found for old_code_partner: nan, partner_code: GBRE01
2025-12-01 15:26:58,589 - INFO - [241/468] Processing PO: OEP6312097 (1 lines)
2025-12-01 15:26:58,795 - ERROR -   ERROR Partner not found for old_code_partner: nan, partner_code: GBRE01
2025-12-01 15:26:58,797 - INFO - [242/468] Processing PO: OEP6407067 (1 lines)
2025-12-01 15:26:59,070 - ERROR -   ERROR Partner not found for old_code_partner: nan, partner_code: GBRE01
2025-12-01 15:26:59,072 - INFO - [243/468] Processing PO: OEP6409070 (1 lines)
2025-12-01 15:26:59,258 - ERROR -   ERROR Partner not found for old_code_partner: nan, partner_code: WST001
2025-12-01 15:26:59,259 - INFO - [244/468] Processing PO: OEP6410070 (1 lines)
2025-12-01 15:26:59,453 - ERROR -   ERROR Partner not found for old_code_partner: nan, partner_code: GBRE01
2025-12-01 15:26:59,454 - INFO - [245/468] Processing PO: OEP6411068 (1 lines)
2025-12-01 15:26:59,685 - ERROR -   ERROR Partner not found for old_code_partner: nan, partner_code: GBRE01
2025-12-01 15:26:59,687 - INFO - [246/468] Processing PO: OEP6412069 (1 lines)
2025-12-01 15:26:59,876 - ERROR -   ERROR Partner not found for old_code_partner: nan, partner_code: CHB001
2025-12-01 15:26:59,878 - INFO - [247/468] Processing PO: OEP6501065 (1 lines)
2025-12-01 15:27:00,137 - ERROR -   ERROR Partner not found for old_code_partner: nan, partner_code: YUY001
2025-12-01 15:27:00,140 - INFO - [248/468] Processing PO: OEP6503083 (1 lines)
2025-12-01 15:27:00,369 - ERROR -   ERROR Partner not found for old_code_partner: nan, partner_code: YUY001
2025-12-01 15:27:00,373 - INFO - [249/468] Processing PO: OEP6506067 (1 lines)
2025-12-01 15:27:00,631 - ERROR -   ERROR Partner not found for old_code_partner: nan, partner_code: YUY001
2025-12-01 15:27:00,637 - INFO - [250/468] Processing PO: OEP6506087 (1 lines)
2025-12-01 15:27:00,849 - ERROR -   ERROR Partner not found for old_code_partner: nan, partner_code: YUY001
2025-12-01 15:27:00,851 - INFO - [251/468] Processing PO: OEP6508048 (1 lines)
2025-12-01 15:27:01,136 - ERROR -   ERROR Partner not found for old_code_partner: nan, partner_code: YUY001
2025-12-01 15:27:01,140 - INFO - [252/468] Processing PO: OEP6508080 (1 lines)
2025-12-01 15:27:01,458 - ERROR -   ERROR Partner not found for old_code_partner: nan, partner_code: DOHUD01
2025-12-01 15:27:01,462 - INFO - [253/468] Processing PO: OEP6509038 (1 lines)
2025-12-01 15:27:01,710 - ERROR -   ERROR Partner not found for old_code_partner: nan, partner_code: YUY001
2025-12-01 15:27:01,714 - INFO - [254/468] Processing PO: OEP6509082 (1 lines)
2025-12-01 15:27:02,021 - ERROR -   ERROR Partner not found for old_code_partner: nan, partner_code: YUY001
2025-12-01 15:27:02,023 - INFO - [255/468] Processing PO: OEP6509086 (1 lines)
2025-12-01 15:27:02,239 - ERROR -   ERROR Partner not found for old_code_partner: nan, partner_code: HHO001
2025-12-01 15:27:02,242 - INFO - [256/468] Processing PO: OEP6510058 (1 lines)
2025-12-01 15:27:02,469 - ERROR -   ERROR Partner not found for old_code_partner: nan, partner_code: YUY001
2025-12-01 15:27:02,470 - INFO - [257/468] Processing PO: OEP6510059 (1 lines)
2025-12-01 15:27:02,700 - ERROR -   ERROR Partner not found for old_code_partner: nan, partner_code: JCH001
2025-12-01 15:27:02,702 - INFO - [258/468] Processing PO: OEP6510060 (1 lines)
2025-12-01 15:27:02,956 - ERROR -   ERROR Partner not found for old_code_partner: nan, partner_code: FIP001
2025-12-01 15:27:02,958 - INFO - [259/468] Processing PO: OEP6510061 (1 lines)
2025-12-01 15:27:03,146 - ERROR -   ERROR Partner not found for old_code_partner: nan, partner_code: HHO001
2025-12-01 15:27:03,148 - INFO - [260/468] Processing PO: OEP6510062 (1 lines)
2025-12-01 15:27:03,377 - ERROR -   ERROR Partner not found for old_code_partner: nan, partner_code: SMC008
2025-12-01 15:27:03,378 - INFO - [261/468] Processing PO: OEP6511064 (1 lines)
2025-12-01 15:27:03,638 - ERROR -   ERROR Partner not found for old_code_partner: nan, partner_code: YUY001
2025-12-01 15:27:03,639 - INFO - [262/468] Processing PO: OEP6512076 (1 lines)
2025-12-01 15:27:03,849 - ERROR -   ERROR Partner not found for old_code_partner: nan, partner_code: SRT001
2025-12-01 15:27:03,851 - INFO - [263/468] Processing PO: OEP6512077 (1 lines)
2025-12-01 15:27:04,066 - ERROR -   ERROR Partner not found for old_code_partner: nan, partner_code: WST001
2025-12-01 15:27:04,068 - INFO - [264/468] Processing PO: OEP6512078 (1 lines)
2025-12-01 15:27:04,304 - ERROR -   ERROR Partner not found for old_code_partner: nan, partner_code: CHB001
2025-12-01 15:27:04,306 - INFO - [265/468] Processing PO: OEP6512080 (1 lines)
2025-12-01 15:27:04,525 - ERROR -   ERROR Partner not found for old_code_partner: nan, partner_code: YUY001
2025-12-01 15:27:04,527 - INFO - [266/468] Processing PO: OEP6512083 (1 lines)
2025-12-01 15:27:04,757 - ERROR -   ERROR Partner not found for old_code_partner: nan, partner_code: HHO001
2025-12-01 15:27:04,759 - INFO - [267/468] Processing PO: OEP6512096 (1 lines)
2025-12-01 15:27:05,033 - ERROR -   ERROR Partner not found for old_code_partner: nan, partner_code: DOHUD01
2025-12-01 15:27:05,037 - INFO - [268/468] Processing PO: OEP6605071 (1 lines)
2025-12-01 15:27:05,326 - ERROR -   ERROR Partner not found for old_code_partner: nan, partner_code: SHP001
2025-12-01 15:27:05,329 - INFO - [269/468] Processing PO: OEP6606042 (1 lines)
2025-12-01 15:27:05,606 - ERROR -   ERROR Partner not found for old_code_partner: nan, partner_code: YUY001
2025-12-01 15:27:05,608 - INFO - [270/468] Processing PO: OEP6607081 (1 lines)
2025-12-01 15:27:05,837 - ERROR -   ERROR Partner not found for old_code_partner: nan, partner_code: SBD001
2025-12-01 15:27:05,839 - INFO - [271/468] Processing PO: OEP6609064 (1 lines)
2025-12-01 15:27:06,220 - ERROR -   ERROR Partner not found for old_code_partner: nan, partner_code: YUY001
2025-12-01 15:27:06,223 - INFO - [272/468] Processing PO: OEP6609079 (1 lines)
2025-12-01 15:27:06,632 - ERROR -   ERROR Partner not found for old_code_partner: nan, partner_code: ITH002
2025-12-01 15:27:06,635 - INFO - [273/468] Processing PO: OEP6610049 (1 lines)
2025-12-01 15:27:06,855 - ERROR -   ERROR Partner not found for old_code_partner: nan, partner_code: YUY001
2025-12-01 15:27:06,861 - INFO - [274/468] Processing PO: OEP6610074 (1 lines)
2025-12-01 15:27:07,125 - ERROR -   ERROR Partner not found for old_code_partner: nan, partner_code: SCG002
2025-12-01 15:27:07,130 - INFO - [275/468] Processing PO: OEP6611053 (1 lines)
2025-12-01 15:27:07,585 - ERROR -   ERROR Partner not found for old_code_partner: nan, partner_code: ITH002
2025-12-01 15:27:07,587 - INFO - [276/468] Processing PO: OEP6612042 (1 lines)
2025-12-01 15:27:07,829 - ERROR -   ERROR Partner not found for old_code_partner: nan, partner_code: ITH002
2025-12-01 15:27:07,831 - INFO - [277/468] Processing PO: OEP6612046 (1 lines)
2025-12-01 15:27:08,046 - ERROR -   ERROR Partner not found for old_code_partner: nan, partner_code: ITH002
2025-12-01 15:27:08,051 - INFO - [278/468] Processing PO: OEP6701075 (1 lines)
2025-12-01 15:27:08,248 - ERROR -   ERROR Partner not found for old_code_partner: nan, partner_code: DOHUD01
2025-12-01 15:27:08,250 - INFO - [279/468] Processing PO: OEP6701076 (1 lines)
2025-12-01 15:27:08,446 - ERROR -   ERROR Partner not found for old_code_partner: nan, partner_code: DOHUD01
2025-12-01 15:27:08,453 - INFO - [280/468] Processing PO: OEP6702072 (1 lines)
2025-12-01 15:27:08,663 - ERROR -   ERROR Partner not found for old_code_partner: nan, partner_code: DOHUD01
2025-12-01 15:27:08,668 - INFO - [281/468] Processing PO: OEP6702073 (1 lines)
2025-12-01 15:27:08,874 - ERROR -   ERROR Partner not found for old_code_partner: nan, partner_code: DOHUD01
2025-12-01 15:27:08,875 - INFO - [282/468] Processing PO: OEP6703052 (1 lines)
2025-12-01 15:27:09,120 - ERROR -   ERROR Partner not found for old_code_partner: nan, partner_code: WST001
2025-12-01 15:27:09,121 - INFO - [283/468] Processing PO: OEP6703077 (1 lines)
2025-12-01 15:27:09,373 - ERROR -   ERROR Partner not found for old_code_partner: nan, partner_code: DOHUD01
2025-12-01 15:27:09,374 - INFO - [284/468] Processing PO: OEP6703078 (1 lines)
2025-12-01 15:27:09,585 - ERROR -   ERROR Partner not found for old_code_partner: nan, partner_code: DOHUD01
2025-12-01 15:27:09,588 - INFO - [285/468] Processing PO: OEP6704067 (1 lines)
2025-12-01 15:27:09,848 - ERROR -   ERROR Partner not found for old_code_partner: nan, partner_code: DOHUD01
2025-12-01 15:27:09,855 - INFO - [286/468] Processing PO: OEP6704068 (1 lines)
2025-12-01 15:27:10,229 - ERROR -   ERROR Partner not found for old_code_partner: nan, partner_code: DOHUD01
2025-12-01 15:27:10,233 - INFO - [287/468] Processing PO: OEP6705039 (1 lines)
2025-12-01 15:27:10,515 - ERROR -   ERROR Partner not found for old_code_partner: nan, partner_code: YUY001
2025-12-01 15:27:10,516 - INFO - [288/468] Processing PO: OEP6706037 (1 lines)
2025-12-01 15:27:10,763 - ERROR -   ERROR Partner not found for old_code_partner: nan, partner_code: ITH002
2025-12-01 15:27:10,768 - INFO - [289/468] Processing PO: OEP6706038 (1 lines)
2025-12-01 15:27:11,005 - ERROR -   ERROR Partner not found for old_code_partner: nan, partner_code: ISC002
2025-12-01 15:27:11,008 - INFO - [290/468] Processing PO: OEP6706057 (1 lines)
2025-12-01 15:27:11,223 - ERROR -   ERROR Partner not found for old_code_partner: nan, partner_code: ITH002
2025-12-01 15:27:11,225 - INFO - [291/468] Processing PO: OEP6706069 (1 lines)
2025-12-01 15:27:11,435 - ERROR -   ERROR Partner not found for old_code_partner: nan, partner_code: MRH001
2025-12-01 15:27:11,437 - INFO - [292/468] Processing PO: OEP6706070 (1 lines)
2025-12-01 15:27:11,634 - ERROR -   ERROR Partner not found for old_code_partner: nan, partner_code: YUY001
2025-12-01 15:27:11,635 - INFO - [293/468] Processing PO: OEP6706074 (1 lines)
2025-12-01 15:27:11,874 - ERROR -   ERROR Partner not found for old_code_partner: nan, partner_code: YUY001
2025-12-01 15:27:11,880 - INFO - [294/468] Processing PO: OEP6707023 (1 lines)
2025-12-01 15:27:12,105 - ERROR -   ERROR Partner not found for old_code_partner: nan, partner_code: ITH002
2025-12-01 15:27:12,110 - INFO - [295/468] Processing PO: OEP6707044 (1 lines)
2025-12-01 15:27:12,352 - ERROR -   ERROR Partner not found for old_code_partner: nan, partner_code: SCG002
2025-12-01 15:27:12,354 - INFO - [296/468] Processing PO: OEP6707048 (1 lines)
2025-12-01 15:27:12,590 - ERROR -   ERROR Partner not found for old_code_partner: nan, partner_code: YUY001
2025-12-01 15:27:12,591 - INFO - [297/468] Processing PO: OEP6708031 (1 lines)
2025-12-01 15:27:12,785 - ERROR -   ERROR Partner not found for old_code_partner: nan, partner_code: SCG002
2025-12-01 15:27:12,789 - INFO - [298/468] Processing PO: OEP6709040 (1 lines)
2025-12-01 15:27:12,991 - ERROR -   ERROR Partner not found for old_code_partner: nan, partner_code: HHO001
2025-12-01 15:27:12,997 - INFO - [299/468] Processing PO: OEP6709042 (1 lines)
2025-12-01 15:27:13,211 - ERROR -   ERROR Partner not found for old_code_partner: nan, partner_code: SCG002
2025-12-01 15:27:13,217 - INFO - [300/468] Processing PO: OEP6709055 (1 lines)
2025-12-01 15:27:13,422 - ERROR -   ERROR Partner not found for old_code_partner: nan, partner_code: ITH002
2025-12-01 15:27:13,427 - INFO - [301/468] Processing PO: OEP6709056 (1 lines)
2025-12-01 15:27:13,665 - ERROR -   ERROR Partner not found for old_code_partner: nan, partner_code: SRT001
2025-12-01 15:27:13,668 - INFO - [302/468] Processing PO: OEP6709057 (1 lines)
2025-12-01 15:27:13,876 - ERROR -   ERROR Partner not found for old_code_partner: nan, partner_code: WST001
2025-12-01 15:27:13,880 - INFO - [303/468] Processing PO: OEP6709060 (1 lines)
2025-12-01 15:27:14,076 - ERROR -   ERROR Partner not found for old_code_partner: nan, partner_code: CTH004
2025-12-01 15:27:14,079 - INFO - [304/468] Processing PO: OEP6709079 (1 lines)
2025-12-01 15:27:14,289 - ERROR -   ERROR Partner not found for old_code_partner: nan, partner_code: BTV017
2025-12-01 15:27:14,297 - INFO - [305/468] Processing PO: OEP6709092 (1 lines)
2025-12-01 15:27:14,547 - ERROR -   ERROR Partner not found for old_code_partner: nan, partner_code: DOHUD01
2025-12-01 15:27:14,550 - INFO - [306/468] Processing PO: OEP6710053/1 (1 lines)
2025-12-01 15:27:15,302 - INFO - Using picking_type_id: คลังสินค้าสำเร็จรูป 1: Receipts (ID: 1)
2025-12-01 15:27:15,538 - ERROR -   ERROR Product not found for old_product_code: nan, default_code: OB-001
2025-12-01 15:27:15,544 - INFO - [307/468] Processing PO: OEP6710053/2 (1 lines)
2025-12-01 15:27:16,339 - INFO - Using picking_type_id: คลังสินค้าสำเร็จรูป 1: Receipts (ID: 1)
2025-12-01 15:27:16,541 - ERROR -   ERROR Product not found for old_product_code: nan, default_code: OB-001
2025-12-01 15:27:16,544 - INFO - [308/468] Processing PO: OEP6710053/3 (1 lines)
2025-12-01 15:27:17,332 - INFO - Using picking_type_id: คลังสินค้าสำเร็จรูป 1: Receipts (ID: 1)
2025-12-01 15:27:17,528 - ERROR -   ERROR Product not found for old_product_code: nan, default_code: OB-001
2025-12-01 15:27:17,534 - INFO - [309/468] Processing PO: OEP6710053/4 (1 lines)
2025-12-01 15:27:18,482 - INFO - Using picking_type_id: คลังสินค้าสำเร็จรูป 1: Receipts (ID: 1)
2025-12-01 15:27:18,691 - ERROR -   ERROR Product not found for old_product_code: nan, default_code: OB-001
2025-12-01 15:27:18,697 - INFO - [310/468] Processing PO: OEP6710053/5 (1 lines)
2025-12-01 15:27:19,515 - INFO - Using picking_type_id: คลังสินค้าสำเร็จรูป 1: Receipts (ID: 1)
2025-12-01 15:27:19,760 - ERROR -   ERROR Product not found for old_product_code: nan, default_code: OB-001
2025-12-01 15:27:19,762 - INFO - [311/468] Processing PO: OEP6710053/6 (1 lines)
2025-12-01 15:27:20,552 - INFO - Using picking_type_id: คลังสินค้าสำเร็จรูป 1: Receipts (ID: 1)
2025-12-01 15:27:20,776 - ERROR -   ERROR Product not found for old_product_code: nan, default_code: OB-001
2025-12-01 15:27:20,783 - INFO - [312/468] Processing PO: OEP6710059 (1 lines)
2025-12-01 15:27:21,041 - ERROR -   ERROR Partner not found for old_code_partner: nan, partner_code: MRH001
2025-12-01 15:27:21,047 - INFO - [313/468] Processing PO: OEP6710061 (1 lines)
2025-12-01 15:27:21,385 - ERROR -   ERROR Partner not found for old_code_partner: nan, partner_code: SMC008
2025-12-01 15:27:21,387 - INFO - [314/468] Processing PO: OEP6710063 (1 lines)
2025-12-01 15:27:21,599 - ERROR -   ERROR Partner not found for old_code_partner: nan, partner_code: SCG002
2025-12-01 15:27:21,621 - INFO - [315/468] Processing PO: OEP6710064 (1 lines)
2025-12-01 15:27:21,881 - ERROR -   ERROR Partner not found for old_code_partner: nan, partner_code: SCG002
2025-12-01 15:27:21,887 - INFO - [316/468] Processing PO: OEP6711051 (1 lines)
2025-12-01 15:27:22,086 - ERROR -   ERROR Partner not found for old_code_partner: nan, partner_code: SCG002
2025-12-01 15:27:22,093 - INFO - [317/468] Processing PO: OEP6711052 (1 lines)
2025-12-01 15:27:22,331 - ERROR -   ERROR Partner not found for old_code_partner: nan, partner_code: YUY001
2025-12-01 15:27:22,335 - INFO - [318/468] Processing PO: OEP6711053 (1 lines)
2025-12-01 15:27:22,558 - ERROR -   ERROR Partner not found for old_code_partner: nan, partner_code: YOH002
2025-12-01 15:27:22,561 - INFO - [319/468] Processing PO: OEP6711055 (1 lines)
2025-12-01 15:27:22,771 - ERROR -   ERROR Partner not found for old_code_partner: nan, partner_code: SMC008
2025-12-01 15:27:22,773 - INFO - [320/468] Processing PO: OEP6712056 (1 lines)
2025-12-01 15:27:22,972 - ERROR -   ERROR Partner not found for old_code_partner: nan, partner_code: SRT001
2025-12-01 15:27:22,976 - INFO - [321/468] Processing PO: OEP6712057 (1 lines)
2025-12-01 15:27:23,268 - ERROR -   ERROR Partner not found for old_code_partner: nan, partner_code: WST001
2025-12-01 15:27:23,273 - INFO - [322/468] Processing PO: OEP6712060 (1 lines)
2025-12-01 15:27:23,469 - ERROR -   ERROR Partner not found for old_code_partner: nan, partner_code: CTH004
2025-12-01 15:27:23,474 - INFO - [323/468] Processing PO: OEP6712066 (1 lines)
2025-12-01 15:27:23,771 - ERROR -   ERROR Partner not found for old_code_partner: nan, partner_code: ITH002
2025-12-01 15:27:23,773 - INFO - [324/468] Processing PO: OEP6712067 (1 lines)
2025-12-01 15:27:23,962 - ERROR -   ERROR Partner not found for old_code_partner: nan, partner_code: SCG002
2025-12-01 15:27:23,964 - INFO - [325/468] Processing PO: OEP6712069 (1 lines)
2025-12-01 15:27:24,147 - ERROR -   ERROR Partner not found for old_code_partner: nan, partner_code: SMC008
2025-12-01 15:27:24,148 - INFO - [326/468] Processing PO: OEP6712095 (1 lines)
2025-12-01 15:27:24,335 - ERROR -   ERROR Partner not found for old_code_partner: nan, partner_code: DOHUD01
2025-12-01 15:27:24,340 - INFO - [327/468] Processing PO: OEP6802074 (1 lines)
2025-12-01 15:27:25,081 - ERROR -   ERROR Partner not found for old_code_partner: nan, partner_code: MRH001
2025-12-01 15:27:25,084 - INFO - [328/468] Processing PO: OEP6802075 (1 lines)
2025-12-01 15:27:25,271 - ERROR -   ERROR Partner not found for old_code_partner: nan, partner_code: JCH001
2025-12-01 15:27:25,273 - INFO - [329/468] Processing PO: OEP6802077 (1 lines)
2025-12-01 15:27:25,469 - ERROR -   ERROR Partner not found for old_code_partner: nan, partner_code: SMC008
2025-12-01 15:27:25,475 - INFO - [330/468] Processing PO: OEP6802079 (1 lines)
2025-12-01 15:27:25,693 - ERROR -   ERROR Partner not found for old_code_partner: nan, partner_code: VEN6500042
2025-12-01 15:27:25,695 - INFO - [331/468] Processing PO: OEP6803054 (1 lines)
2025-12-01 15:27:25,904 - ERROR -   ERROR Partner not found for old_code_partner: nan, partner_code: MRH001
2025-12-01 15:27:25,910 - INFO - [332/468] Processing PO: OEP6803056 (1 lines)
2025-12-01 15:27:26,112 - ERROR -   ERROR Partner not found for old_code_partner: nan, partner_code: SMC008
2025-12-01 15:27:26,114 - INFO - [333/468] Processing PO: OEP6803070 (1 lines)
2025-12-01 15:27:26,353 - ERROR -   ERROR Partner not found for old_code_partner: nan, partner_code: MRH001
2025-12-01 15:27:26,358 - INFO - [334/468] Processing PO: OEP6803071 (1 lines)
2025-12-01 15:27:26,598 - ERROR -   ERROR Partner not found for old_code_partner: nan, partner_code: JCH001
2025-12-01 15:27:26,604 - INFO - [335/468] Processing PO: OEP6803080 (1 lines)
2025-12-01 15:27:26,815 - ERROR -   ERROR Partner not found for old_code_partner: nan, partner_code: GHM001
2025-12-01 15:27:26,817 - INFO - [336/468] Processing PO: OEP6803081 (1 lines)
2025-12-01 15:27:27,040 - ERROR -   ERROR Partner not found for old_code_partner: nan, partner_code: SRT001
2025-12-01 15:27:27,042 - INFO - [337/468] Processing PO: OEP6803082 (1 lines)
2025-12-01 15:27:27,263 - ERROR -   ERROR Partner not found for old_code_partner: nan, partner_code: WST001
2025-12-01 15:27:27,265 - INFO - [338/468] Processing PO: OEP6803085 (1 lines)
2025-12-01 15:27:27,520 - ERROR -   ERROR Partner not found for old_code_partner: nan, partner_code: CTH004
2025-12-01 15:27:27,525 - INFO - [339/468] Processing PO: OEP6803127 (1 lines)
2025-12-01 15:27:27,739 - ERROR -   ERROR Partner not found for old_code_partner: nan, partner_code: DOHUD01
2025-12-01 15:27:27,741 - INFO - [340/468] Processing PO: OEP6803129 (1 lines)
2025-12-01 15:27:27,920 - ERROR -   ERROR Partner not found for old_code_partner: nan, partner_code: DOHUD01
2025-12-01 15:27:27,922 - INFO - [341/468] Processing PO: OEP6803132 (1 lines)
2025-12-01 15:27:28,147 - ERROR -   ERROR Partner not found for old_code_partner: nan, partner_code: SCG002
2025-12-01 15:27:28,149 - INFO - [342/468] Processing PO: OEP6803133 (1 lines)
2025-12-01 15:27:28,370 - ERROR -   ERROR Partner not found for old_code_partner: nan, partner_code: SCG002
2025-12-01 15:27:28,372 - INFO - [343/468] Processing PO: OEP6803134 (1 lines)
2025-12-01 15:27:28,613 - ERROR -   ERROR Partner not found for old_code_partner: nan, partner_code: SCG002
2025-12-01 15:27:28,617 - INFO - [344/468] Processing PO: OEP6804028 (1 lines)
2025-12-01 15:27:28,848 - ERROR -   ERROR Partner not found for old_code_partner: nan, partner_code: OTHER
2025-12-01 15:27:28,850 - INFO - [345/468] Processing PO: OEP6804076 (1 lines)
2025-12-01 15:27:29,075 - ERROR -   ERROR Partner not found for old_code_partner: nan, partner_code: DOHUD01
2025-12-01 15:27:29,081 - INFO - [346/468] Processing PO: OEP6804078 (1 lines)
2025-12-01 15:27:29,319 - ERROR -   ERROR Partner not found for old_code_partner: nan, partner_code: DOHUD01
2025-12-01 15:27:29,321 - INFO - [347/468] Processing PO: OEP6804079 (1 lines)
2025-12-01 15:27:29,535 - ERROR -   ERROR Partner not found for old_code_partner: nan, partner_code: DOHUD01
2025-12-01 15:27:29,540 - INFO - [348/468] Processing PO: OEP6804088 (1 lines)
2025-12-01 15:27:29,741 - ERROR -   ERROR Partner not found for old_code_partner: nan, partner_code: JCH001
2025-12-01 15:27:29,746 - INFO - [349/468] Processing PO: OEP6804090 (1 lines)
2025-12-01 15:27:29,957 - ERROR -   ERROR Partner not found for old_code_partner: nan, partner_code: SMC008
2025-12-01 15:27:29,959 - INFO - [350/468] Processing PO: OEP6804101 (1 lines)
2025-12-01 15:27:30,149 - ERROR -   ERROR Partner not found for old_code_partner: nan, partner_code: DOHUD01
2025-12-01 15:27:30,154 - INFO - [351/468] Processing PO: OEP6804106 (1 lines)
2025-12-01 15:27:30,404 - ERROR -   ERROR Partner not found for old_code_partner: nan, partner_code: SCG002
2025-12-01 15:27:30,409 - INFO - [352/468] Processing PO: OEP6805005 (1 lines)
2025-12-01 15:27:31,392 - INFO - Using picking_type_id: คลังสินค้าสำเร็จรูป 1: Receipts (ID: 1)
2025-12-01 15:27:31,636 - ERROR -   ERROR Product not found for old_product_code: nan, default_code: OB-001
2025-12-01 15:27:31,640 - INFO - [353/468] Processing PO: OEP6805006 (1 lines)
2025-12-01 15:27:32,361 - INFO - Using picking_type_id: คลังสินค้าสำเร็จรูป 1: Receipts (ID: 1)
2025-12-01 15:27:32,620 - ERROR -   ERROR Product not found for old_product_code: nan, default_code: OB-001
2025-12-01 15:27:32,626 - INFO - [354/468] Processing PO: OEP6805007 (1 lines)
2025-12-01 15:27:33,499 - INFO - Using picking_type_id: คลังสินค้าสำเร็จรูป 1: Receipts (ID: 1)
2025-12-01 15:27:33,793 - ERROR -   ERROR Product not found for old_product_code: nan, default_code: OB-001
2025-12-01 15:27:33,795 - INFO - [355/468] Processing PO: OEP6805067 (1 lines)
2025-12-01 15:27:33,981 - ERROR -   ERROR Partner not found for old_code_partner: nan, partner_code: MRH001
2025-12-01 15:27:33,987 - INFO - [356/468] Processing PO: OEP6805068 (1 lines)
2025-12-01 15:27:34,186 - ERROR -   ERROR Partner not found for old_code_partner: nan, partner_code: JCH001
2025-12-01 15:27:34,191 - INFO - [357/468] Processing PO: OEP6805070 (1 lines)
2025-12-01 15:27:34,684 - ERROR -   ERROR Partner not found for old_code_partner: nan, partner_code: SMC008
2025-12-01 15:27:34,689 - INFO - [358/468] Processing PO: OEP6805088 (1 lines)
2025-12-01 15:27:34,904 - ERROR -   ERROR Partner not found for old_code_partner: nan, partner_code: DOHUD01
2025-12-01 15:27:34,906 - INFO - [359/468] Processing PO: OEP6805089 (1 lines)
2025-12-01 15:27:35,140 - ERROR -   ERROR Partner not found for old_code_partner: nan, partner_code: DOHUD01
2025-12-01 15:27:35,142 - INFO - [360/468] Processing PO: OEP6805091 (1 lines)
2025-12-01 15:27:35,421 - ERROR -   ERROR Partner not found for old_code_partner: nan, partner_code: SCG002
2025-12-01 15:27:35,423 - INFO - [361/468] Processing PO: OEP6806061 (1 lines)
2025-12-01 15:27:35,642 - ERROR -   ERROR Partner not found for old_code_partner: nan, partner_code: WST001
2025-12-01 15:27:35,646 - INFO - [362/468] Processing PO: OEP6806062 (1 lines)
2025-12-01 15:27:35,875 - ERROR -   ERROR Partner not found for old_code_partner: nan, partner_code: CHB001
2025-12-01 15:27:35,876 - INFO - [363/468] Processing PO: OEP6806064 (1 lines)
2025-12-01 15:27:36,119 - ERROR -   ERROR Partner not found for old_code_partner: nan, partner_code: CTH004
2025-12-01 15:27:36,123 - INFO - [364/468] Processing PO: OEP6806065 (1 lines)
2025-12-01 15:27:36,371 - ERROR -   ERROR Partner not found for old_code_partner: nan, partner_code: YUY001
2025-12-01 15:27:36,373 - INFO - [365/468] Processing PO: OEP6806066 (1 lines)
2025-12-01 15:27:36,622 - ERROR -   ERROR Partner not found for old_code_partner: nan, partner_code: JCH001
2025-12-01 15:27:36,629 - INFO - [366/468] Processing PO: OEP6806068 (1 lines)
2025-12-01 15:27:36,829 - ERROR -   ERROR Partner not found for old_code_partner: nan, partner_code: SMC008
2025-12-01 15:27:36,834 - INFO - [367/468] Processing PO: OEP6806070 (1 lines)
2025-12-01 15:27:37,036 - ERROR -   ERROR Partner not found for old_code_partner: nan, partner_code: YUY001
2025-12-01 15:27:37,041 - INFO - [368/468] Processing PO: OEP6806071 (1 lines)
2025-12-01 15:27:37,257 - ERROR -   ERROR Partner not found for old_code_partner: nan, partner_code: JCH001
2025-12-01 15:27:37,260 - INFO - [369/468] Processing PO: OEP6806073 (1 lines)
2025-12-01 15:27:37,478 - ERROR -   ERROR Partner not found for old_code_partner: nan, partner_code: SMC008
2025-12-01 15:27:37,479 - INFO - [370/468] Processing PO: OEP6806075 (1 lines)
2025-12-01 15:27:37,730 - ERROR -   ERROR Partner not found for old_code_partner: nan, partner_code: VEN6500042
2025-12-01 15:27:37,735 - INFO - [371/468] Processing PO: OEP6806087 (1 lines)
2025-12-01 15:27:38,039 - ERROR -   ERROR Partner not found for old_code_partner: nan, partner_code: DOHUD01
2025-12-01 15:27:38,044 - INFO - [372/468] Processing PO: OEP6806088 (1 lines)
2025-12-01 15:27:38,255 - ERROR -   ERROR Partner not found for old_code_partner: nan, partner_code: DOHUD01
2025-12-01 15:27:38,259 - INFO - [373/468] Processing PO: OEP6806089 (1 lines)
2025-12-01 15:27:38,434 - ERROR -   ERROR Partner not found for old_code_partner: nan, partner_code: DOHUD01
2025-12-01 15:27:38,439 - INFO - [374/468] Processing PO: OEP6806090 (1 lines)
2025-12-01 15:27:38,650 - ERROR -   ERROR Partner not found for old_code_partner: nan, partner_code: BTV004
2025-12-01 15:27:38,655 - INFO - [375/468] Processing PO: OEP6806091 (1 lines)
2025-12-01 15:27:38,855 - ERROR -   ERROR Partner not found for old_code_partner: nan, partner_code: SCG002
2025-12-01 15:27:38,860 - INFO - [376/468] Processing PO: OEP6807077 (1 lines)
2025-12-01 15:27:39,067 - ERROR -   ERROR Partner not found for old_code_partner: nan, partner_code: MRH001
2025-12-01 15:27:39,073 - INFO - [377/468] Processing PO: OEP6807078 (1 lines)
2025-12-01 15:27:39,260 - ERROR -   ERROR Partner not found for old_code_partner: nan, partner_code: JCH001
2025-12-01 15:27:39,262 - INFO - [378/468] Processing PO: OEP6807079 (1 lines)
2025-12-01 15:27:39,444 - ERROR -   ERROR Partner not found for old_code_partner: nan, partner_code: FIP001
2025-12-01 15:27:39,446 - INFO - [379/468] Processing PO: OEP6807080 (1 lines)
2025-12-01 15:27:39,652 - ERROR -   ERROR Partner not found for old_code_partner: nan, partner_code: YLY001
2025-12-01 15:27:39,658 - INFO - [380/468] Processing PO: OEP6807087 (1 lines)
2025-12-01 15:27:39,878 - ERROR -   ERROR Partner not found for old_code_partner: nan, partner_code: DOHUD01
2025-12-01 15:27:39,880 - INFO - [381/468] Processing PO: OEP6807088 (1 lines)
2025-12-01 15:27:40,081 - ERROR -   ERROR Partner not found for old_code_partner: nan, partner_code: DOHUD01
2025-12-01 15:27:40,087 - INFO - [382/468] Processing PO: OEP6807093 (1 lines)
2025-12-01 15:27:40,308 - ERROR -   ERROR Partner not found for old_code_partner: nan, partner_code: BTV004
2025-12-01 15:27:40,313 - INFO - [383/468] Processing PO: OEP6807094 (1 lines)
2025-12-01 15:27:40,553 - ERROR -   ERROR Partner not found for old_code_partner: nan, partner_code: SCG002
2025-12-01 15:27:40,558 - INFO - [384/468] Processing PO: OEP6808046 (1 lines)
2025-12-01 15:27:40,780 - ERROR -   ERROR Partner not found for old_code_partner: nan, partner_code: DOHUD01
2025-12-01 15:27:40,782 - INFO - [385/468] Processing PO: OEP6808053 (1 lines)
2025-12-01 15:27:41,070 - ERROR -   ERROR Partner not found for old_code_partner: nan, partner_code: DOHUD01
2025-12-01 15:27:41,076 - INFO - [386/468] Processing PO: OEP6808054 (1 lines)
2025-12-01 15:27:41,490 - ERROR -   ERROR Partner not found for old_code_partner: nan, partner_code: MRH001
2025-12-01 15:27:41,492 - INFO - [387/468] Processing PO: OEP6808055 (1 lines)
2025-12-01 15:27:41,691 - ERROR -   ERROR Partner not found for old_code_partner: nan, partner_code: FIP001
2025-12-01 15:27:41,696 - INFO - [388/468] Processing PO: OEP6808056 (1 lines)
2025-12-01 15:27:41,927 - ERROR -   ERROR Partner not found for old_code_partner: nan, partner_code: SMC008
2025-12-01 15:27:41,929 - INFO - [389/468] Processing PO: OEP6808057 (1 lines)
2025-12-01 15:27:42,156 - ERROR -   ERROR Partner not found for old_code_partner: nan, partner_code: YLY001
2025-12-01 15:27:42,160 - INFO - [390/468] Processing PO: OEP6808058 (1 lines)
2025-12-01 15:27:42,368 - ERROR -   ERROR Partner not found for old_code_partner: nan, partner_code: VEN6500042
2025-12-01 15:27:42,371 - INFO - [391/468] Processing PO: OEP6808077 (1 lines)
2025-12-01 15:27:42,579 - ERROR -   ERROR Partner not found for old_code_partner: nan, partner_code: GBRE01
2025-12-01 15:27:42,582 - INFO - [392/468] Processing PO: OEP6808078 (1 lines)
2025-12-01 15:27:42,778 - ERROR -   ERROR Partner not found for old_code_partner: nan, partner_code: GBRE01
2025-12-01 15:27:42,780 - INFO - [393/468] Processing PO: OEP6808084 (1 lines)
2025-12-01 15:27:42,967 - ERROR -   ERROR Partner not found for old_code_partner: nan, partner_code: SCG002
2025-12-01 15:27:42,971 - INFO - [394/468] Processing PO: OEP6808085 (1 lines)
2025-12-01 15:27:43,157 - ERROR -   ERROR Partner not found for old_code_partner: nan, partner_code: BTV004
2025-12-01 15:27:43,165 - INFO - [395/468] Processing PO: OEP6808089 (1 lines)
2025-12-01 15:27:43,362 - ERROR -   ERROR Partner not found for old_code_partner: nan, partner_code: BTV013
2025-12-01 15:27:43,368 - INFO - [396/468] Processing PO: OEP6808091 (1 lines)
2025-12-01 15:27:43,598 - ERROR -   ERROR Partner not found for old_code_partner: nan, partner_code: BTV016
2025-12-01 15:27:43,599 - INFO - [397/468] Processing PO: OEP6809067 (1 lines)
2025-12-01 15:27:43,833 - ERROR -   ERROR Partner not found for old_code_partner: nan, partner_code: BTV017
2025-12-01 15:27:43,835 - INFO - [398/468] Processing PO: OEP6809068 (1 lines)
2025-12-01 15:27:44,078 - ERROR -   ERROR Partner not found for old_code_partner: nan, partner_code: DOHUD01
2025-12-01 15:27:44,082 - INFO - [399/468] Processing PO: OEP6809069 (1 lines)
2025-12-01 15:27:44,320 - ERROR -   ERROR Partner not found for old_code_partner: nan, partner_code: DOHUD01
2025-12-01 15:27:44,326 - INFO - [400/468] Processing PO: OEP6809070 (1 lines)
2025-12-01 15:27:44,564 - ERROR -   ERROR Partner not found for old_code_partner: nan, partner_code: DOHUD01
2025-12-01 15:27:44,566 - INFO - [401/468] Processing PO: OEP6809071 (1 lines)
2025-12-01 15:27:44,786 - ERROR -   ERROR Partner not found for old_code_partner: nan, partner_code: GBRE01
2025-12-01 15:27:44,791 - INFO - [402/468] Processing PO: OEP6809072 (1 lines)
2025-12-01 15:27:44,978 - ERROR -   ERROR Partner not found for old_code_partner: nan, partner_code: GBRE01
2025-12-01 15:27:44,981 - INFO - [403/468] Processing PO: OEP6809073 (1 lines)
2025-12-01 15:27:45,169 - ERROR -   ERROR Partner not found for old_code_partner: nan, partner_code: GBRE01
2025-12-01 15:27:45,172 - INFO - [404/468] Processing PO: OEP6809074 (1 lines)
2025-12-01 15:27:45,666 - ERROR -   ERROR Partner not found for old_code_partner: nan, partner_code: MRH001
2025-12-01 15:27:45,671 - INFO - [405/468] Processing PO: OEP6809075 (1 lines)
2025-12-01 15:27:45,927 - ERROR -   ERROR Partner not found for old_code_partner: nan, partner_code: JCH001
2025-12-01 15:27:45,933 - INFO - [406/468] Processing PO: OEP6809076 (1 lines)
2025-12-01 15:27:46,186 - ERROR -   ERROR Partner not found for old_code_partner: nan, partner_code: FIP001
2025-12-01 15:27:46,188 - INFO - [407/468] Processing PO: OEP6809077 (1 lines)
2025-12-01 15:27:46,464 - ERROR -   ERROR Partner not found for old_code_partner: nan, partner_code: YLY001
2025-12-01 15:27:46,466 - INFO - [408/468] Processing PO: OEP6809078 (1 lines)
2025-12-01 15:27:46,758 - ERROR -   ERROR Partner not found for old_code_partner: nan, partner_code: WST001
2025-12-01 15:27:46,764 - INFO - [409/468] Processing PO: OEP6809079 (1 lines)
2025-12-01 15:27:46,975 - ERROR -   ERROR Partner not found for old_code_partner: nan, partner_code: CBK000
2025-12-01 15:27:46,980 - INFO - [410/468] Processing PO: OEP6809080 (1 lines)
2025-12-01 15:27:47,241 - ERROR -   ERROR Partner not found for old_code_partner: nan, partner_code: CTH004
2025-12-01 15:27:47,246 - INFO - [411/468] Processing PO: OEP6809082 (1 lines)
2025-12-01 15:27:47,552 - ERROR -   ERROR Partner not found for old_code_partner: nan, partner_code: MRH001
