2025-11-21 21:24:57,152 - INFO - Successfully connected to Odoo as apichart@mogen.co.th
2025-11-21 21:24:57,153 - INFO - 
================================================================================
2025-11-21 21:24:57,153 - INFO - Starting import from: Import_PO/Template_PO_new.xlsx
2025-11-21 21:24:57,153 - INFO - Dry-run mode: False
2025-11-21 21:24:57,153 - INFO - ================================================================================
2025-11-21 21:24:57,347 - INFO - ✓ Excel file loaded: 298 total rows
2025-11-21 21:24:57,347 - INFO - ✓ All required columns found
2025-11-21 21:24:57,350 - INFO - ✓ Found 126 purchase orders to process
2025-11-21 21:24:57,350 - INFO - --------------------------------------------------------------------------------
2025-11-21 21:24:57,350 - INFO - [1/126] Processing PO: BPD-6700364 (2 lines)
2025-11-21 21:24:58,550 - ERROR -   ✗ Product not found for old_product_code: NSVH2-02-172, default_code: nan
2025-11-21 21:24:58,555 - INFO - [2/126] Processing PO: BPD-6800308 (1 lines)
2025-11-21 21:24:59,483 - ERROR -   ✗ Product not found for old_product_code: RSF8-804-0001-001, default_code: nan
2025-11-21 21:24:59,486 - INFO - [3/126] Processing PO: BPD-6800383 (1 lines)
2025-11-21 21:25:00,481 - ERROR -   ✗ Product not found for old_product_code: NFG01-F01-0001-PS99, default_code: nan
2025-11-21 21:25:00,484 - INFO - [4/126] Processing PO: BPD-6800603 (3 lines)
2025-11-21 21:25:01,839 - ERROR -   ✗ Product not found for old_product_code: MA01-H03-GT12002400U, default_code: nan
2025-11-21 21:25:01,842 - INFO - [5/126] Processing PO: BPD-6800833 (1 lines)
2025-11-21 21:25:02,795 - ERROR -   ✗ Product not found for old_product_code: SF02-201-0002-005, default_code: nan
2025-11-21 21:25:02,798 - INFO - [6/126] Processing PO: BPD-6800859 (2 lines)
2025-11-21 21:25:03,908 - ERROR -   ✗ Product not found for old_product_code: NFG05-H4-W1-2355, default_code: nan
2025-11-21 21:25:03,910 - INFO - [7/126] Processing PO: BPD-6800865 (5 lines)
2025-11-21 21:25:05,144 - ERROR -   ✗ Product not found for old_product_code: NFG05-GL-622-650, default_code: nan
2025-11-21 21:25:05,147 - INFO - [8/126] Processing PO: BPD-6800867 (1 lines)
2025-11-21 21:25:06,066 - ERROR -   ✗ Product not found for old_product_code: NSF01-101-0001-114, default_code: nan
2025-11-21 21:25:06,068 - INFO - [9/126] Processing PO: BPD-6800872 (1 lines)
2025-11-21 21:25:07,021 - ERROR -   ✗ Product not found for old_product_code: NSF02-203-0001-011, default_code: nan
2025-11-21 21:25:07,024 - INFO - [10/126] Processing PO: BPD-6800873 (1 lines)
2025-11-21 21:25:08,634 - ERROR -   ✗ Product not found for old_product_code: RSF8-804-0002-001, default_code: nan
2025-11-21 21:25:08,637 - INFO - [11/126] Processing PO: BPD-6800876 (3 lines)
2025-11-21 21:25:10,095 - ERROR -   ✗ Product not found for old_product_code: RFC9-910-0002-014/U, default_code: nan
2025-11-21 21:25:10,098 - INFO - [12/126] Processing PO: BPO-6700023 (1 lines)
2025-11-21 21:25:12,273 - INFO - Updated PO BPO-6700023 with 1 additional lines
2025-11-21 21:25:12,273 - INFO -   ✓ Updated PO BPO-6700023
2025-11-21 21:25:12,274 - INFO - [13/126] Processing PO: BPO-6700107 (9 lines)
2025-11-21 21:25:20,488 - INFO - Updated PO BPO-6700107 with 9 additional lines
2025-11-21 21:25:20,489 - INFO -   ✓ Updated PO BPO-6700107
2025-11-21 21:25:20,489 - INFO - [14/126] Processing PO: BPO-6700132 (2 lines)
2025-11-21 21:25:23,029 - INFO - Updated PO BPO-6700132 with 2 additional lines
2025-11-21 21:25:23,030 - INFO -   ✓ Updated PO BPO-6700132
2025-11-21 21:25:23,030 - INFO - [15/126] Processing PO: BPO-6700155 (7 lines)
2025-11-21 21:25:28,827 - INFO - Updated PO BPO-6700155 with 7 additional lines
2025-11-21 21:25:28,828 - INFO -   ✓ Updated PO BPO-6700155
2025-11-21 21:25:28,828 - INFO - [16/126] Processing PO: BPO-6700156 (1 lines)
2025-11-21 21:25:31,521 - INFO - Updated PO BPO-6700156 with 1 additional lines
2025-11-21 21:25:31,521 - INFO -   ✓ Updated PO BPO-6700156
2025-11-21 21:25:31,521 - INFO - [17/126] Processing PO: BPO-6700214 (2 lines)
2025-11-21 21:25:33,247 - INFO - Updated PO BPO-6700214 with 2 additional lines
2025-11-21 21:25:33,247 - INFO -   ✓ Updated PO BPO-6700214
2025-11-21 21:25:33,248 - INFO - [18/126] Processing PO: BPO-6700314 (7 lines)
2025-11-21 21:25:40,433 - INFO - Updated PO BPO-6700314 with 7 additional lines
2025-11-21 21:25:40,434 - INFO -   ✓ Updated PO BPO-6700314
2025-11-21 21:25:40,434 - INFO - [19/126] Processing PO: BPO-6800003 (1 lines)
2025-11-21 21:25:41,426 - ERROR -   ✗ Product not found for old_product_code: 522803-02, default_code: SELE79
2025-11-21 21:25:41,429 - INFO - [20/126] Processing PO: BPO-6800005 (1 lines)
2025-11-21 21:25:45,879 - INFO - Updated PO BPO-6800005 with 1 additional lines
2025-11-21 21:25:45,879 - INFO -   ✓ Updated PO BPO-6800005
2025-11-21 21:25:45,880 - INFO - [21/126] Processing PO: BPO-6800045 (2 lines)
