2025-11-21 22:34:47,064 - INFO - Successfully connected to Odoo as apichart@mogen.co.th
2025-11-21 22:34:47,065 - INFO - 
================================================================================
2025-11-21 22:34:47,065 - INFO - Starting import from: Import_PO/Template_PO_new1.xlsx
2025-11-21 22:34:47,066 - INFO - Dry-run mode: False
2025-11-21 22:34:47,066 - INFO - ================================================================================
2025-11-21 22:34:47,250 - INFO - ✓ Excel file loaded: 8 total rows
2025-11-21 22:34:47,250 - INFO - ✓ All required columns found
2025-11-21 22:34:47,250 - INFO - ✓ Found 5 purchase orders to process
2025-11-21 22:34:47,250 - INFO - --------------------------------------------------------------------------------
2025-11-21 22:34:47,251 - INFO - [1/5] Processing PO: BPD-6700364 (2 lines)
2025-11-21 22:34:48,235 - INFO - Using picking_type_id: คลังสินค้าสำเร็จรูป 2: Receipts (ID: 61)
2025-11-21 22:34:48,817 - INFO - Found tax by amount: 0.0 -> ID 5
2025-11-21 22:34:49,820 - INFO - Found tax by amount: 0.0 -> ID 5
2025-11-21 22:34:49,820 - INFO - PO BPD-6700364 already exists (ID: 485), skipping update
2025-11-21 22:34:49,820 - INFO -   ✓ PO BPD-6700364 already exists, skipped
2025-11-21 22:34:49,820 - INFO - [2/5] Processing PO: BPD-6800308 (1 lines)
2025-11-21 22:34:50,916 - INFO - Using picking_type_id: คลังวัตถุดิบ 2: Receipts (ID: 131)
2025-11-21 22:34:51,873 - INFO - Found tax by amount*100: 7.000000000000001 -> ID 3
2025-11-21 22:34:51,873 - INFO - PO BPD-6800308 already exists (ID: 491), skipping update
2025-11-21 22:34:51,873 - INFO -   ✓ PO BPD-6800308 already exists, skipped
2025-11-21 22:34:51,874 - INFO - [3/5] Processing PO: BPD-6800383 (1 lines)
2025-11-21 22:34:53,052 - INFO - Using picking_type_id: คลังวัตถุดิบ 2: Receipts (ID: 131)
2025-11-21 22:34:53,877 - INFO - Found tax by amount*100: 7.000000000000001 -> ID 3
2025-11-21 22:34:53,877 - INFO - PO BPD-6800383 already exists (ID: 487), skipping update
2025-11-21 22:34:53,877 - INFO -   ✓ PO BPD-6800383 already exists, skipped
2025-11-21 22:34:53,878 - INFO - [4/5] Processing PO: BPD-6800603 (3 lines)
2025-11-21 22:34:54,638 - INFO - Using picking_type_id: คลังวัตถุดิบ 2: Receipts (ID: 131)
2025-11-21 22:34:55,399 - INFO - Found tax by amount*100: 7.000000000000001 -> ID 3
2025-11-21 22:34:56,522 - INFO - Found tax by amount*100: 7.000000000000001 -> ID 3
2025-11-21 22:34:57,231 - INFO - Found tax by amount*100: 7.000000000000001 -> ID 3
2025-11-21 22:34:57,231 - INFO - PO BPD-6800603 already exists (ID: 488), skipping update
2025-11-21 22:34:57,231 - INFO -   ✓ PO BPD-6800603 already exists, skipped
2025-11-21 22:34:57,232 - INFO - [5/5] Processing PO: BPD-6800833 (1 lines)
2025-11-21 22:34:58,024 - INFO - Using picking_type_id: คลังวัตถุดิบ 2: Receipts (ID: 131)
2025-11-21 22:34:58,872 - INFO - Found tax by amount*100: 7.000000000000001 -> ID 3
2025-11-21 22:34:58,872 - INFO - PO BPD-6800833 already exists (ID: 489), skipping update
2025-11-21 22:34:58,872 - INFO -   ✓ PO BPD-6800833 already exists, skipped
2025-11-21 22:34:58,873 - INFO - --------------------------------------------------------------------------------
2025-11-21 22:34:58,873 - INFO - 
================================================================================
2025-11-21 22:34:58,873 - INFO - IMPORT SUMMARY
2025-11-21 22:34:58,873 - INFO - ================================================================================
2025-11-21 22:34:58,873 - INFO - Total POs processed: 5
2025-11-21 22:34:58,873 - INFO - ✓ Successful:        5
2025-11-21 22:34:58,873 - INFO - ✗ Failed:            0
2025-11-21 22:34:58,873 - INFO - Success rate:        100.0%
2025-11-21 22:34:58,873 - INFO - ================================================================================

