2025-12-01 15:30:45,328 - INFO - Successfully connected to Odoo as apichart@mogen.co.th
2025-12-01 15:30:45,328 - INFO - 
================================================================================
2025-12-01 15:30:45,329 - INFO - Starting import from: Import_PO/Template_PO_new.xlsx
2025-12-01 15:30:45,329 - INFO - Dry-run mode: False
2025-12-01 15:30:45,329 - INFO - ================================================================================
2025-12-01 15:30:45,761 - INFO - OK Excel file loaded: 468 total rows
2025-12-01 15:30:45,762 - INFO - OK All required columns found
2025-12-01 15:30:45,769 - INFO - OK Found 468 purchase orders to process
2025-12-01 15:30:45,770 - INFO - --------------------------------------------------------------------------------
2025-12-01 15:30:45,771 - INFO - [1/468] Processing PO: BOEP6708018 (1 lines)
2025-12-01 15:30:46,005 - ERROR -   ERROR Partner not found for old_code_partner: nan, partner_code: I001
2025-12-01 15:30:46,012 - INFO - [2/468] Processing PO: BOEP6708022 (1 lines)
2025-12-01 15:30:46,195 - ERROR -   ERROR Partner not found for old_code_partner: nan, partner_code: I001
2025-12-01 15:30:46,196 - INFO - [3/468] Processing PO: BOEP6709022 (1 lines)
2025-12-01 15:30:46,377 - ERROR -   ERROR Partner not found for old_code_partner: nan, partner_code: I001
2025-12-01 15:30:46,379 - INFO - [4/468] Processing PO: BOEP6710014 (1 lines)
2025-12-01 15:30:46,585 - ERROR -   ERROR Partner not found for old_code_partner: nan, partner_code: I001
2025-12-01 15:30:46,590 - INFO - [5/468] Processing PO: BOEP6711019 (1 lines)
2025-12-01 15:30:46,794 - ERROR -   ERROR Partner not found for old_code_partner: nan, partner_code: I001
2025-12-01 15:30:46,800 - INFO - [6/468] Processing PO: BOEP6712021 (1 lines)
2025-12-01 15:30:46,988 - ERROR -   ERROR Partner not found for old_code_partner: nan, partner_code: I001
2025-12-01 15:30:46,990 - INFO - [7/468] Processing PO: BOEP6712024 (1 lines)
2025-12-01 15:30:47,190 - ERROR -   ERROR Partner not found for old_code_partner: nan, partner_code: I001
2025-12-01 15:30:47,195 - INFO - [8/468] Processing PO: BOEP6801017 (1 lines)
2025-12-01 15:30:47,852 - INFO - Using picking_type_id: คลังสินค้าสำเร็จรูป 1: Receipts (ID: 1)
2025-12-01 15:30:48,260 - INFO - Created PO BOEP6801017 with ID 143
2025-12-01 15:30:48,261 - INFO -   OK Created PO BOEP6801017 with ID 143
2025-12-01 15:30:48,262 - INFO - [9/468] Processing PO: BOEP6805001 (1 lines)
2025-12-01 15:30:48,927 - INFO - Using picking_type_id: คลังสินค้าสำเร็จรูป 1: Receipts (ID: 1)
2025-12-01 15:30:49,379 - INFO - Created PO BOEP6805001 with ID 144
2025-12-01 15:30:49,380 - INFO -   OK Created PO BOEP6805001 with ID 144
2025-12-01 15:30:49,381 - INFO - [10/468] Processing PO: BOEP6805002 (1 lines)
2025-12-01 15:30:50,042 - INFO - Using picking_type_id: คลังสินค้าสำเร็จรูป 1: Receipts (ID: 1)
2025-12-01 15:30:50,502 - INFO - Created PO BOEP6805002 with ID 145
2025-12-01 15:30:50,503 - INFO -   OK Created PO BOEP6805002 with ID 145
2025-12-01 15:30:50,504 - INFO - [11/468] Processing PO: BOEP6805003 (1 lines)
2025-12-01 15:30:51,172 - INFO - Using picking_type_id: คลังสินค้าสำเร็จรูป 1: Receipts (ID: 1)
2025-12-01 15:30:51,632 - INFO - Created PO BOEP6805003 with ID 146
2025-12-01 15:30:51,633 - INFO -   OK Created PO BOEP6805003 with ID 146
2025-12-01 15:30:51,634 - INFO - [12/468] Processing PO: BOEP6805004 (1 lines)
2025-12-01 15:30:52,304 - INFO - Using picking_type_id: คลังสินค้าสำเร็จรูป 1: Receipts (ID: 1)
2025-12-01 15:30:52,738 - INFO - Created PO BOEP6805004 with ID 147
2025-12-01 15:30:52,739 - INFO -   OK Created PO BOEP6805004 with ID 147
2025-12-01 15:30:52,740 - INFO - [13/468] Processing PO: BOEP6805005 (1 lines)
2025-12-01 15:30:53,392 - INFO - Using picking_type_id: คลังสินค้าสำเร็จรูป 1: Receipts (ID: 1)
2025-12-01 15:30:53,796 - INFO - Created PO BOEP6805005 with ID 148
2025-12-01 15:30:53,797 - INFO -   OK Created PO BOEP6805005 with ID 148
2025-12-01 15:30:53,798 - INFO - [14/468] Processing PO: BOEP6805006 (1 lines)
2025-12-01 15:30:54,471 - INFO - Using picking_type_id: คลังสินค้าสำเร็จรูป 1: Receipts (ID: 1)
2025-12-01 15:30:54,887 - INFO - Created PO BOEP6805006 with ID 149
2025-12-01 15:30:54,888 - INFO -   OK Created PO BOEP6805006 with ID 149
2025-12-01 15:30:54,890 - INFO - [15/468] Processing PO: BOEP6805007 (1 lines)
2025-12-01 15:30:55,636 - INFO - Using picking_type_id: คลังสินค้าสำเร็จรูป 1: Receipts (ID: 1)
2025-12-01 15:30:56,084 - INFO - Created PO BOEP6805007 with ID 150
2025-12-01 15:30:56,085 - INFO -   OK Created PO BOEP6805007 with ID 150
2025-12-01 15:30:56,087 - INFO - [16/468] Processing PO: BOEP6805008 (1 lines)
2025-12-01 15:30:56,742 - INFO - Using picking_type_id: คลังสินค้าสำเร็จรูป 1: Receipts (ID: 1)
2025-12-01 15:30:57,139 - INFO - Created PO BOEP6805008 with ID 151
2025-12-01 15:30:57,140 - INFO -   OK Created PO BOEP6805008 with ID 151
2025-12-01 15:30:57,141 - INFO - [17/468] Processing PO: BOEP6805009 (1 lines)
2025-12-01 15:30:57,783 - INFO - Using picking_type_id: คลังสินค้าสำเร็จรูป 1: Receipts (ID: 1)
2025-12-01 15:30:58,253 - INFO - Created PO BOEP6805009 with ID 152
2025-12-01 15:30:58,253 - INFO -   OK Created PO BOEP6805009 with ID 152
2025-12-01 15:30:58,254 - INFO - [18/468] Processing PO: BOEP6805010 (1 lines)
2025-12-01 15:30:59,003 - INFO - Using picking_type_id: คลังสินค้าสำเร็จรูป 1: Receipts (ID: 1)
2025-12-01 15:30:59,429 - INFO - Created PO BOEP6805010 with ID 153
2025-12-01 15:30:59,430 - INFO -   OK Created PO BOEP6805010 with ID 153
2025-12-01 15:30:59,431 - INFO - [19/468] Processing PO: BOEP6805011 (1 lines)
2025-12-01 15:31:00,055 - INFO - Using picking_type_id: คลังสินค้าสำเร็จรูป 1: Receipts (ID: 1)
2025-12-01 15:31:00,546 - INFO - Created PO BOEP6805011 with ID 154
2025-12-01 15:31:00,547 - INFO -   OK Created PO BOEP6805011 with ID 154
2025-12-01 15:31:00,547 - INFO - [20/468] Processing PO: BOEP6805012 (1 lines)
2025-12-01 15:31:01,251 - INFO - Using picking_type_id: คลังสินค้าสำเร็จรูป 1: Receipts (ID: 1)
2025-12-01 15:31:01,707 - INFO - Created PO BOEP6805012 with ID 155
2025-12-01 15:31:01,707 - INFO -   OK Created PO BOEP6805012 with ID 155
2025-12-01 15:31:01,708 - INFO - [21/468] Processing PO: BOEP6805014 (1 lines)
2025-12-01 15:31:02,345 - INFO - Using picking_type_id: คลังสินค้าสำเร็จรูป 1: Receipts (ID: 1)
2025-12-01 15:31:02,845 - INFO - Created PO BOEP6805014 with ID 156
2025-12-01 15:31:02,846 - INFO -   OK Created PO BOEP6805014 with ID 156
2025-12-01 15:31:02,847 - INFO - [22/468] Processing PO: BOEP6805015 (1 lines)
2025-12-01 15:31:03,479 - INFO - Using picking_type_id: คลังสินค้าสำเร็จรูป 1: Receipts (ID: 1)
2025-12-01 15:31:03,898 - INFO - Created PO BOEP6805015 with ID 157
2025-12-01 15:31:03,898 - INFO -   OK Created PO BOEP6805015 with ID 157
2025-12-01 15:31:03,899 - INFO - [23/468] Processing PO: BOEP6805016 (1 lines)
2025-12-01 15:31:04,551 - INFO - Using picking_type_id: คลังสินค้าสำเร็จรูป 1: Receipts (ID: 1)
2025-12-01 15:31:04,983 - INFO - Created PO BOEP6805016 with ID 158
2025-12-01 15:31:04,984 - INFO -   OK Created PO BOEP6805016 with ID 158
2025-12-01 15:31:04,985 - INFO - [24/468] Processing PO: BOEP6810002 (1 lines)
2025-12-01 15:31:05,168 - ERROR -   ERROR Partner not found for old_code_partner: nan, partner_code: VEN6600047
2025-12-01 15:31:05,171 - INFO - [25/468] Processing PO: CR18030032 (1 lines)
2025-12-01 15:31:05,470 - ERROR -   ERROR Partner not found for old_code_partner: nan, partner_code: CSC002
2025-12-01 15:31:05,475 - INFO - [26/468] Processing PO: CR18060039 (1 lines)
2025-12-01 15:31:05,681 - ERROR -   ERROR Partner not found for old_code_partner: nan, partner_code: CSC002
2025-12-01 15:31:05,687 - INFO - [27/468] Processing PO: CR18090037 (1 lines)
2025-12-01 15:31:05,867 - ERROR -   ERROR Partner not found for old_code_partner: nan, partner_code: CSC002
2025-12-01 15:31:05,872 - INFO - [28/468] Processing PO: CR22020024 (1 lines)
2025-12-01 15:31:06,063 - ERROR -   ERROR Partner not found for old_code_partner: nan, partner_code: DOHUD01
2025-12-01 15:31:06,068 - INFO - [29/468] Processing PO: CR22020025 (1 lines)
2025-12-01 15:31:06,241 - ERROR -   ERROR Partner not found for old_code_partner: nan, partner_code: DOHUD01
2025-12-01 15:31:06,246 - INFO - [30/468] Processing PO: CR22020026 (1 lines)
2025-12-01 15:31:06,437 - ERROR -   ERROR Partner not found for old_code_partner: nan, partner_code: DOHUD01
2025-12-01 15:31:06,443 - INFO - [31/468] Processing PO: CR22020027 (1 lines)
2025-12-01 15:31:06,624 - ERROR -   ERROR Partner not found for old_code_partner: nan, partner_code: DOHUD01
2025-12-01 15:31:06,630 - INFO - [32/468] Processing PO: CR22030035 (1 lines)
2025-12-01 15:31:06,816 - ERROR -   ERROR Partner not found for old_code_partner: nan, partner_code: DOHUD01
2025-12-01 15:31:06,822 - INFO - [33/468] Processing PO: CR22030036 (1 lines)
2025-12-01 15:31:07,003 - ERROR -   ERROR Partner not found for old_code_partner: nan, partner_code: DOHUD01
2025-12-01 15:31:07,009 - INFO - [34/468] Processing PO: CR22040028 (1 lines)
2025-12-01 15:31:07,198 - ERROR -   ERROR Partner not found for old_code_partner: nan, partner_code: DOHUD01
2025-12-01 15:31:07,201 - INFO - [35/468] Processing PO: CR22040029 (1 lines)
2025-12-01 15:31:07,370 - ERROR -   ERROR Partner not found for old_code_partner: nan, partner_code: DOHUD01
2025-12-01 15:31:07,371 - INFO - [36/468] Processing PO: CR22050027 (1 lines)
2025-12-01 15:31:07,556 - ERROR -   ERROR Partner not found for old_code_partner: nan, partner_code: DOHUD01
2025-12-01 15:31:07,558 - INFO - [37/468] Processing PO: CR22060036 (1 lines)
2025-12-01 15:31:07,745 - ERROR -   ERROR Partner not found for old_code_partner: nan, partner_code: DOHUD01
2025-12-01 15:31:07,749 - INFO - [38/468] Processing PO: CR22070032 (1 lines)
2025-12-01 15:31:07,924 - ERROR -   ERROR Partner not found for old_code_partner: nan, partner_code: DOHUD01
2025-12-01 15:31:07,929 - INFO - [39/468] Processing PO: CR22080026 (1 lines)
2025-12-01 15:31:08,105 - ERROR -   ERROR Partner not found for old_code_partner: nan, partner_code: DOHUD01
2025-12-01 15:31:08,108 - INFO - [40/468] Processing PO: CR22090030 (1 lines)
2025-12-01 15:31:08,281 - ERROR -   ERROR Partner not found for old_code_partner: nan, partner_code: DOHUD01
2025-12-01 15:31:08,283 - INFO - [41/468] Processing PO: CR22090031 (1 lines)
2025-12-01 15:31:08,471 - ERROR -   ERROR Partner not found for old_code_partner: nan, partner_code: DOHUD01
2025-12-01 15:31:08,473 - INFO - [42/468] Processing PO: CR22100024 (1 lines)
2025-12-01 15:31:08,663 - ERROR -   ERROR Partner not found for old_code_partner: nan, partner_code: DOHUD01
2025-12-01 15:31:08,668 - INFO - [43/468] Processing PO: CR22110028 (1 lines)
2025-12-01 15:31:08,836 - ERROR -   ERROR Partner not found for old_code_partner: nan, partner_code: DOHUD01
2025-12-01 15:31:08,839 - INFO - [44/468] Processing PO: CR23040027 (1 lines)
2025-12-01 15:31:09,007 - ERROR -   ERROR Partner not found for old_code_partner: nan, partner_code: BOO 035
2025-12-01 15:31:09,013 - INFO - [45/468] Processing PO: CR23040031 (1 lines)
2025-12-01 15:31:09,183 - ERROR -   ERROR Partner not found for old_code_partner: nan, partner_code: BOO 035
2025-12-01 15:31:09,185 - INFO - [46/468] Processing PO: CR23090039 (1 lines)
2025-12-01 15:31:09,363 - ERROR -   ERROR Partner not found for old_code_partner: nan, partner_code: BOO 035
2025-12-01 15:31:09,365 - INFO - [47/468] Processing PO: CR23110025 (1 lines)
2025-12-01 15:31:09,545 - ERROR -   ERROR Partner not found for old_code_partner: nan, partner_code: DOHUD01
2025-12-01 15:31:09,547 - INFO - [48/468] Processing PO: CR23120031 (1 lines)
2025-12-01 15:31:09,721 - ERROR -   ERROR Partner not found for old_code_partner: nan, partner_code: DOHUD01
2025-12-01 15:31:09,726 - INFO - [49/468] Processing PO: CR23120049 (1 lines)
2025-12-01 15:31:09,903 - ERROR -   ERROR Partner not found for old_code_partner: nan, partner_code: BOO 035
2025-12-01 15:31:09,908 - INFO - [50/468] Processing PO: CR23120050 (1 lines)
2025-12-01 15:31:10,078 - ERROR -   ERROR Partner not found for old_code_partner: nan, partner_code: BOO 035
2025-12-01 15:31:10,083 - INFO - [51/468] Processing PO: CR24010028 (1 lines)
2025-12-01 15:31:10,254 - ERROR -   ERROR Partner not found for old_code_partner: nan, partner_code: BOO 035
2025-12-01 15:31:10,260 - INFO - [52/468] Processing PO: CR24060025 (1 lines)
2025-12-01 15:31:10,444 - ERROR -   ERROR Partner not found for old_code_partner: nan, partner_code: BOO 035
2025-12-01 15:31:10,447 - INFO - [53/468] Processing PO: CR24060026 (1 lines)
2025-12-01 15:31:10,630 - ERROR -   ERROR Partner not found for old_code_partner: nan, partner_code: BOO 035
2025-12-01 15:31:10,633 - INFO - [54/468] Processing PO: CR24070016 (1 lines)
2025-12-01 15:31:10,824 - ERROR -   ERROR Partner not found for old_code_partner: nan, partner_code: BOO 035
2025-12-01 15:31:10,827 - INFO - [55/468] Processing PO: CR24070017 (1 lines)
2025-12-01 15:31:11,013 - ERROR -   ERROR Partner not found for old_code_partner: nan, partner_code: BOO 035
2025-12-01 15:31:11,019 - INFO - [56/468] Processing PO: CR24070054 (1 lines)
2025-12-01 15:31:11,224 - ERROR -   ERROR Partner not found for old_code_partner: nan, partner_code: DOHUD01
2025-12-01 15:31:11,229 - INFO - [57/468] Processing PO: CR24070061 (1 lines)
2025-12-01 15:31:11,424 - ERROR -   ERROR Partner not found for old_code_partner: nan, partner_code: BOO 035
2025-12-01 15:31:11,429 - INFO - [58/468] Processing PO: CR24070062 (1 lines)
2025-12-01 15:31:11,627 - ERROR -   ERROR Partner not found for old_code_partner: nan, partner_code: BOO 035
2025-12-01 15:31:11,633 - INFO - [59/468] Processing PO: CR24070079 (1 lines)
2025-12-01 15:31:11,814 - ERROR -   ERROR Partner not found for old_code_partner: nan, partner_code: BOO 035
2025-12-01 15:31:11,816 - INFO - [60/468] Processing PO: CR24070080 (1 lines)
2025-12-01 15:31:12,012 - ERROR -   ERROR Partner not found for old_code_partner: nan, partner_code: BOO 035
2025-12-01 15:31:12,018 - INFO - [61/468] Processing PO: CR24080023 (1 lines)
2025-12-01 15:31:12,211 - ERROR -   ERROR Partner not found for old_code_partner: nan, partner_code: BOO 035
2025-12-01 15:31:12,213 - INFO - [62/468] Processing PO: CR24080025 (1 lines)
2025-12-01 15:31:12,403 - ERROR -   ERROR Partner not found for old_code_partner: nan, partner_code: BOO 035
2025-12-01 15:31:12,406 - INFO - [63/468] Processing PO: CR24080026 (1 lines)
2025-12-01 15:31:12,599 - ERROR -   ERROR Partner not found for old_code_partner: nan, partner_code: BOO 035
2025-12-01 15:31:12,605 - INFO - [64/468] Processing PO: CR24080071 (1 lines)
2025-12-01 15:31:12,792 - ERROR -   ERROR Partner not found for old_code_partner: nan, partner_code: BOO 035
2025-12-01 15:31:12,795 - INFO - [65/468] Processing PO: CR24090001 (1 lines)
2025-12-01 15:31:13,001 - ERROR -   ERROR Partner not found for old_code_partner: nan, partner_code: BOO 035
2025-12-01 15:31:13,006 - INFO - [66/468] Processing PO: CR24090027 (1 lines)
2025-12-01 15:31:13,207 - ERROR -   ERROR Partner not found for old_code_partner: nan, partner_code: BOO 035
2025-12-01 15:31:13,212 - INFO - [67/468] Processing PO: CR24090028 (1 lines)
2025-12-01 15:31:13,397 - ERROR -   ERROR Partner not found for old_code_partner: nan, partner_code: BOO 035
2025-12-01 15:31:13,399 - INFO - [68/468] Processing PO: CR24090029 (1 lines)
2025-12-01 15:31:13,587 - ERROR -   ERROR Partner not found for old_code_partner: nan, partner_code: BOO 035
2025-12-01 15:31:13,593 - INFO - [69/468] Processing PO: CR24090030 (1 lines)
2025-12-01 15:31:13,777 - ERROR -   ERROR Partner not found for old_code_partner: nan, partner_code: BOO 035
2025-12-01 15:31:13,783 - INFO - [70/468] Processing PO: CR24090031 (1 lines)
2025-12-01 15:31:13,967 - ERROR -   ERROR Partner not found for old_code_partner: nan, partner_code: BOO 035
2025-12-01 15:31:13,973 - INFO - [71/468] Processing PO: CR24090032 (1 lines)
2025-12-01 15:31:14,155 - ERROR -   ERROR Partner not found for old_code_partner: nan, partner_code: BOO 035
2025-12-01 15:31:14,160 - INFO - [72/468] Processing PO: CR24090033 (1 lines)
2025-12-01 15:31:14,339 - ERROR -   ERROR Partner not found for old_code_partner: nan, partner_code: BOO 035
2025-12-01 15:31:14,344 - INFO - [73/468] Processing PO: CR24090034 (1 lines)
2025-12-01 15:31:14,526 - ERROR -   ERROR Partner not found for old_code_partner: nan, partner_code: BOO 035
2025-12-01 15:31:14,530 - INFO - [74/468] Processing PO: CR24090035 (1 lines)
2025-12-01 15:31:14,721 - ERROR -   ERROR Partner not found for old_code_partner: nan, partner_code: BOO 035
2025-12-01 15:31:14,726 - INFO - [75/468] Processing PO: CR24090048 (1 lines)
2025-12-01 15:31:14,915 - ERROR -   ERROR Partner not found for old_code_partner: nan, partner_code: BOON009
2025-12-01 15:31:14,920 - INFO - [76/468] Processing PO: CR24090051 (1 lines)
2025-12-01 15:31:15,120 - ERROR -   ERROR Partner not found for old_code_partner: nan, partner_code: YJR001
2025-12-01 15:31:15,123 - INFO - [77/468] Processing PO: CR24090053 (1 lines)
2025-12-01 15:31:15,300 - ERROR -   ERROR Partner not found for old_code_partner: nan, partner_code: BOO 035
2025-12-01 15:31:15,305 - INFO - [78/468] Processing PO: CR24100029 (1 lines)
2025-12-01 15:31:15,480 - ERROR -   ERROR Partner not found for old_code_partner: nan, partner_code: BOO 035
2025-12-01 15:31:15,484 - INFO - [79/468] Processing PO: CR24100033 (1 lines)
2025-12-01 15:31:15,685 - ERROR -   ERROR Partner not found for old_code_partner: nan, partner_code: BOO 035
2025-12-01 15:31:15,691 - INFO - [80/468] Processing PO: CR24100034 (1 lines)
2025-12-01 15:31:15,868 - ERROR -   ERROR Partner not found for old_code_partner: nan, partner_code: BOO 035
2025-12-01 15:31:15,873 - INFO - [81/468] Processing PO: CR24100035 (1 lines)
2025-12-01 15:31:16,072 - ERROR -   ERROR Partner not found for old_code_partner: nan, partner_code: BOO 035
2025-12-01 15:31:16,073 - INFO - [82/468] Processing PO: CR24110021 (1 lines)
2025-12-01 15:31:16,344 - ERROR -   ERROR Partner not found for old_code_partner: nan, partner_code: BOO 035
2025-12-01 15:31:16,349 - INFO - [83/468] Processing PO: CR24110022 (1 lines)
2025-12-01 15:31:16,520 - ERROR -   ERROR Partner not found for old_code_partner: nan, partner_code: BOO 035
2025-12-01 15:31:16,525 - INFO - [84/468] Processing PO: CR24110026 (1 lines)
2025-12-01 15:31:16,716 - ERROR -   ERROR Partner not found for old_code_partner: nan, partner_code: BOO 035
2025-12-01 15:31:16,723 - INFO - [85/468] Processing PO: CR24120030 (1 lines)
2025-12-01 15:31:16,911 - ERROR -   ERROR Partner not found for old_code_partner: nan, partner_code: BOO 035
2025-12-01 15:31:16,917 - INFO - [86/468] Processing PO: CR24120032 (1 lines)
2025-12-01 15:31:17,109 - ERROR -   ERROR Partner not found for old_code_partner: nan, partner_code: BOO 035
2025-12-01 15:31:17,114 - INFO - [87/468] Processing PO: CR24120037 (1 lines)
2025-12-01 15:31:17,365 - ERROR -   ERROR Partner not found for old_code_partner: nan, partner_code: BOO 035
2025-12-01 15:31:17,369 - INFO - [88/468] Processing PO: CR24120040 (1 lines)
2025-12-01 15:31:17,582 - ERROR -   ERROR Partner not found for old_code_partner: nan, partner_code: DOHUD01
2025-12-01 15:31:17,587 - INFO - [89/468] Processing PO: CR24120046 (1 lines)
2025-12-01 15:31:17,816 - ERROR -   ERROR Partner not found for old_code_partner: nan, partner_code: BOO 035
2025-12-01 15:31:17,822 - INFO - [90/468] Processing PO: CR25030025 (1 lines)
2025-12-01 15:31:18,145 - ERROR -   ERROR Partner not found for old_code_partner: nan, partner_code: BOO 035
2025-12-01 15:31:18,150 - INFO - [91/468] Processing PO: CR25030026 (1 lines)
2025-12-01 15:31:18,342 - ERROR -   ERROR Partner not found for old_code_partner: nan, partner_code: BOO 035
2025-12-01 15:31:18,347 - INFO - [92/468] Processing PO: CR25030027 (1 lines)
2025-12-01 15:31:18,563 - ERROR -   ERROR Partner not found for old_code_partner: nan, partner_code: BOO 035
2025-12-01 15:31:18,568 - INFO - [93/468] Processing PO: CR25030028 (1 lines)
2025-12-01 15:31:18,768 - ERROR -   ERROR Partner not found for old_code_partner: nan, partner_code: BOO 035
2025-12-01 15:31:18,773 - INFO - [94/468] Processing PO: CR25030029 (1 lines)
2025-12-01 15:31:19,016 - ERROR -   ERROR Partner not found for old_code_partner: nan, partner_code: BOO 035
2025-12-01 15:31:19,018 - INFO - [95/468] Processing PO: CR25030032 (1 lines)
2025-12-01 15:31:19,233 - ERROR -   ERROR Partner not found for old_code_partner: nan, partner_code: BOO 035
2025-12-01 15:31:19,234 - INFO - [96/468] Processing PO: CR25030033 (1 lines)
2025-12-01 15:31:19,420 - ERROR -   ERROR Partner not found for old_code_partner: nan, partner_code: BOO 035
2025-12-01 15:31:19,422 - INFO - [97/468] Processing PO: CR25030034 (1 lines)
2025-12-01 15:31:19,609 - ERROR -   ERROR Partner not found for old_code_partner: nan, partner_code: BOO 035
2025-12-01 15:31:19,611 - INFO - [98/468] Processing PO: CR25050012 (1 lines)
2025-12-01 15:31:19,793 - ERROR -   ERROR Partner not found for old_code_partner: nan, partner_code: BOO 035
2025-12-01 15:31:19,800 - INFO - [99/468] Processing PO: CR25050013 (1 lines)
2025-12-01 15:31:19,994 - ERROR -   ERROR Partner not found for old_code_partner: nan, partner_code: BOO 035
2025-12-01 15:31:19,996 - INFO - [100/468] Processing PO: CR25060011 (1 lines)
2025-12-01 15:31:20,175 - ERROR -   ERROR Partner not found for old_code_partner: nan, partner_code: BOO 035
2025-12-01 15:31:20,181 - INFO - [101/468] Processing PO: CR25060012 (1 lines)
2025-12-01 15:31:20,393 - ERROR -   ERROR Partner not found for old_code_partner: nan, partner_code: BOO 035
2025-12-01 15:31:20,396 - INFO - [102/468] Processing PO: CR25060013 (1 lines)
2025-12-01 15:31:20,598 - ERROR -   ERROR Partner not found for old_code_partner: nan, partner_code: BOO 035
2025-12-01 15:31:20,604 - INFO - [103/468] Processing PO: CR25060014 (1 lines)
2025-12-01 15:31:20,787 - ERROR -   ERROR Partner not found for old_code_partner: nan, partner_code: BOO 035
2025-12-01 15:31:20,788 - INFO - [104/468] Processing PO: CR25060015 (1 lines)
2025-12-01 15:31:20,981 - ERROR -   ERROR Partner not found for old_code_partner: nan, partner_code: BOO 035
2025-12-01 15:31:20,987 - INFO - [105/468] Processing PO: CR25060016 (1 lines)
2025-12-01 15:31:21,231 - ERROR -   ERROR Partner not found for old_code_partner: nan, partner_code: BOO 035
2025-12-01 15:31:21,236 - INFO - [106/468] Processing PO: CR25060017 (1 lines)
2025-12-01 15:31:21,440 - ERROR -   ERROR Partner not found for old_code_partner: nan, partner_code: BOO 035
2025-12-01 15:31:21,445 - INFO - [107/468] Processing PO: CR25060018 (1 lines)
2025-12-01 15:31:21,646 - ERROR -   ERROR Partner not found for old_code_partner: nan, partner_code: BOO 035
2025-12-01 15:31:21,651 - INFO - [108/468] Processing PO: CR25060020 (1 lines)
2025-12-01 15:31:21,942 - ERROR -   ERROR Partner not found for old_code_partner: nan, partner_code: BOO 035
2025-12-01 15:31:21,948 - INFO - [109/468] Processing PO: CR25060021 (1 lines)
2025-12-01 15:31:22,161 - ERROR -   ERROR Partner not found for old_code_partner: nan, partner_code: BOO 035
2025-12-01 15:31:22,167 - INFO - [110/468] Processing PO: CR25070010 (1 lines)
2025-12-01 15:31:22,367 - ERROR -   ERROR Partner not found for old_code_partner: nan, partner_code: BOO 035
2025-12-01 15:31:22,369 - INFO - [111/468] Processing PO: CR25070011 (1 lines)
2025-12-01 15:31:22,579 - ERROR -   ERROR Partner not found for old_code_partner: nan, partner_code: BOO 035
2025-12-01 15:31:22,585 - INFO - [112/468] Processing PO: CR25070012 (1 lines)
2025-12-01 15:31:22,760 - ERROR -   ERROR Partner not found for old_code_partner: nan, partner_code: BOO 035
2025-12-01 15:31:22,765 - INFO - [113/468] Processing PO: CR25070013 (1 lines)
2025-12-01 15:31:22,945 - ERROR -   ERROR Partner not found for old_code_partner: nan, partner_code: BOO 035
2025-12-01 15:31:22,947 - INFO - [114/468] Processing PO: CR25070014 (1 lines)
2025-12-01 15:31:23,121 - ERROR -   ERROR Partner not found for old_code_partner: nan, partner_code: BOO 035
2025-12-01 15:31:23,127 - INFO - [115/468] Processing PO: CR25070016 (1 lines)
2025-12-01 15:31:23,298 - ERROR -   ERROR Partner not found for old_code_partner: nan, partner_code: BOO 035
2025-12-01 15:31:23,301 - INFO - [116/468] Processing PO: CR25070017 (1 lines)
2025-12-01 15:31:23,496 - ERROR -   ERROR Partner not found for old_code_partner: nan, partner_code: BOO 035
2025-12-01 15:31:23,501 - INFO - [117/468] Processing PO: CR25070018 (1 lines)
2025-12-01 15:31:23,675 - ERROR -   ERROR Partner not found for old_code_partner: nan, partner_code: BOO 035
2025-12-01 15:31:23,677 - INFO - [118/468] Processing PO: CR25070020 (1 lines)
2025-12-01 15:31:23,881 - ERROR -   ERROR Partner not found for old_code_partner: nan, partner_code: BOO 035
2025-12-01 15:31:23,887 - INFO - [119/468] Processing PO: CR25070021 (1 lines)
2025-12-01 15:31:24,054 - ERROR -   ERROR Partner not found for old_code_partner: nan, partner_code: BOO 035
2025-12-01 15:31:24,060 - INFO - [120/468] Processing PO: CR25070022 (1 lines)
2025-12-01 15:31:24,223 - ERROR -   ERROR Partner not found for old_code_partner: nan, partner_code: BOO 035
2025-12-01 15:31:24,229 - INFO - [121/468] Processing PO: CR25070024 (1 lines)
2025-12-01 15:31:24,400 - ERROR -   ERROR Partner not found for old_code_partner: nan, partner_code: DOHUD01
2025-12-01 15:31:24,406 - INFO - [122/468] Processing PO: CR25070025 (1 lines)
2025-12-01 15:31:24,576 - ERROR -   ERROR Partner not found for old_code_partner: nan, partner_code: DOHUD01
2025-12-01 15:31:24,581 - INFO - [123/468] Processing PO: CR25070026 (1 lines)
