2025-12-01 16:52:37,886 - INFO - Successfully connected to Odoo as apichart@mogen.co.th
2025-12-01 16:52:37,887 - INFO - 
================================================================================
2025-12-01 16:52:37,888 - INFO - Starting import from: Import_PO/Template_PO_new.xlsx
2025-12-01 16:52:37,889 - INFO - Dry-run mode: False
2025-12-01 16:52:37,890 - INFO - ================================================================================
2025-12-01 16:52:38,384 - INFO - --------------------------------------------------------------------------------
2025-12-01 16:52:38,386 - INFO - [1/468] Processing PO: BOEP6708018 (1 lines)
2025-12-01 16:52:38,547 - INFO - [2/468] Processing PO: BOEP6708022 (1 lines)
2025-12-01 16:52:38,714 - INFO - [3/468] Processing PO: BOEP6709022 (1 lines)
2025-12-01 16:52:38,887 - INFO - [4/468] Processing PO: BOEP6710014 (1 lines)
2025-12-01 16:52:39,058 - INFO - [5/468] Processing PO: BOEP6711019 (1 lines)
2025-12-01 16:52:39,228 - INFO - [6/468] Processing PO: BOEP6712021 (1 lines)
2025-12-01 16:52:39,404 - INFO - [7/468] Processing PO: BOEP6712024 (1 lines)
2025-12-01 16:52:39,573 - INFO - [8/468] Processing PO: BOEP6801017 (1 lines)
2025-12-01 16:52:40,074 - INFO - Using picking_type_id: คลังสินค้าสำเร็จรูป 1: Receipts (ID: 1)
2025-12-01 16:52:40,257 - INFO - PO BOEP6801017 already exists (ID: 143), updating taxes on order lines
2025-12-01 16:52:40,364 - INFO - [9/468] Processing PO: BOEP6805001 (1 lines)
2025-12-01 16:52:40,852 - INFO - Using picking_type_id: คลังสินค้าสำเร็จรูป 1: Receipts (ID: 1)
2025-12-01 16:52:41,034 - INFO - PO BOEP6805001 already exists (ID: 144), updating taxes on order lines
2025-12-01 16:52:41,142 - INFO - [10/468] Processing PO: BOEP6805002 (1 lines)
2025-12-01 16:52:41,611 - INFO - Using picking_type_id: คลังสินค้าสำเร็จรูป 1: Receipts (ID: 1)
2025-12-01 16:52:41,804 - INFO - PO BOEP6805002 already exists (ID: 145), updating taxes on order lines
2025-12-01 16:52:41,906 - INFO - [11/468] Processing PO: BOEP6805003 (1 lines)
2025-12-01 16:52:42,401 - INFO - Using picking_type_id: คลังสินค้าสำเร็จรูป 1: Receipts (ID: 1)
2025-12-01 16:52:42,579 - INFO - PO BOEP6805003 already exists (ID: 146), updating taxes on order lines
2025-12-01 16:52:42,670 - INFO - [12/468] Processing PO: BOEP6805004 (1 lines)
2025-12-01 16:52:43,125 - INFO - Using picking_type_id: คลังสินค้าสำเร็จรูป 1: Receipts (ID: 1)
2025-12-01 16:52:43,307 - INFO - PO BOEP6805004 already exists (ID: 147), updating taxes on order lines
2025-12-01 16:52:43,408 - INFO - [13/468] Processing PO: BOEP6805005 (1 lines)
2025-12-01 16:52:43,886 - INFO - Using picking_type_id: คลังสินค้าสำเร็จรูป 1: Receipts (ID: 1)
2025-12-01 16:52:44,057 - INFO - PO BOEP6805005 already exists (ID: 148), updating taxes on order lines
2025-12-01 16:52:44,150 - INFO - [14/468] Processing PO: BOEP6805006 (1 lines)
2025-12-01 16:52:44,623 - INFO - Using picking_type_id: คลังสินค้าสำเร็จรูป 1: Receipts (ID: 1)
2025-12-01 16:52:44,817 - INFO - PO BOEP6805006 already exists (ID: 149), updating taxes on order lines
2025-12-01 16:52:44,919 - INFO - [15/468] Processing PO: BOEP6805007 (1 lines)
2025-12-01 16:52:45,422 - INFO - Using picking_type_id: คลังสินค้าสำเร็จรูป 1: Receipts (ID: 1)
2025-12-01 16:52:45,609 - INFO - PO BOEP6805007 already exists (ID: 150), updating taxes on order lines
2025-12-01 16:52:45,703 - INFO - [16/468] Processing PO: BOEP6805008 (1 lines)
2025-12-01 16:52:46,172 - INFO - Using picking_type_id: คลังสินค้าสำเร็จรูป 1: Receipts (ID: 1)
2025-12-01 16:52:46,347 - INFO - PO BOEP6805008 already exists (ID: 151), updating taxes on order lines
2025-12-01 16:52:46,452 - INFO - [17/468] Processing PO: BOEP6805009 (1 lines)
2025-12-01 16:52:46,921 - INFO - Using picking_type_id: คลังสินค้าสำเร็จรูป 1: Receipts (ID: 1)
2025-12-01 16:52:47,101 - INFO - PO BOEP6805009 already exists (ID: 152), updating taxes on order lines
2025-12-01 16:52:47,207 - INFO - [18/468] Processing PO: BOEP6805010 (1 lines)
2025-12-01 16:52:47,701 - INFO - Using picking_type_id: คลังสินค้าสำเร็จรูป 1: Receipts (ID: 1)
2025-12-01 16:52:47,910 - INFO - PO BOEP6805010 already exists (ID: 153), updating taxes on order lines
2025-12-01 16:52:48,006 - INFO - [19/468] Processing PO: BOEP6805011 (1 lines)
2025-12-01 16:52:48,522 - INFO - Using picking_type_id: คลังสินค้าสำเร็จรูป 1: Receipts (ID: 1)
2025-12-01 16:52:48,701 - INFO - PO BOEP6805011 already exists (ID: 154), updating taxes on order lines
2025-12-01 16:52:48,814 - INFO - [20/468] Processing PO: BOEP6805012 (1 lines)
2025-12-01 16:52:49,356 - INFO - Using picking_type_id: คลังสินค้าสำเร็จรูป 1: Receipts (ID: 1)
2025-12-01 16:52:49,536 - INFO - PO BOEP6805012 already exists (ID: 155), updating taxes on order lines
2025-12-01 16:52:49,629 - INFO - [21/468] Processing PO: BOEP6805014 (1 lines)
2025-12-01 16:52:50,106 - INFO - Using picking_type_id: คลังสินค้าสำเร็จรูป 1: Receipts (ID: 1)
2025-12-01 16:52:50,273 - INFO - PO BOEP6805014 already exists (ID: 156), updating taxes on order lines
2025-12-01 16:52:50,365 - INFO - [22/468] Processing PO: BOEP6805015 (1 lines)
2025-12-01 16:52:50,862 - INFO - Using picking_type_id: คลังสินค้าสำเร็จรูป 1: Receipts (ID: 1)
2025-12-01 16:52:51,047 - INFO - PO BOEP6805015 already exists (ID: 157), updating taxes on order lines
2025-12-01 16:52:51,141 - INFO - [23/468] Processing PO: BOEP6805016 (1 lines)
2025-12-01 16:52:51,625 - INFO - Using picking_type_id: คลังสินค้าสำเร็จรูป 1: Receipts (ID: 1)
2025-12-01 16:52:51,802 - INFO - PO BOEP6805016 already exists (ID: 158), updating taxes on order lines
2025-12-01 16:52:51,900 - INFO - [24/468] Processing PO: BOEP6810002 (1 lines)
2025-12-01 16:52:52,371 - INFO - Using picking_type_id: คลังสินค้าสำเร็จรูป 1: Receipts (ID: 1)
2025-12-01 16:52:52,912 - INFO - Created PO BOEP6810002 with ID 159
2025-12-01 16:52:52,922 - INFO - [25/468] Processing PO: CR18030032 (1 lines)
2025-12-01 16:52:53,396 - INFO - Using picking_type_id: คลังสินค้าสำเร็จรูป 1: Receipts (ID: 1)
2025-12-01 16:52:53,898 - INFO - Created PO CR18030032 with ID 160
2025-12-01 16:52:53,908 - INFO - [26/468] Processing PO: CR18060039 (1 lines)
2025-12-01 16:52:54,412 - INFO - Using picking_type_id: คลังสินค้าสำเร็จรูป 1: Receipts (ID: 1)
2025-12-01 16:52:55,236 - INFO - Created PO CR18060039 with ID 161
2025-12-01 16:52:55,246 - INFO - [27/468] Processing PO: CR18090037 (1 lines)
2025-12-01 16:52:55,745 - INFO - Using picking_type_id: คลังสินค้าสำเร็จรูป 1: Receipts (ID: 1)
2025-12-01 16:52:56,158 - INFO - Created PO CR18090037 with ID 162
2025-12-01 16:52:56,161 - INFO - [28/468] Processing PO: CR22020024 (1 lines)
2025-12-01 16:52:56,690 - INFO - Using picking_type_id: คลังสินค้าสำเร็จรูป 1: Receipts (ID: 1)
2025-12-01 16:52:57,136 - INFO - Created PO CR22020024 with ID 163
2025-12-01 16:52:57,146 - INFO - [29/468] Processing PO: CR22020025 (1 lines)
2025-12-01 16:52:57,643 - INFO - Using picking_type_id: คลังสินค้าสำเร็จรูป 1: Receipts (ID: 1)
2025-12-01 16:52:58,236 - INFO - Created PO CR22020025 with ID 164
2025-12-01 16:52:58,242 - INFO - [30/468] Processing PO: CR22020026 (1 lines)
2025-12-01 16:52:58,712 - INFO - Using picking_type_id: คลังสินค้าสำเร็จรูป 1: Receipts (ID: 1)
2025-12-01 16:52:59,110 - INFO - Created PO CR22020026 with ID 165
2025-12-01 16:52:59,120 - INFO - [31/468] Processing PO: CR22020027 (1 lines)
2025-12-01 16:52:59,590 - INFO - Using picking_type_id: คลังสินค้าสำเร็จรูป 1: Receipts (ID: 1)
2025-12-01 16:53:00,087 - INFO - Created PO CR22020027 with ID 166
2025-12-01 16:53:00,090 - INFO - [32/468] Processing PO: CR22030035 (1 lines)
2025-12-01 16:53:00,589 - INFO - Using picking_type_id: คลังสินค้าสำเร็จรูป 1: Receipts (ID: 1)
2025-12-01 16:53:01,049 - INFO - Created PO CR22030035 with ID 167
2025-12-01 16:53:01,059 - INFO - [33/468] Processing PO: CR22030036 (1 lines)
2025-12-01 16:53:01,555 - INFO - Using picking_type_id: คลังสินค้าสำเร็จรูป 1: Receipts (ID: 1)
2025-12-01 16:53:02,008 - INFO - Created PO CR22030036 with ID 168
2025-12-01 16:53:02,012 - INFO - [34/468] Processing PO: CR22040028 (1 lines)
2025-12-01 16:53:02,498 - INFO - Using picking_type_id: คลังสินค้าสำเร็จรูป 1: Receipts (ID: 1)
2025-12-01 16:53:02,961 - INFO - Created PO CR22040028 with ID 169
2025-12-01 16:53:02,966 - INFO - [35/468] Processing PO: CR22040029 (1 lines)
2025-12-01 16:53:03,450 - INFO - Using picking_type_id: คลังสินค้าสำเร็จรูป 1: Receipts (ID: 1)
2025-12-01 16:53:03,867 - INFO - Created PO CR22040029 with ID 170
2025-12-01 16:53:03,871 - INFO - [36/468] Processing PO: CR22050027 (1 lines)
2025-12-01 16:53:04,339 - INFO - Using picking_type_id: คลังสินค้าสำเร็จรูป 1: Receipts (ID: 1)
2025-12-01 16:53:04,747 - INFO - Created PO CR22050027 with ID 171
2025-12-01 16:53:04,751 - INFO - [37/468] Processing PO: CR22060036 (1 lines)
2025-12-01 16:53:05,230 - INFO - Using picking_type_id: คลังสินค้าสำเร็จรูป 1: Receipts (ID: 1)
2025-12-01 16:53:05,683 - INFO - Created PO CR22060036 with ID 172
2025-12-01 16:53:05,693 - INFO - [38/468] Processing PO: CR22070032 (1 lines)
2025-12-01 16:53:06,174 - INFO - Using picking_type_id: คลังสินค้าสำเร็จรูป 1: Receipts (ID: 1)
2025-12-01 16:53:06,604 - INFO - Created PO CR22070032 with ID 173
2025-12-01 16:53:06,607 - INFO - [39/468] Processing PO: CR22080026 (1 lines)
2025-12-01 16:53:07,078 - INFO - Using picking_type_id: คลังสินค้าสำเร็จรูป 1: Receipts (ID: 1)
2025-12-01 16:53:07,479 - INFO - Created PO CR22080026 with ID 174
2025-12-01 16:53:07,490 - INFO - [40/468] Processing PO: CR22090030 (1 lines)
2025-12-01 16:53:07,938 - INFO - Using picking_type_id: คลังสินค้าสำเร็จรูป 1: Receipts (ID: 1)
2025-12-01 16:53:08,336 - INFO - Created PO CR22090030 with ID 175
2025-12-01 16:53:08,348 - INFO - [41/468] Processing PO: CR22090031 (1 lines)
2025-12-01 16:53:08,823 - INFO - Using picking_type_id: คลังสินค้าสำเร็จรูป 1: Receipts (ID: 1)
2025-12-01 16:53:09,264 - INFO - Created PO CR22090031 with ID 176
2025-12-01 16:53:09,275 - INFO - [42/468] Processing PO: CR22100024 (1 lines)
2025-12-01 16:53:09,754 - INFO - Using picking_type_id: คลังสินค้าสำเร็จรูป 1: Receipts (ID: 1)
2025-12-01 16:53:10,166 - INFO - Created PO CR22100024 with ID 177
2025-12-01 16:53:10,170 - INFO - [43/468] Processing PO: CR22110028 (1 lines)
2025-12-01 16:53:10,656 - INFO - Using picking_type_id: คลังสินค้าสำเร็จรูป 1: Receipts (ID: 1)
2025-12-01 16:53:11,065 - INFO - Created PO CR22110028 with ID 178
2025-12-01 16:53:11,070 - INFO - [44/468] Processing PO: CR23040027 (1 lines)
2025-12-01 16:53:11,519 - INFO - Using picking_type_id: คลังสินค้าสำเร็จรูป 1: Receipts (ID: 1)
2025-12-01 16:53:11,934 - INFO - Created PO CR23040027 with ID 179
2025-12-01 16:53:11,937 - INFO - [45/468] Processing PO: CR23040031 (1 lines)
2025-12-01 16:53:12,445 - INFO - Using picking_type_id: คลังสินค้าสำเร็จรูป 1: Receipts (ID: 1)
2025-12-01 16:53:12,875 - INFO - Created PO CR23040031 with ID 180
2025-12-01 16:53:12,884 - INFO - [46/468] Processing PO: CR23090039 (1 lines)
2025-12-01 16:53:13,409 - INFO - Using picking_type_id: คลังสินค้าสำเร็จรูป 1: Receipts (ID: 1)
2025-12-01 16:53:13,814 - INFO - Created PO CR23090039 with ID 181
2025-12-01 16:53:13,818 - INFO - [47/468] Processing PO: CR23110025 (1 lines)
2025-12-01 16:53:14,282 - INFO - Using picking_type_id: คลังสินค้าสำเร็จรูป 1: Receipts (ID: 1)
2025-12-01 16:53:14,709 - INFO - Created PO CR23110025 with ID 182
2025-12-01 16:53:14,712 - INFO - [48/468] Processing PO: CR23120031 (1 lines)
2025-12-01 16:53:15,194 - INFO - Using picking_type_id: คลังสินค้าสำเร็จรูป 1: Receipts (ID: 1)
2025-12-01 16:53:15,681 - INFO - Created PO CR23120031 with ID 183
2025-12-01 16:53:15,684 - INFO - [49/468] Processing PO: CR23120049 (1 lines)
2025-12-01 16:53:16,146 - INFO - Using picking_type_id: คลังสินค้าสำเร็จรูป 1: Receipts (ID: 1)
2025-12-01 16:53:16,562 - INFO - Created PO CR23120049 with ID 184
2025-12-01 16:53:16,573 - INFO - [50/468] Processing PO: CR23120050 (1 lines)
2025-12-01 16:53:17,054 - INFO - Using picking_type_id: คลังสินค้าสำเร็จรูป 1: Receipts (ID: 1)
2025-12-01 16:53:17,453 - INFO - Created PO CR23120050 with ID 185
2025-12-01 16:53:17,464 - INFO - [51/468] Processing PO: CR24010028 (1 lines)
2025-12-01 16:53:17,932 - INFO - Using picking_type_id: คลังสินค้าสำเร็จรูป 1: Receipts (ID: 1)
2025-12-01 16:53:18,437 - INFO - Created PO CR24010028 with ID 186
2025-12-01 16:53:18,440 - INFO - [52/468] Processing PO: CR24060025 (1 lines)
2025-12-01 16:53:18,928 - INFO - Using picking_type_id: คลังสินค้าสำเร็จรูป 1: Receipts (ID: 1)
2025-12-01 16:53:19,387 - INFO - Created PO CR24060025 with ID 187
2025-12-01 16:53:19,390 - INFO - [53/468] Processing PO: CR24060026 (1 lines)
2025-12-01 16:53:19,841 - INFO - Using picking_type_id: คลังสินค้าสำเร็จรูป 1: Receipts (ID: 1)
2025-12-01 16:53:20,233 - INFO - Created PO CR24060026 with ID 188
2025-12-01 16:53:20,237 - INFO - [54/468] Processing PO: CR24070016 (1 lines)
2025-12-01 16:53:20,759 - INFO - Using picking_type_id: คลังสินค้าสำเร็จรูป 1: Receipts (ID: 1)
2025-12-01 16:53:21,208 - INFO - Created PO CR24070016 with ID 189
2025-12-01 16:53:21,217 - INFO - [55/468] Processing PO: CR24070017 (1 lines)
2025-12-01 16:53:21,700 - INFO - Using picking_type_id: คลังสินค้าสำเร็จรูป 1: Receipts (ID: 1)
2025-12-01 16:53:22,159 - INFO - Created PO CR24070017 with ID 190
2025-12-01 16:53:22,165 - INFO - [56/468] Processing PO: CR24070054 (1 lines)
2025-12-01 16:53:22,640 - INFO - Using picking_type_id: คลังสินค้าสำเร็จรูป 1: Receipts (ID: 1)
2025-12-01 16:53:23,040 - INFO - Created PO CR24070054 with ID 191
2025-12-01 16:53:23,042 - INFO - [57/468] Processing PO: CR24070061 (1 lines)
2025-12-01 16:53:23,502 - INFO - Using picking_type_id: คลังสินค้าสำเร็จรูป 1: Receipts (ID: 1)
2025-12-01 16:53:23,967 - INFO - Created PO CR24070061 with ID 192
2025-12-01 16:53:23,970 - INFO - [58/468] Processing PO: CR24070062 (1 lines)
2025-12-01 16:53:24,455 - INFO - Using picking_type_id: คลังสินค้าสำเร็จรูป 1: Receipts (ID: 1)
2025-12-01 16:53:24,879 - INFO - Created PO CR24070062 with ID 193
2025-12-01 16:53:24,889 - INFO - [59/468] Processing PO: CR24070079 (1 lines)
2025-12-01 16:53:25,372 - INFO - Using picking_type_id: คลังสินค้าสำเร็จรูป 1: Receipts (ID: 1)
2025-12-01 16:53:25,780 - INFO - Created PO CR24070079 with ID 194
2025-12-01 16:53:25,790 - INFO - [60/468] Processing PO: CR24070080 (1 lines)
2025-12-01 16:53:26,297 - INFO - Using picking_type_id: คลังสินค้าสำเร็จรูป 1: Receipts (ID: 1)
2025-12-01 16:53:26,722 - INFO - Created PO CR24070080 with ID 195
2025-12-01 16:53:26,732 - INFO - [61/468] Processing PO: CR24080023 (1 lines)
2025-12-01 16:53:27,239 - INFO - Using picking_type_id: คลังสินค้าสำเร็จรูป 1: Receipts (ID: 1)
2025-12-01 16:53:27,691 - INFO - Created PO CR24080023 with ID 196
2025-12-01 16:53:27,699 - INFO - [62/468] Processing PO: CR24080025 (1 lines)
2025-12-01 16:53:28,203 - INFO - Using picking_type_id: คลังสินค้าสำเร็จรูป 1: Receipts (ID: 1)
2025-12-01 16:53:28,606 - INFO - Created PO CR24080025 with ID 197
2025-12-01 16:53:28,610 - INFO - [63/468] Processing PO: CR24080026 (1 lines)
2025-12-01 16:53:29,067 - INFO - Using picking_type_id: คลังสินค้าสำเร็จรูป 1: Receipts (ID: 1)
2025-12-01 16:53:29,471 - INFO - Created PO CR24080026 with ID 198
2025-12-01 16:53:29,480 - INFO - [64/468] Processing PO: CR24080071 (1 lines)
2025-12-01 16:53:29,947 - INFO - Using picking_type_id: คลังสินค้าสำเร็จรูป 1: Receipts (ID: 1)
2025-12-01 16:53:30,350 - INFO - Created PO CR24080071 with ID 199
2025-12-01 16:53:30,353 - INFO - [65/468] Processing PO: CR24090001 (1 lines)
2025-12-01 16:53:30,843 - INFO - Using picking_type_id: คลังสินค้าสำเร็จรูป 1: Receipts (ID: 1)
2025-12-01 16:53:31,279 - INFO - Created PO CR24090001 with ID 200
2025-12-01 16:53:31,289 - INFO - [66/468] Processing PO: CR24090027 (1 lines)
2025-12-01 16:53:31,768 - INFO - Using picking_type_id: คลังสินค้าสำเร็จรูป 1: Receipts (ID: 1)
2025-12-01 16:53:32,203 - INFO - Created PO CR24090027 with ID 201
2025-12-01 16:53:32,206 - INFO - [67/468] Processing PO: CR24090028 (1 lines)
2025-12-01 16:53:32,722 - INFO - Using picking_type_id: คลังสินค้าสำเร็จรูป 1: Receipts (ID: 1)
2025-12-01 16:53:33,205 - INFO - Created PO CR24090028 with ID 202
2025-12-01 16:53:33,210 - INFO - [68/468] Processing PO: CR24090029 (1 lines)
2025-12-01 16:53:33,690 - INFO - Using picking_type_id: คลังสินค้าสำเร็จรูป 1: Receipts (ID: 1)
2025-12-01 16:53:34,134 - INFO - Created PO CR24090029 with ID 203
2025-12-01 16:53:34,137 - INFO - [69/468] Processing PO: CR24090030 (1 lines)
2025-12-01 16:53:34,621 - INFO - Using picking_type_id: คลังสินค้าสำเร็จรูป 1: Receipts (ID: 1)
2025-12-01 16:53:35,068 - INFO - Created PO CR24090030 with ID 204
2025-12-01 16:53:35,071 - INFO - [70/468] Processing PO: CR24090031 (1 lines)
2025-12-01 16:53:35,583 - INFO - Using picking_type_id: คลังสินค้าสำเร็จรูป 1: Receipts (ID: 1)
2025-12-01 16:53:36,016 - INFO - Created PO CR24090031 with ID 205
2025-12-01 16:53:36,021 - INFO - [71/468] Processing PO: CR24090032 (1 lines)
2025-12-01 16:53:36,538 - INFO - Using picking_type_id: คลังสินค้าสำเร็จรูป 1: Receipts (ID: 1)
2025-12-01 16:53:36,981 - INFO - Created PO CR24090032 with ID 206
2025-12-01 16:53:36,985 - INFO - [72/468] Processing PO: CR24090033 (1 lines)
