2025-11-21 22:33:09,989 - INFO - Successfully connected to Odoo as apichart@mogen.co.th
2025-11-21 22:33:09,990 - INFO - 
================================================================================
2025-11-21 22:33:09,990 - INFO - Starting import from: Import_PO/Template_PO_new1.xlsx
2025-11-21 22:33:09,990 - INFO - Dry-run mode: True
2025-11-21 22:33:09,990 - INFO - ================================================================================
2025-11-21 22:33:10,224 - INFO - ✓ Excel file loaded: 8 total rows
2025-11-21 22:33:10,224 - INFO - ✓ All required columns found
2025-11-21 22:33:10,225 - INFO - ✓ Found 5 purchase orders to process
2025-11-21 22:33:10,225 - INFO - --------------------------------------------------------------------------------
2025-11-21 22:33:10,225 - INFO - [1/5] Processing PO: BPD-6700364 (2 lines)
2025-11-21 22:33:11,312 - INFO - Using picking_type_id: คลังสินค้าสำเร็จรูป 2: Receipts (ID: 61)
2025-11-21 22:33:11,934 - INFO - Found tax by amount: 0.0 -> ID 5
2025-11-21 22:33:13,024 - INFO - Found tax by amount: 0.0 -> ID 5
2025-11-21 22:33:13,024 - INFO - DRY RUN: Would update PO BPD-6700364 with 2 lines
2025-11-21 22:33:13,024 - INFO -   ✓ DRY RUN: Would update PO BPD-6700364
2025-11-21 22:33:13,025 - INFO - [2/5] Processing PO: BPD-6800308 (1 lines)
2025-11-21 22:33:14,041 - INFO - Using picking_type_id: คลังวัตถุดิบ 2: Receipts (ID: 131)
2025-11-21 22:33:15,281 - INFO - Tax not found for value: 0.07
2025-11-21 22:33:15,282 - INFO - DRY RUN: Would update PO BPD-6800308 with 1 lines
2025-11-21 22:33:15,282 - INFO -   ✓ DRY RUN: Would update PO BPD-6800308
2025-11-21 22:33:15,282 - INFO - [3/5] Processing PO: BPD-6800383 (1 lines)
2025-11-21 22:33:16,311 - INFO - Using picking_type_id: คลังวัตถุดิบ 2: Receipts (ID: 131)
2025-11-21 22:33:17,451 - INFO - Tax not found for value: 0.07
2025-11-21 22:33:17,452 - INFO - DRY RUN: Would update PO BPD-6800383 with 1 lines
2025-11-21 22:33:17,452 - INFO -   ✓ DRY RUN: Would update PO BPD-6800383
2025-11-21 22:33:17,452 - INFO - [4/5] Processing PO: BPD-6800603 (3 lines)
2025-11-21 22:33:18,502 - INFO - Using picking_type_id: คลังวัตถุดิบ 2: Receipts (ID: 131)
2025-11-21 22:33:19,499 - INFO - Tax not found for value: 0.07
2025-11-21 22:33:20,600 - INFO - Tax not found for value: 0.07
2025-11-21 22:33:21,662 - INFO - Tax not found for value: 0.07
2025-11-21 22:33:21,663 - INFO - DRY RUN: Would update PO BPD-6800603 with 3 lines
2025-11-21 22:33:21,663 - INFO -   ✓ DRY RUN: Would update PO BPD-6800603
2025-11-21 22:33:21,663 - INFO - [5/5] Processing PO: BPD-6800833 (1 lines)
2025-11-21 22:33:22,316 - INFO - Using picking_type_id: คลังวัตถุดิบ 2: Receipts (ID: 131)
2025-11-21 22:33:23,189 - INFO - Tax not found for value: 0.07
2025-11-21 22:33:23,190 - INFO - DRY RUN: Would update PO BPD-6800833 with 1 lines
2025-11-21 22:33:23,190 - INFO -   ✓ DRY RUN: Would update PO BPD-6800833
2025-11-21 22:33:23,190 - INFO - --------------------------------------------------------------------------------
2025-11-21 22:33:23,190 - INFO - 
================================================================================
2025-11-21 22:33:23,191 - INFO - IMPORT SUMMARY
2025-11-21 22:33:23,191 - INFO - ================================================================================
2025-11-21 22:33:23,191 - INFO - Total POs processed: 5
2025-11-21 22:33:23,191 - INFO - ✓ Successful:        5
2025-11-21 22:33:23,191 - INFO - ✗ Failed:            0
2025-11-21 22:33:23,191 - INFO - Success rate:        100.0%
2025-11-21 22:33:23,191 - INFO - ================================================================================

