2025-12-01 16:42:35,294 - INFO - Successfully connected to Odoo as apichart@mogen.co.th
2025-12-01 16:42:35,295 - INFO - 
================================================================================
2025-12-01 16:42:35,296 - INFO - Starting import from: Import_PO/Template_PO_new.xlsx
2025-12-01 16:42:35,297 - INFO - Dry-run mode: False
2025-12-01 16:42:35,298 - INFO - ================================================================================
2025-12-01 16:42:35,768 - INFO - OK Excel file loaded: 468 total rows
2025-12-01 16:42:35,769 - INFO - OK All required columns found
2025-12-01 16:42:35,777 - INFO - OK Found 468 purchase orders to process
2025-12-01 16:42:35,777 - INFO - --------------------------------------------------------------------------------
2025-12-01 16:42:35,779 - INFO - [1/468] Processing PO: BOEP6708018 (1 lines)
2025-12-01 16:42:36,189 - ERROR -   ERROR Partner not found for old_code_partner: nan, partner_code: IDS001
2025-12-01 16:42:36,199 - INFO - [2/468] Processing PO: BOEP6708022 (1 lines)
2025-12-01 16:42:36,370 - ERROR -   ERROR Partner not found for old_code_partner: nan, partner_code: IDS001
2025-12-01 16:42:36,372 - INFO - [3/468] Processing PO: BOEP6709022 (1 lines)
2025-12-01 16:42:36,526 - ERROR -   ERROR Partner not found for old_code_partner: nan, partner_code: IDS001
2025-12-01 16:42:36,528 - INFO - [4/468] Processing PO: BOEP6710014 (1 lines)
2025-12-01 16:42:36,774 - ERROR -   ERROR Partner not found for old_code_partner: nan, partner_code: IDS001
2025-12-01 16:42:36,777 - INFO - [5/468] Processing PO: BOEP6711019 (1 lines)
2025-12-01 16:42:37,071 - ERROR -   ERROR Partner not found for old_code_partner: nan, partner_code: IDS001
2025-12-01 16:42:37,076 - INFO - [6/468] Processing PO: BOEP6712021 (1 lines)
2025-12-01 16:42:37,240 - ERROR -   ERROR Partner not found for old_code_partner: nan, partner_code: IDS001
2025-12-01 16:42:37,241 - INFO - [7/468] Processing PO: BOEP6712024 (1 lines)
2025-12-01 16:42:37,547 - ERROR -   ERROR Partner not found for old_code_partner: nan, partner_code: IDS001
2025-12-01 16:42:37,550 - INFO - [8/468] Processing PO: BOEP6801017 (1 lines)
2025-12-01 16:42:38,186 - ERROR -   ERROR Partner not found for old_code_partner: V01507, partner_code: nan
2025-12-01 16:42:38,188 - INFO - [9/468] Processing PO: BOEP6805001 (1 lines)
2025-12-01 16:42:38,516 - ERROR -   ERROR Partner not found for old_code_partner: V01507, partner_code: nan
2025-12-01 16:42:38,517 - INFO - [10/468] Processing PO: BOEP6805002 (1 lines)
2025-12-01 16:42:38,785 - ERROR -   ERROR Partner not found for old_code_partner: V01508, partner_code: nan
2025-12-01 16:42:38,786 - INFO - [11/468] Processing PO: BOEP6805003 (1 lines)
2025-12-01 16:42:39,154 - ERROR -   ERROR Partner not found for old_code_partner: V01509, partner_code: nan
2025-12-01 16:42:39,156 - INFO - [12/468] Processing PO: BOEP6805004 (1 lines)
2025-12-01 16:42:39,330 - ERROR -   ERROR Partner not found for old_code_partner: V01510, partner_code: nan
2025-12-01 16:42:39,333 - INFO - [13/468] Processing PO: BOEP6805005 (1 lines)
2025-12-01 16:42:39,518 - ERROR -   ERROR Partner not found for old_code_partner: V01511, partner_code: nan
2025-12-01 16:42:39,524 - INFO - [14/468] Processing PO: BOEP6805006 (1 lines)
2025-12-01 16:42:39,801 - ERROR -   ERROR Partner not found for old_code_partner: V01512, partner_code: nan
2025-12-01 16:42:39,805 - INFO - [15/468] Processing PO: BOEP6805007 (1 lines)
2025-12-01 16:42:39,979 - ERROR -   ERROR Partner not found for old_code_partner: V01513, partner_code: nan
2025-12-01 16:42:39,981 - INFO - [16/468] Processing PO: BOEP6805008 (1 lines)
2025-12-01 16:42:40,172 - ERROR -   ERROR Partner not found for old_code_partner: V01514, partner_code: nan
2025-12-01 16:42:40,176 - INFO - [17/468] Processing PO: BOEP6805009 (1 lines)
2025-12-01 16:42:40,349 - ERROR -   ERROR Partner not found for old_code_partner: V01515, partner_code: nan
2025-12-01 16:42:40,350 - INFO - [18/468] Processing PO: BOEP6805010 (1 lines)
2025-12-01 16:42:40,510 - ERROR -   ERROR Partner not found for old_code_partner: V01516, partner_code: nan
2025-12-01 16:42:40,516 - INFO - [19/468] Processing PO: BOEP6805011 (1 lines)
2025-12-01 16:42:40,729 - ERROR -   ERROR Partner not found for old_code_partner: V01517, partner_code: nan
2025-12-01 16:42:40,730 - INFO - [20/468] Processing PO: BOEP6805012 (1 lines)
2025-12-01 16:42:40,939 - ERROR -   ERROR Partner not found for old_code_partner: V01518, partner_code: nan
2025-12-01 16:42:40,945 - INFO - [21/468] Processing PO: BOEP6805014 (1 lines)
2025-12-01 16:42:41,199 - ERROR -   ERROR Partner not found for old_code_partner: V01519, partner_code: nan
2025-12-01 16:42:41,201 - INFO - [22/468] Processing PO: BOEP6805015 (1 lines)
2025-12-01 16:42:41,428 - ERROR -   ERROR Partner not found for old_code_partner: V01520, partner_code: nan
2025-12-01 16:42:41,440 - INFO - [23/468] Processing PO: BOEP6805016 (1 lines)
2025-12-01 16:42:41,724 - ERROR -   ERROR Partner not found for old_code_partner: V01521, partner_code: nan
2025-12-01 16:42:41,731 - INFO - [24/468] Processing PO: BOEP6810002 (1 lines)
2025-12-01 16:42:41,933 - ERROR -   ERROR Partner not found for old_code_partner: nan, partner_code: VEN6600047
2025-12-01 16:42:41,939 - INFO - [25/468] Processing PO: CR18030032 (1 lines)
2025-12-01 16:42:42,175 - ERROR -   ERROR Partner not found for old_code_partner: nan, partner_code: CSC002
2025-12-01 16:42:42,178 - INFO - [26/468] Processing PO: CR18060039 (1 lines)
2025-12-01 16:42:42,347 - ERROR -   ERROR Partner not found for old_code_partner: nan, partner_code: CSC002
2025-12-01 16:42:42,351 - INFO - [27/468] Processing PO: CR18090037 (1 lines)
2025-12-01 16:42:42,525 - ERROR -   ERROR Partner not found for old_code_partner: nan, partner_code: CSC002
2025-12-01 16:42:42,527 - INFO - [28/468] Processing PO: CR22020024 (1 lines)
2025-12-01 16:42:42,717 - ERROR -   ERROR Partner not found for old_code_partner: nan, partner_code: DOH001
2025-12-01 16:42:42,720 - INFO - [29/468] Processing PO: CR22020025 (1 lines)
2025-12-01 16:42:42,880 - ERROR -   ERROR Partner not found for old_code_partner: nan, partner_code: DOH001
2025-12-01 16:42:42,882 - INFO - [30/468] Processing PO: CR22020026 (1 lines)
2025-12-01 16:42:43,116 - ERROR -   ERROR Partner not found for old_code_partner: nan, partner_code: DOH001
2025-12-01 16:42:43,122 - INFO - [31/468] Processing PO: CR22020027 (1 lines)
2025-12-01 16:42:43,287 - ERROR -   ERROR Partner not found for old_code_partner: nan, partner_code: DOH001
2025-12-01 16:42:43,292 - INFO - [32/468] Processing PO: CR22030035 (1 lines)
2025-12-01 16:42:43,549 - ERROR -   ERROR Partner not found for old_code_partner: nan, partner_code: DOH001
2025-12-01 16:42:43,551 - INFO - [33/468] Processing PO: CR22030036 (1 lines)
2025-12-01 16:42:43,714 - ERROR -   ERROR Partner not found for old_code_partner: nan, partner_code: DOH001
2025-12-01 16:42:43,720 - INFO - [34/468] Processing PO: CR22040028 (1 lines)
2025-12-01 16:42:43,890 - ERROR -   ERROR Partner not found for old_code_partner: nan, partner_code: DOH001
2025-12-01 16:42:43,895 - INFO - [35/468] Processing PO: CR22040029 (1 lines)
