2025-11-21 21:39:02,142 - INFO - Successfully connected to Odoo as apichart@mogen.co.th
2025-11-21 21:39:02,142 - INFO - 
================================================================================
2025-11-21 21:39:02,143 - INFO - Starting import from: Import_PO/Template_PO_new.xlsx
2025-11-21 21:39:02,143 - INFO - Dry-run mode: False
2025-11-21 21:39:02,143 - INFO - ================================================================================
2025-11-21 21:39:02,341 - INFO - ✓ Excel file loaded: 298 total rows
2025-11-21 21:39:02,341 - INFO - ✓ All required columns found
2025-11-21 21:39:02,342 - INFO - ✓ Found 126 purchase orders to process
2025-11-21 21:39:02,342 - INFO - --------------------------------------------------------------------------------
2025-11-21 21:39:02,342 - INFO - [1/126] Processing PO: BPD-6700364 (2 lines)
2025-11-21 21:39:03,360 - INFO - Using picking_type_id: คลังสินค้าสำเร็จรูป 2: Receipts (ID: 61)
2025-11-21 21:39:03,548 - ERROR -   ✗ Product not found for old_product_code: NSVH2-02-172, default_code: nan
2025-11-21 21:39:03,553 - INFO - [2/126] Processing PO: BPD-6800308 (1 lines)
2025-11-21 21:39:04,730 - INFO - Using picking_type_id: คลังวัตถุดิบ 2: Receipts (ID: 131)
2025-11-21 21:39:04,945 - ERROR -   ✗ Product not found for old_product_code: RSF8-804-0001-001, default_code: nan
2025-11-21 21:39:04,949 - INFO - [3/126] Processing PO: BPD-6800383 (1 lines)
2025-11-21 21:39:06,068 - INFO - Using picking_type_id: คลังวัตถุดิบ 2: Receipts (ID: 131)
2025-11-21 21:39:06,242 - ERROR -   ✗ Product not found for old_product_code: NFG01-F01-0001-PS99, default_code: nan
2025-11-21 21:39:06,245 - INFO - [4/126] Processing PO: BPD-6800603 (3 lines)
2025-11-21 21:39:07,434 - INFO - Using picking_type_id: คลังวัตถุดิบ 2: Receipts (ID: 131)
2025-11-21 21:39:08,032 - ERROR -   ✗ Product not found for old_product_code: MA01-H03-GT12002400U, default_code: nan
2025-11-21 21:39:08,035 - INFO - [5/126] Processing PO: BPD-6800833 (1 lines)
2025-11-21 21:39:09,441 - INFO - Using picking_type_id: คลังวัตถุดิบ 2: Receipts (ID: 131)
2025-11-21 21:39:09,629 - ERROR -   ✗ Product not found for old_product_code: SF02-201-0002-005, default_code: nan
2025-11-21 21:39:09,633 - INFO - [6/126] Processing PO: BPD-6800859 (2 lines)
2025-11-21 21:39:11,269 - INFO - Using picking_type_id: คลังวัตถุดิบ 2: Receipts (ID: 131)
2025-11-21 21:39:11,372 - ERROR -   ✗ Product not found for old_product_code: NFG05-H4-W1-2355, default_code: nan
2025-11-21 21:39:11,376 - INFO - [7/126] Processing PO: BPD-6800865 (5 lines)
2025-11-21 21:39:12,192 - INFO - Using picking_type_id: คลังวัตถุดิบ 2: Receipts (ID: 131)
2025-11-21 21:39:12,296 - ERROR -   ✗ Product not found for old_product_code: NFG05-GL-622-650, default_code: nan
2025-11-21 21:39:12,299 - INFO - [8/126] Processing PO: BPD-6800867 (1 lines)
2025-11-21 21:39:13,133 - INFO - Using picking_type_id: คลังวัตถุดิบ 2: Receipts (ID: 131)
2025-11-21 21:39:13,340 - ERROR -   ✗ Product not found for old_product_code: NSF01-101-0001-114, default_code: nan
2025-11-21 21:39:13,343 - INFO - [9/126] Processing PO: BPD-6800872 (1 lines)
2025-11-21 21:39:14,193 - INFO - Using picking_type_id: คลังสิ้นเปลืองโรงงาน: Receipts (ID: 181)
2025-11-21 21:39:14,296 - ERROR -   ✗ Product not found for old_product_code: NSF02-203-0001-011, default_code: nan
2025-11-21 21:39:14,300 - INFO - [10/126] Processing PO: BPD-6800873 (1 lines)
2025-11-21 21:39:15,278 - INFO - Using picking_type_id: คลังสิ้นเปลืองโรงงาน: Receipts (ID: 181)
2025-11-21 21:39:15,421 - ERROR -   ✗ Product not found for old_product_code: RSF8-804-0002-001, default_code: nan
2025-11-21 21:39:15,424 - INFO - [11/126] Processing PO: BPD-6800876 (3 lines)
2025-11-21 21:39:16,328 - INFO - Using picking_type_id: คลังวัตถุดิบ 2: Receipts (ID: 131)
2025-11-21 21:39:16,510 - ERROR -   ✗ Product not found for old_product_code: RFC9-910-0002-014/U, default_code: nan
2025-11-21 21:39:16,511 - INFO - [12/126] Processing PO: BPO-6700023 (1 lines)
2025-11-21 21:39:17,477 - INFO - Using picking_type_id: คลังสินค้าสำเร็จรูป 2: Receipts (ID: 61)
2025-11-21 21:39:17,837 - INFO - PO BPO-6700023 already exists (ID: 415), skipping update
2025-11-21 21:39:17,838 - INFO -   ✓ PO BPO-6700023 already exists, skipped
2025-11-21 21:39:17,838 - INFO - [13/126] Processing PO: BPO-6700107 (9 lines)
2025-11-21 21:39:18,776 - INFO - Using picking_type_id: คลังสินค้าสำเร็จรูป 2: Receipts (ID: 61)
2025-11-21 21:39:22,170 - INFO - PO BPO-6700107 already exists (ID: 416), skipping update
2025-11-21 21:39:22,171 - INFO -   ✓ PO BPO-6700107 already exists, skipped
2025-11-21 21:39:22,171 - INFO - [14/126] Processing PO: BPO-6700132 (2 lines)
2025-11-21 21:39:23,207 - INFO - Using picking_type_id: คลังสินค้าสำเร็จรูป 2: Receipts (ID: 61)
2025-11-21 21:39:23,905 - INFO - PO BPO-6700132 already exists (ID: 417), skipping update
2025-11-21 21:39:23,905 - INFO -   ✓ PO BPO-6700132 already exists, skipped
2025-11-21 21:39:23,906 - INFO - [15/126] Processing PO: BPO-6700155 (7 lines)
2025-11-21 21:39:24,769 - INFO - Using picking_type_id: คลังสินค้าสำเร็จรูป 2: Receipts (ID: 61)
2025-11-21 21:39:26,744 - INFO - PO BPO-6700155 already exists (ID: 418), skipping update
2025-11-21 21:39:26,744 - INFO -   ✓ PO BPO-6700155 already exists, skipped
2025-11-21 21:39:26,744 - INFO - [16/126] Processing PO: BPO-6700156 (1 lines)
2025-11-21 21:39:27,434 - INFO - Using picking_type_id: คลังสินค้าสำเร็จรูป 2: Receipts (ID: 61)
2025-11-21 21:39:27,688 - INFO - PO BPO-6700156 already exists (ID: 419), skipping update
2025-11-21 21:39:27,688 - INFO -   ✓ PO BPO-6700156 already exists, skipped
2025-11-21 21:39:27,689 - INFO - [17/126] Processing PO: BPO-6700214 (2 lines)
2025-11-21 21:39:28,378 - INFO - Using picking_type_id: คลังสินค้าสำเร็จรูป 2: Receipts (ID: 61)
2025-11-21 21:39:28,938 - INFO - PO BPO-6700214 already exists (ID: 420), skipping update
2025-11-21 21:39:28,938 - INFO -   ✓ PO BPO-6700214 already exists, skipped
2025-11-21 21:39:28,938 - INFO - [18/126] Processing PO: BPO-6700314 (7 lines)
2025-11-21 21:39:29,923 - INFO - Using picking_type_id: คลังสินค้าสำเร็จรูป 2: Receipts (ID: 61)
2025-11-21 21:39:33,092 - INFO - PO BPO-6700314 already exists (ID: 421), skipping update
2025-11-21 21:39:33,093 - INFO -   ✓ PO BPO-6700314 already exists, skipped
2025-11-21 21:39:33,093 - INFO - [19/126] Processing PO: BPO-6800003 (1 lines)
2025-11-21 21:39:33,969 - INFO - Using picking_type_id: คลังสินค้าสำเร็จรูป 2: Receipts (ID: 61)
2025-11-21 21:39:34,188 - ERROR -   ✗ Product not found for old_product_code: 522803-02, default_code: SELE79
2025-11-21 21:39:34,191 - INFO - [20/126] Processing PO: BPO-6800005 (1 lines)
2025-11-21 21:39:34,907 - INFO - Using picking_type_id: คลังสินค้าสำเร็จรูป 2: Receipts (ID: 61)
2025-11-21 21:39:35,134 - INFO - PO BPO-6800005 already exists (ID: 422), skipping update
2025-11-21 21:39:35,135 - INFO -   ✓ PO BPO-6800005 already exists, skipped
2025-11-21 21:39:35,135 - INFO - [21/126] Processing PO: BPO-6800045 (2 lines)
2025-11-21 21:39:35,895 - INFO - Using picking_type_id: คลังสินค้าสำเร็จรูป 2: Receipts (ID: 61)
2025-11-21 21:39:36,528 - INFO - PO BPO-6800045 already exists (ID: 423), skipping update
2025-11-21 21:39:36,529 - INFO -   ✓ PO BPO-6800045 already exists, skipped
2025-11-21 21:39:36,529 - INFO - [22/126] Processing PO: BPO-6800046 (2 lines)
2025-11-21 21:39:37,324 - INFO - Using picking_type_id: คลังสินค้าสำเร็จรูป 2: Receipts (ID: 61)
2025-11-21 21:39:37,789 - INFO - PO BPO-6800046 already exists (ID: 424), skipping update
2025-11-21 21:39:37,789 - INFO -   ✓ PO BPO-6800046 already exists, skipped
2025-11-21 21:39:37,789 - INFO - [23/126] Processing PO: BPO-6800055 (5 lines)
2025-11-21 21:39:38,500 - INFO - Using picking_type_id: คลังสินค้าสำเร็จรูป 2: Receipts (ID: 61)
2025-11-21 21:39:39,833 - INFO - PO BPO-6800055 already exists (ID: 425), skipping update
2025-11-21 21:39:39,833 - INFO -   ✓ PO BPO-6800055 already exists, skipped
2025-11-21 21:39:39,833 - INFO - [24/126] Processing PO: BPO-6800071 (3 lines)
2025-11-21 21:39:41,026 - INFO - Using picking_type_id: คลังสินค้าสำเร็จรูป 2: Receipts (ID: 61)
2025-11-21 21:39:41,427 - ERROR -   ✗ Product not found for old_product_code: 514001, default_code: COS028
2025-11-21 21:39:41,430 - INFO - [25/126] Processing PO: BPO-6800097 (7 lines)
2025-11-21 21:39:43,338 - INFO - Using picking_type_id: คลังสินค้าสำเร็จรูป 2: Receipts (ID: 61)
2025-11-21 21:39:45,875 - INFO - PO BPO-6800097 already exists (ID: 426), skipping update
2025-11-21 21:39:45,875 - INFO -   ✓ PO BPO-6800097 already exists, skipped
2025-11-21 21:39:45,875 - INFO - [26/126] Processing PO: BPO-6800115 (7 lines)
2025-11-21 21:39:46,586 - INFO - Using picking_type_id: คลังสินค้าสำเร็จรูป 2: Receipts (ID: 61)
2025-11-21 21:39:48,670 - INFO - PO BPO-6800115 already exists (ID: 427), skipping update
2025-11-21 21:39:48,670 - INFO -   ✓ PO BPO-6800115 already exists, skipped
2025-11-21 21:39:48,670 - INFO - [27/126] Processing PO: BPO-6800117 (7 lines)
2025-11-21 21:39:49,765 - INFO - Using picking_type_id: คลังสินค้าสำเร็จรูป 2: Receipts (ID: 61)
2025-11-21 21:39:52,337 - INFO - PO BPO-6800117 already exists (ID: 428), skipping update
2025-11-21 21:39:52,338 - INFO -   ✓ PO BPO-6800117 already exists, skipped
2025-11-21 21:39:52,338 - INFO - [28/126] Processing PO: BPO-6800149 (2 lines)
2025-11-21 21:39:53,365 - INFO - Using picking_type_id: คลังสินค้าสำเร็จรูป 2: Receipts (ID: 61)
2025-11-21 21:39:54,131 - INFO - PO BPO-6800149 already exists (ID: 429), skipping update
2025-11-21 21:39:54,131 - INFO -   ✓ PO BPO-6800149 already exists, skipped
2025-11-21 21:39:54,132 - INFO - [29/126] Processing PO: BPO-6800151 (2 lines)
2025-11-21 21:39:55,026 - INFO - Using picking_type_id: คลังสินค้าสำเร็จรูป 2: Receipts (ID: 61)
2025-11-21 21:39:55,854 - INFO - Created PO BPO-6800151 with ID 430
2025-11-21 21:39:55,854 - INFO -   ✓ Created PO BPO-6800151 with ID 430
2025-11-21 21:39:55,855 - INFO - [30/126] Processing PO: BPO-6800162 (1 lines)
2025-11-21 21:39:56,708 - INFO - Using picking_type_id: คลังสินค้าสำเร็จรูป 2: Receipts (ID: 61)
2025-11-21 21:39:57,948 - INFO - Created PO BPO-6800162 with ID 431
2025-11-21 21:39:57,949 - INFO -   ✓ Created PO BPO-6800162 with ID 431
2025-11-21 21:39:57,949 - INFO - [31/126] Processing PO: BPO-6800184 (8 lines)
2025-11-21 21:39:58,676 - INFO - Using picking_type_id: คลังสินค้าสำเร็จรูป 2: Receipts (ID: 61)
2025-11-21 21:40:01,634 - INFO - Created PO BPO-6800184 with ID 432
2025-11-21 21:40:01,635 - INFO -   ✓ Created PO BPO-6800184 with ID 432
2025-11-21 21:40:01,635 - INFO - [32/126] Processing PO: BPO-6800213 (2 lines)
2025-11-21 21:40:02,544 - INFO - Using picking_type_id: คลังสินค้าสำเร็จรูป 2: Receipts (ID: 61)
2025-11-21 21:40:03,690 - INFO - Created PO BPO-6800213 with ID 433
2025-11-21 21:40:03,690 - INFO -   ✓ Created PO BPO-6800213 with ID 433
2025-11-21 21:40:03,691 - INFO - [33/126] Processing PO: BPO-6800220 (4 lines)
2025-11-21 21:40:04,427 - INFO - Using picking_type_id: คลังสินค้าสำเร็จรูป 2: Receipts (ID: 61)
2025-11-21 21:40:05,989 - INFO - Created PO BPO-6800220 with ID 434
2025-11-21 21:40:05,990 - INFO -   ✓ Created PO BPO-6800220 with ID 434
2025-11-21 21:40:05,990 - INFO - [34/126] Processing PO: BPO-6800247 (5 lines)
2025-11-21 21:40:06,637 - INFO - Using picking_type_id: คลังสินค้าสำเร็จรูป 2: Receipts (ID: 61)
2025-11-21 21:40:07,570 - ERROR -   ✗ Product not found for old_product_code: 5228806, default_code: 60105010035
2025-11-21 21:40:07,572 - INFO - [35/126] Processing PO: BPO-6800248 (3 lines)
2025-11-21 21:40:08,241 - INFO - Using picking_type_id: คลังสินค้าสำเร็จรูป 2: Receipts (ID: 61)
2025-11-21 21:40:09,527 - INFO - Created PO BPO-6800248 with ID 435
2025-11-21 21:40:09,527 - INFO -   ✓ Created PO BPO-6800248 with ID 435
2025-11-21 21:40:09,527 - INFO - [36/126] Processing PO: BPO-6800283 (3 lines)
2025-11-21 21:40:10,301 - INFO - Using picking_type_id: คลังสินค้าสำเร็จรูป 2: Receipts (ID: 61)
2025-11-21 21:40:11,643 - INFO - Created PO BPO-6800283 with ID 436
2025-11-21 21:40:11,643 - INFO -   ✓ Created PO BPO-6800283 with ID 436
2025-11-21 21:40:11,643 - INFO - [37/126] Processing PO: BPO-6800323 (2 lines)
2025-11-21 21:40:12,856 - INFO - Using picking_type_id: คลังสินค้าสำเร็จรูป 2: Receipts (ID: 61)
2025-11-21 21:40:14,230 - INFO - Created PO BPO-6800323 with ID 437
2025-11-21 21:40:14,230 - INFO -   ✓ Created PO BPO-6800323 with ID 437
2025-11-21 21:40:14,230 - INFO - [38/126] Processing PO: BPO-6800324 (1 lines)
2025-11-21 21:40:15,536 - INFO - Using picking_type_id: คลังสินค้าสำเร็จรูป 2: Receipts (ID: 61)
2025-11-21 21:40:16,136 - INFO - Created PO BPO-6800324 with ID 438
2025-11-21 21:40:16,136 - INFO -   ✓ Created PO BPO-6800324 with ID 438
2025-11-21 21:40:16,136 - INFO - [39/126] Processing PO: BPO-6800326 (1 lines)
2025-11-21 21:40:16,811 - INFO - Using picking_type_id: คลังสินค้าสำเร็จรูป 2: Receipts (ID: 61)
2025-11-21 21:40:17,409 - INFO - Created PO BPO-6800326 with ID 439
2025-11-21 21:40:17,409 - INFO -   ✓ Created PO BPO-6800326 with ID 439
2025-11-21 21:40:17,409 - INFO - [40/126] Processing PO: BPO-6800334 (1 lines)
2025-11-21 21:40:18,156 - INFO - Using picking_type_id: คลังสินค้าสำเร็จรูป 2: Receipts (ID: 61)
2025-11-21 21:40:18,989 - INFO - Created PO BPO-6800334 with ID 440
2025-11-21 21:40:18,989 - INFO -   ✓ Created PO BPO-6800334 with ID 440
2025-11-21 21:40:18,989 - INFO - [41/126] Processing PO: BPO-6800354 (4 lines)
2025-11-21 21:40:19,738 - INFO - Using picking_type_id: คลังสินค้าสำเร็จรูป 2: Receipts (ID: 61)
2025-11-21 21:40:19,948 - ERROR -   ✗ Product not found for old_product_code: 514001, default_code: AMD018
2025-11-21 21:40:19,951 - INFO - [42/126] Processing PO: BPO-6800357 (9 lines)
2025-11-21 21:40:20,658 - INFO - Using picking_type_id: คลังสินค้าสำเร็จรูป 2: Receipts (ID: 61)
2025-11-21 21:40:20,892 - ERROR -   ✗ Product not found for old_product_code: 5166022, default_code: 60201030117
2025-11-21 21:40:20,896 - INFO - [43/126] Processing PO: BPO-6800365 (1 lines)
2025-11-21 21:40:21,701 - INFO - Using picking_type_id: คลังสินค้าสำเร็จรูป 2: Receipts (ID: 61)
2025-11-21 21:40:21,940 - ERROR -   ✗ Product not found for old_product_code: 514001, default_code: 501200014
2025-11-21 21:40:21,944 - INFO - [44/126] Processing PO: PD-6500139 (1 lines)
2025-11-21 21:40:22,653 - INFO - Using picking_type_id: คลังวัตถุดิบ Supplier: Receipts (ID: 141)
2025-11-21 21:40:23,447 - INFO - Created PO PD-6500139 with ID 441
2025-11-21 21:40:23,447 - INFO -   ✓ Created PO PD-6500139 with ID 441
2025-11-21 21:40:23,448 - INFO - [45/126] Processing PO: PD-6700030 (2 lines)
2025-11-21 21:40:24,230 - INFO - Using picking_type_id: คลังวัตถุดิบ Supplier: Receipts (ID: 141)
2025-11-21 21:40:25,392 - INFO - Created PO PD-6700030 with ID 442
2025-11-21 21:40:25,393 - INFO -   ✓ Created PO PD-6700030 with ID 442
2025-11-21 21:40:25,393 - INFO - [46/126] Processing PO: PD-6800082 (2 lines)
2025-11-21 21:40:26,094 - INFO - Using picking_type_id: คลังสินค้าสำเร็จรูป 1: Receipts (ID: 1)
2025-11-21 21:40:26,968 - INFO - Created PO PD-6800082 with ID 443
2025-11-21 21:40:26,968 - INFO -   ✓ Created PO PD-6800082 with ID 443
2025-11-21 21:40:26,968 - INFO - [47/126] Processing PO: PD-6800227 (1 lines)
2025-11-21 21:40:27,635 - INFO - Using picking_type_id: คลังวัตถุดิบ 1: Receipts (ID: 121)
2025-11-21 21:40:28,188 - INFO - Created PO PD-6800227 with ID 444
2025-11-21 21:40:28,189 - INFO -   ✓ Created PO PD-6800227 with ID 444
2025-11-21 21:40:28,189 - INFO - [48/126] Processing PO: PD-6800254 (1 lines)
2025-11-21 21:40:28,869 - INFO - Using picking_type_id: คลังวัตถุดิบ 1: Receipts (ID: 121)
2025-11-21 21:40:29,386 - INFO - Created PO PD-6800254 with ID 445
2025-11-21 21:40:29,387 - INFO -   ✓ Created PO PD-6800254 with ID 445
2025-11-21 21:40:29,387 - INFO - [49/126] Processing PO: PD-6800405 (1 lines)
2025-11-21 21:40:30,174 - INFO - Using picking_type_id: คลังสินค้าสำเร็จรูป 1: Receipts (ID: 1)
2025-11-21 21:40:30,718 - INFO - Created PO PD-6800405 with ID 446
2025-11-21 21:40:30,718 - INFO -   ✓ Created PO PD-6800405 with ID 446
2025-11-21 21:40:30,718 - INFO - [50/126] Processing PO: PD-6800444 (1 lines)
2025-11-21 21:40:31,472 - INFO - Using picking_type_id: คลังวัตถุดิบ 1: Receipts (ID: 121)
2025-11-21 21:40:31,670 - ERROR -   ✗ Product not found for old_product_code: MAL08NIC000, default_code: nan
2025-11-21 21:40:31,671 - INFO - [51/126] Processing PO: PD-6800476 (1 lines)
2025-11-21 21:40:32,430 - INFO - Using picking_type_id: คลังวัตถุดิบ 1: Receipts (ID: 121)
2025-11-21 21:40:33,359 - INFO - Created PO PD-6800476 with ID 447
2025-11-21 21:40:33,360 - INFO -   ✓ Created PO PD-6800476 with ID 447
2025-11-21 21:40:33,360 - INFO - [52/126] Processing PO: PD-6800516 (1 lines)
2025-11-21 21:40:34,353 - INFO - Using picking_type_id: คลังวัตถุดิบ Supplier: Receipts (ID: 141)
2025-11-21 21:40:35,511 - INFO - Created PO PD-6800516 with ID 448
2025-11-21 21:40:35,511 - INFO -   ✓ Created PO PD-6800516 with ID 448
2025-11-21 21:40:35,511 - INFO - [53/126] Processing PO: PD-6800532 (2 lines)
2025-11-21 21:40:36,569 - INFO - Using picking_type_id: คลังวัตถุดิบ 1: Receipts (ID: 121)
2025-11-21 21:40:37,544 - INFO - Created PO PD-6800532 with ID 449
2025-11-21 21:40:37,544 - INFO -   ✓ Created PO PD-6800532 with ID 449
2025-11-21 21:40:37,545 - INFO - [54/126] Processing PO: PD-6800533 (2 lines)
2025-11-21 21:40:38,239 - INFO - Using picking_type_id: คลังสินค้าสำเร็จรูป 1: Receipts (ID: 1)
2025-11-21 21:40:39,149 - INFO - Created PO PD-6800533 with ID 450
2025-11-21 21:40:39,149 - INFO -   ✓ Created PO PD-6800533 with ID 450
2025-11-21 21:40:39,150 - INFO - [55/126] Processing PO: PD-6800553 (3 lines)
2025-11-21 21:40:39,977 - INFO - Using picking_type_id: คลังสิ้นเปลืองโรงงาน: Receipts (ID: 181)
2025-11-21 21:40:40,102 - ERROR -   ✗ Product not found for old_product_code: PACK00127, default_code: nan
2025-11-21 21:40:40,103 - INFO - [56/126] Processing PO: PD-6800556 (2 lines)
2025-11-21 21:40:41,004 - INFO - Using picking_type_id: คลังวัตถุดิบ Supplier: Receipts (ID: 141)
2025-11-21 21:40:41,906 - INFO - Created PO PD-6800556 with ID 451
2025-11-21 21:40:41,906 - INFO -   ✓ Created PO PD-6800556 with ID 451
2025-11-21 21:40:41,906 - INFO - [57/126] Processing PO: PD-6800572 (3 lines)
2025-11-21 21:40:42,758 - INFO - Using picking_type_id: คลังวัตถุดิบ Supplier: Receipts (ID: 141)
2025-11-21 21:40:43,927 - INFO - Created PO PD-6800572 with ID 452
2025-11-21 21:40:43,927 - INFO -   ✓ Created PO PD-6800572 with ID 452
2025-11-21 21:40:43,927 - INFO - [58/126] Processing PO: PD-6800580 (2 lines)
2025-11-21 21:40:44,801 - INFO - Using picking_type_id: คลังวัตถุดิบ 1: Receipts (ID: 121)
2025-11-21 21:40:45,965 - INFO - Created PO PD-6800580 with ID 453
2025-11-21 21:40:45,965 - INFO -   ✓ Created PO PD-6800580 with ID 453
2025-11-21 21:40:45,966 - INFO - [59/126] Processing PO: PD-6800592 (1 lines)
2025-11-21 21:40:46,675 - INFO - Using picking_type_id: คลังวัตถุดิบ 1: Receipts (ID: 121)
2025-11-21 21:40:46,774 - ERROR -   ✗ Product not found for old_product_code: PACK00291, default_code: nan
2025-11-21 21:40:46,776 - INFO - [60/126] Processing PO: PD-6800595 (2 lines)
2025-11-21 21:40:47,576 - INFO - Using picking_type_id: คลังวัตถุดิบ 1: Receipts (ID: 121)
2025-11-21 21:40:48,462 - INFO - Created PO PD-6800595 with ID 454
2025-11-21 21:40:48,463 - INFO -   ✓ Created PO PD-6800595 with ID 454
2025-11-21 21:40:48,463 - INFO - [61/126] Processing PO: PD-6800598 (2 lines)
2025-11-21 21:40:49,183 - INFO - Using picking_type_id: คลังวัตถุดิบ Supplier: Receipts (ID: 141)
2025-11-21 21:40:50,992 - INFO - Created PO PD-6800598 with ID 455
2025-11-21 21:40:50,994 - INFO -   ✓ Created PO PD-6800598 with ID 455
2025-11-21 21:40:50,994 - INFO - [62/126] Processing PO: PD-6800616 (1 lines)
2025-11-21 21:40:51,737 - INFO - Using picking_type_id: คลังวัตถุดิบ Supplier: Receipts (ID: 141)
2025-11-21 21:40:52,248 - INFO - Created PO PD-6800616 with ID 456
2025-11-21 21:40:52,249 - INFO -   ✓ Created PO PD-6800616 with ID 456
2025-11-21 21:40:52,249 - INFO - [63/126] Processing PO: PD-6800618 (1 lines)
2025-11-21 21:40:52,976 - INFO - Using picking_type_id: คลังสิ้นเปลืองโรงงาน: Receipts (ID: 181)
2025-11-21 21:40:53,074 - ERROR -   ✗ Product not found for old_product_code: SSP00451, default_code: nan
2025-11-21 21:40:53,077 - INFO - [64/126] Processing PO: PD-6800622 (1 lines)
2025-11-21 21:40:53,837 - INFO - Using picking_type_id: คลังวัตถุดิบ 1: Receipts (ID: 121)
2025-11-21 21:40:53,979 - ERROR -   ✗ Product not found for old_product_code: PACK00219, default_code: nan
2025-11-21 21:40:53,980 - INFO - [65/126] Processing PO: PD-6800623 (1 lines)
2025-11-21 21:40:54,731 - INFO - Using picking_type_id: คลังวัตถุดิบ 1: Receipts (ID: 121)
2025-11-21 21:40:56,112 - INFO - Created PO PD-6800623 with ID 457
2025-11-21 21:40:56,113 - INFO -   ✓ Created PO PD-6800623 with ID 457
2025-11-21 21:40:56,113 - INFO - [66/126] Processing PO: PD-6800625 (1 lines)
2025-11-21 21:40:57,101 - INFO - Using picking_type_id: คลังวัตถุดิบ 1: Receipts (ID: 121)
2025-11-21 21:40:57,598 - INFO - Created PO PD-6800625 with ID 458
2025-11-21 21:40:57,599 - INFO -   ✓ Created PO PD-6800625 with ID 458
2025-11-21 21:40:57,600 - INFO - [67/126] Processing PO: PD-6800631 (2 lines)
2025-11-21 21:40:58,292 - INFO - Using picking_type_id: คลังวัตถุดิบ Supplier: Receipts (ID: 141)
2025-11-21 21:40:58,407 - ERROR -   ✗ Product not found for old_product_code: BAC051, default_code: nan
2025-11-21 21:40:58,409 - INFO - [68/126] Processing PO: PD-6800633 (1 lines)
2025-11-21 21:40:59,127 - INFO - Using picking_type_id: คลังวัตถุดิบ 1: Receipts (ID: 121)
2025-11-21 21:40:59,359 - ERROR -   ✗ Product not found for old_product_code: BMA094, default_code: 413010300
2025-11-21 21:40:59,363 - INFO - [69/126] Processing PO: PD-6800634 (1 lines)
2025-11-21 21:41:00,094 - INFO - Using picking_type_id: คลังวัตถุดิบ Supplier: Receipts (ID: 141)
2025-11-21 21:41:00,204 - ERROR -   ✗ Product not found for old_product_code: BMA302BA, default_code: nan
2025-11-21 21:41:00,206 - INFO - [70/126] Processing PO: PD-6800635 (6 lines)
2025-11-21 21:41:00,873 - INFO - Using picking_type_id: คลังวัตถุดิบ 1: Receipts (ID: 121)
2025-11-21 21:41:01,010 - ERROR -   ✗ Product not found for old_product_code: TS00014IJC10000, default_code: nan
2025-11-21 21:41:01,013 - INFO - [71/126] Processing PO: PD-6800636 (6 lines)
2025-11-21 21:41:01,920 - INFO - Using picking_type_id: คลังวัตถุดิบ 1: Receipts (ID: 121)
2025-11-21 21:41:03,175 - ERROR -   ✗ Product not found for old_product_code: MA0566C111, default_code: nan
2025-11-21 21:41:03,177 - INFO - [72/126] Processing PO: PD-6800637 (3 lines)
2025-11-21 21:41:04,149 - INFO - Using picking_type_id: คลังสินค้าสำเร็จรูป 1: Receipts (ID: 1)
2025-11-21 21:41:05,591 - INFO - Created PO PD-6800637 with ID 459
2025-11-21 21:41:05,591 - INFO -   ✓ Created PO PD-6800637 with ID 459
2025-11-21 21:41:05,592 - INFO - [73/126] Processing PO: PD-6800642 (2 lines)
2025-11-21 21:41:06,398 - INFO - Using picking_type_id: คลังสิ้นเปลืองโรงงาน: Receipts (ID: 181)
2025-11-21 21:41:06,553 - ERROR -   ✗ Product not found for old_product_code: SSP00056, default_code: nan
2025-11-21 21:41:06,556 - INFO - [74/126] Processing PO: PD-6800643 (1 lines)
2025-11-21 21:41:07,429 - INFO - Using picking_type_id: คลังสิ้นเปลืองโรงงาน: Receipts (ID: 181)
2025-11-21 21:41:07,571 - ERROR -   ✗ Product not found for old_product_code: SSP00006, default_code: nan
2025-11-21 21:41:07,576 - INFO - [75/126] Processing PO: PD-6800644 (1 lines)
2025-11-21 21:41:08,305 - INFO - Using picking_type_id: คลังสิ้นเปลืองโรงงาน: Receipts (ID: 181)
2025-11-21 21:41:08,911 - INFO - Created PO PD-6800644 with ID 460
2025-11-21 21:41:08,911 - INFO -   ✓ Created PO PD-6800644 with ID 460
2025-11-21 21:41:08,911 - INFO - [76/126] Processing PO: PD-6800645 (1 lines)
2025-11-21 21:41:09,832 - INFO - Using picking_type_id: คลังสิ้นเปลืองโรงงาน: Receipts (ID: 181)
2025-11-21 21:41:10,029 - ERROR -   ✗ Product not found for old_product_code: SSP00267, default_code: nan
2025-11-21 21:41:10,032 - INFO - [77/126] Processing PO: PD-6800646 (1 lines)
2025-11-21 21:41:11,113 - INFO - Using picking_type_id: คลังสิ้นเปลืองโรงงาน: Receipts (ID: 181)
2025-11-21 21:41:11,297 - ERROR -   ✗ Product not found for old_product_code: SSP00017, default_code: nan
2025-11-21 21:41:11,301 - INFO - [78/126] Processing PO: PD-6800647 (1 lines)
2025-11-21 21:41:12,552 - INFO - Using picking_type_id: คลังสิ้นเปลืองโรงงาน: Receipts (ID: 181)
2025-11-21 21:41:13,730 - ERROR - Error creating PO PD-6800647: <Fault 2: "The unit of measure Units defined on the order line doesn't belong to the same category as the unit of measure กิโลกรัม defined on the product. Please correct the unit of measure defined on the order line or on the product, they should belong to the same category.">
2025-11-21 21:41:13,731 - ERROR -   ✗ Error creating PO PD-6800647: <Fault 2: "The unit of measure Units defined on the order line doesn't belong to the same category as the unit of measure กิโลกรัม defined on the product. Please correct the unit of measure defined on the order line or on the product, they should belong to the same category.">
2025-11-21 21:41:13,733 - INFO - [79/126] Processing PO: PD-6800648 (1 lines)
2025-11-21 21:41:14,895 - INFO - Using picking_type_id: คลังสิ้นเปลืองโรงงาน: Receipts (ID: 181)
2025-11-21 21:41:15,089 - ERROR -   ✗ Product not found for old_product_code: SSP00024, default_code: nan
2025-11-21 21:41:15,092 - INFO - [80/126] Processing PO: PD-6800649 (3 lines)
2025-11-21 21:41:16,169 - INFO - Using picking_type_id: คลังสินค้าสำเร็จรูป 1: Receipts (ID: 1)
2025-11-21 21:41:18,129 - INFO - Created PO PD-6800649 with ID 462
2025-11-21 21:41:18,129 - INFO -   ✓ Created PO PD-6800649 with ID 462
2025-11-21 21:41:18,130 - INFO - [81/126] Processing PO: PD-6800650 (2 lines)
2025-11-21 21:41:18,950 - INFO - Using picking_type_id: คลังสิ้นเปลืองโรงงาน: Receipts (ID: 181)
2025-11-21 21:41:19,069 - ERROR -   ✗ Product not found for old_product_code: SSP00130, default_code: nan
2025-11-21 21:41:19,074 - INFO - [82/126] Processing PO: PO-6400285 (1 lines)
