2025-12-01 16:46:41,352 - INFO - Successfully connected to Odoo as apichart@mogen.co.th
2025-12-01 16:46:41,354 - INFO - 
================================================================================
2025-12-01 16:46:41,355 - INFO - Starting import from: Import_PO/Template_PO_new.xlsx
2025-12-01 16:46:41,355 - INFO - Dry-run mode: False
2025-12-01 16:46:41,356 - INFO - ================================================================================
2025-12-01 16:46:41,869 - INFO - OK Excel file loaded: 468 total rows
2025-12-01 16:46:41,870 - INFO - OK All required columns found
2025-12-01 16:46:41,878 - INFO - OK Found 468 purchase orders to process
2025-12-01 16:46:41,878 - INFO - --------------------------------------------------------------------------------
2025-12-01 16:46:41,880 - INFO - [1/468] Processing PO: BOEP6708018 (1 lines)
2025-12-01 16:46:42,876 - ERROR -   ERROR Partner not found for old_code_partner: nan, partner_code: IDS001
2025-12-01 16:46:42,887 - INFO - [2/468] Processing PO: BOEP6708022 (1 lines)
2025-12-01 16:46:43,057 - ERROR -   ERROR Partner not found for old_code_partner: nan, partner_code: IDS001
2025-12-01 16:46:43,060 - INFO - [3/468] Processing PO: BOEP6709022 (1 lines)
2025-12-01 16:46:44,179 - ERROR -   ERROR Partner not found for old_code_partner: nan, partner_code: IDS001
2025-12-01 16:46:44,184 - INFO - [4/468] Processing PO: BOEP6710014 (1 lines)
2025-12-01 16:46:45,216 - ERROR -   ERROR Partner not found for old_code_partner: nan, partner_code: IDS001
2025-12-01 16:46:45,222 - INFO - [5/468] Processing PO: BOEP6711019 (1 lines)
2025-12-01 16:46:46,254 - ERROR -   ERROR Partner not found for old_code_partner: nan, partner_code: IDS001
2025-12-01 16:46:46,256 - INFO - [6/468] Processing PO: BOEP6712021 (1 lines)
2025-12-01 16:46:46,424 - ERROR -   ERROR Partner not found for old_code_partner: nan, partner_code: IDS001
2025-12-01 16:46:46,429 - INFO - [7/468] Processing PO: BOEP6712024 (1 lines)
2025-12-01 16:46:46,592 - ERROR -   ERROR Partner not found for old_code_partner: nan, partner_code: IDS001
2025-12-01 16:46:46,597 - INFO - [8/468] Processing PO: BOEP6801017 (1 lines)
2025-12-01 16:46:46,763 - ERROR -   ERROR Partner not found for old_code_partner: V01507, partner_code: nan
2025-12-01 16:46:46,765 - INFO - [9/468] Processing PO: BOEP6805001 (1 lines)
2025-12-01 16:46:47,729 - ERROR -   ERROR Partner not found for old_code_partner: V01507, partner_code: nan
2025-12-01 16:46:47,734 - INFO - [10/468] Processing PO: BOEP6805002 (1 lines)
2025-12-01 16:46:47,911 - ERROR -   ERROR Partner not found for old_code_partner: V01508, partner_code: nan
2025-12-01 16:46:47,913 - INFO - [11/468] Processing PO: BOEP6805003 (1 lines)
2025-12-01 16:46:48,094 - ERROR -   ERROR Partner not found for old_code_partner: V01509, partner_code: nan
2025-12-01 16:46:48,099 - INFO - [12/468] Processing PO: BOEP6805004 (1 lines)
2025-12-01 16:46:48,260 - ERROR -   ERROR Partner not found for old_code_partner: V01510, partner_code: nan
2025-12-01 16:46:48,265 - INFO - [13/468] Processing PO: BOEP6805005 (1 lines)
2025-12-01 16:46:48,419 - ERROR -   ERROR Partner not found for old_code_partner: V01511, partner_code: nan
2025-12-01 16:46:48,425 - INFO - [14/468] Processing PO: BOEP6805006 (1 lines)
2025-12-01 16:46:48,588 - ERROR -   ERROR Partner not found for old_code_partner: V01512, partner_code: nan
2025-12-01 16:46:48,594 - INFO - [15/468] Processing PO: BOEP6805007 (1 lines)
2025-12-01 16:46:48,782 - ERROR -   ERROR Partner not found for old_code_partner: V01513, partner_code: nan
2025-12-01 16:46:48,788 - INFO - [16/468] Processing PO: BOEP6805008 (1 lines)
2025-12-01 16:46:48,958 - ERROR -   ERROR Partner not found for old_code_partner: V01514, partner_code: nan
2025-12-01 16:46:48,964 - INFO - [17/468] Processing PO: BOEP6805009 (1 lines)
2025-12-01 16:46:49,129 - ERROR -   ERROR Partner not found for old_code_partner: V01515, partner_code: nan
2025-12-01 16:46:49,135 - INFO - [18/468] Processing PO: BOEP6805010 (1 lines)
2025-12-01 16:46:49,309 - ERROR -   ERROR Partner not found for old_code_partner: V01516, partner_code: nan
2025-12-01 16:46:49,314 - INFO - [19/468] Processing PO: BOEP6805011 (1 lines)
2025-12-01 16:46:49,489 - ERROR -   ERROR Partner not found for old_code_partner: V01517, partner_code: nan
2025-12-01 16:46:49,494 - INFO - [20/468] Processing PO: BOEP6805012 (1 lines)
2025-12-01 16:46:49,684 - ERROR -   ERROR Partner not found for old_code_partner: V01518, partner_code: nan
2025-12-01 16:46:49,689 - INFO - [21/468] Processing PO: BOEP6805014 (1 lines)
2025-12-01 16:46:49,859 - ERROR -   ERROR Partner not found for old_code_partner: V01519, partner_code: nan
2025-12-01 16:46:49,861 - INFO - [22/468] Processing PO: BOEP6805015 (1 lines)
2025-12-01 16:46:50,036 - ERROR -   ERROR Partner not found for old_code_partner: V01520, partner_code: nan
2025-12-01 16:46:50,040 - INFO - [23/468] Processing PO: BOEP6805016 (1 lines)
2025-12-01 16:46:50,203 - ERROR -   ERROR Partner not found for old_code_partner: V01521, partner_code: nan
2025-12-01 16:46:50,205 - INFO - [24/468] Processing PO: BOEP6810002 (1 lines)
2025-12-01 16:46:50,381 - ERROR -   ERROR Partner not found for old_code_partner: nan, partner_code: VEN6600047
2025-12-01 16:46:50,386 - INFO - [25/468] Processing PO: CR18030032 (1 lines)
2025-12-01 16:46:50,568 - ERROR -   ERROR Partner not found for old_code_partner: nan, partner_code: CSC002
2025-12-01 16:46:50,574 - INFO - [26/468] Processing PO: CR18060039 (1 lines)
2025-12-01 16:46:50,741 - ERROR -   ERROR Partner not found for old_code_partner: nan, partner_code: CSC002
2025-12-01 16:46:50,746 - INFO - [27/468] Processing PO: CR18090037 (1 lines)
2025-12-01 16:46:51,079 - ERROR -   ERROR Partner not found for old_code_partner: nan, partner_code: CSC002
2025-12-01 16:46:51,083 - INFO - [28/468] Processing PO: CR22020024 (1 lines)
2025-12-01 16:46:51,243 - ERROR -   ERROR Partner not found for old_code_partner: nan, partner_code: DOH001
2025-12-01 16:46:51,245 - INFO - [29/468] Processing PO: CR22020025 (1 lines)
2025-12-01 16:46:51,405 - ERROR -   ERROR Partner not found for old_code_partner: nan, partner_code: DOH001
2025-12-01 16:46:51,407 - INFO - [30/468] Processing PO: CR22020026 (1 lines)
2025-12-01 16:46:51,562 - ERROR -   ERROR Partner not found for old_code_partner: nan, partner_code: DOH001
2025-12-01 16:46:51,565 - INFO - [31/468] Processing PO: CR22020027 (1 lines)
2025-12-01 16:46:51,754 - ERROR -   ERROR Partner not found for old_code_partner: nan, partner_code: DOH001
2025-12-01 16:46:51,759 - INFO - [32/468] Processing PO: CR22030035 (1 lines)
2025-12-01 16:46:51,926 - ERROR -   ERROR Partner not found for old_code_partner: nan, partner_code: DOH001
2025-12-01 16:46:51,933 - INFO - [33/468] Processing PO: CR22030036 (1 lines)
2025-12-01 16:46:52,085 - ERROR -   ERROR Partner not found for old_code_partner: nan, partner_code: DOH001
2025-12-01 16:46:52,087 - INFO - [34/468] Processing PO: CR22040028 (1 lines)
2025-12-01 16:46:52,247 - ERROR -   ERROR Partner not found for old_code_partner: nan, partner_code: DOH001
2025-12-01 16:46:52,252 - INFO - [35/468] Processing PO: CR22040029 (1 lines)
2025-12-01 16:46:52,403 - ERROR -   ERROR Partner not found for old_code_partner: nan, partner_code: DOH001
2025-12-01 16:46:52,409 - INFO - [36/468] Processing PO: CR22050027 (1 lines)
2025-12-01 16:46:52,573 - ERROR -   ERROR Partner not found for old_code_partner: nan, partner_code: DOH001
2025-12-01 16:46:52,578 - INFO - [37/468] Processing PO: CR22060036 (1 lines)
2025-12-01 16:46:52,748 - ERROR -   ERROR Partner not found for old_code_partner: nan, partner_code: DOH001
2025-12-01 16:46:52,750 - INFO - [38/468] Processing PO: CR22070032 (1 lines)
2025-12-01 16:46:52,908 - ERROR -   ERROR Partner not found for old_code_partner: nan, partner_code: DOH001
2025-12-01 16:46:52,913 - INFO - [39/468] Processing PO: CR22080026 (1 lines)
2025-12-01 16:46:53,083 - ERROR -   ERROR Partner not found for old_code_partner: nan, partner_code: DOH001
2025-12-01 16:46:53,088 - INFO - [40/468] Processing PO: CR22090030 (1 lines)
2025-12-01 16:46:53,261 - ERROR -   ERROR Partner not found for old_code_partner: nan, partner_code: DOH001
2025-12-01 16:46:53,264 - INFO - [41/468] Processing PO: CR22090031 (1 lines)
2025-12-01 16:46:53,434 - ERROR -   ERROR Partner not found for old_code_partner: nan, partner_code: DOH001
2025-12-01 16:46:53,436 - INFO - [42/468] Processing PO: CR22100024 (1 lines)
2025-12-01 16:46:53,582 - ERROR -   ERROR Partner not found for old_code_partner: nan, partner_code: DOH001
2025-12-01 16:46:53,584 - INFO - [43/468] Processing PO: CR22110028 (1 lines)
2025-12-01 16:46:53,764 - ERROR -   ERROR Partner not found for old_code_partner: nan, partner_code: DOH001
2025-12-01 16:46:53,768 - INFO - [44/468] Processing PO: CR23040027 (1 lines)
2025-12-01 16:46:53,920 - ERROR -   ERROR Partner not found for old_code_partner: nan, partner_code: BOO 035
2025-12-01 16:46:53,926 - INFO - [45/468] Processing PO: CR23040031 (1 lines)
2025-12-01 16:46:54,078 - ERROR -   ERROR Partner not found for old_code_partner: nan, partner_code: BOO 035
2025-12-01 16:46:54,082 - INFO - [46/468] Processing PO: CR23090039 (1 lines)
2025-12-01 16:46:54,234 - ERROR -   ERROR Partner not found for old_code_partner: nan, partner_code: BOO 035
2025-12-01 16:46:54,239 - INFO - [47/468] Processing PO: CR23110025 (1 lines)
2025-12-01 16:46:54,394 - ERROR -   ERROR Partner not found for old_code_partner: nan, partner_code: DOH001
2025-12-01 16:46:54,399 - INFO - [48/468] Processing PO: CR23120031 (1 lines)
2025-12-01 16:46:54,550 - ERROR -   ERROR Partner not found for old_code_partner: nan, partner_code: DOH001
2025-12-01 16:46:54,556 - INFO - [49/468] Processing PO: CR23120049 (1 lines)
2025-12-01 16:46:54,713 - ERROR -   ERROR Partner not found for old_code_partner: nan, partner_code: BOO 035
2025-12-01 16:46:54,714 - INFO - [50/468] Processing PO: CR23120050 (1 lines)
2025-12-01 16:46:54,867 - ERROR -   ERROR Partner not found for old_code_partner: nan, partner_code: BOO 035
2025-12-01 16:46:54,872 - INFO - [51/468] Processing PO: CR24010028 (1 lines)
2025-12-01 16:46:55,026 - ERROR -   ERROR Partner not found for old_code_partner: nan, partner_code: BOO 035
2025-12-01 16:46:55,032 - INFO - [52/468] Processing PO: CR24060025 (1 lines)
2025-12-01 16:46:55,196 - ERROR -   ERROR Partner not found for old_code_partner: nan, partner_code: BOO 035
2025-12-01 16:46:55,202 - INFO - [53/468] Processing PO: CR24060026 (1 lines)
2025-12-01 16:46:55,353 - ERROR -   ERROR Partner not found for old_code_partner: nan, partner_code: BOO 035
2025-12-01 16:46:55,355 - INFO - [54/468] Processing PO: CR24070016 (1 lines)
2025-12-01 16:46:55,504 - ERROR -   ERROR Partner not found for old_code_partner: nan, partner_code: BOO 035
2025-12-01 16:46:55,509 - INFO - [55/468] Processing PO: CR24070017 (1 lines)
2025-12-01 16:46:55,661 - ERROR -   ERROR Partner not found for old_code_partner: nan, partner_code: BOO 035
2025-12-01 16:46:55,666 - INFO - [56/468] Processing PO: CR24070054 (1 lines)
2025-12-01 16:46:55,827 - ERROR -   ERROR Partner not found for old_code_partner: nan, partner_code: DOH001
2025-12-01 16:46:55,833 - INFO - [57/468] Processing PO: CR24070061 (1 lines)
2025-12-01 16:46:55,984 - ERROR -   ERROR Partner not found for old_code_partner: nan, partner_code: BOO 035
2025-12-01 16:46:55,990 - INFO - [58/468] Processing PO: CR24070062 (1 lines)
2025-12-01 16:46:56,140 - ERROR -   ERROR Partner not found for old_code_partner: nan, partner_code: BOO 035
2025-12-01 16:46:56,146 - INFO - [59/468] Processing PO: CR24070079 (1 lines)
2025-12-01 16:46:56,295 - ERROR -   ERROR Partner not found for old_code_partner: nan, partner_code: BOO 035
2025-12-01 16:46:56,297 - INFO - [60/468] Processing PO: CR24070080 (1 lines)
2025-12-01 16:46:56,461 - ERROR -   ERROR Partner not found for old_code_partner: nan, partner_code: BOO 035
2025-12-01 16:46:56,466 - INFO - [61/468] Processing PO: CR24080023 (1 lines)
2025-12-01 16:46:56,634 - ERROR -   ERROR Partner not found for old_code_partner: nan, partner_code: BOO 035
2025-12-01 16:46:56,639 - INFO - [62/468] Processing PO: CR24080025 (1 lines)
2025-12-01 16:46:56,796 - ERROR -   ERROR Partner not found for old_code_partner: nan, partner_code: BOO 035
2025-12-01 16:46:56,801 - INFO - [63/468] Processing PO: CR24080026 (1 lines)
2025-12-01 16:46:56,965 - ERROR -   ERROR Partner not found for old_code_partner: nan, partner_code: BOO 035
2025-12-01 16:46:56,971 - INFO - [64/468] Processing PO: CR24080071 (1 lines)
2025-12-01 16:46:57,132 - ERROR -   ERROR Partner not found for old_code_partner: nan, partner_code: BOO 035
2025-12-01 16:46:57,138 - INFO - [65/468] Processing PO: CR24090001 (1 lines)
2025-12-01 16:46:57,297 - ERROR -   ERROR Partner not found for old_code_partner: nan, partner_code: BOO 035
2025-12-01 16:46:57,298 - INFO - [66/468] Processing PO: CR24090027 (1 lines)
2025-12-01 16:46:57,465 - ERROR -   ERROR Partner not found for old_code_partner: nan, partner_code: BOO 035
2025-12-01 16:46:57,470 - INFO - [67/468] Processing PO: CR24090028 (1 lines)
2025-12-01 16:46:57,632 - ERROR -   ERROR Partner not found for old_code_partner: nan, partner_code: BOO 035
2025-12-01 16:46:57,633 - INFO - [68/468] Processing PO: CR24090029 (1 lines)
2025-12-01 16:46:57,791 - ERROR -   ERROR Partner not found for old_code_partner: nan, partner_code: BOO 035
2025-12-01 16:46:57,796 - INFO - [69/468] Processing PO: CR24090030 (1 lines)
