2025-12-02 07:56:42,481 - INFO - Successfully connected to Odoo as apichart@mogen.co.th
2025-12-02 07:56:42,482 - INFO - 
================================================================================
2025-12-02 07:56:42,482 - INFO - Starting import from: Import_PO/Template_PO_new.xlsx
2025-12-02 07:56:42,482 - INFO - Dry-run mode: False
2025-12-02 07:56:42,483 - INFO - ================================================================================
2025-12-02 07:56:43,039 - INFO - ✓ Excel file loaded: 468 total rows
2025-12-02 07:56:43,040 - INFO - ✓ All required columns found
2025-12-02 07:56:43,049 - INFO - ✓ Found 468 purchase orders to process
2025-12-02 07:56:43,049 - INFO - --------------------------------------------------------------------------------
2025-12-02 07:56:43,051 - INFO - [1/468] Processing PO: BOEP6708018 (1 lines)
2025-12-02 07:56:43,246 - ERROR -   ✗ Partner not found for old_code_partner: IDS001, partner_code: nan
2025-12-02 07:56:43,249 - INFO - [2/468] Processing PO: BOEP6708022 (1 lines)
2025-12-02 07:56:43,461 - ERROR -   ✗ Partner not found for old_code_partner: IDS001, partner_code: nan
2025-12-02 07:56:43,463 - INFO - [3/468] Processing PO: BOEP6709022 (1 lines)
2025-12-02 07:56:43,655 - ERROR -   ✗ Partner not found for old_code_partner: IDS001, partner_code: nan
2025-12-02 07:56:43,656 - INFO - [4/468] Processing PO: BOEP6710014 (1 lines)
2025-12-02 07:56:43,864 - ERROR -   ✗ Partner not found for old_code_partner: IDS001, partner_code: nan
2025-12-02 07:56:43,866 - INFO - [5/468] Processing PO: BOEP6711019 (1 lines)
2025-12-02 07:56:44,065 - ERROR -   ✗ Partner not found for old_code_partner: IDS001, partner_code: nan
2025-12-02 07:56:44,067 - INFO - [6/468] Processing PO: BOEP6712021 (1 lines)
2025-12-02 07:56:44,273 - ERROR -   ✗ Partner not found for old_code_partner: IDS001, partner_code: nan
2025-12-02 07:56:44,274 - INFO - [7/468] Processing PO: BOEP6712024 (1 lines)
2025-12-02 07:56:44,454 - ERROR -   ✗ Partner not found for old_code_partner: IDS001, partner_code: nan
2025-12-02 07:56:44,456 - INFO - [8/468] Processing PO: BOEP6801017 (1 lines)
2025-12-02 07:56:44,957 - INFO - Using picking_type_id: คลังสินค้าสำเร็จรูป 1: Receipts (ID: 1)
2025-12-02 07:56:45,141 - INFO - PO BOEP6801017 already exists (ID: 287), updating taxes on order lines
2025-12-02 07:56:45,237 - INFO -   ✓ Updated 0 lines in PO BOEP6801017
2025-12-02 07:56:45,237 - INFO - [9/468] Processing PO: BOEP6805001 (1 lines)
2025-12-02 07:56:45,731 - INFO - Using picking_type_id: คลังสินค้าสำเร็จรูป 1: Receipts (ID: 1)
2025-12-02 07:56:45,907 - INFO - PO BOEP6805001 already exists (ID: 288), updating taxes on order lines
2025-12-02 07:56:45,998 - INFO -   ✓ Updated 0 lines in PO BOEP6805001
2025-12-02 07:56:45,999 - INFO - [10/468] Processing PO: BOEP6805002 (1 lines)
2025-12-02 07:56:46,634 - INFO - Using picking_type_id: คลังสินค้าสำเร็จรูป 1: Receipts (ID: 1)
2025-12-02 07:56:46,819 - INFO - PO BOEP6805002 already exists (ID: 289), updating taxes on order lines
2025-12-02 07:56:46,924 - INFO -   ✓ Updated 0 lines in PO BOEP6805002
2025-12-02 07:56:46,924 - INFO - [11/468] Processing PO: BOEP6805003 (1 lines)
2025-12-02 07:56:47,522 - INFO - Using picking_type_id: คลังสินค้าสำเร็จรูป 1: Receipts (ID: 1)
2025-12-02 07:56:47,701 - INFO - PO BOEP6805003 already exists (ID: 290), updating taxes on order lines
2025-12-02 07:56:47,790 - INFO -   ✓ Updated 0 lines in PO BOEP6805003
2025-12-02 07:56:47,791 - INFO - [12/468] Processing PO: BOEP6805004 (1 lines)
2025-12-02 07:56:48,308 - INFO - Using picking_type_id: คลังสินค้าสำเร็จรูป 1: Receipts (ID: 1)
2025-12-02 07:56:48,486 - INFO - PO BOEP6805004 already exists (ID: 291), updating taxes on order lines
2025-12-02 07:56:48,587 - INFO -   ✓ Updated 0 lines in PO BOEP6805004
2025-12-02 07:56:48,587 - INFO - [13/468] Processing PO: BOEP6805005 (1 lines)
2025-12-02 07:56:49,083 - INFO - Using picking_type_id: คลังสินค้าสำเร็จรูป 1: Receipts (ID: 1)
2025-12-02 07:56:49,251 - INFO - PO BOEP6805005 already exists (ID: 292), updating taxes on order lines
2025-12-02 07:56:49,332 - INFO -   ✓ Updated 0 lines in PO BOEP6805005
2025-12-02 07:56:49,333 - INFO - [14/468] Processing PO: BOEP6805006 (1 lines)
2025-12-02 07:56:50,076 - INFO - Using picking_type_id: คลังสินค้าสำเร็จรูป 1: Receipts (ID: 1)
2025-12-02 07:56:50,309 - INFO - PO BOEP6805006 already exists (ID: 293), updating taxes on order lines
2025-12-02 07:56:50,396 - INFO -   ✓ Updated 0 lines in PO BOEP6805006
2025-12-02 07:56:50,396 - INFO - [15/468] Processing PO: BOEP6805007 (1 lines)
2025-12-02 07:56:51,177 - INFO - Using picking_type_id: คลังสินค้าสำเร็จรูป 1: Receipts (ID: 1)
2025-12-02 07:56:51,358 - INFO - PO BOEP6805007 already exists (ID: 294), updating taxes on order lines
2025-12-02 07:56:51,442 - INFO -   ✓ Updated 0 lines in PO BOEP6805007
2025-12-02 07:56:51,442 - INFO - [16/468] Processing PO: BOEP6805008 (1 lines)
2025-12-02 07:56:51,931 - INFO - Using picking_type_id: คลังสินค้าสำเร็จรูป 1: Receipts (ID: 1)
2025-12-02 07:56:52,104 - INFO - PO BOEP6805008 already exists (ID: 295), updating taxes on order lines
2025-12-02 07:56:52,191 - INFO -   ✓ Updated 0 lines in PO BOEP6805008
2025-12-02 07:56:52,191 - INFO - [17/468] Processing PO: BOEP6805009 (1 lines)
2025-12-02 07:56:52,789 - INFO - Using picking_type_id: คลังสินค้าสำเร็จรูป 1: Receipts (ID: 1)
2025-12-02 07:56:52,982 - INFO - PO BOEP6805009 already exists (ID: 296), updating taxes on order lines
2025-12-02 07:56:53,076 - INFO -   ✓ Updated 0 lines in PO BOEP6805009
2025-12-02 07:56:53,077 - INFO - [18/468] Processing PO: BOEP6805010 (1 lines)
2025-12-02 07:56:53,584 - INFO - Using picking_type_id: คลังสินค้าสำเร็จรูป 1: Receipts (ID: 1)
2025-12-02 07:56:53,784 - INFO - PO BOEP6805010 already exists (ID: 297), updating taxes on order lines
2025-12-02 07:56:53,872 - INFO -   ✓ Updated 0 lines in PO BOEP6805010
2025-12-02 07:56:53,873 - INFO - [19/468] Processing PO: BOEP6805011 (1 lines)
2025-12-02 07:56:54,434 - INFO - Using picking_type_id: คลังสินค้าสำเร็จรูป 1: Receipts (ID: 1)
2025-12-02 07:56:54,633 - INFO - PO BOEP6805011 already exists (ID: 298), updating taxes on order lines
2025-12-02 07:56:54,720 - INFO -   ✓ Updated 0 lines in PO BOEP6805011
2025-12-02 07:56:54,721 - INFO - [20/468] Processing PO: BOEP6805012 (1 lines)
2025-12-02 07:56:55,203 - INFO - Using picking_type_id: คลังสินค้าสำเร็จรูป 1: Receipts (ID: 1)
2025-12-02 07:56:55,385 - INFO - PO BOEP6805012 already exists (ID: 299), updating taxes on order lines
2025-12-02 07:56:55,473 - INFO -   ✓ Updated 0 lines in PO BOEP6805012
2025-12-02 07:56:55,474 - INFO - [21/468] Processing PO: BOEP6805014 (1 lines)
2025-12-02 07:56:55,987 - INFO - Using picking_type_id: คลังสินค้าสำเร็จรูป 1: Receipts (ID: 1)
2025-12-02 07:56:56,190 - INFO - PO BOEP6805014 already exists (ID: 300), updating taxes on order lines
2025-12-02 07:56:56,279 - INFO -   ✓ Updated 0 lines in PO BOEP6805014
2025-12-02 07:56:56,284 - INFO - [22/468] Processing PO: BOEP6805015 (1 lines)
2025-12-02 07:56:56,882 - INFO - Using picking_type_id: คลังสินค้าสำเร็จรูป 1: Receipts (ID: 1)
2025-12-02 07:56:57,065 - INFO - PO BOEP6805015 already exists (ID: 301), updating taxes on order lines
2025-12-02 07:56:57,160 - INFO -   ✓ Updated 0 lines in PO BOEP6805015
2025-12-02 07:56:57,160 - INFO - [23/468] Processing PO: BOEP6805016 (1 lines)
2025-12-02 07:56:57,638 - INFO - Using picking_type_id: คลังสินค้าสำเร็จรูป 1: Receipts (ID: 1)
2025-12-02 07:56:57,817 - INFO - PO BOEP6805016 already exists (ID: 302), updating taxes on order lines
2025-12-02 07:56:57,917 - INFO -   ✓ Updated 0 lines in PO BOEP6805016
2025-12-02 07:56:57,918 - INFO - [24/468] Processing PO: BOEP6810002 (1 lines)
