2025-12-01 15:40:24,572 - INFO - Successfully connected to Odoo as apichart@mogen.co.th
2025-12-01 15:40:24,574 - INFO - 
================================================================================
2025-12-01 15:40:24,574 - INFO - Starting import from: Import_PO/Template_PO_new.xlsx
2025-12-01 15:40:24,575 - INFO - Dry-run mode: False
2025-12-01 15:40:24,576 - INFO - ================================================================================
2025-12-01 15:40:25,034 - INFO - OK Excel file loaded: 468 total rows
2025-12-01 15:40:25,035 - INFO - OK All required columns found
2025-12-01 15:40:25,048 - INFO - OK Found 468 purchase orders to process
2025-12-01 15:40:25,049 - INFO - --------------------------------------------------------------------------------
2025-12-01 15:40:25,050 - INFO - [1/468] Processing PO: BOEP6708018 (1 lines)
2025-12-01 15:40:26,156 - ERROR -   ERROR Partner not found for old_code_partner: nan, partner_code: I001
2025-12-01 15:40:26,165 - INFO - [2/468] Processing PO: BOEP6708022 (1 lines)
2025-12-01 15:40:28,255 - ERROR -   ERROR Partner not found for old_code_partner: nan, partner_code: I001
2025-12-01 15:40:28,261 - INFO - [3/468] Processing PO: BOEP6709022 (1 lines)
2025-12-01 15:40:31,199 - ERROR -   ERROR Partner not found for old_code_partner: nan, partner_code: I001
2025-12-01 15:40:31,204 - INFO - [4/468] Processing PO: BOEP6710014 (1 lines)
2025-12-01 15:40:33,486 - ERROR -   ERROR Partner not found for old_code_partner: nan, partner_code: I001
2025-12-01 15:40:33,491 - INFO - [5/468] Processing PO: BOEP6711019 (1 lines)
2025-12-01 15:40:33,659 - ERROR -   ERROR Partner not found for old_code_partner: nan, partner_code: I001
2025-12-01 15:40:33,664 - INFO - [6/468] Processing PO: BOEP6712021 (1 lines)
2025-12-01 15:40:33,834 - ERROR -   ERROR Partner not found for old_code_partner: nan, partner_code: I001
2025-12-01 15:40:33,840 - INFO - [7/468] Processing PO: BOEP6712024 (1 lines)
2025-12-01 15:40:34,002 - ERROR -   ERROR Partner not found for old_code_partner: nan, partner_code: I001
2025-12-01 15:40:34,003 - INFO - [8/468] Processing PO: BOEP6801017 (1 lines)
2025-12-01 15:40:34,195 - ERROR -   ERROR Partner not found for old_code_partner: nan, partner_code: V01507
2025-12-01 15:40:34,197 - INFO - [9/468] Processing PO: BOEP6805001 (1 lines)
2025-12-01 15:40:34,359 - ERROR -   ERROR Partner not found for old_code_partner: nan, partner_code: V01507
2025-12-01 15:40:34,362 - INFO - [10/468] Processing PO: BOEP6805002 (1 lines)
2025-12-01 15:40:34,535 - ERROR -   ERROR Partner not found for old_code_partner: nan, partner_code: V01508
2025-12-01 15:40:34,536 - INFO - [11/468] Processing PO: BOEP6805003 (1 lines)
2025-12-01 15:40:34,709 - ERROR -   ERROR Partner not found for old_code_partner: nan, partner_code: V01509
2025-12-01 15:40:34,713 - INFO - [12/468] Processing PO: BOEP6805004 (1 lines)
2025-12-01 15:40:34,886 - ERROR -   ERROR Partner not found for old_code_partner: nan, partner_code: V01510
2025-12-01 15:40:34,888 - INFO - [13/468] Processing PO: BOEP6805005 (1 lines)
2025-12-01 15:40:35,074 - ERROR -   ERROR Partner not found for old_code_partner: nan, partner_code: V01511
2025-12-01 15:40:35,076 - INFO - [14/468] Processing PO: BOEP6805006 (1 lines)
2025-12-01 15:40:35,263 - ERROR -   ERROR Partner not found for old_code_partner: nan, partner_code: V01512
2025-12-01 15:40:35,269 - INFO - [15/468] Processing PO: BOEP6805007 (1 lines)
2025-12-01 15:40:35,453 - ERROR -   ERROR Partner not found for old_code_partner: nan, partner_code: V01513
2025-12-01 15:40:35,455 - INFO - [16/468] Processing PO: BOEP6805008 (1 lines)
2025-12-01 15:40:35,648 - ERROR -   ERROR Partner not found for old_code_partner: nan, partner_code: V01514
2025-12-01 15:40:35,654 - INFO - [17/468] Processing PO: BOEP6805009 (1 lines)
2025-12-01 15:40:35,841 - ERROR -   ERROR Partner not found for old_code_partner: nan, partner_code: V01515
2025-12-01 15:40:35,843 - INFO - [18/468] Processing PO: BOEP6805010 (1 lines)
