2025-11-21 22:25:15,780 - INFO - Successfully connected to Odoo as apichart@mogen.co.th
2025-11-21 22:25:15,780 - INFO - 
================================================================================
2025-11-21 22:25:15,780 - INFO - Starting import from: Import_PO/Template_PO_new1.xlsx
2025-11-21 22:25:15,780 - INFO - Dry-run mode: False
2025-11-21 22:25:15,780 - INFO - ================================================================================
2025-11-21 22:25:15,941 - INFO - ✓ Excel file loaded: 8 total rows
2025-11-21 22:25:15,942 - INFO - ✓ All required columns found
2025-11-21 22:25:15,944 - INFO - ✓ Found 5 purchase orders to process
2025-11-21 22:25:15,944 - INFO - --------------------------------------------------------------------------------
2025-11-21 22:25:15,944 - INFO - [1/5] Processing PO: BPD-6700364 (2 lines)
2025-11-21 22:25:17,136 - INFO - Using picking_type_id: คลังสินค้าสำเร็จรูป 2: Receipts (ID: 61)
2025-11-21 22:25:18,054 - INFO - PO BPD-6700364 already exists (ID: 485), skipping update
2025-11-21 22:25:18,054 - INFO -   ✓ PO BPD-6700364 already exists, skipped
2025-11-21 22:25:18,054 - INFO - [2/5] Processing PO: BPD-6800308 (1 lines)
2025-11-21 22:25:18,773 - INFO - Using picking_type_id: คลังวัตถุดิบ 2: Receipts (ID: 131)
2025-11-21 22:25:20,083 - INFO - Created PO BPD-6800308 with ID 491
2025-11-21 22:25:20,084 - INFO -   ✓ Created PO BPD-6800308 with ID 491
2025-11-21 22:25:20,085 - INFO - [3/5] Processing PO: BPD-6800383 (1 lines)
2025-11-21 22:25:21,129 - INFO - Using picking_type_id: คลังวัตถุดิบ 2: Receipts (ID: 131)
2025-11-21 22:25:21,783 - INFO - PO BPD-6800383 already exists (ID: 487), skipping update
2025-11-21 22:25:21,784 - INFO -   ✓ PO BPD-6800383 already exists, skipped
2025-11-21 22:25:21,784 - INFO - [4/5] Processing PO: BPD-6800603 (3 lines)
2025-11-21 22:25:22,461 - INFO - Using picking_type_id: คลังวัตถุดิบ 2: Receipts (ID: 131)
2025-11-21 22:25:24,134 - INFO - PO BPD-6800603 already exists (ID: 488), skipping update
2025-11-21 22:25:24,134 - INFO -   ✓ PO BPD-6800603 already exists, skipped
2025-11-21 22:25:24,135 - INFO - [5/5] Processing PO: BPD-6800833 (1 lines)
2025-11-21 22:25:24,935 - INFO - Using picking_type_id: คลังวัตถุดิบ 2: Receipts (ID: 131)
2025-11-21 22:25:25,475 - INFO - PO BPD-6800833 already exists (ID: 489), skipping update
2025-11-21 22:25:25,475 - INFO -   ✓ PO BPD-6800833 already exists, skipped
2025-11-21 22:25:25,475 - INFO - --------------------------------------------------------------------------------
2025-11-21 22:25:25,475 - INFO - 
================================================================================
2025-11-21 22:25:25,476 - INFO - IMPORT SUMMARY
2025-11-21 22:25:25,476 - INFO - ================================================================================
2025-11-21 22:25:25,476 - INFO - Total POs processed: 5
2025-11-21 22:25:25,476 - INFO - ✓ Successful:        5
2025-11-21 22:25:25,476 - INFO - ✗ Failed:            0
2025-11-21 22:25:25,477 - INFO - Success rate:        100.0%
2025-11-21 22:25:25,477 - INFO - ================================================================================

