2025-11-21 22:40:22,613 - INFO - Successfully connected to Odoo as apichart@mogen.co.th
2025-11-21 22:40:22,614 - INFO - 
================================================================================
2025-11-21 22:40:22,614 - INFO - Starting import from: Import_PO/Template_PO_new1.xlsx
2025-11-21 22:40:22,614 - INFO - Dry-run mode: False
2025-11-21 22:40:22,614 - INFO - ================================================================================
2025-11-21 22:40:22,804 - INFO - ✓ Excel file loaded: 8 total rows
2025-11-21 22:40:22,804 - INFO - ✓ All required columns found
2025-11-21 22:40:22,805 - INFO - ✓ Found 5 purchase orders to process
2025-11-21 22:40:22,805 - INFO - --------------------------------------------------------------------------------
2025-11-21 22:40:22,805 - INFO - [1/5] Processing PO: BPD-6700364 (2 lines)
2025-11-21 22:40:23,510 - INFO - Using picking_type_id: คลังสินค้าสำเร็จรูป 2: Receipts (ID: 61)
2025-11-21 22:40:24,102 - INFO - Found tax by amount: 0.0 -> ID 5
2025-11-21 22:40:25,102 - INFO - Found tax by amount: 0.0 -> ID 5
2025-11-21 22:40:25,102 - INFO - PO BPD-6700364 already exists (ID: 485), updating taxes on order lines
2025-11-21 22:40:26,115 - INFO -   ✓ Updated 2 lines in PO BPD-6700364
2025-11-21 22:40:26,116 - INFO - [2/5] Processing PO: BPD-6800308 (1 lines)
2025-11-21 22:40:26,939 - INFO - Using picking_type_id: คลังวัตถุดิบ 2: Receipts (ID: 131)
2025-11-21 22:40:27,741 - INFO - Found tax by amount*100: 7.000000000000001 -> ID 3
2025-11-21 22:40:27,741 - INFO - PO BPD-6800308 already exists (ID: 491), updating taxes on order lines
2025-11-21 22:40:28,328 - INFO -   ✓ Updated 1 lines in PO BPD-6800308
2025-11-21 22:40:28,329 - INFO - [3/5] Processing PO: BPD-6800383 (1 lines)
2025-11-21 22:40:29,986 - INFO - Using picking_type_id: คลังวัตถุดิบ 2: Receipts (ID: 131)
2025-11-21 22:40:30,786 - INFO - Found tax by amount*100: 7.000000000000001 -> ID 3
2025-11-21 22:40:30,786 - INFO - PO BPD-6800383 already exists (ID: 487), updating taxes on order lines
2025-11-21 22:40:31,141 - INFO -   ✓ Updated 1 lines in PO BPD-6800383
2025-11-21 22:40:31,141 - INFO - [4/5] Processing PO: BPD-6800603 (3 lines)
2025-11-21 22:40:32,209 - INFO - Using picking_type_id: คลังวัตถุดิบ 2: Receipts (ID: 131)
2025-11-21 22:40:33,191 - INFO - Found tax by amount*100: 7.000000000000001 -> ID 3
2025-11-21 22:40:33,880 - INFO - Found tax by amount*100: 7.000000000000001 -> ID 3
2025-11-21 22:40:34,531 - INFO - Found tax by amount*100: 7.000000000000001 -> ID 3
2025-11-21 22:40:34,532 - INFO - PO BPD-6800603 already exists (ID: 488), updating taxes on order lines
2025-11-21 22:40:35,126 - INFO -   ✓ Updated 3 lines in PO BPD-6800603
2025-11-21 22:40:35,127 - INFO - [5/5] Processing PO: BPD-6800833 (1 lines)
2025-11-21 22:40:36,125 - INFO - Using picking_type_id: คลังวัตถุดิบ 2: Receipts (ID: 131)
2025-11-21 22:40:37,094 - INFO - Found tax by amount*100: 7.000000000000001 -> ID 3
2025-11-21 22:40:37,095 - INFO - PO BPD-6800833 already exists (ID: 489), updating taxes on order lines
2025-11-21 22:40:37,587 - INFO -   ✓ Updated 1 lines in PO BPD-6800833
2025-11-21 22:40:37,588 - INFO - --------------------------------------------------------------------------------
2025-11-21 22:40:37,588 - INFO - 
================================================================================
2025-11-21 22:40:37,588 - INFO - IMPORT SUMMARY
2025-11-21 22:40:37,588 - INFO - ================================================================================
2025-11-21 22:40:37,588 - INFO - Total POs processed: 5
2025-11-21 22:40:37,589 - INFO - ✓ Successful:        5
2025-11-21 22:40:37,589 - INFO - ✗ Failed:            0
2025-11-21 22:40:37,589 - INFO - Success rate:        100.0%
2025-11-21 22:40:37,589 - INFO - ================================================================================

