2025-12-02 07:54:22,795 - INFO - Successfully connected to Odoo as apichart@mogen.co.th
2025-12-02 07:54:22,796 - INFO - 
================================================================================
2025-12-02 07:54:22,797 - INFO - Starting import from: Import_PO/Template_PO_new.xlsx
2025-12-02 07:54:22,798 - INFO - Dry-run mode: False
2025-12-02 07:54:22,799 - INFO - ================================================================================
2025-12-02 07:54:23,275 - INFO - ✓ Excel file loaded: 468 total rows
2025-12-02 07:54:23,275 - INFO - ✓ All required columns found
2025-12-02 07:54:23,284 - INFO - ✓ Found 468 purchase orders to process
2025-12-02 07:54:23,284 - INFO - --------------------------------------------------------------------------------
2025-12-02 07:54:23,286 - INFO - [1/468] Processing PO: BOEP6708018 (1 lines)
2025-12-02 07:54:23,591 - ERROR -   ✗ Partner not found for old_code_partner: IDS001, partner_code: nan
2025-12-02 07:54:23,595 - INFO - [2/468] Processing PO: BOEP6708022 (1 lines)
2025-12-02 07:54:23,882 - ERROR -   ✗ Partner not found for old_code_partner: IDS001, partner_code: nan
2025-12-02 07:54:23,887 - INFO - [3/468] Processing PO: BOEP6709022 (1 lines)
2025-12-02 07:54:24,100 - ERROR -   ✗ Partner not found for old_code_partner: IDS001, partner_code: nan
2025-12-02 07:54:24,103 - INFO - [4/468] Processing PO: BOEP6710014 (1 lines)
2025-12-02 07:54:24,391 - ERROR -   ✗ Partner not found for old_code_partner: IDS001, partner_code: nan
2025-12-02 07:54:24,393 - INFO - [5/468] Processing PO: BOEP6711019 (1 lines)
2025-12-02 07:54:24,608 - ERROR -   ✗ Partner not found for old_code_partner: IDS001, partner_code: nan
2025-12-02 07:54:24,610 - INFO - [6/468] Processing PO: BOEP6712021 (1 lines)
2025-12-02 07:54:24,899 - ERROR -   ✗ Partner not found for old_code_partner: IDS001, partner_code: nan
2025-12-02 07:54:24,902 - INFO - [7/468] Processing PO: BOEP6712024 (1 lines)
2025-12-02 07:54:25,097 - ERROR -   ✗ Partner not found for old_code_partner: IDS001, partner_code: nan
2025-12-02 07:54:25,099 - INFO - [8/468] Processing PO: BOEP6801017 (1 lines)
2025-12-02 07:54:25,751 - INFO - Using picking_type_id: คลังสินค้าสำเร็จรูป 1: Receipts (ID: 1)
2025-12-02 07:54:26,174 - INFO - Created PO BOEP6801017 with ID 287
2025-12-02 07:54:26,175 - INFO -   ✓ Created PO BOEP6801017 with ID 287
2025-12-02 07:54:26,175 - INFO - [9/468] Processing PO: BOEP6805001 (1 lines)
2025-12-02 07:54:26,661 - INFO - Using picking_type_id: คลังสินค้าสำเร็จรูป 1: Receipts (ID: 1)
2025-12-02 07:54:27,009 - INFO - Created PO BOEP6805001 with ID 288
2025-12-02 07:54:27,009 - INFO -   ✓ Created PO BOEP6805001 with ID 288
2025-12-02 07:54:27,010 - INFO - [10/468] Processing PO: BOEP6805002 (1 lines)
2025-12-02 07:54:27,470 - INFO - Using picking_type_id: คลังสินค้าสำเร็จรูป 1: Receipts (ID: 1)
2025-12-02 07:54:27,832 - INFO - Created PO BOEP6805002 with ID 289
2025-12-02 07:54:27,833 - INFO -   ✓ Created PO BOEP6805002 with ID 289
2025-12-02 07:54:27,833 - INFO - [11/468] Processing PO: BOEP6805003 (1 lines)
2025-12-02 07:54:28,354 - INFO - Using picking_type_id: คลังสินค้าสำเร็จรูป 1: Receipts (ID: 1)
2025-12-02 07:54:28,744 - INFO - Created PO BOEP6805003 with ID 290
2025-12-02 07:54:28,744 - INFO -   ✓ Created PO BOEP6805003 with ID 290
2025-12-02 07:54:28,744 - INFO - [12/468] Processing PO: BOEP6805004 (1 lines)
2025-12-02 07:54:29,313 - INFO - Using picking_type_id: คลังสินค้าสำเร็จรูป 1: Receipts (ID: 1)
2025-12-02 07:54:29,702 - INFO - Created PO BOEP6805004 with ID 291
2025-12-02 07:54:29,703 - INFO -   ✓ Created PO BOEP6805004 with ID 291
2025-12-02 07:54:29,703 - INFO - [13/468] Processing PO: BOEP6805005 (1 lines)
2025-12-02 07:54:30,157 - INFO - Using picking_type_id: คลังสินค้าสำเร็จรูป 1: Receipts (ID: 1)
2025-12-02 07:54:30,506 - INFO - Created PO BOEP6805005 with ID 292
2025-12-02 07:54:30,506 - INFO -   ✓ Created PO BOEP6805005 with ID 292
2025-12-02 07:54:30,507 - INFO - [14/468] Processing PO: BOEP6805006 (1 lines)
2025-12-02 07:54:31,011 - INFO - Using picking_type_id: คลังสินค้าสำเร็จรูป 1: Receipts (ID: 1)
2025-12-02 07:54:31,382 - INFO - Created PO BOEP6805006 with ID 293
2025-12-02 07:54:31,383 - INFO -   ✓ Created PO BOEP6805006 with ID 293
2025-12-02 07:54:31,384 - INFO - [15/468] Processing PO: BOEP6805007 (1 lines)
2025-12-02 07:54:31,939 - INFO - Using picking_type_id: คลังสินค้าสำเร็จรูป 1: Receipts (ID: 1)
2025-12-02 07:54:32,308 - INFO - Created PO BOEP6805007 with ID 294
2025-12-02 07:54:32,309 - INFO -   ✓ Created PO BOEP6805007 with ID 294
2025-12-02 07:54:32,309 - INFO - [16/468] Processing PO: BOEP6805008 (1 lines)
2025-12-02 07:54:32,831 - INFO - Using picking_type_id: คลังสินค้าสำเร็จรูป 1: Receipts (ID: 1)
2025-12-02 07:54:33,215 - INFO - Created PO BOEP6805008 with ID 295
2025-12-02 07:54:33,216 - INFO -   ✓ Created PO BOEP6805008 with ID 295
2025-12-02 07:54:33,217 - INFO - [17/468] Processing PO: BOEP6805009 (1 lines)
2025-12-02 07:54:33,720 - INFO - Using picking_type_id: คลังสินค้าสำเร็จรูป 1: Receipts (ID: 1)
2025-12-02 07:54:34,075 - INFO - Created PO BOEP6805009 with ID 296
2025-12-02 07:54:34,075 - INFO -   ✓ Created PO BOEP6805009 with ID 296
2025-12-02 07:54:34,076 - INFO - [18/468] Processing PO: BOEP6805010 (1 lines)
2025-12-02 07:54:34,558 - INFO - Using picking_type_id: คลังสินค้าสำเร็จรูป 1: Receipts (ID: 1)
2025-12-02 07:54:34,910 - INFO - Created PO BOEP6805010 with ID 297
2025-12-02 07:54:34,911 - INFO -   ✓ Created PO BOEP6805010 with ID 297
2025-12-02 07:54:34,913 - INFO - [19/468] Processing PO: BOEP6805011 (1 lines)
2025-12-02 07:54:35,396 - INFO - Using picking_type_id: คลังสินค้าสำเร็จรูป 1: Receipts (ID: 1)
2025-12-02 07:54:35,786 - INFO - Created PO BOEP6805011 with ID 298
2025-12-02 07:54:35,787 - INFO -   ✓ Created PO BOEP6805011 with ID 298
2025-12-02 07:54:35,787 - INFO - [20/468] Processing PO: BOEP6805012 (1 lines)
2025-12-02 07:54:36,305 - INFO - Using picking_type_id: คลังสินค้าสำเร็จรูป 1: Receipts (ID: 1)
2025-12-02 07:54:36,685 - INFO - Created PO BOEP6805012 with ID 299
2025-12-02 07:54:36,686 - INFO -   ✓ Created PO BOEP6805012 with ID 299
2025-12-02 07:54:36,686 - INFO - [21/468] Processing PO: BOEP6805014 (1 lines)
2025-12-02 07:54:37,172 - INFO - Using picking_type_id: คลังสินค้าสำเร็จรูป 1: Receipts (ID: 1)
2025-12-02 07:54:37,541 - INFO - Created PO BOEP6805014 with ID 300
2025-12-02 07:54:37,542 - INFO -   ✓ Created PO BOEP6805014 with ID 300
2025-12-02 07:54:37,542 - INFO - [22/468] Processing PO: BOEP6805015 (1 lines)
2025-12-02 07:54:38,064 - INFO - Using picking_type_id: คลังสินค้าสำเร็จรูป 1: Receipts (ID: 1)
2025-12-02 07:54:38,432 - INFO - Created PO BOEP6805015 with ID 301
2025-12-02 07:54:38,432 - INFO -   ✓ Created PO BOEP6805015 with ID 301
2025-12-02 07:54:38,433 - INFO - [23/468] Processing PO: BOEP6805016 (1 lines)
2025-12-02 07:54:38,916 - INFO - Using picking_type_id: คลังสินค้าสำเร็จรูป 1: Receipts (ID: 1)
2025-12-02 07:54:39,298 - INFO - Created PO BOEP6805016 with ID 302
2025-12-02 07:54:39,298 - INFO -   ✓ Created PO BOEP6805016 with ID 302
2025-12-02 07:54:39,298 - INFO - [24/468] Processing PO: BOEP6810002 (1 lines)
2025-12-02 07:54:39,856 - INFO - Using picking_type_id: คลังสินค้าสำเร็จรูป 1: Receipts (ID: 1)
2025-12-02 07:54:40,314 - INFO - Created PO BOEP6810002 with ID 303
2025-12-02 07:54:40,316 - INFO -   ✓ Created PO BOEP6810002 with ID 303
2025-12-02 07:54:40,317 - INFO - [25/468] Processing PO: CR18030032 (1 lines)
2025-12-02 07:54:40,865 - INFO - Using picking_type_id: คลังสินค้าสำเร็จรูป 1: Receipts (ID: 1)
2025-12-02 07:54:41,269 - INFO - Created PO CR18030032 with ID 304
2025-12-02 07:54:41,270 - INFO -   ✓ Created PO CR18030032 with ID 304
2025-12-02 07:54:41,271 - INFO - [26/468] Processing PO: CR18060039 (1 lines)
2025-12-02 07:54:41,780 - INFO - Using picking_type_id: คลังสินค้าสำเร็จรูป 1: Receipts (ID: 1)
2025-12-02 07:54:42,198 - INFO - Created PO CR18060039 with ID 305
2025-12-02 07:54:42,199 - INFO -   ✓ Created PO CR18060039 with ID 305
2025-12-02 07:54:42,200 - INFO - [27/468] Processing PO: CR18090037 (1 lines)
2025-12-02 07:54:42,692 - INFO - Using picking_type_id: คลังสินค้าสำเร็จรูป 1: Receipts (ID: 1)
2025-12-02 07:54:43,100 - INFO - Created PO CR18090037 with ID 306
2025-12-02 07:54:43,100 - INFO -   ✓ Created PO CR18090037 with ID 306
2025-12-02 07:54:43,101 - INFO - [28/468] Processing PO: CR22020024 (1 lines)
2025-12-02 07:54:43,604 - INFO - Using picking_type_id: คลังสินค้าสำเร็จรูป 1: Receipts (ID: 1)
2025-12-02 07:54:44,061 - INFO - Created PO CR22020024 with ID 307
2025-12-02 07:54:44,062 - INFO -   ✓ Created PO CR22020024 with ID 307
2025-12-02 07:54:44,062 - INFO - [29/468] Processing PO: CR22020025 (1 lines)
2025-12-02 07:54:44,569 - INFO - Using picking_type_id: คลังสินค้าสำเร็จรูป 1: Receipts (ID: 1)
2025-12-02 07:54:44,996 - INFO - Created PO CR22020025 with ID 308
2025-12-02 07:54:44,996 - INFO -   ✓ Created PO CR22020025 with ID 308
2025-12-02 07:54:44,997 - INFO - [30/468] Processing PO: CR22020026 (1 lines)
2025-12-02 07:54:45,527 - INFO - Using picking_type_id: คลังสินค้าสำเร็จรูป 1: Receipts (ID: 1)
2025-12-02 07:54:45,976 - INFO - Created PO CR22020026 with ID 309
2025-12-02 07:54:45,977 - INFO -   ✓ Created PO CR22020026 with ID 309
2025-12-02 07:54:45,977 - INFO - [31/468] Processing PO: CR22020027 (1 lines)
2025-12-02 07:54:46,519 - INFO - Using picking_type_id: คลังสินค้าสำเร็จรูป 1: Receipts (ID: 1)
2025-12-02 07:54:46,970 - INFO - Created PO CR22020027 with ID 310
2025-12-02 07:54:46,970 - INFO -   ✓ Created PO CR22020027 with ID 310
2025-12-02 07:54:46,971 - INFO - [32/468] Processing PO: CR22030035 (1 lines)
2025-12-02 07:54:47,479 - INFO - Using picking_type_id: คลังสินค้าสำเร็จรูป 1: Receipts (ID: 1)
2025-12-02 07:54:47,924 - INFO - Created PO CR22030035 with ID 311
2025-12-02 07:54:47,925 - INFO -   ✓ Created PO CR22030035 with ID 311
2025-12-02 07:54:47,927 - INFO - [33/468] Processing PO: CR22030036 (1 lines)
2025-12-02 07:54:48,432 - INFO - Using picking_type_id: คลังสินค้าสำเร็จรูป 1: Receipts (ID: 1)
2025-12-02 07:54:48,852 - INFO - Created PO CR22030036 with ID 312
2025-12-02 07:54:48,852 - INFO -   ✓ Created PO CR22030036 with ID 312
2025-12-02 07:54:48,853 - INFO - [34/468] Processing PO: CR22040028 (1 lines)
2025-12-02 07:54:49,338 - INFO - Using picking_type_id: คลังสินค้าสำเร็จรูป 1: Receipts (ID: 1)
2025-12-02 07:54:49,755 - INFO - Created PO CR22040028 with ID 313
2025-12-02 07:54:49,756 - INFO -   ✓ Created PO CR22040028 with ID 313
2025-12-02 07:54:49,756 - INFO - [35/468] Processing PO: CR22040029 (1 lines)
2025-12-02 07:54:50,238 - INFO - Using picking_type_id: คลังสินค้าสำเร็จรูป 1: Receipts (ID: 1)
2025-12-02 07:54:50,700 - INFO - Created PO CR22040029 with ID 314
2025-12-02 07:54:50,701 - INFO -   ✓ Created PO CR22040029 with ID 314
2025-12-02 07:54:50,701 - INFO - [36/468] Processing PO: CR22050027 (1 lines)
2025-12-02 07:54:51,201 - INFO - Using picking_type_id: คลังสินค้าสำเร็จรูป 1: Receipts (ID: 1)
2025-12-02 07:54:51,595 - INFO - Created PO CR22050027 with ID 315
2025-12-02 07:54:51,597 - INFO -   ✓ Created PO CR22050027 with ID 315
2025-12-02 07:54:51,598 - INFO - [37/468] Processing PO: CR22060036 (1 lines)
2025-12-02 07:54:52,097 - INFO - Using picking_type_id: คลังสินค้าสำเร็จรูป 1: Receipts (ID: 1)
2025-12-02 07:54:52,518 - INFO - Created PO CR22060036 with ID 316
2025-12-02 07:54:52,519 - INFO -   ✓ Created PO CR22060036 with ID 316
2025-12-02 07:54:52,521 - INFO - [38/468] Processing PO: CR22070032 (1 lines)
2025-12-02 07:54:53,036 - INFO - Using picking_type_id: คลังสินค้าสำเร็จรูป 1: Receipts (ID: 1)
2025-12-02 07:54:53,433 - INFO - Created PO CR22070032 with ID 317
2025-12-02 07:54:53,434 - INFO -   ✓ Created PO CR22070032 with ID 317
2025-12-02 07:54:53,436 - INFO - [39/468] Processing PO: CR22080026 (1 lines)
2025-12-02 07:54:53,930 - INFO - Using picking_type_id: คลังสินค้าสำเร็จรูป 1: Receipts (ID: 1)
2025-12-02 07:54:54,341 - INFO - Created PO CR22080026 with ID 318
2025-12-02 07:54:54,342 - INFO -   ✓ Created PO CR22080026 with ID 318
2025-12-02 07:54:54,343 - INFO - [40/468] Processing PO: CR22090030 (1 lines)
2025-12-02 07:54:54,856 - INFO - Using picking_type_id: คลังสินค้าสำเร็จรูป 1: Receipts (ID: 1)
2025-12-02 07:54:55,286 - INFO - Created PO CR22090030 with ID 319
2025-12-02 07:54:55,287 - INFO -   ✓ Created PO CR22090030 with ID 319
2025-12-02 07:54:55,287 - INFO - [41/468] Processing PO: CR22090031 (1 lines)
2025-12-02 07:54:55,808 - INFO - Using picking_type_id: คลังสินค้าสำเร็จรูป 1: Receipts (ID: 1)
2025-12-02 07:54:56,242 - INFO - Created PO CR22090031 with ID 320
2025-12-02 07:54:56,243 - INFO -   ✓ Created PO CR22090031 with ID 320
2025-12-02 07:54:56,244 - INFO - [42/468] Processing PO: CR22100024 (1 lines)
2025-12-02 07:54:56,753 - INFO - Using picking_type_id: คลังสินค้าสำเร็จรูป 1: Receipts (ID: 1)
2025-12-02 07:54:57,204 - INFO - Created PO CR22100024 with ID 321
2025-12-02 07:54:57,204 - INFO -   ✓ Created PO CR22100024 with ID 321
2025-12-02 07:54:57,205 - INFO - [43/468] Processing PO: CR22110028 (1 lines)
2025-12-02 07:54:57,731 - INFO - Using picking_type_id: คลังสินค้าสำเร็จรูป 1: Receipts (ID: 1)
2025-12-02 07:54:58,169 - INFO - Created PO CR22110028 with ID 322
2025-12-02 07:54:58,170 - INFO -   ✓ Created PO CR22110028 with ID 322
2025-12-02 07:54:58,170 - INFO - [44/468] Processing PO: CR23040027 (1 lines)
2025-12-02 07:54:58,658 - INFO - Using picking_type_id: คลังสินค้าสำเร็จรูป 1: Receipts (ID: 1)
2025-12-02 07:54:59,081 - INFO - Created PO CR23040027 with ID 323
2025-12-02 07:54:59,082 - INFO -   ✓ Created PO CR23040027 with ID 323
2025-12-02 07:54:59,082 - INFO - [45/468] Processing PO: CR23040031 (1 lines)
2025-12-02 07:54:59,609 - INFO - Using picking_type_id: คลังสินค้าสำเร็จรูป 1: Receipts (ID: 1)
2025-12-02 07:55:00,082 - INFO - Created PO CR23040031 with ID 324
2025-12-02 07:55:00,082 - INFO -   ✓ Created PO CR23040031 with ID 324
2025-12-02 07:55:00,083 - INFO - [46/468] Processing PO: CR23090039 (1 lines)
2025-12-02 07:55:00,576 - INFO - Using picking_type_id: คลังสินค้าสำเร็จรูป 1: Receipts (ID: 1)
2025-12-02 07:55:01,030 - INFO - Created PO CR23090039 with ID 325
2025-12-02 07:55:01,031 - INFO -   ✓ Created PO CR23090039 with ID 325
2025-12-02 07:55:01,031 - INFO - [47/468] Processing PO: CR23110025 (1 lines)
2025-12-02 07:55:01,547 - INFO - Using picking_type_id: คลังสินค้าสำเร็จรูป 1: Receipts (ID: 1)
2025-12-02 07:55:02,003 - INFO - Created PO CR23110025 with ID 326
2025-12-02 07:55:02,004 - INFO -   ✓ Created PO CR23110025 with ID 326
2025-12-02 07:55:02,006 - INFO - [48/468] Processing PO: CR23120031 (1 lines)
2025-12-02 07:55:02,534 - INFO - Using picking_type_id: คลังสินค้าสำเร็จรูป 1: Receipts (ID: 1)
2025-12-02 07:55:03,021 - INFO - Created PO CR23120031 with ID 327
2025-12-02 07:55:03,022 - INFO -   ✓ Created PO CR23120031 with ID 327
2025-12-02 07:55:03,023 - INFO - [49/468] Processing PO: CR23120049 (1 lines)
2025-12-02 07:55:03,552 - INFO - Using picking_type_id: คลังสินค้าสำเร็จรูป 1: Receipts (ID: 1)
2025-12-02 07:55:04,025 - INFO - Created PO CR23120049 with ID 328
2025-12-02 07:55:04,026 - INFO -   ✓ Created PO CR23120049 with ID 328
2025-12-02 07:55:04,028 - INFO - [50/468] Processing PO: CR23120050 (1 lines)
2025-12-02 07:55:04,530 - INFO - Using picking_type_id: คลังสินค้าสำเร็จรูป 1: Receipts (ID: 1)
2025-12-02 07:55:04,978 - INFO - Created PO CR23120050 with ID 329
2025-12-02 07:55:04,978 - INFO -   ✓ Created PO CR23120050 with ID 329
2025-12-02 07:55:04,979 - INFO - [51/468] Processing PO: CR24010028 (1 lines)
2025-12-02 07:55:05,564 - INFO - Using picking_type_id: คลังสินค้าสำเร็จรูป 1: Receipts (ID: 1)
2025-12-02 07:55:06,023 - INFO - Created PO CR24010028 with ID 330
2025-12-02 07:55:06,024 - INFO -   ✓ Created PO CR24010028 with ID 330
2025-12-02 07:55:06,024 - INFO - [52/468] Processing PO: CR24060025 (1 lines)
2025-12-02 07:55:06,546 - INFO - Using picking_type_id: คลังสินค้าสำเร็จรูป 1: Receipts (ID: 1)
2025-12-02 07:55:06,981 - INFO - Created PO CR24060025 with ID 331
2025-12-02 07:55:06,982 - INFO -   ✓ Created PO CR24060025 with ID 331
2025-12-02 07:55:06,983 - INFO - [53/468] Processing PO: CR24060026 (1 lines)
2025-12-02 07:55:07,506 - INFO - Using picking_type_id: คลังสินค้าสำเร็จรูป 1: Receipts (ID: 1)
2025-12-02 07:55:07,922 - INFO - Created PO CR24060026 with ID 332
2025-12-02 07:55:07,922 - INFO -   ✓ Created PO CR24060026 with ID 332
2025-12-02 07:55:07,923 - INFO - [54/468] Processing PO: CR24070016 (1 lines)
2025-12-02 07:55:08,441 - INFO - Using picking_type_id: คลังสินค้าสำเร็จรูป 1: Receipts (ID: 1)
2025-12-02 07:55:08,931 - INFO - Created PO CR24070016 with ID 333
2025-12-02 07:55:08,932 - INFO -   ✓ Created PO CR24070016 with ID 333
2025-12-02 07:55:08,932 - INFO - [55/468] Processing PO: CR24070017 (1 lines)
2025-12-02 07:55:09,483 - INFO - Using picking_type_id: คลังสินค้าสำเร็จรูป 1: Receipts (ID: 1)
2025-12-02 07:55:09,984 - INFO - Created PO CR24070017 with ID 334
2025-12-02 07:55:09,984 - INFO -   ✓ Created PO CR24070017 with ID 334
2025-12-02 07:55:09,985 - INFO - [56/468] Processing PO: CR24070054 (1 lines)
2025-12-02 07:55:10,499 - INFO - Using picking_type_id: คลังสินค้าสำเร็จรูป 1: Receipts (ID: 1)
2025-12-02 07:55:10,987 - INFO - Created PO CR24070054 with ID 335
2025-12-02 07:55:10,988 - INFO -   ✓ Created PO CR24070054 with ID 335
2025-12-02 07:55:10,989 - INFO - [57/468] Processing PO: CR24070061 (1 lines)
2025-12-02 07:55:11,492 - INFO - Using picking_type_id: คลังสินค้าสำเร็จรูป 1: Receipts (ID: 1)
2025-12-02 07:55:11,910 - INFO - Created PO CR24070061 with ID 336
2025-12-02 07:55:11,910 - INFO -   ✓ Created PO CR24070061 with ID 336
2025-12-02 07:55:11,910 - INFO - [58/468] Processing PO: CR24070062 (1 lines)
2025-12-02 07:55:12,418 - INFO - Using picking_type_id: คลังสินค้าสำเร็จรูป 1: Receipts (ID: 1)
2025-12-02 07:55:12,833 - INFO - Created PO CR24070062 with ID 337
2025-12-02 07:55:12,834 - INFO -   ✓ Created PO CR24070062 with ID 337
2025-12-02 07:55:12,834 - INFO - [59/468] Processing PO: CR24070079 (1 lines)
2025-12-02 07:55:13,336 - INFO - Using picking_type_id: คลังสินค้าสำเร็จรูป 1: Receipts (ID: 1)
2025-12-02 07:55:13,776 - INFO - Created PO CR24070079 with ID 338
2025-12-02 07:55:13,776 - INFO -   ✓ Created PO CR24070079 with ID 338
2025-12-02 07:55:13,776 - INFO - [60/468] Processing PO: CR24070080 (1 lines)
2025-12-02 07:55:14,280 - INFO - Using picking_type_id: คลังสินค้าสำเร็จรูป 1: Receipts (ID: 1)
2025-12-02 07:55:14,727 - INFO - Created PO CR24070080 with ID 339
2025-12-02 07:55:14,727 - INFO -   ✓ Created PO CR24070080 with ID 339
2025-12-02 07:55:14,727 - INFO - [61/468] Processing PO: CR24080023 (1 lines)
2025-12-02 07:55:15,205 - INFO - Using picking_type_id: คลังสินค้าสำเร็จรูป 1: Receipts (ID: 1)
2025-12-02 07:55:15,683 - INFO - Created PO CR24080023 with ID 340
2025-12-02 07:55:15,683 - INFO -   ✓ Created PO CR24080023 with ID 340
2025-12-02 07:55:15,684 - INFO - [62/468] Processing PO: CR24080025 (1 lines)
2025-12-02 07:55:16,188 - INFO - Using picking_type_id: คลังสินค้าสำเร็จรูป 1: Receipts (ID: 1)
2025-12-02 07:55:16,609 - INFO - Created PO CR24080025 with ID 341
2025-12-02 07:55:16,609 - INFO -   ✓ Created PO CR24080025 with ID 341
2025-12-02 07:55:16,609 - INFO - [63/468] Processing PO: CR24080026 (1 lines)
