2025-11-21 23:34:48,189 - INFO - Successfully connected to Odoo as apichart@mogen.co.th
2025-11-21 23:34:48,189 - INFO - 
================================================================================
2025-11-21 23:34:48,189 - INFO - Starting import from: Import_PO/Template_PO_new.xlsx
2025-11-21 23:34:48,189 - INFO - Dry-run mode: False
2025-11-21 23:34:48,189 - INFO - ================================================================================
2025-11-21 23:34:48,306 - INFO - ✓ Excel file loaded: 2 total rows
2025-11-21 23:34:48,307 - INFO - ✓ All required columns found
2025-11-21 23:34:48,309 - INFO - ✓ Found 1 purchase orders to process
2025-11-21 23:34:48,309 - INFO - --------------------------------------------------------------------------------
2025-11-21 23:34:48,310 - INFO - [1/1] Processing PO: PO-6800057 (2 lines)
2025-11-21 23:34:49,040 - INFO - Using picking_type_id: คลังสินค้าสำเร็จรูป 1: Receipts (ID: 1)
2025-11-21 23:34:49,855 - INFO - Found tax by amount*100: 7.000000000000001 -> ID 3
2025-11-21 23:34:50,465 - INFO - Found tax by amount*100: 7.000000000000001 -> ID 3
2025-11-21 23:34:50,695 - INFO - Created PO PO-6800057 with ID 125
2025-11-21 23:34:50,696 - INFO -   ✓ Created PO PO-6800057 with ID 125
2025-11-21 23:34:50,696 - INFO - --------------------------------------------------------------------------------
2025-11-21 23:34:50,696 - INFO - 
================================================================================
2025-11-21 23:34:50,696 - INFO - IMPORT SUMMARY
2025-11-21 23:34:50,696 - INFO - ================================================================================
2025-11-21 23:34:50,696 - INFO - Total POs processed: 1
2025-11-21 23:34:50,696 - INFO - ✓ Successful:        1
2025-11-21 23:34:50,697 - INFO - ✗ Failed:            0
2025-11-21 23:34:50,697 - INFO - Success rate:        100.0%
2025-11-21 23:34:50,697 - INFO - ================================================================================

